[2024-07-01T10:47:16.221+0000] {local_task_job_runner.py:120} INFO - ::group::Pre task execution logs
[2024-07-01T10:47:16.302+0000] {taskinstance.py:2076} INFO - Dependencies all met for dep_context=non-requeueable deps ti=<TaskInstance: dag_northwind.extract_postgres scheduled__2024-05-09T00:00:00+00:00 [queued]>
[2024-07-01T10:47:16.322+0000] {taskinstance.py:2076} INFO - Dependencies all met for dep_context=requeueable deps ti=<TaskInstance: dag_northwind.extract_postgres scheduled__2024-05-09T00:00:00+00:00 [queued]>
[2024-07-01T10:47:16.323+0000] {taskinstance.py:2306} INFO - Starting attempt 2 of 2
[2024-07-01T10:47:16.504+0000] {taskinstance.py:2330} INFO - Executing <Task(BashOperator): extract_postgres> on 2024-05-09 00:00:00+00:00
[2024-07-01T10:47:16.521+0000] {standard_task_runner.py:90} INFO - Running: ['airflow', 'tasks', 'run', 'dag_northwind', 'extract_postgres', 'scheduled__2024-05-09T00:00:00+00:00', '--job-id', '1423', '--raw', '--subdir', 'DAGS_FOLDER/dag_northwind.py', '--cfg-path', '/tmp/tmpg0opjoz4']
[2024-07-01T10:47:16.537+0000] {standard_task_runner.py:91} INFO - Job 1423: Subtask extract_postgres
[2024-07-01T10:47:16.522+0000] {logging_mixin.py:188} WARNING - /home/airflow/.local/lib/python3.12/site-packages/airflow/task/task_runner/standard_task_runner.py:61 DeprecationWarning: This process (pid=7578) is multi-threaded, use of fork() may lead to deadlocks in the child.
[2024-07-01T10:47:16.541+0000] {standard_task_runner.py:63} INFO - Started process 7588 to run task
[2024-07-01T10:47:16.674+0000] {task_command.py:426} INFO - Running <TaskInstance: dag_northwind.extract_postgres scheduled__2024-05-09T00:00:00+00:00 [running]> on host 85c6ea7cd9cf
[2024-07-01T10:47:16.901+0000] {taskinstance.py:2648} INFO - Exporting env vars: AIRFLOW_CTX_DAG_OWNER='airflow' AIRFLOW_CTX_DAG_ID='dag_northwind' AIRFLOW_CTX_TASK_ID='extract_postgres' AIRFLOW_CTX_EXECUTION_DATE='2024-05-09T00:00:00+00:00' AIRFLOW_CTX_TRY_NUMBER='2' AIRFLOW_CTX_DAG_RUN_ID='scheduled__2024-05-09T00:00:00+00:00'
[2024-07-01T10:47:16.906+0000] {taskinstance.py:430} INFO - ::endgroup::
[2024-07-01T10:47:16.970+0000] {subprocess.py:63} INFO - Tmp dir root location: /tmp
[2024-07-01T10:47:16.972+0000] {subprocess.py:75} INFO - Running command: ['/usr/bin/bash', '-c', 'meltano elt tap-postgres target-csv --job_id=extract_postgres_2024-05-09 && mkdir -p /data/postgres/2024-05-09 && mv /project/output/tap-postgres/*.csv /data/postgres/2024-05-09/']
[2024-07-01T10:47:17.019+0000] {subprocess.py:86} INFO - Output:
[2024-07-01T10:47:17.025+0000] {subprocess.py:93} INFO - /usr/bin/bash: line 1: meltano: command not found
[2024-07-01T10:47:17.027+0000] {subprocess.py:97} INFO - Command exited with return code 127
[2024-07-01T10:47:17.028+0000] {taskinstance.py:441} INFO - ::group::Post task execution logs
[2024-07-01T10:47:17.061+0000] {taskinstance.py:2905} ERROR - Task failed with exception
Traceback (most recent call last):
  File "/home/airflow/.local/lib/python3.12/site-packages/airflow/models/taskinstance.py", line 465, in _execute_task
    result = _execute_callable(context=context, **execute_callable_kwargs)
             ^^^^^^^^^^^^^^^^^^^^^^^^^^^^^^^^^^^^^^^^^^^^^^^^^^^^^^^^^^^^^
  File "/home/airflow/.local/lib/python3.12/site-packages/airflow/models/taskinstance.py", line 432, in _execute_callable
    return execute_callable(context=context, **execute_callable_kwargs)
           ^^^^^^^^^^^^^^^^^^^^^^^^^^^^^^^^^^^^^^^^^^^^^^^^^^^^^^^^^^^^
  File "/home/airflow/.local/lib/python3.12/site-packages/airflow/models/baseoperator.py", line 401, in wrapper
    return func(self, *args, **kwargs)
           ^^^^^^^^^^^^^^^^^^^^^^^^^^^
  File "/home/airflow/.local/lib/python3.12/site-packages/airflow/operators/bash.py", line 243, in execute
    raise AirflowException(
airflow.exceptions.AirflowException: Bash command failed. The command returned a non-zero exit code 127.
[2024-07-01T10:47:17.073+0000] {taskinstance.py:1206} INFO - Marking task as FAILED. dag_id=dag_northwind, task_id=extract_postgres, run_id=scheduled__2024-05-09T00:00:00+00:00, execution_date=20240509T000000, start_date=20240701T104716, end_date=20240701T104717
[2024-07-01T10:47:17.264+0000] {standard_task_runner.py:110} ERROR - Failed to execute job 1423 for task extract_postgres (Bash command failed. The command returned a non-zero exit code 127.; 7588)
[2024-07-01T10:47:17.326+0000] {local_task_job_runner.py:240} INFO - Task exited with return code 1
[2024-07-01T10:47:17.351+0000] {local_task_job_runner.py:222} INFO - ::endgroup::
