[2024-07-01T01:25:42.385+0000] {local_task_job_runner.py:120} INFO - ::group::Pre task execution logs
[2024-07-01T01:25:42.473+0000] {taskinstance.py:2076} INFO - Dependencies all met for dep_context=non-requeueable deps ti=<TaskInstance: dag_northwind.extract_postgres scheduled__2024-03-31T00:00:00+00:00 [queued]>
[2024-07-01T01:25:42.487+0000] {taskinstance.py:2076} INFO - Dependencies all met for dep_context=requeueable deps ti=<TaskInstance: dag_northwind.extract_postgres scheduled__2024-03-31T00:00:00+00:00 [queued]>
[2024-07-01T01:25:42.489+0000] {taskinstance.py:2306} INFO - Starting attempt 1 of 2
[2024-07-01T01:25:42.634+0000] {taskinstance.py:2330} INFO - Executing <Task(BashOperator): extract_postgres> on 2024-03-31 00:00:00+00:00
[2024-07-01T01:25:42.657+0000] {logging_mixin.py:188} WARNING - /home/airflow/.local/lib/python3.12/site-packages/airflow/task/task_runner/standard_task_runner.py:61 DeprecationWarning: This process (pid=956) is multi-threaded, use of fork() may lead to deadlocks in the child.
[2024-07-01T01:25:42.656+0000] {standard_task_runner.py:90} INFO - Running: ['airflow', 'tasks', 'run', 'dag_northwind', 'extract_postgres', 'scheduled__2024-03-31T00:00:00+00:00', '--job-id', '670', '--raw', '--subdir', 'DAGS_FOLDER/dag_northwind.py', '--cfg-path', '/tmp/tmpj4sxyecs']
[2024-07-01T01:25:42.660+0000] {standard_task_runner.py:63} INFO - Started process 971 to run task
[2024-07-01T01:25:42.667+0000] {standard_task_runner.py:91} INFO - Job 670: Subtask extract_postgres
[2024-07-01T01:25:42.787+0000] {task_command.py:426} INFO - Running <TaskInstance: dag_northwind.extract_postgres scheduled__2024-03-31T00:00:00+00:00 [running]> on host 05d913303710
[2024-07-01T01:25:42.941+0000] {taskinstance.py:2648} INFO - Exporting env vars: AIRFLOW_CTX_DAG_OWNER='airflow' AIRFLOW_CTX_DAG_ID='dag_northwind' AIRFLOW_CTX_TASK_ID='extract_postgres' AIRFLOW_CTX_EXECUTION_DATE='2024-03-31T00:00:00+00:00' AIRFLOW_CTX_TRY_NUMBER='1' AIRFLOW_CTX_DAG_RUN_ID='scheduled__2024-03-31T00:00:00+00:00'
[2024-07-01T01:25:42.942+0000] {taskinstance.py:430} INFO - ::endgroup::
[2024-07-01T01:25:42.976+0000] {subprocess.py:63} INFO - Tmp dir root location: /tmp
[2024-07-01T01:25:42.977+0000] {subprocess.py:75} INFO - Running command: ['/usr/bin/bash', '-c', 'meltano elt tap-postgres target-csv --job_id=extract_postgres_2024-03-31 && mkdir -p /data/postgres/2024-03-31 && mv /project/output/tap-postgres/*.csv /data/postgres/2024-03-31/']
[2024-07-01T01:25:43.003+0000] {subprocess.py:86} INFO - Output:
[2024-07-01T01:25:43.007+0000] {subprocess.py:93} INFO - /usr/bin/bash: line 1: meltano: command not found
[2024-07-01T01:25:43.008+0000] {subprocess.py:97} INFO - Command exited with return code 127
[2024-07-01T01:25:43.010+0000] {taskinstance.py:441} INFO - ::group::Post task execution logs
[2024-07-01T01:25:43.033+0000] {taskinstance.py:2905} ERROR - Task failed with exception
Traceback (most recent call last):
  File "/home/airflow/.local/lib/python3.12/site-packages/airflow/models/taskinstance.py", line 465, in _execute_task
    result = _execute_callable(context=context, **execute_callable_kwargs)
             ^^^^^^^^^^^^^^^^^^^^^^^^^^^^^^^^^^^^^^^^^^^^^^^^^^^^^^^^^^^^^
  File "/home/airflow/.local/lib/python3.12/site-packages/airflow/models/taskinstance.py", line 432, in _execute_callable
    return execute_callable(context=context, **execute_callable_kwargs)
           ^^^^^^^^^^^^^^^^^^^^^^^^^^^^^^^^^^^^^^^^^^^^^^^^^^^^^^^^^^^^
  File "/home/airflow/.local/lib/python3.12/site-packages/airflow/models/baseoperator.py", line 401, in wrapper
    return func(self, *args, **kwargs)
           ^^^^^^^^^^^^^^^^^^^^^^^^^^^
  File "/home/airflow/.local/lib/python3.12/site-packages/airflow/operators/bash.py", line 243, in execute
    raise AirflowException(
airflow.exceptions.AirflowException: Bash command failed. The command returned a non-zero exit code 127.
[2024-07-01T01:25:43.044+0000] {taskinstance.py:1206} INFO - Marking task as UP_FOR_RETRY. dag_id=dag_northwind, task_id=extract_postgres, run_id=scheduled__2024-03-31T00:00:00+00:00, execution_date=20240331T000000, start_date=20240701T012542, end_date=20240701T012543
[2024-07-01T01:25:43.083+0000] {standard_task_runner.py:110} ERROR - Failed to execute job 670 for task extract_postgres (Bash command failed. The command returned a non-zero exit code 127.; 971)
[2024-07-01T01:25:43.130+0000] {local_task_job_runner.py:240} INFO - Task exited with return code 1
[2024-07-01T01:25:43.180+0000] {taskinstance.py:3503} INFO - 0 downstream tasks scheduled from follow-on schedule check
[2024-07-01T01:25:43.183+0000] {local_task_job_runner.py:222} INFO - ::endgroup::
[2024-07-01T10:26:45.380+0000] {local_task_job_runner.py:120} INFO - ::group::Pre task execution logs
[2024-07-01T10:26:45.470+0000] {taskinstance.py:2076} INFO - Dependencies all met for dep_context=non-requeueable deps ti=<TaskInstance: dag_northwind.extract_postgres scheduled__2024-03-31T00:00:00+00:00 [queued]>
[2024-07-01T10:26:45.490+0000] {taskinstance.py:2076} INFO - Dependencies all met for dep_context=requeueable deps ti=<TaskInstance: dag_northwind.extract_postgres scheduled__2024-03-31T00:00:00+00:00 [queued]>
[2024-07-01T10:26:45.491+0000] {taskinstance.py:2306} INFO - Starting attempt 1 of 2
[2024-07-01T10:26:45.668+0000] {taskinstance.py:2330} INFO - Executing <Task(BashOperator): extract_postgres> on 2024-03-31 00:00:00+00:00
[2024-07-01T10:26:45.684+0000] {logging_mixin.py:188} WARNING - /home/airflow/.local/lib/python3.12/site-packages/airflow/task/task_runner/standard_task_runner.py:61 DeprecationWarning: This process (pid=6545) is multi-threaded, use of fork() may lead to deadlocks in the child.
[2024-07-01T10:26:45.687+0000] {standard_task_runner.py:63} INFO - Started process 6560 to run task
[2024-07-01T10:26:45.685+0000] {standard_task_runner.py:90} INFO - Running: ['airflow', 'tasks', 'run', 'dag_northwind', 'extract_postgres', 'scheduled__2024-03-31T00:00:00+00:00', '--job-id', '1215', '--raw', '--subdir', 'DAGS_FOLDER/dag_northwind.py', '--cfg-path', '/tmp/tmpmu1yva30']
[2024-07-01T10:26:45.690+0000] {standard_task_runner.py:91} INFO - Job 1215: Subtask extract_postgres
[2024-07-01T10:26:45.783+0000] {task_command.py:426} INFO - Running <TaskInstance: dag_northwind.extract_postgres scheduled__2024-03-31T00:00:00+00:00 [running]> on host 85c6ea7cd9cf
[2024-07-01T10:26:45.926+0000] {taskinstance.py:2648} INFO - Exporting env vars: AIRFLOW_CTX_DAG_OWNER='airflow' AIRFLOW_CTX_DAG_ID='dag_northwind' AIRFLOW_CTX_TASK_ID='extract_postgres' AIRFLOW_CTX_EXECUTION_DATE='2024-03-31T00:00:00+00:00' AIRFLOW_CTX_TRY_NUMBER='1' AIRFLOW_CTX_DAG_RUN_ID='scheduled__2024-03-31T00:00:00+00:00'
[2024-07-01T10:26:45.927+0000] {taskinstance.py:430} INFO - ::endgroup::
[2024-07-01T10:26:45.967+0000] {subprocess.py:63} INFO - Tmp dir root location: /tmp
[2024-07-01T10:26:45.968+0000] {subprocess.py:75} INFO - Running command: ['/usr/bin/bash', '-c', 'meltano elt tap-postgres target-csv --job_id=extract_postgres_2024-03-31 && mkdir -p /data/postgres/2024-03-31 && mv /project/output/tap-postgres/*.csv /data/postgres/2024-03-31/']
[2024-07-01T10:26:45.985+0000] {subprocess.py:86} INFO - Output:
[2024-07-01T10:26:45.988+0000] {subprocess.py:93} INFO - /usr/bin/bash: line 1: meltano: command not found
[2024-07-01T10:26:45.989+0000] {subprocess.py:97} INFO - Command exited with return code 127
[2024-07-01T10:26:45.990+0000] {taskinstance.py:441} INFO - ::group::Post task execution logs
[2024-07-01T10:26:46.013+0000] {taskinstance.py:2905} ERROR - Task failed with exception
Traceback (most recent call last):
  File "/home/airflow/.local/lib/python3.12/site-packages/airflow/models/taskinstance.py", line 465, in _execute_task
    result = _execute_callable(context=context, **execute_callable_kwargs)
             ^^^^^^^^^^^^^^^^^^^^^^^^^^^^^^^^^^^^^^^^^^^^^^^^^^^^^^^^^^^^^
  File "/home/airflow/.local/lib/python3.12/site-packages/airflow/models/taskinstance.py", line 432, in _execute_callable
    return execute_callable(context=context, **execute_callable_kwargs)
           ^^^^^^^^^^^^^^^^^^^^^^^^^^^^^^^^^^^^^^^^^^^^^^^^^^^^^^^^^^^^
  File "/home/airflow/.local/lib/python3.12/site-packages/airflow/models/baseoperator.py", line 401, in wrapper
    return func(self, *args, **kwargs)
           ^^^^^^^^^^^^^^^^^^^^^^^^^^^
  File "/home/airflow/.local/lib/python3.12/site-packages/airflow/operators/bash.py", line 243, in execute
    raise AirflowException(
airflow.exceptions.AirflowException: Bash command failed. The command returned a non-zero exit code 127.
[2024-07-01T10:26:46.023+0000] {taskinstance.py:1206} INFO - Marking task as UP_FOR_RETRY. dag_id=dag_northwind, task_id=extract_postgres, run_id=scheduled__2024-03-31T00:00:00+00:00, execution_date=20240331T000000, start_date=20240701T102645, end_date=20240701T102646
[2024-07-01T10:26:46.043+0000] {standard_task_runner.py:110} ERROR - Failed to execute job 1215 for task extract_postgres (Bash command failed. The command returned a non-zero exit code 127.; 6560)
[2024-07-01T10:26:46.063+0000] {local_task_job_runner.py:240} INFO - Task exited with return code 1
[2024-07-01T10:26:46.078+0000] {local_task_job_runner.py:222} INFO - ::endgroup::
