[2024-07-14T15:35:32.467+0000] {local_task_job_runner.py:120} INFO - ::group::Pre task execution logs
[2024-07-14T15:35:32.598+0000] {taskinstance.py:2076} INFO - Dependencies all met for dep_context=non-requeueable deps ti=<TaskInstance: dag_pipeline_northwind.extract_postgres_customers scheduled__2024-07-13T00:00:00+00:00 [queued]>
[2024-07-14T15:35:32.642+0000] {taskinstance.py:2076} INFO - Dependencies all met for dep_context=requeueable deps ti=<TaskInstance: dag_pipeline_northwind.extract_postgres_customers scheduled__2024-07-13T00:00:00+00:00 [queued]>
[2024-07-14T15:35:32.649+0000] {taskinstance.py:2306} INFO - Starting attempt 1 of 2
[2024-07-14T15:35:32.707+0000] {taskinstance.py:2330} INFO - Executing <Task(PythonOperator): extract_postgres_customers> on 2024-07-13 00:00:00+00:00
[2024-07-14T15:35:32.740+0000] {standard_task_runner.py:90} INFO - Running: ['airflow', 'tasks', 'run', 'dag_pipeline_northwind', 'extract_postgres_customers', 'scheduled__2024-07-13T00:00:00+00:00', '--job-id', '5656', '--raw', '--subdir', 'DAGS_FOLDER/dag_pipeline_northwind.py', '--cfg-path', '/tmp/tmp32r5w3w1']
[2024-07-14T15:35:32.748+0000] {logging_mixin.py:188} WARNING - /home/airflow/.local/lib/python3.12/site-packages/airflow/task/task_runner/standard_task_runner.py:61 DeprecationWarning: This process (pid=182) is multi-threaded, use of fork() may lead to deadlocks in the child.
[2024-07-14T15:35:32.748+0000] {standard_task_runner.py:91} INFO - Job 5656: Subtask extract_postgres_customers
[2024-07-14T15:35:32.749+0000] {standard_task_runner.py:63} INFO - Started process 196 to run task
[2024-07-14T15:35:33.070+0000] {task_command.py:426} INFO - Running <TaskInstance: dag_pipeline_northwind.extract_postgres_customers scheduled__2024-07-13T00:00:00+00:00 [running]> on host 5ef7300ef9b1
[2024-07-14T15:35:33.411+0000] {taskinstance.py:2648} INFO - Exporting env vars: AIRFLOW_CTX_DAG_OWNER='airflow' AIRFLOW_CTX_DAG_ID='dag_pipeline_northwind' AIRFLOW_CTX_TASK_ID='extract_postgres_customers' AIRFLOW_CTX_EXECUTION_DATE='2024-07-13T00:00:00+00:00' AIRFLOW_CTX_TRY_NUMBER='1' AIRFLOW_CTX_DAG_RUN_ID='scheduled__2024-07-13T00:00:00+00:00'
[2024-07-14T15:35:33.415+0000] {taskinstance.py:430} INFO - ::endgroup::
[2024-07-14T15:35:33.469+0000] {logging_mixin.py:188} INFO - Running command: meltano elt tap-postgres target-csv --transform=run --job_id=extract_postgres_customers_2024-07-13
[2024-07-14T15:35:33.480+0000] {logging_mixin.py:188} INFO - Command failed with error: Command 'meltano elt tap-postgres target-csv --transform=run --job_id=extract_postgres_customers_2024-07-13' returned non-zero exit status 127.
[2024-07-14T15:35:33.481+0000] {taskinstance.py:441} INFO - ::group::Post task execution logs
[2024-07-14T15:35:33.483+0000] {taskinstance.py:2905} ERROR - Task failed with exception
Traceback (most recent call last):
  File "/home/airflow/.local/lib/python3.12/site-packages/airflow/models/taskinstance.py", line 465, in _execute_task
    result = _execute_callable(context=context, **execute_callable_kwargs)
             ^^^^^^^^^^^^^^^^^^^^^^^^^^^^^^^^^^^^^^^^^^^^^^^^^^^^^^^^^^^^^
  File "/home/airflow/.local/lib/python3.12/site-packages/airflow/models/taskinstance.py", line 432, in _execute_callable
    return execute_callable(context=context, **execute_callable_kwargs)
           ^^^^^^^^^^^^^^^^^^^^^^^^^^^^^^^^^^^^^^^^^^^^^^^^^^^^^^^^^^^^
  File "/home/airflow/.local/lib/python3.12/site-packages/airflow/models/baseoperator.py", line 401, in wrapper
    return func(self, *args, **kwargs)
           ^^^^^^^^^^^^^^^^^^^^^^^^^^^
  File "/home/airflow/.local/lib/python3.12/site-packages/airflow/operators/python.py", line 235, in execute
    return_value = self.execute_callable()
                   ^^^^^^^^^^^^^^^^^^^^^^^
  File "/home/airflow/.local/lib/python3.12/site-packages/airflow/operators/python.py", line 252, in execute_callable
    return self.python_callable(*self.op_args, **self.op_kwargs)
           ^^^^^^^^^^^^^^^^^^^^^^^^^^^^^^^^^^^^^^^^^^^^^^^^^^^^^
  File "/opt/airflow/dags/dag_pipeline_northwind.py", line 40, in extract_postgres_table
    result = subprocess.run(extract_command, shell=True, check=True, capture_output=True, text=True)
             ^^^^^^^^^^^^^^^^^^^^^^^^^^^^^^^^^^^^^^^^^^^^^^^^^^^^^^^^^^^^^^^^^^^^^^^^^^^^^^^^^^^^^^^
  File "/usr/local/lib/python3.12/subprocess.py", line 571, in run
    raise CalledProcessError(retcode, process.args,
subprocess.CalledProcessError: Command 'meltano elt tap-postgres target-csv --transform=run --job_id=extract_postgres_customers_2024-07-13' returned non-zero exit status 127.
[2024-07-14T15:35:33.517+0000] {taskinstance.py:1206} INFO - Marking task as UP_FOR_RETRY. dag_id=dag_pipeline_northwind, task_id=extract_postgres_customers, run_id=scheduled__2024-07-13T00:00:00+00:00, execution_date=20240713T000000, start_date=20240714T153532, end_date=20240714T153533
[2024-07-14T15:35:33.568+0000] {standard_task_runner.py:110} ERROR - Failed to execute job 5656 for task extract_postgres_customers (Command 'meltano elt tap-postgres target-csv --transform=run --job_id=extract_postgres_customers_2024-07-13' returned non-zero exit status 127.; 196)
[2024-07-14T15:35:33.589+0000] {local_task_job_runner.py:240} INFO - Task exited with return code 1
[2024-07-14T15:35:33.605+0000] {local_task_job_runner.py:222} INFO - ::endgroup::
[2024-07-14T21:47:59.590+0000] {local_task_job_runner.py:120} INFO - ::group::Pre task execution logs
[2024-07-14T21:47:59.683+0000] {taskinstance.py:2076} INFO - Dependencies all met for dep_context=non-requeueable deps ti=<TaskInstance: dag_pipeline_northwind.extract_postgres_customers scheduled__2024-07-13T00:00:00+00:00 [queued]>
[2024-07-14T21:47:59.701+0000] {taskinstance.py:2076} INFO - Dependencies all met for dep_context=requeueable deps ti=<TaskInstance: dag_pipeline_northwind.extract_postgres_customers scheduled__2024-07-13T00:00:00+00:00 [queued]>
[2024-07-14T21:47:59.703+0000] {taskinstance.py:2306} INFO - Starting attempt 1 of 2
[2024-07-14T21:47:59.770+0000] {taskinstance.py:2330} INFO - Executing <Task(PythonOperator): extract_postgres_customers> on 2024-07-13 00:00:00+00:00
[2024-07-14T21:47:59.786+0000] {logging_mixin.py:188} WARNING - /home/airflow/.local/lib/python3.12/site-packages/airflow/task/task_runner/standard_task_runner.py:61 DeprecationWarning: This process (pid=339) is multi-threaded, use of fork() may lead to deadlocks in the child.
[2024-07-14T21:47:59.788+0000] {standard_task_runner.py:63} INFO - Started process 348 to run task
[2024-07-14T21:47:59.793+0000] {standard_task_runner.py:90} INFO - Running: ['airflow', 'tasks', 'run', 'dag_pipeline_northwind', 'extract_postgres_customers', 'scheduled__2024-07-13T00:00:00+00:00', '--job-id', '5737', '--raw', '--subdir', 'DAGS_FOLDER/dag_pipeline_northwind.py', '--cfg-path', '/tmp/tmpv6s05e1r']
[2024-07-14T21:47:59.798+0000] {standard_task_runner.py:91} INFO - Job 5737: Subtask extract_postgres_customers
[2024-07-14T21:47:59.949+0000] {task_command.py:426} INFO - Running <TaskInstance: dag_pipeline_northwind.extract_postgres_customers scheduled__2024-07-13T00:00:00+00:00 [running]> on host ee4b7f7f7c3e
[2024-07-14T21:48:00.189+0000] {taskinstance.py:2648} INFO - Exporting env vars: AIRFLOW_CTX_DAG_OWNER='airflow' AIRFLOW_CTX_DAG_ID='dag_pipeline_northwind' AIRFLOW_CTX_TASK_ID='extract_postgres_customers' AIRFLOW_CTX_EXECUTION_DATE='2024-07-13T00:00:00+00:00' AIRFLOW_CTX_TRY_NUMBER='1' AIRFLOW_CTX_DAG_RUN_ID='scheduled__2024-07-13T00:00:00+00:00'
[2024-07-14T21:48:00.191+0000] {taskinstance.py:430} INFO - ::endgroup::
[2024-07-14T21:48:00.231+0000] {logging_mixin.py:188} INFO - Running command: meltano elt tap-postgres target-csv --transform=run --job_id=extract_postgres_customers_2024-07-13
[2024-07-14T21:48:00.237+0000] {logging_mixin.py:188} INFO - Command failed with error: Command 'meltano elt tap-postgres target-csv --transform=run --job_id=extract_postgres_customers_2024-07-13' returned non-zero exit status 127.
[2024-07-14T21:48:00.238+0000] {taskinstance.py:441} INFO - ::group::Post task execution logs
[2024-07-14T21:48:00.240+0000] {taskinstance.py:2905} ERROR - Task failed with exception
Traceback (most recent call last):
  File "/home/airflow/.local/lib/python3.12/site-packages/airflow/models/taskinstance.py", line 465, in _execute_task
    result = _execute_callable(context=context, **execute_callable_kwargs)
             ^^^^^^^^^^^^^^^^^^^^^^^^^^^^^^^^^^^^^^^^^^^^^^^^^^^^^^^^^^^^^
  File "/home/airflow/.local/lib/python3.12/site-packages/airflow/models/taskinstance.py", line 432, in _execute_callable
    return execute_callable(context=context, **execute_callable_kwargs)
           ^^^^^^^^^^^^^^^^^^^^^^^^^^^^^^^^^^^^^^^^^^^^^^^^^^^^^^^^^^^^
  File "/home/airflow/.local/lib/python3.12/site-packages/airflow/models/baseoperator.py", line 401, in wrapper
    return func(self, *args, **kwargs)
           ^^^^^^^^^^^^^^^^^^^^^^^^^^^
  File "/home/airflow/.local/lib/python3.12/site-packages/airflow/operators/python.py", line 235, in execute
    return_value = self.execute_callable()
                   ^^^^^^^^^^^^^^^^^^^^^^^
  File "/home/airflow/.local/lib/python3.12/site-packages/airflow/operators/python.py", line 252, in execute_callable
    return self.python_callable(*self.op_args, **self.op_kwargs)
           ^^^^^^^^^^^^^^^^^^^^^^^^^^^^^^^^^^^^^^^^^^^^^^^^^^^^^
  File "/opt/airflow/dags/dag_pipeline_northwind.py", line 40, in extract_postgres_table
    result = subprocess.run(extract_command, shell=True, check=True, capture_output=True, text=True)
             ^^^^^^^^^^^^^^^^^^^^^^^^^^^^^^^^^^^^^^^^^^^^^^^^^^^^^^^^^^^^^^^^^^^^^^^^^^^^^^^^^^^^^^^
  File "/usr/local/lib/python3.12/subprocess.py", line 571, in run
    raise CalledProcessError(retcode, process.args,
subprocess.CalledProcessError: Command 'meltano elt tap-postgres target-csv --transform=run --job_id=extract_postgres_customers_2024-07-13' returned non-zero exit status 127.
[2024-07-14T21:48:00.269+0000] {taskinstance.py:1206} INFO - Marking task as UP_FOR_RETRY. dag_id=dag_pipeline_northwind, task_id=extract_postgres_customers, run_id=scheduled__2024-07-13T00:00:00+00:00, execution_date=20240713T000000, start_date=20240714T214759, end_date=20240714T214800
[2024-07-14T21:48:00.310+0000] {standard_task_runner.py:110} ERROR - Failed to execute job 5737 for task extract_postgres_customers (Command 'meltano elt tap-postgres target-csv --transform=run --job_id=extract_postgres_customers_2024-07-13' returned non-zero exit status 127.; 348)
[2024-07-14T21:48:00.339+0000] {local_task_job_runner.py:240} INFO - Task exited with return code 1
[2024-07-14T21:48:00.357+0000] {local_task_job_runner.py:222} INFO - ::endgroup::
