[2024-06-30T20:58:21.774+0000] {local_task_job_runner.py:120} INFO - ::group::Pre task execution logs
[2024-06-30T20:58:21.878+0000] {taskinstance.py:2076} INFO - Dependencies all met for dep_context=non-requeueable deps ti=<TaskInstance: dag_northwind.extract_postgres scheduled__2024-01-01T00:00:00+00:00 [queued]>
[2024-06-30T20:58:21.899+0000] {taskinstance.py:2076} INFO - Dependencies all met for dep_context=requeueable deps ti=<TaskInstance: dag_northwind.extract_postgres scheduled__2024-01-01T00:00:00+00:00 [queued]>
[2024-06-30T20:58:21.906+0000] {taskinstance.py:2306} INFO - Starting attempt 2 of 2
[2024-06-30T20:58:22.090+0000] {taskinstance.py:2330} INFO - Executing <Task(BashOperator): extract_postgres> on 2024-01-01 00:00:00+00:00
[2024-06-30T20:58:22.128+0000] {standard_task_runner.py:90} INFO - Running: ['airflow', 'tasks', 'run', 'dag_northwind', 'extract_postgres', 'scheduled__2024-01-01T00:00:00+00:00', '--job-id', '413', '--raw', '--subdir', 'DAGS_FOLDER/dag_northwind.py', '--cfg-path', '/tmp/tmpjc7mi35r']
[2024-06-30T20:58:22.132+0000] {standard_task_runner.py:91} INFO - Job 413: Subtask extract_postgres
[2024-06-30T20:58:22.138+0000] {logging_mixin.py:188} WARNING - /home/airflow/.local/lib/python3.12/site-packages/airflow/task/task_runner/standard_task_runner.py:61 DeprecationWarning: This process (pid=681) is multi-threaded, use of fork() may lead to deadlocks in the child.
[2024-06-30T20:58:22.140+0000] {standard_task_runner.py:63} INFO - Started process 692 to run task
[2024-06-30T20:58:22.717+0000] {task_command.py:426} INFO - Running <TaskInstance: dag_northwind.extract_postgres scheduled__2024-01-01T00:00:00+00:00 [running]> on host a7d76f00647b
[2024-06-30T20:58:25.840+0000] {taskinstance.py:2648} INFO - Exporting env vars: AIRFLOW_CTX_DAG_OWNER='airflow' AIRFLOW_CTX_DAG_ID='dag_northwind' AIRFLOW_CTX_TASK_ID='extract_postgres' AIRFLOW_CTX_EXECUTION_DATE='2024-01-01T00:00:00+00:00' AIRFLOW_CTX_TRY_NUMBER='2' AIRFLOW_CTX_DAG_RUN_ID='scheduled__2024-01-01T00:00:00+00:00'
[2024-06-30T20:58:25.842+0000] {taskinstance.py:430} INFO - ::endgroup::
[2024-06-30T20:58:26.255+0000] {subprocess.py:63} INFO - Tmp dir root location: /tmp
[2024-06-30T20:58:26.256+0000] {subprocess.py:75} INFO - Running command: ['/usr/bin/bash', '-c', 'meltano elt tap-postgres target-csv --job_id=extract_postgres_2024-01-01 && mkdir -p /data/postgres/2024-01-01 && mv /project/output/tap-postgres/*.csv /data/postgres/2024-01-01/']
[2024-06-30T20:58:26.286+0000] {subprocess.py:86} INFO - Output:
[2024-06-30T20:58:26.317+0000] {subprocess.py:93} INFO - /usr/bin/bash: line 1: meltano: command not found
[2024-06-30T20:58:26.318+0000] {subprocess.py:97} INFO - Command exited with return code 127
[2024-06-30T20:58:26.320+0000] {taskinstance.py:441} INFO - ::group::Post task execution logs
[2024-06-30T20:58:26.792+0000] {taskinstance.py:2905} ERROR - Task failed with exception
Traceback (most recent call last):
  File "/home/airflow/.local/lib/python3.12/site-packages/airflow/models/taskinstance.py", line 465, in _execute_task
    result = _execute_callable(context=context, **execute_callable_kwargs)
             ^^^^^^^^^^^^^^^^^^^^^^^^^^^^^^^^^^^^^^^^^^^^^^^^^^^^^^^^^^^^^
  File "/home/airflow/.local/lib/python3.12/site-packages/airflow/models/taskinstance.py", line 432, in _execute_callable
    return execute_callable(context=context, **execute_callable_kwargs)
           ^^^^^^^^^^^^^^^^^^^^^^^^^^^^^^^^^^^^^^^^^^^^^^^^^^^^^^^^^^^^
  File "/home/airflow/.local/lib/python3.12/site-packages/airflow/models/baseoperator.py", line 401, in wrapper
    return func(self, *args, **kwargs)
           ^^^^^^^^^^^^^^^^^^^^^^^^^^^
  File "/home/airflow/.local/lib/python3.12/site-packages/airflow/operators/bash.py", line 243, in execute
    raise AirflowException(
airflow.exceptions.AirflowException: Bash command failed. The command returned a non-zero exit code 127.
[2024-06-30T20:58:27.209+0000] {taskinstance.py:1206} INFO - Marking task as FAILED. dag_id=dag_northwind, task_id=extract_postgres, run_id=scheduled__2024-01-01T00:00:00+00:00, execution_date=20240101T000000, start_date=20240630T205821, end_date=20240630T205827
[2024-06-30T20:58:27.408+0000] {standard_task_runner.py:110} ERROR - Failed to execute job 413 for task extract_postgres (Bash command failed. The command returned a non-zero exit code 127.; 692)
[2024-06-30T20:58:27.513+0000] {local_task_job_runner.py:240} INFO - Task exited with return code 1
[2024-06-30T20:58:27.612+0000] {taskinstance.py:3503} INFO - 0 downstream tasks scheduled from follow-on schedule check
[2024-06-30T20:58:27.623+0000] {local_task_job_runner.py:222} INFO - ::endgroup::
[2024-07-01T10:06:06.602+0000] {local_task_job_runner.py:120} INFO - ::group::Pre task execution logs
[2024-07-01T10:06:06.682+0000] {taskinstance.py:2076} INFO - Dependencies all met for dep_context=non-requeueable deps ti=<TaskInstance: dag_northwind.extract_postgres scheduled__2024-01-01T00:00:00+00:00 [queued]>
[2024-07-01T10:06:06.700+0000] {taskinstance.py:2076} INFO - Dependencies all met for dep_context=requeueable deps ti=<TaskInstance: dag_northwind.extract_postgres scheduled__2024-01-01T00:00:00+00:00 [queued]>
[2024-07-01T10:06:06.701+0000] {taskinstance.py:2306} INFO - Starting attempt 2 of 2
[2024-07-01T10:06:06.875+0000] {taskinstance.py:2330} INFO - Executing <Task(BashOperator): extract_postgres> on 2024-01-01 00:00:00+00:00
[2024-07-01T10:06:06.891+0000] {logging_mixin.py:188} WARNING - /home/airflow/.local/lib/python3.12/site-packages/airflow/task/task_runner/standard_task_runner.py:61 DeprecationWarning: This process (pid=5122) is multi-threaded, use of fork() may lead to deadlocks in the child.
[2024-07-01T10:06:06.893+0000] {standard_task_runner.py:63} INFO - Started process 5134 to run task
[2024-07-01T10:06:06.894+0000] {standard_task_runner.py:90} INFO - Running: ['airflow', 'tasks', 'run', 'dag_northwind', 'extract_postgres', 'scheduled__2024-01-01T00:00:00+00:00', '--job-id', '909', '--raw', '--subdir', 'DAGS_FOLDER/dag_northwind.py', '--cfg-path', '/tmp/tmpf_oc0fzb']
[2024-07-01T10:06:06.898+0000] {standard_task_runner.py:91} INFO - Job 909: Subtask extract_postgres
[2024-07-01T10:06:07.038+0000] {task_command.py:426} INFO - Running <TaskInstance: dag_northwind.extract_postgres scheduled__2024-01-01T00:00:00+00:00 [running]> on host 85c6ea7cd9cf
[2024-07-01T10:06:07.252+0000] {taskinstance.py:2648} INFO - Exporting env vars: AIRFLOW_CTX_DAG_OWNER='airflow' AIRFLOW_CTX_DAG_ID='dag_northwind' AIRFLOW_CTX_TASK_ID='extract_postgres' AIRFLOW_CTX_EXECUTION_DATE='2024-01-01T00:00:00+00:00' AIRFLOW_CTX_TRY_NUMBER='2' AIRFLOW_CTX_DAG_RUN_ID='scheduled__2024-01-01T00:00:00+00:00'
[2024-07-01T10:06:07.255+0000] {taskinstance.py:430} INFO - ::endgroup::
[2024-07-01T10:06:07.305+0000] {subprocess.py:63} INFO - Tmp dir root location: /tmp
[2024-07-01T10:06:07.307+0000] {subprocess.py:75} INFO - Running command: ['/usr/bin/bash', '-c', 'meltano elt tap-postgres target-csv --job_id=extract_postgres_2024-01-01 && mkdir -p /data/postgres/2024-01-01 && mv /project/output/tap-postgres/*.csv /data/postgres/2024-01-01/']
[2024-07-01T10:06:07.345+0000] {subprocess.py:86} INFO - Output:
[2024-07-01T10:06:07.354+0000] {subprocess.py:93} INFO - /usr/bin/bash: line 1: meltano: command not found
[2024-07-01T10:06:07.356+0000] {subprocess.py:97} INFO - Command exited with return code 127
[2024-07-01T10:06:07.358+0000] {taskinstance.py:441} INFO - ::group::Post task execution logs
[2024-07-01T10:06:07.382+0000] {taskinstance.py:2905} ERROR - Task failed with exception
Traceback (most recent call last):
  File "/home/airflow/.local/lib/python3.12/site-packages/airflow/models/taskinstance.py", line 465, in _execute_task
    result = _execute_callable(context=context, **execute_callable_kwargs)
             ^^^^^^^^^^^^^^^^^^^^^^^^^^^^^^^^^^^^^^^^^^^^^^^^^^^^^^^^^^^^^
  File "/home/airflow/.local/lib/python3.12/site-packages/airflow/models/taskinstance.py", line 432, in _execute_callable
    return execute_callable(context=context, **execute_callable_kwargs)
           ^^^^^^^^^^^^^^^^^^^^^^^^^^^^^^^^^^^^^^^^^^^^^^^^^^^^^^^^^^^^
  File "/home/airflow/.local/lib/python3.12/site-packages/airflow/models/baseoperator.py", line 401, in wrapper
    return func(self, *args, **kwargs)
           ^^^^^^^^^^^^^^^^^^^^^^^^^^^
  File "/home/airflow/.local/lib/python3.12/site-packages/airflow/operators/bash.py", line 243, in execute
    raise AirflowException(
airflow.exceptions.AirflowException: Bash command failed. The command returned a non-zero exit code 127.
[2024-07-01T10:06:07.393+0000] {taskinstance.py:1206} INFO - Marking task as FAILED. dag_id=dag_northwind, task_id=extract_postgres, run_id=scheduled__2024-01-01T00:00:00+00:00, execution_date=20240101T000000, start_date=20240701T100606, end_date=20240701T100607
[2024-07-01T10:06:07.434+0000] {standard_task_runner.py:110} ERROR - Failed to execute job 909 for task extract_postgres (Bash command failed. The command returned a non-zero exit code 127.; 5134)
[2024-07-01T10:06:07.478+0000] {local_task_job_runner.py:240} INFO - Task exited with return code 1
[2024-07-01T10:06:07.538+0000] {taskinstance.py:3503} INFO - 0 downstream tasks scheduled from follow-on schedule check
[2024-07-01T10:06:07.566+0000] {local_task_job_runner.py:222} INFO - ::endgroup::
