[2024-07-01T10:52:29.209+0000] {local_task_job_runner.py:120} INFO - ::group::Pre task execution logs
[2024-07-01T10:52:29.308+0000] {taskinstance.py:2076} INFO - Dependencies all met for dep_context=non-requeueable deps ti=<TaskInstance: dag_northwind.extract_csv scheduled__2024-05-28T00:00:00+00:00 [queued]>
[2024-07-01T10:52:29.331+0000] {taskinstance.py:2076} INFO - Dependencies all met for dep_context=requeueable deps ti=<TaskInstance: dag_northwind.extract_csv scheduled__2024-05-28T00:00:00+00:00 [queued]>
[2024-07-01T10:52:29.339+0000] {taskinstance.py:2306} INFO - Starting attempt 2 of 2
[2024-07-01T10:52:29.645+0000] {taskinstance.py:2330} INFO - Executing <Task(BashOperator): extract_csv> on 2024-05-28 00:00:00+00:00
[2024-07-01T10:52:29.659+0000] {logging_mixin.py:188} WARNING - /home/airflow/.local/lib/python3.12/site-packages/airflow/task/task_runner/standard_task_runner.py:61 DeprecationWarning: This process (pid=7888) is multi-threaded, use of fork() may lead to deadlocks in the child.
[2024-07-01T10:52:29.665+0000] {standard_task_runner.py:63} INFO - Started process 7902 to run task
[2024-07-01T10:52:29.677+0000] {standard_task_runner.py:90} INFO - Running: ['airflow', 'tasks', 'run', 'dag_northwind', 'extract_csv', 'scheduled__2024-05-28T00:00:00+00:00', '--job-id', '1491', '--raw', '--subdir', 'DAGS_FOLDER/dag_northwind.py', '--cfg-path', '/tmp/tmp0ms8036e']
[2024-07-01T10:52:29.681+0000] {standard_task_runner.py:91} INFO - Job 1491: Subtask extract_csv
[2024-07-01T10:52:29.803+0000] {task_command.py:426} INFO - Running <TaskInstance: dag_northwind.extract_csv scheduled__2024-05-28T00:00:00+00:00 [running]> on host 85c6ea7cd9cf
[2024-07-01T10:52:29.929+0000] {taskinstance.py:2648} INFO - Exporting env vars: AIRFLOW_CTX_DAG_OWNER='airflow' AIRFLOW_CTX_DAG_ID='dag_northwind' AIRFLOW_CTX_TASK_ID='extract_csv' AIRFLOW_CTX_EXECUTION_DATE='2024-05-28T00:00:00+00:00' AIRFLOW_CTX_TRY_NUMBER='2' AIRFLOW_CTX_DAG_RUN_ID='scheduled__2024-05-28T00:00:00+00:00'
[2024-07-01T10:52:29.930+0000] {taskinstance.py:430} INFO - ::endgroup::
[2024-07-01T10:52:29.969+0000] {subprocess.py:63} INFO - Tmp dir root location: /tmp
[2024-07-01T10:52:29.975+0000] {subprocess.py:75} INFO - Running command: ['/usr/bin/bash', '-c', 'meltano elt tap-csv target-csv --job_id=extract_csv_2024-05-28 && mkdir -p /data/csv/2024-05-28 && mv /project/output/tap-csv/*.csv /data/csv/2024-05-28/']
[2024-07-01T10:52:30.004+0000] {subprocess.py:86} INFO - Output:
[2024-07-01T10:52:30.009+0000] {subprocess.py:93} INFO - /usr/bin/bash: line 1: meltano: command not found
[2024-07-01T10:52:30.010+0000] {subprocess.py:97} INFO - Command exited with return code 127
[2024-07-01T10:52:30.011+0000] {taskinstance.py:441} INFO - ::group::Post task execution logs
[2024-07-01T10:52:30.040+0000] {taskinstance.py:2905} ERROR - Task failed with exception
Traceback (most recent call last):
  File "/home/airflow/.local/lib/python3.12/site-packages/airflow/models/taskinstance.py", line 465, in _execute_task
    result = _execute_callable(context=context, **execute_callable_kwargs)
             ^^^^^^^^^^^^^^^^^^^^^^^^^^^^^^^^^^^^^^^^^^^^^^^^^^^^^^^^^^^^^
  File "/home/airflow/.local/lib/python3.12/site-packages/airflow/models/taskinstance.py", line 432, in _execute_callable
    return execute_callable(context=context, **execute_callable_kwargs)
           ^^^^^^^^^^^^^^^^^^^^^^^^^^^^^^^^^^^^^^^^^^^^^^^^^^^^^^^^^^^^
  File "/home/airflow/.local/lib/python3.12/site-packages/airflow/models/baseoperator.py", line 401, in wrapper
    return func(self, *args, **kwargs)
           ^^^^^^^^^^^^^^^^^^^^^^^^^^^
  File "/home/airflow/.local/lib/python3.12/site-packages/airflow/operators/bash.py", line 243, in execute
    raise AirflowException(
airflow.exceptions.AirflowException: Bash command failed. The command returned a non-zero exit code 127.
[2024-07-01T10:52:30.051+0000] {taskinstance.py:1206} INFO - Marking task as FAILED. dag_id=dag_northwind, task_id=extract_csv, run_id=scheduled__2024-05-28T00:00:00+00:00, execution_date=20240528T000000, start_date=20240701T105229, end_date=20240701T105230
[2024-07-01T10:52:30.103+0000] {standard_task_runner.py:110} ERROR - Failed to execute job 1491 for task extract_csv (Bash command failed. The command returned a non-zero exit code 127.; 7902)
[2024-07-01T10:52:30.124+0000] {local_task_job_runner.py:240} INFO - Task exited with return code 1
[2024-07-01T10:52:30.153+0000] {local_task_job_runner.py:222} INFO - ::endgroup::
