[2024-07-01T01:41:08.036+0000] {local_task_job_runner.py:120} INFO - ::group::Pre task execution logs
[2024-07-01T01:41:08.095+0000] {taskinstance.py:2076} INFO - Dependencies all met for dep_context=non-requeueable deps ti=<TaskInstance: dag_northwind.extract_postgres scheduled__2024-05-11T00:00:00+00:00 [queued]>
[2024-07-01T01:41:08.108+0000] {taskinstance.py:2076} INFO - Dependencies all met for dep_context=requeueable deps ti=<TaskInstance: dag_northwind.extract_postgres scheduled__2024-05-11T00:00:00+00:00 [queued]>
[2024-07-01T01:41:08.109+0000] {taskinstance.py:2306} INFO - Starting attempt 1 of 2
[2024-07-01T01:41:08.129+0000] {taskinstance.py:2330} INFO - Executing <Task(BashOperator): extract_postgres> on 2024-05-11 00:00:00+00:00
[2024-07-01T01:41:08.140+0000] {logging_mixin.py:188} WARNING - /home/airflow/.local/lib/python3.12/site-packages/airflow/task/task_runner/standard_task_runner.py:61 DeprecationWarning: This process (pid=1824) is multi-threaded, use of fork() may lead to deadlocks in the child.
[2024-07-01T01:41:08.142+0000] {standard_task_runner.py:63} INFO - Started process 1828 to run task
[2024-07-01T01:41:08.140+0000] {standard_task_runner.py:90} INFO - Running: ['airflow', 'tasks', 'run', 'dag_northwind', 'extract_postgres', 'scheduled__2024-05-11T00:00:00+00:00', '--job-id', '847', '--raw', '--subdir', 'DAGS_FOLDER/dag_northwind.py', '--cfg-path', '/tmp/tmpeemjian9']
[2024-07-01T01:41:08.143+0000] {standard_task_runner.py:91} INFO - Job 847: Subtask extract_postgres
[2024-07-01T01:41:08.256+0000] {task_command.py:426} INFO - Running <TaskInstance: dag_northwind.extract_postgres scheduled__2024-05-11T00:00:00+00:00 [running]> on host 05d913303710
[2024-07-01T01:41:08.478+0000] {taskinstance.py:2648} INFO - Exporting env vars: AIRFLOW_CTX_DAG_OWNER='airflow' AIRFLOW_CTX_DAG_ID='dag_northwind' AIRFLOW_CTX_TASK_ID='extract_postgres' AIRFLOW_CTX_EXECUTION_DATE='2024-05-11T00:00:00+00:00' AIRFLOW_CTX_TRY_NUMBER='1' AIRFLOW_CTX_DAG_RUN_ID='scheduled__2024-05-11T00:00:00+00:00'
[2024-07-01T01:41:08.480+0000] {taskinstance.py:430} INFO - ::endgroup::
[2024-07-01T01:41:08.520+0000] {subprocess.py:63} INFO - Tmp dir root location: /tmp
[2024-07-01T01:41:08.522+0000] {subprocess.py:75} INFO - Running command: ['/usr/bin/bash', '-c', 'meltano elt tap-postgres target-csv --job_id=extract_postgres_2024-05-11 && mkdir -p /data/postgres/2024-05-11 && mv /project/output/tap-postgres/*.csv /data/postgres/2024-05-11/']
[2024-07-01T01:41:08.539+0000] {subprocess.py:86} INFO - Output:
[2024-07-01T01:41:08.543+0000] {subprocess.py:93} INFO - /usr/bin/bash: line 1: meltano: command not found
[2024-07-01T01:41:08.544+0000] {subprocess.py:97} INFO - Command exited with return code 127
[2024-07-01T01:41:08.545+0000] {taskinstance.py:441} INFO - ::group::Post task execution logs
[2024-07-01T01:41:08.567+0000] {taskinstance.py:2905} ERROR - Task failed with exception
Traceback (most recent call last):
  File "/home/airflow/.local/lib/python3.12/site-packages/airflow/models/taskinstance.py", line 465, in _execute_task
    result = _execute_callable(context=context, **execute_callable_kwargs)
             ^^^^^^^^^^^^^^^^^^^^^^^^^^^^^^^^^^^^^^^^^^^^^^^^^^^^^^^^^^^^^
  File "/home/airflow/.local/lib/python3.12/site-packages/airflow/models/taskinstance.py", line 432, in _execute_callable
    return execute_callable(context=context, **execute_callable_kwargs)
           ^^^^^^^^^^^^^^^^^^^^^^^^^^^^^^^^^^^^^^^^^^^^^^^^^^^^^^^^^^^^
  File "/home/airflow/.local/lib/python3.12/site-packages/airflow/models/baseoperator.py", line 401, in wrapper
    return func(self, *args, **kwargs)
           ^^^^^^^^^^^^^^^^^^^^^^^^^^^
  File "/home/airflow/.local/lib/python3.12/site-packages/airflow/operators/bash.py", line 243, in execute
    raise AirflowException(
airflow.exceptions.AirflowException: Bash command failed. The command returned a non-zero exit code 127.
[2024-07-01T01:41:08.579+0000] {taskinstance.py:1206} INFO - Marking task as UP_FOR_RETRY. dag_id=dag_northwind, task_id=extract_postgres, run_id=scheduled__2024-05-11T00:00:00+00:00, execution_date=20240511T000000, start_date=20240701T014108, end_date=20240701T014108
[2024-07-01T01:41:08.687+0000] {standard_task_runner.py:110} ERROR - Failed to execute job 847 for task extract_postgres (Bash command failed. The command returned a non-zero exit code 127.; 1828)
[2024-07-01T01:41:08.721+0000] {local_task_job_runner.py:240} INFO - Task exited with return code 1
[2024-07-01T01:41:08.797+0000] {taskinstance.py:3503} INFO - 0 downstream tasks scheduled from follow-on schedule check
[2024-07-01T01:41:08.802+0000] {local_task_job_runner.py:222} INFO - ::endgroup::
[2024-07-01T10:42:15.138+0000] {local_task_job_runner.py:120} INFO - ::group::Pre task execution logs
[2024-07-01T10:42:15.199+0000] {taskinstance.py:2076} INFO - Dependencies all met for dep_context=non-requeueable deps ti=<TaskInstance: dag_northwind.extract_postgres scheduled__2024-05-11T00:00:00+00:00 [queued]>
[2024-07-01T10:42:15.219+0000] {taskinstance.py:2076} INFO - Dependencies all met for dep_context=requeueable deps ti=<TaskInstance: dag_northwind.extract_postgres scheduled__2024-05-11T00:00:00+00:00 [queued]>
[2024-07-01T10:42:15.220+0000] {taskinstance.py:2306} INFO - Starting attempt 1 of 2
[2024-07-01T10:42:15.259+0000] {taskinstance.py:2330} INFO - Executing <Task(BashOperator): extract_postgres> on 2024-05-11 00:00:00+00:00
[2024-07-01T10:42:15.276+0000] {logging_mixin.py:188} WARNING - /home/airflow/.local/lib/python3.12/site-packages/airflow/task/task_runner/standard_task_runner.py:61 DeprecationWarning: This process (pid=7402) is multi-threaded, use of fork() may lead to deadlocks in the child.
[2024-07-01T10:42:15.278+0000] {standard_task_runner.py:63} INFO - Started process 7418 to run task
[2024-07-01T10:42:15.283+0000] {standard_task_runner.py:90} INFO - Running: ['airflow', 'tasks', 'run', 'dag_northwind', 'extract_postgres', 'scheduled__2024-05-11T00:00:00+00:00', '--job-id', '1393', '--raw', '--subdir', 'DAGS_FOLDER/dag_northwind.py', '--cfg-path', '/tmp/tmppy_q0u5f']
[2024-07-01T10:42:15.288+0000] {standard_task_runner.py:91} INFO - Job 1393: Subtask extract_postgres
[2024-07-01T10:42:15.405+0000] {task_command.py:426} INFO - Running <TaskInstance: dag_northwind.extract_postgres scheduled__2024-05-11T00:00:00+00:00 [running]> on host 85c6ea7cd9cf
[2024-07-01T10:42:15.638+0000] {taskinstance.py:2648} INFO - Exporting env vars: AIRFLOW_CTX_DAG_OWNER='airflow' AIRFLOW_CTX_DAG_ID='dag_northwind' AIRFLOW_CTX_TASK_ID='extract_postgres' AIRFLOW_CTX_EXECUTION_DATE='2024-05-11T00:00:00+00:00' AIRFLOW_CTX_TRY_NUMBER='1' AIRFLOW_CTX_DAG_RUN_ID='scheduled__2024-05-11T00:00:00+00:00'
[2024-07-01T10:42:15.642+0000] {taskinstance.py:430} INFO - ::endgroup::
[2024-07-01T10:42:15.675+0000] {subprocess.py:63} INFO - Tmp dir root location: /tmp
[2024-07-01T10:42:15.676+0000] {subprocess.py:75} INFO - Running command: ['/usr/bin/bash', '-c', 'meltano elt tap-postgres target-csv --job_id=extract_postgres_2024-05-11 && mkdir -p /data/postgres/2024-05-11 && mv /project/output/tap-postgres/*.csv /data/postgres/2024-05-11/']
[2024-07-01T10:42:15.693+0000] {subprocess.py:86} INFO - Output:
[2024-07-01T10:42:15.697+0000] {subprocess.py:93} INFO - /usr/bin/bash: line 1: meltano: command not found
[2024-07-01T10:42:15.698+0000] {subprocess.py:97} INFO - Command exited with return code 127
[2024-07-01T10:42:15.700+0000] {taskinstance.py:441} INFO - ::group::Post task execution logs
[2024-07-01T10:42:15.722+0000] {taskinstance.py:2905} ERROR - Task failed with exception
Traceback (most recent call last):
  File "/home/airflow/.local/lib/python3.12/site-packages/airflow/models/taskinstance.py", line 465, in _execute_task
    result = _execute_callable(context=context, **execute_callable_kwargs)
             ^^^^^^^^^^^^^^^^^^^^^^^^^^^^^^^^^^^^^^^^^^^^^^^^^^^^^^^^^^^^^
  File "/home/airflow/.local/lib/python3.12/site-packages/airflow/models/taskinstance.py", line 432, in _execute_callable
    return execute_callable(context=context, **execute_callable_kwargs)
           ^^^^^^^^^^^^^^^^^^^^^^^^^^^^^^^^^^^^^^^^^^^^^^^^^^^^^^^^^^^^
  File "/home/airflow/.local/lib/python3.12/site-packages/airflow/models/baseoperator.py", line 401, in wrapper
    return func(self, *args, **kwargs)
           ^^^^^^^^^^^^^^^^^^^^^^^^^^^
  File "/home/airflow/.local/lib/python3.12/site-packages/airflow/operators/bash.py", line 243, in execute
    raise AirflowException(
airflow.exceptions.AirflowException: Bash command failed. The command returned a non-zero exit code 127.
[2024-07-01T10:42:15.735+0000] {taskinstance.py:1206} INFO - Marking task as UP_FOR_RETRY. dag_id=dag_northwind, task_id=extract_postgres, run_id=scheduled__2024-05-11T00:00:00+00:00, execution_date=20240511T000000, start_date=20240701T104215, end_date=20240701T104215
[2024-07-01T10:42:15.765+0000] {standard_task_runner.py:110} ERROR - Failed to execute job 1393 for task extract_postgres (Bash command failed. The command returned a non-zero exit code 127.; 7418)
[2024-07-01T10:42:15.818+0000] {local_task_job_runner.py:240} INFO - Task exited with return code 1
[2024-07-01T10:42:15.841+0000] {local_task_job_runner.py:222} INFO - ::endgroup::
