[2024-07-01T01:20:30.641+0000] {local_task_job_runner.py:120} INFO - ::group::Pre task execution logs
[2024-07-01T01:20:30.724+0000] {taskinstance.py:2076} INFO - Dependencies all met for dep_context=non-requeueable deps ti=<TaskInstance: dag_northwind.extract_csv scheduled__2024-03-13T00:00:00+00:00 [queued]>
[2024-07-01T01:20:30.739+0000] {taskinstance.py:2076} INFO - Dependencies all met for dep_context=requeueable deps ti=<TaskInstance: dag_northwind.extract_csv scheduled__2024-03-13T00:00:00+00:00 [queued]>
[2024-07-01T01:20:30.740+0000] {taskinstance.py:2306} INFO - Starting attempt 1 of 2
[2024-07-01T01:20:30.871+0000] {taskinstance.py:2330} INFO - Executing <Task(BashOperator): extract_csv> on 2024-03-13 00:00:00+00:00
[2024-07-01T01:20:30.882+0000] {logging_mixin.py:188} WARNING - /home/airflow/.local/lib/python3.12/site-packages/airflow/task/task_runner/standard_task_runner.py:61 DeprecationWarning: This process (pid=633) is multi-threaded, use of fork() may lead to deadlocks in the child.
[2024-07-01T01:20:30.885+0000] {standard_task_runner.py:63} INFO - Started process 647 to run task
[2024-07-01T01:20:30.881+0000] {standard_task_runner.py:90} INFO - Running: ['airflow', 'tasks', 'run', 'dag_northwind', 'extract_csv', 'scheduled__2024-03-13T00:00:00+00:00', '--job-id', '602', '--raw', '--subdir', 'DAGS_FOLDER/dag_northwind.py', '--cfg-path', '/tmp/tmpcsb0h373']
[2024-07-01T01:20:30.886+0000] {standard_task_runner.py:91} INFO - Job 602: Subtask extract_csv
[2024-07-01T01:20:30.988+0000] {task_command.py:426} INFO - Running <TaskInstance: dag_northwind.extract_csv scheduled__2024-03-13T00:00:00+00:00 [running]> on host 05d913303710
[2024-07-01T01:20:31.128+0000] {taskinstance.py:2648} INFO - Exporting env vars: AIRFLOW_CTX_DAG_OWNER='airflow' AIRFLOW_CTX_DAG_ID='dag_northwind' AIRFLOW_CTX_TASK_ID='extract_csv' AIRFLOW_CTX_EXECUTION_DATE='2024-03-13T00:00:00+00:00' AIRFLOW_CTX_TRY_NUMBER='1' AIRFLOW_CTX_DAG_RUN_ID='scheduled__2024-03-13T00:00:00+00:00'
[2024-07-01T01:20:31.129+0000] {taskinstance.py:430} INFO - ::endgroup::
[2024-07-01T01:20:31.159+0000] {subprocess.py:63} INFO - Tmp dir root location: /tmp
[2024-07-01T01:20:31.163+0000] {subprocess.py:75} INFO - Running command: ['/usr/bin/bash', '-c', 'meltano elt tap-csv target-csv --job_id=extract_csv_2024-03-13 && mkdir -p /data/csv/2024-03-13 && mv /project/output/tap-csv/*.csv /data/csv/2024-03-13/']
[2024-07-01T01:20:31.188+0000] {subprocess.py:86} INFO - Output:
[2024-07-01T01:20:31.192+0000] {subprocess.py:93} INFO - /usr/bin/bash: line 1: meltano: command not found
[2024-07-01T01:20:31.193+0000] {subprocess.py:97} INFO - Command exited with return code 127
[2024-07-01T01:20:31.194+0000] {taskinstance.py:441} INFO - ::group::Post task execution logs
[2024-07-01T01:20:31.212+0000] {taskinstance.py:2905} ERROR - Task failed with exception
Traceback (most recent call last):
  File "/home/airflow/.local/lib/python3.12/site-packages/airflow/models/taskinstance.py", line 465, in _execute_task
    result = _execute_callable(context=context, **execute_callable_kwargs)
             ^^^^^^^^^^^^^^^^^^^^^^^^^^^^^^^^^^^^^^^^^^^^^^^^^^^^^^^^^^^^^
  File "/home/airflow/.local/lib/python3.12/site-packages/airflow/models/taskinstance.py", line 432, in _execute_callable
    return execute_callable(context=context, **execute_callable_kwargs)
           ^^^^^^^^^^^^^^^^^^^^^^^^^^^^^^^^^^^^^^^^^^^^^^^^^^^^^^^^^^^^
  File "/home/airflow/.local/lib/python3.12/site-packages/airflow/models/baseoperator.py", line 401, in wrapper
    return func(self, *args, **kwargs)
           ^^^^^^^^^^^^^^^^^^^^^^^^^^^
  File "/home/airflow/.local/lib/python3.12/site-packages/airflow/operators/bash.py", line 243, in execute
    raise AirflowException(
airflow.exceptions.AirflowException: Bash command failed. The command returned a non-zero exit code 127.
[2024-07-01T01:20:31.222+0000] {taskinstance.py:1206} INFO - Marking task as UP_FOR_RETRY. dag_id=dag_northwind, task_id=extract_csv, run_id=scheduled__2024-03-13T00:00:00+00:00, execution_date=20240313T000000, start_date=20240701T012030, end_date=20240701T012031
[2024-07-01T01:20:31.252+0000] {standard_task_runner.py:110} ERROR - Failed to execute job 602 for task extract_csv (Bash command failed. The command returned a non-zero exit code 127.; 647)
[2024-07-01T01:20:31.263+0000] {local_task_job_runner.py:240} INFO - Task exited with return code 1
[2024-07-01T01:20:31.305+0000] {taskinstance.py:3503} INFO - 0 downstream tasks scheduled from follow-on schedule check
[2024-07-01T01:20:31.307+0000] {local_task_job_runner.py:222} INFO - ::endgroup::
[2024-07-01T10:21:37.670+0000] {local_task_job_runner.py:120} INFO - ::group::Pre task execution logs
[2024-07-01T10:21:37.738+0000] {taskinstance.py:2076} INFO - Dependencies all met for dep_context=non-requeueable deps ti=<TaskInstance: dag_northwind.extract_csv scheduled__2024-03-13T00:00:00+00:00 [queued]>
[2024-07-01T10:21:37.756+0000] {taskinstance.py:2076} INFO - Dependencies all met for dep_context=requeueable deps ti=<TaskInstance: dag_northwind.extract_csv scheduled__2024-03-13T00:00:00+00:00 [queued]>
[2024-07-01T10:21:37.757+0000] {taskinstance.py:2306} INFO - Starting attempt 1 of 2
[2024-07-01T10:21:37.878+0000] {taskinstance.py:2330} INFO - Executing <Task(BashOperator): extract_csv> on 2024-03-13 00:00:00+00:00
[2024-07-01T10:21:37.891+0000] {logging_mixin.py:188} WARNING - /home/airflow/.local/lib/python3.12/site-packages/airflow/task/task_runner/standard_task_runner.py:61 DeprecationWarning: This process (pid=6218) is multi-threaded, use of fork() may lead to deadlocks in the child.
[2024-07-01T10:21:37.890+0000] {standard_task_runner.py:90} INFO - Running: ['airflow', 'tasks', 'run', 'dag_northwind', 'extract_csv', 'scheduled__2024-03-13T00:00:00+00:00', '--job-id', '1148', '--raw', '--subdir', 'DAGS_FOLDER/dag_northwind.py', '--cfg-path', '/tmp/tmpn7vff77t']
[2024-07-01T10:21:37.895+0000] {standard_task_runner.py:91} INFO - Job 1148: Subtask extract_csv
[2024-07-01T10:21:37.894+0000] {standard_task_runner.py:63} INFO - Started process 6231 to run task
[2024-07-01T10:21:37.988+0000] {task_command.py:426} INFO - Running <TaskInstance: dag_northwind.extract_csv scheduled__2024-03-13T00:00:00+00:00 [running]> on host 85c6ea7cd9cf
[2024-07-01T10:21:38.129+0000] {taskinstance.py:2648} INFO - Exporting env vars: AIRFLOW_CTX_DAG_OWNER='airflow' AIRFLOW_CTX_DAG_ID='dag_northwind' AIRFLOW_CTX_TASK_ID='extract_csv' AIRFLOW_CTX_EXECUTION_DATE='2024-03-13T00:00:00+00:00' AIRFLOW_CTX_TRY_NUMBER='1' AIRFLOW_CTX_DAG_RUN_ID='scheduled__2024-03-13T00:00:00+00:00'
[2024-07-01T10:21:38.130+0000] {taskinstance.py:430} INFO - ::endgroup::
[2024-07-01T10:21:38.154+0000] {subprocess.py:63} INFO - Tmp dir root location: /tmp
[2024-07-01T10:21:38.155+0000] {subprocess.py:75} INFO - Running command: ['/usr/bin/bash', '-c', 'meltano elt tap-csv target-csv --job_id=extract_csv_2024-03-13 && mkdir -p /data/csv/2024-03-13 && mv /project/output/tap-csv/*.csv /data/csv/2024-03-13/']
[2024-07-01T10:21:38.165+0000] {subprocess.py:86} INFO - Output:
[2024-07-01T10:21:38.168+0000] {subprocess.py:93} INFO - /usr/bin/bash: line 1: meltano: command not found
[2024-07-01T10:21:38.169+0000] {subprocess.py:97} INFO - Command exited with return code 127
[2024-07-01T10:21:38.170+0000] {taskinstance.py:441} INFO - ::group::Post task execution logs
[2024-07-01T10:21:38.187+0000] {taskinstance.py:2905} ERROR - Task failed with exception
Traceback (most recent call last):
  File "/home/airflow/.local/lib/python3.12/site-packages/airflow/models/taskinstance.py", line 465, in _execute_task
    result = _execute_callable(context=context, **execute_callable_kwargs)
             ^^^^^^^^^^^^^^^^^^^^^^^^^^^^^^^^^^^^^^^^^^^^^^^^^^^^^^^^^^^^^
  File "/home/airflow/.local/lib/python3.12/site-packages/airflow/models/taskinstance.py", line 432, in _execute_callable
    return execute_callable(context=context, **execute_callable_kwargs)
           ^^^^^^^^^^^^^^^^^^^^^^^^^^^^^^^^^^^^^^^^^^^^^^^^^^^^^^^^^^^^
  File "/home/airflow/.local/lib/python3.12/site-packages/airflow/models/baseoperator.py", line 401, in wrapper
    return func(self, *args, **kwargs)
           ^^^^^^^^^^^^^^^^^^^^^^^^^^^
  File "/home/airflow/.local/lib/python3.12/site-packages/airflow/operators/bash.py", line 243, in execute
    raise AirflowException(
airflow.exceptions.AirflowException: Bash command failed. The command returned a non-zero exit code 127.
[2024-07-01T10:21:38.199+0000] {taskinstance.py:1206} INFO - Marking task as UP_FOR_RETRY. dag_id=dag_northwind, task_id=extract_csv, run_id=scheduled__2024-03-13T00:00:00+00:00, execution_date=20240313T000000, start_date=20240701T102137, end_date=20240701T102138
[2024-07-01T10:21:38.231+0000] {standard_task_runner.py:110} ERROR - Failed to execute job 1148 for task extract_csv (Bash command failed. The command returned a non-zero exit code 127.; 6231)
[2024-07-01T10:21:38.272+0000] {local_task_job_runner.py:240} INFO - Task exited with return code 1
[2024-07-01T10:21:38.317+0000] {taskinstance.py:3503} INFO - 0 downstream tasks scheduled from follow-on schedule check
[2024-07-01T10:21:38.320+0000] {local_task_job_runner.py:222} INFO - ::endgroup::
