[2024-07-01T01:20:24.302+0000] {local_task_job_runner.py:120} INFO - ::group::Pre task execution logs
[2024-07-01T01:20:24.365+0000] {taskinstance.py:2076} INFO - Dependencies all met for dep_context=non-requeueable deps ti=<TaskInstance: dag_northwind.extract_postgres scheduled__2024-02-29T00:00:00+00:00 [queued]>
[2024-07-01T01:20:24.383+0000] {taskinstance.py:2076} INFO - Dependencies all met for dep_context=requeueable deps ti=<TaskInstance: dag_northwind.extract_postgres scheduled__2024-02-29T00:00:00+00:00 [queued]>
[2024-07-01T01:20:24.384+0000] {taskinstance.py:2306} INFO - Starting attempt 2 of 2
[2024-07-01T01:20:24.411+0000] {taskinstance.py:2330} INFO - Executing <Task(BashOperator): extract_postgres> on 2024-02-29 00:00:00+00:00
[2024-07-01T01:20:24.426+0000] {logging_mixin.py:188} WARNING - /home/airflow/.local/lib/python3.12/site-packages/airflow/task/task_runner/standard_task_runner.py:61 DeprecationWarning: This process (pid=527) is multi-threaded, use of fork() may lead to deadlocks in the child.
[2024-07-01T01:20:24.428+0000] {standard_task_runner.py:63} INFO - Started process 530 to run task
[2024-07-01T01:20:24.428+0000] {standard_task_runner.py:90} INFO - Running: ['airflow', 'tasks', 'run', 'dag_northwind', 'extract_postgres', 'scheduled__2024-02-29T00:00:00+00:00', '--job-id', '572', '--raw', '--subdir', 'DAGS_FOLDER/dag_northwind.py', '--cfg-path', '/tmp/tmp9t0b5jbn']
[2024-07-01T01:20:24.432+0000] {standard_task_runner.py:91} INFO - Job 572: Subtask extract_postgres
[2024-07-01T01:20:24.531+0000] {task_command.py:426} INFO - Running <TaskInstance: dag_northwind.extract_postgres scheduled__2024-02-29T00:00:00+00:00 [running]> on host 05d913303710
[2024-07-01T01:20:24.730+0000] {taskinstance.py:2648} INFO - Exporting env vars: AIRFLOW_CTX_DAG_OWNER='airflow' AIRFLOW_CTX_DAG_ID='dag_northwind' AIRFLOW_CTX_TASK_ID='extract_postgres' AIRFLOW_CTX_EXECUTION_DATE='2024-02-29T00:00:00+00:00' AIRFLOW_CTX_TRY_NUMBER='2' AIRFLOW_CTX_DAG_RUN_ID='scheduled__2024-02-29T00:00:00+00:00'
[2024-07-01T01:20:24.731+0000] {taskinstance.py:430} INFO - ::endgroup::
[2024-07-01T01:20:24.760+0000] {subprocess.py:63} INFO - Tmp dir root location: /tmp
[2024-07-01T01:20:24.761+0000] {subprocess.py:75} INFO - Running command: ['/usr/bin/bash', '-c', 'meltano elt tap-postgres target-csv --job_id=extract_postgres_2024-02-29 && mkdir -p /data/postgres/2024-02-29 && mv /project/output/tap-postgres/*.csv /data/postgres/2024-02-29/']
[2024-07-01T01:20:24.817+0000] {subprocess.py:86} INFO - Output:
[2024-07-01T01:20:24.819+0000] {subprocess.py:93} INFO - /usr/bin/bash: line 1: meltano: command not found
[2024-07-01T01:20:24.820+0000] {subprocess.py:97} INFO - Command exited with return code 127
[2024-07-01T01:20:24.821+0000] {taskinstance.py:441} INFO - ::group::Post task execution logs
[2024-07-01T01:20:24.837+0000] {taskinstance.py:2905} ERROR - Task failed with exception
Traceback (most recent call last):
  File "/home/airflow/.local/lib/python3.12/site-packages/airflow/models/taskinstance.py", line 465, in _execute_task
    result = _execute_callable(context=context, **execute_callable_kwargs)
             ^^^^^^^^^^^^^^^^^^^^^^^^^^^^^^^^^^^^^^^^^^^^^^^^^^^^^^^^^^^^^
  File "/home/airflow/.local/lib/python3.12/site-packages/airflow/models/taskinstance.py", line 432, in _execute_callable
    return execute_callable(context=context, **execute_callable_kwargs)
           ^^^^^^^^^^^^^^^^^^^^^^^^^^^^^^^^^^^^^^^^^^^^^^^^^^^^^^^^^^^^
  File "/home/airflow/.local/lib/python3.12/site-packages/airflow/models/baseoperator.py", line 401, in wrapper
    return func(self, *args, **kwargs)
           ^^^^^^^^^^^^^^^^^^^^^^^^^^^
  File "/home/airflow/.local/lib/python3.12/site-packages/airflow/operators/bash.py", line 243, in execute
    raise AirflowException(
airflow.exceptions.AirflowException: Bash command failed. The command returned a non-zero exit code 127.
[2024-07-01T01:20:24.844+0000] {taskinstance.py:1206} INFO - Marking task as FAILED. dag_id=dag_northwind, task_id=extract_postgres, run_id=scheduled__2024-02-29T00:00:00+00:00, execution_date=20240229T000000, start_date=20240701T012024, end_date=20240701T012024
[2024-07-01T01:20:24.868+0000] {standard_task_runner.py:110} ERROR - Failed to execute job 572 for task extract_postgres (Bash command failed. The command returned a non-zero exit code 127.; 530)
[2024-07-01T01:20:24.926+0000] {local_task_job_runner.py:240} INFO - Task exited with return code 1
[2024-07-01T01:20:24.939+0000] {local_task_job_runner.py:222} INFO - ::endgroup::
[2024-07-01T10:21:30.845+0000] {local_task_job_runner.py:120} INFO - ::group::Pre task execution logs
[2024-07-01T10:21:30.914+0000] {taskinstance.py:2076} INFO - Dependencies all met for dep_context=non-requeueable deps ti=<TaskInstance: dag_northwind.extract_postgres scheduled__2024-02-29T00:00:00+00:00 [queued]>
[2024-07-01T10:21:30.927+0000] {taskinstance.py:2076} INFO - Dependencies all met for dep_context=requeueable deps ti=<TaskInstance: dag_northwind.extract_postgres scheduled__2024-02-29T00:00:00+00:00 [queued]>
[2024-07-01T10:21:30.928+0000] {taskinstance.py:2306} INFO - Starting attempt 2 of 2
[2024-07-01T10:21:30.978+0000] {taskinstance.py:2330} INFO - Executing <Task(BashOperator): extract_postgres> on 2024-02-29 00:00:00+00:00
[2024-07-01T10:21:30.996+0000] {logging_mixin.py:188} WARNING - /home/airflow/.local/lib/python3.12/site-packages/airflow/task/task_runner/standard_task_runner.py:61 DeprecationWarning: This process (pid=6127) is multi-threaded, use of fork() may lead to deadlocks in the child.
[2024-07-01T10:21:30.994+0000] {standard_task_runner.py:90} INFO - Running: ['airflow', 'tasks', 'run', 'dag_northwind', 'extract_postgres', 'scheduled__2024-02-29T00:00:00+00:00', '--job-id', '1129', '--raw', '--subdir', 'DAGS_FOLDER/dag_northwind.py', '--cfg-path', '/tmp/tmpffwl5qu_']
[2024-07-01T10:21:30.999+0000] {standard_task_runner.py:63} INFO - Started process 6144 to run task
[2024-07-01T10:21:30.999+0000] {standard_task_runner.py:91} INFO - Job 1129: Subtask extract_postgres
[2024-07-01T10:21:31.096+0000] {task_command.py:426} INFO - Running <TaskInstance: dag_northwind.extract_postgres scheduled__2024-02-29T00:00:00+00:00 [running]> on host 85c6ea7cd9cf
[2024-07-01T10:21:31.262+0000] {taskinstance.py:2648} INFO - Exporting env vars: AIRFLOW_CTX_DAG_OWNER='airflow' AIRFLOW_CTX_DAG_ID='dag_northwind' AIRFLOW_CTX_TASK_ID='extract_postgres' AIRFLOW_CTX_EXECUTION_DATE='2024-02-29T00:00:00+00:00' AIRFLOW_CTX_TRY_NUMBER='2' AIRFLOW_CTX_DAG_RUN_ID='scheduled__2024-02-29T00:00:00+00:00'
[2024-07-01T10:21:31.264+0000] {taskinstance.py:430} INFO - ::endgroup::
[2024-07-01T10:21:31.295+0000] {subprocess.py:63} INFO - Tmp dir root location: /tmp
[2024-07-01T10:21:31.296+0000] {subprocess.py:75} INFO - Running command: ['/usr/bin/bash', '-c', 'meltano elt tap-postgres target-csv --job_id=extract_postgres_2024-02-29 && mkdir -p /data/postgres/2024-02-29 && mv /project/output/tap-postgres/*.csv /data/postgres/2024-02-29/']
[2024-07-01T10:21:31.313+0000] {subprocess.py:86} INFO - Output:
[2024-07-01T10:21:31.316+0000] {subprocess.py:93} INFO - /usr/bin/bash: line 1: meltano: command not found
[2024-07-01T10:21:31.318+0000] {subprocess.py:97} INFO - Command exited with return code 127
[2024-07-01T10:21:31.319+0000] {taskinstance.py:441} INFO - ::group::Post task execution logs
[2024-07-01T10:21:31.338+0000] {taskinstance.py:2905} ERROR - Task failed with exception
Traceback (most recent call last):
  File "/home/airflow/.local/lib/python3.12/site-packages/airflow/models/taskinstance.py", line 465, in _execute_task
    result = _execute_callable(context=context, **execute_callable_kwargs)
             ^^^^^^^^^^^^^^^^^^^^^^^^^^^^^^^^^^^^^^^^^^^^^^^^^^^^^^^^^^^^^
  File "/home/airflow/.local/lib/python3.12/site-packages/airflow/models/taskinstance.py", line 432, in _execute_callable
    return execute_callable(context=context, **execute_callable_kwargs)
           ^^^^^^^^^^^^^^^^^^^^^^^^^^^^^^^^^^^^^^^^^^^^^^^^^^^^^^^^^^^^
  File "/home/airflow/.local/lib/python3.12/site-packages/airflow/models/baseoperator.py", line 401, in wrapper
    return func(self, *args, **kwargs)
           ^^^^^^^^^^^^^^^^^^^^^^^^^^^
  File "/home/airflow/.local/lib/python3.12/site-packages/airflow/operators/bash.py", line 243, in execute
    raise AirflowException(
airflow.exceptions.AirflowException: Bash command failed. The command returned a non-zero exit code 127.
[2024-07-01T10:21:31.346+0000] {taskinstance.py:1206} INFO - Marking task as FAILED. dag_id=dag_northwind, task_id=extract_postgres, run_id=scheduled__2024-02-29T00:00:00+00:00, execution_date=20240229T000000, start_date=20240701T102130, end_date=20240701T102131
[2024-07-01T10:21:31.370+0000] {standard_task_runner.py:110} ERROR - Failed to execute job 1129 for task extract_postgres (Bash command failed. The command returned a non-zero exit code 127.; 6144)
[2024-07-01T10:21:31.419+0000] {local_task_job_runner.py:240} INFO - Task exited with return code 1
[2024-07-01T10:21:31.432+0000] {local_task_job_runner.py:222} INFO - ::endgroup::
