[2024-07-01T01:25:33.863+0000] {local_task_job_runner.py:120} INFO - ::group::Pre task execution logs
[2024-07-01T01:25:33.975+0000] {taskinstance.py:2076} INFO - Dependencies all met for dep_context=non-requeueable deps ti=<TaskInstance: dag_northwind.extract_postgres scheduled__2024-03-18T00:00:00+00:00 [queued]>
[2024-07-01T01:25:33.996+0000] {taskinstance.py:2076} INFO - Dependencies all met for dep_context=requeueable deps ti=<TaskInstance: dag_northwind.extract_postgres scheduled__2024-03-18T00:00:00+00:00 [queued]>
[2024-07-01T01:25:33.997+0000] {taskinstance.py:2306} INFO - Starting attempt 2 of 2
[2024-07-01T01:25:34.031+0000] {taskinstance.py:2330} INFO - Executing <Task(BashOperator): extract_postgres> on 2024-03-18 00:00:00+00:00
[2024-07-01T01:25:34.047+0000] {logging_mixin.py:188} WARNING - /home/airflow/.local/lib/python3.12/site-packages/airflow/task/task_runner/standard_task_runner.py:61 DeprecationWarning: This process (pid=847) is multi-threaded, use of fork() may lead to deadlocks in the child.
[2024-07-01T01:25:34.049+0000] {standard_task_runner.py:63} INFO - Started process 870 to run task
[2024-07-01T01:25:34.046+0000] {standard_task_runner.py:90} INFO - Running: ['airflow', 'tasks', 'run', 'dag_northwind', 'extract_postgres', 'scheduled__2024-03-18T00:00:00+00:00', '--job-id', '646', '--raw', '--subdir', 'DAGS_FOLDER/dag_northwind.py', '--cfg-path', '/tmp/tmp0oa1vmk8']
[2024-07-01T01:25:34.050+0000] {standard_task_runner.py:91} INFO - Job 646: Subtask extract_postgres
[2024-07-01T01:25:34.142+0000] {task_command.py:426} INFO - Running <TaskInstance: dag_northwind.extract_postgres scheduled__2024-03-18T00:00:00+00:00 [running]> on host 05d913303710
[2024-07-01T01:25:34.315+0000] {taskinstance.py:2648} INFO - Exporting env vars: AIRFLOW_CTX_DAG_OWNER='airflow' AIRFLOW_CTX_DAG_ID='dag_northwind' AIRFLOW_CTX_TASK_ID='extract_postgres' AIRFLOW_CTX_EXECUTION_DATE='2024-03-18T00:00:00+00:00' AIRFLOW_CTX_TRY_NUMBER='2' AIRFLOW_CTX_DAG_RUN_ID='scheduled__2024-03-18T00:00:00+00:00'
[2024-07-01T01:25:34.317+0000] {taskinstance.py:430} INFO - ::endgroup::
[2024-07-01T01:25:34.352+0000] {subprocess.py:63} INFO - Tmp dir root location: /tmp
[2024-07-01T01:25:34.354+0000] {subprocess.py:75} INFO - Running command: ['/usr/bin/bash', '-c', 'meltano elt tap-postgres target-csv --job_id=extract_postgres_2024-03-18 && mkdir -p /data/postgres/2024-03-18 && mv /project/output/tap-postgres/*.csv /data/postgres/2024-03-18/']
[2024-07-01T01:25:34.370+0000] {subprocess.py:86} INFO - Output:
[2024-07-01T01:25:34.372+0000] {subprocess.py:93} INFO - /usr/bin/bash: line 1: meltano: command not found
[2024-07-01T01:25:34.373+0000] {subprocess.py:97} INFO - Command exited with return code 127
[2024-07-01T01:25:34.374+0000] {taskinstance.py:441} INFO - ::group::Post task execution logs
[2024-07-01T01:25:34.389+0000] {taskinstance.py:2905} ERROR - Task failed with exception
Traceback (most recent call last):
  File "/home/airflow/.local/lib/python3.12/site-packages/airflow/models/taskinstance.py", line 465, in _execute_task
    result = _execute_callable(context=context, **execute_callable_kwargs)
             ^^^^^^^^^^^^^^^^^^^^^^^^^^^^^^^^^^^^^^^^^^^^^^^^^^^^^^^^^^^^^
  File "/home/airflow/.local/lib/python3.12/site-packages/airflow/models/taskinstance.py", line 432, in _execute_callable
    return execute_callable(context=context, **execute_callable_kwargs)
           ^^^^^^^^^^^^^^^^^^^^^^^^^^^^^^^^^^^^^^^^^^^^^^^^^^^^^^^^^^^^
  File "/home/airflow/.local/lib/python3.12/site-packages/airflow/models/baseoperator.py", line 401, in wrapper
    return func(self, *args, **kwargs)
           ^^^^^^^^^^^^^^^^^^^^^^^^^^^
  File "/home/airflow/.local/lib/python3.12/site-packages/airflow/operators/bash.py", line 243, in execute
    raise AirflowException(
airflow.exceptions.AirflowException: Bash command failed. The command returned a non-zero exit code 127.
[2024-07-01T01:25:34.396+0000] {taskinstance.py:1206} INFO - Marking task as FAILED. dag_id=dag_northwind, task_id=extract_postgres, run_id=scheduled__2024-03-18T00:00:00+00:00, execution_date=20240318T000000, start_date=20240701T012533, end_date=20240701T012534
[2024-07-01T01:25:34.420+0000] {standard_task_runner.py:110} ERROR - Failed to execute job 646 for task extract_postgres (Bash command failed. The command returned a non-zero exit code 127.; 870)
[2024-07-01T01:25:34.433+0000] {local_task_job_runner.py:240} INFO - Task exited with return code 1
[2024-07-01T01:25:34.464+0000] {taskinstance.py:3503} INFO - 0 downstream tasks scheduled from follow-on schedule check
[2024-07-01T01:25:34.466+0000] {local_task_job_runner.py:222} INFO - ::endgroup::
[2024-07-01T10:26:40.881+0000] {local_task_job_runner.py:120} INFO - ::group::Pre task execution logs
[2024-07-01T10:26:40.953+0000] {taskinstance.py:2076} INFO - Dependencies all met for dep_context=non-requeueable deps ti=<TaskInstance: dag_northwind.extract_postgres scheduled__2024-03-18T00:00:00+00:00 [queued]>
[2024-07-01T10:26:40.966+0000] {taskinstance.py:2076} INFO - Dependencies all met for dep_context=requeueable deps ti=<TaskInstance: dag_northwind.extract_postgres scheduled__2024-03-18T00:00:00+00:00 [queued]>
[2024-07-01T10:26:40.967+0000] {taskinstance.py:2306} INFO - Starting attempt 2 of 2
[2024-07-01T10:26:40.995+0000] {taskinstance.py:2330} INFO - Executing <Task(BashOperator): extract_postgres> on 2024-03-18 00:00:00+00:00
[2024-07-01T10:26:41.010+0000] {logging_mixin.py:188} WARNING - /home/airflow/.local/lib/python3.12/site-packages/airflow/task/task_runner/standard_task_runner.py:61 DeprecationWarning: This process (pid=6444) is multi-threaded, use of fork() may lead to deadlocks in the child.
[2024-07-01T10:26:41.012+0000] {standard_task_runner.py:63} INFO - Started process 6454 to run task
[2024-07-01T10:26:41.010+0000] {standard_task_runner.py:90} INFO - Running: ['airflow', 'tasks', 'run', 'dag_northwind', 'extract_postgres', 'scheduled__2024-03-18T00:00:00+00:00', '--job-id', '1190', '--raw', '--subdir', 'DAGS_FOLDER/dag_northwind.py', '--cfg-path', '/tmp/tmptfb7n03m']
[2024-07-01T10:26:41.014+0000] {standard_task_runner.py:91} INFO - Job 1190: Subtask extract_postgres
[2024-07-01T10:26:41.103+0000] {task_command.py:426} INFO - Running <TaskInstance: dag_northwind.extract_postgres scheduled__2024-03-18T00:00:00+00:00 [running]> on host 85c6ea7cd9cf
[2024-07-01T10:26:41.259+0000] {taskinstance.py:2648} INFO - Exporting env vars: AIRFLOW_CTX_DAG_OWNER='airflow' AIRFLOW_CTX_DAG_ID='dag_northwind' AIRFLOW_CTX_TASK_ID='extract_postgres' AIRFLOW_CTX_EXECUTION_DATE='2024-03-18T00:00:00+00:00' AIRFLOW_CTX_TRY_NUMBER='2' AIRFLOW_CTX_DAG_RUN_ID='scheduled__2024-03-18T00:00:00+00:00'
[2024-07-01T10:26:41.260+0000] {taskinstance.py:430} INFO - ::endgroup::
[2024-07-01T10:26:41.288+0000] {subprocess.py:63} INFO - Tmp dir root location: /tmp
[2024-07-01T10:26:41.290+0000] {subprocess.py:75} INFO - Running command: ['/usr/bin/bash', '-c', 'meltano elt tap-postgres target-csv --job_id=extract_postgres_2024-03-18 && mkdir -p /data/postgres/2024-03-18 && mv /project/output/tap-postgres/*.csv /data/postgres/2024-03-18/']
[2024-07-01T10:26:41.303+0000] {subprocess.py:86} INFO - Output:
[2024-07-01T10:26:41.306+0000] {subprocess.py:93} INFO - /usr/bin/bash: line 1: meltano: command not found
[2024-07-01T10:26:41.307+0000] {subprocess.py:97} INFO - Command exited with return code 127
[2024-07-01T10:26:41.309+0000] {taskinstance.py:441} INFO - ::group::Post task execution logs
[2024-07-01T10:26:41.327+0000] {taskinstance.py:2905} ERROR - Task failed with exception
Traceback (most recent call last):
  File "/home/airflow/.local/lib/python3.12/site-packages/airflow/models/taskinstance.py", line 465, in _execute_task
    result = _execute_callable(context=context, **execute_callable_kwargs)
             ^^^^^^^^^^^^^^^^^^^^^^^^^^^^^^^^^^^^^^^^^^^^^^^^^^^^^^^^^^^^^
  File "/home/airflow/.local/lib/python3.12/site-packages/airflow/models/taskinstance.py", line 432, in _execute_callable
    return execute_callable(context=context, **execute_callable_kwargs)
           ^^^^^^^^^^^^^^^^^^^^^^^^^^^^^^^^^^^^^^^^^^^^^^^^^^^^^^^^^^^^
  File "/home/airflow/.local/lib/python3.12/site-packages/airflow/models/baseoperator.py", line 401, in wrapper
    return func(self, *args, **kwargs)
           ^^^^^^^^^^^^^^^^^^^^^^^^^^^
  File "/home/airflow/.local/lib/python3.12/site-packages/airflow/operators/bash.py", line 243, in execute
    raise AirflowException(
airflow.exceptions.AirflowException: Bash command failed. The command returned a non-zero exit code 127.
[2024-07-01T10:26:41.336+0000] {taskinstance.py:1206} INFO - Marking task as FAILED. dag_id=dag_northwind, task_id=extract_postgres, run_id=scheduled__2024-03-18T00:00:00+00:00, execution_date=20240318T000000, start_date=20240701T102640, end_date=20240701T102641
[2024-07-01T10:26:41.356+0000] {standard_task_runner.py:110} ERROR - Failed to execute job 1190 for task extract_postgres (Bash command failed. The command returned a non-zero exit code 127.; 6454)
[2024-07-01T10:26:41.392+0000] {local_task_job_runner.py:240} INFO - Task exited with return code 1
[2024-07-01T10:26:41.433+0000] {taskinstance.py:3503} INFO - 0 downstream tasks scheduled from follow-on schedule check
[2024-07-01T10:26:41.441+0000] {local_task_job_runner.py:222} INFO - ::endgroup::
