[2024-07-02T16:25:22.799+0000] {local_task_job_runner.py:120} INFO - ::group::Pre task execution logs
[2024-07-02T16:25:22.960+0000] {taskinstance.py:2076} INFO - Dependencies all met for dep_context=non-requeueable deps ti=<TaskInstance: pipeline_dag.extract_postgres scheduled__2024-01-16T00:00:00+00:00 [queued]>
[2024-07-02T16:25:22.983+0000] {taskinstance.py:2076} INFO - Dependencies all met for dep_context=requeueable deps ti=<TaskInstance: pipeline_dag.extract_postgres scheduled__2024-01-16T00:00:00+00:00 [queued]>
[2024-07-02T16:25:22.985+0000] {taskinstance.py:2306} INFO - Starting attempt 2 of 2
[2024-07-02T16:25:23.010+0000] {taskinstance.py:2330} INFO - Executing <Task(PythonOperator): extract_postgres> on 2024-01-16 00:00:00+00:00
[2024-07-02T16:25:23.022+0000] {logging_mixin.py:188} WARNING - /home/airflow/.local/lib/python3.12/site-packages/airflow/task/task_runner/standard_task_runner.py:61 DeprecationWarning: This process (pid=522) is multi-threaded, use of fork() may lead to deadlocks in the child.
[2024-07-02T16:25:23.025+0000] {standard_task_runner.py:63} INFO - Started process 544 to run task
[2024-07-02T16:25:23.022+0000] {standard_task_runner.py:90} INFO - Running: ['airflow', 'tasks', 'run', 'pipeline_dag', 'extract_postgres', 'scheduled__2024-01-16T00:00:00+00:00', '--job-id', '1670', '--raw', '--subdir', 'DAGS_FOLDER/dag_northwind.py', '--cfg-path', '/tmp/tmpts7ppsed']
[2024-07-02T16:25:23.027+0000] {standard_task_runner.py:91} INFO - Job 1670: Subtask extract_postgres
[2024-07-02T16:25:23.109+0000] {task_command.py:426} INFO - Running <TaskInstance: pipeline_dag.extract_postgres scheduled__2024-01-16T00:00:00+00:00 [running]> on host ee7e13960694
[2024-07-02T16:25:23.240+0000] {taskinstance.py:2648} INFO - Exporting env vars: AIRFLOW_CTX_DAG_OWNER='airflow' AIRFLOW_CTX_DAG_ID='pipeline_dag' AIRFLOW_CTX_TASK_ID='extract_postgres' AIRFLOW_CTX_EXECUTION_DATE='2024-01-16T00:00:00+00:00' AIRFLOW_CTX_TRY_NUMBER='2' AIRFLOW_CTX_DAG_RUN_ID='scheduled__2024-01-16T00:00:00+00:00'
[2024-07-02T16:25:23.241+0000] {taskinstance.py:430} INFO - ::endgroup::
[2024-07-02T16:25:23.262+0000] {taskinstance.py:441} INFO - ::group::Post task execution logs
[2024-07-02T16:25:23.263+0000] {taskinstance.py:2905} ERROR - Task failed with exception
Traceback (most recent call last):
  File "/home/airflow/.local/lib/python3.12/site-packages/airflow/models/taskinstance.py", line 465, in _execute_task
    result = _execute_callable(context=context, **execute_callable_kwargs)
             ^^^^^^^^^^^^^^^^^^^^^^^^^^^^^^^^^^^^^^^^^^^^^^^^^^^^^^^^^^^^^
  File "/home/airflow/.local/lib/python3.12/site-packages/airflow/models/taskinstance.py", line 432, in _execute_callable
    return execute_callable(context=context, **execute_callable_kwargs)
           ^^^^^^^^^^^^^^^^^^^^^^^^^^^^^^^^^^^^^^^^^^^^^^^^^^^^^^^^^^^^
  File "/home/airflow/.local/lib/python3.12/site-packages/airflow/models/baseoperator.py", line 401, in wrapper
    return func(self, *args, **kwargs)
           ^^^^^^^^^^^^^^^^^^^^^^^^^^^
  File "/home/airflow/.local/lib/python3.12/site-packages/airflow/operators/python.py", line 235, in execute
    return_value = self.execute_callable()
                   ^^^^^^^^^^^^^^^^^^^^^^^
  File "/home/airflow/.local/lib/python3.12/site-packages/airflow/operators/python.py", line 252, in execute_callable
    return self.python_callable(*self.op_args, **self.op_kwargs)
           ^^^^^^^^^^^^^^^^^^^^^^^^^^^^^^^^^^^^^^^^^^^^^^^^^^^^^
  File "/opt/airflow/dags/dag_northwind.py", line 27, in extract_postgres
    subprocess.run(extract_command, shell=True, check=True)
  File "/usr/local/lib/python3.12/subprocess.py", line 571, in run
    raise CalledProcessError(retcode, process.args,
subprocess.CalledProcessError: Command 'meltano elt tap-postgres target-csv --transform=run' returned non-zero exit status 127.
[2024-07-02T16:25:23.280+0000] {taskinstance.py:1206} INFO - Marking task as FAILED. dag_id=pipeline_dag, task_id=extract_postgres, run_id=scheduled__2024-01-16T00:00:00+00:00, execution_date=20240116T000000, start_date=20240702T162522, end_date=20240702T162523
[2024-07-02T16:25:23.294+0000] {standard_task_runner.py:110} ERROR - Failed to execute job 1670 for task extract_postgres (Command 'meltano elt tap-postgres target-csv --transform=run' returned non-zero exit status 127.; 544)
[2024-07-02T16:25:23.321+0000] {local_task_job_runner.py:240} INFO - Task exited with return code 1
[2024-07-02T16:25:23.355+0000] {taskinstance.py:3503} INFO - 0 downstream tasks scheduled from follow-on schedule check
[2024-07-02T16:25:23.360+0000] {local_task_job_runner.py:222} INFO - ::endgroup::
[2024-07-03T16:23:01.863+0000] {local_task_job_runner.py:120} INFO - ::group::Pre task execution logs
[2024-07-03T16:23:01.975+0000] {taskinstance.py:2076} INFO - Dependencies all met for dep_context=non-requeueable deps ti=<TaskInstance: pipeline_dag.extract_postgres scheduled__2024-01-16T00:00:00+00:00 [queued]>
[2024-07-03T16:23:02.021+0000] {taskinstance.py:2076} INFO - Dependencies all met for dep_context=requeueable deps ti=<TaskInstance: pipeline_dag.extract_postgres scheduled__2024-01-16T00:00:00+00:00 [queued]>
[2024-07-03T16:23:02.026+0000] {taskinstance.py:2306} INFO - Starting attempt 2 of 2
[2024-07-03T16:23:02.106+0000] {taskinstance.py:2330} INFO - Executing <Task(PythonOperator): extract_postgres> on 2024-01-16 00:00:00+00:00
[2024-07-03T16:23:02.148+0000] {standard_task_runner.py:90} INFO - Running: ['airflow', 'tasks', 'run', 'pipeline_dag', 'extract_postgres', 'scheduled__2024-01-16T00:00:00+00:00', '--job-id', '2432', '--raw', '--subdir', 'DAGS_FOLDER/northwind_dag_teste.py', '--cfg-path', '/tmp/tmp0t9mxe4n']
[2024-07-03T16:23:02.154+0000] {standard_task_runner.py:91} INFO - Job 2432: Subtask extract_postgres
[2024-07-03T16:23:02.173+0000] {logging_mixin.py:188} WARNING - /home/airflow/.local/lib/python3.12/site-packages/airflow/task/task_runner/standard_task_runner.py:61 DeprecationWarning: This process (pid=1663) is multi-threaded, use of fork() may lead to deadlocks in the child.
[2024-07-03T16:23:02.174+0000] {standard_task_runner.py:63} INFO - Started process 1676 to run task
[2024-07-03T16:23:02.369+0000] {task_command.py:426} INFO - Running <TaskInstance: pipeline_dag.extract_postgres scheduled__2024-01-16T00:00:00+00:00 [running]> on host 3c2535f14011
[2024-07-03T16:23:02.691+0000] {taskinstance.py:2648} INFO - Exporting env vars: AIRFLOW_CTX_DAG_OWNER='airflow' AIRFLOW_CTX_DAG_ID='pipeline_dag' AIRFLOW_CTX_TASK_ID='extract_postgres' AIRFLOW_CTX_EXECUTION_DATE='2024-01-16T00:00:00+00:00' AIRFLOW_CTX_TRY_NUMBER='2' AIRFLOW_CTX_DAG_RUN_ID='scheduled__2024-01-16T00:00:00+00:00'
[2024-07-03T16:23:02.699+0000] {taskinstance.py:430} INFO - ::endgroup::
[2024-07-03T16:23:02.749+0000] {logging_mixin.py:188} INFO - Command failed with error: Command 'meltano elt tap-postgres target-csv --transform=run --job_id=extract_postgres_2024-01-16' returned non-zero exit status 127.
[2024-07-03T16:23:02.755+0000] {taskinstance.py:441} INFO - ::group::Post task execution logs
[2024-07-03T16:23:02.759+0000] {taskinstance.py:2905} ERROR - Task failed with exception
Traceback (most recent call last):
  File "/home/airflow/.local/lib/python3.12/site-packages/airflow/models/taskinstance.py", line 465, in _execute_task
    result = _execute_callable(context=context, **execute_callable_kwargs)
             ^^^^^^^^^^^^^^^^^^^^^^^^^^^^^^^^^^^^^^^^^^^^^^^^^^^^^^^^^^^^^
  File "/home/airflow/.local/lib/python3.12/site-packages/airflow/models/taskinstance.py", line 432, in _execute_callable
    return execute_callable(context=context, **execute_callable_kwargs)
           ^^^^^^^^^^^^^^^^^^^^^^^^^^^^^^^^^^^^^^^^^^^^^^^^^^^^^^^^^^^^
  File "/home/airflow/.local/lib/python3.12/site-packages/airflow/models/baseoperator.py", line 401, in wrapper
    return func(self, *args, **kwargs)
           ^^^^^^^^^^^^^^^^^^^^^^^^^^^
  File "/home/airflow/.local/lib/python3.12/site-packages/airflow/operators/python.py", line 235, in execute
    return_value = self.execute_callable()
                   ^^^^^^^^^^^^^^^^^^^^^^^
  File "/home/airflow/.local/lib/python3.12/site-packages/airflow/operators/python.py", line 252, in execute_callable
    return self.python_callable(*self.op_args, **self.op_kwargs)
           ^^^^^^^^^^^^^^^^^^^^^^^^^^^^^^^^^^^^^^^^^^^^^^^^^^^^^
  File "/opt/airflow/dags/northwind_dag_teste.py", line 29, in extract_postgres
    subprocess.run(extract_command, shell=True, check=True)
  File "/usr/local/lib/python3.12/subprocess.py", line 571, in run
    raise CalledProcessError(retcode, process.args,
subprocess.CalledProcessError: Command 'meltano elt tap-postgres target-csv --transform=run --job_id=extract_postgres_2024-01-16' returned non-zero exit status 127.
[2024-07-03T16:23:02.827+0000] {taskinstance.py:1206} INFO - Marking task as FAILED. dag_id=pipeline_dag, task_id=extract_postgres, run_id=scheduled__2024-01-16T00:00:00+00:00, execution_date=20240116T000000, start_date=20240703T162301, end_date=20240703T162302
[2024-07-03T16:23:02.850+0000] {standard_task_runner.py:110} ERROR - Failed to execute job 2432 for task extract_postgres (Command 'meltano elt tap-postgres target-csv --transform=run --job_id=extract_postgres_2024-01-16' returned non-zero exit status 127.; 1676)
[2024-07-03T16:23:02.872+0000] {local_task_job_runner.py:240} INFO - Task exited with return code 1
[2024-07-03T16:23:02.891+0000] {local_task_job_runner.py:222} INFO - ::endgroup::
