[2024-07-02T16:46:35.951+0000] {local_task_job_runner.py:120} INFO - ::group::Pre task execution logs
[2024-07-02T16:46:36.034+0000] {taskinstance.py:2076} INFO - Dependencies all met for dep_context=non-requeueable deps ti=<TaskInstance: pipeline_dag.extract_postgres scheduled__2024-03-29T00:00:00+00:00 [queued]>
[2024-07-02T16:46:36.054+0000] {taskinstance.py:2076} INFO - Dependencies all met for dep_context=requeueable deps ti=<TaskInstance: pipeline_dag.extract_postgres scheduled__2024-03-29T00:00:00+00:00 [queued]>
[2024-07-02T16:46:36.056+0000] {taskinstance.py:2306} INFO - Starting attempt 1 of 2
[2024-07-02T16:46:36.202+0000] {taskinstance.py:2330} INFO - Executing <Task(PythonOperator): extract_postgres> on 2024-03-29 00:00:00+00:00
[2024-07-02T16:46:36.219+0000] {logging_mixin.py:188} WARNING - /home/airflow/.local/lib/python3.12/site-packages/airflow/task/task_runner/standard_task_runner.py:61 DeprecationWarning: This process (pid=1564) is multi-threaded, use of fork() may lead to deadlocks in the child.
[2024-07-02T16:46:36.221+0000] {standard_task_runner.py:63} INFO - Started process 1576 to run task
[2024-07-02T16:46:36.219+0000] {standard_task_runner.py:90} INFO - Running: ['airflow', 'tasks', 'run', 'pipeline_dag', 'extract_postgres', 'scheduled__2024-03-29T00:00:00+00:00', '--job-id', '1942', '--raw', '--subdir', 'DAGS_FOLDER/dag_northwind.py', '--cfg-path', '/tmp/tmpd3d2kwwh']
[2024-07-02T16:46:36.223+0000] {standard_task_runner.py:91} INFO - Job 1942: Subtask extract_postgres
[2024-07-02T16:46:36.319+0000] {task_command.py:426} INFO - Running <TaskInstance: pipeline_dag.extract_postgres scheduled__2024-03-29T00:00:00+00:00 [running]> on host ee7e13960694
[2024-07-02T16:46:36.453+0000] {taskinstance.py:2648} INFO - Exporting env vars: AIRFLOW_CTX_DAG_OWNER='airflow' AIRFLOW_CTX_DAG_ID='pipeline_dag' AIRFLOW_CTX_TASK_ID='extract_postgres' AIRFLOW_CTX_EXECUTION_DATE='2024-03-29T00:00:00+00:00' AIRFLOW_CTX_TRY_NUMBER='1' AIRFLOW_CTX_DAG_RUN_ID='scheduled__2024-03-29T00:00:00+00:00'
[2024-07-02T16:46:36.455+0000] {taskinstance.py:430} INFO - ::endgroup::
[2024-07-02T16:46:36.478+0000] {logging_mixin.py:188} INFO - Command failed with error: Command 'meltano elt tap-postgres target-csv --transform=run' returned non-zero exit status 127.
[2024-07-02T16:46:36.479+0000] {taskinstance.py:441} INFO - ::group::Post task execution logs
[2024-07-02T16:46:36.481+0000] {taskinstance.py:2905} ERROR - Task failed with exception
Traceback (most recent call last):
  File "/home/airflow/.local/lib/python3.12/site-packages/airflow/models/taskinstance.py", line 465, in _execute_task
    result = _execute_callable(context=context, **execute_callable_kwargs)
             ^^^^^^^^^^^^^^^^^^^^^^^^^^^^^^^^^^^^^^^^^^^^^^^^^^^^^^^^^^^^^
  File "/home/airflow/.local/lib/python3.12/site-packages/airflow/models/taskinstance.py", line 432, in _execute_callable
    return execute_callable(context=context, **execute_callable_kwargs)
           ^^^^^^^^^^^^^^^^^^^^^^^^^^^^^^^^^^^^^^^^^^^^^^^^^^^^^^^^^^^^
  File "/home/airflow/.local/lib/python3.12/site-packages/airflow/models/baseoperator.py", line 401, in wrapper
    return func(self, *args, **kwargs)
           ^^^^^^^^^^^^^^^^^^^^^^^^^^^
  File "/home/airflow/.local/lib/python3.12/site-packages/airflow/operators/python.py", line 235, in execute
    return_value = self.execute_callable()
                   ^^^^^^^^^^^^^^^^^^^^^^^
  File "/home/airflow/.local/lib/python3.12/site-packages/airflow/operators/python.py", line 252, in execute_callable
    return self.python_callable(*self.op_args, **self.op_kwargs)
           ^^^^^^^^^^^^^^^^^^^^^^^^^^^^^^^^^^^^^^^^^^^^^^^^^^^^^
  File "/opt/airflow/dags/dag_northwind.py", line 28, in extract_postgres
    subprocess.run(extract_command, shell=True, check=True)
  File "/usr/local/lib/python3.12/subprocess.py", line 571, in run
    raise CalledProcessError(retcode, process.args,
subprocess.CalledProcessError: Command 'meltano elt tap-postgres target-csv --transform=run' returned non-zero exit status 127.
[2024-07-02T16:46:36.503+0000] {taskinstance.py:1206} INFO - Marking task as UP_FOR_RETRY. dag_id=pipeline_dag, task_id=extract_postgres, run_id=scheduled__2024-03-29T00:00:00+00:00, execution_date=20240329T000000, start_date=20240702T164636, end_date=20240702T164636
[2024-07-02T16:46:36.544+0000] {standard_task_runner.py:110} ERROR - Failed to execute job 1942 for task extract_postgres (Command 'meltano elt tap-postgres target-csv --transform=run' returned non-zero exit status 127.; 1576)
[2024-07-02T16:46:36.564+0000] {local_task_job_runner.py:240} INFO - Task exited with return code 1
[2024-07-02T16:46:36.581+0000] {local_task_job_runner.py:222} INFO - ::endgroup::
[2024-07-03T16:43:55.715+0000] {local_task_job_runner.py:120} INFO - ::group::Pre task execution logs
[2024-07-03T16:43:55.811+0000] {taskinstance.py:2076} INFO - Dependencies all met for dep_context=non-requeueable deps ti=<TaskInstance: pipeline_dag.extract_postgres scheduled__2024-03-29T00:00:00+00:00 [queued]>
[2024-07-03T16:43:55.832+0000] {taskinstance.py:2076} INFO - Dependencies all met for dep_context=requeueable deps ti=<TaskInstance: pipeline_dag.extract_postgres scheduled__2024-03-29T00:00:00+00:00 [queued]>
[2024-07-03T16:43:55.833+0000] {taskinstance.py:2306} INFO - Starting attempt 1 of 2
[2024-07-03T16:43:56.051+0000] {taskinstance.py:2330} INFO - Executing <Task(PythonOperator): extract_postgres> on 2024-03-29 00:00:00+00:00
[2024-07-03T16:43:56.067+0000] {logging_mixin.py:188} WARNING - /home/airflow/.local/lib/python3.12/site-packages/airflow/task/task_runner/standard_task_runner.py:61 DeprecationWarning: This process (pid=3123) is multi-threaded, use of fork() may lead to deadlocks in the child.
[2024-07-03T16:43:56.069+0000] {standard_task_runner.py:63} INFO - Started process 3137 to run task
[2024-07-03T16:43:56.066+0000] {standard_task_runner.py:90} INFO - Running: ['airflow', 'tasks', 'run', 'pipeline_dag', 'extract_postgres', 'scheduled__2024-03-29T00:00:00+00:00', '--job-id', '2850', '--raw', '--subdir', 'DAGS_FOLDER/northwind_dag_teste.py', '--cfg-path', '/tmp/tmpuo67iuel']
[2024-07-03T16:43:56.071+0000] {standard_task_runner.py:91} INFO - Job 2850: Subtask extract_postgres
[2024-07-03T16:43:56.214+0000] {task_command.py:426} INFO - Running <TaskInstance: pipeline_dag.extract_postgres scheduled__2024-03-29T00:00:00+00:00 [running]> on host 3c2535f14011
[2024-07-03T16:43:56.389+0000] {taskinstance.py:2648} INFO - Exporting env vars: AIRFLOW_CTX_DAG_OWNER='airflow' AIRFLOW_CTX_DAG_ID='pipeline_dag' AIRFLOW_CTX_TASK_ID='extract_postgres' AIRFLOW_CTX_EXECUTION_DATE='2024-03-29T00:00:00+00:00' AIRFLOW_CTX_TRY_NUMBER='1' AIRFLOW_CTX_DAG_RUN_ID='scheduled__2024-03-29T00:00:00+00:00'
[2024-07-03T16:43:56.391+0000] {taskinstance.py:430} INFO - ::endgroup::
[2024-07-03T16:43:56.423+0000] {logging_mixin.py:188} INFO - Command failed with error: Command 'meltano elt tap-postgres target-csv --transform=run --job_id=extract_postgres_2024-03-29' returned non-zero exit status 127.
[2024-07-03T16:43:56.424+0000] {taskinstance.py:441} INFO - ::group::Post task execution logs
[2024-07-03T16:43:56.425+0000] {taskinstance.py:2905} ERROR - Task failed with exception
Traceback (most recent call last):
  File "/home/airflow/.local/lib/python3.12/site-packages/airflow/models/taskinstance.py", line 465, in _execute_task
    result = _execute_callable(context=context, **execute_callable_kwargs)
             ^^^^^^^^^^^^^^^^^^^^^^^^^^^^^^^^^^^^^^^^^^^^^^^^^^^^^^^^^^^^^
  File "/home/airflow/.local/lib/python3.12/site-packages/airflow/models/taskinstance.py", line 432, in _execute_callable
    return execute_callable(context=context, **execute_callable_kwargs)
           ^^^^^^^^^^^^^^^^^^^^^^^^^^^^^^^^^^^^^^^^^^^^^^^^^^^^^^^^^^^^
  File "/home/airflow/.local/lib/python3.12/site-packages/airflow/models/baseoperator.py", line 401, in wrapper
    return func(self, *args, **kwargs)
           ^^^^^^^^^^^^^^^^^^^^^^^^^^^
  File "/home/airflow/.local/lib/python3.12/site-packages/airflow/operators/python.py", line 235, in execute
    return_value = self.execute_callable()
                   ^^^^^^^^^^^^^^^^^^^^^^^
  File "/home/airflow/.local/lib/python3.12/site-packages/airflow/operators/python.py", line 252, in execute_callable
    return self.python_callable(*self.op_args, **self.op_kwargs)
           ^^^^^^^^^^^^^^^^^^^^^^^^^^^^^^^^^^^^^^^^^^^^^^^^^^^^^
  File "/opt/airflow/dags/northwind_dag_teste.py", line 29, in extract_postgres
    subprocess.run(extract_command, shell=True, check=True)
  File "/usr/local/lib/python3.12/subprocess.py", line 571, in run
    raise CalledProcessError(retcode, process.args,
subprocess.CalledProcessError: Command 'meltano elt tap-postgres target-csv --transform=run --job_id=extract_postgres_2024-03-29' returned non-zero exit status 127.
[2024-07-03T16:43:56.447+0000] {taskinstance.py:1206} INFO - Marking task as UP_FOR_RETRY. dag_id=pipeline_dag, task_id=extract_postgres, run_id=scheduled__2024-03-29T00:00:00+00:00, execution_date=20240329T000000, start_date=20240703T164355, end_date=20240703T164356
[2024-07-03T16:43:56.484+0000] {standard_task_runner.py:110} ERROR - Failed to execute job 2850 for task extract_postgres (Command 'meltano elt tap-postgres target-csv --transform=run --job_id=extract_postgres_2024-03-29' returned non-zero exit status 127.; 3137)
[2024-07-03T16:43:56.528+0000] {local_task_job_runner.py:240} INFO - Task exited with return code 1
[2024-07-03T16:43:56.573+0000] {taskinstance.py:3503} INFO - 0 downstream tasks scheduled from follow-on schedule check
[2024-07-03T16:43:56.581+0000] {local_task_job_runner.py:222} INFO - ::endgroup::
