[2024-07-03T18:42:40.763+0000] {local_task_job_runner.py:120} INFO - ::group::Pre task execution logs
[2024-07-03T18:42:40.862+0000] {taskinstance.py:2076} INFO - Dependencies all met for dep_context=non-requeueable deps ti=<TaskInstance: dag_pipeline_northwind.extract_postgres scheduled__2024-01-28T00:00:00+00:00 [queued]>
[2024-07-03T18:42:40.886+0000] {taskinstance.py:2076} INFO - Dependencies all met for dep_context=requeueable deps ti=<TaskInstance: dag_pipeline_northwind.extract_postgres scheduled__2024-01-28T00:00:00+00:00 [queued]>
[2024-07-03T18:42:40.887+0000] {taskinstance.py:2306} INFO - Starting attempt 1 of 2
[2024-07-03T18:42:40.929+0000] {taskinstance.py:2330} INFO - Executing <Task(PythonOperator): extract_postgres> on 2024-01-28 00:00:00+00:00
[2024-07-03T18:42:40.949+0000] {logging_mixin.py:188} WARNING - /home/airflow/.local/lib/python3.12/site-packages/airflow/task/task_runner/standard_task_runner.py:61 DeprecationWarning: This process (pid=330) is multi-threaded, use of fork() may lead to deadlocks in the child.
[2024-07-03T18:42:40.951+0000] {standard_task_runner.py:63} INFO - Started process 338 to run task
[2024-07-03T18:42:40.950+0000] {standard_task_runner.py:90} INFO - Running: ['airflow', 'tasks', 'run', 'dag_pipeline_northwind', 'extract_postgres', 'scheduled__2024-01-28T00:00:00+00:00', '--job-id', '3553', '--raw', '--subdir', 'DAGS_FOLDER/northwind_dag_teste.py', '--cfg-path', '/tmp/tmpszfftgx5']
[2024-07-03T18:42:40.956+0000] {standard_task_runner.py:91} INFO - Job 3553: Subtask extract_postgres
[2024-07-03T18:42:41.057+0000] {task_command.py:426} INFO - Running <TaskInstance: dag_pipeline_northwind.extract_postgres scheduled__2024-01-28T00:00:00+00:00 [running]> on host f9e37e1ce7c7
[2024-07-03T18:42:41.248+0000] {taskinstance.py:2648} INFO - Exporting env vars: AIRFLOW_CTX_DAG_OWNER='airflow' AIRFLOW_CTX_DAG_ID='dag_pipeline_northwind' AIRFLOW_CTX_TASK_ID='extract_postgres' AIRFLOW_CTX_EXECUTION_DATE='2024-01-28T00:00:00+00:00' AIRFLOW_CTX_TRY_NUMBER='1' AIRFLOW_CTX_DAG_RUN_ID='scheduled__2024-01-28T00:00:00+00:00'
[2024-07-03T18:42:41.251+0000] {taskinstance.py:430} INFO - ::endgroup::
[2024-07-03T18:42:41.288+0000] {logging_mixin.py:188} INFO - Command failed with error: Command 'meltano elt tap-postgres target-csv --transform=run --job_id=extract_postgres_2024-01-28' returned non-zero exit status 127.
[2024-07-03T18:42:41.289+0000] {taskinstance.py:441} INFO - ::group::Post task execution logs
[2024-07-03T18:42:41.291+0000] {taskinstance.py:2905} ERROR - Task failed with exception
Traceback (most recent call last):
  File "/home/airflow/.local/lib/python3.12/site-packages/airflow/models/taskinstance.py", line 465, in _execute_task
    result = _execute_callable(context=context, **execute_callable_kwargs)
             ^^^^^^^^^^^^^^^^^^^^^^^^^^^^^^^^^^^^^^^^^^^^^^^^^^^^^^^^^^^^^
  File "/home/airflow/.local/lib/python3.12/site-packages/airflow/models/taskinstance.py", line 432, in _execute_callable
    return execute_callable(context=context, **execute_callable_kwargs)
           ^^^^^^^^^^^^^^^^^^^^^^^^^^^^^^^^^^^^^^^^^^^^^^^^^^^^^^^^^^^^
  File "/home/airflow/.local/lib/python3.12/site-packages/airflow/models/baseoperator.py", line 401, in wrapper
    return func(self, *args, **kwargs)
           ^^^^^^^^^^^^^^^^^^^^^^^^^^^
  File "/home/airflow/.local/lib/python3.12/site-packages/airflow/operators/python.py", line 235, in execute
    return_value = self.execute_callable()
                   ^^^^^^^^^^^^^^^^^^^^^^^
  File "/home/airflow/.local/lib/python3.12/site-packages/airflow/operators/python.py", line 252, in execute_callable
    return self.python_callable(*self.op_args, **self.op_kwargs)
           ^^^^^^^^^^^^^^^^^^^^^^^^^^^^^^^^^^^^^^^^^^^^^^^^^^^^^
  File "/opt/airflow/dags/northwind_dag_teste.py", line 28, in extract_postgres
    subprocess.run(extract_command, shell=True, check=True)
  File "/usr/local/lib/python3.12/subprocess.py", line 571, in run
    raise CalledProcessError(retcode, process.args,
subprocess.CalledProcessError: Command 'meltano elt tap-postgres target-csv --transform=run --job_id=extract_postgres_2024-01-28' returned non-zero exit status 127.
[2024-07-03T18:42:41.328+0000] {taskinstance.py:1206} INFO - Marking task as UP_FOR_RETRY. dag_id=dag_pipeline_northwind, task_id=extract_postgres, run_id=scheduled__2024-01-28T00:00:00+00:00, execution_date=20240128T000000, start_date=20240703T184240, end_date=20240703T184241
[2024-07-03T18:42:41.355+0000] {standard_task_runner.py:110} ERROR - Failed to execute job 3553 for task extract_postgres (Command 'meltano elt tap-postgres target-csv --transform=run --job_id=extract_postgres_2024-01-28' returned non-zero exit status 127.; 338)
[2024-07-03T18:42:41.373+0000] {local_task_job_runner.py:240} INFO - Task exited with return code 1
[2024-07-03T18:42:41.390+0000] {local_task_job_runner.py:222} INFO - ::endgroup::
[2024-07-03T18:53:57.430+0000] {local_task_job_runner.py:120} INFO - ::group::Pre task execution logs
[2024-07-03T18:53:57.514+0000] {taskinstance.py:2076} INFO - Dependencies all met for dep_context=non-requeueable deps ti=<TaskInstance: dag_pipeline_northwind.extract_postgres scheduled__2024-01-28T00:00:00+00:00 [queued]>
[2024-07-03T18:53:57.536+0000] {taskinstance.py:2076} INFO - Dependencies all met for dep_context=requeueable deps ti=<TaskInstance: dag_pipeline_northwind.extract_postgres scheduled__2024-01-28T00:00:00+00:00 [queued]>
[2024-07-03T18:53:57.537+0000] {taskinstance.py:2306} INFO - Starting attempt 1 of 2
[2024-07-03T18:53:57.572+0000] {taskinstance.py:2330} INFO - Executing <Task(PythonOperator): extract_postgres> on 2024-01-28 00:00:00+00:00
[2024-07-03T18:53:57.588+0000] {logging_mixin.py:188} WARNING - /home/airflow/.local/lib/python3.12/site-packages/airflow/task/task_runner/standard_task_runner.py:61 DeprecationWarning: This process (pid=505) is multi-threaded, use of fork() may lead to deadlocks in the child.
[2024-07-03T18:53:57.590+0000] {standard_task_runner.py:63} INFO - Started process 514 to run task
[2024-07-03T18:53:57.587+0000] {standard_task_runner.py:90} INFO - Running: ['airflow', 'tasks', 'run', 'dag_pipeline_northwind', 'extract_postgres', 'scheduled__2024-01-28T00:00:00+00:00', '--job-id', '3649', '--raw', '--subdir', 'DAGS_FOLDER/northwind_dag_teste.py', '--cfg-path', '/tmp/tmpwperibo_']
[2024-07-03T18:53:57.591+0000] {standard_task_runner.py:91} INFO - Job 3649: Subtask extract_postgres
[2024-07-03T18:53:57.682+0000] {task_command.py:426} INFO - Running <TaskInstance: dag_pipeline_northwind.extract_postgres scheduled__2024-01-28T00:00:00+00:00 [running]> on host 4b976b6219c4
[2024-07-03T18:53:57.867+0000] {taskinstance.py:2648} INFO - Exporting env vars: AIRFLOW_CTX_DAG_OWNER='airflow' AIRFLOW_CTX_DAG_ID='dag_pipeline_northwind' AIRFLOW_CTX_TASK_ID='extract_postgres' AIRFLOW_CTX_EXECUTION_DATE='2024-01-28T00:00:00+00:00' AIRFLOW_CTX_TRY_NUMBER='1' AIRFLOW_CTX_DAG_RUN_ID='scheduled__2024-01-28T00:00:00+00:00'
[2024-07-03T18:53:57.872+0000] {taskinstance.py:430} INFO - ::endgroup::
[2024-07-03T18:53:57.915+0000] {logging_mixin.py:188} INFO - Command failed with error: Command 'meltano elt tap-postgres target-csv --transform=run --job_id=extract_postgres_2024-01-28' returned non-zero exit status 127.
[2024-07-03T18:53:57.916+0000] {taskinstance.py:441} INFO - ::group::Post task execution logs
[2024-07-03T18:53:57.917+0000] {taskinstance.py:2905} ERROR - Task failed with exception
Traceback (most recent call last):
  File "/home/airflow/.local/lib/python3.12/site-packages/airflow/models/taskinstance.py", line 465, in _execute_task
    result = _execute_callable(context=context, **execute_callable_kwargs)
             ^^^^^^^^^^^^^^^^^^^^^^^^^^^^^^^^^^^^^^^^^^^^^^^^^^^^^^^^^^^^^
  File "/home/airflow/.local/lib/python3.12/site-packages/airflow/models/taskinstance.py", line 432, in _execute_callable
    return execute_callable(context=context, **execute_callable_kwargs)
           ^^^^^^^^^^^^^^^^^^^^^^^^^^^^^^^^^^^^^^^^^^^^^^^^^^^^^^^^^^^^
  File "/home/airflow/.local/lib/python3.12/site-packages/airflow/models/baseoperator.py", line 401, in wrapper
    return func(self, *args, **kwargs)
           ^^^^^^^^^^^^^^^^^^^^^^^^^^^
  File "/home/airflow/.local/lib/python3.12/site-packages/airflow/operators/python.py", line 235, in execute
    return_value = self.execute_callable()
                   ^^^^^^^^^^^^^^^^^^^^^^^
  File "/home/airflow/.local/lib/python3.12/site-packages/airflow/operators/python.py", line 252, in execute_callable
    return self.python_callable(*self.op_args, **self.op_kwargs)
           ^^^^^^^^^^^^^^^^^^^^^^^^^^^^^^^^^^^^^^^^^^^^^^^^^^^^^
  File "/opt/airflow/dags/northwind_dag_teste.py", line 28, in extract_postgres
    subprocess.run(extract_command, shell=True, check=True)
  File "/usr/local/lib/python3.12/subprocess.py", line 571, in run
    raise CalledProcessError(retcode, process.args,
subprocess.CalledProcessError: Command 'meltano elt tap-postgres target-csv --transform=run --job_id=extract_postgres_2024-01-28' returned non-zero exit status 127.
[2024-07-03T18:53:57.948+0000] {taskinstance.py:1206} INFO - Marking task as UP_FOR_RETRY. dag_id=dag_pipeline_northwind, task_id=extract_postgres, run_id=scheduled__2024-01-28T00:00:00+00:00, execution_date=20240128T000000, start_date=20240703T185357, end_date=20240703T185357
[2024-07-03T18:53:57.974+0000] {standard_task_runner.py:110} ERROR - Failed to execute job 3649 for task extract_postgres (Command 'meltano elt tap-postgres target-csv --transform=run --job_id=extract_postgres_2024-01-28' returned non-zero exit status 127.; 514)
[2024-07-03T18:53:58.007+0000] {local_task_job_runner.py:240} INFO - Task exited with return code 1
[2024-07-03T18:53:58.021+0000] {local_task_job_runner.py:222} INFO - ::endgroup::
[2024-07-04T00:35:45.895+0000] {local_task_job_runner.py:120} INFO - ::group::Pre task execution logs
[2024-07-04T00:35:45.993+0000] {taskinstance.py:2076} INFO - Dependencies all met for dep_context=non-requeueable deps ti=<TaskInstance: dag_pipeline_northwind.extract_postgres scheduled__2024-01-28T00:00:00+00:00 [queued]>
[2024-07-04T00:35:46.014+0000] {taskinstance.py:2076} INFO - Dependencies all met for dep_context=requeueable deps ti=<TaskInstance: dag_pipeline_northwind.extract_postgres scheduled__2024-01-28T00:00:00+00:00 [queued]>
[2024-07-04T00:35:46.015+0000] {taskinstance.py:2306} INFO - Starting attempt 1 of 2
[2024-07-04T00:35:46.044+0000] {taskinstance.py:2330} INFO - Executing <Task(PythonOperator): extract_postgres> on 2024-01-28 00:00:00+00:00
[2024-07-04T00:35:46.057+0000] {logging_mixin.py:188} WARNING - /home/airflow/.local/lib/python3.12/site-packages/airflow/task/task_runner/standard_task_runner.py:61 DeprecationWarning: This process (pid=501) is multi-threaded, use of fork() may lead to deadlocks in the child.
[2024-07-04T00:35:46.059+0000] {standard_task_runner.py:63} INFO - Started process 509 to run task
[2024-07-04T00:35:46.056+0000] {standard_task_runner.py:90} INFO - Running: ['airflow', 'tasks', 'run', 'dag_pipeline_northwind', 'extract_postgres', 'scheduled__2024-01-28T00:00:00+00:00', '--job-id', '4393', '--raw', '--subdir', 'DAGS_FOLDER/dag_pipeline_northwind.py', '--cfg-path', '/tmp/tmpceuo6_nn']
[2024-07-04T00:35:46.060+0000] {standard_task_runner.py:91} INFO - Job 4393: Subtask extract_postgres
[2024-07-04T00:35:46.150+0000] {task_command.py:426} INFO - Running <TaskInstance: dag_pipeline_northwind.extract_postgres scheduled__2024-01-28T00:00:00+00:00 [running]> on host 156a1441f464
[2024-07-04T00:35:46.328+0000] {taskinstance.py:2648} INFO - Exporting env vars: AIRFLOW_CTX_DAG_OWNER='airflow' AIRFLOW_CTX_DAG_ID='dag_pipeline_northwind' AIRFLOW_CTX_TASK_ID='extract_postgres' AIRFLOW_CTX_EXECUTION_DATE='2024-01-28T00:00:00+00:00' AIRFLOW_CTX_TRY_NUMBER='1' AIRFLOW_CTX_DAG_RUN_ID='scheduled__2024-01-28T00:00:00+00:00'
[2024-07-04T00:35:46.330+0000] {taskinstance.py:430} INFO - ::endgroup::
[2024-07-04T00:35:46.362+0000] {logging_mixin.py:188} INFO - Running command: meltano elt tap-postgres target-csv --transform=run --job_id=extract_postgres_2024-01-28
[2024-07-04T00:35:46.365+0000] {logging_mixin.py:188} INFO - Command failed with error: Command 'meltano elt tap-postgres target-csv --transform=run --job_id=extract_postgres_2024-01-28' returned non-zero exit status 127.
[2024-07-04T00:35:46.366+0000] {taskinstance.py:441} INFO - ::group::Post task execution logs
[2024-07-04T00:35:46.367+0000] {taskinstance.py:2905} ERROR - Task failed with exception
Traceback (most recent call last):
  File "/home/airflow/.local/lib/python3.12/site-packages/airflow/models/taskinstance.py", line 465, in _execute_task
    result = _execute_callable(context=context, **execute_callable_kwargs)
             ^^^^^^^^^^^^^^^^^^^^^^^^^^^^^^^^^^^^^^^^^^^^^^^^^^^^^^^^^^^^^
  File "/home/airflow/.local/lib/python3.12/site-packages/airflow/models/taskinstance.py", line 432, in _execute_callable
    return execute_callable(context=context, **execute_callable_kwargs)
           ^^^^^^^^^^^^^^^^^^^^^^^^^^^^^^^^^^^^^^^^^^^^^^^^^^^^^^^^^^^^
  File "/home/airflow/.local/lib/python3.12/site-packages/airflow/models/baseoperator.py", line 401, in wrapper
    return func(self, *args, **kwargs)
           ^^^^^^^^^^^^^^^^^^^^^^^^^^^
  File "/home/airflow/.local/lib/python3.12/site-packages/airflow/operators/python.py", line 235, in execute
    return_value = self.execute_callable()
                   ^^^^^^^^^^^^^^^^^^^^^^^
  File "/home/airflow/.local/lib/python3.12/site-packages/airflow/operators/python.py", line 252, in execute_callable
    return self.python_callable(*self.op_args, **self.op_kwargs)
           ^^^^^^^^^^^^^^^^^^^^^^^^^^^^^^^^^^^^^^^^^^^^^^^^^^^^^
  File "/opt/airflow/dags/dag_pipeline_northwind.py", line 32, in extract_postgres
    result = subprocess.run(extract_command, shell=True, check=True, capture_output=True, text=True)
             ^^^^^^^^^^^^^^^^^^^^^^^^^^^^^^^^^^^^^^^^^^^^^^^^^^^^^^^^^^^^^^^^^^^^^^^^^^^^^^^^^^^^^^^
  File "/usr/local/lib/python3.12/subprocess.py", line 571, in run
    raise CalledProcessError(retcode, process.args,
subprocess.CalledProcessError: Command 'meltano elt tap-postgres target-csv --transform=run --job_id=extract_postgres_2024-01-28' returned non-zero exit status 127.
[2024-07-04T00:35:46.385+0000] {taskinstance.py:1206} INFO - Marking task as UP_FOR_RETRY. dag_id=dag_pipeline_northwind, task_id=extract_postgres, run_id=scheduled__2024-01-28T00:00:00+00:00, execution_date=20240128T000000, start_date=20240704T003545, end_date=20240704T003546
[2024-07-04T00:35:46.401+0000] {standard_task_runner.py:110} ERROR - Failed to execute job 4393 for task extract_postgres (Command 'meltano elt tap-postgres target-csv --transform=run --job_id=extract_postgres_2024-01-28' returned non-zero exit status 127.; 509)
[2024-07-04T00:35:46.435+0000] {local_task_job_runner.py:240} INFO - Task exited with return code 1
[2024-07-04T00:35:46.450+0000] {local_task_job_runner.py:222} INFO - ::endgroup::
[2024-07-04T01:03:44.981+0000] {local_task_job_runner.py:120} INFO - ::group::Pre task execution logs
[2024-07-04T01:03:45.068+0000] {taskinstance.py:2076} INFO - Dependencies all met for dep_context=non-requeueable deps ti=<TaskInstance: dag_pipeline_northwind.extract_postgres scheduled__2024-01-28T00:00:00+00:00 [queued]>
[2024-07-04T01:03:45.090+0000] {taskinstance.py:2076} INFO - Dependencies all met for dep_context=requeueable deps ti=<TaskInstance: dag_pipeline_northwind.extract_postgres scheduled__2024-01-28T00:00:00+00:00 [queued]>
[2024-07-04T01:03:45.091+0000] {taskinstance.py:2306} INFO - Starting attempt 1 of 2
[2024-07-04T01:03:45.316+0000] {taskinstance.py:2330} INFO - Executing <Task(PythonOperator): extract_postgres> on 2024-01-28 00:00:00+00:00
[2024-07-04T01:03:45.334+0000] {logging_mixin.py:188} WARNING - /home/airflow/.local/lib/python3.12/site-packages/airflow/task/task_runner/standard_task_runner.py:61 DeprecationWarning: This process (pid=515) is multi-threaded, use of fork() may lead to deadlocks in the child.
[2024-07-04T01:03:45.336+0000] {standard_task_runner.py:63} INFO - Started process 526 to run task
[2024-07-04T01:03:45.333+0000] {standard_task_runner.py:90} INFO - Running: ['airflow', 'tasks', 'run', 'dag_pipeline_northwind', 'extract_postgres', 'scheduled__2024-01-28T00:00:00+00:00', '--job-id', '4681', '--raw', '--subdir', 'DAGS_FOLDER/dag_pipeline_northwind.py', '--cfg-path', '/tmp/tmpqa0xiby8']
[2024-07-04T01:03:45.342+0000] {standard_task_runner.py:91} INFO - Job 4681: Subtask extract_postgres
[2024-07-04T01:03:45.452+0000] {task_command.py:426} INFO - Running <TaskInstance: dag_pipeline_northwind.extract_postgres scheduled__2024-01-28T00:00:00+00:00 [running]> on host 06ddab619e10
[2024-07-04T01:03:45.615+0000] {taskinstance.py:2648} INFO - Exporting env vars: AIRFLOW_CTX_DAG_OWNER='airflow' AIRFLOW_CTX_DAG_ID='dag_pipeline_northwind' AIRFLOW_CTX_TASK_ID='extract_postgres' AIRFLOW_CTX_EXECUTION_DATE='2024-01-28T00:00:00+00:00' AIRFLOW_CTX_TRY_NUMBER='1' AIRFLOW_CTX_DAG_RUN_ID='scheduled__2024-01-28T00:00:00+00:00'
[2024-07-04T01:03:45.617+0000] {taskinstance.py:430} INFO - ::endgroup::
[2024-07-04T01:03:45.646+0000] {logging_mixin.py:188} INFO - Running command: meltano elt tap-postgres target-csv --transform=run --job_id=extract_postgres_2024-01-28
[2024-07-04T01:03:45.651+0000] {logging_mixin.py:188} INFO - Command failed with error: Command 'meltano elt tap-postgres target-csv --transform=run --job_id=extract_postgres_2024-01-28' returned non-zero exit status 127.
[2024-07-04T01:03:45.652+0000] {taskinstance.py:441} INFO - ::group::Post task execution logs
[2024-07-04T01:03:45.653+0000] {taskinstance.py:2905} ERROR - Task failed with exception
Traceback (most recent call last):
  File "/home/airflow/.local/lib/python3.12/site-packages/airflow/models/taskinstance.py", line 465, in _execute_task
    result = _execute_callable(context=context, **execute_callable_kwargs)
             ^^^^^^^^^^^^^^^^^^^^^^^^^^^^^^^^^^^^^^^^^^^^^^^^^^^^^^^^^^^^^
  File "/home/airflow/.local/lib/python3.12/site-packages/airflow/models/taskinstance.py", line 432, in _execute_callable
    return execute_callable(context=context, **execute_callable_kwargs)
           ^^^^^^^^^^^^^^^^^^^^^^^^^^^^^^^^^^^^^^^^^^^^^^^^^^^^^^^^^^^^
  File "/home/airflow/.local/lib/python3.12/site-packages/airflow/models/baseoperator.py", line 401, in wrapper
    return func(self, *args, **kwargs)
           ^^^^^^^^^^^^^^^^^^^^^^^^^^^
  File "/home/airflow/.local/lib/python3.12/site-packages/airflow/operators/python.py", line 235, in execute
    return_value = self.execute_callable()
                   ^^^^^^^^^^^^^^^^^^^^^^^
  File "/home/airflow/.local/lib/python3.12/site-packages/airflow/operators/python.py", line 252, in execute_callable
    return self.python_callable(*self.op_args, **self.op_kwargs)
           ^^^^^^^^^^^^^^^^^^^^^^^^^^^^^^^^^^^^^^^^^^^^^^^^^^^^^
  File "/opt/airflow/dags/dag_pipeline_northwind.py", line 32, in extract_postgres
    result = subprocess.run(extract_command, shell=True, check=True, capture_output=True, text=True)
             ^^^^^^^^^^^^^^^^^^^^^^^^^^^^^^^^^^^^^^^^^^^^^^^^^^^^^^^^^^^^^^^^^^^^^^^^^^^^^^^^^^^^^^^
  File "/usr/local/lib/python3.12/subprocess.py", line 571, in run
    raise CalledProcessError(retcode, process.args,
subprocess.CalledProcessError: Command 'meltano elt tap-postgres target-csv --transform=run --job_id=extract_postgres_2024-01-28' returned non-zero exit status 127.
[2024-07-04T01:03:45.675+0000] {taskinstance.py:1206} INFO - Marking task as UP_FOR_RETRY. dag_id=dag_pipeline_northwind, task_id=extract_postgres, run_id=scheduled__2024-01-28T00:00:00+00:00, execution_date=20240128T000000, start_date=20240704T010345, end_date=20240704T010345
[2024-07-04T01:03:45.704+0000] {standard_task_runner.py:110} ERROR - Failed to execute job 4681 for task extract_postgres (Command 'meltano elt tap-postgres target-csv --transform=run --job_id=extract_postgres_2024-01-28' returned non-zero exit status 127.; 526)
[2024-07-04T01:03:45.754+0000] {local_task_job_runner.py:240} INFO - Task exited with return code 1
[2024-07-04T01:03:45.771+0000] {local_task_job_runner.py:222} INFO - ::endgroup::
