[2024-07-01T01:41:07.804+0000] {local_task_job_runner.py:120} INFO - ::group::Pre task execution logs
[2024-07-01T01:41:07.888+0000] {taskinstance.py:2076} INFO - Dependencies all met for dep_context=non-requeueable deps ti=<TaskInstance: dag_northwind.extract_csv scheduled__2024-05-09T00:00:00+00:00 [queued]>
[2024-07-01T01:41:07.909+0000] {taskinstance.py:2076} INFO - Dependencies all met for dep_context=requeueable deps ti=<TaskInstance: dag_northwind.extract_csv scheduled__2024-05-09T00:00:00+00:00 [queued]>
[2024-07-01T01:41:07.910+0000] {taskinstance.py:2306} INFO - Starting attempt 1 of 2
[2024-07-01T01:41:08.151+0000] {taskinstance.py:2330} INFO - Executing <Task(BashOperator): extract_csv> on 2024-05-09 00:00:00+00:00
[2024-07-01T01:41:08.167+0000] {logging_mixin.py:188} WARNING - /home/airflow/.local/lib/python3.12/site-packages/airflow/task/task_runner/standard_task_runner.py:61 DeprecationWarning: This process (pid=1820) is multi-threaded, use of fork() may lead to deadlocks in the child.
[2024-07-01T01:41:08.168+0000] {standard_task_runner.py:90} INFO - Running: ['airflow', 'tasks', 'run', 'dag_northwind', 'extract_csv', 'scheduled__2024-05-09T00:00:00+00:00', '--job-id', '843', '--raw', '--subdir', 'DAGS_FOLDER/dag_northwind.py', '--cfg-path', '/tmp/tmptmkklf8j']
[2024-07-01T01:41:08.174+0000] {standard_task_runner.py:91} INFO - Job 843: Subtask extract_csv
[2024-07-01T01:41:08.174+0000] {standard_task_runner.py:63} INFO - Started process 1830 to run task
[2024-07-01T01:41:08.297+0000] {task_command.py:426} INFO - Running <TaskInstance: dag_northwind.extract_csv scheduled__2024-05-09T00:00:00+00:00 [running]> on host 05d913303710
[2024-07-01T01:41:08.515+0000] {taskinstance.py:2648} INFO - Exporting env vars: AIRFLOW_CTX_DAG_OWNER='airflow' AIRFLOW_CTX_DAG_ID='dag_northwind' AIRFLOW_CTX_TASK_ID='extract_csv' AIRFLOW_CTX_EXECUTION_DATE='2024-05-09T00:00:00+00:00' AIRFLOW_CTX_TRY_NUMBER='1' AIRFLOW_CTX_DAG_RUN_ID='scheduled__2024-05-09T00:00:00+00:00'
[2024-07-01T01:41:08.519+0000] {taskinstance.py:430} INFO - ::endgroup::
[2024-07-01T01:41:08.554+0000] {subprocess.py:63} INFO - Tmp dir root location: /tmp
[2024-07-01T01:41:08.556+0000] {subprocess.py:75} INFO - Running command: ['/usr/bin/bash', '-c', 'meltano elt tap-csv target-csv --job_id=extract_csv_2024-05-09 && mkdir -p /data/csv/2024-05-09 && mv /project/output/tap-csv/*.csv /data/csv/2024-05-09/']
[2024-07-01T01:41:08.577+0000] {subprocess.py:86} INFO - Output:
[2024-07-01T01:41:08.580+0000] {subprocess.py:93} INFO - /usr/bin/bash: line 1: meltano: command not found
[2024-07-01T01:41:08.582+0000] {subprocess.py:97} INFO - Command exited with return code 127
[2024-07-01T01:41:08.585+0000] {taskinstance.py:441} INFO - ::group::Post task execution logs
[2024-07-01T01:41:08.607+0000] {taskinstance.py:2905} ERROR - Task failed with exception
Traceback (most recent call last):
  File "/home/airflow/.local/lib/python3.12/site-packages/airflow/models/taskinstance.py", line 465, in _execute_task
    result = _execute_callable(context=context, **execute_callable_kwargs)
             ^^^^^^^^^^^^^^^^^^^^^^^^^^^^^^^^^^^^^^^^^^^^^^^^^^^^^^^^^^^^^
  File "/home/airflow/.local/lib/python3.12/site-packages/airflow/models/taskinstance.py", line 432, in _execute_callable
    return execute_callable(context=context, **execute_callable_kwargs)
           ^^^^^^^^^^^^^^^^^^^^^^^^^^^^^^^^^^^^^^^^^^^^^^^^^^^^^^^^^^^^
  File "/home/airflow/.local/lib/python3.12/site-packages/airflow/models/baseoperator.py", line 401, in wrapper
    return func(self, *args, **kwargs)
           ^^^^^^^^^^^^^^^^^^^^^^^^^^^
  File "/home/airflow/.local/lib/python3.12/site-packages/airflow/operators/bash.py", line 243, in execute
    raise AirflowException(
airflow.exceptions.AirflowException: Bash command failed. The command returned a non-zero exit code 127.
[2024-07-01T01:41:08.618+0000] {taskinstance.py:1206} INFO - Marking task as UP_FOR_RETRY. dag_id=dag_northwind, task_id=extract_csv, run_id=scheduled__2024-05-09T00:00:00+00:00, execution_date=20240509T000000, start_date=20240701T014107, end_date=20240701T014108
[2024-07-01T01:41:08.685+0000] {standard_task_runner.py:110} ERROR - Failed to execute job 843 for task extract_csv (Bash command failed. The command returned a non-zero exit code 127.; 1830)
[2024-07-01T01:41:08.715+0000] {local_task_job_runner.py:240} INFO - Task exited with return code 1
[2024-07-01T01:41:08.786+0000] {taskinstance.py:3503} INFO - 0 downstream tasks scheduled from follow-on schedule check
[2024-07-01T01:41:08.791+0000] {local_task_job_runner.py:222} INFO - ::endgroup::
[2024-07-01T10:42:14.858+0000] {local_task_job_runner.py:120} INFO - ::group::Pre task execution logs
[2024-07-01T10:42:14.940+0000] {taskinstance.py:2076} INFO - Dependencies all met for dep_context=non-requeueable deps ti=<TaskInstance: dag_northwind.extract_csv scheduled__2024-05-09T00:00:00+00:00 [queued]>
[2024-07-01T10:42:14.958+0000] {taskinstance.py:2076} INFO - Dependencies all met for dep_context=requeueable deps ti=<TaskInstance: dag_northwind.extract_csv scheduled__2024-05-09T00:00:00+00:00 [queued]>
[2024-07-01T10:42:14.959+0000] {taskinstance.py:2306} INFO - Starting attempt 1 of 2
[2024-07-01T10:42:15.013+0000] {taskinstance.py:2330} INFO - Executing <Task(BashOperator): extract_csv> on 2024-05-09 00:00:00+00:00
[2024-07-01T10:42:15.031+0000] {logging_mixin.py:188} WARNING - /home/airflow/.local/lib/python3.12/site-packages/airflow/task/task_runner/standard_task_runner.py:61 DeprecationWarning: This process (pid=7398) is multi-threaded, use of fork() may lead to deadlocks in the child.
[2024-07-01T10:42:15.029+0000] {standard_task_runner.py:90} INFO - Running: ['airflow', 'tasks', 'run', 'dag_northwind', 'extract_csv', 'scheduled__2024-05-09T00:00:00+00:00', '--job-id', '1390', '--raw', '--subdir', 'DAGS_FOLDER/dag_northwind.py', '--cfg-path', '/tmp/tmpq_h25tj8']
[2024-07-01T10:42:15.033+0000] {standard_task_runner.py:63} INFO - Started process 7407 to run task
[2024-07-01T10:42:15.033+0000] {standard_task_runner.py:91} INFO - Job 1390: Subtask extract_csv
[2024-07-01T10:42:15.137+0000] {task_command.py:426} INFO - Running <TaskInstance: dag_northwind.extract_csv scheduled__2024-05-09T00:00:00+00:00 [running]> on host 85c6ea7cd9cf
[2024-07-01T10:42:15.352+0000] {taskinstance.py:2648} INFO - Exporting env vars: AIRFLOW_CTX_DAG_OWNER='airflow' AIRFLOW_CTX_DAG_ID='dag_northwind' AIRFLOW_CTX_TASK_ID='extract_csv' AIRFLOW_CTX_EXECUTION_DATE='2024-05-09T00:00:00+00:00' AIRFLOW_CTX_TRY_NUMBER='1' AIRFLOW_CTX_DAG_RUN_ID='scheduled__2024-05-09T00:00:00+00:00'
[2024-07-01T10:42:15.357+0000] {taskinstance.py:430} INFO - ::endgroup::
[2024-07-01T10:42:15.392+0000] {subprocess.py:63} INFO - Tmp dir root location: /tmp
[2024-07-01T10:42:15.393+0000] {subprocess.py:75} INFO - Running command: ['/usr/bin/bash', '-c', 'meltano elt tap-csv target-csv --job_id=extract_csv_2024-05-09 && mkdir -p /data/csv/2024-05-09 && mv /project/output/tap-csv/*.csv /data/csv/2024-05-09/']
[2024-07-01T10:42:15.411+0000] {subprocess.py:86} INFO - Output:
[2024-07-01T10:42:15.413+0000] {subprocess.py:93} INFO - /usr/bin/bash: line 1: meltano: command not found
[2024-07-01T10:42:15.415+0000] {subprocess.py:97} INFO - Command exited with return code 127
[2024-07-01T10:42:15.420+0000] {taskinstance.py:441} INFO - ::group::Post task execution logs
[2024-07-01T10:42:15.448+0000] {taskinstance.py:2905} ERROR - Task failed with exception
Traceback (most recent call last):
  File "/home/airflow/.local/lib/python3.12/site-packages/airflow/models/taskinstance.py", line 465, in _execute_task
    result = _execute_callable(context=context, **execute_callable_kwargs)
             ^^^^^^^^^^^^^^^^^^^^^^^^^^^^^^^^^^^^^^^^^^^^^^^^^^^^^^^^^^^^^
  File "/home/airflow/.local/lib/python3.12/site-packages/airflow/models/taskinstance.py", line 432, in _execute_callable
    return execute_callable(context=context, **execute_callable_kwargs)
           ^^^^^^^^^^^^^^^^^^^^^^^^^^^^^^^^^^^^^^^^^^^^^^^^^^^^^^^^^^^^
  File "/home/airflow/.local/lib/python3.12/site-packages/airflow/models/baseoperator.py", line 401, in wrapper
    return func(self, *args, **kwargs)
           ^^^^^^^^^^^^^^^^^^^^^^^^^^^
  File "/home/airflow/.local/lib/python3.12/site-packages/airflow/operators/bash.py", line 243, in execute
    raise AirflowException(
airflow.exceptions.AirflowException: Bash command failed. The command returned a non-zero exit code 127.
[2024-07-01T10:42:15.458+0000] {taskinstance.py:1206} INFO - Marking task as UP_FOR_RETRY. dag_id=dag_northwind, task_id=extract_csv, run_id=scheduled__2024-05-09T00:00:00+00:00, execution_date=20240509T000000, start_date=20240701T104214, end_date=20240701T104215
[2024-07-01T10:42:15.496+0000] {standard_task_runner.py:110} ERROR - Failed to execute job 1390 for task extract_csv (Bash command failed. The command returned a non-zero exit code 127.; 7407)
[2024-07-01T10:42:15.532+0000] {local_task_job_runner.py:240} INFO - Task exited with return code 1
[2024-07-01T10:42:15.553+0000] {local_task_job_runner.py:222} INFO - ::endgroup::
