[2024-07-01T01:15:23.987+0000] {local_task_job_runner.py:120} INFO - ::group::Pre task execution logs
[2024-07-01T01:15:24.295+0000] {taskinstance.py:2076} INFO - Dependencies all met for dep_context=non-requeueable deps ti=<TaskInstance: dag_northwind.extract_csv scheduled__2024-03-02T00:00:00+00:00 [queued]>
[2024-07-01T01:15:24.316+0000] {taskinstance.py:2076} INFO - Dependencies all met for dep_context=requeueable deps ti=<TaskInstance: dag_northwind.extract_csv scheduled__2024-03-02T00:00:00+00:00 [queued]>
[2024-07-01T01:15:24.426+0000] {taskinstance.py:2306} INFO - Starting attempt 1 of 2
[2024-07-01T01:15:24.484+0000] {taskinstance.py:2330} INFO - Executing <Task(BashOperator): extract_csv> on 2024-03-02 00:00:00+00:00
[2024-07-01T01:15:24.495+0000] {logging_mixin.py:188} WARNING - /home/airflow/.local/lib/python3.12/site-packages/airflow/task/task_runner/standard_task_runner.py:61 DeprecationWarning: This process (pid=377) is multi-threaded, use of fork() may lead to deadlocks in the child.
[2024-07-01T01:15:24.495+0000] {standard_task_runner.py:90} INFO - Running: ['airflow', 'tasks', 'run', 'dag_northwind', 'extract_csv', 'scheduled__2024-03-02T00:00:00+00:00', '--job-id', '548', '--raw', '--subdir', 'DAGS_FOLDER/dag_northwind.py', '--cfg-path', '/tmp/tmpf4p1mv8r']
[2024-07-01T01:15:24.497+0000] {standard_task_runner.py:63} INFO - Started process 384 to run task
[2024-07-01T01:15:24.498+0000] {standard_task_runner.py:91} INFO - Job 548: Subtask extract_csv
[2024-07-01T01:15:24.622+0000] {task_command.py:426} INFO - Running <TaskInstance: dag_northwind.extract_csv scheduled__2024-03-02T00:00:00+00:00 [running]> on host 05d913303710
[2024-07-01T01:15:24.775+0000] {taskinstance.py:2648} INFO - Exporting env vars: AIRFLOW_CTX_DAG_OWNER='airflow' AIRFLOW_CTX_DAG_ID='dag_northwind' AIRFLOW_CTX_TASK_ID='extract_csv' AIRFLOW_CTX_EXECUTION_DATE='2024-03-02T00:00:00+00:00' AIRFLOW_CTX_TRY_NUMBER='1' AIRFLOW_CTX_DAG_RUN_ID='scheduled__2024-03-02T00:00:00+00:00'
[2024-07-01T01:15:24.777+0000] {taskinstance.py:430} INFO - ::endgroup::
[2024-07-01T01:15:24.817+0000] {subprocess.py:63} INFO - Tmp dir root location: /tmp
[2024-07-01T01:15:24.818+0000] {subprocess.py:75} INFO - Running command: ['/usr/bin/bash', '-c', 'meltano elt tap-csv target-csv --job_id=extract_csv_2024-03-02 && mkdir -p /data/csv/2024-03-02 && mv /project/output/tap-csv/*.csv /data/csv/2024-03-02/']
[2024-07-01T01:15:24.833+0000] {subprocess.py:86} INFO - Output:
[2024-07-01T01:15:24.836+0000] {subprocess.py:93} INFO - /usr/bin/bash: line 1: meltano: command not found
[2024-07-01T01:15:24.837+0000] {subprocess.py:97} INFO - Command exited with return code 127
[2024-07-01T01:15:24.838+0000] {taskinstance.py:441} INFO - ::group::Post task execution logs
[2024-07-01T01:15:24.856+0000] {taskinstance.py:2905} ERROR - Task failed with exception
Traceback (most recent call last):
  File "/home/airflow/.local/lib/python3.12/site-packages/airflow/models/taskinstance.py", line 465, in _execute_task
    result = _execute_callable(context=context, **execute_callable_kwargs)
             ^^^^^^^^^^^^^^^^^^^^^^^^^^^^^^^^^^^^^^^^^^^^^^^^^^^^^^^^^^^^^
  File "/home/airflow/.local/lib/python3.12/site-packages/airflow/models/taskinstance.py", line 432, in _execute_callable
    return execute_callable(context=context, **execute_callable_kwargs)
           ^^^^^^^^^^^^^^^^^^^^^^^^^^^^^^^^^^^^^^^^^^^^^^^^^^^^^^^^^^^^
  File "/home/airflow/.local/lib/python3.12/site-packages/airflow/models/baseoperator.py", line 401, in wrapper
    return func(self, *args, **kwargs)
           ^^^^^^^^^^^^^^^^^^^^^^^^^^^
  File "/home/airflow/.local/lib/python3.12/site-packages/airflow/operators/bash.py", line 243, in execute
    raise AirflowException(
airflow.exceptions.AirflowException: Bash command failed. The command returned a non-zero exit code 127.
[2024-07-01T01:15:24.864+0000] {taskinstance.py:1206} INFO - Marking task as UP_FOR_RETRY. dag_id=dag_northwind, task_id=extract_csv, run_id=scheduled__2024-03-02T00:00:00+00:00, execution_date=20240302T000000, start_date=20240701T011524, end_date=20240701T011524
[2024-07-01T01:15:25.091+0000] {standard_task_runner.py:110} ERROR - Failed to execute job 548 for task extract_csv (Bash command failed. The command returned a non-zero exit code 127.; 384)
[2024-07-01T01:15:25.115+0000] {local_task_job_runner.py:240} INFO - Task exited with return code 1
[2024-07-01T01:15:25.132+0000] {local_task_job_runner.py:222} INFO - ::endgroup::
[2024-07-01T10:16:29.130+0000] {local_task_job_runner.py:120} INFO - ::group::Pre task execution logs
[2024-07-01T10:16:29.204+0000] {taskinstance.py:2076} INFO - Dependencies all met for dep_context=non-requeueable deps ti=<TaskInstance: dag_northwind.extract_csv scheduled__2024-03-02T00:00:00+00:00 [queued]>
[2024-07-01T10:16:29.221+0000] {taskinstance.py:2076} INFO - Dependencies all met for dep_context=requeueable deps ti=<TaskInstance: dag_northwind.extract_csv scheduled__2024-03-02T00:00:00+00:00 [queued]>
[2024-07-01T10:16:29.221+0000] {taskinstance.py:2306} INFO - Starting attempt 1 of 2
[2024-07-01T10:16:29.247+0000] {taskinstance.py:2330} INFO - Executing <Task(BashOperator): extract_csv> on 2024-03-02 00:00:00+00:00
[2024-07-01T10:16:29.259+0000] {logging_mixin.py:188} WARNING - /home/airflow/.local/lib/python3.12/site-packages/airflow/task/task_runner/standard_task_runner.py:61 DeprecationWarning: This process (pid=5956) is multi-threaded, use of fork() may lead to deadlocks in the child.
[2024-07-01T10:16:29.261+0000] {standard_task_runner.py:63} INFO - Started process 5967 to run task
[2024-07-01T10:16:29.259+0000] {standard_task_runner.py:90} INFO - Running: ['airflow', 'tasks', 'run', 'dag_northwind', 'extract_csv', 'scheduled__2024-03-02T00:00:00+00:00', '--job-id', '1094', '--raw', '--subdir', 'DAGS_FOLDER/dag_northwind.py', '--cfg-path', '/tmp/tmp_hwlgzjf']
[2024-07-01T10:16:29.263+0000] {standard_task_runner.py:91} INFO - Job 1094: Subtask extract_csv
[2024-07-01T10:16:29.347+0000] {task_command.py:426} INFO - Running <TaskInstance: dag_northwind.extract_csv scheduled__2024-03-02T00:00:00+00:00 [running]> on host 85c6ea7cd9cf
[2024-07-01T10:16:29.483+0000] {taskinstance.py:2648} INFO - Exporting env vars: AIRFLOW_CTX_DAG_OWNER='airflow' AIRFLOW_CTX_DAG_ID='dag_northwind' AIRFLOW_CTX_TASK_ID='extract_csv' AIRFLOW_CTX_EXECUTION_DATE='2024-03-02T00:00:00+00:00' AIRFLOW_CTX_TRY_NUMBER='1' AIRFLOW_CTX_DAG_RUN_ID='scheduled__2024-03-02T00:00:00+00:00'
[2024-07-01T10:16:29.485+0000] {taskinstance.py:430} INFO - ::endgroup::
[2024-07-01T10:16:29.521+0000] {subprocess.py:63} INFO - Tmp dir root location: /tmp
[2024-07-01T10:16:29.522+0000] {subprocess.py:75} INFO - Running command: ['/usr/bin/bash', '-c', 'meltano elt tap-csv target-csv --job_id=extract_csv_2024-03-02 && mkdir -p /data/csv/2024-03-02 && mv /project/output/tap-csv/*.csv /data/csv/2024-03-02/']
[2024-07-01T10:16:29.535+0000] {subprocess.py:86} INFO - Output:
[2024-07-01T10:16:29.538+0000] {subprocess.py:93} INFO - /usr/bin/bash: line 1: meltano: command not found
[2024-07-01T10:16:29.539+0000] {subprocess.py:97} INFO - Command exited with return code 127
[2024-07-01T10:16:29.540+0000] {taskinstance.py:441} INFO - ::group::Post task execution logs
[2024-07-01T10:16:29.561+0000] {taskinstance.py:2905} ERROR - Task failed with exception
Traceback (most recent call last):
  File "/home/airflow/.local/lib/python3.12/site-packages/airflow/models/taskinstance.py", line 465, in _execute_task
    result = _execute_callable(context=context, **execute_callable_kwargs)
             ^^^^^^^^^^^^^^^^^^^^^^^^^^^^^^^^^^^^^^^^^^^^^^^^^^^^^^^^^^^^^
  File "/home/airflow/.local/lib/python3.12/site-packages/airflow/models/taskinstance.py", line 432, in _execute_callable
    return execute_callable(context=context, **execute_callable_kwargs)
           ^^^^^^^^^^^^^^^^^^^^^^^^^^^^^^^^^^^^^^^^^^^^^^^^^^^^^^^^^^^^
  File "/home/airflow/.local/lib/python3.12/site-packages/airflow/models/baseoperator.py", line 401, in wrapper
    return func(self, *args, **kwargs)
           ^^^^^^^^^^^^^^^^^^^^^^^^^^^
  File "/home/airflow/.local/lib/python3.12/site-packages/airflow/operators/bash.py", line 243, in execute
    raise AirflowException(
airflow.exceptions.AirflowException: Bash command failed. The command returned a non-zero exit code 127.
[2024-07-01T10:16:29.570+0000] {taskinstance.py:1206} INFO - Marking task as UP_FOR_RETRY. dag_id=dag_northwind, task_id=extract_csv, run_id=scheduled__2024-03-02T00:00:00+00:00, execution_date=20240302T000000, start_date=20240701T101629, end_date=20240701T101629
[2024-07-01T10:16:29.591+0000] {standard_task_runner.py:110} ERROR - Failed to execute job 1094 for task extract_csv (Bash command failed. The command returned a non-zero exit code 127.; 5967)
[2024-07-01T10:16:29.637+0000] {local_task_job_runner.py:240} INFO - Task exited with return code 1
[2024-07-01T10:16:29.651+0000] {local_task_job_runner.py:222} INFO - ::endgroup::
