[2024-07-01T01:20:32.645+0000] {local_task_job_runner.py:120} INFO - ::group::Pre task execution logs
[2024-07-01T01:20:32.700+0000] {taskinstance.py:2076} INFO - Dependencies all met for dep_context=non-requeueable deps ti=<TaskInstance: dag_northwind.extract_csv scheduled__2024-03-20T00:00:00+00:00 [queued]>
[2024-07-01T01:20:32.712+0000] {taskinstance.py:2076} INFO - Dependencies all met for dep_context=requeueable deps ti=<TaskInstance: dag_northwind.extract_csv scheduled__2024-03-20T00:00:00+00:00 [queued]>
[2024-07-01T01:20:32.713+0000] {taskinstance.py:2306} INFO - Starting attempt 1 of 2
[2024-07-01T01:20:32.905+0000] {taskinstance.py:2330} INFO - Executing <Task(BashOperator): extract_csv> on 2024-03-20 00:00:00+00:00
[2024-07-01T01:20:32.914+0000] {logging_mixin.py:188} WARNING - /home/airflow/.local/lib/python3.12/site-packages/airflow/task/task_runner/standard_task_runner.py:61 DeprecationWarning: This process (pid=694) is multi-threaded, use of fork() may lead to deadlocks in the child.
[2024-07-01T01:20:32.916+0000] {standard_task_runner.py:63} INFO - Started process 705 to run task
[2024-07-01T01:20:32.918+0000] {standard_task_runner.py:90} INFO - Running: ['airflow', 'tasks', 'run', 'dag_northwind', 'extract_csv', 'scheduled__2024-03-20T00:00:00+00:00', '--job-id', '615', '--raw', '--subdir', 'DAGS_FOLDER/dag_northwind.py', '--cfg-path', '/tmp/tmpqn67m4cs']
[2024-07-01T01:20:32.922+0000] {standard_task_runner.py:91} INFO - Job 615: Subtask extract_csv
[2024-07-01T01:20:32.990+0000] {task_command.py:426} INFO - Running <TaskInstance: dag_northwind.extract_csv scheduled__2024-03-20T00:00:00+00:00 [running]> on host 05d913303710
[2024-07-01T01:20:33.136+0000] {taskinstance.py:2648} INFO - Exporting env vars: AIRFLOW_CTX_DAG_OWNER='airflow' AIRFLOW_CTX_DAG_ID='dag_northwind' AIRFLOW_CTX_TASK_ID='extract_csv' AIRFLOW_CTX_EXECUTION_DATE='2024-03-20T00:00:00+00:00' AIRFLOW_CTX_TRY_NUMBER='1' AIRFLOW_CTX_DAG_RUN_ID='scheduled__2024-03-20T00:00:00+00:00'
[2024-07-01T01:20:33.137+0000] {taskinstance.py:430} INFO - ::endgroup::
[2024-07-01T01:20:33.158+0000] {subprocess.py:63} INFO - Tmp dir root location: /tmp
[2024-07-01T01:20:33.159+0000] {subprocess.py:75} INFO - Running command: ['/usr/bin/bash', '-c', 'meltano elt tap-csv target-csv --job_id=extract_csv_2024-03-20 && mkdir -p /data/csv/2024-03-20 && mv /project/output/tap-csv/*.csv /data/csv/2024-03-20/']
[2024-07-01T01:20:33.167+0000] {subprocess.py:86} INFO - Output:
[2024-07-01T01:20:33.170+0000] {subprocess.py:93} INFO - /usr/bin/bash: line 1: meltano: command not found
[2024-07-01T01:20:33.171+0000] {subprocess.py:97} INFO - Command exited with return code 127
[2024-07-01T01:20:33.172+0000] {taskinstance.py:441} INFO - ::group::Post task execution logs
[2024-07-01T01:20:33.186+0000] {taskinstance.py:2905} ERROR - Task failed with exception
Traceback (most recent call last):
  File "/home/airflow/.local/lib/python3.12/site-packages/airflow/models/taskinstance.py", line 465, in _execute_task
    result = _execute_callable(context=context, **execute_callable_kwargs)
             ^^^^^^^^^^^^^^^^^^^^^^^^^^^^^^^^^^^^^^^^^^^^^^^^^^^^^^^^^^^^^
  File "/home/airflow/.local/lib/python3.12/site-packages/airflow/models/taskinstance.py", line 432, in _execute_callable
    return execute_callable(context=context, **execute_callable_kwargs)
           ^^^^^^^^^^^^^^^^^^^^^^^^^^^^^^^^^^^^^^^^^^^^^^^^^^^^^^^^^^^^
  File "/home/airflow/.local/lib/python3.12/site-packages/airflow/models/baseoperator.py", line 401, in wrapper
    return func(self, *args, **kwargs)
           ^^^^^^^^^^^^^^^^^^^^^^^^^^^
  File "/home/airflow/.local/lib/python3.12/site-packages/airflow/operators/bash.py", line 243, in execute
    raise AirflowException(
airflow.exceptions.AirflowException: Bash command failed. The command returned a non-zero exit code 127.
[2024-07-01T01:20:33.191+0000] {taskinstance.py:1206} INFO - Marking task as UP_FOR_RETRY. dag_id=dag_northwind, task_id=extract_csv, run_id=scheduled__2024-03-20T00:00:00+00:00, execution_date=20240320T000000, start_date=20240701T012032, end_date=20240701T012033
[2024-07-01T01:20:33.207+0000] {standard_task_runner.py:110} ERROR - Failed to execute job 615 for task extract_csv (Bash command failed. The command returned a non-zero exit code 127.; 705)
[2024-07-01T01:20:33.253+0000] {local_task_job_runner.py:240} INFO - Task exited with return code 1
[2024-07-01T01:20:33.299+0000] {taskinstance.py:3503} INFO - 0 downstream tasks scheduled from follow-on schedule check
[2024-07-01T01:20:33.301+0000] {local_task_job_runner.py:222} INFO - ::endgroup::
[2024-07-01T10:21:39.710+0000] {local_task_job_runner.py:120} INFO - ::group::Pre task execution logs
[2024-07-01T10:21:39.782+0000] {taskinstance.py:2076} INFO - Dependencies all met for dep_context=non-requeueable deps ti=<TaskInstance: dag_northwind.extract_csv scheduled__2024-03-20T00:00:00+00:00 [queued]>
[2024-07-01T10:21:39.794+0000] {taskinstance.py:2076} INFO - Dependencies all met for dep_context=requeueable deps ti=<TaskInstance: dag_northwind.extract_csv scheduled__2024-03-20T00:00:00+00:00 [queued]>
[2024-07-01T10:21:39.794+0000] {taskinstance.py:2306} INFO - Starting attempt 1 of 2
[2024-07-01T10:21:39.817+0000] {taskinstance.py:2330} INFO - Executing <Task(BashOperator): extract_csv> on 2024-03-20 00:00:00+00:00
[2024-07-01T10:21:39.826+0000] {logging_mixin.py:188} WARNING - /home/airflow/.local/lib/python3.12/site-packages/airflow/task/task_runner/standard_task_runner.py:61 DeprecationWarning: This process (pid=6283) is multi-threaded, use of fork() may lead to deadlocks in the child.
[2024-07-01T10:21:39.828+0000] {standard_task_runner.py:63} INFO - Started process 6295 to run task
[2024-07-01T10:21:39.827+0000] {standard_task_runner.py:90} INFO - Running: ['airflow', 'tasks', 'run', 'dag_northwind', 'extract_csv', 'scheduled__2024-03-20T00:00:00+00:00', '--job-id', '1162', '--raw', '--subdir', 'DAGS_FOLDER/dag_northwind.py', '--cfg-path', '/tmp/tmp5ffuo43x']
[2024-07-01T10:21:39.831+0000] {standard_task_runner.py:91} INFO - Job 1162: Subtask extract_csv
[2024-07-01T10:21:39.898+0000] {task_command.py:426} INFO - Running <TaskInstance: dag_northwind.extract_csv scheduled__2024-03-20T00:00:00+00:00 [running]> on host 85c6ea7cd9cf
[2024-07-01T10:21:40.007+0000] {taskinstance.py:2648} INFO - Exporting env vars: AIRFLOW_CTX_DAG_OWNER='airflow' AIRFLOW_CTX_DAG_ID='dag_northwind' AIRFLOW_CTX_TASK_ID='extract_csv' AIRFLOW_CTX_EXECUTION_DATE='2024-03-20T00:00:00+00:00' AIRFLOW_CTX_TRY_NUMBER='1' AIRFLOW_CTX_DAG_RUN_ID='scheduled__2024-03-20T00:00:00+00:00'
[2024-07-01T10:21:40.008+0000] {taskinstance.py:430} INFO - ::endgroup::
[2024-07-01T10:21:40.029+0000] {subprocess.py:63} INFO - Tmp dir root location: /tmp
[2024-07-01T10:21:40.030+0000] {subprocess.py:75} INFO - Running command: ['/usr/bin/bash', '-c', 'meltano elt tap-csv target-csv --job_id=extract_csv_2024-03-20 && mkdir -p /data/csv/2024-03-20 && mv /project/output/tap-csv/*.csv /data/csv/2024-03-20/']
[2024-07-01T10:21:40.044+0000] {subprocess.py:86} INFO - Output:
[2024-07-01T10:21:40.048+0000] {subprocess.py:93} INFO - /usr/bin/bash: line 1: meltano: command not found
[2024-07-01T10:21:40.049+0000] {subprocess.py:97} INFO - Command exited with return code 127
[2024-07-01T10:21:40.051+0000] {taskinstance.py:441} INFO - ::group::Post task execution logs
[2024-07-01T10:21:40.073+0000] {taskinstance.py:2905} ERROR - Task failed with exception
Traceback (most recent call last):
  File "/home/airflow/.local/lib/python3.12/site-packages/airflow/models/taskinstance.py", line 465, in _execute_task
    result = _execute_callable(context=context, **execute_callable_kwargs)
             ^^^^^^^^^^^^^^^^^^^^^^^^^^^^^^^^^^^^^^^^^^^^^^^^^^^^^^^^^^^^^
  File "/home/airflow/.local/lib/python3.12/site-packages/airflow/models/taskinstance.py", line 432, in _execute_callable
    return execute_callable(context=context, **execute_callable_kwargs)
           ^^^^^^^^^^^^^^^^^^^^^^^^^^^^^^^^^^^^^^^^^^^^^^^^^^^^^^^^^^^^
  File "/home/airflow/.local/lib/python3.12/site-packages/airflow/models/baseoperator.py", line 401, in wrapper
    return func(self, *args, **kwargs)
           ^^^^^^^^^^^^^^^^^^^^^^^^^^^
  File "/home/airflow/.local/lib/python3.12/site-packages/airflow/operators/bash.py", line 243, in execute
    raise AirflowException(
airflow.exceptions.AirflowException: Bash command failed. The command returned a non-zero exit code 127.
[2024-07-01T10:21:40.083+0000] {taskinstance.py:1206} INFO - Marking task as UP_FOR_RETRY. dag_id=dag_northwind, task_id=extract_csv, run_id=scheduled__2024-03-20T00:00:00+00:00, execution_date=20240320T000000, start_date=20240701T102139, end_date=20240701T102140
[2024-07-01T10:21:40.099+0000] {standard_task_runner.py:110} ERROR - Failed to execute job 1162 for task extract_csv (Bash command failed. The command returned a non-zero exit code 127.; 6295)
[2024-07-01T10:21:40.123+0000] {local_task_job_runner.py:240} INFO - Task exited with return code 1
[2024-07-01T10:21:40.134+0000] {local_task_job_runner.py:222} INFO - ::endgroup::
