[2024-07-01T01:25:34.057+0000] {local_task_job_runner.py:120} INFO - ::group::Pre task execution logs
[2024-07-01T01:25:34.139+0000] {taskinstance.py:2076} INFO - Dependencies all met for dep_context=non-requeueable deps ti=<TaskInstance: dag_northwind.extract_csv scheduled__2024-03-20T00:00:00+00:00 [queued]>
[2024-07-01T01:25:34.159+0000] {taskinstance.py:2076} INFO - Dependencies all met for dep_context=requeueable deps ti=<TaskInstance: dag_northwind.extract_csv scheduled__2024-03-20T00:00:00+00:00 [queued]>
[2024-07-01T01:25:34.160+0000] {taskinstance.py:2306} INFO - Starting attempt 2 of 2
[2024-07-01T01:25:34.185+0000] {taskinstance.py:2330} INFO - Executing <Task(BashOperator): extract_csv> on 2024-03-20 00:00:00+00:00
[2024-07-01T01:25:34.201+0000] {logging_mixin.py:188} WARNING - /home/airflow/.local/lib/python3.12/site-packages/airflow/task/task_runner/standard_task_runner.py:61 DeprecationWarning: This process (pid=860) is multi-threaded, use of fork() may lead to deadlocks in the child.
[2024-07-01T01:25:34.199+0000] {standard_task_runner.py:90} INFO - Running: ['airflow', 'tasks', 'run', 'dag_northwind', 'extract_csv', 'scheduled__2024-03-20T00:00:00+00:00', '--job-id', '647', '--raw', '--subdir', 'DAGS_FOLDER/dag_northwind.py', '--cfg-path', '/tmp/tmpd86ebhj6']
[2024-07-01T01:25:34.203+0000] {standard_task_runner.py:63} INFO - Started process 875 to run task
[2024-07-01T01:25:34.203+0000] {standard_task_runner.py:91} INFO - Job 647: Subtask extract_csv
[2024-07-01T01:25:34.306+0000] {task_command.py:426} INFO - Running <TaskInstance: dag_northwind.extract_csv scheduled__2024-03-20T00:00:00+00:00 [running]> on host 05d913303710
[2024-07-01T01:25:34.457+0000] {taskinstance.py:2648} INFO - Exporting env vars: AIRFLOW_CTX_DAG_OWNER='airflow' AIRFLOW_CTX_DAG_ID='dag_northwind' AIRFLOW_CTX_TASK_ID='extract_csv' AIRFLOW_CTX_EXECUTION_DATE='2024-03-20T00:00:00+00:00' AIRFLOW_CTX_TRY_NUMBER='2' AIRFLOW_CTX_DAG_RUN_ID='scheduled__2024-03-20T00:00:00+00:00'
[2024-07-01T01:25:34.459+0000] {taskinstance.py:430} INFO - ::endgroup::
[2024-07-01T01:25:34.483+0000] {subprocess.py:63} INFO - Tmp dir root location: /tmp
[2024-07-01T01:25:34.484+0000] {subprocess.py:75} INFO - Running command: ['/usr/bin/bash', '-c', 'meltano elt tap-csv target-csv --job_id=extract_csv_2024-03-20 && mkdir -p /data/csv/2024-03-20 && mv /project/output/tap-csv/*.csv /data/csv/2024-03-20/']
[2024-07-01T01:25:34.500+0000] {subprocess.py:86} INFO - Output:
[2024-07-01T01:25:34.502+0000] {subprocess.py:93} INFO - /usr/bin/bash: line 1: meltano: command not found
[2024-07-01T01:25:34.503+0000] {subprocess.py:97} INFO - Command exited with return code 127
[2024-07-01T01:25:34.504+0000] {taskinstance.py:441} INFO - ::group::Post task execution logs
[2024-07-01T01:25:34.518+0000] {taskinstance.py:2905} ERROR - Task failed with exception
Traceback (most recent call last):
  File "/home/airflow/.local/lib/python3.12/site-packages/airflow/models/taskinstance.py", line 465, in _execute_task
    result = _execute_callable(context=context, **execute_callable_kwargs)
             ^^^^^^^^^^^^^^^^^^^^^^^^^^^^^^^^^^^^^^^^^^^^^^^^^^^^^^^^^^^^^
  File "/home/airflow/.local/lib/python3.12/site-packages/airflow/models/taskinstance.py", line 432, in _execute_callable
    return execute_callable(context=context, **execute_callable_kwargs)
           ^^^^^^^^^^^^^^^^^^^^^^^^^^^^^^^^^^^^^^^^^^^^^^^^^^^^^^^^^^^^
  File "/home/airflow/.local/lib/python3.12/site-packages/airflow/models/baseoperator.py", line 401, in wrapper
    return func(self, *args, **kwargs)
           ^^^^^^^^^^^^^^^^^^^^^^^^^^^
  File "/home/airflow/.local/lib/python3.12/site-packages/airflow/operators/bash.py", line 243, in execute
    raise AirflowException(
airflow.exceptions.AirflowException: Bash command failed. The command returned a non-zero exit code 127.
[2024-07-01T01:25:34.524+0000] {taskinstance.py:1206} INFO - Marking task as FAILED. dag_id=dag_northwind, task_id=extract_csv, run_id=scheduled__2024-03-20T00:00:00+00:00, execution_date=20240320T000000, start_date=20240701T012534, end_date=20240701T012534
[2024-07-01T01:25:34.542+0000] {standard_task_runner.py:110} ERROR - Failed to execute job 647 for task extract_csv (Bash command failed. The command returned a non-zero exit code 127.; 875)
[2024-07-01T01:25:34.578+0000] {local_task_job_runner.py:240} INFO - Task exited with return code 1
[2024-07-01T01:25:34.621+0000] {taskinstance.py:3503} INFO - 0 downstream tasks scheduled from follow-on schedule check
[2024-07-01T01:25:34.628+0000] {local_task_job_runner.py:222} INFO - ::endgroup::
[2024-07-01T10:26:40.886+0000] {local_task_job_runner.py:120} INFO - ::group::Pre task execution logs
[2024-07-01T10:26:40.958+0000] {taskinstance.py:2076} INFO - Dependencies all met for dep_context=non-requeueable deps ti=<TaskInstance: dag_northwind.extract_csv scheduled__2024-03-20T00:00:00+00:00 [queued]>
[2024-07-01T10:26:40.974+0000] {taskinstance.py:2076} INFO - Dependencies all met for dep_context=requeueable deps ti=<TaskInstance: dag_northwind.extract_csv scheduled__2024-03-20T00:00:00+00:00 [queued]>
[2024-07-01T10:26:40.975+0000] {taskinstance.py:2306} INFO - Starting attempt 2 of 2
[2024-07-01T10:26:41.004+0000] {taskinstance.py:2330} INFO - Executing <Task(BashOperator): extract_csv> on 2024-03-20 00:00:00+00:00
[2024-07-01T10:26:41.019+0000] {logging_mixin.py:188} WARNING - /home/airflow/.local/lib/python3.12/site-packages/airflow/task/task_runner/standard_task_runner.py:61 DeprecationWarning: This process (pid=6448) is multi-threaded, use of fork() may lead to deadlocks in the child.
[2024-07-01T10:26:41.021+0000] {standard_task_runner.py:63} INFO - Started process 6455 to run task
[2024-07-01T10:26:41.018+0000] {standard_task_runner.py:90} INFO - Running: ['airflow', 'tasks', 'run', 'dag_northwind', 'extract_csv', 'scheduled__2024-03-20T00:00:00+00:00', '--job-id', '1193', '--raw', '--subdir', 'DAGS_FOLDER/dag_northwind.py', '--cfg-path', '/tmp/tmppgx_kjg0']
[2024-07-01T10:26:41.023+0000] {standard_task_runner.py:91} INFO - Job 1193: Subtask extract_csv
[2024-07-01T10:26:41.111+0000] {task_command.py:426} INFO - Running <TaskInstance: dag_northwind.extract_csv scheduled__2024-03-20T00:00:00+00:00 [running]> on host 85c6ea7cd9cf
[2024-07-01T10:26:41.262+0000] {taskinstance.py:2648} INFO - Exporting env vars: AIRFLOW_CTX_DAG_OWNER='airflow' AIRFLOW_CTX_DAG_ID='dag_northwind' AIRFLOW_CTX_TASK_ID='extract_csv' AIRFLOW_CTX_EXECUTION_DATE='2024-03-20T00:00:00+00:00' AIRFLOW_CTX_TRY_NUMBER='2' AIRFLOW_CTX_DAG_RUN_ID='scheduled__2024-03-20T00:00:00+00:00'
[2024-07-01T10:26:41.263+0000] {taskinstance.py:430} INFO - ::endgroup::
[2024-07-01T10:26:41.297+0000] {subprocess.py:63} INFO - Tmp dir root location: /tmp
[2024-07-01T10:26:41.298+0000] {subprocess.py:75} INFO - Running command: ['/usr/bin/bash', '-c', 'meltano elt tap-csv target-csv --job_id=extract_csv_2024-03-20 && mkdir -p /data/csv/2024-03-20 && mv /project/output/tap-csv/*.csv /data/csv/2024-03-20/']
[2024-07-01T10:26:41.310+0000] {subprocess.py:86} INFO - Output:
[2024-07-01T10:26:41.313+0000] {subprocess.py:93} INFO - /usr/bin/bash: line 1: meltano: command not found
[2024-07-01T10:26:41.314+0000] {subprocess.py:97} INFO - Command exited with return code 127
[2024-07-01T10:26:41.316+0000] {taskinstance.py:441} INFO - ::group::Post task execution logs
[2024-07-01T10:26:41.333+0000] {taskinstance.py:2905} ERROR - Task failed with exception
Traceback (most recent call last):
  File "/home/airflow/.local/lib/python3.12/site-packages/airflow/models/taskinstance.py", line 465, in _execute_task
    result = _execute_callable(context=context, **execute_callable_kwargs)
             ^^^^^^^^^^^^^^^^^^^^^^^^^^^^^^^^^^^^^^^^^^^^^^^^^^^^^^^^^^^^^
  File "/home/airflow/.local/lib/python3.12/site-packages/airflow/models/taskinstance.py", line 432, in _execute_callable
    return execute_callable(context=context, **execute_callable_kwargs)
           ^^^^^^^^^^^^^^^^^^^^^^^^^^^^^^^^^^^^^^^^^^^^^^^^^^^^^^^^^^^^
  File "/home/airflow/.local/lib/python3.12/site-packages/airflow/models/baseoperator.py", line 401, in wrapper
    return func(self, *args, **kwargs)
           ^^^^^^^^^^^^^^^^^^^^^^^^^^^
  File "/home/airflow/.local/lib/python3.12/site-packages/airflow/operators/bash.py", line 243, in execute
    raise AirflowException(
airflow.exceptions.AirflowException: Bash command failed. The command returned a non-zero exit code 127.
[2024-07-01T10:26:41.342+0000] {taskinstance.py:1206} INFO - Marking task as FAILED. dag_id=dag_northwind, task_id=extract_csv, run_id=scheduled__2024-03-20T00:00:00+00:00, execution_date=20240320T000000, start_date=20240701T102640, end_date=20240701T102641
[2024-07-01T10:26:41.360+0000] {standard_task_runner.py:110} ERROR - Failed to execute job 1193 for task extract_csv (Bash command failed. The command returned a non-zero exit code 127.; 6455)
[2024-07-01T10:26:41.397+0000] {local_task_job_runner.py:240} INFO - Task exited with return code 1
[2024-07-01T10:26:41.429+0000] {taskinstance.py:3503} INFO - 0 downstream tasks scheduled from follow-on schedule check
[2024-07-01T10:26:41.432+0000] {local_task_job_runner.py:222} INFO - ::endgroup::
