[2024-07-12T18:36:52.918+0000] {local_task_job_runner.py:120} INFO - ::group::Pre task execution logs
[2024-07-12T18:36:53.085+0000] {taskinstance.py:2076} INFO - Dependencies all met for dep_context=non-requeueable deps ti=<TaskInstance: dag_pipeline_northwind.extract_postgres_product_id scheduled__2024-07-09T00:00:00+00:00 [queued]>
[2024-07-12T18:36:53.110+0000] {taskinstance.py:2076} INFO - Dependencies all met for dep_context=requeueable deps ti=<TaskInstance: dag_pipeline_northwind.extract_postgres_product_id scheduled__2024-07-09T00:00:00+00:00 [queued]>
[2024-07-12T18:36:53.115+0000] {taskinstance.py:2306} INFO - Starting attempt 2 of 2
[2024-07-12T18:36:53.180+0000] {taskinstance.py:2330} INFO - Executing <Task(PythonOperator): extract_postgres_product_id> on 2024-07-09 00:00:00+00:00
[2024-07-12T18:36:53.208+0000] {logging_mixin.py:188} WARNING - /home/airflow/.local/lib/python3.12/site-packages/airflow/task/task_runner/standard_task_runner.py:61 DeprecationWarning: This process (pid=415) is multi-threaded, use of fork() may lead to deadlocks in the child.
[2024-07-12T18:36:53.214+0000] {standard_task_runner.py:63} INFO - Started process 429 to run task
[2024-07-12T18:36:53.229+0000] {standard_task_runner.py:90} INFO - Running: ['airflow', 'tasks', 'run', 'dag_pipeline_northwind', 'extract_postgres_product_id', 'scheduled__2024-07-09T00:00:00+00:00', '--job-id', '5479', '--raw', '--subdir', 'DAGS_FOLDER/dag_pipeline_northwind.py', '--cfg-path', '/tmp/tmpqiv_lz6j']
[2024-07-12T18:36:53.240+0000] {standard_task_runner.py:91} INFO - Job 5479: Subtask extract_postgres_product_id
[2024-07-12T18:36:53.449+0000] {task_command.py:426} INFO - Running <TaskInstance: dag_pipeline_northwind.extract_postgres_product_id scheduled__2024-07-09T00:00:00+00:00 [running]> on host da29552222cb
[2024-07-12T18:36:53.743+0000] {taskinstance.py:2648} INFO - Exporting env vars: AIRFLOW_CTX_DAG_OWNER='airflow' AIRFLOW_CTX_DAG_ID='dag_pipeline_northwind' AIRFLOW_CTX_TASK_ID='extract_postgres_product_id' AIRFLOW_CTX_EXECUTION_DATE='2024-07-09T00:00:00+00:00' AIRFLOW_CTX_TRY_NUMBER='2' AIRFLOW_CTX_DAG_RUN_ID='scheduled__2024-07-09T00:00:00+00:00'
[2024-07-12T18:36:53.753+0000] {taskinstance.py:430} INFO - ::endgroup::
[2024-07-12T18:36:53.807+0000] {logging_mixin.py:188} INFO - Running command: meltano elt tap-postgres target-csv --transform=run --job_id=extract_postgres_product_id_2024-07-09
[2024-07-12T18:36:53.819+0000] {logging_mixin.py:188} INFO - Command failed with error: Command 'meltano elt tap-postgres target-csv --transform=run --job_id=extract_postgres_product_id_2024-07-09' returned non-zero exit status 127.
[2024-07-12T18:36:53.821+0000] {taskinstance.py:441} INFO - ::group::Post task execution logs
[2024-07-12T18:36:53.823+0000] {taskinstance.py:2905} ERROR - Task failed with exception
Traceback (most recent call last):
  File "/home/airflow/.local/lib/python3.12/site-packages/airflow/models/taskinstance.py", line 465, in _execute_task
    result = _execute_callable(context=context, **execute_callable_kwargs)
             ^^^^^^^^^^^^^^^^^^^^^^^^^^^^^^^^^^^^^^^^^^^^^^^^^^^^^^^^^^^^^
  File "/home/airflow/.local/lib/python3.12/site-packages/airflow/models/taskinstance.py", line 432, in _execute_callable
    return execute_callable(context=context, **execute_callable_kwargs)
           ^^^^^^^^^^^^^^^^^^^^^^^^^^^^^^^^^^^^^^^^^^^^^^^^^^^^^^^^^^^^
  File "/home/airflow/.local/lib/python3.12/site-packages/airflow/models/baseoperator.py", line 401, in wrapper
    return func(self, *args, **kwargs)
           ^^^^^^^^^^^^^^^^^^^^^^^^^^^
  File "/home/airflow/.local/lib/python3.12/site-packages/airflow/operators/python.py", line 235, in execute
    return_value = self.execute_callable()
                   ^^^^^^^^^^^^^^^^^^^^^^^
  File "/home/airflow/.local/lib/python3.12/site-packages/airflow/operators/python.py", line 252, in execute_callable
    return self.python_callable(*self.op_args, **self.op_kwargs)
           ^^^^^^^^^^^^^^^^^^^^^^^^^^^^^^^^^^^^^^^^^^^^^^^^^^^^^
  File "/opt/airflow/dags/dag_pipeline_northwind.py", line 40, in extract_postgres_table
    result = subprocess.run(extract_command, shell=True, check=True, capture_output=True, text=True)
             ^^^^^^^^^^^^^^^^^^^^^^^^^^^^^^^^^^^^^^^^^^^^^^^^^^^^^^^^^^^^^^^^^^^^^^^^^^^^^^^^^^^^^^^
  File "/usr/local/lib/python3.12/subprocess.py", line 571, in run
    raise CalledProcessError(retcode, process.args,
subprocess.CalledProcessError: Command 'meltano elt tap-postgres target-csv --transform=run --job_id=extract_postgres_product_id_2024-07-09' returned non-zero exit status 127.
[2024-07-12T18:36:53.855+0000] {taskinstance.py:1206} INFO - Marking task as FAILED. dag_id=dag_pipeline_northwind, task_id=extract_postgres_product_id, run_id=scheduled__2024-07-09T00:00:00+00:00, execution_date=20240709T000000, start_date=20240712T183653, end_date=20240712T183653
[2024-07-12T18:36:53.898+0000] {standard_task_runner.py:110} ERROR - Failed to execute job 5479 for task extract_postgres_product_id (Command 'meltano elt tap-postgres target-csv --transform=run --job_id=extract_postgres_product_id_2024-07-09' returned non-zero exit status 127.; 429)
[2024-07-12T18:36:53.940+0000] {local_task_job_runner.py:240} INFO - Task exited with return code 1
[2024-07-12T18:36:53.972+0000] {local_task_job_runner.py:222} INFO - ::endgroup::
[2024-07-12T19:09:21.608+0000] {local_task_job_runner.py:120} INFO - ::group::Pre task execution logs
[2024-07-12T19:09:21.845+0000] {taskinstance.py:2076} INFO - Dependencies all met for dep_context=non-requeueable deps ti=<TaskInstance: dag_pipeline_northwind.extract_postgres_product_id scheduled__2024-07-09T00:00:00+00:00 [queued]>
[2024-07-12T19:09:21.914+0000] {taskinstance.py:2076} INFO - Dependencies all met for dep_context=requeueable deps ti=<TaskInstance: dag_pipeline_northwind.extract_postgres_product_id scheduled__2024-07-09T00:00:00+00:00 [queued]>
[2024-07-12T19:09:21.917+0000] {taskinstance.py:2306} INFO - Starting attempt 2 of 2
[2024-07-12T19:09:23.488+0000] {taskinstance.py:2330} INFO - Executing <Task(PythonOperator): extract_postgres_product_id> on 2024-07-09 00:00:00+00:00
[2024-07-12T19:09:23.537+0000] {logging_mixin.py:188} WARNING - /home/airflow/.local/lib/python3.12/site-packages/airflow/task/task_runner/standard_task_runner.py:61 DeprecationWarning: This process (pid=362) is multi-threaded, use of fork() may lead to deadlocks in the child.
[2024-07-12T19:09:23.586+0000] {standard_task_runner.py:63} INFO - Started process 381 to run task
[2024-07-12T19:09:23.603+0000] {standard_task_runner.py:90} INFO - Running: ['airflow', 'tasks', 'run', 'dag_pipeline_northwind', 'extract_postgres_product_id', 'scheduled__2024-07-09T00:00:00+00:00', '--job-id', '5583', '--raw', '--subdir', 'DAGS_FOLDER/dag_pipeline_northwind.py', '--cfg-path', '/tmp/tmpymytlr07']
[2024-07-12T19:09:23.629+0000] {standard_task_runner.py:91} INFO - Job 5583: Subtask extract_postgres_product_id
[2024-07-12T19:09:24.549+0000] {task_command.py:426} INFO - Running <TaskInstance: dag_pipeline_northwind.extract_postgres_product_id scheduled__2024-07-09T00:00:00+00:00 [running]> on host 5ef7300ef9b1
[2024-07-12T19:09:25.651+0000] {taskinstance.py:2648} INFO - Exporting env vars: AIRFLOW_CTX_DAG_OWNER='airflow' AIRFLOW_CTX_DAG_ID='dag_pipeline_northwind' AIRFLOW_CTX_TASK_ID='extract_postgres_product_id' AIRFLOW_CTX_EXECUTION_DATE='2024-07-09T00:00:00+00:00' AIRFLOW_CTX_TRY_NUMBER='2' AIRFLOW_CTX_DAG_RUN_ID='scheduled__2024-07-09T00:00:00+00:00'
[2024-07-12T19:09:25.656+0000] {taskinstance.py:430} INFO - ::endgroup::
[2024-07-12T19:09:25.823+0000] {logging_mixin.py:188} INFO - Running command: meltano elt tap-postgres target-csv --transform=run --job_id=extract_postgres_product_id_2024-07-09
[2024-07-12T19:09:25.843+0000] {logging_mixin.py:188} INFO - Command failed with error: Command 'meltano elt tap-postgres target-csv --transform=run --job_id=extract_postgres_product_id_2024-07-09' returned non-zero exit status 127.
[2024-07-12T19:09:25.844+0000] {taskinstance.py:441} INFO - ::group::Post task execution logs
[2024-07-12T19:09:25.845+0000] {taskinstance.py:2905} ERROR - Task failed with exception
Traceback (most recent call last):
  File "/home/airflow/.local/lib/python3.12/site-packages/airflow/models/taskinstance.py", line 465, in _execute_task
    result = _execute_callable(context=context, **execute_callable_kwargs)
             ^^^^^^^^^^^^^^^^^^^^^^^^^^^^^^^^^^^^^^^^^^^^^^^^^^^^^^^^^^^^^
  File "/home/airflow/.local/lib/python3.12/site-packages/airflow/models/taskinstance.py", line 432, in _execute_callable
    return execute_callable(context=context, **execute_callable_kwargs)
           ^^^^^^^^^^^^^^^^^^^^^^^^^^^^^^^^^^^^^^^^^^^^^^^^^^^^^^^^^^^^
  File "/home/airflow/.local/lib/python3.12/site-packages/airflow/models/baseoperator.py", line 401, in wrapper
    return func(self, *args, **kwargs)
           ^^^^^^^^^^^^^^^^^^^^^^^^^^^
  File "/home/airflow/.local/lib/python3.12/site-packages/airflow/operators/python.py", line 235, in execute
    return_value = self.execute_callable()
                   ^^^^^^^^^^^^^^^^^^^^^^^
  File "/home/airflow/.local/lib/python3.12/site-packages/airflow/operators/python.py", line 252, in execute_callable
    return self.python_callable(*self.op_args, **self.op_kwargs)
           ^^^^^^^^^^^^^^^^^^^^^^^^^^^^^^^^^^^^^^^^^^^^^^^^^^^^^
  File "/opt/airflow/dags/dag_pipeline_northwind.py", line 40, in extract_postgres_table
    result = subprocess.run(extract_command, shell=True, check=True, capture_output=True, text=True)
             ^^^^^^^^^^^^^^^^^^^^^^^^^^^^^^^^^^^^^^^^^^^^^^^^^^^^^^^^^^^^^^^^^^^^^^^^^^^^^^^^^^^^^^^
  File "/usr/local/lib/python3.12/subprocess.py", line 571, in run
    raise CalledProcessError(retcode, process.args,
subprocess.CalledProcessError: Command 'meltano elt tap-postgres target-csv --transform=run --job_id=extract_postgres_product_id_2024-07-09' returned non-zero exit status 127.
[2024-07-12T19:09:25.911+0000] {taskinstance.py:1206} INFO - Marking task as FAILED. dag_id=dag_pipeline_northwind, task_id=extract_postgres_product_id, run_id=scheduled__2024-07-09T00:00:00+00:00, execution_date=20240709T000000, start_date=20240712T190921, end_date=20240712T190925
[2024-07-12T19:09:26.390+0000] {standard_task_runner.py:110} ERROR - Failed to execute job 5583 for task extract_postgres_product_id (Command 'meltano elt tap-postgres target-csv --transform=run --job_id=extract_postgres_product_id_2024-07-09' returned non-zero exit status 127.; 381)
[2024-07-12T19:09:26.477+0000] {local_task_job_runner.py:240} INFO - Task exited with return code 1
[2024-07-12T19:09:26.494+0000] {local_task_job_runner.py:222} INFO - ::endgroup::
[2024-07-14T21:52:54.313+0000] {local_task_job_runner.py:120} INFO - ::group::Pre task execution logs
[2024-07-14T21:52:54.424+0000] {taskinstance.py:2076} INFO - Dependencies all met for dep_context=non-requeueable deps ti=<TaskInstance: dag_pipeline_northwind.extract_postgres_product_id scheduled__2024-07-09T00:00:00+00:00 [queued]>
[2024-07-14T21:52:54.442+0000] {taskinstance.py:2076} INFO - Dependencies all met for dep_context=requeueable deps ti=<TaskInstance: dag_pipeline_northwind.extract_postgres_product_id scheduled__2024-07-09T00:00:00+00:00 [queued]>
[2024-07-14T21:52:54.443+0000] {taskinstance.py:2306} INFO - Starting attempt 2 of 2
[2024-07-14T21:52:54.765+0000] {taskinstance.py:2330} INFO - Executing <Task(PythonOperator): extract_postgres_product_id> on 2024-07-09 00:00:00+00:00
[2024-07-14T21:52:54.790+0000] {logging_mixin.py:188} WARNING - /home/airflow/.local/lib/python3.12/site-packages/airflow/task/task_runner/standard_task_runner.py:61 DeprecationWarning: This process (pid=445) is multi-threaded, use of fork() may lead to deadlocks in the child.
[2024-07-14T21:52:54.795+0000] {standard_task_runner.py:63} INFO - Started process 474 to run task
[2024-07-14T21:52:54.795+0000] {standard_task_runner.py:90} INFO - Running: ['airflow', 'tasks', 'run', 'dag_pipeline_northwind', 'extract_postgres_product_id', 'scheduled__2024-07-09T00:00:00+00:00', '--job-id', '5761', '--raw', '--subdir', 'DAGS_FOLDER/dag_pipeline_northwind.py', '--cfg-path', '/tmp/tmpzz3217u_']
[2024-07-14T21:52:54.802+0000] {standard_task_runner.py:91} INFO - Job 5761: Subtask extract_postgres_product_id
[2024-07-14T21:52:55.615+0000] {task_command.py:426} INFO - Running <TaskInstance: dag_pipeline_northwind.extract_postgres_product_id scheduled__2024-07-09T00:00:00+00:00 [running]> on host ee4b7f7f7c3e
[2024-07-14T21:52:56.341+0000] {taskinstance.py:2648} INFO - Exporting env vars: AIRFLOW_CTX_DAG_OWNER='airflow' AIRFLOW_CTX_DAG_ID='dag_pipeline_northwind' AIRFLOW_CTX_TASK_ID='extract_postgres_product_id' AIRFLOW_CTX_EXECUTION_DATE='2024-07-09T00:00:00+00:00' AIRFLOW_CTX_TRY_NUMBER='2' AIRFLOW_CTX_DAG_RUN_ID='scheduled__2024-07-09T00:00:00+00:00'
[2024-07-14T21:52:56.343+0000] {taskinstance.py:430} INFO - ::endgroup::
[2024-07-14T21:52:56.389+0000] {logging_mixin.py:188} INFO - Running command: meltano elt tap-postgres target-csv --transform=run --job_id=extract_postgres_product_id_2024-07-09
[2024-07-14T21:52:56.401+0000] {logging_mixin.py:188} INFO - Command failed with error: Command 'meltano elt tap-postgres target-csv --transform=run --job_id=extract_postgres_product_id_2024-07-09' returned non-zero exit status 127.
[2024-07-14T21:52:56.403+0000] {taskinstance.py:441} INFO - ::group::Post task execution logs
[2024-07-14T21:52:56.406+0000] {taskinstance.py:2905} ERROR - Task failed with exception
Traceback (most recent call last):
  File "/home/airflow/.local/lib/python3.12/site-packages/airflow/models/taskinstance.py", line 465, in _execute_task
    result = _execute_callable(context=context, **execute_callable_kwargs)
             ^^^^^^^^^^^^^^^^^^^^^^^^^^^^^^^^^^^^^^^^^^^^^^^^^^^^^^^^^^^^^
  File "/home/airflow/.local/lib/python3.12/site-packages/airflow/models/taskinstance.py", line 432, in _execute_callable
    return execute_callable(context=context, **execute_callable_kwargs)
           ^^^^^^^^^^^^^^^^^^^^^^^^^^^^^^^^^^^^^^^^^^^^^^^^^^^^^^^^^^^^
  File "/home/airflow/.local/lib/python3.12/site-packages/airflow/models/baseoperator.py", line 401, in wrapper
    return func(self, *args, **kwargs)
           ^^^^^^^^^^^^^^^^^^^^^^^^^^^
  File "/home/airflow/.local/lib/python3.12/site-packages/airflow/operators/python.py", line 235, in execute
    return_value = self.execute_callable()
                   ^^^^^^^^^^^^^^^^^^^^^^^
  File "/home/airflow/.local/lib/python3.12/site-packages/airflow/operators/python.py", line 252, in execute_callable
    return self.python_callable(*self.op_args, **self.op_kwargs)
           ^^^^^^^^^^^^^^^^^^^^^^^^^^^^^^^^^^^^^^^^^^^^^^^^^^^^^
  File "/opt/airflow/dags/dag_pipeline_northwind.py", line 40, in extract_postgres_table
    result = subprocess.run(extract_command, shell=True, check=True, capture_output=True, text=True)
             ^^^^^^^^^^^^^^^^^^^^^^^^^^^^^^^^^^^^^^^^^^^^^^^^^^^^^^^^^^^^^^^^^^^^^^^^^^^^^^^^^^^^^^^
  File "/usr/local/lib/python3.12/subprocess.py", line 571, in run
    raise CalledProcessError(retcode, process.args,
subprocess.CalledProcessError: Command 'meltano elt tap-postgres target-csv --transform=run --job_id=extract_postgres_product_id_2024-07-09' returned non-zero exit status 127.
[2024-07-14T21:52:56.483+0000] {taskinstance.py:1206} INFO - Marking task as FAILED. dag_id=dag_pipeline_northwind, task_id=extract_postgres_product_id, run_id=scheduled__2024-07-09T00:00:00+00:00, execution_date=20240709T000000, start_date=20240714T215254, end_date=20240714T215256
[2024-07-14T21:52:56.590+0000] {standard_task_runner.py:110} ERROR - Failed to execute job 5761 for task extract_postgres_product_id (Command 'meltano elt tap-postgres target-csv --transform=run --job_id=extract_postgres_product_id_2024-07-09' returned non-zero exit status 127.; 474)
[2024-07-14T21:52:56.629+0000] {local_task_job_runner.py:240} INFO - Task exited with return code 1
[2024-07-14T21:52:56.662+0000] {taskinstance.py:3503} INFO - 0 downstream tasks scheduled from follow-on schedule check
[2024-07-14T21:52:56.665+0000] {local_task_job_runner.py:222} INFO - ::endgroup::
