[2024-07-01T01:25:40.894+0000] {local_task_job_runner.py:120} INFO - ::group::Pre task execution logs
[2024-07-01T01:25:40.986+0000] {taskinstance.py:2076} INFO - Dependencies all met for dep_context=non-requeueable deps ti=<TaskInstance: dag_northwind.extract_csv scheduled__2024-03-26T00:00:00+00:00 [queued]>
[2024-07-01T01:25:41.010+0000] {taskinstance.py:2076} INFO - Dependencies all met for dep_context=requeueable deps ti=<TaskInstance: dag_northwind.extract_csv scheduled__2024-03-26T00:00:00+00:00 [queued]>
[2024-07-01T01:25:41.012+0000] {taskinstance.py:2306} INFO - Starting attempt 1 of 2
[2024-07-01T01:25:41.060+0000] {taskinstance.py:2330} INFO - Executing <Task(BashOperator): extract_csv> on 2024-03-26 00:00:00+00:00
[2024-07-01T01:25:41.082+0000] {logging_mixin.py:188} WARNING - /home/airflow/.local/lib/python3.12/site-packages/airflow/task/task_runner/standard_task_runner.py:61 DeprecationWarning: This process (pid=906) is multi-threaded, use of fork() may lead to deadlocks in the child.
[2024-07-01T01:25:41.084+0000] {standard_task_runner.py:63} INFO - Started process 927 to run task
[2024-07-01T01:25:41.085+0000] {standard_task_runner.py:90} INFO - Running: ['airflow', 'tasks', 'run', 'dag_northwind', 'extract_csv', 'scheduled__2024-03-26T00:00:00+00:00', '--job-id', '660', '--raw', '--subdir', 'DAGS_FOLDER/dag_northwind.py', '--cfg-path', '/tmp/tmpnifklvx8']
[2024-07-01T01:25:41.091+0000] {standard_task_runner.py:91} INFO - Job 660: Subtask extract_csv
[2024-07-01T01:25:41.225+0000] {task_command.py:426} INFO - Running <TaskInstance: dag_northwind.extract_csv scheduled__2024-03-26T00:00:00+00:00 [running]> on host 05d913303710
[2024-07-01T01:25:41.465+0000] {taskinstance.py:2648} INFO - Exporting env vars: AIRFLOW_CTX_DAG_OWNER='airflow' AIRFLOW_CTX_DAG_ID='dag_northwind' AIRFLOW_CTX_TASK_ID='extract_csv' AIRFLOW_CTX_EXECUTION_DATE='2024-03-26T00:00:00+00:00' AIRFLOW_CTX_TRY_NUMBER='1' AIRFLOW_CTX_DAG_RUN_ID='scheduled__2024-03-26T00:00:00+00:00'
[2024-07-01T01:25:41.468+0000] {taskinstance.py:430} INFO - ::endgroup::
[2024-07-01T01:25:41.511+0000] {subprocess.py:63} INFO - Tmp dir root location: /tmp
[2024-07-01T01:25:41.513+0000] {subprocess.py:75} INFO - Running command: ['/usr/bin/bash', '-c', 'meltano elt tap-csv target-csv --job_id=extract_csv_2024-03-26 && mkdir -p /data/csv/2024-03-26 && mv /project/output/tap-csv/*.csv /data/csv/2024-03-26/']
[2024-07-01T01:25:41.531+0000] {subprocess.py:86} INFO - Output:
[2024-07-01T01:25:41.534+0000] {subprocess.py:93} INFO - /usr/bin/bash: line 1: meltano: command not found
[2024-07-01T01:25:41.536+0000] {subprocess.py:97} INFO - Command exited with return code 127
[2024-07-01T01:25:41.537+0000] {taskinstance.py:441} INFO - ::group::Post task execution logs
[2024-07-01T01:25:41.560+0000] {taskinstance.py:2905} ERROR - Task failed with exception
Traceback (most recent call last):
  File "/home/airflow/.local/lib/python3.12/site-packages/airflow/models/taskinstance.py", line 465, in _execute_task
    result = _execute_callable(context=context, **execute_callable_kwargs)
             ^^^^^^^^^^^^^^^^^^^^^^^^^^^^^^^^^^^^^^^^^^^^^^^^^^^^^^^^^^^^^
  File "/home/airflow/.local/lib/python3.12/site-packages/airflow/models/taskinstance.py", line 432, in _execute_callable
    return execute_callable(context=context, **execute_callable_kwargs)
           ^^^^^^^^^^^^^^^^^^^^^^^^^^^^^^^^^^^^^^^^^^^^^^^^^^^^^^^^^^^^
  File "/home/airflow/.local/lib/python3.12/site-packages/airflow/models/baseoperator.py", line 401, in wrapper
    return func(self, *args, **kwargs)
           ^^^^^^^^^^^^^^^^^^^^^^^^^^^
  File "/home/airflow/.local/lib/python3.12/site-packages/airflow/operators/bash.py", line 243, in execute
    raise AirflowException(
airflow.exceptions.AirflowException: Bash command failed. The command returned a non-zero exit code 127.
[2024-07-01T01:25:41.569+0000] {taskinstance.py:1206} INFO - Marking task as UP_FOR_RETRY. dag_id=dag_northwind, task_id=extract_csv, run_id=scheduled__2024-03-26T00:00:00+00:00, execution_date=20240326T000000, start_date=20240701T012540, end_date=20240701T012541
[2024-07-01T01:25:41.678+0000] {standard_task_runner.py:110} ERROR - Failed to execute job 660 for task extract_csv (Bash command failed. The command returned a non-zero exit code 127.; 927)
[2024-07-01T01:25:41.708+0000] {local_task_job_runner.py:240} INFO - Task exited with return code 1
[2024-07-01T01:25:41.778+0000] {taskinstance.py:3503} INFO - 0 downstream tasks scheduled from follow-on schedule check
[2024-07-01T01:25:41.782+0000] {local_task_job_runner.py:222} INFO - ::endgroup::
[2024-07-01T10:26:44.116+0000] {local_task_job_runner.py:120} INFO - ::group::Pre task execution logs
[2024-07-01T10:26:44.196+0000] {taskinstance.py:2076} INFO - Dependencies all met for dep_context=non-requeueable deps ti=<TaskInstance: dag_northwind.extract_csv scheduled__2024-03-26T00:00:00+00:00 [queued]>
[2024-07-01T10:26:44.211+0000] {taskinstance.py:2076} INFO - Dependencies all met for dep_context=requeueable deps ti=<TaskInstance: dag_northwind.extract_csv scheduled__2024-03-26T00:00:00+00:00 [queued]>
[2024-07-01T10:26:44.212+0000] {taskinstance.py:2306} INFO - Starting attempt 1 of 2
[2024-07-01T10:26:44.312+0000] {taskinstance.py:2330} INFO - Executing <Task(BashOperator): extract_csv> on 2024-03-26 00:00:00+00:00
[2024-07-01T10:26:44.328+0000] {logging_mixin.py:188} WARNING - /home/airflow/.local/lib/python3.12/site-packages/airflow/task/task_runner/standard_task_runner.py:61 DeprecationWarning: This process (pid=6498) is multi-threaded, use of fork() may lead to deadlocks in the child.
[2024-07-01T10:26:44.330+0000] {standard_task_runner.py:63} INFO - Started process 6519 to run task
[2024-07-01T10:26:44.329+0000] {standard_task_runner.py:90} INFO - Running: ['airflow', 'tasks', 'run', 'dag_northwind', 'extract_csv', 'scheduled__2024-03-26T00:00:00+00:00', '--job-id', '1206', '--raw', '--subdir', 'DAGS_FOLDER/dag_northwind.py', '--cfg-path', '/tmp/tmp2s6z2lao']
[2024-07-01T10:26:44.334+0000] {standard_task_runner.py:91} INFO - Job 1206: Subtask extract_csv
[2024-07-01T10:26:44.451+0000] {task_command.py:426} INFO - Running <TaskInstance: dag_northwind.extract_csv scheduled__2024-03-26T00:00:00+00:00 [running]> on host 85c6ea7cd9cf
[2024-07-01T10:26:44.610+0000] {taskinstance.py:2648} INFO - Exporting env vars: AIRFLOW_CTX_DAG_OWNER='airflow' AIRFLOW_CTX_DAG_ID='dag_northwind' AIRFLOW_CTX_TASK_ID='extract_csv' AIRFLOW_CTX_EXECUTION_DATE='2024-03-26T00:00:00+00:00' AIRFLOW_CTX_TRY_NUMBER='1' AIRFLOW_CTX_DAG_RUN_ID='scheduled__2024-03-26T00:00:00+00:00'
[2024-07-01T10:26:44.612+0000] {taskinstance.py:430} INFO - ::endgroup::
[2024-07-01T10:26:44.651+0000] {subprocess.py:63} INFO - Tmp dir root location: /tmp
[2024-07-01T10:26:44.653+0000] {subprocess.py:75} INFO - Running command: ['/usr/bin/bash', '-c', 'meltano elt tap-csv target-csv --job_id=extract_csv_2024-03-26 && mkdir -p /data/csv/2024-03-26 && mv /project/output/tap-csv/*.csv /data/csv/2024-03-26/']
[2024-07-01T10:26:44.673+0000] {subprocess.py:86} INFO - Output:
[2024-07-01T10:26:44.676+0000] {subprocess.py:93} INFO - /usr/bin/bash: line 1: meltano: command not found
[2024-07-01T10:26:44.678+0000] {subprocess.py:97} INFO - Command exited with return code 127
[2024-07-01T10:26:44.679+0000] {taskinstance.py:441} INFO - ::group::Post task execution logs
[2024-07-01T10:26:44.698+0000] {taskinstance.py:2905} ERROR - Task failed with exception
Traceback (most recent call last):
  File "/home/airflow/.local/lib/python3.12/site-packages/airflow/models/taskinstance.py", line 465, in _execute_task
    result = _execute_callable(context=context, **execute_callable_kwargs)
             ^^^^^^^^^^^^^^^^^^^^^^^^^^^^^^^^^^^^^^^^^^^^^^^^^^^^^^^^^^^^^
  File "/home/airflow/.local/lib/python3.12/site-packages/airflow/models/taskinstance.py", line 432, in _execute_callable
    return execute_callable(context=context, **execute_callable_kwargs)
           ^^^^^^^^^^^^^^^^^^^^^^^^^^^^^^^^^^^^^^^^^^^^^^^^^^^^^^^^^^^^
  File "/home/airflow/.local/lib/python3.12/site-packages/airflow/models/baseoperator.py", line 401, in wrapper
    return func(self, *args, **kwargs)
           ^^^^^^^^^^^^^^^^^^^^^^^^^^^
  File "/home/airflow/.local/lib/python3.12/site-packages/airflow/operators/bash.py", line 243, in execute
    raise AirflowException(
airflow.exceptions.AirflowException: Bash command failed. The command returned a non-zero exit code 127.
[2024-07-01T10:26:44.708+0000] {taskinstance.py:1206} INFO - Marking task as UP_FOR_RETRY. dag_id=dag_northwind, task_id=extract_csv, run_id=scheduled__2024-03-26T00:00:00+00:00, execution_date=20240326T000000, start_date=20240701T102644, end_date=20240701T102644
[2024-07-01T10:26:44.853+0000] {standard_task_runner.py:110} ERROR - Failed to execute job 1206 for task extract_csv (Bash command failed. The command returned a non-zero exit code 127.; 6519)
[2024-07-01T10:26:44.870+0000] {local_task_job_runner.py:240} INFO - Task exited with return code 1
[2024-07-01T10:26:44.897+0000] {local_task_job_runner.py:222} INFO - ::endgroup::
