[2024-06-30T21:03:44.832+0000] {local_task_job_runner.py:120} INFO - ::group::Pre task execution logs
[2024-06-30T21:03:44.899+0000] {taskinstance.py:2076} INFO - Dependencies all met for dep_context=non-requeueable deps ti=<TaskInstance: dag_northwind.extract_postgres scheduled__2024-02-16T00:00:00+00:00 [queued]>
[2024-06-30T21:03:44.935+0000] {taskinstance.py:2076} INFO - Dependencies all met for dep_context=requeueable deps ti=<TaskInstance: dag_northwind.extract_postgres scheduled__2024-02-16T00:00:00+00:00 [queued]>
[2024-06-30T21:03:44.937+0000] {taskinstance.py:2306} INFO - Starting attempt 1 of 2
[2024-06-30T21:03:44.975+0000] {taskinstance.py:2330} INFO - Executing <Task(BashOperator): extract_postgres> on 2024-02-16 00:00:00+00:00
[2024-06-30T21:03:44.988+0000] {standard_task_runner.py:90} INFO - Running: ['airflow', 'tasks', 'run', 'dag_northwind', 'extract_postgres', 'scheduled__2024-02-16T00:00:00+00:00', '--job-id', '469', '--raw', '--subdir', 'DAGS_FOLDER/dag_northwind.py', '--cfg-path', '/tmp/tmprfjoxayy']
[2024-06-30T21:03:44.990+0000] {logging_mixin.py:188} WARNING - /home/airflow/.local/lib/python3.12/site-packages/airflow/task/task_runner/standard_task_runner.py:61 DeprecationWarning: This process (pid=975) is multi-threaded, use of fork() may lead to deadlocks in the child.
[2024-06-30T21:03:44.992+0000] {standard_task_runner.py:91} INFO - Job 469: Subtask extract_postgres
[2024-06-30T21:03:44.993+0000] {standard_task_runner.py:63} INFO - Started process 980 to run task
[2024-06-30T21:03:45.084+0000] {task_command.py:426} INFO - Running <TaskInstance: dag_northwind.extract_postgres scheduled__2024-02-16T00:00:00+00:00 [running]> on host a7d76f00647b
[2024-06-30T21:03:45.241+0000] {taskinstance.py:2648} INFO - Exporting env vars: AIRFLOW_CTX_DAG_OWNER='airflow' AIRFLOW_CTX_DAG_ID='dag_northwind' AIRFLOW_CTX_TASK_ID='extract_postgres' AIRFLOW_CTX_EXECUTION_DATE='2024-02-16T00:00:00+00:00' AIRFLOW_CTX_TRY_NUMBER='1' AIRFLOW_CTX_DAG_RUN_ID='scheduled__2024-02-16T00:00:00+00:00'
[2024-06-30T21:03:45.241+0000] {taskinstance.py:430} INFO - ::endgroup::
[2024-06-30T21:03:45.275+0000] {subprocess.py:63} INFO - Tmp dir root location: /tmp
[2024-06-30T21:03:45.276+0000] {subprocess.py:75} INFO - Running command: ['/usr/bin/bash', '-c', 'meltano elt tap-postgres target-csv --job_id=extract_postgres_2024-02-16 && mkdir -p /data/postgres/2024-02-16 && mv /project/output/tap-postgres/*.csv /data/postgres/2024-02-16/']
[2024-06-30T21:03:45.287+0000] {subprocess.py:86} INFO - Output:
[2024-06-30T21:03:45.289+0000] {subprocess.py:93} INFO - /usr/bin/bash: line 1: meltano: command not found
[2024-06-30T21:03:45.290+0000] {subprocess.py:97} INFO - Command exited with return code 127
[2024-06-30T21:03:45.291+0000] {taskinstance.py:441} INFO - ::group::Post task execution logs
[2024-06-30T21:03:45.304+0000] {taskinstance.py:2905} ERROR - Task failed with exception
Traceback (most recent call last):
  File "/home/airflow/.local/lib/python3.12/site-packages/airflow/models/taskinstance.py", line 465, in _execute_task
    result = _execute_callable(context=context, **execute_callable_kwargs)
             ^^^^^^^^^^^^^^^^^^^^^^^^^^^^^^^^^^^^^^^^^^^^^^^^^^^^^^^^^^^^^
  File "/home/airflow/.local/lib/python3.12/site-packages/airflow/models/taskinstance.py", line 432, in _execute_callable
    return execute_callable(context=context, **execute_callable_kwargs)
           ^^^^^^^^^^^^^^^^^^^^^^^^^^^^^^^^^^^^^^^^^^^^^^^^^^^^^^^^^^^^
  File "/home/airflow/.local/lib/python3.12/site-packages/airflow/models/baseoperator.py", line 401, in wrapper
    return func(self, *args, **kwargs)
           ^^^^^^^^^^^^^^^^^^^^^^^^^^^
  File "/home/airflow/.local/lib/python3.12/site-packages/airflow/operators/bash.py", line 243, in execute
    raise AirflowException(
airflow.exceptions.AirflowException: Bash command failed. The command returned a non-zero exit code 127.
[2024-06-30T21:03:45.310+0000] {taskinstance.py:1206} INFO - Marking task as UP_FOR_RETRY. dag_id=dag_northwind, task_id=extract_postgres, run_id=scheduled__2024-02-16T00:00:00+00:00, execution_date=20240216T000000, start_date=20240630T210344, end_date=20240630T210345
[2024-06-30T21:03:45.331+0000] {standard_task_runner.py:110} ERROR - Failed to execute job 469 for task extract_postgres (Bash command failed. The command returned a non-zero exit code 127.; 980)
[2024-06-30T21:03:45.371+0000] {local_task_job_runner.py:240} INFO - Task exited with return code 1
[2024-06-30T21:03:45.404+0000] {taskinstance.py:3503} INFO - 0 downstream tasks scheduled from follow-on schedule check
[2024-06-30T21:03:45.406+0000] {local_task_job_runner.py:222} INFO - ::endgroup::
[2024-07-01T10:11:22.914+0000] {local_task_job_runner.py:120} INFO - ::group::Pre task execution logs
[2024-07-01T10:11:22.989+0000] {taskinstance.py:2076} INFO - Dependencies all met for dep_context=non-requeueable deps ti=<TaskInstance: dag_northwind.extract_postgres scheduled__2024-02-16T00:00:00+00:00 [queued]>
[2024-07-01T10:11:23.006+0000] {taskinstance.py:2076} INFO - Dependencies all met for dep_context=requeueable deps ti=<TaskInstance: dag_northwind.extract_postgres scheduled__2024-02-16T00:00:00+00:00 [queued]>
[2024-07-01T10:11:23.008+0000] {taskinstance.py:2306} INFO - Starting attempt 1 of 2
[2024-07-01T10:11:23.208+0000] {taskinstance.py:2330} INFO - Executing <Task(BashOperator): extract_postgres> on 2024-02-16 00:00:00+00:00
[2024-07-01T10:11:23.219+0000] {logging_mixin.py:188} WARNING - /home/airflow/.local/lib/python3.12/site-packages/airflow/task/task_runner/standard_task_runner.py:61 DeprecationWarning: This process (pid=5658) is multi-threaded, use of fork() may lead to deadlocks in the child.
[2024-07-01T10:11:23.219+0000] {standard_task_runner.py:90} INFO - Running: ['airflow', 'tasks', 'run', 'dag_northwind', 'extract_postgres', 'scheduled__2024-02-16T00:00:00+00:00', '--job-id', '1032', '--raw', '--subdir', 'DAGS_FOLDER/dag_northwind.py', '--cfg-path', '/tmp/tmpsya3hcx1']
[2024-07-01T10:11:23.222+0000] {standard_task_runner.py:63} INFO - Started process 5671 to run task
[2024-07-01T10:11:23.222+0000] {standard_task_runner.py:91} INFO - Job 1032: Subtask extract_postgres
[2024-07-01T10:11:23.287+0000] {task_command.py:426} INFO - Running <TaskInstance: dag_northwind.extract_postgres scheduled__2024-02-16T00:00:00+00:00 [running]> on host 85c6ea7cd9cf
[2024-07-01T10:11:23.406+0000] {taskinstance.py:2648} INFO - Exporting env vars: AIRFLOW_CTX_DAG_OWNER='airflow' AIRFLOW_CTX_DAG_ID='dag_northwind' AIRFLOW_CTX_TASK_ID='extract_postgres' AIRFLOW_CTX_EXECUTION_DATE='2024-02-16T00:00:00+00:00' AIRFLOW_CTX_TRY_NUMBER='1' AIRFLOW_CTX_DAG_RUN_ID='scheduled__2024-02-16T00:00:00+00:00'
[2024-07-01T10:11:23.407+0000] {taskinstance.py:430} INFO - ::endgroup::
[2024-07-01T10:11:23.429+0000] {subprocess.py:63} INFO - Tmp dir root location: /tmp
[2024-07-01T10:11:23.430+0000] {subprocess.py:75} INFO - Running command: ['/usr/bin/bash', '-c', 'meltano elt tap-postgres target-csv --job_id=extract_postgres_2024-02-16 && mkdir -p /data/postgres/2024-02-16 && mv /project/output/tap-postgres/*.csv /data/postgres/2024-02-16/']
[2024-07-01T10:11:23.441+0000] {subprocess.py:86} INFO - Output:
[2024-07-01T10:11:23.443+0000] {subprocess.py:93} INFO - /usr/bin/bash: line 1: meltano: command not found
[2024-07-01T10:11:23.444+0000] {subprocess.py:97} INFO - Command exited with return code 127
[2024-07-01T10:11:23.445+0000] {taskinstance.py:441} INFO - ::group::Post task execution logs
[2024-07-01T10:11:23.459+0000] {taskinstance.py:2905} ERROR - Task failed with exception
Traceback (most recent call last):
  File "/home/airflow/.local/lib/python3.12/site-packages/airflow/models/taskinstance.py", line 465, in _execute_task
    result = _execute_callable(context=context, **execute_callable_kwargs)
             ^^^^^^^^^^^^^^^^^^^^^^^^^^^^^^^^^^^^^^^^^^^^^^^^^^^^^^^^^^^^^
  File "/home/airflow/.local/lib/python3.12/site-packages/airflow/models/taskinstance.py", line 432, in _execute_callable
    return execute_callable(context=context, **execute_callable_kwargs)
           ^^^^^^^^^^^^^^^^^^^^^^^^^^^^^^^^^^^^^^^^^^^^^^^^^^^^^^^^^^^^
  File "/home/airflow/.local/lib/python3.12/site-packages/airflow/models/baseoperator.py", line 401, in wrapper
    return func(self, *args, **kwargs)
           ^^^^^^^^^^^^^^^^^^^^^^^^^^^
  File "/home/airflow/.local/lib/python3.12/site-packages/airflow/operators/bash.py", line 243, in execute
    raise AirflowException(
airflow.exceptions.AirflowException: Bash command failed. The command returned a non-zero exit code 127.
[2024-07-01T10:11:23.465+0000] {taskinstance.py:1206} INFO - Marking task as UP_FOR_RETRY. dag_id=dag_northwind, task_id=extract_postgres, run_id=scheduled__2024-02-16T00:00:00+00:00, execution_date=20240216T000000, start_date=20240701T101122, end_date=20240701T101123
[2024-07-01T10:11:23.480+0000] {standard_task_runner.py:110} ERROR - Failed to execute job 1032 for task extract_postgres (Bash command failed. The command returned a non-zero exit code 127.; 5671)
[2024-07-01T10:11:23.517+0000] {local_task_job_runner.py:240} INFO - Task exited with return code 1
[2024-07-01T10:11:23.549+0000] {taskinstance.py:3503} INFO - 0 downstream tasks scheduled from follow-on schedule check
[2024-07-01T10:11:23.551+0000] {local_task_job_runner.py:222} INFO - ::endgroup::
