[2024-07-01T10:52:29.617+0000] {local_task_job_runner.py:120} INFO - ::group::Pre task execution logs
[2024-07-01T10:52:29.775+0000] {taskinstance.py:2076} INFO - Dependencies all met for dep_context=non-requeueable deps ti=<TaskInstance: dag_northwind.extract_postgres scheduled__2024-05-30T00:00:00+00:00 [queued]>
[2024-07-01T10:52:29.793+0000] {taskinstance.py:2076} INFO - Dependencies all met for dep_context=requeueable deps ti=<TaskInstance: dag_northwind.extract_postgres scheduled__2024-05-30T00:00:00+00:00 [queued]>
[2024-07-01T10:52:29.795+0000] {taskinstance.py:2306} INFO - Starting attempt 2 of 2
[2024-07-01T10:52:29.958+0000] {taskinstance.py:2330} INFO - Executing <Task(BashOperator): extract_postgres> on 2024-05-30 00:00:00+00:00
[2024-07-01T10:52:29.996+0000] {standard_task_runner.py:90} INFO - Running: ['airflow', 'tasks', 'run', 'dag_northwind', 'extract_postgres', 'scheduled__2024-05-30T00:00:00+00:00', '--job-id', '1494', '--raw', '--subdir', 'DAGS_FOLDER/dag_northwind.py', '--cfg-path', '/tmp/tmpjrkgek60']
[2024-07-01T10:52:30.002+0000] {standard_task_runner.py:91} INFO - Job 1494: Subtask extract_postgres
[2024-07-01T10:52:30.006+0000] {logging_mixin.py:188} WARNING - /home/airflow/.local/lib/python3.12/site-packages/airflow/task/task_runner/standard_task_runner.py:61 DeprecationWarning: This process (pid=7901) is multi-threaded, use of fork() may lead to deadlocks in the child.
[2024-07-01T10:52:30.008+0000] {standard_task_runner.py:63} INFO - Started process 7926 to run task
[2024-07-01T10:52:30.137+0000] {task_command.py:426} INFO - Running <TaskInstance: dag_northwind.extract_postgres scheduled__2024-05-30T00:00:00+00:00 [running]> on host 85c6ea7cd9cf
[2024-07-01T10:52:30.305+0000] {taskinstance.py:2648} INFO - Exporting env vars: AIRFLOW_CTX_DAG_OWNER='airflow' AIRFLOW_CTX_DAG_ID='dag_northwind' AIRFLOW_CTX_TASK_ID='extract_postgres' AIRFLOW_CTX_EXECUTION_DATE='2024-05-30T00:00:00+00:00' AIRFLOW_CTX_TRY_NUMBER='2' AIRFLOW_CTX_DAG_RUN_ID='scheduled__2024-05-30T00:00:00+00:00'
[2024-07-01T10:52:30.306+0000] {taskinstance.py:430} INFO - ::endgroup::
[2024-07-01T10:52:30.329+0000] {subprocess.py:63} INFO - Tmp dir root location: /tmp
[2024-07-01T10:52:30.330+0000] {subprocess.py:75} INFO - Running command: ['/usr/bin/bash', '-c', 'meltano elt tap-postgres target-csv --job_id=extract_postgres_2024-05-30 && mkdir -p /data/postgres/2024-05-30 && mv /project/output/tap-postgres/*.csv /data/postgres/2024-05-30/']
[2024-07-01T10:52:30.344+0000] {subprocess.py:86} INFO - Output:
[2024-07-01T10:52:30.347+0000] {subprocess.py:93} INFO - /usr/bin/bash: line 1: meltano: command not found
[2024-07-01T10:52:30.348+0000] {subprocess.py:97} INFO - Command exited with return code 127
[2024-07-01T10:52:30.349+0000] {taskinstance.py:441} INFO - ::group::Post task execution logs
[2024-07-01T10:52:30.363+0000] {taskinstance.py:2905} ERROR - Task failed with exception
Traceback (most recent call last):
  File "/home/airflow/.local/lib/python3.12/site-packages/airflow/models/taskinstance.py", line 465, in _execute_task
    result = _execute_callable(context=context, **execute_callable_kwargs)
             ^^^^^^^^^^^^^^^^^^^^^^^^^^^^^^^^^^^^^^^^^^^^^^^^^^^^^^^^^^^^^
  File "/home/airflow/.local/lib/python3.12/site-packages/airflow/models/taskinstance.py", line 432, in _execute_callable
    return execute_callable(context=context, **execute_callable_kwargs)
           ^^^^^^^^^^^^^^^^^^^^^^^^^^^^^^^^^^^^^^^^^^^^^^^^^^^^^^^^^^^^
  File "/home/airflow/.local/lib/python3.12/site-packages/airflow/models/baseoperator.py", line 401, in wrapper
    return func(self, *args, **kwargs)
           ^^^^^^^^^^^^^^^^^^^^^^^^^^^
  File "/home/airflow/.local/lib/python3.12/site-packages/airflow/operators/bash.py", line 243, in execute
    raise AirflowException(
airflow.exceptions.AirflowException: Bash command failed. The command returned a non-zero exit code 127.
[2024-07-01T10:52:30.369+0000] {taskinstance.py:1206} INFO - Marking task as FAILED. dag_id=dag_northwind, task_id=extract_postgres, run_id=scheduled__2024-05-30T00:00:00+00:00, execution_date=20240530T000000, start_date=20240701T105229, end_date=20240701T105230
[2024-07-01T10:52:30.388+0000] {standard_task_runner.py:110} ERROR - Failed to execute job 1494 for task extract_postgres (Bash command failed. The command returned a non-zero exit code 127.; 7926)
[2024-07-01T10:52:30.433+0000] {local_task_job_runner.py:240} INFO - Task exited with return code 1
[2024-07-01T10:52:30.447+0000] {local_task_job_runner.py:222} INFO - ::endgroup::
