[2024-07-01T01:41:01.455+0000] {local_task_job_runner.py:120} INFO - ::group::Pre task execution logs
[2024-07-01T01:41:01.544+0000] {taskinstance.py:2076} INFO - Dependencies all met for dep_context=non-requeueable deps ti=<TaskInstance: dag_northwind.extract_postgres scheduled__2024-05-04T00:00:00+00:00 [queued]>
[2024-07-01T01:41:01.578+0000] {taskinstance.py:2076} INFO - Dependencies all met for dep_context=requeueable deps ti=<TaskInstance: dag_northwind.extract_postgres scheduled__2024-05-04T00:00:00+00:00 [queued]>
[2024-07-01T01:41:01.583+0000] {taskinstance.py:2306} INFO - Starting attempt 2 of 2
[2024-07-01T01:41:01.633+0000] {taskinstance.py:2330} INFO - Executing <Task(BashOperator): extract_postgres> on 2024-05-04 00:00:00+00:00
[2024-07-01T01:41:01.652+0000] {logging_mixin.py:188} WARNING - /home/airflow/.local/lib/python3.12/site-packages/airflow/task/task_runner/standard_task_runner.py:61 DeprecationWarning: This process (pid=1771) is multi-threaded, use of fork() may lead to deadlocks in the child.
[2024-07-01T01:41:01.654+0000] {standard_task_runner.py:63} INFO - Started process 1791 to run task
[2024-07-01T01:41:01.651+0000] {standard_task_runner.py:90} INFO - Running: ['airflow', 'tasks', 'run', 'dag_northwind', 'extract_postgres', 'scheduled__2024-05-04T00:00:00+00:00', '--job-id', '842', '--raw', '--subdir', 'DAGS_FOLDER/dag_northwind.py', '--cfg-path', '/tmp/tmpal1wnwda']
[2024-07-01T01:41:01.663+0000] {standard_task_runner.py:91} INFO - Job 842: Subtask extract_postgres
[2024-07-01T01:41:01.794+0000] {task_command.py:426} INFO - Running <TaskInstance: dag_northwind.extract_postgres scheduled__2024-05-04T00:00:00+00:00 [running]> on host 05d913303710
[2024-07-01T01:41:02.014+0000] {taskinstance.py:2648} INFO - Exporting env vars: AIRFLOW_CTX_DAG_OWNER='airflow' AIRFLOW_CTX_DAG_ID='dag_northwind' AIRFLOW_CTX_TASK_ID='extract_postgres' AIRFLOW_CTX_EXECUTION_DATE='2024-05-04T00:00:00+00:00' AIRFLOW_CTX_TRY_NUMBER='2' AIRFLOW_CTX_DAG_RUN_ID='scheduled__2024-05-04T00:00:00+00:00'
[2024-07-01T01:41:02.016+0000] {taskinstance.py:430} INFO - ::endgroup::
[2024-07-01T01:41:02.049+0000] {subprocess.py:63} INFO - Tmp dir root location: /tmp
[2024-07-01T01:41:02.051+0000] {subprocess.py:75} INFO - Running command: ['/usr/bin/bash', '-c', 'meltano elt tap-postgres target-csv --job_id=extract_postgres_2024-05-04 && mkdir -p /data/postgres/2024-05-04 && mv /project/output/tap-postgres/*.csv /data/postgres/2024-05-04/']
[2024-07-01T01:41:02.063+0000] {subprocess.py:86} INFO - Output:
[2024-07-01T01:41:02.067+0000] {subprocess.py:93} INFO - /usr/bin/bash: line 1: meltano: command not found
[2024-07-01T01:41:02.067+0000] {subprocess.py:97} INFO - Command exited with return code 127
[2024-07-01T01:41:02.069+0000] {taskinstance.py:441} INFO - ::group::Post task execution logs
[2024-07-01T01:41:02.086+0000] {taskinstance.py:2905} ERROR - Task failed with exception
Traceback (most recent call last):
  File "/home/airflow/.local/lib/python3.12/site-packages/airflow/models/taskinstance.py", line 465, in _execute_task
    result = _execute_callable(context=context, **execute_callable_kwargs)
             ^^^^^^^^^^^^^^^^^^^^^^^^^^^^^^^^^^^^^^^^^^^^^^^^^^^^^^^^^^^^^
  File "/home/airflow/.local/lib/python3.12/site-packages/airflow/models/taskinstance.py", line 432, in _execute_callable
    return execute_callable(context=context, **execute_callable_kwargs)
           ^^^^^^^^^^^^^^^^^^^^^^^^^^^^^^^^^^^^^^^^^^^^^^^^^^^^^^^^^^^^
  File "/home/airflow/.local/lib/python3.12/site-packages/airflow/models/baseoperator.py", line 401, in wrapper
    return func(self, *args, **kwargs)
           ^^^^^^^^^^^^^^^^^^^^^^^^^^^
  File "/home/airflow/.local/lib/python3.12/site-packages/airflow/operators/bash.py", line 243, in execute
    raise AirflowException(
airflow.exceptions.AirflowException: Bash command failed. The command returned a non-zero exit code 127.
[2024-07-01T01:41:02.095+0000] {taskinstance.py:1206} INFO - Marking task as FAILED. dag_id=dag_northwind, task_id=extract_postgres, run_id=scheduled__2024-05-04T00:00:00+00:00, execution_date=20240504T000000, start_date=20240701T014101, end_date=20240701T014102
[2024-07-01T01:41:02.118+0000] {standard_task_runner.py:110} ERROR - Failed to execute job 842 for task extract_postgres (Bash command failed. The command returned a non-zero exit code 127.; 1791)
[2024-07-01T01:41:02.165+0000] {local_task_job_runner.py:240} INFO - Task exited with return code 1
[2024-07-01T01:41:02.191+0000] {taskinstance.py:3503} INFO - 0 downstream tasks scheduled from follow-on schedule check
[2024-07-01T01:41:02.194+0000] {local_task_job_runner.py:222} INFO - ::endgroup::
[2024-07-01T10:42:11.659+0000] {local_task_job_runner.py:120} INFO - ::group::Pre task execution logs
[2024-07-01T10:42:11.738+0000] {taskinstance.py:2076} INFO - Dependencies all met for dep_context=non-requeueable deps ti=<TaskInstance: dag_northwind.extract_postgres scheduled__2024-05-04T00:00:00+00:00 [queued]>
[2024-07-01T10:42:11.755+0000] {taskinstance.py:2076} INFO - Dependencies all met for dep_context=requeueable deps ti=<TaskInstance: dag_northwind.extract_postgres scheduled__2024-05-04T00:00:00+00:00 [queued]>
[2024-07-01T10:42:11.756+0000] {taskinstance.py:2306} INFO - Starting attempt 2 of 2
[2024-07-01T10:42:11.847+0000] {taskinstance.py:2330} INFO - Executing <Task(BashOperator): extract_postgres> on 2024-05-04 00:00:00+00:00
[2024-07-01T10:42:11.864+0000] {logging_mixin.py:188} WARNING - /home/airflow/.local/lib/python3.12/site-packages/airflow/task/task_runner/standard_task_runner.py:61 DeprecationWarning: This process (pid=7338) is multi-threaded, use of fork() may lead to deadlocks in the child.
[2024-07-01T10:42:11.867+0000] {standard_task_runner.py:63} INFO - Started process 7359 to run task
[2024-07-01T10:42:11.867+0000] {standard_task_runner.py:90} INFO - Running: ['airflow', 'tasks', 'run', 'dag_northwind', 'extract_postgres', 'scheduled__2024-05-04T00:00:00+00:00', '--job-id', '1379', '--raw', '--subdir', 'DAGS_FOLDER/dag_northwind.py', '--cfg-path', '/tmp/tmppu1p5nv9']
[2024-07-01T10:42:11.871+0000] {standard_task_runner.py:91} INFO - Job 1379: Subtask extract_postgres
[2024-07-01T10:42:11.960+0000] {task_command.py:426} INFO - Running <TaskInstance: dag_northwind.extract_postgres scheduled__2024-05-04T00:00:00+00:00 [running]> on host 85c6ea7cd9cf
[2024-07-01T10:42:12.123+0000] {taskinstance.py:2648} INFO - Exporting env vars: AIRFLOW_CTX_DAG_OWNER='airflow' AIRFLOW_CTX_DAG_ID='dag_northwind' AIRFLOW_CTX_TASK_ID='extract_postgres' AIRFLOW_CTX_EXECUTION_DATE='2024-05-04T00:00:00+00:00' AIRFLOW_CTX_TRY_NUMBER='2' AIRFLOW_CTX_DAG_RUN_ID='scheduled__2024-05-04T00:00:00+00:00'
[2024-07-01T10:42:12.128+0000] {taskinstance.py:430} INFO - ::endgroup::
[2024-07-01T10:42:12.163+0000] {subprocess.py:63} INFO - Tmp dir root location: /tmp
[2024-07-01T10:42:12.165+0000] {subprocess.py:75} INFO - Running command: ['/usr/bin/bash', '-c', 'meltano elt tap-postgres target-csv --job_id=extract_postgres_2024-05-04 && mkdir -p /data/postgres/2024-05-04 && mv /project/output/tap-postgres/*.csv /data/postgres/2024-05-04/']
[2024-07-01T10:42:12.184+0000] {subprocess.py:86} INFO - Output:
[2024-07-01T10:42:12.193+0000] {subprocess.py:93} INFO - /usr/bin/bash: line 1: meltano: command not found
[2024-07-01T10:42:12.195+0000] {subprocess.py:97} INFO - Command exited with return code 127
[2024-07-01T10:42:12.196+0000] {taskinstance.py:441} INFO - ::group::Post task execution logs
[2024-07-01T10:42:12.217+0000] {taskinstance.py:2905} ERROR - Task failed with exception
Traceback (most recent call last):
  File "/home/airflow/.local/lib/python3.12/site-packages/airflow/models/taskinstance.py", line 465, in _execute_task
    result = _execute_callable(context=context, **execute_callable_kwargs)
             ^^^^^^^^^^^^^^^^^^^^^^^^^^^^^^^^^^^^^^^^^^^^^^^^^^^^^^^^^^^^^
  File "/home/airflow/.local/lib/python3.12/site-packages/airflow/models/taskinstance.py", line 432, in _execute_callable
    return execute_callable(context=context, **execute_callable_kwargs)
           ^^^^^^^^^^^^^^^^^^^^^^^^^^^^^^^^^^^^^^^^^^^^^^^^^^^^^^^^^^^^
  File "/home/airflow/.local/lib/python3.12/site-packages/airflow/models/baseoperator.py", line 401, in wrapper
    return func(self, *args, **kwargs)
           ^^^^^^^^^^^^^^^^^^^^^^^^^^^
  File "/home/airflow/.local/lib/python3.12/site-packages/airflow/operators/bash.py", line 243, in execute
    raise AirflowException(
airflow.exceptions.AirflowException: Bash command failed. The command returned a non-zero exit code 127.
[2024-07-01T10:42:12.226+0000] {taskinstance.py:1206} INFO - Marking task as FAILED. dag_id=dag_northwind, task_id=extract_postgres, run_id=scheduled__2024-05-04T00:00:00+00:00, execution_date=20240504T000000, start_date=20240701T104211, end_date=20240701T104212
[2024-07-01T10:42:12.246+0000] {standard_task_runner.py:110} ERROR - Failed to execute job 1379 for task extract_postgres (Bash command failed. The command returned a non-zero exit code 127.; 7359)
[2024-07-01T10:42:12.283+0000] {local_task_job_runner.py:240} INFO - Task exited with return code 1
[2024-07-01T10:42:12.328+0000] {taskinstance.py:3503} INFO - 0 downstream tasks scheduled from follow-on schedule check
[2024-07-01T10:42:12.347+0000] {local_task_job_runner.py:222} INFO - ::endgroup::
