[2024-07-01T01:14:45.588+0000] {local_task_job_runner.py:120} INFO - ::group::Pre task execution logs
[2024-07-01T01:14:45.927+0000] {taskinstance.py:2076} INFO - Dependencies all met for dep_context=non-requeueable deps ti=<TaskInstance: dag_northwind.extract_csv scheduled__2024-02-14T00:00:00+00:00 [queued]>
[2024-07-01T01:14:46.016+0000] {taskinstance.py:2076} INFO - Dependencies all met for dep_context=requeueable deps ti=<TaskInstance: dag_northwind.extract_csv scheduled__2024-02-14T00:00:00+00:00 [queued]>
[2024-07-01T01:14:46.017+0000] {taskinstance.py:2306} INFO - Starting attempt 2 of 2
[2024-07-01T01:14:46.167+0000] {taskinstance.py:2330} INFO - Executing <Task(BashOperator): extract_csv> on 2024-02-14 00:00:00+00:00
[2024-07-01T01:14:46.196+0000] {standard_task_runner.py:90} INFO - Running: ['airflow', 'tasks', 'run', 'dag_northwind', 'extract_csv', 'scheduled__2024-02-14T00:00:00+00:00', '--job-id', '516', '--raw', '--subdir', 'DAGS_FOLDER/dag_northwind.py', '--cfg-path', '/tmp/tmp0atfcgtq']
[2024-07-01T01:14:46.209+0000] {standard_task_runner.py:91} INFO - Job 516: Subtask extract_csv
[2024-07-01T01:14:46.419+0000] {logging_mixin.py:188} WARNING - /home/airflow/.local/lib/python3.12/site-packages/airflow/task/task_runner/standard_task_runner.py:61 DeprecationWarning: This process (pid=210) is multi-threaded, use of fork() may lead to deadlocks in the child.
[2024-07-01T01:14:46.440+0000] {standard_task_runner.py:63} INFO - Started process 229 to run task
[2024-07-01T01:14:46.598+0000] {task_command.py:426} INFO - Running <TaskInstance: dag_northwind.extract_csv scheduled__2024-02-14T00:00:00+00:00 [running]> on host 05d913303710
[2024-07-01T01:14:47.301+0000] {taskinstance.py:2648} INFO - Exporting env vars: AIRFLOW_CTX_DAG_OWNER='airflow' AIRFLOW_CTX_DAG_ID='dag_northwind' AIRFLOW_CTX_TASK_ID='extract_csv' AIRFLOW_CTX_EXECUTION_DATE='2024-02-14T00:00:00+00:00' AIRFLOW_CTX_TRY_NUMBER='2' AIRFLOW_CTX_DAG_RUN_ID='scheduled__2024-02-14T00:00:00+00:00'
[2024-07-01T01:14:47.302+0000] {taskinstance.py:430} INFO - ::endgroup::
[2024-07-01T01:14:47.855+0000] {subprocess.py:63} INFO - Tmp dir root location: /tmp
[2024-07-01T01:14:47.871+0000] {subprocess.py:75} INFO - Running command: ['/usr/bin/bash', '-c', 'meltano elt tap-csv target-csv --job_id=extract_csv_2024-02-14 && mkdir -p /data/csv/2024-02-14 && mv /project/output/tap-csv/*.csv /data/csv/2024-02-14/']
[2024-07-01T01:14:48.023+0000] {subprocess.py:86} INFO - Output:
[2024-07-01T01:14:48.517+0000] {subprocess.py:93} INFO - /usr/bin/bash: line 1: meltano: command not found
[2024-07-01T01:14:49.697+0000] {subprocess.py:97} INFO - Command exited with return code 127
[2024-07-01T01:14:50.304+0000] {taskinstance.py:441} INFO - ::group::Post task execution logs
[2024-07-01T01:14:50.617+0000] {taskinstance.py:2905} ERROR - Task failed with exception
Traceback (most recent call last):
  File "/home/airflow/.local/lib/python3.12/site-packages/airflow/models/taskinstance.py", line 465, in _execute_task
    result = _execute_callable(context=context, **execute_callable_kwargs)
             ^^^^^^^^^^^^^^^^^^^^^^^^^^^^^^^^^^^^^^^^^^^^^^^^^^^^^^^^^^^^^
  File "/home/airflow/.local/lib/python3.12/site-packages/airflow/models/taskinstance.py", line 432, in _execute_callable
    return execute_callable(context=context, **execute_callable_kwargs)
           ^^^^^^^^^^^^^^^^^^^^^^^^^^^^^^^^^^^^^^^^^^^^^^^^^^^^^^^^^^^^
  File "/home/airflow/.local/lib/python3.12/site-packages/airflow/models/baseoperator.py", line 401, in wrapper
    return func(self, *args, **kwargs)
           ^^^^^^^^^^^^^^^^^^^^^^^^^^^
  File "/home/airflow/.local/lib/python3.12/site-packages/airflow/operators/bash.py", line 243, in execute
    raise AirflowException(
airflow.exceptions.AirflowException: Bash command failed. The command returned a non-zero exit code 127.
[2024-07-01T01:14:51.521+0000] {taskinstance.py:1206} INFO - Marking task as FAILED. dag_id=dag_northwind, task_id=extract_csv, run_id=scheduled__2024-02-14T00:00:00+00:00, execution_date=20240214T000000, start_date=20240701T011445, end_date=20240701T011451
[2024-07-01T01:14:53.276+0000] {standard_task_runner.py:110} ERROR - Failed to execute job 516 for task extract_csv (Bash command failed. The command returned a non-zero exit code 127.; 229)
[2024-07-01T01:14:54.348+0000] {local_task_job_runner.py:240} INFO - Task exited with return code 1
[2024-07-01T01:14:54.452+0000] {local_task_job_runner.py:222} INFO - ::endgroup::
[2024-07-01T10:16:23.506+0000] {local_task_job_runner.py:120} INFO - ::group::Pre task execution logs
[2024-07-01T10:16:23.592+0000] {taskinstance.py:2076} INFO - Dependencies all met for dep_context=non-requeueable deps ti=<TaskInstance: dag_northwind.extract_csv scheduled__2024-02-14T00:00:00+00:00 [queued]>
[2024-07-01T10:16:23.610+0000] {taskinstance.py:2076} INFO - Dependencies all met for dep_context=requeueable deps ti=<TaskInstance: dag_northwind.extract_csv scheduled__2024-02-14T00:00:00+00:00 [queued]>
[2024-07-01T10:16:23.611+0000] {taskinstance.py:2306} INFO - Starting attempt 2 of 2
[2024-07-01T10:16:23.673+0000] {taskinstance.py:2330} INFO - Executing <Task(BashOperator): extract_csv> on 2024-02-14 00:00:00+00:00
[2024-07-01T10:16:23.692+0000] {logging_mixin.py:188} WARNING - /home/airflow/.local/lib/python3.12/site-packages/airflow/task/task_runner/standard_task_runner.py:61 DeprecationWarning: This process (pid=5806) is multi-threaded, use of fork() may lead to deadlocks in the child.
[2024-07-01T10:16:23.695+0000] {standard_task_runner.py:63} INFO - Started process 5830 to run task
[2024-07-01T10:16:23.692+0000] {standard_task_runner.py:90} INFO - Running: ['airflow', 'tasks', 'run', 'dag_northwind', 'extract_csv', 'scheduled__2024-02-14T00:00:00+00:00', '--job-id', '1061', '--raw', '--subdir', 'DAGS_FOLDER/dag_northwind.py', '--cfg-path', '/tmp/tmpxhrctv75']
[2024-07-01T10:16:23.700+0000] {standard_task_runner.py:91} INFO - Job 1061: Subtask extract_csv
[2024-07-01T10:16:23.843+0000] {task_command.py:426} INFO - Running <TaskInstance: dag_northwind.extract_csv scheduled__2024-02-14T00:00:00+00:00 [running]> on host 85c6ea7cd9cf
[2024-07-01T10:16:24.040+0000] {taskinstance.py:2648} INFO - Exporting env vars: AIRFLOW_CTX_DAG_OWNER='airflow' AIRFLOW_CTX_DAG_ID='dag_northwind' AIRFLOW_CTX_TASK_ID='extract_csv' AIRFLOW_CTX_EXECUTION_DATE='2024-02-14T00:00:00+00:00' AIRFLOW_CTX_TRY_NUMBER='2' AIRFLOW_CTX_DAG_RUN_ID='scheduled__2024-02-14T00:00:00+00:00'
[2024-07-01T10:16:24.042+0000] {taskinstance.py:430} INFO - ::endgroup::
[2024-07-01T10:16:24.075+0000] {subprocess.py:63} INFO - Tmp dir root location: /tmp
[2024-07-01T10:16:24.077+0000] {subprocess.py:75} INFO - Running command: ['/usr/bin/bash', '-c', 'meltano elt tap-csv target-csv --job_id=extract_csv_2024-02-14 && mkdir -p /data/csv/2024-02-14 && mv /project/output/tap-csv/*.csv /data/csv/2024-02-14/']
[2024-07-01T10:16:24.090+0000] {subprocess.py:86} INFO - Output:
[2024-07-01T10:16:24.093+0000] {subprocess.py:93} INFO - /usr/bin/bash: line 1: meltano: command not found
[2024-07-01T10:16:24.094+0000] {subprocess.py:97} INFO - Command exited with return code 127
[2024-07-01T10:16:24.096+0000] {taskinstance.py:441} INFO - ::group::Post task execution logs
[2024-07-01T10:16:24.114+0000] {taskinstance.py:2905} ERROR - Task failed with exception
Traceback (most recent call last):
  File "/home/airflow/.local/lib/python3.12/site-packages/airflow/models/taskinstance.py", line 465, in _execute_task
    result = _execute_callable(context=context, **execute_callable_kwargs)
             ^^^^^^^^^^^^^^^^^^^^^^^^^^^^^^^^^^^^^^^^^^^^^^^^^^^^^^^^^^^^^
  File "/home/airflow/.local/lib/python3.12/site-packages/airflow/models/taskinstance.py", line 432, in _execute_callable
    return execute_callable(context=context, **execute_callable_kwargs)
           ^^^^^^^^^^^^^^^^^^^^^^^^^^^^^^^^^^^^^^^^^^^^^^^^^^^^^^^^^^^^
  File "/home/airflow/.local/lib/python3.12/site-packages/airflow/models/baseoperator.py", line 401, in wrapper
    return func(self, *args, **kwargs)
           ^^^^^^^^^^^^^^^^^^^^^^^^^^^
  File "/home/airflow/.local/lib/python3.12/site-packages/airflow/operators/bash.py", line 243, in execute
    raise AirflowException(
airflow.exceptions.AirflowException: Bash command failed. The command returned a non-zero exit code 127.
[2024-07-01T10:16:24.122+0000] {taskinstance.py:1206} INFO - Marking task as FAILED. dag_id=dag_northwind, task_id=extract_csv, run_id=scheduled__2024-02-14T00:00:00+00:00, execution_date=20240214T000000, start_date=20240701T101623, end_date=20240701T101624
[2024-07-01T10:16:24.147+0000] {standard_task_runner.py:110} ERROR - Failed to execute job 1061 for task extract_csv (Bash command failed. The command returned a non-zero exit code 127.; 5830)
[2024-07-01T10:16:24.196+0000] {local_task_job_runner.py:240} INFO - Task exited with return code 1
[2024-07-01T10:16:24.213+0000] {local_task_job_runner.py:222} INFO - ::endgroup::
