[2024-07-01T01:41:08.109+0000] {local_task_job_runner.py:120} INFO - ::group::Pre task execution logs
[2024-07-01T01:41:08.181+0000] {taskinstance.py:2076} INFO - Dependencies all met for dep_context=non-requeueable deps ti=<TaskInstance: dag_northwind.extract_postgres scheduled__2024-05-12T00:00:00+00:00 [queued]>
[2024-07-01T01:41:08.205+0000] {taskinstance.py:2076} INFO - Dependencies all met for dep_context=requeueable deps ti=<TaskInstance: dag_northwind.extract_postgres scheduled__2024-05-12T00:00:00+00:00 [queued]>
[2024-07-01T01:41:08.206+0000] {taskinstance.py:2306} INFO - Starting attempt 1 of 2
[2024-07-01T01:41:08.242+0000] {taskinstance.py:2330} INFO - Executing <Task(BashOperator): extract_postgres> on 2024-05-12 00:00:00+00:00
[2024-07-01T01:41:08.259+0000] {logging_mixin.py:188} WARNING - /home/airflow/.local/lib/python3.12/site-packages/airflow/task/task_runner/standard_task_runner.py:61 DeprecationWarning: This process (pid=1826) is multi-threaded, use of fork() may lead to deadlocks in the child.
[2024-07-01T01:41:08.261+0000] {standard_task_runner.py:63} INFO - Started process 1836 to run task
[2024-07-01T01:41:08.260+0000] {standard_task_runner.py:90} INFO - Running: ['airflow', 'tasks', 'run', 'dag_northwind', 'extract_postgres', 'scheduled__2024-05-12T00:00:00+00:00', '--job-id', '849', '--raw', '--subdir', 'DAGS_FOLDER/dag_northwind.py', '--cfg-path', '/tmp/tmpzv622mms']
[2024-07-01T01:41:08.264+0000] {standard_task_runner.py:91} INFO - Job 849: Subtask extract_postgres
[2024-07-01T01:41:08.370+0000] {task_command.py:426} INFO - Running <TaskInstance: dag_northwind.extract_postgres scheduled__2024-05-12T00:00:00+00:00 [running]> on host 05d913303710
[2024-07-01T01:41:08.592+0000] {taskinstance.py:2648} INFO - Exporting env vars: AIRFLOW_CTX_DAG_OWNER='airflow' AIRFLOW_CTX_DAG_ID='dag_northwind' AIRFLOW_CTX_TASK_ID='extract_postgres' AIRFLOW_CTX_EXECUTION_DATE='2024-05-12T00:00:00+00:00' AIRFLOW_CTX_TRY_NUMBER='1' AIRFLOW_CTX_DAG_RUN_ID='scheduled__2024-05-12T00:00:00+00:00'
[2024-07-01T01:41:08.595+0000] {taskinstance.py:430} INFO - ::endgroup::
[2024-07-01T01:41:08.637+0000] {subprocess.py:63} INFO - Tmp dir root location: /tmp
[2024-07-01T01:41:08.638+0000] {subprocess.py:75} INFO - Running command: ['/usr/bin/bash', '-c', 'meltano elt tap-postgres target-csv --job_id=extract_postgres_2024-05-12 && mkdir -p /data/postgres/2024-05-12 && mv /project/output/tap-postgres/*.csv /data/postgres/2024-05-12/']
[2024-07-01T01:41:08.652+0000] {subprocess.py:86} INFO - Output:
[2024-07-01T01:41:08.656+0000] {subprocess.py:93} INFO - /usr/bin/bash: line 1: meltano: command not found
[2024-07-01T01:41:08.657+0000] {subprocess.py:97} INFO - Command exited with return code 127
[2024-07-01T01:41:08.658+0000] {taskinstance.py:441} INFO - ::group::Post task execution logs
[2024-07-01T01:41:08.682+0000] {taskinstance.py:2905} ERROR - Task failed with exception
Traceback (most recent call last):
  File "/home/airflow/.local/lib/python3.12/site-packages/airflow/models/taskinstance.py", line 465, in _execute_task
    result = _execute_callable(context=context, **execute_callable_kwargs)
             ^^^^^^^^^^^^^^^^^^^^^^^^^^^^^^^^^^^^^^^^^^^^^^^^^^^^^^^^^^^^^
  File "/home/airflow/.local/lib/python3.12/site-packages/airflow/models/taskinstance.py", line 432, in _execute_callable
    return execute_callable(context=context, **execute_callable_kwargs)
           ^^^^^^^^^^^^^^^^^^^^^^^^^^^^^^^^^^^^^^^^^^^^^^^^^^^^^^^^^^^^
  File "/home/airflow/.local/lib/python3.12/site-packages/airflow/models/baseoperator.py", line 401, in wrapper
    return func(self, *args, **kwargs)
           ^^^^^^^^^^^^^^^^^^^^^^^^^^^
  File "/home/airflow/.local/lib/python3.12/site-packages/airflow/operators/bash.py", line 243, in execute
    raise AirflowException(
airflow.exceptions.AirflowException: Bash command failed. The command returned a non-zero exit code 127.
[2024-07-01T01:41:08.692+0000] {taskinstance.py:1206} INFO - Marking task as UP_FOR_RETRY. dag_id=dag_northwind, task_id=extract_postgres, run_id=scheduled__2024-05-12T00:00:00+00:00, execution_date=20240512T000000, start_date=20240701T014108, end_date=20240701T014108
[2024-07-01T01:41:08.732+0000] {standard_task_runner.py:110} ERROR - Failed to execute job 849 for task extract_postgres (Bash command failed. The command returned a non-zero exit code 127.; 1836)
[2024-07-01T01:41:08.762+0000] {local_task_job_runner.py:240} INFO - Task exited with return code 1
[2024-07-01T01:41:08.832+0000] {taskinstance.py:3503} INFO - 0 downstream tasks scheduled from follow-on schedule check
[2024-07-01T01:41:08.835+0000] {local_task_job_runner.py:222} INFO - ::endgroup::
[2024-07-01T10:42:15.386+0000] {local_task_job_runner.py:120} INFO - ::group::Pre task execution logs
[2024-07-01T10:42:15.472+0000] {taskinstance.py:2076} INFO - Dependencies all met for dep_context=non-requeueable deps ti=<TaskInstance: dag_northwind.extract_postgres scheduled__2024-05-12T00:00:00+00:00 [queued]>
[2024-07-01T10:42:15.495+0000] {taskinstance.py:2076} INFO - Dependencies all met for dep_context=requeueable deps ti=<TaskInstance: dag_northwind.extract_postgres scheduled__2024-05-12T00:00:00+00:00 [queued]>
[2024-07-01T10:42:15.497+0000] {taskinstance.py:2306} INFO - Starting attempt 1 of 2
[2024-07-01T10:42:15.532+0000] {taskinstance.py:2330} INFO - Executing <Task(BashOperator): extract_postgres> on 2024-05-12 00:00:00+00:00
[2024-07-01T10:42:15.549+0000] {logging_mixin.py:188} WARNING - /home/airflow/.local/lib/python3.12/site-packages/airflow/task/task_runner/standard_task_runner.py:61 DeprecationWarning: This process (pid=7408) is multi-threaded, use of fork() may lead to deadlocks in the child.
[2024-07-01T10:42:15.552+0000] {standard_task_runner.py:63} INFO - Started process 7427 to run task
[2024-07-01T10:42:15.553+0000] {standard_task_runner.py:90} INFO - Running: ['airflow', 'tasks', 'run', 'dag_northwind', 'extract_postgres', 'scheduled__2024-05-12T00:00:00+00:00', '--job-id', '1396', '--raw', '--subdir', 'DAGS_FOLDER/dag_northwind.py', '--cfg-path', '/tmp/tmppylf9w_o']
[2024-07-01T10:42:15.558+0000] {standard_task_runner.py:91} INFO - Job 1396: Subtask extract_postgres
[2024-07-01T10:42:15.675+0000] {task_command.py:426} INFO - Running <TaskInstance: dag_northwind.extract_postgres scheduled__2024-05-12T00:00:00+00:00 [running]> on host 85c6ea7cd9cf
[2024-07-01T10:42:15.896+0000] {taskinstance.py:2648} INFO - Exporting env vars: AIRFLOW_CTX_DAG_OWNER='airflow' AIRFLOW_CTX_DAG_ID='dag_northwind' AIRFLOW_CTX_TASK_ID='extract_postgres' AIRFLOW_CTX_EXECUTION_DATE='2024-05-12T00:00:00+00:00' AIRFLOW_CTX_TRY_NUMBER='1' AIRFLOW_CTX_DAG_RUN_ID='scheduled__2024-05-12T00:00:00+00:00'
[2024-07-01T10:42:15.897+0000] {taskinstance.py:430} INFO - ::endgroup::
[2024-07-01T10:42:15.931+0000] {subprocess.py:63} INFO - Tmp dir root location: /tmp
[2024-07-01T10:42:15.932+0000] {subprocess.py:75} INFO - Running command: ['/usr/bin/bash', '-c', 'meltano elt tap-postgres target-csv --job_id=extract_postgres_2024-05-12 && mkdir -p /data/postgres/2024-05-12 && mv /project/output/tap-postgres/*.csv /data/postgres/2024-05-12/']
[2024-07-01T10:42:15.948+0000] {subprocess.py:86} INFO - Output:
[2024-07-01T10:42:15.951+0000] {subprocess.py:93} INFO - /usr/bin/bash: line 1: meltano: command not found
[2024-07-01T10:42:15.952+0000] {subprocess.py:97} INFO - Command exited with return code 127
[2024-07-01T10:42:15.953+0000] {taskinstance.py:441} INFO - ::group::Post task execution logs
[2024-07-01T10:42:15.976+0000] {taskinstance.py:2905} ERROR - Task failed with exception
Traceback (most recent call last):
  File "/home/airflow/.local/lib/python3.12/site-packages/airflow/models/taskinstance.py", line 465, in _execute_task
    result = _execute_callable(context=context, **execute_callable_kwargs)
             ^^^^^^^^^^^^^^^^^^^^^^^^^^^^^^^^^^^^^^^^^^^^^^^^^^^^^^^^^^^^^
  File "/home/airflow/.local/lib/python3.12/site-packages/airflow/models/taskinstance.py", line 432, in _execute_callable
    return execute_callable(context=context, **execute_callable_kwargs)
           ^^^^^^^^^^^^^^^^^^^^^^^^^^^^^^^^^^^^^^^^^^^^^^^^^^^^^^^^^^^^
  File "/home/airflow/.local/lib/python3.12/site-packages/airflow/models/baseoperator.py", line 401, in wrapper
    return func(self, *args, **kwargs)
           ^^^^^^^^^^^^^^^^^^^^^^^^^^^
  File "/home/airflow/.local/lib/python3.12/site-packages/airflow/operators/bash.py", line 243, in execute
    raise AirflowException(
airflow.exceptions.AirflowException: Bash command failed. The command returned a non-zero exit code 127.
[2024-07-01T10:42:15.985+0000] {taskinstance.py:1206} INFO - Marking task as UP_FOR_RETRY. dag_id=dag_northwind, task_id=extract_postgres, run_id=scheduled__2024-05-12T00:00:00+00:00, execution_date=20240512T000000, start_date=20240701T104215, end_date=20240701T104215
[2024-07-01T10:42:16.013+0000] {standard_task_runner.py:110} ERROR - Failed to execute job 1396 for task extract_postgres (Bash command failed. The command returned a non-zero exit code 127.; 7427)
[2024-07-01T10:42:16.057+0000] {local_task_job_runner.py:240} INFO - Task exited with return code 1
[2024-07-01T10:42:16.109+0000] {taskinstance.py:3503} INFO - 0 downstream tasks scheduled from follow-on schedule check
[2024-07-01T10:42:16.111+0000] {local_task_job_runner.py:222} INFO - ::endgroup::
