[2024-07-01T01:09:40.245+0000] {local_task_job_runner.py:120} INFO - ::group::Pre task execution logs
[2024-07-01T01:09:40.393+0000] {taskinstance.py:2076} INFO - Dependencies all met for dep_context=non-requeueable deps ti=<TaskInstance: dag_northwind.extract_csv scheduled__2024-02-11T00:00:00+00:00 [queued]>
[2024-07-01T01:09:40.419+0000] {taskinstance.py:2076} INFO - Dependencies all met for dep_context=requeueable deps ti=<TaskInstance: dag_northwind.extract_csv scheduled__2024-02-11T00:00:00+00:00 [queued]>
[2024-07-01T01:09:40.420+0000] {taskinstance.py:2306} INFO - Starting attempt 1 of 2
[2024-07-01T01:09:40.456+0000] {taskinstance.py:2330} INFO - Executing <Task(BashOperator): extract_csv> on 2024-02-11 00:00:00+00:00
[2024-07-01T01:09:40.524+0000] {logging_mixin.py:188} WARNING - /home/airflow/.local/lib/python3.12/site-packages/airflow/task/task_runner/standard_task_runner.py:61 DeprecationWarning: This process (pid=499) is multi-threaded, use of fork() may lead to deadlocks in the child.
[2024-07-01T01:09:40.527+0000] {standard_task_runner.py:90} INFO - Running: ['airflow', 'tasks', 'run', 'dag_northwind', 'extract_csv', 'scheduled__2024-02-11T00:00:00+00:00', '--job-id', '490', '--raw', '--subdir', 'DAGS_FOLDER/dag_northwind.py', '--cfg-path', '/tmp/tmpaacw1ob8']
[2024-07-01T01:09:40.539+0000] {standard_task_runner.py:63} INFO - Started process 505 to run task
[2024-07-01T01:09:40.541+0000] {standard_task_runner.py:91} INFO - Job 490: Subtask extract_csv
[2024-07-01T01:09:40.753+0000] {task_command.py:426} INFO - Running <TaskInstance: dag_northwind.extract_csv scheduled__2024-02-11T00:00:00+00:00 [running]> on host 580c934a4829
[2024-07-01T01:09:41.152+0000] {taskinstance.py:2648} INFO - Exporting env vars: AIRFLOW_CTX_DAG_OWNER='airflow' AIRFLOW_CTX_DAG_ID='dag_northwind' AIRFLOW_CTX_TASK_ID='extract_csv' AIRFLOW_CTX_EXECUTION_DATE='2024-02-11T00:00:00+00:00' AIRFLOW_CTX_TRY_NUMBER='1' AIRFLOW_CTX_DAG_RUN_ID='scheduled__2024-02-11T00:00:00+00:00'
[2024-07-01T01:09:41.154+0000] {taskinstance.py:430} INFO - ::endgroup::
[2024-07-01T01:09:41.245+0000] {subprocess.py:63} INFO - Tmp dir root location: /tmp
[2024-07-01T01:09:41.260+0000] {subprocess.py:75} INFO - Running command: ['/usr/bin/bash', '-c', 'meltano elt tap-csv target-csv --job_id=extract_csv_2024-02-11 && mkdir -p /data/csv/2024-02-11 && mv /project/output/tap-csv/*.csv /data/csv/2024-02-11/']
[2024-07-01T01:09:41.296+0000] {subprocess.py:86} INFO - Output:
[2024-07-01T01:09:41.300+0000] {subprocess.py:93} INFO - /usr/bin/bash: line 1: meltano: command not found
[2024-07-01T01:09:41.301+0000] {subprocess.py:97} INFO - Command exited with return code 127
[2024-07-01T01:09:41.303+0000] {taskinstance.py:441} INFO - ::group::Post task execution logs
[2024-07-01T01:09:41.331+0000] {taskinstance.py:2905} ERROR - Task failed with exception
Traceback (most recent call last):
  File "/home/airflow/.local/lib/python3.12/site-packages/airflow/models/taskinstance.py", line 465, in _execute_task
    result = _execute_callable(context=context, **execute_callable_kwargs)
             ^^^^^^^^^^^^^^^^^^^^^^^^^^^^^^^^^^^^^^^^^^^^^^^^^^^^^^^^^^^^^
  File "/home/airflow/.local/lib/python3.12/site-packages/airflow/models/taskinstance.py", line 432, in _execute_callable
    return execute_callable(context=context, **execute_callable_kwargs)
           ^^^^^^^^^^^^^^^^^^^^^^^^^^^^^^^^^^^^^^^^^^^^^^^^^^^^^^^^^^^^
  File "/home/airflow/.local/lib/python3.12/site-packages/airflow/models/baseoperator.py", line 401, in wrapper
    return func(self, *args, **kwargs)
           ^^^^^^^^^^^^^^^^^^^^^^^^^^^
  File "/home/airflow/.local/lib/python3.12/site-packages/airflow/operators/bash.py", line 243, in execute
    raise AirflowException(
airflow.exceptions.AirflowException: Bash command failed. The command returned a non-zero exit code 127.
[2024-07-01T01:09:41.343+0000] {taskinstance.py:1206} INFO - Marking task as UP_FOR_RETRY. dag_id=dag_northwind, task_id=extract_csv, run_id=scheduled__2024-02-11T00:00:00+00:00, execution_date=20240211T000000, start_date=20240701T010940, end_date=20240701T010941
[2024-07-01T01:09:41.395+0000] {standard_task_runner.py:110} ERROR - Failed to execute job 490 for task extract_csv (Bash command failed. The command returned a non-zero exit code 127.; 505)
[2024-07-01T01:09:41.442+0000] {local_task_job_runner.py:240} INFO - Task exited with return code 1
[2024-07-01T01:09:41.540+0000] {taskinstance.py:3503} INFO - 0 downstream tasks scheduled from follow-on schedule check
[2024-07-01T01:09:41.549+0000] {local_task_job_runner.py:222} INFO - ::endgroup::
[2024-07-01T10:11:21.500+0000] {local_task_job_runner.py:120} INFO - ::group::Pre task execution logs
[2024-07-01T10:11:21.587+0000] {taskinstance.py:2076} INFO - Dependencies all met for dep_context=non-requeueable deps ti=<TaskInstance: dag_northwind.extract_csv scheduled__2024-02-11T00:00:00+00:00 [queued]>
[2024-07-01T10:11:21.604+0000] {taskinstance.py:2076} INFO - Dependencies all met for dep_context=requeueable deps ti=<TaskInstance: dag_northwind.extract_csv scheduled__2024-02-11T00:00:00+00:00 [queued]>
[2024-07-01T10:11:21.605+0000] {taskinstance.py:2306} INFO - Starting attempt 1 of 2
[2024-07-01T10:11:21.738+0000] {taskinstance.py:2330} INFO - Executing <Task(BashOperator): extract_csv> on 2024-02-11 00:00:00+00:00
[2024-07-01T10:11:21.752+0000] {logging_mixin.py:188} WARNING - /home/airflow/.local/lib/python3.12/site-packages/airflow/task/task_runner/standard_task_runner.py:61 DeprecationWarning: This process (pid=5614) is multi-threaded, use of fork() may lead to deadlocks in the child.
[2024-07-01T10:11:21.754+0000] {standard_task_runner.py:63} INFO - Started process 5627 to run task
[2024-07-01T10:11:21.752+0000] {standard_task_runner.py:90} INFO - Running: ['airflow', 'tasks', 'run', 'dag_northwind', 'extract_csv', 'scheduled__2024-02-11T00:00:00+00:00', '--job-id', '1022', '--raw', '--subdir', 'DAGS_FOLDER/dag_northwind.py', '--cfg-path', '/tmp/tmp40hh0qwj']
[2024-07-01T10:11:21.758+0000] {standard_task_runner.py:91} INFO - Job 1022: Subtask extract_csv
[2024-07-01T10:11:21.863+0000] {task_command.py:426} INFO - Running <TaskInstance: dag_northwind.extract_csv scheduled__2024-02-11T00:00:00+00:00 [running]> on host 85c6ea7cd9cf
[2024-07-01T10:11:21.995+0000] {taskinstance.py:2648} INFO - Exporting env vars: AIRFLOW_CTX_DAG_OWNER='airflow' AIRFLOW_CTX_DAG_ID='dag_northwind' AIRFLOW_CTX_TASK_ID='extract_csv' AIRFLOW_CTX_EXECUTION_DATE='2024-02-11T00:00:00+00:00' AIRFLOW_CTX_TRY_NUMBER='1' AIRFLOW_CTX_DAG_RUN_ID='scheduled__2024-02-11T00:00:00+00:00'
[2024-07-01T10:11:21.996+0000] {taskinstance.py:430} INFO - ::endgroup::
[2024-07-01T10:11:22.021+0000] {subprocess.py:63} INFO - Tmp dir root location: /tmp
[2024-07-01T10:11:22.022+0000] {subprocess.py:75} INFO - Running command: ['/usr/bin/bash', '-c', 'meltano elt tap-csv target-csv --job_id=extract_csv_2024-02-11 && mkdir -p /data/csv/2024-02-11 && mv /project/output/tap-csv/*.csv /data/csv/2024-02-11/']
[2024-07-01T10:11:22.036+0000] {subprocess.py:86} INFO - Output:
[2024-07-01T10:11:22.040+0000] {subprocess.py:93} INFO - /usr/bin/bash: line 1: meltano: command not found
[2024-07-01T10:11:22.042+0000] {subprocess.py:97} INFO - Command exited with return code 127
[2024-07-01T10:11:22.043+0000] {taskinstance.py:441} INFO - ::group::Post task execution logs
[2024-07-01T10:11:22.069+0000] {taskinstance.py:2905} ERROR - Task failed with exception
Traceback (most recent call last):
  File "/home/airflow/.local/lib/python3.12/site-packages/airflow/models/taskinstance.py", line 465, in _execute_task
    result = _execute_callable(context=context, **execute_callable_kwargs)
             ^^^^^^^^^^^^^^^^^^^^^^^^^^^^^^^^^^^^^^^^^^^^^^^^^^^^^^^^^^^^^
  File "/home/airflow/.local/lib/python3.12/site-packages/airflow/models/taskinstance.py", line 432, in _execute_callable
    return execute_callable(context=context, **execute_callable_kwargs)
           ^^^^^^^^^^^^^^^^^^^^^^^^^^^^^^^^^^^^^^^^^^^^^^^^^^^^^^^^^^^^
  File "/home/airflow/.local/lib/python3.12/site-packages/airflow/models/baseoperator.py", line 401, in wrapper
    return func(self, *args, **kwargs)
           ^^^^^^^^^^^^^^^^^^^^^^^^^^^
  File "/home/airflow/.local/lib/python3.12/site-packages/airflow/operators/bash.py", line 243, in execute
    raise AirflowException(
airflow.exceptions.AirflowException: Bash command failed. The command returned a non-zero exit code 127.
[2024-07-01T10:11:22.080+0000] {taskinstance.py:1206} INFO - Marking task as UP_FOR_RETRY. dag_id=dag_northwind, task_id=extract_csv, run_id=scheduled__2024-02-11T00:00:00+00:00, execution_date=20240211T000000, start_date=20240701T101121, end_date=20240701T101122
[2024-07-01T10:11:22.111+0000] {standard_task_runner.py:110} ERROR - Failed to execute job 1022 for task extract_csv (Bash command failed. The command returned a non-zero exit code 127.; 5627)
[2024-07-01T10:11:22.134+0000] {local_task_job_runner.py:240} INFO - Task exited with return code 1
[2024-07-01T10:11:22.185+0000] {taskinstance.py:3503} INFO - 0 downstream tasks scheduled from follow-on schedule check
[2024-07-01T10:11:22.187+0000] {local_task_job_runner.py:222} INFO - ::endgroup::
