[2024-07-01T01:30:48.536+0000] {local_task_job_runner.py:120} INFO - ::group::Pre task execution logs
[2024-07-01T01:30:48.606+0000] {taskinstance.py:2076} INFO - Dependencies all met for dep_context=non-requeueable deps ti=<TaskInstance: dag_northwind.extract_postgres scheduled__2024-04-06T00:00:00+00:00 [queued]>
[2024-07-01T01:30:48.626+0000] {taskinstance.py:2076} INFO - Dependencies all met for dep_context=requeueable deps ti=<TaskInstance: dag_northwind.extract_postgres scheduled__2024-04-06T00:00:00+00:00 [queued]>
[2024-07-01T01:30:48.628+0000] {taskinstance.py:2306} INFO - Starting attempt 1 of 2
[2024-07-01T01:30:48.666+0000] {taskinstance.py:2330} INFO - Executing <Task(BashOperator): extract_postgres> on 2024-04-06 00:00:00+00:00
[2024-07-01T01:30:48.683+0000] {logging_mixin.py:188} WARNING - /home/airflow/.local/lib/python3.12/site-packages/airflow/task/task_runner/standard_task_runner.py:61 DeprecationWarning: This process (pid=1200) is multi-threaded, use of fork() may lead to deadlocks in the child.
[2024-07-01T01:30:48.685+0000] {standard_task_runner.py:63} INFO - Started process 1208 to run task
[2024-07-01T01:30:48.681+0000] {standard_task_runner.py:90} INFO - Running: ['airflow', 'tasks', 'run', 'dag_northwind', 'extract_postgres', 'scheduled__2024-04-06T00:00:00+00:00', '--job-id', '714', '--raw', '--subdir', 'DAGS_FOLDER/dag_northwind.py', '--cfg-path', '/tmp/tmp6uk58ehk']
[2024-07-01T01:30:48.687+0000] {standard_task_runner.py:91} INFO - Job 714: Subtask extract_postgres
[2024-07-01T01:30:48.793+0000] {task_command.py:426} INFO - Running <TaskInstance: dag_northwind.extract_postgres scheduled__2024-04-06T00:00:00+00:00 [running]> on host 05d913303710
[2024-07-01T01:30:49.000+0000] {taskinstance.py:2648} INFO - Exporting env vars: AIRFLOW_CTX_DAG_OWNER='airflow' AIRFLOW_CTX_DAG_ID='dag_northwind' AIRFLOW_CTX_TASK_ID='extract_postgres' AIRFLOW_CTX_EXECUTION_DATE='2024-04-06T00:00:00+00:00' AIRFLOW_CTX_TRY_NUMBER='1' AIRFLOW_CTX_DAG_RUN_ID='scheduled__2024-04-06T00:00:00+00:00'
[2024-07-01T01:30:49.003+0000] {taskinstance.py:430} INFO - ::endgroup::
[2024-07-01T01:30:49.039+0000] {subprocess.py:63} INFO - Tmp dir root location: /tmp
[2024-07-01T01:30:49.041+0000] {subprocess.py:75} INFO - Running command: ['/usr/bin/bash', '-c', 'meltano elt tap-postgres target-csv --job_id=extract_postgres_2024-04-06 && mkdir -p /data/postgres/2024-04-06 && mv /project/output/tap-postgres/*.csv /data/postgres/2024-04-06/']
[2024-07-01T01:30:49.058+0000] {subprocess.py:86} INFO - Output:
[2024-07-01T01:30:49.061+0000] {subprocess.py:93} INFO - /usr/bin/bash: line 1: meltano: command not found
[2024-07-01T01:30:49.063+0000] {subprocess.py:97} INFO - Command exited with return code 127
[2024-07-01T01:30:49.065+0000] {taskinstance.py:441} INFO - ::group::Post task execution logs
[2024-07-01T01:30:49.093+0000] {taskinstance.py:2905} ERROR - Task failed with exception
Traceback (most recent call last):
  File "/home/airflow/.local/lib/python3.12/site-packages/airflow/models/taskinstance.py", line 465, in _execute_task
    result = _execute_callable(context=context, **execute_callable_kwargs)
             ^^^^^^^^^^^^^^^^^^^^^^^^^^^^^^^^^^^^^^^^^^^^^^^^^^^^^^^^^^^^^
  File "/home/airflow/.local/lib/python3.12/site-packages/airflow/models/taskinstance.py", line 432, in _execute_callable
    return execute_callable(context=context, **execute_callable_kwargs)
           ^^^^^^^^^^^^^^^^^^^^^^^^^^^^^^^^^^^^^^^^^^^^^^^^^^^^^^^^^^^^
  File "/home/airflow/.local/lib/python3.12/site-packages/airflow/models/baseoperator.py", line 401, in wrapper
    return func(self, *args, **kwargs)
           ^^^^^^^^^^^^^^^^^^^^^^^^^^^
  File "/home/airflow/.local/lib/python3.12/site-packages/airflow/operators/bash.py", line 243, in execute
    raise AirflowException(
airflow.exceptions.AirflowException: Bash command failed. The command returned a non-zero exit code 127.
[2024-07-01T01:30:49.107+0000] {taskinstance.py:1206} INFO - Marking task as UP_FOR_RETRY. dag_id=dag_northwind, task_id=extract_postgres, run_id=scheduled__2024-04-06T00:00:00+00:00, execution_date=20240406T000000, start_date=20240701T013048, end_date=20240701T013049
[2024-07-01T01:30:49.149+0000] {standard_task_runner.py:110} ERROR - Failed to execute job 714 for task extract_postgres (Bash command failed. The command returned a non-zero exit code 127.; 1208)
[2024-07-01T01:30:49.185+0000] {local_task_job_runner.py:240} INFO - Task exited with return code 1
[2024-07-01T01:30:49.213+0000] {local_task_job_runner.py:222} INFO - ::endgroup::
[2024-07-01T10:31:58.731+0000] {local_task_job_runner.py:120} INFO - ::group::Pre task execution logs
[2024-07-01T10:31:58.802+0000] {taskinstance.py:2076} INFO - Dependencies all met for dep_context=non-requeueable deps ti=<TaskInstance: dag_northwind.extract_postgres scheduled__2024-04-06T00:00:00+00:00 [queued]>
[2024-07-01T10:31:58.819+0000] {taskinstance.py:2076} INFO - Dependencies all met for dep_context=requeueable deps ti=<TaskInstance: dag_northwind.extract_postgres scheduled__2024-04-06T00:00:00+00:00 [queued]>
[2024-07-01T10:31:58.820+0000] {taskinstance.py:2306} INFO - Starting attempt 1 of 2
[2024-07-01T10:31:58.865+0000] {taskinstance.py:2330} INFO - Executing <Task(BashOperator): extract_postgres> on 2024-04-06 00:00:00+00:00
[2024-07-01T10:31:58.882+0000] {logging_mixin.py:188} WARNING - /home/airflow/.local/lib/python3.12/site-packages/airflow/task/task_runner/standard_task_runner.py:61 DeprecationWarning: This process (pid=6784) is multi-threaded, use of fork() may lead to deadlocks in the child.
[2024-07-01T10:31:58.884+0000] {standard_task_runner.py:63} INFO - Started process 6793 to run task
[2024-07-01T10:31:58.881+0000] {standard_task_runner.py:90} INFO - Running: ['airflow', 'tasks', 'run', 'dag_northwind', 'extract_postgres', 'scheduled__2024-04-06T00:00:00+00:00', '--job-id', '1260', '--raw', '--subdir', 'DAGS_FOLDER/dag_northwind.py', '--cfg-path', '/tmp/tmpb20pxc2q']
[2024-07-01T10:31:58.887+0000] {standard_task_runner.py:91} INFO - Job 1260: Subtask extract_postgres
[2024-07-01T10:31:58.977+0000] {task_command.py:426} INFO - Running <TaskInstance: dag_northwind.extract_postgres scheduled__2024-04-06T00:00:00+00:00 [running]> on host 85c6ea7cd9cf
[2024-07-01T10:31:59.174+0000] {taskinstance.py:2648} INFO - Exporting env vars: AIRFLOW_CTX_DAG_OWNER='airflow' AIRFLOW_CTX_DAG_ID='dag_northwind' AIRFLOW_CTX_TASK_ID='extract_postgres' AIRFLOW_CTX_EXECUTION_DATE='2024-04-06T00:00:00+00:00' AIRFLOW_CTX_TRY_NUMBER='1' AIRFLOW_CTX_DAG_RUN_ID='scheduled__2024-04-06T00:00:00+00:00'
[2024-07-01T10:31:59.176+0000] {taskinstance.py:430} INFO - ::endgroup::
[2024-07-01T10:31:59.221+0000] {subprocess.py:63} INFO - Tmp dir root location: /tmp
[2024-07-01T10:31:59.231+0000] {subprocess.py:75} INFO - Running command: ['/usr/bin/bash', '-c', 'meltano elt tap-postgres target-csv --job_id=extract_postgres_2024-04-06 && mkdir -p /data/postgres/2024-04-06 && mv /project/output/tap-postgres/*.csv /data/postgres/2024-04-06/']
[2024-07-01T10:31:59.254+0000] {subprocess.py:86} INFO - Output:
[2024-07-01T10:31:59.256+0000] {subprocess.py:93} INFO - /usr/bin/bash: line 1: meltano: command not found
[2024-07-01T10:31:59.258+0000] {subprocess.py:97} INFO - Command exited with return code 127
[2024-07-01T10:31:59.260+0000] {taskinstance.py:441} INFO - ::group::Post task execution logs
[2024-07-01T10:31:59.284+0000] {taskinstance.py:2905} ERROR - Task failed with exception
Traceback (most recent call last):
  File "/home/airflow/.local/lib/python3.12/site-packages/airflow/models/taskinstance.py", line 465, in _execute_task
    result = _execute_callable(context=context, **execute_callable_kwargs)
             ^^^^^^^^^^^^^^^^^^^^^^^^^^^^^^^^^^^^^^^^^^^^^^^^^^^^^^^^^^^^^
  File "/home/airflow/.local/lib/python3.12/site-packages/airflow/models/taskinstance.py", line 432, in _execute_callable
    return execute_callable(context=context, **execute_callable_kwargs)
           ^^^^^^^^^^^^^^^^^^^^^^^^^^^^^^^^^^^^^^^^^^^^^^^^^^^^^^^^^^^^
  File "/home/airflow/.local/lib/python3.12/site-packages/airflow/models/baseoperator.py", line 401, in wrapper
    return func(self, *args, **kwargs)
           ^^^^^^^^^^^^^^^^^^^^^^^^^^^
  File "/home/airflow/.local/lib/python3.12/site-packages/airflow/operators/bash.py", line 243, in execute
    raise AirflowException(
airflow.exceptions.AirflowException: Bash command failed. The command returned a non-zero exit code 127.
[2024-07-01T10:31:59.299+0000] {taskinstance.py:1206} INFO - Marking task as UP_FOR_RETRY. dag_id=dag_northwind, task_id=extract_postgres, run_id=scheduled__2024-04-06T00:00:00+00:00, execution_date=20240406T000000, start_date=20240701T103158, end_date=20240701T103159
[2024-07-01T10:31:59.329+0000] {standard_task_runner.py:110} ERROR - Failed to execute job 1260 for task extract_postgres (Bash command failed. The command returned a non-zero exit code 127.; 6793)
[2024-07-01T10:31:59.383+0000] {local_task_job_runner.py:240} INFO - Task exited with return code 1
[2024-07-01T10:31:59.410+0000] {local_task_job_runner.py:222} INFO - ::endgroup::
