[2024-07-01T01:20:31.178+0000] {local_task_job_runner.py:120} INFO - ::group::Pre task execution logs
[2024-07-01T01:20:31.260+0000] {taskinstance.py:2076} INFO - Dependencies all met for dep_context=non-requeueable deps ti=<TaskInstance: dag_northwind.extract_postgres scheduled__2024-03-15T00:00:00+00:00 [queued]>
[2024-07-01T01:20:31.278+0000] {taskinstance.py:2076} INFO - Dependencies all met for dep_context=requeueable deps ti=<TaskInstance: dag_northwind.extract_postgres scheduled__2024-03-15T00:00:00+00:00 [queued]>
[2024-07-01T01:20:31.280+0000] {taskinstance.py:2306} INFO - Starting attempt 1 of 2
[2024-07-01T01:20:31.436+0000] {taskinstance.py:2330} INFO - Executing <Task(BashOperator): extract_postgres> on 2024-03-15 00:00:00+00:00
[2024-07-01T01:20:31.457+0000] {logging_mixin.py:188} WARNING - /home/airflow/.local/lib/python3.12/site-packages/airflow/task/task_runner/standard_task_runner.py:61 DeprecationWarning: This process (pid=650) is multi-threaded, use of fork() may lead to deadlocks in the child.
[2024-07-01T01:20:31.456+0000] {standard_task_runner.py:90} INFO - Running: ['airflow', 'tasks', 'run', 'dag_northwind', 'extract_postgres', 'scheduled__2024-03-15T00:00:00+00:00', '--job-id', '606', '--raw', '--subdir', 'DAGS_FOLDER/dag_northwind.py', '--cfg-path', '/tmp/tmpudrz5j30']
[2024-07-01T01:20:31.460+0000] {standard_task_runner.py:63} INFO - Started process 665 to run task
[2024-07-01T01:20:31.460+0000] {standard_task_runner.py:91} INFO - Job 606: Subtask extract_postgres
[2024-07-01T01:20:31.559+0000] {task_command.py:426} INFO - Running <TaskInstance: dag_northwind.extract_postgres scheduled__2024-03-15T00:00:00+00:00 [running]> on host 05d913303710
[2024-07-01T01:20:31.695+0000] {taskinstance.py:2648} INFO - Exporting env vars: AIRFLOW_CTX_DAG_OWNER='airflow' AIRFLOW_CTX_DAG_ID='dag_northwind' AIRFLOW_CTX_TASK_ID='extract_postgres' AIRFLOW_CTX_EXECUTION_DATE='2024-03-15T00:00:00+00:00' AIRFLOW_CTX_TRY_NUMBER='1' AIRFLOW_CTX_DAG_RUN_ID='scheduled__2024-03-15T00:00:00+00:00'
[2024-07-01T01:20:31.696+0000] {taskinstance.py:430} INFO - ::endgroup::
[2024-07-01T01:20:31.727+0000] {subprocess.py:63} INFO - Tmp dir root location: /tmp
[2024-07-01T01:20:31.729+0000] {subprocess.py:75} INFO - Running command: ['/usr/bin/bash', '-c', 'meltano elt tap-postgres target-csv --job_id=extract_postgres_2024-03-15 && mkdir -p /data/postgres/2024-03-15 && mv /project/output/tap-postgres/*.csv /data/postgres/2024-03-15/']
[2024-07-01T01:20:31.755+0000] {subprocess.py:86} INFO - Output:
[2024-07-01T01:20:31.759+0000] {subprocess.py:93} INFO - /usr/bin/bash: line 1: meltano: command not found
[2024-07-01T01:20:31.760+0000] {subprocess.py:97} INFO - Command exited with return code 127
[2024-07-01T01:20:31.761+0000] {taskinstance.py:441} INFO - ::group::Post task execution logs
[2024-07-01T01:20:31.777+0000] {taskinstance.py:2905} ERROR - Task failed with exception
Traceback (most recent call last):
  File "/home/airflow/.local/lib/python3.12/site-packages/airflow/models/taskinstance.py", line 465, in _execute_task
    result = _execute_callable(context=context, **execute_callable_kwargs)
             ^^^^^^^^^^^^^^^^^^^^^^^^^^^^^^^^^^^^^^^^^^^^^^^^^^^^^^^^^^^^^
  File "/home/airflow/.local/lib/python3.12/site-packages/airflow/models/taskinstance.py", line 432, in _execute_callable
    return execute_callable(context=context, **execute_callable_kwargs)
           ^^^^^^^^^^^^^^^^^^^^^^^^^^^^^^^^^^^^^^^^^^^^^^^^^^^^^^^^^^^^
  File "/home/airflow/.local/lib/python3.12/site-packages/airflow/models/baseoperator.py", line 401, in wrapper
    return func(self, *args, **kwargs)
           ^^^^^^^^^^^^^^^^^^^^^^^^^^^
  File "/home/airflow/.local/lib/python3.12/site-packages/airflow/operators/bash.py", line 243, in execute
    raise AirflowException(
airflow.exceptions.AirflowException: Bash command failed. The command returned a non-zero exit code 127.
[2024-07-01T01:20:31.788+0000] {taskinstance.py:1206} INFO - Marking task as UP_FOR_RETRY. dag_id=dag_northwind, task_id=extract_postgres, run_id=scheduled__2024-03-15T00:00:00+00:00, execution_date=20240315T000000, start_date=20240701T012031, end_date=20240701T012031
[2024-07-01T01:20:31.816+0000] {standard_task_runner.py:110} ERROR - Failed to execute job 606 for task extract_postgres (Bash command failed. The command returned a non-zero exit code 127.; 665)
[2024-07-01T01:20:31.837+0000] {local_task_job_runner.py:240} INFO - Task exited with return code 1
[2024-07-01T01:20:31.852+0000] {local_task_job_runner.py:222} INFO - ::endgroup::
[2024-07-01T10:21:38.177+0000] {local_task_job_runner.py:120} INFO - ::group::Pre task execution logs
[2024-07-01T10:21:38.262+0000] {taskinstance.py:2076} INFO - Dependencies all met for dep_context=non-requeueable deps ti=<TaskInstance: dag_northwind.extract_postgres scheduled__2024-03-15T00:00:00+00:00 [queued]>
[2024-07-01T10:21:38.282+0000] {taskinstance.py:2076} INFO - Dependencies all met for dep_context=requeueable deps ti=<TaskInstance: dag_northwind.extract_postgres scheduled__2024-03-15T00:00:00+00:00 [queued]>
[2024-07-01T10:21:38.283+0000] {taskinstance.py:2306} INFO - Starting attempt 1 of 2
[2024-07-01T10:21:38.312+0000] {taskinstance.py:2330} INFO - Executing <Task(BashOperator): extract_postgres> on 2024-03-15 00:00:00+00:00
[2024-07-01T10:21:38.325+0000] {logging_mixin.py:188} WARNING - /home/airflow/.local/lib/python3.12/site-packages/airflow/task/task_runner/standard_task_runner.py:61 DeprecationWarning: This process (pid=6235) is multi-threaded, use of fork() may lead to deadlocks in the child.
[2024-07-01T10:21:38.324+0000] {standard_task_runner.py:90} INFO - Running: ['airflow', 'tasks', 'run', 'dag_northwind', 'extract_postgres', 'scheduled__2024-03-15T00:00:00+00:00', '--job-id', '1151', '--raw', '--subdir', 'DAGS_FOLDER/dag_northwind.py', '--cfg-path', '/tmp/tmpdx2_ovw3']
[2024-07-01T10:21:38.327+0000] {standard_task_runner.py:63} INFO - Started process 6247 to run task
[2024-07-01T10:21:38.328+0000] {standard_task_runner.py:91} INFO - Job 1151: Subtask extract_postgres
[2024-07-01T10:21:38.415+0000] {task_command.py:426} INFO - Running <TaskInstance: dag_northwind.extract_postgres scheduled__2024-03-15T00:00:00+00:00 [running]> on host 85c6ea7cd9cf
[2024-07-01T10:21:38.601+0000] {taskinstance.py:2648} INFO - Exporting env vars: AIRFLOW_CTX_DAG_OWNER='airflow' AIRFLOW_CTX_DAG_ID='dag_northwind' AIRFLOW_CTX_TASK_ID='extract_postgres' AIRFLOW_CTX_EXECUTION_DATE='2024-03-15T00:00:00+00:00' AIRFLOW_CTX_TRY_NUMBER='1' AIRFLOW_CTX_DAG_RUN_ID='scheduled__2024-03-15T00:00:00+00:00'
[2024-07-01T10:21:38.603+0000] {taskinstance.py:430} INFO - ::endgroup::
[2024-07-01T10:21:38.637+0000] {subprocess.py:63} INFO - Tmp dir root location: /tmp
[2024-07-01T10:21:38.638+0000] {subprocess.py:75} INFO - Running command: ['/usr/bin/bash', '-c', 'meltano elt tap-postgres target-csv --job_id=extract_postgres_2024-03-15 && mkdir -p /data/postgres/2024-03-15 && mv /project/output/tap-postgres/*.csv /data/postgres/2024-03-15/']
[2024-07-01T10:21:38.650+0000] {subprocess.py:86} INFO - Output:
[2024-07-01T10:21:38.653+0000] {subprocess.py:93} INFO - /usr/bin/bash: line 1: meltano: command not found
[2024-07-01T10:21:38.655+0000] {subprocess.py:97} INFO - Command exited with return code 127
[2024-07-01T10:21:38.656+0000] {taskinstance.py:441} INFO - ::group::Post task execution logs
[2024-07-01T10:21:38.674+0000] {taskinstance.py:2905} ERROR - Task failed with exception
Traceback (most recent call last):
  File "/home/airflow/.local/lib/python3.12/site-packages/airflow/models/taskinstance.py", line 465, in _execute_task
    result = _execute_callable(context=context, **execute_callable_kwargs)
             ^^^^^^^^^^^^^^^^^^^^^^^^^^^^^^^^^^^^^^^^^^^^^^^^^^^^^^^^^^^^^
  File "/home/airflow/.local/lib/python3.12/site-packages/airflow/models/taskinstance.py", line 432, in _execute_callable
    return execute_callable(context=context, **execute_callable_kwargs)
           ^^^^^^^^^^^^^^^^^^^^^^^^^^^^^^^^^^^^^^^^^^^^^^^^^^^^^^^^^^^^
  File "/home/airflow/.local/lib/python3.12/site-packages/airflow/models/baseoperator.py", line 401, in wrapper
    return func(self, *args, **kwargs)
           ^^^^^^^^^^^^^^^^^^^^^^^^^^^
  File "/home/airflow/.local/lib/python3.12/site-packages/airflow/operators/bash.py", line 243, in execute
    raise AirflowException(
airflow.exceptions.AirflowException: Bash command failed. The command returned a non-zero exit code 127.
[2024-07-01T10:21:38.688+0000] {taskinstance.py:1206} INFO - Marking task as UP_FOR_RETRY. dag_id=dag_northwind, task_id=extract_postgres, run_id=scheduled__2024-03-15T00:00:00+00:00, execution_date=20240315T000000, start_date=20240701T102138, end_date=20240701T102138
[2024-07-01T10:21:38.718+0000] {standard_task_runner.py:110} ERROR - Failed to execute job 1151 for task extract_postgres (Bash command failed. The command returned a non-zero exit code 127.; 6247)
[2024-07-01T10:21:38.744+0000] {local_task_job_runner.py:240} INFO - Task exited with return code 1
[2024-07-01T10:21:38.760+0000] {local_task_job_runner.py:222} INFO - ::endgroup::
