[2024-07-03T18:59:16.299+0000] {local_task_job_runner.py:120} INFO - ::group::Pre task execution logs
[2024-07-03T18:59:16.391+0000] {taskinstance.py:2076} INFO - Dependencies all met for dep_context=non-requeueable deps ti=<TaskInstance: dag_pipeline_northwind.extract_csv scheduled__2024-02-14T00:00:00+00:00 [queued]>
[2024-07-03T18:59:16.412+0000] {taskinstance.py:2076} INFO - Dependencies all met for dep_context=requeueable deps ti=<TaskInstance: dag_pipeline_northwind.extract_csv scheduled__2024-02-14T00:00:00+00:00 [queued]>
[2024-07-03T18:59:16.413+0000] {taskinstance.py:2306} INFO - Starting attempt 1 of 2
[2024-07-03T18:59:16.663+0000] {taskinstance.py:2330} INFO - Executing <Task(PythonOperator): extract_csv> on 2024-02-14 00:00:00+00:00
[2024-07-03T18:59:16.678+0000] {logging_mixin.py:188} WARNING - /home/airflow/.local/lib/python3.12/site-packages/airflow/task/task_runner/standard_task_runner.py:61 DeprecationWarning: This process (pid=759) is multi-threaded, use of fork() may lead to deadlocks in the child.
[2024-07-03T18:59:16.677+0000] {standard_task_runner.py:90} INFO - Running: ['airflow', 'tasks', 'run', 'dag_pipeline_northwind', 'extract_csv', 'scheduled__2024-02-14T00:00:00+00:00', '--job-id', '3716', '--raw', '--subdir', 'DAGS_FOLDER/northwind_dag_teste.py', '--cfg-path', '/tmp/tmpxbwd479h']
[2024-07-03T18:59:16.681+0000] {standard_task_runner.py:63} INFO - Started process 769 to run task
[2024-07-03T18:59:16.682+0000] {standard_task_runner.py:91} INFO - Job 3716: Subtask extract_csv
[2024-07-03T18:59:16.780+0000] {task_command.py:426} INFO - Running <TaskInstance: dag_pipeline_northwind.extract_csv scheduled__2024-02-14T00:00:00+00:00 [running]> on host 4b976b6219c4
[2024-07-03T18:59:16.923+0000] {taskinstance.py:2648} INFO - Exporting env vars: AIRFLOW_CTX_DAG_OWNER='airflow' AIRFLOW_CTX_DAG_ID='dag_pipeline_northwind' AIRFLOW_CTX_TASK_ID='extract_csv' AIRFLOW_CTX_EXECUTION_DATE='2024-02-14T00:00:00+00:00' AIRFLOW_CTX_TRY_NUMBER='1' AIRFLOW_CTX_DAG_RUN_ID='scheduled__2024-02-14T00:00:00+00:00'
[2024-07-03T18:59:16.924+0000] {taskinstance.py:430} INFO - ::endgroup::
[2024-07-03T18:59:16.955+0000] {logging_mixin.py:188} INFO - Command failed with error: Command 'meltano elt tap-csv target-csv --transform=run --job_id=extract_csv_2024-02-14' returned non-zero exit status 127.
[2024-07-03T18:59:16.956+0000] {taskinstance.py:441} INFO - ::group::Post task execution logs
[2024-07-03T18:59:16.957+0000] {taskinstance.py:2905} ERROR - Task failed with exception
Traceback (most recent call last):
  File "/home/airflow/.local/lib/python3.12/site-packages/airflow/models/taskinstance.py", line 465, in _execute_task
    result = _execute_callable(context=context, **execute_callable_kwargs)
             ^^^^^^^^^^^^^^^^^^^^^^^^^^^^^^^^^^^^^^^^^^^^^^^^^^^^^^^^^^^^^
  File "/home/airflow/.local/lib/python3.12/site-packages/airflow/models/taskinstance.py", line 432, in _execute_callable
    return execute_callable(context=context, **execute_callable_kwargs)
           ^^^^^^^^^^^^^^^^^^^^^^^^^^^^^^^^^^^^^^^^^^^^^^^^^^^^^^^^^^^^
  File "/home/airflow/.local/lib/python3.12/site-packages/airflow/models/baseoperator.py", line 401, in wrapper
    return func(self, *args, **kwargs)
           ^^^^^^^^^^^^^^^^^^^^^^^^^^^
  File "/home/airflow/.local/lib/python3.12/site-packages/airflow/operators/python.py", line 235, in execute
    return_value = self.execute_callable()
                   ^^^^^^^^^^^^^^^^^^^^^^^
  File "/home/airflow/.local/lib/python3.12/site-packages/airflow/operators/python.py", line 252, in execute_callable
    return self.python_callable(*self.op_args, **self.op_kwargs)
           ^^^^^^^^^^^^^^^^^^^^^^^^^^^^^^^^^^^^^^^^^^^^^^^^^^^^^
  File "/opt/airflow/dags/northwind_dag_teste.py", line 37, in extract_csv
    subprocess.run(extract_command, shell=True, check=True)
  File "/usr/local/lib/python3.12/subprocess.py", line 571, in run
    raise CalledProcessError(retcode, process.args,
subprocess.CalledProcessError: Command 'meltano elt tap-csv target-csv --transform=run --job_id=extract_csv_2024-02-14' returned non-zero exit status 127.
[2024-07-03T18:59:16.980+0000] {taskinstance.py:1206} INFO - Marking task as UP_FOR_RETRY. dag_id=dag_pipeline_northwind, task_id=extract_csv, run_id=scheduled__2024-02-14T00:00:00+00:00, execution_date=20240214T000000, start_date=20240703T185916, end_date=20240703T185916
[2024-07-03T18:59:17.021+0000] {standard_task_runner.py:110} ERROR - Failed to execute job 3716 for task extract_csv (Command 'meltano elt tap-csv target-csv --transform=run --job_id=extract_csv_2024-02-14' returned non-zero exit status 127.; 769)
[2024-07-03T18:59:17.058+0000] {local_task_job_runner.py:240} INFO - Task exited with return code 1
[2024-07-03T18:59:17.079+0000] {local_task_job_runner.py:222} INFO - ::endgroup::
[2024-07-04T00:40:58.290+0000] {local_task_job_runner.py:120} INFO - ::group::Pre task execution logs
[2024-07-04T00:40:58.359+0000] {taskinstance.py:2076} INFO - Dependencies all met for dep_context=non-requeueable deps ti=<TaskInstance: dag_pipeline_northwind.extract_csv scheduled__2024-02-14T00:00:00+00:00 [queued]>
[2024-07-04T00:40:58.377+0000] {taskinstance.py:2076} INFO - Dependencies all met for dep_context=requeueable deps ti=<TaskInstance: dag_pipeline_northwind.extract_csv scheduled__2024-02-14T00:00:00+00:00 [queued]>
[2024-07-04T00:40:58.378+0000] {taskinstance.py:2306} INFO - Starting attempt 1 of 2
[2024-07-04T00:40:58.410+0000] {taskinstance.py:2330} INFO - Executing <Task(PythonOperator): extract_csv> on 2024-02-14 00:00:00+00:00
[2024-07-04T00:40:58.422+0000] {logging_mixin.py:188} WARNING - /home/airflow/.local/lib/python3.12/site-packages/airflow/task/task_runner/standard_task_runner.py:61 DeprecationWarning: This process (pid=748) is multi-threaded, use of fork() may lead to deadlocks in the child.
[2024-07-04T00:40:58.424+0000] {standard_task_runner.py:63} INFO - Started process 756 to run task
[2024-07-04T00:40:58.422+0000] {standard_task_runner.py:90} INFO - Running: ['airflow', 'tasks', 'run', 'dag_pipeline_northwind', 'extract_csv', 'scheduled__2024-02-14T00:00:00+00:00', '--job-id', '4459', '--raw', '--subdir', 'DAGS_FOLDER/dag_pipeline_northwind.py', '--cfg-path', '/tmp/tmpg35xnbxf']
[2024-07-04T00:40:58.426+0000] {standard_task_runner.py:91} INFO - Job 4459: Subtask extract_csv
[2024-07-04T00:40:58.511+0000] {task_command.py:426} INFO - Running <TaskInstance: dag_pipeline_northwind.extract_csv scheduled__2024-02-14T00:00:00+00:00 [running]> on host 156a1441f464
[2024-07-04T00:40:58.659+0000] {taskinstance.py:2648} INFO - Exporting env vars: AIRFLOW_CTX_DAG_OWNER='airflow' AIRFLOW_CTX_DAG_ID='dag_pipeline_northwind' AIRFLOW_CTX_TASK_ID='extract_csv' AIRFLOW_CTX_EXECUTION_DATE='2024-02-14T00:00:00+00:00' AIRFLOW_CTX_TRY_NUMBER='1' AIRFLOW_CTX_DAG_RUN_ID='scheduled__2024-02-14T00:00:00+00:00'
[2024-07-04T00:40:58.660+0000] {taskinstance.py:430} INFO - ::endgroup::
[2024-07-04T00:40:58.690+0000] {logging_mixin.py:188} INFO - Running command: meltano elt tap-csv target-csv --transform=run --job_id=extract_csv_2024-02-14
[2024-07-04T00:40:58.695+0000] {logging_mixin.py:188} INFO - Command failed with error: Command 'meltano elt tap-csv target-csv --transform=run --job_id=extract_csv_2024-02-14' returned non-zero exit status 127.
[2024-07-04T00:40:58.696+0000] {taskinstance.py:441} INFO - ::group::Post task execution logs
[2024-07-04T00:40:58.697+0000] {taskinstance.py:2905} ERROR - Task failed with exception
Traceback (most recent call last):
  File "/home/airflow/.local/lib/python3.12/site-packages/airflow/models/taskinstance.py", line 465, in _execute_task
    result = _execute_callable(context=context, **execute_callable_kwargs)
             ^^^^^^^^^^^^^^^^^^^^^^^^^^^^^^^^^^^^^^^^^^^^^^^^^^^^^^^^^^^^^
  File "/home/airflow/.local/lib/python3.12/site-packages/airflow/models/taskinstance.py", line 432, in _execute_callable
    return execute_callable(context=context, **execute_callable_kwargs)
           ^^^^^^^^^^^^^^^^^^^^^^^^^^^^^^^^^^^^^^^^^^^^^^^^^^^^^^^^^^^^
  File "/home/airflow/.local/lib/python3.12/site-packages/airflow/models/baseoperator.py", line 401, in wrapper
    return func(self, *args, **kwargs)
           ^^^^^^^^^^^^^^^^^^^^^^^^^^^
  File "/home/airflow/.local/lib/python3.12/site-packages/airflow/operators/python.py", line 235, in execute
    return_value = self.execute_callable()
                   ^^^^^^^^^^^^^^^^^^^^^^^
  File "/home/airflow/.local/lib/python3.12/site-packages/airflow/operators/python.py", line 252, in execute_callable
    return self.python_callable(*self.op_args, **self.op_kwargs)
           ^^^^^^^^^^^^^^^^^^^^^^^^^^^^^^^^^^^^^^^^^^^^^^^^^^^^^
  File "/opt/airflow/dags/dag_pipeline_northwind.py", line 46, in extract_csv
    result = subprocess.run(extract_command, shell=True, check=True, capture_output=True, text=True)
             ^^^^^^^^^^^^^^^^^^^^^^^^^^^^^^^^^^^^^^^^^^^^^^^^^^^^^^^^^^^^^^^^^^^^^^^^^^^^^^^^^^^^^^^
  File "/usr/local/lib/python3.12/subprocess.py", line 571, in run
    raise CalledProcessError(retcode, process.args,
subprocess.CalledProcessError: Command 'meltano elt tap-csv target-csv --transform=run --job_id=extract_csv_2024-02-14' returned non-zero exit status 127.
[2024-07-04T00:40:58.721+0000] {taskinstance.py:1206} INFO - Marking task as UP_FOR_RETRY. dag_id=dag_pipeline_northwind, task_id=extract_csv, run_id=scheduled__2024-02-14T00:00:00+00:00, execution_date=20240214T000000, start_date=20240704T004058, end_date=20240704T004058
[2024-07-04T00:40:58.751+0000] {standard_task_runner.py:110} ERROR - Failed to execute job 4459 for task extract_csv (Command 'meltano elt tap-csv target-csv --transform=run --job_id=extract_csv_2024-02-14' returned non-zero exit status 127.; 756)
[2024-07-04T00:40:58.801+0000] {local_task_job_runner.py:240} INFO - Task exited with return code 1
[2024-07-04T00:40:58.814+0000] {local_task_job_runner.py:222} INFO - ::endgroup::
[2024-07-04T01:08:56.275+0000] {local_task_job_runner.py:120} INFO - ::group::Pre task execution logs
[2024-07-04T01:08:56.352+0000] {taskinstance.py:2076} INFO - Dependencies all met for dep_context=non-requeueable deps ti=<TaskInstance: dag_pipeline_northwind.extract_csv scheduled__2024-02-14T00:00:00+00:00 [queued]>
[2024-07-04T01:08:56.371+0000] {taskinstance.py:2076} INFO - Dependencies all met for dep_context=requeueable deps ti=<TaskInstance: dag_pipeline_northwind.extract_csv scheduled__2024-02-14T00:00:00+00:00 [queued]>
[2024-07-04T01:08:56.372+0000] {taskinstance.py:2306} INFO - Starting attempt 1 of 2
[2024-07-04T01:08:56.612+0000] {taskinstance.py:2330} INFO - Executing <Task(PythonOperator): extract_csv> on 2024-02-14 00:00:00+00:00
[2024-07-04T01:08:56.624+0000] {logging_mixin.py:188} WARNING - /home/airflow/.local/lib/python3.12/site-packages/airflow/task/task_runner/standard_task_runner.py:61 DeprecationWarning: This process (pid=763) is multi-threaded, use of fork() may lead to deadlocks in the child.
[2024-07-04T01:08:56.626+0000] {standard_task_runner.py:63} INFO - Started process 773 to run task
[2024-07-04T01:08:56.624+0000] {standard_task_runner.py:90} INFO - Running: ['airflow', 'tasks', 'run', 'dag_pipeline_northwind', 'extract_csv', 'scheduled__2024-02-14T00:00:00+00:00', '--job-id', '4748', '--raw', '--subdir', 'DAGS_FOLDER/dag_pipeline_northwind.py', '--cfg-path', '/tmp/tmpuhvyn9hq']
[2024-07-04T01:08:56.628+0000] {standard_task_runner.py:91} INFO - Job 4748: Subtask extract_csv
[2024-07-04T01:08:56.731+0000] {task_command.py:426} INFO - Running <TaskInstance: dag_pipeline_northwind.extract_csv scheduled__2024-02-14T00:00:00+00:00 [running]> on host 06ddab619e10
[2024-07-04T01:08:56.892+0000] {taskinstance.py:2648} INFO - Exporting env vars: AIRFLOW_CTX_DAG_OWNER='airflow' AIRFLOW_CTX_DAG_ID='dag_pipeline_northwind' AIRFLOW_CTX_TASK_ID='extract_csv' AIRFLOW_CTX_EXECUTION_DATE='2024-02-14T00:00:00+00:00' AIRFLOW_CTX_TRY_NUMBER='1' AIRFLOW_CTX_DAG_RUN_ID='scheduled__2024-02-14T00:00:00+00:00'
[2024-07-04T01:08:56.894+0000] {taskinstance.py:430} INFO - ::endgroup::
[2024-07-04T01:08:56.915+0000] {logging_mixin.py:188} INFO - Running command: meltano elt tap-csv target-csv --transform=run --job_id=extract_csv_2024-02-14
[2024-07-04T01:08:56.919+0000] {logging_mixin.py:188} INFO - Command failed with error: Command 'meltano elt tap-csv target-csv --transform=run --job_id=extract_csv_2024-02-14' returned non-zero exit status 127.
[2024-07-04T01:08:56.920+0000] {taskinstance.py:441} INFO - ::group::Post task execution logs
[2024-07-04T01:08:56.921+0000] {taskinstance.py:2905} ERROR - Task failed with exception
Traceback (most recent call last):
  File "/home/airflow/.local/lib/python3.12/site-packages/airflow/models/taskinstance.py", line 465, in _execute_task
    result = _execute_callable(context=context, **execute_callable_kwargs)
             ^^^^^^^^^^^^^^^^^^^^^^^^^^^^^^^^^^^^^^^^^^^^^^^^^^^^^^^^^^^^^
  File "/home/airflow/.local/lib/python3.12/site-packages/airflow/models/taskinstance.py", line 432, in _execute_callable
    return execute_callable(context=context, **execute_callable_kwargs)
           ^^^^^^^^^^^^^^^^^^^^^^^^^^^^^^^^^^^^^^^^^^^^^^^^^^^^^^^^^^^^
  File "/home/airflow/.local/lib/python3.12/site-packages/airflow/models/baseoperator.py", line 401, in wrapper
    return func(self, *args, **kwargs)
           ^^^^^^^^^^^^^^^^^^^^^^^^^^^
  File "/home/airflow/.local/lib/python3.12/site-packages/airflow/operators/python.py", line 235, in execute
    return_value = self.execute_callable()
                   ^^^^^^^^^^^^^^^^^^^^^^^
  File "/home/airflow/.local/lib/python3.12/site-packages/airflow/operators/python.py", line 252, in execute_callable
    return self.python_callable(*self.op_args, **self.op_kwargs)
           ^^^^^^^^^^^^^^^^^^^^^^^^^^^^^^^^^^^^^^^^^^^^^^^^^^^^^
  File "/opt/airflow/dags/dag_pipeline_northwind.py", line 46, in extract_csv
    result = subprocess.run(extract_command, shell=True, check=True, capture_output=True, text=True)
             ^^^^^^^^^^^^^^^^^^^^^^^^^^^^^^^^^^^^^^^^^^^^^^^^^^^^^^^^^^^^^^^^^^^^^^^^^^^^^^^^^^^^^^^
  File "/usr/local/lib/python3.12/subprocess.py", line 571, in run
    raise CalledProcessError(retcode, process.args,
subprocess.CalledProcessError: Command 'meltano elt tap-csv target-csv --transform=run --job_id=extract_csv_2024-02-14' returned non-zero exit status 127.
[2024-07-04T01:08:56.941+0000] {taskinstance.py:1206} INFO - Marking task as UP_FOR_RETRY. dag_id=dag_pipeline_northwind, task_id=extract_csv, run_id=scheduled__2024-02-14T00:00:00+00:00, execution_date=20240214T000000, start_date=20240704T010856, end_date=20240704T010856
[2024-07-04T01:08:56.976+0000] {standard_task_runner.py:110} ERROR - Failed to execute job 4748 for task extract_csv (Command 'meltano elt tap-csv target-csv --transform=run --job_id=extract_csv_2024-02-14' returned non-zero exit status 127.; 773)
[2024-07-04T01:08:57.004+0000] {local_task_job_runner.py:240} INFO - Task exited with return code 1
[2024-07-04T01:08:57.066+0000] {taskinstance.py:3503} INFO - 0 downstream tasks scheduled from follow-on schedule check
[2024-07-04T01:08:57.069+0000] {local_task_job_runner.py:222} INFO - ::endgroup::
