[2024-07-02T16:25:20.504+0000] {local_task_job_runner.py:120} INFO - ::group::Pre task execution logs
[2024-07-02T16:25:20.602+0000] {taskinstance.py:2076} INFO - Dependencies all met for dep_context=non-requeueable deps ti=<TaskInstance: pipeline_dag.extract_csv scheduled__2024-01-09T00:00:00+00:00 [queued]>
[2024-07-02T16:25:20.636+0000] {taskinstance.py:2076} INFO - Dependencies all met for dep_context=requeueable deps ti=<TaskInstance: pipeline_dag.extract_csv scheduled__2024-01-09T00:00:00+00:00 [queued]>
[2024-07-02T16:25:20.637+0000] {taskinstance.py:2306} INFO - Starting attempt 2 of 2
[2024-07-02T16:25:20.660+0000] {taskinstance.py:2330} INFO - Executing <Task(PythonOperator): extract_csv> on 2024-01-09 00:00:00+00:00
[2024-07-02T16:25:20.671+0000] {logging_mixin.py:188} WARNING - /home/airflow/.local/lib/python3.12/site-packages/airflow/task/task_runner/standard_task_runner.py:61 DeprecationWarning: This process (pid=475) is multi-threaded, use of fork() may lead to deadlocks in the child.
[2024-07-02T16:25:20.673+0000] {standard_task_runner.py:63} INFO - Started process 492 to run task
[2024-07-02T16:25:20.672+0000] {standard_task_runner.py:90} INFO - Running: ['airflow', 'tasks', 'run', 'pipeline_dag', 'extract_csv', 'scheduled__2024-01-09T00:00:00+00:00', '--job-id', '1652', '--raw', '--subdir', 'DAGS_FOLDER/dag_northwind.py', '--cfg-path', '/tmp/tmp_dkghnzm']
[2024-07-02T16:25:20.675+0000] {standard_task_runner.py:91} INFO - Job 1652: Subtask extract_csv
[2024-07-02T16:25:20.750+0000] {task_command.py:426} INFO - Running <TaskInstance: pipeline_dag.extract_csv scheduled__2024-01-09T00:00:00+00:00 [running]> on host ee7e13960694
[2024-07-02T16:25:20.875+0000] {taskinstance.py:2648} INFO - Exporting env vars: AIRFLOW_CTX_DAG_OWNER='airflow' AIRFLOW_CTX_DAG_ID='pipeline_dag' AIRFLOW_CTX_TASK_ID='extract_csv' AIRFLOW_CTX_EXECUTION_DATE='2024-01-09T00:00:00+00:00' AIRFLOW_CTX_TRY_NUMBER='2' AIRFLOW_CTX_DAG_RUN_ID='scheduled__2024-01-09T00:00:00+00:00'
[2024-07-02T16:25:20.876+0000] {taskinstance.py:430} INFO - ::endgroup::
[2024-07-02T16:25:20.905+0000] {taskinstance.py:441} INFO - ::group::Post task execution logs
[2024-07-02T16:25:20.906+0000] {taskinstance.py:2905} ERROR - Task failed with exception
Traceback (most recent call last):
  File "/home/airflow/.local/lib/python3.12/site-packages/airflow/models/taskinstance.py", line 465, in _execute_task
    result = _execute_callable(context=context, **execute_callable_kwargs)
             ^^^^^^^^^^^^^^^^^^^^^^^^^^^^^^^^^^^^^^^^^^^^^^^^^^^^^^^^^^^^^
  File "/home/airflow/.local/lib/python3.12/site-packages/airflow/models/taskinstance.py", line 432, in _execute_callable
    return execute_callable(context=context, **execute_callable_kwargs)
           ^^^^^^^^^^^^^^^^^^^^^^^^^^^^^^^^^^^^^^^^^^^^^^^^^^^^^^^^^^^^
  File "/home/airflow/.local/lib/python3.12/site-packages/airflow/models/baseoperator.py", line 401, in wrapper
    return func(self, *args, **kwargs)
           ^^^^^^^^^^^^^^^^^^^^^^^^^^^
  File "/home/airflow/.local/lib/python3.12/site-packages/airflow/operators/python.py", line 235, in execute
    return_value = self.execute_callable()
                   ^^^^^^^^^^^^^^^^^^^^^^^
  File "/home/airflow/.local/lib/python3.12/site-packages/airflow/operators/python.py", line 252, in execute_callable
    return self.python_callable(*self.op_args, **self.op_kwargs)
           ^^^^^^^^^^^^^^^^^^^^^^^^^^^^^^^^^^^^^^^^^^^^^^^^^^^^^
  File "/opt/airflow/dags/dag_northwind.py", line 31, in extract_csv
    subprocess.run(extract_command, shell=True, check=True)
  File "/usr/local/lib/python3.12/subprocess.py", line 571, in run
    raise CalledProcessError(retcode, process.args,
subprocess.CalledProcessError: Command 'meltano elt tap-csv target-csv --transform=run' returned non-zero exit status 127.
[2024-07-02T16:25:20.927+0000] {taskinstance.py:1206} INFO - Marking task as FAILED. dag_id=pipeline_dag, task_id=extract_csv, run_id=scheduled__2024-01-09T00:00:00+00:00, execution_date=20240109T000000, start_date=20240702T162520, end_date=20240702T162520
[2024-07-02T16:25:20.942+0000] {standard_task_runner.py:110} ERROR - Failed to execute job 1652 for task extract_csv (Command 'meltano elt tap-csv target-csv --transform=run' returned non-zero exit status 127.; 492)
[2024-07-02T16:25:20.969+0000] {local_task_job_runner.py:240} INFO - Task exited with return code 1
[2024-07-02T16:25:21.006+0000] {taskinstance.py:3503} INFO - 0 downstream tasks scheduled from follow-on schedule check
[2024-07-02T16:25:21.012+0000] {local_task_job_runner.py:222} INFO - ::endgroup::
[2024-07-03T16:22:58.594+0000] {local_task_job_runner.py:120} INFO - ::group::Pre task execution logs
[2024-07-03T16:22:58.807+0000] {taskinstance.py:2076} INFO - Dependencies all met for dep_context=non-requeueable deps ti=<TaskInstance: pipeline_dag.extract_csv scheduled__2024-01-09T00:00:00+00:00 [queued]>
[2024-07-03T16:22:58.839+0000] {taskinstance.py:2076} INFO - Dependencies all met for dep_context=requeueable deps ti=<TaskInstance: pipeline_dag.extract_csv scheduled__2024-01-09T00:00:00+00:00 [queued]>
[2024-07-03T16:22:58.842+0000] {taskinstance.py:2306} INFO - Starting attempt 2 of 2
[2024-07-03T16:22:59.050+0000] {taskinstance.py:2330} INFO - Executing <Task(PythonOperator): extract_csv> on 2024-01-09 00:00:00+00:00
[2024-07-03T16:22:59.112+0000] {logging_mixin.py:188} WARNING - /home/airflow/.local/lib/python3.12/site-packages/airflow/task/task_runner/standard_task_runner.py:61 DeprecationWarning: This process (pid=1608) is multi-threaded, use of fork() may lead to deadlocks in the child.
[2024-07-03T16:22:59.121+0000] {standard_task_runner.py:63} INFO - Started process 1625 to run task
[2024-07-03T16:22:59.129+0000] {standard_task_runner.py:90} INFO - Running: ['airflow', 'tasks', 'run', 'pipeline_dag', 'extract_csv', 'scheduled__2024-01-09T00:00:00+00:00', '--job-id', '2417', '--raw', '--subdir', 'DAGS_FOLDER/northwind_dag_teste.py', '--cfg-path', '/tmp/tmpiu4tljs6']
[2024-07-03T16:22:59.137+0000] {standard_task_runner.py:91} INFO - Job 2417: Subtask extract_csv
[2024-07-03T16:22:59.352+0000] {task_command.py:426} INFO - Running <TaskInstance: pipeline_dag.extract_csv scheduled__2024-01-09T00:00:00+00:00 [running]> on host 3c2535f14011
[2024-07-03T16:22:59.644+0000] {taskinstance.py:2648} INFO - Exporting env vars: AIRFLOW_CTX_DAG_OWNER='airflow' AIRFLOW_CTX_DAG_ID='pipeline_dag' AIRFLOW_CTX_TASK_ID='extract_csv' AIRFLOW_CTX_EXECUTION_DATE='2024-01-09T00:00:00+00:00' AIRFLOW_CTX_TRY_NUMBER='2' AIRFLOW_CTX_DAG_RUN_ID='scheduled__2024-01-09T00:00:00+00:00'
[2024-07-03T16:22:59.649+0000] {taskinstance.py:430} INFO - ::endgroup::
[2024-07-03T16:22:59.726+0000] {logging_mixin.py:188} INFO - Command failed with error: Command 'meltano elt tap-csv target-csv --transform=run --job_id=extract_csv_2024-01-09' returned non-zero exit status 127.
[2024-07-03T16:22:59.727+0000] {taskinstance.py:441} INFO - ::group::Post task execution logs
[2024-07-03T16:22:59.728+0000] {taskinstance.py:2905} ERROR - Task failed with exception
Traceback (most recent call last):
  File "/home/airflow/.local/lib/python3.12/site-packages/airflow/models/taskinstance.py", line 465, in _execute_task
    result = _execute_callable(context=context, **execute_callable_kwargs)
             ^^^^^^^^^^^^^^^^^^^^^^^^^^^^^^^^^^^^^^^^^^^^^^^^^^^^^^^^^^^^^
  File "/home/airflow/.local/lib/python3.12/site-packages/airflow/models/taskinstance.py", line 432, in _execute_callable
    return execute_callable(context=context, **execute_callable_kwargs)
           ^^^^^^^^^^^^^^^^^^^^^^^^^^^^^^^^^^^^^^^^^^^^^^^^^^^^^^^^^^^^
  File "/home/airflow/.local/lib/python3.12/site-packages/airflow/models/baseoperator.py", line 401, in wrapper
    return func(self, *args, **kwargs)
           ^^^^^^^^^^^^^^^^^^^^^^^^^^^
  File "/home/airflow/.local/lib/python3.12/site-packages/airflow/operators/python.py", line 235, in execute
    return_value = self.execute_callable()
                   ^^^^^^^^^^^^^^^^^^^^^^^
  File "/home/airflow/.local/lib/python3.12/site-packages/airflow/operators/python.py", line 252, in execute_callable
    return self.python_callable(*self.op_args, **self.op_kwargs)
           ^^^^^^^^^^^^^^^^^^^^^^^^^^^^^^^^^^^^^^^^^^^^^^^^^^^^^
  File "/opt/airflow/dags/northwind_dag_teste.py", line 38, in extract_csv
    subprocess.run(extract_command, shell=True, check=True)
  File "/usr/local/lib/python3.12/subprocess.py", line 571, in run
    raise CalledProcessError(retcode, process.args,
subprocess.CalledProcessError: Command 'meltano elt tap-csv target-csv --transform=run --job_id=extract_csv_2024-01-09' returned non-zero exit status 127.
[2024-07-03T16:22:59.788+0000] {taskinstance.py:1206} INFO - Marking task as FAILED. dag_id=pipeline_dag, task_id=extract_csv, run_id=scheduled__2024-01-09T00:00:00+00:00, execution_date=20240109T000000, start_date=20240703T162258, end_date=20240703T162259
[2024-07-03T16:22:59.849+0000] {standard_task_runner.py:110} ERROR - Failed to execute job 2417 for task extract_csv (Command 'meltano elt tap-csv target-csv --transform=run --job_id=extract_csv_2024-01-09' returned non-zero exit status 127.; 1625)
[2024-07-03T16:22:59.897+0000] {local_task_job_runner.py:240} INFO - Task exited with return code 1
[2024-07-03T16:22:59.938+0000] {local_task_job_runner.py:222} INFO - ::endgroup::
