[2024-07-01T10:47:27.447+0000] {local_task_job_runner.py:120} INFO - ::group::Pre task execution logs
[2024-07-01T10:47:27.526+0000] {taskinstance.py:2076} INFO - Dependencies all met for dep_context=non-requeueable deps ti=<TaskInstance: dag_northwind.extract_postgres scheduled__2024-05-24T00:00:00+00:00 [queued]>
[2024-07-01T10:47:27.541+0000] {taskinstance.py:2076} INFO - Dependencies all met for dep_context=requeueable deps ti=<TaskInstance: dag_northwind.extract_postgres scheduled__2024-05-24T00:00:00+00:00 [queued]>
[2024-07-01T10:47:27.542+0000] {taskinstance.py:2306} INFO - Starting attempt 1 of 2
[2024-07-01T10:47:27.579+0000] {taskinstance.py:2330} INFO - Executing <Task(BashOperator): extract_postgres> on 2024-05-24 00:00:00+00:00
[2024-07-01T10:47:27.594+0000] {logging_mixin.py:188} WARNING - /home/airflow/.local/lib/python3.12/site-packages/airflow/task/task_runner/standard_task_runner.py:61 DeprecationWarning: This process (pid=7708) is multi-threaded, use of fork() may lead to deadlocks in the child.
[2024-07-01T10:47:27.596+0000] {standard_task_runner.py:63} INFO - Started process 7716 to run task
[2024-07-01T10:47:27.594+0000] {standard_task_runner.py:90} INFO - Running: ['airflow', 'tasks', 'run', 'dag_northwind', 'extract_postgres', 'scheduled__2024-05-24T00:00:00+00:00', '--job-id', '1451', '--raw', '--subdir', 'DAGS_FOLDER/dag_northwind.py', '--cfg-path', '/tmp/tmpf25sulnl']
[2024-07-01T10:47:27.597+0000] {standard_task_runner.py:91} INFO - Job 1451: Subtask extract_postgres
[2024-07-01T10:47:27.685+0000] {task_command.py:426} INFO - Running <TaskInstance: dag_northwind.extract_postgres scheduled__2024-05-24T00:00:00+00:00 [running]> on host 85c6ea7cd9cf
[2024-07-01T10:47:27.884+0000] {taskinstance.py:2648} INFO - Exporting env vars: AIRFLOW_CTX_DAG_OWNER='airflow' AIRFLOW_CTX_DAG_ID='dag_northwind' AIRFLOW_CTX_TASK_ID='extract_postgres' AIRFLOW_CTX_EXECUTION_DATE='2024-05-24T00:00:00+00:00' AIRFLOW_CTX_TRY_NUMBER='1' AIRFLOW_CTX_DAG_RUN_ID='scheduled__2024-05-24T00:00:00+00:00'
[2024-07-01T10:47:27.885+0000] {taskinstance.py:430} INFO - ::endgroup::
[2024-07-01T10:47:27.917+0000] {subprocess.py:63} INFO - Tmp dir root location: /tmp
[2024-07-01T10:47:27.919+0000] {subprocess.py:75} INFO - Running command: ['/usr/bin/bash', '-c', 'meltano elt tap-postgres target-csv --job_id=extract_postgres_2024-05-24 && mkdir -p /data/postgres/2024-05-24 && mv /project/output/tap-postgres/*.csv /data/postgres/2024-05-24/']
[2024-07-01T10:47:27.942+0000] {subprocess.py:86} INFO - Output:
[2024-07-01T10:47:27.948+0000] {subprocess.py:93} INFO - /usr/bin/bash: line 1: meltano: command not found
[2024-07-01T10:47:27.949+0000] {subprocess.py:97} INFO - Command exited with return code 127
[2024-07-01T10:47:27.951+0000] {taskinstance.py:441} INFO - ::group::Post task execution logs
[2024-07-01T10:47:27.973+0000] {taskinstance.py:2905} ERROR - Task failed with exception
Traceback (most recent call last):
  File "/home/airflow/.local/lib/python3.12/site-packages/airflow/models/taskinstance.py", line 465, in _execute_task
    result = _execute_callable(context=context, **execute_callable_kwargs)
             ^^^^^^^^^^^^^^^^^^^^^^^^^^^^^^^^^^^^^^^^^^^^^^^^^^^^^^^^^^^^^
  File "/home/airflow/.local/lib/python3.12/site-packages/airflow/models/taskinstance.py", line 432, in _execute_callable
    return execute_callable(context=context, **execute_callable_kwargs)
           ^^^^^^^^^^^^^^^^^^^^^^^^^^^^^^^^^^^^^^^^^^^^^^^^^^^^^^^^^^^^
  File "/home/airflow/.local/lib/python3.12/site-packages/airflow/models/baseoperator.py", line 401, in wrapper
    return func(self, *args, **kwargs)
           ^^^^^^^^^^^^^^^^^^^^^^^^^^^
  File "/home/airflow/.local/lib/python3.12/site-packages/airflow/operators/bash.py", line 243, in execute
    raise AirflowException(
airflow.exceptions.AirflowException: Bash command failed. The command returned a non-zero exit code 127.
[2024-07-01T10:47:27.983+0000] {taskinstance.py:1206} INFO - Marking task as UP_FOR_RETRY. dag_id=dag_northwind, task_id=extract_postgres, run_id=scheduled__2024-05-24T00:00:00+00:00, execution_date=20240524T000000, start_date=20240701T104727, end_date=20240701T104727
[2024-07-01T10:47:28.026+0000] {standard_task_runner.py:110} ERROR - Failed to execute job 1451 for task extract_postgres (Bash command failed. The command returned a non-zero exit code 127.; 7716)
[2024-07-01T10:47:28.055+0000] {local_task_job_runner.py:240} INFO - Task exited with return code 1
[2024-07-01T10:47:28.112+0000] {taskinstance.py:3503} INFO - 0 downstream tasks scheduled from follow-on schedule check
[2024-07-01T10:47:28.119+0000] {local_task_job_runner.py:222} INFO - ::endgroup::
