[2024-07-12T18:11:58.124+0000] {local_task_job_runner.py:120} INFO - ::group::Pre task execution logs
[2024-07-12T18:11:58.231+0000] {taskinstance.py:2076} INFO - Dependencies all met for dep_context=non-requeueable deps ti=<TaskInstance: dag_pipeline_northwind.extract_postgres_orders scheduled__2024-07-11T00:00:00+00:00 [queued]>
[2024-07-12T18:11:58.251+0000] {taskinstance.py:2076} INFO - Dependencies all met for dep_context=requeueable deps ti=<TaskInstance: dag_pipeline_northwind.extract_postgres_orders scheduled__2024-07-11T00:00:00+00:00 [queued]>
[2024-07-12T18:11:58.252+0000] {taskinstance.py:2306} INFO - Starting attempt 1 of 2
[2024-07-12T18:11:58.284+0000] {taskinstance.py:2330} INFO - Executing <Task(PythonOperator): extract_postgres_orders> on 2024-07-11 00:00:00+00:00
[2024-07-12T18:11:58.311+0000] {logging_mixin.py:188} WARNING - /home/airflow/.local/lib/python3.12/site-packages/airflow/task/task_runner/standard_task_runner.py:61 DeprecationWarning: This process (pid=293) is multi-threaded, use of fork() may lead to deadlocks in the child.
[2024-07-12T18:11:58.313+0000] {standard_task_runner.py:63} INFO - Started process 307 to run task
[2024-07-12T18:11:58.311+0000] {standard_task_runner.py:90} INFO - Running: ['airflow', 'tasks', 'run', 'dag_pipeline_northwind', 'extract_postgres_orders', 'scheduled__2024-07-11T00:00:00+00:00', '--job-id', '5383', '--raw', '--subdir', 'DAGS_FOLDER/dag_pipeline_northwind.py', '--cfg-path', '/tmp/tmpqvlulmwc']
[2024-07-12T18:11:58.318+0000] {standard_task_runner.py:91} INFO - Job 5383: Subtask extract_postgres_orders
[2024-07-12T18:11:58.429+0000] {task_command.py:426} INFO - Running <TaskInstance: dag_pipeline_northwind.extract_postgres_orders scheduled__2024-07-11T00:00:00+00:00 [running]> on host 93f47577b87b
[2024-07-12T18:11:58.643+0000] {taskinstance.py:2648} INFO - Exporting env vars: AIRFLOW_CTX_DAG_OWNER='airflow' AIRFLOW_CTX_DAG_ID='dag_pipeline_northwind' AIRFLOW_CTX_TASK_ID='extract_postgres_orders' AIRFLOW_CTX_EXECUTION_DATE='2024-07-11T00:00:00+00:00' AIRFLOW_CTX_TRY_NUMBER='1' AIRFLOW_CTX_DAG_RUN_ID='scheduled__2024-07-11T00:00:00+00:00'
[2024-07-12T18:11:58.646+0000] {taskinstance.py:430} INFO - ::endgroup::
[2024-07-12T18:11:58.690+0000] {logging_mixin.py:188} INFO - Running command: meltano elt tap-postgres target-csv --transform=run --job_id=extract_postgres_orders_2024-07-11
[2024-07-12T18:11:58.697+0000] {logging_mixin.py:188} INFO - Command failed with error: Command 'meltano elt tap-postgres target-csv --transform=run --job_id=extract_postgres_orders_2024-07-11' returned non-zero exit status 127.
[2024-07-12T18:11:58.698+0000] {taskinstance.py:441} INFO - ::group::Post task execution logs
[2024-07-12T18:11:58.700+0000] {taskinstance.py:2905} ERROR - Task failed with exception
Traceback (most recent call last):
  File "/home/airflow/.local/lib/python3.12/site-packages/airflow/models/taskinstance.py", line 465, in _execute_task
    result = _execute_callable(context=context, **execute_callable_kwargs)
             ^^^^^^^^^^^^^^^^^^^^^^^^^^^^^^^^^^^^^^^^^^^^^^^^^^^^^^^^^^^^^
  File "/home/airflow/.local/lib/python3.12/site-packages/airflow/models/taskinstance.py", line 432, in _execute_callable
    return execute_callable(context=context, **execute_callable_kwargs)
           ^^^^^^^^^^^^^^^^^^^^^^^^^^^^^^^^^^^^^^^^^^^^^^^^^^^^^^^^^^^^
  File "/home/airflow/.local/lib/python3.12/site-packages/airflow/models/baseoperator.py", line 401, in wrapper
    return func(self, *args, **kwargs)
           ^^^^^^^^^^^^^^^^^^^^^^^^^^^
  File "/home/airflow/.local/lib/python3.12/site-packages/airflow/operators/python.py", line 235, in execute
    return_value = self.execute_callable()
                   ^^^^^^^^^^^^^^^^^^^^^^^
  File "/home/airflow/.local/lib/python3.12/site-packages/airflow/operators/python.py", line 252, in execute_callable
    return self.python_callable(*self.op_args, **self.op_kwargs)
           ^^^^^^^^^^^^^^^^^^^^^^^^^^^^^^^^^^^^^^^^^^^^^^^^^^^^^
  File "/opt/airflow/dags/dag_pipeline_northwind.py", line 40, in extract_postgres_table
    result = subprocess.run(extract_command, shell=True, check=True, capture_output=True, text=True)
             ^^^^^^^^^^^^^^^^^^^^^^^^^^^^^^^^^^^^^^^^^^^^^^^^^^^^^^^^^^^^^^^^^^^^^^^^^^^^^^^^^^^^^^^
  File "/usr/local/lib/python3.12/subprocess.py", line 571, in run
    raise CalledProcessError(retcode, process.args,
subprocess.CalledProcessError: Command 'meltano elt tap-postgres target-csv --transform=run --job_id=extract_postgres_orders_2024-07-11' returned non-zero exit status 127.
[2024-07-12T18:11:58.726+0000] {taskinstance.py:1206} INFO - Marking task as UP_FOR_RETRY. dag_id=dag_pipeline_northwind, task_id=extract_postgres_orders, run_id=scheduled__2024-07-11T00:00:00+00:00, execution_date=20240711T000000, start_date=20240712T181158, end_date=20240712T181158
[2024-07-12T18:11:58.747+0000] {standard_task_runner.py:110} ERROR - Failed to execute job 5383 for task extract_postgres_orders (Command 'meltano elt tap-postgres target-csv --transform=run --job_id=extract_postgres_orders_2024-07-11' returned non-zero exit status 127.; 307)
[2024-07-12T18:11:58.770+0000] {local_task_job_runner.py:240} INFO - Task exited with return code 1
[2024-07-12T18:11:58.784+0000] {local_task_job_runner.py:222} INFO - ::endgroup::
[2024-07-12T18:31:55.851+0000] {local_task_job_runner.py:120} INFO - ::group::Pre task execution logs
[2024-07-12T18:31:55.927+0000] {taskinstance.py:2076} INFO - Dependencies all met for dep_context=non-requeueable deps ti=<TaskInstance: dag_pipeline_northwind.extract_postgres_orders scheduled__2024-07-11T00:00:00+00:00 [queued]>
[2024-07-12T18:31:55.946+0000] {taskinstance.py:2076} INFO - Dependencies all met for dep_context=requeueable deps ti=<TaskInstance: dag_pipeline_northwind.extract_postgres_orders scheduled__2024-07-11T00:00:00+00:00 [queued]>
[2024-07-12T18:31:55.947+0000] {taskinstance.py:2306} INFO - Starting attempt 1 of 2
[2024-07-12T18:31:55.981+0000] {taskinstance.py:2330} INFO - Executing <Task(PythonOperator): extract_postgres_orders> on 2024-07-11 00:00:00+00:00
[2024-07-12T18:31:55.992+0000] {logging_mixin.py:188} WARNING - /home/airflow/.local/lib/python3.12/site-packages/airflow/task/task_runner/standard_task_runner.py:61 DeprecationWarning: This process (pid=299) is multi-threaded, use of fork() may lead to deadlocks in the child.
[2024-07-12T18:31:55.994+0000] {standard_task_runner.py:63} INFO - Started process 305 to run task
[2024-07-12T18:31:55.992+0000] {standard_task_runner.py:90} INFO - Running: ['airflow', 'tasks', 'run', 'dag_pipeline_northwind', 'extract_postgres_orders', 'scheduled__2024-07-11T00:00:00+00:00', '--job-id', '5453', '--raw', '--subdir', 'DAGS_FOLDER/dag_pipeline_northwind.py', '--cfg-path', '/tmp/tmpyn3kd6ed']
[2024-07-12T18:31:55.995+0000] {standard_task_runner.py:91} INFO - Job 5453: Subtask extract_postgres_orders
[2024-07-12T18:31:56.093+0000] {task_command.py:426} INFO - Running <TaskInstance: dag_pipeline_northwind.extract_postgres_orders scheduled__2024-07-11T00:00:00+00:00 [running]> on host da29552222cb
[2024-07-12T18:31:56.277+0000] {taskinstance.py:2648} INFO - Exporting env vars: AIRFLOW_CTX_DAG_OWNER='airflow' AIRFLOW_CTX_DAG_ID='dag_pipeline_northwind' AIRFLOW_CTX_TASK_ID='extract_postgres_orders' AIRFLOW_CTX_EXECUTION_DATE='2024-07-11T00:00:00+00:00' AIRFLOW_CTX_TRY_NUMBER='1' AIRFLOW_CTX_DAG_RUN_ID='scheduled__2024-07-11T00:00:00+00:00'
[2024-07-12T18:31:56.279+0000] {taskinstance.py:430} INFO - ::endgroup::
[2024-07-12T18:31:56.307+0000] {logging_mixin.py:188} INFO - Running command: meltano elt tap-postgres target-csv --transform=run --job_id=extract_postgres_orders_2024-07-11
[2024-07-12T18:31:56.312+0000] {logging_mixin.py:188} INFO - Command failed with error: Command 'meltano elt tap-postgres target-csv --transform=run --job_id=extract_postgres_orders_2024-07-11' returned non-zero exit status 127.
[2024-07-12T18:31:56.313+0000] {taskinstance.py:441} INFO - ::group::Post task execution logs
[2024-07-12T18:31:56.314+0000] {taskinstance.py:2905} ERROR - Task failed with exception
Traceback (most recent call last):
  File "/home/airflow/.local/lib/python3.12/site-packages/airflow/models/taskinstance.py", line 465, in _execute_task
    result = _execute_callable(context=context, **execute_callable_kwargs)
             ^^^^^^^^^^^^^^^^^^^^^^^^^^^^^^^^^^^^^^^^^^^^^^^^^^^^^^^^^^^^^
  File "/home/airflow/.local/lib/python3.12/site-packages/airflow/models/taskinstance.py", line 432, in _execute_callable
    return execute_callable(context=context, **execute_callable_kwargs)
           ^^^^^^^^^^^^^^^^^^^^^^^^^^^^^^^^^^^^^^^^^^^^^^^^^^^^^^^^^^^^
  File "/home/airflow/.local/lib/python3.12/site-packages/airflow/models/baseoperator.py", line 401, in wrapper
    return func(self, *args, **kwargs)
           ^^^^^^^^^^^^^^^^^^^^^^^^^^^
  File "/home/airflow/.local/lib/python3.12/site-packages/airflow/operators/python.py", line 235, in execute
    return_value = self.execute_callable()
                   ^^^^^^^^^^^^^^^^^^^^^^^
  File "/home/airflow/.local/lib/python3.12/site-packages/airflow/operators/python.py", line 252, in execute_callable
    return self.python_callable(*self.op_args, **self.op_kwargs)
           ^^^^^^^^^^^^^^^^^^^^^^^^^^^^^^^^^^^^^^^^^^^^^^^^^^^^^
  File "/opt/airflow/dags/dag_pipeline_northwind.py", line 40, in extract_postgres_table
    result = subprocess.run(extract_command, shell=True, check=True, capture_output=True, text=True)
             ^^^^^^^^^^^^^^^^^^^^^^^^^^^^^^^^^^^^^^^^^^^^^^^^^^^^^^^^^^^^^^^^^^^^^^^^^^^^^^^^^^^^^^^
  File "/usr/local/lib/python3.12/subprocess.py", line 571, in run
    raise CalledProcessError(retcode, process.args,
subprocess.CalledProcessError: Command 'meltano elt tap-postgres target-csv --transform=run --job_id=extract_postgres_orders_2024-07-11' returned non-zero exit status 127.
[2024-07-12T18:31:56.336+0000] {taskinstance.py:1206} INFO - Marking task as UP_FOR_RETRY. dag_id=dag_pipeline_northwind, task_id=extract_postgres_orders, run_id=scheduled__2024-07-11T00:00:00+00:00, execution_date=20240711T000000, start_date=20240712T183155, end_date=20240712T183156
[2024-07-12T18:31:56.364+0000] {standard_task_runner.py:110} ERROR - Failed to execute job 5453 for task extract_postgres_orders (Command 'meltano elt tap-postgres target-csv --transform=run --job_id=extract_postgres_orders_2024-07-11' returned non-zero exit status 127.; 305)
[2024-07-12T18:31:56.413+0000] {local_task_job_runner.py:240} INFO - Task exited with return code 1
[2024-07-12T18:31:56.429+0000] {local_task_job_runner.py:222} INFO - ::endgroup::
[2024-07-12T19:04:23.354+0000] {local_task_job_runner.py:120} INFO - ::group::Pre task execution logs
[2024-07-12T19:04:23.452+0000] {taskinstance.py:2076} INFO - Dependencies all met for dep_context=non-requeueable deps ti=<TaskInstance: dag_pipeline_northwind.extract_postgres_orders scheduled__2024-07-11T00:00:00+00:00 [queued]>
[2024-07-12T19:04:23.479+0000] {taskinstance.py:2076} INFO - Dependencies all met for dep_context=requeueable deps ti=<TaskInstance: dag_pipeline_northwind.extract_postgres_orders scheduled__2024-07-11T00:00:00+00:00 [queued]>
[2024-07-12T19:04:23.480+0000] {taskinstance.py:2306} INFO - Starting attempt 1 of 2
[2024-07-12T19:04:23.515+0000] {taskinstance.py:2330} INFO - Executing <Task(PythonOperator): extract_postgres_orders> on 2024-07-11 00:00:00+00:00
[2024-07-12T19:04:23.531+0000] {logging_mixin.py:188} WARNING - /home/airflow/.local/lib/python3.12/site-packages/airflow/task/task_runner/standard_task_runner.py:61 DeprecationWarning: This process (pid=286) is multi-threaded, use of fork() may lead to deadlocks in the child.
[2024-07-12T19:04:23.534+0000] {standard_task_runner.py:63} INFO - Started process 295 to run task
[2024-07-12T19:04:23.533+0000] {standard_task_runner.py:90} INFO - Running: ['airflow', 'tasks', 'run', 'dag_pipeline_northwind', 'extract_postgres_orders', 'scheduled__2024-07-11T00:00:00+00:00', '--job-id', '5576', '--raw', '--subdir', 'DAGS_FOLDER/dag_pipeline_northwind.py', '--cfg-path', '/tmp/tmpcfanrsdr']
[2024-07-12T19:04:23.538+0000] {standard_task_runner.py:91} INFO - Job 5576: Subtask extract_postgres_orders
[2024-07-12T19:04:23.646+0000] {task_command.py:426} INFO - Running <TaskInstance: dag_pipeline_northwind.extract_postgres_orders scheduled__2024-07-11T00:00:00+00:00 [running]> on host 5ef7300ef9b1
[2024-07-12T19:04:23.832+0000] {taskinstance.py:2648} INFO - Exporting env vars: AIRFLOW_CTX_DAG_OWNER='airflow' AIRFLOW_CTX_DAG_ID='dag_pipeline_northwind' AIRFLOW_CTX_TASK_ID='extract_postgres_orders' AIRFLOW_CTX_EXECUTION_DATE='2024-07-11T00:00:00+00:00' AIRFLOW_CTX_TRY_NUMBER='1' AIRFLOW_CTX_DAG_RUN_ID='scheduled__2024-07-11T00:00:00+00:00'
[2024-07-12T19:04:23.834+0000] {taskinstance.py:430} INFO - ::endgroup::
[2024-07-12T19:04:23.866+0000] {logging_mixin.py:188} INFO - Running command: meltano elt tap-postgres target-csv --transform=run --job_id=extract_postgres_orders_2024-07-11
[2024-07-12T19:04:23.871+0000] {logging_mixin.py:188} INFO - Command failed with error: Command 'meltano elt tap-postgres target-csv --transform=run --job_id=extract_postgres_orders_2024-07-11' returned non-zero exit status 127.
[2024-07-12T19:04:23.871+0000] {taskinstance.py:441} INFO - ::group::Post task execution logs
[2024-07-12T19:04:23.872+0000] {taskinstance.py:2905} ERROR - Task failed with exception
Traceback (most recent call last):
  File "/home/airflow/.local/lib/python3.12/site-packages/airflow/models/taskinstance.py", line 465, in _execute_task
    result = _execute_callable(context=context, **execute_callable_kwargs)
             ^^^^^^^^^^^^^^^^^^^^^^^^^^^^^^^^^^^^^^^^^^^^^^^^^^^^^^^^^^^^^
  File "/home/airflow/.local/lib/python3.12/site-packages/airflow/models/taskinstance.py", line 432, in _execute_callable
    return execute_callable(context=context, **execute_callable_kwargs)
           ^^^^^^^^^^^^^^^^^^^^^^^^^^^^^^^^^^^^^^^^^^^^^^^^^^^^^^^^^^^^
  File "/home/airflow/.local/lib/python3.12/site-packages/airflow/models/baseoperator.py", line 401, in wrapper
    return func(self, *args, **kwargs)
           ^^^^^^^^^^^^^^^^^^^^^^^^^^^
  File "/home/airflow/.local/lib/python3.12/site-packages/airflow/operators/python.py", line 235, in execute
    return_value = self.execute_callable()
                   ^^^^^^^^^^^^^^^^^^^^^^^
  File "/home/airflow/.local/lib/python3.12/site-packages/airflow/operators/python.py", line 252, in execute_callable
    return self.python_callable(*self.op_args, **self.op_kwargs)
           ^^^^^^^^^^^^^^^^^^^^^^^^^^^^^^^^^^^^^^^^^^^^^^^^^^^^^
  File "/opt/airflow/dags/dag_pipeline_northwind.py", line 40, in extract_postgres_table
    result = subprocess.run(extract_command, shell=True, check=True, capture_output=True, text=True)
             ^^^^^^^^^^^^^^^^^^^^^^^^^^^^^^^^^^^^^^^^^^^^^^^^^^^^^^^^^^^^^^^^^^^^^^^^^^^^^^^^^^^^^^^
  File "/usr/local/lib/python3.12/subprocess.py", line 571, in run
    raise CalledProcessError(retcode, process.args,
subprocess.CalledProcessError: Command 'meltano elt tap-postgres target-csv --transform=run --job_id=extract_postgres_orders_2024-07-11' returned non-zero exit status 127.
[2024-07-12T19:04:23.893+0000] {taskinstance.py:1206} INFO - Marking task as UP_FOR_RETRY. dag_id=dag_pipeline_northwind, task_id=extract_postgres_orders, run_id=scheduled__2024-07-11T00:00:00+00:00, execution_date=20240711T000000, start_date=20240712T190423, end_date=20240712T190423
[2024-07-12T19:04:23.915+0000] {standard_task_runner.py:110} ERROR - Failed to execute job 5576 for task extract_postgres_orders (Command 'meltano elt tap-postgres target-csv --transform=run --job_id=extract_postgres_orders_2024-07-11' returned non-zero exit status 127.; 295)
[2024-07-12T19:04:23.957+0000] {local_task_job_runner.py:240} INFO - Task exited with return code 1
[2024-07-12T19:04:23.973+0000] {local_task_job_runner.py:222} INFO - ::endgroup::
[2024-07-14T21:47:57.111+0000] {local_task_job_runner.py:120} INFO - ::group::Pre task execution logs
[2024-07-14T21:47:57.234+0000] {taskinstance.py:2076} INFO - Dependencies all met for dep_context=non-requeueable deps ti=<TaskInstance: dag_pipeline_northwind.extract_postgres_orders scheduled__2024-07-11T00:00:00+00:00 [queued]>
[2024-07-14T21:47:57.258+0000] {taskinstance.py:2076} INFO - Dependencies all met for dep_context=requeueable deps ti=<TaskInstance: dag_pipeline_northwind.extract_postgres_orders scheduled__2024-07-11T00:00:00+00:00 [queued]>
[2024-07-14T21:47:57.264+0000] {taskinstance.py:2306} INFO - Starting attempt 1 of 2
[2024-07-14T21:47:57.464+0000] {taskinstance.py:2330} INFO - Executing <Task(PythonOperator): extract_postgres_orders> on 2024-07-11 00:00:00+00:00
[2024-07-14T21:47:57.478+0000] {logging_mixin.py:188} WARNING - /home/airflow/.local/lib/python3.12/site-packages/airflow/task/task_runner/standard_task_runner.py:61 DeprecationWarning: This process (pid=279) is multi-threaded, use of fork() may lead to deadlocks in the child.
[2024-07-14T21:47:57.480+0000] {standard_task_runner.py:63} INFO - Started process 310 to run task
[2024-07-14T21:47:57.483+0000] {standard_task_runner.py:90} INFO - Running: ['airflow', 'tasks', 'run', 'dag_pipeline_northwind', 'extract_postgres_orders', 'scheduled__2024-07-11T00:00:00+00:00', '--job-id', '5713', '--raw', '--subdir', 'DAGS_FOLDER/dag_pipeline_northwind.py', '--cfg-path', '/tmp/tmpmrzyujav']
[2024-07-14T21:47:57.487+0000] {standard_task_runner.py:91} INFO - Job 5713: Subtask extract_postgres_orders
[2024-07-14T21:47:57.645+0000] {task_command.py:426} INFO - Running <TaskInstance: dag_pipeline_northwind.extract_postgres_orders scheduled__2024-07-11T00:00:00+00:00 [running]> on host ee4b7f7f7c3e
[2024-07-14T21:47:57.872+0000] {taskinstance.py:2648} INFO - Exporting env vars: AIRFLOW_CTX_DAG_OWNER='airflow' AIRFLOW_CTX_DAG_ID='dag_pipeline_northwind' AIRFLOW_CTX_TASK_ID='extract_postgres_orders' AIRFLOW_CTX_EXECUTION_DATE='2024-07-11T00:00:00+00:00' AIRFLOW_CTX_TRY_NUMBER='1' AIRFLOW_CTX_DAG_RUN_ID='scheduled__2024-07-11T00:00:00+00:00'
[2024-07-14T21:47:57.876+0000] {taskinstance.py:430} INFO - ::endgroup::
[2024-07-14T21:47:57.911+0000] {logging_mixin.py:188} INFO - Running command: meltano elt tap-postgres target-csv --transform=run --job_id=extract_postgres_orders_2024-07-11
[2024-07-14T21:47:57.916+0000] {logging_mixin.py:188} INFO - Command failed with error: Command 'meltano elt tap-postgres target-csv --transform=run --job_id=extract_postgres_orders_2024-07-11' returned non-zero exit status 127.
[2024-07-14T21:47:57.917+0000] {taskinstance.py:441} INFO - ::group::Post task execution logs
[2024-07-14T21:47:57.920+0000] {taskinstance.py:2905} ERROR - Task failed with exception
Traceback (most recent call last):
  File "/home/airflow/.local/lib/python3.12/site-packages/airflow/models/taskinstance.py", line 465, in _execute_task
    result = _execute_callable(context=context, **execute_callable_kwargs)
             ^^^^^^^^^^^^^^^^^^^^^^^^^^^^^^^^^^^^^^^^^^^^^^^^^^^^^^^^^^^^^
  File "/home/airflow/.local/lib/python3.12/site-packages/airflow/models/taskinstance.py", line 432, in _execute_callable
    return execute_callable(context=context, **execute_callable_kwargs)
           ^^^^^^^^^^^^^^^^^^^^^^^^^^^^^^^^^^^^^^^^^^^^^^^^^^^^^^^^^^^^
  File "/home/airflow/.local/lib/python3.12/site-packages/airflow/models/baseoperator.py", line 401, in wrapper
    return func(self, *args, **kwargs)
           ^^^^^^^^^^^^^^^^^^^^^^^^^^^
  File "/home/airflow/.local/lib/python3.12/site-packages/airflow/operators/python.py", line 235, in execute
    return_value = self.execute_callable()
                   ^^^^^^^^^^^^^^^^^^^^^^^
  File "/home/airflow/.local/lib/python3.12/site-packages/airflow/operators/python.py", line 252, in execute_callable
    return self.python_callable(*self.op_args, **self.op_kwargs)
           ^^^^^^^^^^^^^^^^^^^^^^^^^^^^^^^^^^^^^^^^^^^^^^^^^^^^^
  File "/opt/airflow/dags/dag_pipeline_northwind.py", line 40, in extract_postgres_table
    result = subprocess.run(extract_command, shell=True, check=True, capture_output=True, text=True)
             ^^^^^^^^^^^^^^^^^^^^^^^^^^^^^^^^^^^^^^^^^^^^^^^^^^^^^^^^^^^^^^^^^^^^^^^^^^^^^^^^^^^^^^^
  File "/usr/local/lib/python3.12/subprocess.py", line 571, in run
    raise CalledProcessError(retcode, process.args,
subprocess.CalledProcessError: Command 'meltano elt tap-postgres target-csv --transform=run --job_id=extract_postgres_orders_2024-07-11' returned non-zero exit status 127.
[2024-07-14T21:47:57.944+0000] {taskinstance.py:1206} INFO - Marking task as UP_FOR_RETRY. dag_id=dag_pipeline_northwind, task_id=extract_postgres_orders, run_id=scheduled__2024-07-11T00:00:00+00:00, execution_date=20240711T000000, start_date=20240714T214757, end_date=20240714T214757
[2024-07-14T21:47:57.975+0000] {standard_task_runner.py:110} ERROR - Failed to execute job 5713 for task extract_postgres_orders (Command 'meltano elt tap-postgres target-csv --transform=run --job_id=extract_postgres_orders_2024-07-11' returned non-zero exit status 127.; 310)
[2024-07-14T21:47:58.001+0000] {local_task_job_runner.py:240} INFO - Task exited with return code 1
[2024-07-14T21:47:58.021+0000] {local_task_job_runner.py:222} INFO - ::endgroup::
