[2024-07-03T17:57:43.850+0000] {local_task_job_runner.py:120} INFO - ::group::Pre task execution logs
[2024-07-03T17:57:43.974+0000] {taskinstance.py:2076} INFO - Dependencies all met for dep_context=non-requeueable deps ti=<TaskInstance: pipeline_dag_northwind.extract_postgres scheduled__2024-01-12T00:00:00+00:00 [queued]>
[2024-07-03T17:57:44.015+0000] {taskinstance.py:2076} INFO - Dependencies all met for dep_context=requeueable deps ti=<TaskInstance: pipeline_dag_northwind.extract_postgres scheduled__2024-01-12T00:00:00+00:00 [queued]>
[2024-07-03T17:57:44.020+0000] {taskinstance.py:2306} INFO - Starting attempt 1 of 2
[2024-07-03T17:57:44.102+0000] {taskinstance.py:2330} INFO - Executing <Task(PythonOperator): extract_postgres> on 2024-01-12 00:00:00+00:00
[2024-07-03T17:57:44.118+0000] {logging_mixin.py:188} WARNING - /home/airflow/.local/lib/python3.12/site-packages/airflow/task/task_runner/standard_task_runner.py:61 DeprecationWarning: This process (pid=801) is multi-threaded, use of fork() may lead to deadlocks in the child.
[2024-07-03T17:57:44.121+0000] {standard_task_runner.py:63} INFO - Started process 812 to run task
[2024-07-03T17:57:44.117+0000] {standard_task_runner.py:90} INFO - Running: ['airflow', 'tasks', 'run', 'pipeline_dag_northwind', 'extract_postgres', 'scheduled__2024-01-12T00:00:00+00:00', '--job-id', '3173', '--raw', '--subdir', 'DAGS_FOLDER/northwind_dag_teste.py', '--cfg-path', '/tmp/tmplq3ufvoo']
[2024-07-03T17:57:44.122+0000] {standard_task_runner.py:91} INFO - Job 3173: Subtask extract_postgres
[2024-07-03T17:57:44.376+0000] {task_command.py:426} INFO - Running <TaskInstance: pipeline_dag_northwind.extract_postgres scheduled__2024-01-12T00:00:00+00:00 [running]> on host 06029b2f40fb
[2024-07-03T17:57:44.665+0000] {taskinstance.py:2648} INFO - Exporting env vars: AIRFLOW_CTX_DAG_OWNER='airflow' AIRFLOW_CTX_DAG_ID='pipeline_dag_northwind' AIRFLOW_CTX_TASK_ID='extract_postgres' AIRFLOW_CTX_EXECUTION_DATE='2024-01-12T00:00:00+00:00' AIRFLOW_CTX_TRY_NUMBER='1' AIRFLOW_CTX_DAG_RUN_ID='scheduled__2024-01-12T00:00:00+00:00'
[2024-07-03T17:57:44.667+0000] {taskinstance.py:430} INFO - ::endgroup::
[2024-07-03T17:57:44.719+0000] {logging_mixin.py:188} INFO - Command failed with error: Command 'meltano elt tap-postgres target-csv --transform=run --job_id=extract_postgres_2024-01-12' returned non-zero exit status 127.
[2024-07-03T17:57:44.721+0000] {taskinstance.py:441} INFO - ::group::Post task execution logs
[2024-07-03T17:57:44.723+0000] {taskinstance.py:2905} ERROR - Task failed with exception
Traceback (most recent call last):
  File "/home/airflow/.local/lib/python3.12/site-packages/airflow/models/taskinstance.py", line 465, in _execute_task
    result = _execute_callable(context=context, **execute_callable_kwargs)
             ^^^^^^^^^^^^^^^^^^^^^^^^^^^^^^^^^^^^^^^^^^^^^^^^^^^^^^^^^^^^^
  File "/home/airflow/.local/lib/python3.12/site-packages/airflow/models/taskinstance.py", line 432, in _execute_callable
    return execute_callable(context=context, **execute_callable_kwargs)
           ^^^^^^^^^^^^^^^^^^^^^^^^^^^^^^^^^^^^^^^^^^^^^^^^^^^^^^^^^^^^
  File "/home/airflow/.local/lib/python3.12/site-packages/airflow/models/baseoperator.py", line 401, in wrapper
    return func(self, *args, **kwargs)
           ^^^^^^^^^^^^^^^^^^^^^^^^^^^
  File "/home/airflow/.local/lib/python3.12/site-packages/airflow/operators/python.py", line 235, in execute
    return_value = self.execute_callable()
                   ^^^^^^^^^^^^^^^^^^^^^^^
  File "/home/airflow/.local/lib/python3.12/site-packages/airflow/operators/python.py", line 252, in execute_callable
    return self.python_callable(*self.op_args, **self.op_kwargs)
           ^^^^^^^^^^^^^^^^^^^^^^^^^^^^^^^^^^^^^^^^^^^^^^^^^^^^^
  File "/opt/airflow/dags/northwind_dag_teste.py", line 29, in extract_postgres
    subprocess.run(extract_command, shell=True, check=True)
  File "/usr/local/lib/python3.12/subprocess.py", line 571, in run
    raise CalledProcessError(retcode, process.args,
subprocess.CalledProcessError: Command 'meltano elt tap-postgres target-csv --transform=run --job_id=extract_postgres_2024-01-12' returned non-zero exit status 127.
[2024-07-03T17:57:44.770+0000] {taskinstance.py:1206} INFO - Marking task as UP_FOR_RETRY. dag_id=pipeline_dag_northwind, task_id=extract_postgres, run_id=scheduled__2024-01-12T00:00:00+00:00, execution_date=20240112T000000, start_date=20240703T175743, end_date=20240703T175744
[2024-07-03T17:57:44.819+0000] {standard_task_runner.py:110} ERROR - Failed to execute job 3173 for task extract_postgres (Command 'meltano elt tap-postgres target-csv --transform=run --job_id=extract_postgres_2024-01-12' returned non-zero exit status 127.; 812)
[2024-07-03T17:57:44.872+0000] {local_task_job_runner.py:240} INFO - Task exited with return code 1
[2024-07-03T17:57:44.905+0000] {local_task_job_runner.py:222} INFO - ::endgroup::
