[2024-07-12T18:36:52.973+0000] {local_task_job_runner.py:120} INFO - ::group::Pre task execution logs
[2024-07-12T18:36:53.111+0000] {taskinstance.py:2076} INFO - Dependencies all met for dep_context=non-requeueable deps ti=<TaskInstance: dag_pipeline_northwind.extract_postgres_category_id scheduled__2024-07-09T00:00:00+00:00 [queued]>
[2024-07-12T18:36:53.166+0000] {taskinstance.py:2076} INFO - Dependencies all met for dep_context=requeueable deps ti=<TaskInstance: dag_pipeline_northwind.extract_postgres_category_id scheduled__2024-07-09T00:00:00+00:00 [queued]>
[2024-07-12T18:36:53.171+0000] {taskinstance.py:2306} INFO - Starting attempt 2 of 2
[2024-07-12T18:36:53.287+0000] {taskinstance.py:2330} INFO - Executing <Task(PythonOperator): extract_postgres_category_id> on 2024-07-09 00:00:00+00:00
[2024-07-12T18:36:53.337+0000] {logging_mixin.py:188} WARNING - /home/airflow/.local/lib/python3.12/site-packages/airflow/task/task_runner/standard_task_runner.py:61 DeprecationWarning: This process (pid=424) is multi-threaded, use of fork() may lead to deadlocks in the child.
[2024-07-12T18:36:53.340+0000] {standard_task_runner.py:63} INFO - Started process 442 to run task
[2024-07-12T18:36:53.352+0000] {standard_task_runner.py:90} INFO - Running: ['airflow', 'tasks', 'run', 'dag_pipeline_northwind', 'extract_postgres_category_id', 'scheduled__2024-07-09T00:00:00+00:00', '--job-id', '5484', '--raw', '--subdir', 'DAGS_FOLDER/dag_pipeline_northwind.py', '--cfg-path', '/tmp/tmpt2v39jep']
[2024-07-12T18:36:53.361+0000] {standard_task_runner.py:91} INFO - Job 5484: Subtask extract_postgres_category_id
[2024-07-12T18:36:53.519+0000] {task_command.py:426} INFO - Running <TaskInstance: dag_pipeline_northwind.extract_postgres_category_id scheduled__2024-07-09T00:00:00+00:00 [running]> on host da29552222cb
[2024-07-12T18:36:53.789+0000] {taskinstance.py:2648} INFO - Exporting env vars: AIRFLOW_CTX_DAG_OWNER='airflow' AIRFLOW_CTX_DAG_ID='dag_pipeline_northwind' AIRFLOW_CTX_TASK_ID='extract_postgres_category_id' AIRFLOW_CTX_EXECUTION_DATE='2024-07-09T00:00:00+00:00' AIRFLOW_CTX_TRY_NUMBER='2' AIRFLOW_CTX_DAG_RUN_ID='scheduled__2024-07-09T00:00:00+00:00'
[2024-07-12T18:36:53.791+0000] {taskinstance.py:430} INFO - ::endgroup::
[2024-07-12T18:36:53.844+0000] {logging_mixin.py:188} INFO - Running command: meltano elt tap-postgres target-csv --transform=run --job_id=extract_postgres_category_id_2024-07-09
[2024-07-12T18:36:53.849+0000] {logging_mixin.py:188} INFO - Command failed with error: Command 'meltano elt tap-postgres target-csv --transform=run --job_id=extract_postgres_category_id_2024-07-09' returned non-zero exit status 127.
[2024-07-12T18:36:53.853+0000] {taskinstance.py:441} INFO - ::group::Post task execution logs
[2024-07-12T18:36:53.854+0000] {taskinstance.py:2905} ERROR - Task failed with exception
Traceback (most recent call last):
  File "/home/airflow/.local/lib/python3.12/site-packages/airflow/models/taskinstance.py", line 465, in _execute_task
    result = _execute_callable(context=context, **execute_callable_kwargs)
             ^^^^^^^^^^^^^^^^^^^^^^^^^^^^^^^^^^^^^^^^^^^^^^^^^^^^^^^^^^^^^
  File "/home/airflow/.local/lib/python3.12/site-packages/airflow/models/taskinstance.py", line 432, in _execute_callable
    return execute_callable(context=context, **execute_callable_kwargs)
           ^^^^^^^^^^^^^^^^^^^^^^^^^^^^^^^^^^^^^^^^^^^^^^^^^^^^^^^^^^^^
  File "/home/airflow/.local/lib/python3.12/site-packages/airflow/models/baseoperator.py", line 401, in wrapper
    return func(self, *args, **kwargs)
           ^^^^^^^^^^^^^^^^^^^^^^^^^^^
  File "/home/airflow/.local/lib/python3.12/site-packages/airflow/operators/python.py", line 235, in execute
    return_value = self.execute_callable()
                   ^^^^^^^^^^^^^^^^^^^^^^^
  File "/home/airflow/.local/lib/python3.12/site-packages/airflow/operators/python.py", line 252, in execute_callable
    return self.python_callable(*self.op_args, **self.op_kwargs)
           ^^^^^^^^^^^^^^^^^^^^^^^^^^^^^^^^^^^^^^^^^^^^^^^^^^^^^
  File "/opt/airflow/dags/dag_pipeline_northwind.py", line 40, in extract_postgres_table
    result = subprocess.run(extract_command, shell=True, check=True, capture_output=True, text=True)
             ^^^^^^^^^^^^^^^^^^^^^^^^^^^^^^^^^^^^^^^^^^^^^^^^^^^^^^^^^^^^^^^^^^^^^^^^^^^^^^^^^^^^^^^
  File "/usr/local/lib/python3.12/subprocess.py", line 571, in run
    raise CalledProcessError(retcode, process.args,
subprocess.CalledProcessError: Command 'meltano elt tap-postgres target-csv --transform=run --job_id=extract_postgres_category_id_2024-07-09' returned non-zero exit status 127.
[2024-07-12T18:36:53.895+0000] {taskinstance.py:1206} INFO - Marking task as FAILED. dag_id=dag_pipeline_northwind, task_id=extract_postgres_category_id, run_id=scheduled__2024-07-09T00:00:00+00:00, execution_date=20240709T000000, start_date=20240712T183653, end_date=20240712T183653
[2024-07-12T18:36:53.939+0000] {standard_task_runner.py:110} ERROR - Failed to execute job 5484 for task extract_postgres_category_id (Command 'meltano elt tap-postgres target-csv --transform=run --job_id=extract_postgres_category_id_2024-07-09' returned non-zero exit status 127.; 442)
[2024-07-12T18:36:53.997+0000] {local_task_job_runner.py:240} INFO - Task exited with return code 1
[2024-07-12T18:36:54.052+0000] {taskinstance.py:3503} INFO - 0 downstream tasks scheduled from follow-on schedule check
[2024-07-12T18:36:54.058+0000] {local_task_job_runner.py:222} INFO - ::endgroup::
[2024-07-12T19:09:21.500+0000] {local_task_job_runner.py:120} INFO - ::group::Pre task execution logs
[2024-07-12T19:09:21.742+0000] {taskinstance.py:2076} INFO - Dependencies all met for dep_context=non-requeueable deps ti=<TaskInstance: dag_pipeline_northwind.extract_postgres_category_id scheduled__2024-07-09T00:00:00+00:00 [queued]>
[2024-07-12T19:09:21.801+0000] {taskinstance.py:2076} INFO - Dependencies all met for dep_context=requeueable deps ti=<TaskInstance: dag_pipeline_northwind.extract_postgres_category_id scheduled__2024-07-09T00:00:00+00:00 [queued]>
[2024-07-12T19:09:21.815+0000] {taskinstance.py:2306} INFO - Starting attempt 2 of 2
[2024-07-12T19:09:23.500+0000] {taskinstance.py:2330} INFO - Executing <Task(PythonOperator): extract_postgres_category_id> on 2024-07-09 00:00:00+00:00
[2024-07-12T19:09:23.548+0000] {logging_mixin.py:188} WARNING - /home/airflow/.local/lib/python3.12/site-packages/airflow/task/task_runner/standard_task_runner.py:61 DeprecationWarning: This process (pid=360) is multi-threaded, use of fork() may lead to deadlocks in the child.
[2024-07-12T19:09:23.575+0000] {standard_task_runner.py:63} INFO - Started process 384 to run task
[2024-07-12T19:09:23.599+0000] {standard_task_runner.py:90} INFO - Running: ['airflow', 'tasks', 'run', 'dag_pipeline_northwind', 'extract_postgres_category_id', 'scheduled__2024-07-09T00:00:00+00:00', '--job-id', '5579', '--raw', '--subdir', 'DAGS_FOLDER/dag_pipeline_northwind.py', '--cfg-path', '/tmp/tmp063lxxtl']
[2024-07-12T19:09:23.623+0000] {standard_task_runner.py:91} INFO - Job 5579: Subtask extract_postgres_category_id
[2024-07-12T19:09:24.527+0000] {task_command.py:426} INFO - Running <TaskInstance: dag_pipeline_northwind.extract_postgres_category_id scheduled__2024-07-09T00:00:00+00:00 [running]> on host 5ef7300ef9b1
[2024-07-12T19:09:25.816+0000] {taskinstance.py:2648} INFO - Exporting env vars: AIRFLOW_CTX_DAG_OWNER='airflow' AIRFLOW_CTX_DAG_ID='dag_pipeline_northwind' AIRFLOW_CTX_TASK_ID='extract_postgres_category_id' AIRFLOW_CTX_EXECUTION_DATE='2024-07-09T00:00:00+00:00' AIRFLOW_CTX_TRY_NUMBER='2' AIRFLOW_CTX_DAG_RUN_ID='scheduled__2024-07-09T00:00:00+00:00'
[2024-07-12T19:09:25.818+0000] {taskinstance.py:430} INFO - ::endgroup::
[2024-07-12T19:09:25.854+0000] {logging_mixin.py:188} INFO - Running command: meltano elt tap-postgres target-csv --transform=run --job_id=extract_postgres_category_id_2024-07-09
[2024-07-12T19:09:25.861+0000] {logging_mixin.py:188} INFO - Command failed with error: Command 'meltano elt tap-postgres target-csv --transform=run --job_id=extract_postgres_category_id_2024-07-09' returned non-zero exit status 127.
[2024-07-12T19:09:25.862+0000] {taskinstance.py:441} INFO - ::group::Post task execution logs
[2024-07-12T19:09:25.864+0000] {taskinstance.py:2905} ERROR - Task failed with exception
Traceback (most recent call last):
  File "/home/airflow/.local/lib/python3.12/site-packages/airflow/models/taskinstance.py", line 465, in _execute_task
    result = _execute_callable(context=context, **execute_callable_kwargs)
             ^^^^^^^^^^^^^^^^^^^^^^^^^^^^^^^^^^^^^^^^^^^^^^^^^^^^^^^^^^^^^
  File "/home/airflow/.local/lib/python3.12/site-packages/airflow/models/taskinstance.py", line 432, in _execute_callable
    return execute_callable(context=context, **execute_callable_kwargs)
           ^^^^^^^^^^^^^^^^^^^^^^^^^^^^^^^^^^^^^^^^^^^^^^^^^^^^^^^^^^^^
  File "/home/airflow/.local/lib/python3.12/site-packages/airflow/models/baseoperator.py", line 401, in wrapper
    return func(self, *args, **kwargs)
           ^^^^^^^^^^^^^^^^^^^^^^^^^^^
  File "/home/airflow/.local/lib/python3.12/site-packages/airflow/operators/python.py", line 235, in execute
    return_value = self.execute_callable()
                   ^^^^^^^^^^^^^^^^^^^^^^^
  File "/home/airflow/.local/lib/python3.12/site-packages/airflow/operators/python.py", line 252, in execute_callable
    return self.python_callable(*self.op_args, **self.op_kwargs)
           ^^^^^^^^^^^^^^^^^^^^^^^^^^^^^^^^^^^^^^^^^^^^^^^^^^^^^
  File "/opt/airflow/dags/dag_pipeline_northwind.py", line 40, in extract_postgres_table
    result = subprocess.run(extract_command, shell=True, check=True, capture_output=True, text=True)
             ^^^^^^^^^^^^^^^^^^^^^^^^^^^^^^^^^^^^^^^^^^^^^^^^^^^^^^^^^^^^^^^^^^^^^^^^^^^^^^^^^^^^^^^
  File "/usr/local/lib/python3.12/subprocess.py", line 571, in run
    raise CalledProcessError(retcode, process.args,
subprocess.CalledProcessError: Command 'meltano elt tap-postgres target-csv --transform=run --job_id=extract_postgres_category_id_2024-07-09' returned non-zero exit status 127.
[2024-07-12T19:09:25.937+0000] {taskinstance.py:1206} INFO - Marking task as FAILED. dag_id=dag_pipeline_northwind, task_id=extract_postgres_category_id, run_id=scheduled__2024-07-09T00:00:00+00:00, execution_date=20240709T000000, start_date=20240712T190921, end_date=20240712T190925
[2024-07-12T19:09:26.391+0000] {standard_task_runner.py:110} ERROR - Failed to execute job 5579 for task extract_postgres_category_id (Command 'meltano elt tap-postgres target-csv --transform=run --job_id=extract_postgres_category_id_2024-07-09' returned non-zero exit status 127.; 384)
[2024-07-12T19:09:26.483+0000] {local_task_job_runner.py:240} INFO - Task exited with return code 1
[2024-07-12T19:09:26.504+0000] {local_task_job_runner.py:222} INFO - ::endgroup::
[2024-07-14T21:52:54.491+0000] {local_task_job_runner.py:120} INFO - ::group::Pre task execution logs
[2024-07-14T21:52:54.601+0000] {taskinstance.py:2076} INFO - Dependencies all met for dep_context=non-requeueable deps ti=<TaskInstance: dag_pipeline_northwind.extract_postgres_category_id scheduled__2024-07-09T00:00:00+00:00 [queued]>
[2024-07-14T21:52:54.627+0000] {taskinstance.py:2076} INFO - Dependencies all met for dep_context=requeueable deps ti=<TaskInstance: dag_pipeline_northwind.extract_postgres_category_id scheduled__2024-07-09T00:00:00+00:00 [queued]>
[2024-07-14T21:52:54.630+0000] {taskinstance.py:2306} INFO - Starting attempt 2 of 2
[2024-07-14T21:52:54.728+0000] {taskinstance.py:2330} INFO - Executing <Task(PythonOperator): extract_postgres_category_id> on 2024-07-09 00:00:00+00:00
[2024-07-14T21:52:54.762+0000] {standard_task_runner.py:90} INFO - Running: ['airflow', 'tasks', 'run', 'dag_pipeline_northwind', 'extract_postgres_category_id', 'scheduled__2024-07-09T00:00:00+00:00', '--job-id', '5764', '--raw', '--subdir', 'DAGS_FOLDER/dag_pipeline_northwind.py', '--cfg-path', '/tmp/tmpl5y2vvot']
[2024-07-14T21:52:54.770+0000] {standard_task_runner.py:91} INFO - Job 5764: Subtask extract_postgres_category_id
[2024-07-14T21:52:54.768+0000] {logging_mixin.py:188} WARNING - /home/airflow/.local/lib/python3.12/site-packages/airflow/task/task_runner/standard_task_runner.py:61 DeprecationWarning: This process (pid=458) is multi-threaded, use of fork() may lead to deadlocks in the child.
[2024-07-14T21:52:54.786+0000] {standard_task_runner.py:63} INFO - Started process 473 to run task
[2024-07-14T21:52:55.674+0000] {task_command.py:426} INFO - Running <TaskInstance: dag_pipeline_northwind.extract_postgres_category_id scheduled__2024-07-09T00:00:00+00:00 [running]> on host ee4b7f7f7c3e
[2024-07-14T21:52:56.294+0000] {taskinstance.py:2648} INFO - Exporting env vars: AIRFLOW_CTX_DAG_OWNER='airflow' AIRFLOW_CTX_DAG_ID='dag_pipeline_northwind' AIRFLOW_CTX_TASK_ID='extract_postgres_category_id' AIRFLOW_CTX_EXECUTION_DATE='2024-07-09T00:00:00+00:00' AIRFLOW_CTX_TRY_NUMBER='2' AIRFLOW_CTX_DAG_RUN_ID='scheduled__2024-07-09T00:00:00+00:00'
[2024-07-14T21:52:56.298+0000] {taskinstance.py:430} INFO - ::endgroup::
[2024-07-14T21:52:56.341+0000] {logging_mixin.py:188} INFO - Running command: meltano elt tap-postgres target-csv --transform=run --job_id=extract_postgres_category_id_2024-07-09
[2024-07-14T21:52:56.347+0000] {logging_mixin.py:188} INFO - Command failed with error: Command 'meltano elt tap-postgres target-csv --transform=run --job_id=extract_postgres_category_id_2024-07-09' returned non-zero exit status 127.
[2024-07-14T21:52:56.348+0000] {taskinstance.py:441} INFO - ::group::Post task execution logs
[2024-07-14T21:52:56.349+0000] {taskinstance.py:2905} ERROR - Task failed with exception
Traceback (most recent call last):
  File "/home/airflow/.local/lib/python3.12/site-packages/airflow/models/taskinstance.py", line 465, in _execute_task
    result = _execute_callable(context=context, **execute_callable_kwargs)
             ^^^^^^^^^^^^^^^^^^^^^^^^^^^^^^^^^^^^^^^^^^^^^^^^^^^^^^^^^^^^^
  File "/home/airflow/.local/lib/python3.12/site-packages/airflow/models/taskinstance.py", line 432, in _execute_callable
    return execute_callable(context=context, **execute_callable_kwargs)
           ^^^^^^^^^^^^^^^^^^^^^^^^^^^^^^^^^^^^^^^^^^^^^^^^^^^^^^^^^^^^
  File "/home/airflow/.local/lib/python3.12/site-packages/airflow/models/baseoperator.py", line 401, in wrapper
    return func(self, *args, **kwargs)
           ^^^^^^^^^^^^^^^^^^^^^^^^^^^
  File "/home/airflow/.local/lib/python3.12/site-packages/airflow/operators/python.py", line 235, in execute
    return_value = self.execute_callable()
                   ^^^^^^^^^^^^^^^^^^^^^^^
  File "/home/airflow/.local/lib/python3.12/site-packages/airflow/operators/python.py", line 252, in execute_callable
    return self.python_callable(*self.op_args, **self.op_kwargs)
           ^^^^^^^^^^^^^^^^^^^^^^^^^^^^^^^^^^^^^^^^^^^^^^^^^^^^^
  File "/opt/airflow/dags/dag_pipeline_northwind.py", line 40, in extract_postgres_table
    result = subprocess.run(extract_command, shell=True, check=True, capture_output=True, text=True)
             ^^^^^^^^^^^^^^^^^^^^^^^^^^^^^^^^^^^^^^^^^^^^^^^^^^^^^^^^^^^^^^^^^^^^^^^^^^^^^^^^^^^^^^^
  File "/usr/local/lib/python3.12/subprocess.py", line 571, in run
    raise CalledProcessError(retcode, process.args,
subprocess.CalledProcessError: Command 'meltano elt tap-postgres target-csv --transform=run --job_id=extract_postgres_category_id_2024-07-09' returned non-zero exit status 127.
[2024-07-14T21:52:56.382+0000] {taskinstance.py:1206} INFO - Marking task as FAILED. dag_id=dag_pipeline_northwind, task_id=extract_postgres_category_id, run_id=scheduled__2024-07-09T00:00:00+00:00, execution_date=20240709T000000, start_date=20240714T215254, end_date=20240714T215256
[2024-07-14T21:52:56.476+0000] {standard_task_runner.py:110} ERROR - Failed to execute job 5764 for task extract_postgres_category_id (Command 'meltano elt tap-postgres target-csv --transform=run --job_id=extract_postgres_category_id_2024-07-09' returned non-zero exit status 127.; 473)
[2024-07-14T21:52:56.518+0000] {local_task_job_runner.py:240} INFO - Task exited with return code 1
[2024-07-14T21:52:56.545+0000] {local_task_job_runner.py:222} INFO - ::endgroup::
