[2024-07-01T01:30:44.979+0000] {local_task_job_runner.py:120} INFO - ::group::Pre task execution logs
[2024-07-01T01:30:45.110+0000] {taskinstance.py:2076} INFO - Dependencies all met for dep_context=non-requeueable deps ti=<TaskInstance: dag_northwind.extract_csv scheduled__2024-04-01T00:00:00+00:00 [queued]>
[2024-07-01T01:30:45.131+0000] {taskinstance.py:2076} INFO - Dependencies all met for dep_context=requeueable deps ti=<TaskInstance: dag_northwind.extract_csv scheduled__2024-04-01T00:00:00+00:00 [queued]>
[2024-07-01T01:30:45.134+0000] {taskinstance.py:2306} INFO - Starting attempt 2 of 2
[2024-07-01T01:30:45.187+0000] {taskinstance.py:2330} INFO - Executing <Task(BashOperator): extract_csv> on 2024-04-01 00:00:00+00:00
[2024-07-01T01:30:45.224+0000] {standard_task_runner.py:90} INFO - Running: ['airflow', 'tasks', 'run', 'dag_northwind', 'extract_csv', 'scheduled__2024-04-01T00:00:00+00:00', '--job-id', '700', '--raw', '--subdir', 'DAGS_FOLDER/dag_northwind.py', '--cfg-path', '/tmp/tmpjrwqfabq']
[2024-07-01T01:30:45.232+0000] {standard_task_runner.py:91} INFO - Job 700: Subtask extract_csv
[2024-07-01T01:30:45.223+0000] {logging_mixin.py:188} WARNING - /home/airflow/.local/lib/python3.12/site-packages/airflow/task/task_runner/standard_task_runner.py:61 DeprecationWarning: This process (pid=1137) is multi-threaded, use of fork() may lead to deadlocks in the child.
[2024-07-01T01:30:45.240+0000] {standard_task_runner.py:63} INFO - Started process 1151 to run task
[2024-07-01T01:30:45.455+0000] {task_command.py:426} INFO - Running <TaskInstance: dag_northwind.extract_csv scheduled__2024-04-01T00:00:00+00:00 [running]> on host 05d913303710
[2024-07-01T01:30:45.773+0000] {taskinstance.py:2648} INFO - Exporting env vars: AIRFLOW_CTX_DAG_OWNER='airflow' AIRFLOW_CTX_DAG_ID='dag_northwind' AIRFLOW_CTX_TASK_ID='extract_csv' AIRFLOW_CTX_EXECUTION_DATE='2024-04-01T00:00:00+00:00' AIRFLOW_CTX_TRY_NUMBER='2' AIRFLOW_CTX_DAG_RUN_ID='scheduled__2024-04-01T00:00:00+00:00'
[2024-07-01T01:30:45.777+0000] {taskinstance.py:430} INFO - ::endgroup::
[2024-07-01T01:30:45.827+0000] {subprocess.py:63} INFO - Tmp dir root location: /tmp
[2024-07-01T01:30:45.829+0000] {subprocess.py:75} INFO - Running command: ['/usr/bin/bash', '-c', 'meltano elt tap-csv target-csv --job_id=extract_csv_2024-04-01 && mkdir -p /data/csv/2024-04-01 && mv /project/output/tap-csv/*.csv /data/csv/2024-04-01/']
[2024-07-01T01:30:45.888+0000] {subprocess.py:86} INFO - Output:
[2024-07-01T01:30:45.890+0000] {subprocess.py:93} INFO - /usr/bin/bash: line 1: meltano: command not found
[2024-07-01T01:30:45.892+0000] {subprocess.py:97} INFO - Command exited with return code 127
[2024-07-01T01:30:45.895+0000] {taskinstance.py:441} INFO - ::group::Post task execution logs
[2024-07-01T01:30:45.936+0000] {taskinstance.py:2905} ERROR - Task failed with exception
Traceback (most recent call last):
  File "/home/airflow/.local/lib/python3.12/site-packages/airflow/models/taskinstance.py", line 465, in _execute_task
    result = _execute_callable(context=context, **execute_callable_kwargs)
             ^^^^^^^^^^^^^^^^^^^^^^^^^^^^^^^^^^^^^^^^^^^^^^^^^^^^^^^^^^^^^
  File "/home/airflow/.local/lib/python3.12/site-packages/airflow/models/taskinstance.py", line 432, in _execute_callable
    return execute_callable(context=context, **execute_callable_kwargs)
           ^^^^^^^^^^^^^^^^^^^^^^^^^^^^^^^^^^^^^^^^^^^^^^^^^^^^^^^^^^^^
  File "/home/airflow/.local/lib/python3.12/site-packages/airflow/models/baseoperator.py", line 401, in wrapper
    return func(self, *args, **kwargs)
           ^^^^^^^^^^^^^^^^^^^^^^^^^^^
  File "/home/airflow/.local/lib/python3.12/site-packages/airflow/operators/bash.py", line 243, in execute
    raise AirflowException(
airflow.exceptions.AirflowException: Bash command failed. The command returned a non-zero exit code 127.
[2024-07-01T01:30:45.949+0000] {taskinstance.py:1206} INFO - Marking task as FAILED. dag_id=dag_northwind, task_id=extract_csv, run_id=scheduled__2024-04-01T00:00:00+00:00, execution_date=20240401T000000, start_date=20240701T013045, end_date=20240701T013045
[2024-07-01T01:30:45.995+0000] {standard_task_runner.py:110} ERROR - Failed to execute job 700 for task extract_csv (Bash command failed. The command returned a non-zero exit code 127.; 1151)
[2024-07-01T01:30:46.012+0000] {local_task_job_runner.py:240} INFO - Task exited with return code 1
[2024-07-01T01:30:46.110+0000] {taskinstance.py:3503} INFO - 0 downstream tasks scheduled from follow-on schedule check
[2024-07-01T01:30:46.122+0000] {local_task_job_runner.py:222} INFO - ::endgroup::
[2024-07-01T10:31:47.990+0000] {local_task_job_runner.py:120} INFO - ::group::Pre task execution logs
[2024-07-01T10:31:48.084+0000] {taskinstance.py:2076} INFO - Dependencies all met for dep_context=non-requeueable deps ti=<TaskInstance: dag_northwind.extract_csv scheduled__2024-04-01T00:00:00+00:00 [queued]>
[2024-07-01T10:31:48.118+0000] {taskinstance.py:2076} INFO - Dependencies all met for dep_context=requeueable deps ti=<TaskInstance: dag_northwind.extract_csv scheduled__2024-04-01T00:00:00+00:00 [queued]>
[2024-07-01T10:31:48.119+0000] {taskinstance.py:2306} INFO - Starting attempt 2 of 2
[2024-07-01T10:31:48.213+0000] {taskinstance.py:2330} INFO - Executing <Task(BashOperator): extract_csv> on 2024-04-01 00:00:00+00:00
[2024-07-01T10:31:48.236+0000] {logging_mixin.py:188} WARNING - /home/airflow/.local/lib/python3.12/site-packages/airflow/task/task_runner/standard_task_runner.py:61 DeprecationWarning: This process (pid=6730) is multi-threaded, use of fork() may lead to deadlocks in the child.
[2024-07-01T10:31:48.238+0000] {standard_task_runner.py:63} INFO - Started process 6742 to run task
[2024-07-01T10:31:48.239+0000] {standard_task_runner.py:90} INFO - Running: ['airflow', 'tasks', 'run', 'dag_northwind', 'extract_csv', 'scheduled__2024-04-01T00:00:00+00:00', '--job-id', '1248', '--raw', '--subdir', 'DAGS_FOLDER/dag_northwind.py', '--cfg-path', '/tmp/tmp_z03a_ib']
[2024-07-01T10:31:48.245+0000] {standard_task_runner.py:91} INFO - Job 1248: Subtask extract_csv
[2024-07-01T10:31:48.402+0000] {task_command.py:426} INFO - Running <TaskInstance: dag_northwind.extract_csv scheduled__2024-04-01T00:00:00+00:00 [running]> on host 85c6ea7cd9cf
[2024-07-01T10:31:48.680+0000] {taskinstance.py:2648} INFO - Exporting env vars: AIRFLOW_CTX_DAG_OWNER='airflow' AIRFLOW_CTX_DAG_ID='dag_northwind' AIRFLOW_CTX_TASK_ID='extract_csv' AIRFLOW_CTX_EXECUTION_DATE='2024-04-01T00:00:00+00:00' AIRFLOW_CTX_TRY_NUMBER='2' AIRFLOW_CTX_DAG_RUN_ID='scheduled__2024-04-01T00:00:00+00:00'
[2024-07-01T10:31:48.685+0000] {taskinstance.py:430} INFO - ::endgroup::
[2024-07-01T10:31:48.726+0000] {subprocess.py:63} INFO - Tmp dir root location: /tmp
[2024-07-01T10:31:48.729+0000] {subprocess.py:75} INFO - Running command: ['/usr/bin/bash', '-c', 'meltano elt tap-csv target-csv --job_id=extract_csv_2024-04-01 && mkdir -p /data/csv/2024-04-01 && mv /project/output/tap-csv/*.csv /data/csv/2024-04-01/']
[2024-07-01T10:31:48.763+0000] {subprocess.py:86} INFO - Output:
[2024-07-01T10:31:48.767+0000] {subprocess.py:93} INFO - /usr/bin/bash: line 1: meltano: command not found
[2024-07-01T10:31:48.768+0000] {subprocess.py:97} INFO - Command exited with return code 127
[2024-07-01T10:31:48.772+0000] {taskinstance.py:441} INFO - ::group::Post task execution logs
[2024-07-01T10:31:48.795+0000] {taskinstance.py:2905} ERROR - Task failed with exception
Traceback (most recent call last):
  File "/home/airflow/.local/lib/python3.12/site-packages/airflow/models/taskinstance.py", line 465, in _execute_task
    result = _execute_callable(context=context, **execute_callable_kwargs)
             ^^^^^^^^^^^^^^^^^^^^^^^^^^^^^^^^^^^^^^^^^^^^^^^^^^^^^^^^^^^^^
  File "/home/airflow/.local/lib/python3.12/site-packages/airflow/models/taskinstance.py", line 432, in _execute_callable
    return execute_callable(context=context, **execute_callable_kwargs)
           ^^^^^^^^^^^^^^^^^^^^^^^^^^^^^^^^^^^^^^^^^^^^^^^^^^^^^^^^^^^^
  File "/home/airflow/.local/lib/python3.12/site-packages/airflow/models/baseoperator.py", line 401, in wrapper
    return func(self, *args, **kwargs)
           ^^^^^^^^^^^^^^^^^^^^^^^^^^^
  File "/home/airflow/.local/lib/python3.12/site-packages/airflow/operators/bash.py", line 243, in execute
    raise AirflowException(
airflow.exceptions.AirflowException: Bash command failed. The command returned a non-zero exit code 127.
[2024-07-01T10:31:48.815+0000] {taskinstance.py:1206} INFO - Marking task as FAILED. dag_id=dag_northwind, task_id=extract_csv, run_id=scheduled__2024-04-01T00:00:00+00:00, execution_date=20240401T000000, start_date=20240701T103148, end_date=20240701T103148
[2024-07-01T10:31:48.857+0000] {standard_task_runner.py:110} ERROR - Failed to execute job 1248 for task extract_csv (Bash command failed. The command returned a non-zero exit code 127.; 6742)
[2024-07-01T10:31:48.877+0000] {local_task_job_runner.py:240} INFO - Task exited with return code 1
[2024-07-01T10:31:48.911+0000] {local_task_job_runner.py:222} INFO - ::endgroup::
