[2024-07-01T01:15:11.362+0000] {local_task_job_runner.py:120} INFO - ::group::Pre task execution logs
[2024-07-01T01:15:12.244+0000] {taskinstance.py:2076} INFO - Dependencies all met for dep_context=non-requeueable deps ti=<TaskInstance: dag_northwind.extract_postgres scheduled__2024-02-21T00:00:00+00:00 [queued]>
[2024-07-01T01:15:12.282+0000] {taskinstance.py:2076} INFO - Dependencies all met for dep_context=requeueable deps ti=<TaskInstance: dag_northwind.extract_postgres scheduled__2024-02-21T00:00:00+00:00 [queued]>
[2024-07-01T01:15:12.287+0000] {taskinstance.py:2306} INFO - Starting attempt 1 of 2
[2024-07-01T01:15:12.350+0000] {taskinstance.py:2330} INFO - Executing <Task(BashOperator): extract_postgres> on 2024-02-21 00:00:00+00:00
[2024-07-01T01:15:12.424+0000] {standard_task_runner.py:90} INFO - Running: ['airflow', 'tasks', 'run', 'dag_northwind', 'extract_postgres', 'scheduled__2024-02-21T00:00:00+00:00', '--job-id', '531', '--raw', '--subdir', 'DAGS_FOLDER/dag_northwind.py', '--cfg-path', '/tmp/tmpg3i7h3en']
[2024-07-01T01:15:12.430+0000] {standard_task_runner.py:91} INFO - Job 531: Subtask extract_postgres
[2024-07-01T01:15:12.430+0000] {logging_mixin.py:188} WARNING - /home/airflow/.local/lib/python3.12/site-packages/airflow/task/task_runner/standard_task_runner.py:61 DeprecationWarning: This process (pid=284) is multi-threaded, use of fork() may lead to deadlocks in the child.
[2024-07-01T01:15:12.434+0000] {standard_task_runner.py:63} INFO - Started process 306 to run task
[2024-07-01T01:15:12.656+0000] {task_command.py:426} INFO - Running <TaskInstance: dag_northwind.extract_postgres scheduled__2024-02-21T00:00:00+00:00 [running]> on host 05d913303710
[2024-07-01T01:15:13.004+0000] {taskinstance.py:2648} INFO - Exporting env vars: AIRFLOW_CTX_DAG_OWNER='airflow' AIRFLOW_CTX_DAG_ID='dag_northwind' AIRFLOW_CTX_TASK_ID='extract_postgres' AIRFLOW_CTX_EXECUTION_DATE='2024-02-21T00:00:00+00:00' AIRFLOW_CTX_TRY_NUMBER='1' AIRFLOW_CTX_DAG_RUN_ID='scheduled__2024-02-21T00:00:00+00:00'
[2024-07-01T01:15:13.006+0000] {taskinstance.py:430} INFO - ::endgroup::
[2024-07-01T01:15:13.059+0000] {subprocess.py:63} INFO - Tmp dir root location: /tmp
[2024-07-01T01:15:13.069+0000] {subprocess.py:75} INFO - Running command: ['/usr/bin/bash', '-c', 'meltano elt tap-postgres target-csv --job_id=extract_postgres_2024-02-21 && mkdir -p /data/postgres/2024-02-21 && mv /project/output/tap-postgres/*.csv /data/postgres/2024-02-21/']
[2024-07-01T01:15:13.128+0000] {subprocess.py:86} INFO - Output:
[2024-07-01T01:15:13.148+0000] {subprocess.py:93} INFO - /usr/bin/bash: line 1: meltano: command not found
[2024-07-01T01:15:13.150+0000] {subprocess.py:97} INFO - Command exited with return code 127
[2024-07-01T01:15:13.152+0000] {taskinstance.py:441} INFO - ::group::Post task execution logs
[2024-07-01T01:15:13.194+0000] {taskinstance.py:2905} ERROR - Task failed with exception
Traceback (most recent call last):
  File "/home/airflow/.local/lib/python3.12/site-packages/airflow/models/taskinstance.py", line 465, in _execute_task
    result = _execute_callable(context=context, **execute_callable_kwargs)
             ^^^^^^^^^^^^^^^^^^^^^^^^^^^^^^^^^^^^^^^^^^^^^^^^^^^^^^^^^^^^^
  File "/home/airflow/.local/lib/python3.12/site-packages/airflow/models/taskinstance.py", line 432, in _execute_callable
    return execute_callable(context=context, **execute_callable_kwargs)
           ^^^^^^^^^^^^^^^^^^^^^^^^^^^^^^^^^^^^^^^^^^^^^^^^^^^^^^^^^^^^
  File "/home/airflow/.local/lib/python3.12/site-packages/airflow/models/baseoperator.py", line 401, in wrapper
    return func(self, *args, **kwargs)
           ^^^^^^^^^^^^^^^^^^^^^^^^^^^
  File "/home/airflow/.local/lib/python3.12/site-packages/airflow/operators/bash.py", line 243, in execute
    raise AirflowException(
airflow.exceptions.AirflowException: Bash command failed. The command returned a non-zero exit code 127.
[2024-07-01T01:15:13.205+0000] {taskinstance.py:1206} INFO - Marking task as UP_FOR_RETRY. dag_id=dag_northwind, task_id=extract_postgres, run_id=scheduled__2024-02-21T00:00:00+00:00, execution_date=20240221T000000, start_date=20240701T011512, end_date=20240701T011513
[2024-07-01T01:15:13.272+0000] {standard_task_runner.py:110} ERROR - Failed to execute job 531 for task extract_postgres (Bash command failed. The command returned a non-zero exit code 127.; 306)
[2024-07-01T01:15:13.305+0000] {local_task_job_runner.py:240} INFO - Task exited with return code 1
[2024-07-01T01:15:13.331+0000] {local_task_job_runner.py:222} INFO - ::endgroup::
[2024-07-01T10:16:26.560+0000] {local_task_job_runner.py:120} INFO - ::group::Pre task execution logs
[2024-07-01T10:16:26.628+0000] {taskinstance.py:2076} INFO - Dependencies all met for dep_context=non-requeueable deps ti=<TaskInstance: dag_northwind.extract_postgres scheduled__2024-02-21T00:00:00+00:00 [queued]>
[2024-07-01T10:16:26.650+0000] {taskinstance.py:2076} INFO - Dependencies all met for dep_context=requeueable deps ti=<TaskInstance: dag_northwind.extract_postgres scheduled__2024-02-21T00:00:00+00:00 [queued]>
[2024-07-01T10:16:26.652+0000] {taskinstance.py:2306} INFO - Starting attempt 1 of 2
[2024-07-01T10:16:26.691+0000] {taskinstance.py:2330} INFO - Executing <Task(BashOperator): extract_postgres> on 2024-02-21 00:00:00+00:00
[2024-07-01T10:16:26.710+0000] {logging_mixin.py:188} WARNING - /home/airflow/.local/lib/python3.12/site-packages/airflow/task/task_runner/standard_task_runner.py:61 DeprecationWarning: This process (pid=5868) is multi-threaded, use of fork() may lead to deadlocks in the child.
[2024-07-01T10:16:26.712+0000] {standard_task_runner.py:63} INFO - Started process 5883 to run task
[2024-07-01T10:16:26.718+0000] {standard_task_runner.py:90} INFO - Running: ['airflow', 'tasks', 'run', 'dag_northwind', 'extract_postgres', 'scheduled__2024-02-21T00:00:00+00:00', '--job-id', '1074', '--raw', '--subdir', 'DAGS_FOLDER/dag_northwind.py', '--cfg-path', '/tmp/tmp4eg39__3']
[2024-07-01T10:16:26.723+0000] {standard_task_runner.py:91} INFO - Job 1074: Subtask extract_postgres
[2024-07-01T10:16:26.824+0000] {task_command.py:426} INFO - Running <TaskInstance: dag_northwind.extract_postgres scheduled__2024-02-21T00:00:00+00:00 [running]> on host 85c6ea7cd9cf
[2024-07-01T10:16:27.034+0000] {taskinstance.py:2648} INFO - Exporting env vars: AIRFLOW_CTX_DAG_OWNER='airflow' AIRFLOW_CTX_DAG_ID='dag_northwind' AIRFLOW_CTX_TASK_ID='extract_postgres' AIRFLOW_CTX_EXECUTION_DATE='2024-02-21T00:00:00+00:00' AIRFLOW_CTX_TRY_NUMBER='1' AIRFLOW_CTX_DAG_RUN_ID='scheduled__2024-02-21T00:00:00+00:00'
[2024-07-01T10:16:27.035+0000] {taskinstance.py:430} INFO - ::endgroup::
[2024-07-01T10:16:27.074+0000] {subprocess.py:63} INFO - Tmp dir root location: /tmp
[2024-07-01T10:16:27.075+0000] {subprocess.py:75} INFO - Running command: ['/usr/bin/bash', '-c', 'meltano elt tap-postgres target-csv --job_id=extract_postgres_2024-02-21 && mkdir -p /data/postgres/2024-02-21 && mv /project/output/tap-postgres/*.csv /data/postgres/2024-02-21/']
[2024-07-01T10:16:27.095+0000] {subprocess.py:86} INFO - Output:
[2024-07-01T10:16:27.099+0000] {subprocess.py:93} INFO - /usr/bin/bash: line 1: meltano: command not found
[2024-07-01T10:16:27.101+0000] {subprocess.py:97} INFO - Command exited with return code 127
[2024-07-01T10:16:27.103+0000] {taskinstance.py:441} INFO - ::group::Post task execution logs
[2024-07-01T10:16:27.126+0000] {taskinstance.py:2905} ERROR - Task failed with exception
Traceback (most recent call last):
  File "/home/airflow/.local/lib/python3.12/site-packages/airflow/models/taskinstance.py", line 465, in _execute_task
    result = _execute_callable(context=context, **execute_callable_kwargs)
             ^^^^^^^^^^^^^^^^^^^^^^^^^^^^^^^^^^^^^^^^^^^^^^^^^^^^^^^^^^^^^
  File "/home/airflow/.local/lib/python3.12/site-packages/airflow/models/taskinstance.py", line 432, in _execute_callable
    return execute_callable(context=context, **execute_callable_kwargs)
           ^^^^^^^^^^^^^^^^^^^^^^^^^^^^^^^^^^^^^^^^^^^^^^^^^^^^^^^^^^^^
  File "/home/airflow/.local/lib/python3.12/site-packages/airflow/models/baseoperator.py", line 401, in wrapper
    return func(self, *args, **kwargs)
           ^^^^^^^^^^^^^^^^^^^^^^^^^^^
  File "/home/airflow/.local/lib/python3.12/site-packages/airflow/operators/bash.py", line 243, in execute
    raise AirflowException(
airflow.exceptions.AirflowException: Bash command failed. The command returned a non-zero exit code 127.
[2024-07-01T10:16:27.137+0000] {taskinstance.py:1206} INFO - Marking task as UP_FOR_RETRY. dag_id=dag_northwind, task_id=extract_postgres, run_id=scheduled__2024-02-21T00:00:00+00:00, execution_date=20240221T000000, start_date=20240701T101626, end_date=20240701T101627
[2024-07-01T10:16:27.166+0000] {standard_task_runner.py:110} ERROR - Failed to execute job 1074 for task extract_postgres (Bash command failed. The command returned a non-zero exit code 127.; 5883)
[2024-07-01T10:16:27.213+0000] {local_task_job_runner.py:240} INFO - Task exited with return code 1
[2024-07-01T10:16:27.283+0000] {taskinstance.py:3503} INFO - 0 downstream tasks scheduled from follow-on schedule check
[2024-07-01T10:16:27.297+0000] {local_task_job_runner.py:222} INFO - ::endgroup::
