[2024-07-14T15:40:34.819+0000] {local_task_job_runner.py:120} INFO - ::group::Pre task execution logs
[2024-07-14T15:40:34.918+0000] {taskinstance.py:2076} INFO - Dependencies all met for dep_context=non-requeueable deps ti=<TaskInstance: dag_pipeline_northwind.extract_postgres_supplier_id scheduled__2024-07-13T00:00:00+00:00 [queued]>
[2024-07-14T15:40:34.938+0000] {taskinstance.py:2076} INFO - Dependencies all met for dep_context=requeueable deps ti=<TaskInstance: dag_pipeline_northwind.extract_postgres_supplier_id scheduled__2024-07-13T00:00:00+00:00 [queued]>
[2024-07-14T15:40:34.943+0000] {taskinstance.py:2306} INFO - Starting attempt 2 of 2
[2024-07-14T15:40:34.980+0000] {taskinstance.py:2330} INFO - Executing <Task(PythonOperator): extract_postgres_supplier_id> on 2024-07-13 00:00:00+00:00
[2024-07-14T15:40:35.002+0000] {logging_mixin.py:188} WARNING - /home/airflow/.local/lib/python3.12/site-packages/airflow/task/task_runner/standard_task_runner.py:61 DeprecationWarning: This process (pid=271) is multi-threaded, use of fork() may lead to deadlocks in the child.
[2024-07-14T15:40:35.001+0000] {standard_task_runner.py:90} INFO - Running: ['airflow', 'tasks', 'run', 'dag_pipeline_northwind', 'extract_postgres_supplier_id', 'scheduled__2024-07-13T00:00:00+00:00', '--job-id', '5664', '--raw', '--subdir', 'DAGS_FOLDER/dag_pipeline_northwind.py', '--cfg-path', '/tmp/tmpnse6b439']
[2024-07-14T15:40:35.004+0000] {standard_task_runner.py:63} INFO - Started process 283 to run task
[2024-07-14T15:40:35.005+0000] {standard_task_runner.py:91} INFO - Job 5664: Subtask extract_postgres_supplier_id
[2024-07-14T15:40:35.105+0000] {task_command.py:426} INFO - Running <TaskInstance: dag_pipeline_northwind.extract_postgres_supplier_id scheduled__2024-07-13T00:00:00+00:00 [running]> on host 5ef7300ef9b1
[2024-07-14T15:40:36.137+0000] {taskinstance.py:2648} INFO - Exporting env vars: AIRFLOW_CTX_DAG_OWNER='airflow' AIRFLOW_CTX_DAG_ID='dag_pipeline_northwind' AIRFLOW_CTX_TASK_ID='extract_postgres_supplier_id' AIRFLOW_CTX_EXECUTION_DATE='2024-07-13T00:00:00+00:00' AIRFLOW_CTX_TRY_NUMBER='2' AIRFLOW_CTX_DAG_RUN_ID='scheduled__2024-07-13T00:00:00+00:00'
[2024-07-14T15:40:36.138+0000] {taskinstance.py:430} INFO - ::endgroup::
[2024-07-14T15:40:36.240+0000] {logging_mixin.py:188} INFO - Running command: meltano elt tap-postgres target-csv --transform=run --job_id=extract_postgres_supplier_id_2024-07-13
[2024-07-14T15:40:36.244+0000] {logging_mixin.py:188} INFO - Command failed with error: Command 'meltano elt tap-postgres target-csv --transform=run --job_id=extract_postgres_supplier_id_2024-07-13' returned non-zero exit status 127.
[2024-07-14T15:40:36.244+0000] {taskinstance.py:441} INFO - ::group::Post task execution logs
[2024-07-14T15:40:36.245+0000] {taskinstance.py:2905} ERROR - Task failed with exception
Traceback (most recent call last):
  File "/home/airflow/.local/lib/python3.12/site-packages/airflow/models/taskinstance.py", line 465, in _execute_task
    result = _execute_callable(context=context, **execute_callable_kwargs)
             ^^^^^^^^^^^^^^^^^^^^^^^^^^^^^^^^^^^^^^^^^^^^^^^^^^^^^^^^^^^^^
  File "/home/airflow/.local/lib/python3.12/site-packages/airflow/models/taskinstance.py", line 432, in _execute_callable
    return execute_callable(context=context, **execute_callable_kwargs)
           ^^^^^^^^^^^^^^^^^^^^^^^^^^^^^^^^^^^^^^^^^^^^^^^^^^^^^^^^^^^^
  File "/home/airflow/.local/lib/python3.12/site-packages/airflow/models/baseoperator.py", line 401, in wrapper
    return func(self, *args, **kwargs)
           ^^^^^^^^^^^^^^^^^^^^^^^^^^^
  File "/home/airflow/.local/lib/python3.12/site-packages/airflow/operators/python.py", line 235, in execute
    return_value = self.execute_callable()
                   ^^^^^^^^^^^^^^^^^^^^^^^
  File "/home/airflow/.local/lib/python3.12/site-packages/airflow/operators/python.py", line 252, in execute_callable
    return self.python_callable(*self.op_args, **self.op_kwargs)
           ^^^^^^^^^^^^^^^^^^^^^^^^^^^^^^^^^^^^^^^^^^^^^^^^^^^^^
  File "/opt/airflow/dags/dag_pipeline_northwind.py", line 40, in extract_postgres_table
    result = subprocess.run(extract_command, shell=True, check=True, capture_output=True, text=True)
             ^^^^^^^^^^^^^^^^^^^^^^^^^^^^^^^^^^^^^^^^^^^^^^^^^^^^^^^^^^^^^^^^^^^^^^^^^^^^^^^^^^^^^^^
  File "/usr/local/lib/python3.12/subprocess.py", line 571, in run
    raise CalledProcessError(retcode, process.args,
subprocess.CalledProcessError: Command 'meltano elt tap-postgres target-csv --transform=run --job_id=extract_postgres_supplier_id_2024-07-13' returned non-zero exit status 127.
[2024-07-14T15:40:36.269+0000] {taskinstance.py:1206} INFO - Marking task as FAILED. dag_id=dag_pipeline_northwind, task_id=extract_postgres_supplier_id, run_id=scheduled__2024-07-13T00:00:00+00:00, execution_date=20240713T000000, start_date=20240714T154034, end_date=20240714T154036
[2024-07-14T15:40:36.827+0000] {standard_task_runner.py:110} ERROR - Failed to execute job 5664 for task extract_postgres_supplier_id (Command 'meltano elt tap-postgres target-csv --transform=run --job_id=extract_postgres_supplier_id_2024-07-13' returned non-zero exit status 127.; 283)
[2024-07-14T15:40:36.843+0000] {local_task_job_runner.py:240} INFO - Task exited with return code 1
[2024-07-14T15:40:36.871+0000] {local_task_job_runner.py:222} INFO - ::endgroup::
[2024-07-14T21:53:05.112+0000] {local_task_job_runner.py:120} INFO - ::group::Pre task execution logs
[2024-07-14T21:53:05.204+0000] {taskinstance.py:2076} INFO - Dependencies all met for dep_context=non-requeueable deps ti=<TaskInstance: dag_pipeline_northwind.extract_postgres_supplier_id scheduled__2024-07-13T00:00:00+00:00 [queued]>
[2024-07-14T21:53:05.223+0000] {taskinstance.py:2076} INFO - Dependencies all met for dep_context=requeueable deps ti=<TaskInstance: dag_pipeline_northwind.extract_postgres_supplier_id scheduled__2024-07-13T00:00:00+00:00 [queued]>
[2024-07-14T21:53:05.224+0000] {taskinstance.py:2306} INFO - Starting attempt 2 of 2
[2024-07-14T21:53:05.255+0000] {taskinstance.py:2330} INFO - Executing <Task(PythonOperator): extract_postgres_supplier_id> on 2024-07-13 00:00:00+00:00
[2024-07-14T21:53:05.267+0000] {logging_mixin.py:188} WARNING - /home/airflow/.local/lib/python3.12/site-packages/airflow/task/task_runner/standard_task_runner.py:61 DeprecationWarning: This process (pid=625) is multi-threaded, use of fork() may lead to deadlocks in the child.
[2024-07-14T21:53:05.266+0000] {standard_task_runner.py:90} INFO - Running: ['airflow', 'tasks', 'run', 'dag_pipeline_northwind', 'extract_postgres_supplier_id', 'scheduled__2024-07-13T00:00:00+00:00', '--job-id', '5814', '--raw', '--subdir', 'DAGS_FOLDER/dag_pipeline_northwind.py', '--cfg-path', '/tmp/tmpyrnjqy69']
[2024-07-14T21:53:05.269+0000] {standard_task_runner.py:63} INFO - Started process 642 to run task
[2024-07-14T21:53:05.269+0000] {standard_task_runner.py:91} INFO - Job 5814: Subtask extract_postgres_supplier_id
[2024-07-14T21:53:05.353+0000] {task_command.py:426} INFO - Running <TaskInstance: dag_pipeline_northwind.extract_postgres_supplier_id scheduled__2024-07-13T00:00:00+00:00 [running]> on host ee4b7f7f7c3e
[2024-07-14T21:53:05.510+0000] {taskinstance.py:2648} INFO - Exporting env vars: AIRFLOW_CTX_DAG_OWNER='airflow' AIRFLOW_CTX_DAG_ID='dag_pipeline_northwind' AIRFLOW_CTX_TASK_ID='extract_postgres_supplier_id' AIRFLOW_CTX_EXECUTION_DATE='2024-07-13T00:00:00+00:00' AIRFLOW_CTX_TRY_NUMBER='2' AIRFLOW_CTX_DAG_RUN_ID='scheduled__2024-07-13T00:00:00+00:00'
[2024-07-14T21:53:05.511+0000] {taskinstance.py:430} INFO - ::endgroup::
[2024-07-14T21:53:05.535+0000] {logging_mixin.py:188} INFO - Running command: meltano elt tap-postgres target-csv --transform=run --job_id=extract_postgres_supplier_id_2024-07-13
[2024-07-14T21:53:05.539+0000] {logging_mixin.py:188} INFO - Command failed with error: Command 'meltano elt tap-postgres target-csv --transform=run --job_id=extract_postgres_supplier_id_2024-07-13' returned non-zero exit status 127.
[2024-07-14T21:53:05.540+0000] {taskinstance.py:441} INFO - ::group::Post task execution logs
[2024-07-14T21:53:05.540+0000] {taskinstance.py:2905} ERROR - Task failed with exception
Traceback (most recent call last):
  File "/home/airflow/.local/lib/python3.12/site-packages/airflow/models/taskinstance.py", line 465, in _execute_task
    result = _execute_callable(context=context, **execute_callable_kwargs)
             ^^^^^^^^^^^^^^^^^^^^^^^^^^^^^^^^^^^^^^^^^^^^^^^^^^^^^^^^^^^^^
  File "/home/airflow/.local/lib/python3.12/site-packages/airflow/models/taskinstance.py", line 432, in _execute_callable
    return execute_callable(context=context, **execute_callable_kwargs)
           ^^^^^^^^^^^^^^^^^^^^^^^^^^^^^^^^^^^^^^^^^^^^^^^^^^^^^^^^^^^^
  File "/home/airflow/.local/lib/python3.12/site-packages/airflow/models/baseoperator.py", line 401, in wrapper
    return func(self, *args, **kwargs)
           ^^^^^^^^^^^^^^^^^^^^^^^^^^^
  File "/home/airflow/.local/lib/python3.12/site-packages/airflow/operators/python.py", line 235, in execute
    return_value = self.execute_callable()
                   ^^^^^^^^^^^^^^^^^^^^^^^
  File "/home/airflow/.local/lib/python3.12/site-packages/airflow/operators/python.py", line 252, in execute_callable
    return self.python_callable(*self.op_args, **self.op_kwargs)
           ^^^^^^^^^^^^^^^^^^^^^^^^^^^^^^^^^^^^^^^^^^^^^^^^^^^^^
  File "/opt/airflow/dags/dag_pipeline_northwind.py", line 40, in extract_postgres_table
    result = subprocess.run(extract_command, shell=True, check=True, capture_output=True, text=True)
             ^^^^^^^^^^^^^^^^^^^^^^^^^^^^^^^^^^^^^^^^^^^^^^^^^^^^^^^^^^^^^^^^^^^^^^^^^^^^^^^^^^^^^^^
  File "/usr/local/lib/python3.12/subprocess.py", line 571, in run
    raise CalledProcessError(retcode, process.args,
subprocess.CalledProcessError: Command 'meltano elt tap-postgres target-csv --transform=run --job_id=extract_postgres_supplier_id_2024-07-13' returned non-zero exit status 127.
[2024-07-14T21:53:05.562+0000] {taskinstance.py:1206} INFO - Marking task as FAILED. dag_id=dag_pipeline_northwind, task_id=extract_postgres_supplier_id, run_id=scheduled__2024-07-13T00:00:00+00:00, execution_date=20240713T000000, start_date=20240714T215305, end_date=20240714T215305
[2024-07-14T21:53:05.580+0000] {standard_task_runner.py:110} ERROR - Failed to execute job 5814 for task extract_postgres_supplier_id (Command 'meltano elt tap-postgres target-csv --transform=run --job_id=extract_postgres_supplier_id_2024-07-13' returned non-zero exit status 127.; 642)
[2024-07-14T21:53:05.604+0000] {local_task_job_runner.py:240} INFO - Task exited with return code 1
[2024-07-14T21:53:05.649+0000] {taskinstance.py:3503} INFO - 0 downstream tasks scheduled from follow-on schedule check
[2024-07-14T21:53:05.652+0000] {local_task_job_runner.py:222} INFO - ::endgroup::
