[2024-07-12T18:11:55.507+0000] {local_task_job_runner.py:120} INFO - ::group::Pre task execution logs
[2024-07-12T18:11:55.628+0000] {taskinstance.py:2076} INFO - Dependencies all met for dep_context=non-requeueable deps ti=<TaskInstance: dag_pipeline_northwind.extract_postgres_customer_demographics scheduled__2024-07-10T00:00:00+00:00 [queued]>
[2024-07-12T18:11:55.678+0000] {taskinstance.py:2076} INFO - Dependencies all met for dep_context=requeueable deps ti=<TaskInstance: dag_pipeline_northwind.extract_postgres_customer_demographics scheduled__2024-07-10T00:00:00+00:00 [queued]>
[2024-07-12T18:11:55.680+0000] {taskinstance.py:2306} INFO - Starting attempt 1 of 2
[2024-07-12T18:11:56.062+0000] {taskinstance.py:2330} INFO - Executing <Task(PythonOperator): extract_postgres_customer_demographics> on 2024-07-10 00:00:00+00:00
[2024-07-12T18:11:56.093+0000] {standard_task_runner.py:90} INFO - Running: ['airflow', 'tasks', 'run', 'dag_pipeline_northwind', 'extract_postgres_customer_demographics', 'scheduled__2024-07-10T00:00:00+00:00', '--job-id', '5372', '--raw', '--subdir', 'DAGS_FOLDER/dag_pipeline_northwind.py', '--cfg-path', '/tmp/tmpuxohd_vu']
[2024-07-12T18:11:56.099+0000] {standard_task_runner.py:91} INFO - Job 5372: Subtask extract_postgres_customer_demographics
[2024-07-12T18:11:56.107+0000] {logging_mixin.py:188} WARNING - /home/airflow/.local/lib/python3.12/site-packages/airflow/task/task_runner/standard_task_runner.py:61 DeprecationWarning: This process (pid=247) is multi-threaded, use of fork() may lead to deadlocks in the child.
[2024-07-12T18:11:56.110+0000] {standard_task_runner.py:63} INFO - Started process 267 to run task
[2024-07-12T18:11:56.287+0000] {task_command.py:426} INFO - Running <TaskInstance: dag_pipeline_northwind.extract_postgres_customer_demographics scheduled__2024-07-10T00:00:00+00:00 [running]> on host 93f47577b87b
[2024-07-12T18:11:56.544+0000] {taskinstance.py:2648} INFO - Exporting env vars: AIRFLOW_CTX_DAG_OWNER='airflow' AIRFLOW_CTX_DAG_ID='dag_pipeline_northwind' AIRFLOW_CTX_TASK_ID='extract_postgres_customer_demographics' AIRFLOW_CTX_EXECUTION_DATE='2024-07-10T00:00:00+00:00' AIRFLOW_CTX_TRY_NUMBER='1' AIRFLOW_CTX_DAG_RUN_ID='scheduled__2024-07-10T00:00:00+00:00'
[2024-07-12T18:11:56.546+0000] {taskinstance.py:430} INFO - ::endgroup::
[2024-07-12T18:11:56.577+0000] {logging_mixin.py:188} INFO - Running command: meltano elt tap-postgres target-csv --transform=run --job_id=extract_postgres_customer_demographics_2024-07-10
[2024-07-12T18:11:56.583+0000] {logging_mixin.py:188} INFO - Command failed with error: Command 'meltano elt tap-postgres target-csv --transform=run --job_id=extract_postgres_customer_demographics_2024-07-10' returned non-zero exit status 127.
[2024-07-12T18:11:56.584+0000] {taskinstance.py:441} INFO - ::group::Post task execution logs
[2024-07-12T18:11:56.585+0000] {taskinstance.py:2905} ERROR - Task failed with exception
Traceback (most recent call last):
  File "/home/airflow/.local/lib/python3.12/site-packages/airflow/models/taskinstance.py", line 465, in _execute_task
    result = _execute_callable(context=context, **execute_callable_kwargs)
             ^^^^^^^^^^^^^^^^^^^^^^^^^^^^^^^^^^^^^^^^^^^^^^^^^^^^^^^^^^^^^
  File "/home/airflow/.local/lib/python3.12/site-packages/airflow/models/taskinstance.py", line 432, in _execute_callable
    return execute_callable(context=context, **execute_callable_kwargs)
           ^^^^^^^^^^^^^^^^^^^^^^^^^^^^^^^^^^^^^^^^^^^^^^^^^^^^^^^^^^^^
  File "/home/airflow/.local/lib/python3.12/site-packages/airflow/models/baseoperator.py", line 401, in wrapper
    return func(self, *args, **kwargs)
           ^^^^^^^^^^^^^^^^^^^^^^^^^^^
  File "/home/airflow/.local/lib/python3.12/site-packages/airflow/operators/python.py", line 235, in execute
    return_value = self.execute_callable()
                   ^^^^^^^^^^^^^^^^^^^^^^^
  File "/home/airflow/.local/lib/python3.12/site-packages/airflow/operators/python.py", line 252, in execute_callable
    return self.python_callable(*self.op_args, **self.op_kwargs)
           ^^^^^^^^^^^^^^^^^^^^^^^^^^^^^^^^^^^^^^^^^^^^^^^^^^^^^
  File "/opt/airflow/dags/dag_pipeline_northwind.py", line 40, in extract_postgres_table
    result = subprocess.run(extract_command, shell=True, check=True, capture_output=True, text=True)
             ^^^^^^^^^^^^^^^^^^^^^^^^^^^^^^^^^^^^^^^^^^^^^^^^^^^^^^^^^^^^^^^^^^^^^^^^^^^^^^^^^^^^^^^
  File "/usr/local/lib/python3.12/subprocess.py", line 571, in run
    raise CalledProcessError(retcode, process.args,
subprocess.CalledProcessError: Command 'meltano elt tap-postgres target-csv --transform=run --job_id=extract_postgres_customer_demographics_2024-07-10' returned non-zero exit status 127.
[2024-07-12T18:11:56.608+0000] {taskinstance.py:1206} INFO - Marking task as UP_FOR_RETRY. dag_id=dag_pipeline_northwind, task_id=extract_postgres_customer_demographics, run_id=scheduled__2024-07-10T00:00:00+00:00, execution_date=20240710T000000, start_date=20240712T181155, end_date=20240712T181156
[2024-07-12T18:11:56.643+0000] {standard_task_runner.py:110} ERROR - Failed to execute job 5372 for task extract_postgres_customer_demographics (Command 'meltano elt tap-postgres target-csv --transform=run --job_id=extract_postgres_customer_demographics_2024-07-10' returned non-zero exit status 127.; 267)
[2024-07-12T18:11:56.705+0000] {local_task_job_runner.py:240} INFO - Task exited with return code 1
[2024-07-12T18:11:56.721+0000] {local_task_job_runner.py:222} INFO - ::endgroup::
[2024-07-12T18:31:53.917+0000] {local_task_job_runner.py:120} INFO - ::group::Pre task execution logs
[2024-07-12T18:31:54.042+0000] {taskinstance.py:2076} INFO - Dependencies all met for dep_context=non-requeueable deps ti=<TaskInstance: dag_pipeline_northwind.extract_postgres_customer_demographics scheduled__2024-07-10T00:00:00+00:00 [queued]>
[2024-07-12T18:31:54.063+0000] {taskinstance.py:2076} INFO - Dependencies all met for dep_context=requeueable deps ti=<TaskInstance: dag_pipeline_northwind.extract_postgres_customer_demographics scheduled__2024-07-10T00:00:00+00:00 [queued]>
[2024-07-12T18:31:54.064+0000] {taskinstance.py:2306} INFO - Starting attempt 1 of 2
[2024-07-12T18:31:54.108+0000] {taskinstance.py:2330} INFO - Executing <Task(PythonOperator): extract_postgres_customer_demographics> on 2024-07-10 00:00:00+00:00
[2024-07-12T18:31:54.143+0000] {logging_mixin.py:188} WARNING - /home/airflow/.local/lib/python3.12/site-packages/airflow/task/task_runner/standard_task_runner.py:61 DeprecationWarning: This process (pid=257) is multi-threaded, use of fork() may lead to deadlocks in the child.
[2024-07-12T18:31:54.146+0000] {standard_task_runner.py:63} INFO - Started process 265 to run task
[2024-07-12T18:31:54.150+0000] {standard_task_runner.py:90} INFO - Running: ['airflow', 'tasks', 'run', 'dag_pipeline_northwind', 'extract_postgres_customer_demographics', 'scheduled__2024-07-10T00:00:00+00:00', '--job-id', '5441', '--raw', '--subdir', 'DAGS_FOLDER/dag_pipeline_northwind.py', '--cfg-path', '/tmp/tmp1neoa6z9']
[2024-07-12T18:31:54.155+0000] {standard_task_runner.py:91} INFO - Job 5441: Subtask extract_postgres_customer_demographics
[2024-07-12T18:31:54.367+0000] {task_command.py:426} INFO - Running <TaskInstance: dag_pipeline_northwind.extract_postgres_customer_demographics scheduled__2024-07-10T00:00:00+00:00 [running]> on host da29552222cb
[2024-07-12T18:31:54.661+0000] {taskinstance.py:2648} INFO - Exporting env vars: AIRFLOW_CTX_DAG_OWNER='airflow' AIRFLOW_CTX_DAG_ID='dag_pipeline_northwind' AIRFLOW_CTX_TASK_ID='extract_postgres_customer_demographics' AIRFLOW_CTX_EXECUTION_DATE='2024-07-10T00:00:00+00:00' AIRFLOW_CTX_TRY_NUMBER='1' AIRFLOW_CTX_DAG_RUN_ID='scheduled__2024-07-10T00:00:00+00:00'
[2024-07-12T18:31:54.662+0000] {taskinstance.py:430} INFO - ::endgroup::
[2024-07-12T18:31:54.721+0000] {logging_mixin.py:188} INFO - Running command: meltano elt tap-postgres target-csv --transform=run --job_id=extract_postgres_customer_demographics_2024-07-10
[2024-07-12T18:31:54.728+0000] {logging_mixin.py:188} INFO - Command failed with error: Command 'meltano elt tap-postgres target-csv --transform=run --job_id=extract_postgres_customer_demographics_2024-07-10' returned non-zero exit status 127.
[2024-07-12T18:31:54.729+0000] {taskinstance.py:441} INFO - ::group::Post task execution logs
[2024-07-12T18:31:54.731+0000] {taskinstance.py:2905} ERROR - Task failed with exception
Traceback (most recent call last):
  File "/home/airflow/.local/lib/python3.12/site-packages/airflow/models/taskinstance.py", line 465, in _execute_task
    result = _execute_callable(context=context, **execute_callable_kwargs)
             ^^^^^^^^^^^^^^^^^^^^^^^^^^^^^^^^^^^^^^^^^^^^^^^^^^^^^^^^^^^^^
  File "/home/airflow/.local/lib/python3.12/site-packages/airflow/models/taskinstance.py", line 432, in _execute_callable
    return execute_callable(context=context, **execute_callable_kwargs)
           ^^^^^^^^^^^^^^^^^^^^^^^^^^^^^^^^^^^^^^^^^^^^^^^^^^^^^^^^^^^^
  File "/home/airflow/.local/lib/python3.12/site-packages/airflow/models/baseoperator.py", line 401, in wrapper
    return func(self, *args, **kwargs)
           ^^^^^^^^^^^^^^^^^^^^^^^^^^^
  File "/home/airflow/.local/lib/python3.12/site-packages/airflow/operators/python.py", line 235, in execute
    return_value = self.execute_callable()
                   ^^^^^^^^^^^^^^^^^^^^^^^
  File "/home/airflow/.local/lib/python3.12/site-packages/airflow/operators/python.py", line 252, in execute_callable
    return self.python_callable(*self.op_args, **self.op_kwargs)
           ^^^^^^^^^^^^^^^^^^^^^^^^^^^^^^^^^^^^^^^^^^^^^^^^^^^^^
  File "/opt/airflow/dags/dag_pipeline_northwind.py", line 40, in extract_postgres_table
    result = subprocess.run(extract_command, shell=True, check=True, capture_output=True, text=True)
             ^^^^^^^^^^^^^^^^^^^^^^^^^^^^^^^^^^^^^^^^^^^^^^^^^^^^^^^^^^^^^^^^^^^^^^^^^^^^^^^^^^^^^^^
  File "/usr/local/lib/python3.12/subprocess.py", line 571, in run
    raise CalledProcessError(retcode, process.args,
subprocess.CalledProcessError: Command 'meltano elt tap-postgres target-csv --transform=run --job_id=extract_postgres_customer_demographics_2024-07-10' returned non-zero exit status 127.
[2024-07-12T18:31:54.771+0000] {taskinstance.py:1206} INFO - Marking task as UP_FOR_RETRY. dag_id=dag_pipeline_northwind, task_id=extract_postgres_customer_demographics, run_id=scheduled__2024-07-10T00:00:00+00:00, execution_date=20240710T000000, start_date=20240712T183154, end_date=20240712T183154
[2024-07-12T18:31:54.799+0000] {standard_task_runner.py:110} ERROR - Failed to execute job 5441 for task extract_postgres_customer_demographics (Command 'meltano elt tap-postgres target-csv --transform=run --job_id=extract_postgres_customer_demographics_2024-07-10' returned non-zero exit status 127.; 265)
[2024-07-12T18:31:54.854+0000] {local_task_job_runner.py:240} INFO - Task exited with return code 1
[2024-07-12T18:31:54.877+0000] {local_task_job_runner.py:222} INFO - ::endgroup::
[2024-07-12T19:04:21.805+0000] {local_task_job_runner.py:120} INFO - ::group::Pre task execution logs
[2024-07-12T19:04:21.903+0000] {taskinstance.py:2076} INFO - Dependencies all met for dep_context=non-requeueable deps ti=<TaskInstance: dag_pipeline_northwind.extract_postgres_customer_demographics scheduled__2024-07-10T00:00:00+00:00 [queued]>
[2024-07-12T19:04:21.928+0000] {taskinstance.py:2076} INFO - Dependencies all met for dep_context=requeueable deps ti=<TaskInstance: dag_pipeline_northwind.extract_postgres_customer_demographics scheduled__2024-07-10T00:00:00+00:00 [queued]>
[2024-07-12T19:04:21.930+0000] {taskinstance.py:2306} INFO - Starting attempt 1 of 2
[2024-07-12T19:04:22.004+0000] {taskinstance.py:2330} INFO - Executing <Task(PythonOperator): extract_postgres_customer_demographics> on 2024-07-10 00:00:00+00:00
[2024-07-12T19:04:22.018+0000] {standard_task_runner.py:90} INFO - Running: ['airflow', 'tasks', 'run', 'dag_pipeline_northwind', 'extract_postgres_customer_demographics', 'scheduled__2024-07-10T00:00:00+00:00', '--job-id', '5560', '--raw', '--subdir', 'DAGS_FOLDER/dag_pipeline_northwind.py', '--cfg-path', '/tmp/tmpj3rwcso_']
[2024-07-12T19:04:22.023+0000] {standard_task_runner.py:91} INFO - Job 5560: Subtask extract_postgres_customer_demographics
[2024-07-12T19:04:22.035+0000] {logging_mixin.py:188} WARNING - /home/airflow/.local/lib/python3.12/site-packages/airflow/task/task_runner/standard_task_runner.py:61 DeprecationWarning: This process (pid=233) is multi-threaded, use of fork() may lead to deadlocks in the child.
[2024-07-12T19:04:22.040+0000] {standard_task_runner.py:63} INFO - Started process 250 to run task
[2024-07-12T19:04:22.172+0000] {task_command.py:426} INFO - Running <TaskInstance: dag_pipeline_northwind.extract_postgres_customer_demographics scheduled__2024-07-10T00:00:00+00:00 [running]> on host 5ef7300ef9b1
[2024-07-12T19:04:22.462+0000] {taskinstance.py:2648} INFO - Exporting env vars: AIRFLOW_CTX_DAG_OWNER='airflow' AIRFLOW_CTX_DAG_ID='dag_pipeline_northwind' AIRFLOW_CTX_TASK_ID='extract_postgres_customer_demographics' AIRFLOW_CTX_EXECUTION_DATE='2024-07-10T00:00:00+00:00' AIRFLOW_CTX_TRY_NUMBER='1' AIRFLOW_CTX_DAG_RUN_ID='scheduled__2024-07-10T00:00:00+00:00'
[2024-07-12T19:04:22.465+0000] {taskinstance.py:430} INFO - ::endgroup::
[2024-07-12T19:04:22.509+0000] {logging_mixin.py:188} INFO - Running command: meltano elt tap-postgres target-csv --transform=run --job_id=extract_postgres_customer_demographics_2024-07-10
[2024-07-12T19:04:22.514+0000] {logging_mixin.py:188} INFO - Command failed with error: Command 'meltano elt tap-postgres target-csv --transform=run --job_id=extract_postgres_customer_demographics_2024-07-10' returned non-zero exit status 127.
[2024-07-12T19:04:22.515+0000] {taskinstance.py:441} INFO - ::group::Post task execution logs
[2024-07-12T19:04:22.518+0000] {taskinstance.py:2905} ERROR - Task failed with exception
Traceback (most recent call last):
  File "/home/airflow/.local/lib/python3.12/site-packages/airflow/models/taskinstance.py", line 465, in _execute_task
    result = _execute_callable(context=context, **execute_callable_kwargs)
             ^^^^^^^^^^^^^^^^^^^^^^^^^^^^^^^^^^^^^^^^^^^^^^^^^^^^^^^^^^^^^
  File "/home/airflow/.local/lib/python3.12/site-packages/airflow/models/taskinstance.py", line 432, in _execute_callable
    return execute_callable(context=context, **execute_callable_kwargs)
           ^^^^^^^^^^^^^^^^^^^^^^^^^^^^^^^^^^^^^^^^^^^^^^^^^^^^^^^^^^^^
  File "/home/airflow/.local/lib/python3.12/site-packages/airflow/models/baseoperator.py", line 401, in wrapper
    return func(self, *args, **kwargs)
           ^^^^^^^^^^^^^^^^^^^^^^^^^^^
  File "/home/airflow/.local/lib/python3.12/site-packages/airflow/operators/python.py", line 235, in execute
    return_value = self.execute_callable()
                   ^^^^^^^^^^^^^^^^^^^^^^^
  File "/home/airflow/.local/lib/python3.12/site-packages/airflow/operators/python.py", line 252, in execute_callable
    return self.python_callable(*self.op_args, **self.op_kwargs)
           ^^^^^^^^^^^^^^^^^^^^^^^^^^^^^^^^^^^^^^^^^^^^^^^^^^^^^
  File "/opt/airflow/dags/dag_pipeline_northwind.py", line 40, in extract_postgres_table
    result = subprocess.run(extract_command, shell=True, check=True, capture_output=True, text=True)
             ^^^^^^^^^^^^^^^^^^^^^^^^^^^^^^^^^^^^^^^^^^^^^^^^^^^^^^^^^^^^^^^^^^^^^^^^^^^^^^^^^^^^^^^
  File "/usr/local/lib/python3.12/subprocess.py", line 571, in run
    raise CalledProcessError(retcode, process.args,
subprocess.CalledProcessError: Command 'meltano elt tap-postgres target-csv --transform=run --job_id=extract_postgres_customer_demographics_2024-07-10' returned non-zero exit status 127.
[2024-07-12T19:04:22.564+0000] {taskinstance.py:1206} INFO - Marking task as UP_FOR_RETRY. dag_id=dag_pipeline_northwind, task_id=extract_postgres_customer_demographics, run_id=scheduled__2024-07-10T00:00:00+00:00, execution_date=20240710T000000, start_date=20240712T190421, end_date=20240712T190422
[2024-07-12T19:04:22.619+0000] {standard_task_runner.py:110} ERROR - Failed to execute job 5560 for task extract_postgres_customer_demographics (Command 'meltano elt tap-postgres target-csv --transform=run --job_id=extract_postgres_customer_demographics_2024-07-10' returned non-zero exit status 127.; 250)
[2024-07-12T19:04:22.669+0000] {local_task_job_runner.py:240} INFO - Task exited with return code 1
[2024-07-12T19:04:22.700+0000] {local_task_job_runner.py:222} INFO - ::endgroup::
[2024-07-14T21:47:54.869+0000] {local_task_job_runner.py:120} INFO - ::group::Pre task execution logs
[2024-07-14T21:47:54.985+0000] {taskinstance.py:2076} INFO - Dependencies all met for dep_context=non-requeueable deps ti=<TaskInstance: dag_pipeline_northwind.extract_postgres_customer_demographics scheduled__2024-07-10T00:00:00+00:00 [queued]>
[2024-07-14T21:47:55.005+0000] {taskinstance.py:2076} INFO - Dependencies all met for dep_context=requeueable deps ti=<TaskInstance: dag_pipeline_northwind.extract_postgres_customer_demographics scheduled__2024-07-10T00:00:00+00:00 [queued]>
[2024-07-14T21:47:55.007+0000] {taskinstance.py:2306} INFO - Starting attempt 1 of 2
[2024-07-14T21:47:55.289+0000] {taskinstance.py:2330} INFO - Executing <Task(PythonOperator): extract_postgres_customer_demographics> on 2024-07-10 00:00:00+00:00
[2024-07-14T21:47:55.312+0000] {standard_task_runner.py:90} INFO - Running: ['airflow', 'tasks', 'run', 'dag_pipeline_northwind', 'extract_postgres_customer_demographics', 'scheduled__2024-07-10T00:00:00+00:00', '--job-id', '5695', '--raw', '--subdir', 'DAGS_FOLDER/dag_pipeline_northwind.py', '--cfg-path', '/tmp/tmpn742vh7r']
[2024-07-14T21:47:55.322+0000] {standard_task_runner.py:91} INFO - Job 5695: Subtask extract_postgres_customer_demographics
[2024-07-14T21:47:55.340+0000] {logging_mixin.py:188} WARNING - /home/airflow/.local/lib/python3.12/site-packages/airflow/task/task_runner/standard_task_runner.py:61 DeprecationWarning: This process (pid=240) is multi-threaded, use of fork() may lead to deadlocks in the child.
[2024-07-14T21:47:55.344+0000] {standard_task_runner.py:63} INFO - Started process 262 to run task
[2024-07-14T21:47:55.503+0000] {task_command.py:426} INFO - Running <TaskInstance: dag_pipeline_northwind.extract_postgres_customer_demographics scheduled__2024-07-10T00:00:00+00:00 [running]> on host ee4b7f7f7c3e
[2024-07-14T21:47:56.030+0000] {taskinstance.py:2648} INFO - Exporting env vars: AIRFLOW_CTX_DAG_OWNER='airflow' AIRFLOW_CTX_DAG_ID='dag_pipeline_northwind' AIRFLOW_CTX_TASK_ID='extract_postgres_customer_demographics' AIRFLOW_CTX_EXECUTION_DATE='2024-07-10T00:00:00+00:00' AIRFLOW_CTX_TRY_NUMBER='1' AIRFLOW_CTX_DAG_RUN_ID='scheduled__2024-07-10T00:00:00+00:00'
[2024-07-14T21:47:56.032+0000] {taskinstance.py:430} INFO - ::endgroup::
[2024-07-14T21:47:56.090+0000] {logging_mixin.py:188} INFO - Running command: meltano elt tap-postgres target-csv --transform=run --job_id=extract_postgres_customer_demographics_2024-07-10
[2024-07-14T21:47:56.111+0000] {logging_mixin.py:188} INFO - Command failed with error: Command 'meltano elt tap-postgres target-csv --transform=run --job_id=extract_postgres_customer_demographics_2024-07-10' returned non-zero exit status 127.
[2024-07-14T21:47:56.114+0000] {taskinstance.py:441} INFO - ::group::Post task execution logs
[2024-07-14T21:47:56.115+0000] {taskinstance.py:2905} ERROR - Task failed with exception
Traceback (most recent call last):
  File "/home/airflow/.local/lib/python3.12/site-packages/airflow/models/taskinstance.py", line 465, in _execute_task
    result = _execute_callable(context=context, **execute_callable_kwargs)
             ^^^^^^^^^^^^^^^^^^^^^^^^^^^^^^^^^^^^^^^^^^^^^^^^^^^^^^^^^^^^^
  File "/home/airflow/.local/lib/python3.12/site-packages/airflow/models/taskinstance.py", line 432, in _execute_callable
    return execute_callable(context=context, **execute_callable_kwargs)
           ^^^^^^^^^^^^^^^^^^^^^^^^^^^^^^^^^^^^^^^^^^^^^^^^^^^^^^^^^^^^
  File "/home/airflow/.local/lib/python3.12/site-packages/airflow/models/baseoperator.py", line 401, in wrapper
    return func(self, *args, **kwargs)
           ^^^^^^^^^^^^^^^^^^^^^^^^^^^
  File "/home/airflow/.local/lib/python3.12/site-packages/airflow/operators/python.py", line 235, in execute
    return_value = self.execute_callable()
                   ^^^^^^^^^^^^^^^^^^^^^^^
  File "/home/airflow/.local/lib/python3.12/site-packages/airflow/operators/python.py", line 252, in execute_callable
    return self.python_callable(*self.op_args, **self.op_kwargs)
           ^^^^^^^^^^^^^^^^^^^^^^^^^^^^^^^^^^^^^^^^^^^^^^^^^^^^^
  File "/opt/airflow/dags/dag_pipeline_northwind.py", line 40, in extract_postgres_table
    result = subprocess.run(extract_command, shell=True, check=True, capture_output=True, text=True)
             ^^^^^^^^^^^^^^^^^^^^^^^^^^^^^^^^^^^^^^^^^^^^^^^^^^^^^^^^^^^^^^^^^^^^^^^^^^^^^^^^^^^^^^^
  File "/usr/local/lib/python3.12/subprocess.py", line 571, in run
    raise CalledProcessError(retcode, process.args,
subprocess.CalledProcessError: Command 'meltano elt tap-postgres target-csv --transform=run --job_id=extract_postgres_customer_demographics_2024-07-10' returned non-zero exit status 127.
[2024-07-14T21:47:56.139+0000] {taskinstance.py:1206} INFO - Marking task as UP_FOR_RETRY. dag_id=dag_pipeline_northwind, task_id=extract_postgres_customer_demographics, run_id=scheduled__2024-07-10T00:00:00+00:00, execution_date=20240710T000000, start_date=20240714T214754, end_date=20240714T214756
[2024-07-14T21:47:56.177+0000] {standard_task_runner.py:110} ERROR - Failed to execute job 5695 for task extract_postgres_customer_demographics (Command 'meltano elt tap-postgres target-csv --transform=run --job_id=extract_postgres_customer_demographics_2024-07-10' returned non-zero exit status 127.; 262)
[2024-07-14T21:47:56.229+0000] {local_task_job_runner.py:240} INFO - Task exited with return code 1
[2024-07-14T21:47:56.255+0000] {local_task_job_runner.py:222} INFO - ::endgroup::
