[2024-07-01T10:57:37.814+0000] {local_task_job_runner.py:120} INFO - ::group::Pre task execution logs
[2024-07-01T10:57:37.905+0000] {taskinstance.py:2076} INFO - Dependencies all met for dep_context=non-requeueable deps ti=<TaskInstance: dag_northwind.extract_postgres scheduled__2024-06-21T00:00:00+00:00 [queued]>
[2024-07-01T10:57:37.924+0000] {taskinstance.py:2076} INFO - Dependencies all met for dep_context=requeueable deps ti=<TaskInstance: dag_northwind.extract_postgres scheduled__2024-06-21T00:00:00+00:00 [queued]>
[2024-07-01T10:57:37.926+0000] {taskinstance.py:2306} INFO - Starting attempt 2 of 2
[2024-07-01T10:57:38.032+0000] {taskinstance.py:2330} INFO - Executing <Task(BashOperator): extract_postgres> on 2024-06-21 00:00:00+00:00
[2024-07-01T10:57:38.059+0000] {logging_mixin.py:188} WARNING - /home/airflow/.local/lib/python3.12/site-packages/airflow/task/task_runner/standard_task_runner.py:61 DeprecationWarning: This process (pid=8264) is multi-threaded, use of fork() may lead to deadlocks in the child.
[2024-07-01T10:57:38.064+0000] {standard_task_runner.py:63} INFO - Started process 8273 to run task
[2024-07-01T10:57:38.072+0000] {standard_task_runner.py:90} INFO - Running: ['airflow', 'tasks', 'run', 'dag_northwind', 'extract_postgres', 'scheduled__2024-06-21T00:00:00+00:00', '--job-id', '1568', '--raw', '--subdir', 'DAGS_FOLDER/dag_northwind.py', '--cfg-path', '/tmp/tmp7co3gsj7']
[2024-07-01T10:57:38.078+0000] {standard_task_runner.py:91} INFO - Job 1568: Subtask extract_postgres
[2024-07-01T10:57:38.228+0000] {task_command.py:426} INFO - Running <TaskInstance: dag_northwind.extract_postgres scheduled__2024-06-21T00:00:00+00:00 [running]> on host 85c6ea7cd9cf
[2024-07-01T10:57:38.494+0000] {taskinstance.py:2648} INFO - Exporting env vars: AIRFLOW_CTX_DAG_OWNER='airflow' AIRFLOW_CTX_DAG_ID='dag_northwind' AIRFLOW_CTX_TASK_ID='extract_postgres' AIRFLOW_CTX_EXECUTION_DATE='2024-06-21T00:00:00+00:00' AIRFLOW_CTX_TRY_NUMBER='2' AIRFLOW_CTX_DAG_RUN_ID='scheduled__2024-06-21T00:00:00+00:00'
[2024-07-01T10:57:38.497+0000] {taskinstance.py:430} INFO - ::endgroup::
[2024-07-01T10:57:38.535+0000] {subprocess.py:63} INFO - Tmp dir root location: /tmp
[2024-07-01T10:57:38.541+0000] {subprocess.py:75} INFO - Running command: ['/usr/bin/bash', '-c', 'meltano elt tap-postgres target-csv --job_id=extract_postgres_2024-06-21 && mkdir -p /data/postgres/2024-06-21 && mv /project/output/tap-postgres/*.csv /data/postgres/2024-06-21/']
[2024-07-01T10:57:38.567+0000] {subprocess.py:86} INFO - Output:
[2024-07-01T10:57:38.569+0000] {subprocess.py:93} INFO - /usr/bin/bash: line 1: meltano: command not found
[2024-07-01T10:57:38.571+0000] {subprocess.py:97} INFO - Command exited with return code 127
[2024-07-01T10:57:38.572+0000] {taskinstance.py:441} INFO - ::group::Post task execution logs
[2024-07-01T10:57:38.596+0000] {taskinstance.py:2905} ERROR - Task failed with exception
Traceback (most recent call last):
  File "/home/airflow/.local/lib/python3.12/site-packages/airflow/models/taskinstance.py", line 465, in _execute_task
    result = _execute_callable(context=context, **execute_callable_kwargs)
             ^^^^^^^^^^^^^^^^^^^^^^^^^^^^^^^^^^^^^^^^^^^^^^^^^^^^^^^^^^^^^
  File "/home/airflow/.local/lib/python3.12/site-packages/airflow/models/taskinstance.py", line 432, in _execute_callable
    return execute_callable(context=context, **execute_callable_kwargs)
           ^^^^^^^^^^^^^^^^^^^^^^^^^^^^^^^^^^^^^^^^^^^^^^^^^^^^^^^^^^^^
  File "/home/airflow/.local/lib/python3.12/site-packages/airflow/models/baseoperator.py", line 401, in wrapper
    return func(self, *args, **kwargs)
           ^^^^^^^^^^^^^^^^^^^^^^^^^^^
  File "/home/airflow/.local/lib/python3.12/site-packages/airflow/operators/bash.py", line 243, in execute
    raise AirflowException(
airflow.exceptions.AirflowException: Bash command failed. The command returned a non-zero exit code 127.
[2024-07-01T10:57:38.608+0000] {taskinstance.py:1206} INFO - Marking task as FAILED. dag_id=dag_northwind, task_id=extract_postgres, run_id=scheduled__2024-06-21T00:00:00+00:00, execution_date=20240621T000000, start_date=20240701T105737, end_date=20240701T105738
[2024-07-01T10:57:38.647+0000] {standard_task_runner.py:110} ERROR - Failed to execute job 1568 for task extract_postgres (Bash command failed. The command returned a non-zero exit code 127.; 8273)
[2024-07-01T10:57:38.699+0000] {local_task_job_runner.py:240} INFO - Task exited with return code 1
[2024-07-01T10:57:38.757+0000] {taskinstance.py:3503} INFO - 0 downstream tasks scheduled from follow-on schedule check
[2024-07-01T10:57:38.774+0000] {local_task_job_runner.py:222} INFO - ::endgroup::
