[2024-07-01T01:14:45.587+0000] {local_task_job_runner.py:120} INFO - ::group::Pre task execution logs
[2024-07-01T01:14:45.927+0000] {taskinstance.py:2076} INFO - Dependencies all met for dep_context=non-requeueable deps ti=<TaskInstance: dag_northwind.extract_csv scheduled__2024-02-06T00:00:00+00:00 [queued]>
[2024-07-01T01:14:46.024+0000] {taskinstance.py:2076} INFO - Dependencies all met for dep_context=requeueable deps ti=<TaskInstance: dag_northwind.extract_csv scheduled__2024-02-06T00:00:00+00:00 [queued]>
[2024-07-01T01:14:46.030+0000] {taskinstance.py:2306} INFO - Starting attempt 2 of 2
[2024-07-01T01:14:46.183+0000] {taskinstance.py:2330} INFO - Executing <Task(BashOperator): extract_csv> on 2024-02-06 00:00:00+00:00
[2024-07-01T01:14:46.217+0000] {standard_task_runner.py:90} INFO - Running: ['airflow', 'tasks', 'run', 'dag_northwind', 'extract_csv', 'scheduled__2024-02-06T00:00:00+00:00', '--job-id', '507', '--raw', '--subdir', 'DAGS_FOLDER/dag_northwind.py', '--cfg-path', '/tmp/tmpc5csjxcd']
[2024-07-01T01:14:46.226+0000] {standard_task_runner.py:91} INFO - Job 507: Subtask extract_csv
[2024-07-01T01:14:46.419+0000] {logging_mixin.py:188} WARNING - /home/airflow/.local/lib/python3.12/site-packages/airflow/task/task_runner/standard_task_runner.py:61 DeprecationWarning: This process (pid=212) is multi-threaded, use of fork() may lead to deadlocks in the child.
[2024-07-01T01:14:46.443+0000] {standard_task_runner.py:63} INFO - Started process 235 to run task
[2024-07-01T01:14:46.604+0000] {task_command.py:426} INFO - Running <TaskInstance: dag_northwind.extract_csv scheduled__2024-02-06T00:00:00+00:00 [running]> on host 05d913303710
[2024-07-01T01:14:47.301+0000] {taskinstance.py:2648} INFO - Exporting env vars: AIRFLOW_CTX_DAG_OWNER='airflow' AIRFLOW_CTX_DAG_ID='dag_northwind' AIRFLOW_CTX_TASK_ID='extract_csv' AIRFLOW_CTX_EXECUTION_DATE='2024-02-06T00:00:00+00:00' AIRFLOW_CTX_TRY_NUMBER='2' AIRFLOW_CTX_DAG_RUN_ID='scheduled__2024-02-06T00:00:00+00:00'
[2024-07-01T01:14:47.302+0000] {taskinstance.py:430} INFO - ::endgroup::
[2024-07-01T01:14:47.856+0000] {subprocess.py:63} INFO - Tmp dir root location: /tmp
[2024-07-01T01:14:47.872+0000] {subprocess.py:75} INFO - Running command: ['/usr/bin/bash', '-c', 'meltano elt tap-csv target-csv --job_id=extract_csv_2024-02-06 && mkdir -p /data/csv/2024-02-06 && mv /project/output/tap-csv/*.csv /data/csv/2024-02-06/']
[2024-07-01T01:14:48.024+0000] {subprocess.py:86} INFO - Output:
[2024-07-01T01:14:48.519+0000] {subprocess.py:93} INFO - /usr/bin/bash: line 1: meltano: command not found
[2024-07-01T01:14:49.697+0000] {subprocess.py:97} INFO - Command exited with return code 127
[2024-07-01T01:14:50.304+0000] {taskinstance.py:441} INFO - ::group::Post task execution logs
[2024-07-01T01:14:50.618+0000] {taskinstance.py:2905} ERROR - Task failed with exception
Traceback (most recent call last):
  File "/home/airflow/.local/lib/python3.12/site-packages/airflow/models/taskinstance.py", line 465, in _execute_task
    result = _execute_callable(context=context, **execute_callable_kwargs)
             ^^^^^^^^^^^^^^^^^^^^^^^^^^^^^^^^^^^^^^^^^^^^^^^^^^^^^^^^^^^^^
  File "/home/airflow/.local/lib/python3.12/site-packages/airflow/models/taskinstance.py", line 432, in _execute_callable
    return execute_callable(context=context, **execute_callable_kwargs)
           ^^^^^^^^^^^^^^^^^^^^^^^^^^^^^^^^^^^^^^^^^^^^^^^^^^^^^^^^^^^^
  File "/home/airflow/.local/lib/python3.12/site-packages/airflow/models/baseoperator.py", line 401, in wrapper
    return func(self, *args, **kwargs)
           ^^^^^^^^^^^^^^^^^^^^^^^^^^^
  File "/home/airflow/.local/lib/python3.12/site-packages/airflow/operators/bash.py", line 243, in execute
    raise AirflowException(
airflow.exceptions.AirflowException: Bash command failed. The command returned a non-zero exit code 127.
[2024-07-01T01:14:51.521+0000] {taskinstance.py:1206} INFO - Marking task as FAILED. dag_id=dag_northwind, task_id=extract_csv, run_id=scheduled__2024-02-06T00:00:00+00:00, execution_date=20240206T000000, start_date=20240701T011445, end_date=20240701T011451
[2024-07-01T01:14:53.273+0000] {standard_task_runner.py:110} ERROR - Failed to execute job 507 for task extract_csv (Bash command failed. The command returned a non-zero exit code 127.; 235)
[2024-07-01T01:14:54.337+0000] {local_task_job_runner.py:240} INFO - Task exited with return code 1
[2024-07-01T01:14:54.459+0000] {local_task_job_runner.py:222} INFO - ::endgroup::
[2024-07-01T10:16:21.510+0000] {local_task_job_runner.py:120} INFO - ::group::Pre task execution logs
[2024-07-01T10:16:21.600+0000] {taskinstance.py:2076} INFO - Dependencies all met for dep_context=non-requeueable deps ti=<TaskInstance: dag_northwind.extract_csv scheduled__2024-02-06T00:00:00+00:00 [queued]>
[2024-07-01T10:16:21.622+0000] {taskinstance.py:2076} INFO - Dependencies all met for dep_context=requeueable deps ti=<TaskInstance: dag_northwind.extract_csv scheduled__2024-02-06T00:00:00+00:00 [queued]>
[2024-07-01T10:16:21.623+0000] {taskinstance.py:2306} INFO - Starting attempt 2 of 2
[2024-07-01T10:16:21.933+0000] {taskinstance.py:2330} INFO - Executing <Task(BashOperator): extract_csv> on 2024-02-06 00:00:00+00:00
[2024-07-01T10:16:21.946+0000] {logging_mixin.py:188} WARNING - /home/airflow/.local/lib/python3.12/site-packages/airflow/task/task_runner/standard_task_runner.py:61 DeprecationWarning: This process (pid=5744) is multi-threaded, use of fork() may lead to deadlocks in the child.
[2024-07-01T10:16:21.949+0000] {standard_task_runner.py:63} INFO - Started process 5763 to run task
[2024-07-01T10:16:21.953+0000] {standard_task_runner.py:90} INFO - Running: ['airflow', 'tasks', 'run', 'dag_northwind', 'extract_csv', 'scheduled__2024-02-06T00:00:00+00:00', '--job-id', '1045', '--raw', '--subdir', 'DAGS_FOLDER/dag_northwind.py', '--cfg-path', '/tmp/tmptdy6vgmw']
[2024-07-01T10:16:21.959+0000] {standard_task_runner.py:91} INFO - Job 1045: Subtask extract_csv
[2024-07-01T10:16:22.108+0000] {task_command.py:426} INFO - Running <TaskInstance: dag_northwind.extract_csv scheduled__2024-02-06T00:00:00+00:00 [running]> on host 85c6ea7cd9cf
[2024-07-01T10:16:22.271+0000] {taskinstance.py:2648} INFO - Exporting env vars: AIRFLOW_CTX_DAG_OWNER='airflow' AIRFLOW_CTX_DAG_ID='dag_northwind' AIRFLOW_CTX_TASK_ID='extract_csv' AIRFLOW_CTX_EXECUTION_DATE='2024-02-06T00:00:00+00:00' AIRFLOW_CTX_TRY_NUMBER='2' AIRFLOW_CTX_DAG_RUN_ID='scheduled__2024-02-06T00:00:00+00:00'
[2024-07-01T10:16:22.272+0000] {taskinstance.py:430} INFO - ::endgroup::
[2024-07-01T10:16:22.314+0000] {subprocess.py:63} INFO - Tmp dir root location: /tmp
[2024-07-01T10:16:22.315+0000] {subprocess.py:75} INFO - Running command: ['/usr/bin/bash', '-c', 'meltano elt tap-csv target-csv --job_id=extract_csv_2024-02-06 && mkdir -p /data/csv/2024-02-06 && mv /project/output/tap-csv/*.csv /data/csv/2024-02-06/']
[2024-07-01T10:16:22.353+0000] {subprocess.py:86} INFO - Output:
[2024-07-01T10:16:22.356+0000] {subprocess.py:93} INFO - /usr/bin/bash: line 1: meltano: command not found
[2024-07-01T10:16:22.364+0000] {subprocess.py:97} INFO - Command exited with return code 127
[2024-07-01T10:16:22.366+0000] {taskinstance.py:441} INFO - ::group::Post task execution logs
[2024-07-01T10:16:22.414+0000] {taskinstance.py:2905} ERROR - Task failed with exception
Traceback (most recent call last):
  File "/home/airflow/.local/lib/python3.12/site-packages/airflow/models/taskinstance.py", line 465, in _execute_task
    result = _execute_callable(context=context, **execute_callable_kwargs)
             ^^^^^^^^^^^^^^^^^^^^^^^^^^^^^^^^^^^^^^^^^^^^^^^^^^^^^^^^^^^^^
  File "/home/airflow/.local/lib/python3.12/site-packages/airflow/models/taskinstance.py", line 432, in _execute_callable
    return execute_callable(context=context, **execute_callable_kwargs)
           ^^^^^^^^^^^^^^^^^^^^^^^^^^^^^^^^^^^^^^^^^^^^^^^^^^^^^^^^^^^^
  File "/home/airflow/.local/lib/python3.12/site-packages/airflow/models/baseoperator.py", line 401, in wrapper
    return func(self, *args, **kwargs)
           ^^^^^^^^^^^^^^^^^^^^^^^^^^^
  File "/home/airflow/.local/lib/python3.12/site-packages/airflow/operators/bash.py", line 243, in execute
    raise AirflowException(
airflow.exceptions.AirflowException: Bash command failed. The command returned a non-zero exit code 127.
[2024-07-01T10:16:22.427+0000] {taskinstance.py:1206} INFO - Marking task as FAILED. dag_id=dag_northwind, task_id=extract_csv, run_id=scheduled__2024-02-06T00:00:00+00:00, execution_date=20240206T000000, start_date=20240701T101621, end_date=20240701T101622
[2024-07-01T10:16:22.480+0000] {standard_task_runner.py:110} ERROR - Failed to execute job 1045 for task extract_csv (Bash command failed. The command returned a non-zero exit code 127.; 5763)
[2024-07-01T10:16:22.533+0000] {local_task_job_runner.py:240} INFO - Task exited with return code 1
[2024-07-01T10:16:22.552+0000] {local_task_job_runner.py:222} INFO - ::endgroup::
