[2024-07-01T01:35:58.734+0000] {local_task_job_runner.py:120} INFO - ::group::Pre task execution logs
[2024-07-01T01:35:58.809+0000] {taskinstance.py:2076} INFO - Dependencies all met for dep_context=non-requeueable deps ti=<TaskInstance: dag_northwind.extract_csv scheduled__2024-05-02T00:00:00+00:00 [queued]>
[2024-07-01T01:35:58.824+0000] {taskinstance.py:2076} INFO - Dependencies all met for dep_context=requeueable deps ti=<TaskInstance: dag_northwind.extract_csv scheduled__2024-05-02T00:00:00+00:00 [queued]>
[2024-07-01T01:35:58.825+0000] {taskinstance.py:2306} INFO - Starting attempt 1 of 2
[2024-07-01T01:35:58.949+0000] {taskinstance.py:2330} INFO - Executing <Task(BashOperator): extract_csv> on 2024-05-02 00:00:00+00:00
[2024-07-01T01:35:58.961+0000] {logging_mixin.py:188} WARNING - /home/airflow/.local/lib/python3.12/site-packages/airflow/task/task_runner/standard_task_runner.py:61 DeprecationWarning: This process (pid=1574) is multi-threaded, use of fork() may lead to deadlocks in the child.
[2024-07-01T01:35:58.963+0000] {standard_task_runner.py:63} INFO - Started process 1588 to run task
[2024-07-01T01:35:58.960+0000] {standard_task_runner.py:90} INFO - Running: ['airflow', 'tasks', 'run', 'dag_northwind', 'extract_csv', 'scheduled__2024-05-02T00:00:00+00:00', '--job-id', '797', '--raw', '--subdir', 'DAGS_FOLDER/dag_northwind.py', '--cfg-path', '/tmp/tmp3kv6wfon']
[2024-07-01T01:35:58.965+0000] {standard_task_runner.py:91} INFO - Job 797: Subtask extract_csv
[2024-07-01T01:35:59.075+0000] {task_command.py:426} INFO - Running <TaskInstance: dag_northwind.extract_csv scheduled__2024-05-02T00:00:00+00:00 [running]> on host 05d913303710
[2024-07-01T01:35:59.210+0000] {taskinstance.py:2648} INFO - Exporting env vars: AIRFLOW_CTX_DAG_OWNER='airflow' AIRFLOW_CTX_DAG_ID='dag_northwind' AIRFLOW_CTX_TASK_ID='extract_csv' AIRFLOW_CTX_EXECUTION_DATE='2024-05-02T00:00:00+00:00' AIRFLOW_CTX_TRY_NUMBER='1' AIRFLOW_CTX_DAG_RUN_ID='scheduled__2024-05-02T00:00:00+00:00'
[2024-07-01T01:35:59.212+0000] {taskinstance.py:430} INFO - ::endgroup::
[2024-07-01T01:35:59.238+0000] {subprocess.py:63} INFO - Tmp dir root location: /tmp
[2024-07-01T01:35:59.240+0000] {subprocess.py:75} INFO - Running command: ['/usr/bin/bash', '-c', 'meltano elt tap-csv target-csv --job_id=extract_csv_2024-05-02 && mkdir -p /data/csv/2024-05-02 && mv /project/output/tap-csv/*.csv /data/csv/2024-05-02/']
[2024-07-01T01:35:59.263+0000] {subprocess.py:86} INFO - Output:
[2024-07-01T01:35:59.267+0000] {subprocess.py:93} INFO - /usr/bin/bash: line 1: meltano: command not found
[2024-07-01T01:35:59.268+0000] {subprocess.py:97} INFO - Command exited with return code 127
[2024-07-01T01:35:59.270+0000] {taskinstance.py:441} INFO - ::group::Post task execution logs
[2024-07-01T01:35:59.293+0000] {taskinstance.py:2905} ERROR - Task failed with exception
Traceback (most recent call last):
  File "/home/airflow/.local/lib/python3.12/site-packages/airflow/models/taskinstance.py", line 465, in _execute_task
    result = _execute_callable(context=context, **execute_callable_kwargs)
             ^^^^^^^^^^^^^^^^^^^^^^^^^^^^^^^^^^^^^^^^^^^^^^^^^^^^^^^^^^^^^
  File "/home/airflow/.local/lib/python3.12/site-packages/airflow/models/taskinstance.py", line 432, in _execute_callable
    return execute_callable(context=context, **execute_callable_kwargs)
           ^^^^^^^^^^^^^^^^^^^^^^^^^^^^^^^^^^^^^^^^^^^^^^^^^^^^^^^^^^^^
  File "/home/airflow/.local/lib/python3.12/site-packages/airflow/models/baseoperator.py", line 401, in wrapper
    return func(self, *args, **kwargs)
           ^^^^^^^^^^^^^^^^^^^^^^^^^^^
  File "/home/airflow/.local/lib/python3.12/site-packages/airflow/operators/bash.py", line 243, in execute
    raise AirflowException(
airflow.exceptions.AirflowException: Bash command failed. The command returned a non-zero exit code 127.
[2024-07-01T01:35:59.303+0000] {taskinstance.py:1206} INFO - Marking task as UP_FOR_RETRY. dag_id=dag_northwind, task_id=extract_csv, run_id=scheduled__2024-05-02T00:00:00+00:00, execution_date=20240502T000000, start_date=20240701T013558, end_date=20240701T013559
[2024-07-01T01:35:59.335+0000] {standard_task_runner.py:110} ERROR - Failed to execute job 797 for task extract_csv (Bash command failed. The command returned a non-zero exit code 127.; 1588)
[2024-07-01T01:35:59.381+0000] {local_task_job_runner.py:240} INFO - Task exited with return code 1
[2024-07-01T01:35:59.430+0000] {taskinstance.py:3503} INFO - 0 downstream tasks scheduled from follow-on schedule check
[2024-07-01T01:35:59.432+0000] {local_task_job_runner.py:222} INFO - ::endgroup::
[2024-07-01T10:37:10.218+0000] {local_task_job_runner.py:120} INFO - ::group::Pre task execution logs
[2024-07-01T10:37:10.306+0000] {taskinstance.py:2076} INFO - Dependencies all met for dep_context=non-requeueable deps ti=<TaskInstance: dag_northwind.extract_csv scheduled__2024-05-02T00:00:00+00:00 [queued]>
[2024-07-01T10:37:10.325+0000] {taskinstance.py:2076} INFO - Dependencies all met for dep_context=requeueable deps ti=<TaskInstance: dag_northwind.extract_csv scheduled__2024-05-02T00:00:00+00:00 [queued]>
[2024-07-01T10:37:10.326+0000] {taskinstance.py:2306} INFO - Starting attempt 1 of 2
[2024-07-01T10:37:10.477+0000] {taskinstance.py:2330} INFO - Executing <Task(BashOperator): extract_csv> on 2024-05-02 00:00:00+00:00
[2024-07-01T10:37:10.490+0000] {logging_mixin.py:188} WARNING - /home/airflow/.local/lib/python3.12/site-packages/airflow/task/task_runner/standard_task_runner.py:61 DeprecationWarning: This process (pid=7157) is multi-threaded, use of fork() may lead to deadlocks in the child.
[2024-07-01T10:37:10.493+0000] {standard_task_runner.py:63} INFO - Started process 7170 to run task
[2024-07-01T10:37:10.490+0000] {standard_task_runner.py:90} INFO - Running: ['airflow', 'tasks', 'run', 'dag_northwind', 'extract_csv', 'scheduled__2024-05-02T00:00:00+00:00', '--job-id', '1343', '--raw', '--subdir', 'DAGS_FOLDER/dag_northwind.py', '--cfg-path', '/tmp/tmpw2coqq5f']
[2024-07-01T10:37:10.496+0000] {standard_task_runner.py:91} INFO - Job 1343: Subtask extract_csv
[2024-07-01T10:37:10.593+0000] {task_command.py:426} INFO - Running <TaskInstance: dag_northwind.extract_csv scheduled__2024-05-02T00:00:00+00:00 [running]> on host 85c6ea7cd9cf
[2024-07-01T10:37:10.731+0000] {taskinstance.py:2648} INFO - Exporting env vars: AIRFLOW_CTX_DAG_OWNER='airflow' AIRFLOW_CTX_DAG_ID='dag_northwind' AIRFLOW_CTX_TASK_ID='extract_csv' AIRFLOW_CTX_EXECUTION_DATE='2024-05-02T00:00:00+00:00' AIRFLOW_CTX_TRY_NUMBER='1' AIRFLOW_CTX_DAG_RUN_ID='scheduled__2024-05-02T00:00:00+00:00'
[2024-07-01T10:37:10.732+0000] {taskinstance.py:430} INFO - ::endgroup::
[2024-07-01T10:37:10.755+0000] {subprocess.py:63} INFO - Tmp dir root location: /tmp
[2024-07-01T10:37:10.756+0000] {subprocess.py:75} INFO - Running command: ['/usr/bin/bash', '-c', 'meltano elt tap-csv target-csv --job_id=extract_csv_2024-05-02 && mkdir -p /data/csv/2024-05-02 && mv /project/output/tap-csv/*.csv /data/csv/2024-05-02/']
[2024-07-01T10:37:10.770+0000] {subprocess.py:86} INFO - Output:
[2024-07-01T10:37:10.773+0000] {subprocess.py:93} INFO - /usr/bin/bash: line 1: meltano: command not found
[2024-07-01T10:37:10.774+0000] {subprocess.py:97} INFO - Command exited with return code 127
[2024-07-01T10:37:10.775+0000] {taskinstance.py:441} INFO - ::group::Post task execution logs
[2024-07-01T10:37:10.796+0000] {taskinstance.py:2905} ERROR - Task failed with exception
Traceback (most recent call last):
  File "/home/airflow/.local/lib/python3.12/site-packages/airflow/models/taskinstance.py", line 465, in _execute_task
    result = _execute_callable(context=context, **execute_callable_kwargs)
             ^^^^^^^^^^^^^^^^^^^^^^^^^^^^^^^^^^^^^^^^^^^^^^^^^^^^^^^^^^^^^
  File "/home/airflow/.local/lib/python3.12/site-packages/airflow/models/taskinstance.py", line 432, in _execute_callable
    return execute_callable(context=context, **execute_callable_kwargs)
           ^^^^^^^^^^^^^^^^^^^^^^^^^^^^^^^^^^^^^^^^^^^^^^^^^^^^^^^^^^^^
  File "/home/airflow/.local/lib/python3.12/site-packages/airflow/models/baseoperator.py", line 401, in wrapper
    return func(self, *args, **kwargs)
           ^^^^^^^^^^^^^^^^^^^^^^^^^^^
  File "/home/airflow/.local/lib/python3.12/site-packages/airflow/operators/bash.py", line 243, in execute
    raise AirflowException(
airflow.exceptions.AirflowException: Bash command failed. The command returned a non-zero exit code 127.
[2024-07-01T10:37:10.807+0000] {taskinstance.py:1206} INFO - Marking task as UP_FOR_RETRY. dag_id=dag_northwind, task_id=extract_csv, run_id=scheduled__2024-05-02T00:00:00+00:00, execution_date=20240502T000000, start_date=20240701T103710, end_date=20240701T103710
[2024-07-01T10:37:10.837+0000] {standard_task_runner.py:110} ERROR - Failed to execute job 1343 for task extract_csv (Bash command failed. The command returned a non-zero exit code 127.; 7170)
[2024-07-01T10:37:10.870+0000] {local_task_job_runner.py:240} INFO - Task exited with return code 1
[2024-07-01T10:37:10.889+0000] {local_task_job_runner.py:222} INFO - ::endgroup::
