[2024-07-01T01:35:57.434+0000] {local_task_job_runner.py:120} INFO - ::group::Pre task execution logs
[2024-07-01T01:35:57.508+0000] {taskinstance.py:2076} INFO - Dependencies all met for dep_context=non-requeueable deps ti=<TaskInstance: dag_northwind.extract_csv scheduled__2024-04-27T00:00:00+00:00 [queued]>
[2024-07-01T01:35:57.526+0000] {taskinstance.py:2076} INFO - Dependencies all met for dep_context=requeueable deps ti=<TaskInstance: dag_northwind.extract_csv scheduled__2024-04-27T00:00:00+00:00 [queued]>
[2024-07-01T01:35:57.527+0000] {taskinstance.py:2306} INFO - Starting attempt 1 of 2
[2024-07-01T01:35:57.580+0000] {taskinstance.py:2330} INFO - Executing <Task(BashOperator): extract_csv> on 2024-04-27 00:00:00+00:00
[2024-07-01T01:35:57.598+0000] {logging_mixin.py:188} WARNING - /home/airflow/.local/lib/python3.12/site-packages/airflow/task/task_runner/standard_task_runner.py:61 DeprecationWarning: This process (pid=1527) is multi-threaded, use of fork() may lead to deadlocks in the child.
[2024-07-01T01:35:57.600+0000] {standard_task_runner.py:63} INFO - Started process 1545 to run task
[2024-07-01T01:35:57.598+0000] {standard_task_runner.py:90} INFO - Running: ['airflow', 'tasks', 'run', 'dag_northwind', 'extract_csv', 'scheduled__2024-04-27T00:00:00+00:00', '--job-id', '788', '--raw', '--subdir', 'DAGS_FOLDER/dag_northwind.py', '--cfg-path', '/tmp/tmpzmwurtuz']
[2024-07-01T01:35:57.604+0000] {standard_task_runner.py:91} INFO - Job 788: Subtask extract_csv
[2024-07-01T01:35:57.722+0000] {task_command.py:426} INFO - Running <TaskInstance: dag_northwind.extract_csv scheduled__2024-04-27T00:00:00+00:00 [running]> on host 05d913303710
[2024-07-01T01:35:57.919+0000] {taskinstance.py:2648} INFO - Exporting env vars: AIRFLOW_CTX_DAG_OWNER='airflow' AIRFLOW_CTX_DAG_ID='dag_northwind' AIRFLOW_CTX_TASK_ID='extract_csv' AIRFLOW_CTX_EXECUTION_DATE='2024-04-27T00:00:00+00:00' AIRFLOW_CTX_TRY_NUMBER='1' AIRFLOW_CTX_DAG_RUN_ID='scheduled__2024-04-27T00:00:00+00:00'
[2024-07-01T01:35:57.922+0000] {taskinstance.py:430} INFO - ::endgroup::
[2024-07-01T01:35:57.961+0000] {subprocess.py:63} INFO - Tmp dir root location: /tmp
[2024-07-01T01:35:57.963+0000] {subprocess.py:75} INFO - Running command: ['/usr/bin/bash', '-c', 'meltano elt tap-csv target-csv --job_id=extract_csv_2024-04-27 && mkdir -p /data/csv/2024-04-27 && mv /project/output/tap-csv/*.csv /data/csv/2024-04-27/']
[2024-07-01T01:35:57.985+0000] {subprocess.py:86} INFO - Output:
[2024-07-01T01:35:57.986+0000] {subprocess.py:93} INFO - /usr/bin/bash: line 1: meltano: command not found
[2024-07-01T01:35:57.987+0000] {subprocess.py:97} INFO - Command exited with return code 127
[2024-07-01T01:35:57.989+0000] {taskinstance.py:441} INFO - ::group::Post task execution logs
[2024-07-01T01:35:58.013+0000] {taskinstance.py:2905} ERROR - Task failed with exception
Traceback (most recent call last):
  File "/home/airflow/.local/lib/python3.12/site-packages/airflow/models/taskinstance.py", line 465, in _execute_task
    result = _execute_callable(context=context, **execute_callable_kwargs)
             ^^^^^^^^^^^^^^^^^^^^^^^^^^^^^^^^^^^^^^^^^^^^^^^^^^^^^^^^^^^^^
  File "/home/airflow/.local/lib/python3.12/site-packages/airflow/models/taskinstance.py", line 432, in _execute_callable
    return execute_callable(context=context, **execute_callable_kwargs)
           ^^^^^^^^^^^^^^^^^^^^^^^^^^^^^^^^^^^^^^^^^^^^^^^^^^^^^^^^^^^^
  File "/home/airflow/.local/lib/python3.12/site-packages/airflow/models/baseoperator.py", line 401, in wrapper
    return func(self, *args, **kwargs)
           ^^^^^^^^^^^^^^^^^^^^^^^^^^^
  File "/home/airflow/.local/lib/python3.12/site-packages/airflow/operators/bash.py", line 243, in execute
    raise AirflowException(
airflow.exceptions.AirflowException: Bash command failed. The command returned a non-zero exit code 127.
[2024-07-01T01:35:58.022+0000] {taskinstance.py:1206} INFO - Marking task as UP_FOR_RETRY. dag_id=dag_northwind, task_id=extract_csv, run_id=scheduled__2024-04-27T00:00:00+00:00, execution_date=20240427T000000, start_date=20240701T013557, end_date=20240701T013558
[2024-07-01T01:35:58.078+0000] {standard_task_runner.py:110} ERROR - Failed to execute job 788 for task extract_csv (Bash command failed. The command returned a non-zero exit code 127.; 1545)
[2024-07-01T01:35:58.104+0000] {local_task_job_runner.py:240} INFO - Task exited with return code 1
[2024-07-01T01:35:58.166+0000] {taskinstance.py:3503} INFO - 0 downstream tasks scheduled from follow-on schedule check
[2024-07-01T01:35:58.169+0000] {local_task_job_runner.py:222} INFO - ::endgroup::
[2024-07-01T10:37:08.999+0000] {local_task_job_runner.py:120} INFO - ::group::Pre task execution logs
[2024-07-01T10:37:09.087+0000] {taskinstance.py:2076} INFO - Dependencies all met for dep_context=non-requeueable deps ti=<TaskInstance: dag_northwind.extract_csv scheduled__2024-04-27T00:00:00+00:00 [queued]>
[2024-07-01T10:37:09.105+0000] {taskinstance.py:2076} INFO - Dependencies all met for dep_context=requeueable deps ti=<TaskInstance: dag_northwind.extract_csv scheduled__2024-04-27T00:00:00+00:00 [queued]>
[2024-07-01T10:37:09.108+0000] {taskinstance.py:2306} INFO - Starting attempt 1 of 2
[2024-07-01T10:37:09.152+0000] {taskinstance.py:2330} INFO - Executing <Task(BashOperator): extract_csv> on 2024-04-27 00:00:00+00:00
[2024-07-01T10:37:09.168+0000] {logging_mixin.py:188} WARNING - /home/airflow/.local/lib/python3.12/site-packages/airflow/task/task_runner/standard_task_runner.py:61 DeprecationWarning: This process (pid=7110) is multi-threaded, use of fork() may lead to deadlocks in the child.
[2024-07-01T10:37:09.172+0000] {standard_task_runner.py:63} INFO - Started process 7131 to run task
[2024-07-01T10:37:09.172+0000] {standard_task_runner.py:90} INFO - Running: ['airflow', 'tasks', 'run', 'dag_northwind', 'extract_csv', 'scheduled__2024-04-27T00:00:00+00:00', '--job-id', '1334', '--raw', '--subdir', 'DAGS_FOLDER/dag_northwind.py', '--cfg-path', '/tmp/tmpwylfgpa8']
[2024-07-01T10:37:09.177+0000] {standard_task_runner.py:91} INFO - Job 1334: Subtask extract_csv
[2024-07-01T10:37:09.304+0000] {task_command.py:426} INFO - Running <TaskInstance: dag_northwind.extract_csv scheduled__2024-04-27T00:00:00+00:00 [running]> on host 85c6ea7cd9cf
[2024-07-01T10:37:09.482+0000] {taskinstance.py:2648} INFO - Exporting env vars: AIRFLOW_CTX_DAG_OWNER='airflow' AIRFLOW_CTX_DAG_ID='dag_northwind' AIRFLOW_CTX_TASK_ID='extract_csv' AIRFLOW_CTX_EXECUTION_DATE='2024-04-27T00:00:00+00:00' AIRFLOW_CTX_TRY_NUMBER='1' AIRFLOW_CTX_DAG_RUN_ID='scheduled__2024-04-27T00:00:00+00:00'
[2024-07-01T10:37:09.483+0000] {taskinstance.py:430} INFO - ::endgroup::
[2024-07-01T10:37:09.521+0000] {subprocess.py:63} INFO - Tmp dir root location: /tmp
[2024-07-01T10:37:09.523+0000] {subprocess.py:75} INFO - Running command: ['/usr/bin/bash', '-c', 'meltano elt tap-csv target-csv --job_id=extract_csv_2024-04-27 && mkdir -p /data/csv/2024-04-27 && mv /project/output/tap-csv/*.csv /data/csv/2024-04-27/']
[2024-07-01T10:37:09.538+0000] {subprocess.py:86} INFO - Output:
[2024-07-01T10:37:09.542+0000] {subprocess.py:93} INFO - /usr/bin/bash: line 1: meltano: command not found
[2024-07-01T10:37:09.543+0000] {subprocess.py:97} INFO - Command exited with return code 127
[2024-07-01T10:37:09.544+0000] {taskinstance.py:441} INFO - ::group::Post task execution logs
[2024-07-01T10:37:09.565+0000] {taskinstance.py:2905} ERROR - Task failed with exception
Traceback (most recent call last):
  File "/home/airflow/.local/lib/python3.12/site-packages/airflow/models/taskinstance.py", line 465, in _execute_task
    result = _execute_callable(context=context, **execute_callable_kwargs)
             ^^^^^^^^^^^^^^^^^^^^^^^^^^^^^^^^^^^^^^^^^^^^^^^^^^^^^^^^^^^^^
  File "/home/airflow/.local/lib/python3.12/site-packages/airflow/models/taskinstance.py", line 432, in _execute_callable
    return execute_callable(context=context, **execute_callable_kwargs)
           ^^^^^^^^^^^^^^^^^^^^^^^^^^^^^^^^^^^^^^^^^^^^^^^^^^^^^^^^^^^^
  File "/home/airflow/.local/lib/python3.12/site-packages/airflow/models/baseoperator.py", line 401, in wrapper
    return func(self, *args, **kwargs)
           ^^^^^^^^^^^^^^^^^^^^^^^^^^^
  File "/home/airflow/.local/lib/python3.12/site-packages/airflow/operators/bash.py", line 243, in execute
    raise AirflowException(
airflow.exceptions.AirflowException: Bash command failed. The command returned a non-zero exit code 127.
[2024-07-01T10:37:09.574+0000] {taskinstance.py:1206} INFO - Marking task as UP_FOR_RETRY. dag_id=dag_northwind, task_id=extract_csv, run_id=scheduled__2024-04-27T00:00:00+00:00, execution_date=20240427T000000, start_date=20240701T103709, end_date=20240701T103709
[2024-07-01T10:37:09.660+0000] {standard_task_runner.py:110} ERROR - Failed to execute job 1334 for task extract_csv (Bash command failed. The command returned a non-zero exit code 127.; 7131)
[2024-07-01T10:37:09.681+0000] {local_task_job_runner.py:240} INFO - Task exited with return code 1
[2024-07-01T10:37:09.739+0000] {taskinstance.py:3503} INFO - 0 downstream tasks scheduled from follow-on schedule check
[2024-07-01T10:37:09.743+0000] {local_task_job_runner.py:222} INFO - ::endgroup::
