[2024-06-30T20:53:19.962+0000] {local_task_job_runner.py:120} INFO - ::group::Pre task execution logs
[2024-06-30T20:53:20.029+0000] {taskinstance.py:2076} INFO - Dependencies all met for dep_context=non-requeueable deps ti=<TaskInstance: dag_northwind.extract_postgres scheduled__2024-01-03T00:00:00+00:00 [queued]>
[2024-06-30T20:53:20.042+0000] {taskinstance.py:2076} INFO - Dependencies all met for dep_context=requeueable deps ti=<TaskInstance: dag_northwind.extract_postgres scheduled__2024-01-03T00:00:00+00:00 [queued]>
[2024-06-30T20:53:20.043+0000] {taskinstance.py:2306} INFO - Starting attempt 1 of 2
[2024-06-30T20:53:20.089+0000] {taskinstance.py:2330} INFO - Executing <Task(BashOperator): extract_postgres> on 2024-01-03 00:00:00+00:00
[2024-06-30T20:53:20.098+0000] {standard_task_runner.py:90} INFO - Running: ['airflow', 'tasks', 'run', 'dag_northwind', 'extract_postgres', 'scheduled__2024-01-03T00:00:00+00:00', '--job-id', '393', '--raw', '--subdir', 'DAGS_FOLDER/dag_northwind.py', '--cfg-path', '/tmp/tmprku6obly']
[2024-06-30T20:53:20.103+0000] {standard_task_runner.py:91} INFO - Job 393: Subtask extract_postgres
[2024-06-30T20:53:20.112+0000] {logging_mixin.py:188} WARNING - /home/airflow/.local/lib/python3.12/site-packages/airflow/task/task_runner/standard_task_runner.py:61 DeprecationWarning: This process (pid=565) is multi-threaded, use of fork() may lead to deadlocks in the child.
[2024-06-30T20:53:20.113+0000] {standard_task_runner.py:63} INFO - Started process 569 to run task
[2024-06-30T20:53:20.201+0000] {task_command.py:426} INFO - Running <TaskInstance: dag_northwind.extract_postgres scheduled__2024-01-03T00:00:00+00:00 [running]> on host a7d76f00647b
[2024-06-30T20:53:20.376+0000] {taskinstance.py:2648} INFO - Exporting env vars: AIRFLOW_CTX_DAG_OWNER='airflow' AIRFLOW_CTX_DAG_ID='dag_northwind' AIRFLOW_CTX_TASK_ID='extract_postgres' AIRFLOW_CTX_EXECUTION_DATE='2024-01-03T00:00:00+00:00' AIRFLOW_CTX_TRY_NUMBER='1' AIRFLOW_CTX_DAG_RUN_ID='scheduled__2024-01-03T00:00:00+00:00'
[2024-06-30T20:53:20.378+0000] {taskinstance.py:430} INFO - ::endgroup::
[2024-06-30T20:53:20.477+0000] {subprocess.py:63} INFO - Tmp dir root location: /tmp
[2024-06-30T20:53:20.478+0000] {subprocess.py:75} INFO - Running command: ['/usr/bin/bash', '-c', 'meltano elt tap-postgres target-csv --job_id=extract_postgres_2024-01-03 && mkdir -p /data/postgres/2024-01-03 && mv /project/output/tap-postgres/*.csv /data/postgres/2024-01-03/']
[2024-06-30T20:53:20.498+0000] {subprocess.py:86} INFO - Output:
[2024-06-30T20:53:20.510+0000] {subprocess.py:93} INFO - /usr/bin/bash: line 1: meltano: command not found
[2024-06-30T20:53:20.514+0000] {subprocess.py:97} INFO - Command exited with return code 127
[2024-06-30T20:53:20.516+0000] {taskinstance.py:441} INFO - ::group::Post task execution logs
[2024-06-30T20:53:20.537+0000] {taskinstance.py:2905} ERROR - Task failed with exception
Traceback (most recent call last):
  File "/home/airflow/.local/lib/python3.12/site-packages/airflow/models/taskinstance.py", line 465, in _execute_task
    result = _execute_callable(context=context, **execute_callable_kwargs)
             ^^^^^^^^^^^^^^^^^^^^^^^^^^^^^^^^^^^^^^^^^^^^^^^^^^^^^^^^^^^^^
  File "/home/airflow/.local/lib/python3.12/site-packages/airflow/models/taskinstance.py", line 432, in _execute_callable
    return execute_callable(context=context, **execute_callable_kwargs)
           ^^^^^^^^^^^^^^^^^^^^^^^^^^^^^^^^^^^^^^^^^^^^^^^^^^^^^^^^^^^^
  File "/home/airflow/.local/lib/python3.12/site-packages/airflow/models/baseoperator.py", line 401, in wrapper
    return func(self, *args, **kwargs)
           ^^^^^^^^^^^^^^^^^^^^^^^^^^^
  File "/home/airflow/.local/lib/python3.12/site-packages/airflow/operators/bash.py", line 243, in execute
    raise AirflowException(
airflow.exceptions.AirflowException: Bash command failed. The command returned a non-zero exit code 127.
[2024-06-30T20:53:20.546+0000] {taskinstance.py:1206} INFO - Marking task as UP_FOR_RETRY. dag_id=dag_northwind, task_id=extract_postgres, run_id=scheduled__2024-01-03T00:00:00+00:00, execution_date=20240103T000000, start_date=20240630T205320, end_date=20240630T205320
[2024-06-30T20:53:20.668+0000] {standard_task_runner.py:110} ERROR - Failed to execute job 393 for task extract_postgres (Bash command failed. The command returned a non-zero exit code 127.; 569)
[2024-06-30T20:53:20.731+0000] {local_task_job_runner.py:240} INFO - Task exited with return code 1
[2024-06-30T20:53:20.751+0000] {local_task_job_runner.py:222} INFO - ::endgroup::
[2024-07-01T10:01:05.107+0000] {local_task_job_runner.py:120} INFO - ::group::Pre task execution logs
[2024-07-01T10:01:05.203+0000] {taskinstance.py:2076} INFO - Dependencies all met for dep_context=non-requeueable deps ti=<TaskInstance: dag_northwind.extract_postgres scheduled__2024-01-03T00:00:00+00:00 [queued]>
[2024-07-01T10:01:05.221+0000] {taskinstance.py:2076} INFO - Dependencies all met for dep_context=requeueable deps ti=<TaskInstance: dag_northwind.extract_postgres scheduled__2024-01-03T00:00:00+00:00 [queued]>
[2024-07-01T10:01:05.222+0000] {taskinstance.py:2306} INFO - Starting attempt 1 of 2
[2024-07-01T10:01:05.265+0000] {taskinstance.py:2330} INFO - Executing <Task(BashOperator): extract_postgres> on 2024-01-03 00:00:00+00:00
[2024-07-01T10:01:05.290+0000] {standard_task_runner.py:90} INFO - Running: ['airflow', 'tasks', 'run', 'dag_northwind', 'extract_postgres', 'scheduled__2024-01-03T00:00:00+00:00', '--job-id', '879', '--raw', '--subdir', 'DAGS_FOLDER/dag_northwind.py', '--cfg-path', '/tmp/tmpdewzsb7k']
[2024-07-01T10:01:05.299+0000] {logging_mixin.py:188} WARNING - /home/airflow/.local/lib/python3.12/site-packages/airflow/task/task_runner/standard_task_runner.py:61 DeprecationWarning: This process (pid=4947) is multi-threaded, use of fork() may lead to deadlocks in the child.
[2024-07-01T10:01:05.304+0000] {standard_task_runner.py:91} INFO - Job 879: Subtask extract_postgres
[2024-07-01T10:01:05.307+0000] {standard_task_runner.py:63} INFO - Started process 4959 to run task
[2024-07-01T10:01:05.496+0000] {task_command.py:426} INFO - Running <TaskInstance: dag_northwind.extract_postgres scheduled__2024-01-03T00:00:00+00:00 [running]> on host 85c6ea7cd9cf
[2024-07-01T10:01:05.830+0000] {taskinstance.py:2648} INFO - Exporting env vars: AIRFLOW_CTX_DAG_OWNER='airflow' AIRFLOW_CTX_DAG_ID='dag_northwind' AIRFLOW_CTX_TASK_ID='extract_postgres' AIRFLOW_CTX_EXECUTION_DATE='2024-01-03T00:00:00+00:00' AIRFLOW_CTX_TRY_NUMBER='1' AIRFLOW_CTX_DAG_RUN_ID='scheduled__2024-01-03T00:00:00+00:00'
[2024-07-01T10:01:05.834+0000] {taskinstance.py:430} INFO - ::endgroup::
[2024-07-01T10:01:05.882+0000] {subprocess.py:63} INFO - Tmp dir root location: /tmp
[2024-07-01T10:01:05.884+0000] {subprocess.py:75} INFO - Running command: ['/usr/bin/bash', '-c', 'meltano elt tap-postgres target-csv --job_id=extract_postgres_2024-01-03 && mkdir -p /data/postgres/2024-01-03 && mv /project/output/tap-postgres/*.csv /data/postgres/2024-01-03/']
[2024-07-01T10:01:05.921+0000] {subprocess.py:86} INFO - Output:
[2024-07-01T10:01:05.934+0000] {subprocess.py:93} INFO - /usr/bin/bash: line 1: meltano: command not found
[2024-07-01T10:01:05.943+0000] {subprocess.py:97} INFO - Command exited with return code 127
[2024-07-01T10:01:05.945+0000] {taskinstance.py:441} INFO - ::group::Post task execution logs
[2024-07-01T10:01:05.969+0000] {taskinstance.py:2905} ERROR - Task failed with exception
Traceback (most recent call last):
  File "/home/airflow/.local/lib/python3.12/site-packages/airflow/models/taskinstance.py", line 465, in _execute_task
    result = _execute_callable(context=context, **execute_callable_kwargs)
             ^^^^^^^^^^^^^^^^^^^^^^^^^^^^^^^^^^^^^^^^^^^^^^^^^^^^^^^^^^^^^
  File "/home/airflow/.local/lib/python3.12/site-packages/airflow/models/taskinstance.py", line 432, in _execute_callable
    return execute_callable(context=context, **execute_callable_kwargs)
           ^^^^^^^^^^^^^^^^^^^^^^^^^^^^^^^^^^^^^^^^^^^^^^^^^^^^^^^^^^^^
  File "/home/airflow/.local/lib/python3.12/site-packages/airflow/models/baseoperator.py", line 401, in wrapper
    return func(self, *args, **kwargs)
           ^^^^^^^^^^^^^^^^^^^^^^^^^^^
  File "/home/airflow/.local/lib/python3.12/site-packages/airflow/operators/bash.py", line 243, in execute
    raise AirflowException(
airflow.exceptions.AirflowException: Bash command failed. The command returned a non-zero exit code 127.
[2024-07-01T10:01:05.994+0000] {taskinstance.py:1206} INFO - Marking task as UP_FOR_RETRY. dag_id=dag_northwind, task_id=extract_postgres, run_id=scheduled__2024-01-03T00:00:00+00:00, execution_date=20240103T000000, start_date=20240701T100105, end_date=20240701T100105
[2024-07-01T10:01:06.137+0000] {standard_task_runner.py:110} ERROR - Failed to execute job 879 for task extract_postgres (Bash command failed. The command returned a non-zero exit code 127.; 4959)
[2024-07-01T10:01:06.177+0000] {local_task_job_runner.py:240} INFO - Task exited with return code 1
[2024-07-01T10:01:06.260+0000] {taskinstance.py:3503} INFO - 0 downstream tasks scheduled from follow-on schedule check
[2024-07-01T10:01:06.273+0000] {local_task_job_runner.py:222} INFO - ::endgroup::
