[2024-06-30T20:58:21.773+0000] {local_task_job_runner.py:120} INFO - ::group::Pre task execution logs
[2024-06-30T20:58:21.894+0000] {taskinstance.py:2076} INFO - Dependencies all met for dep_context=non-requeueable deps ti=<TaskInstance: dag_northwind.extract_postgres scheduled__2024-01-03T00:00:00+00:00 [queued]>
[2024-06-30T20:58:21.910+0000] {taskinstance.py:2076} INFO - Dependencies all met for dep_context=requeueable deps ti=<TaskInstance: dag_northwind.extract_postgres scheduled__2024-01-03T00:00:00+00:00 [queued]>
[2024-06-30T20:58:21.911+0000] {taskinstance.py:2306} INFO - Starting attempt 2 of 2
[2024-06-30T20:58:22.087+0000] {taskinstance.py:2330} INFO - Executing <Task(BashOperator): extract_postgres> on 2024-01-03 00:00:00+00:00
[2024-06-30T20:58:22.108+0000] {logging_mixin.py:188} WARNING - /home/airflow/.local/lib/python3.12/site-packages/airflow/task/task_runner/standard_task_runner.py:61 DeprecationWarning: This process (pid=678) is multi-threaded, use of fork() may lead to deadlocks in the child.
[2024-06-30T20:58:22.114+0000] {standard_task_runner.py:63} INFO - Started process 688 to run task
[2024-06-30T20:58:22.115+0000] {standard_task_runner.py:90} INFO - Running: ['airflow', 'tasks', 'run', 'dag_northwind', 'extract_postgres', 'scheduled__2024-01-03T00:00:00+00:00', '--job-id', '410', '--raw', '--subdir', 'DAGS_FOLDER/dag_northwind.py', '--cfg-path', '/tmp/tmpq7isi_ji']
[2024-06-30T20:58:22.119+0000] {standard_task_runner.py:91} INFO - Job 410: Subtask extract_postgres
[2024-06-30T20:58:22.709+0000] {task_command.py:426} INFO - Running <TaskInstance: dag_northwind.extract_postgres scheduled__2024-01-03T00:00:00+00:00 [running]> on host a7d76f00647b
[2024-06-30T20:58:25.844+0000] {taskinstance.py:2648} INFO - Exporting env vars: AIRFLOW_CTX_DAG_OWNER='airflow' AIRFLOW_CTX_DAG_ID='dag_northwind' AIRFLOW_CTX_TASK_ID='extract_postgres' AIRFLOW_CTX_EXECUTION_DATE='2024-01-03T00:00:00+00:00' AIRFLOW_CTX_TRY_NUMBER='2' AIRFLOW_CTX_DAG_RUN_ID='scheduled__2024-01-03T00:00:00+00:00'
[2024-06-30T20:58:25.846+0000] {taskinstance.py:430} INFO - ::endgroup::
[2024-06-30T20:58:26.240+0000] {subprocess.py:63} INFO - Tmp dir root location: /tmp
[2024-06-30T20:58:26.242+0000] {subprocess.py:75} INFO - Running command: ['/usr/bin/bash', '-c', 'meltano elt tap-postgres target-csv --job_id=extract_postgres_2024-01-03 && mkdir -p /data/postgres/2024-01-03 && mv /project/output/tap-postgres/*.csv /data/postgres/2024-01-03/']
[2024-06-30T20:58:26.284+0000] {subprocess.py:86} INFO - Output:
[2024-06-30T20:58:26.318+0000] {subprocess.py:93} INFO - /usr/bin/bash: line 1: meltano: command not found
[2024-06-30T20:58:26.319+0000] {subprocess.py:97} INFO - Command exited with return code 127
[2024-06-30T20:58:26.320+0000] {taskinstance.py:441} INFO - ::group::Post task execution logs
[2024-06-30T20:58:26.792+0000] {taskinstance.py:2905} ERROR - Task failed with exception
Traceback (most recent call last):
  File "/home/airflow/.local/lib/python3.12/site-packages/airflow/models/taskinstance.py", line 465, in _execute_task
    result = _execute_callable(context=context, **execute_callable_kwargs)
             ^^^^^^^^^^^^^^^^^^^^^^^^^^^^^^^^^^^^^^^^^^^^^^^^^^^^^^^^^^^^^
  File "/home/airflow/.local/lib/python3.12/site-packages/airflow/models/taskinstance.py", line 432, in _execute_callable
    return execute_callable(context=context, **execute_callable_kwargs)
           ^^^^^^^^^^^^^^^^^^^^^^^^^^^^^^^^^^^^^^^^^^^^^^^^^^^^^^^^^^^^
  File "/home/airflow/.local/lib/python3.12/site-packages/airflow/models/baseoperator.py", line 401, in wrapper
    return func(self, *args, **kwargs)
           ^^^^^^^^^^^^^^^^^^^^^^^^^^^
  File "/home/airflow/.local/lib/python3.12/site-packages/airflow/operators/bash.py", line 243, in execute
    raise AirflowException(
airflow.exceptions.AirflowException: Bash command failed. The command returned a non-zero exit code 127.
[2024-06-30T20:58:27.210+0000] {taskinstance.py:1206} INFO - Marking task as FAILED. dag_id=dag_northwind, task_id=extract_postgres, run_id=scheduled__2024-01-03T00:00:00+00:00, execution_date=20240103T000000, start_date=20240630T205821, end_date=20240630T205827
[2024-06-30T20:58:27.408+0000] {standard_task_runner.py:110} ERROR - Failed to execute job 410 for task extract_postgres (Bash command failed. The command returned a non-zero exit code 127.; 688)
[2024-06-30T20:58:27.509+0000] {local_task_job_runner.py:240} INFO - Task exited with return code 1
[2024-06-30T20:58:27.619+0000] {taskinstance.py:3503} INFO - 0 downstream tasks scheduled from follow-on schedule check
[2024-06-30T20:58:27.649+0000] {local_task_job_runner.py:222} INFO - ::endgroup::
[2024-07-01T10:06:06.598+0000] {local_task_job_runner.py:120} INFO - ::group::Pre task execution logs
[2024-07-01T10:06:06.680+0000] {taskinstance.py:2076} INFO - Dependencies all met for dep_context=non-requeueable deps ti=<TaskInstance: dag_northwind.extract_postgres scheduled__2024-01-03T00:00:00+00:00 [queued]>
[2024-07-01T10:06:06.699+0000] {taskinstance.py:2076} INFO - Dependencies all met for dep_context=requeueable deps ti=<TaskInstance: dag_northwind.extract_postgres scheduled__2024-01-03T00:00:00+00:00 [queued]>
[2024-07-01T10:06:06.700+0000] {taskinstance.py:2306} INFO - Starting attempt 2 of 2
[2024-07-01T10:06:06.874+0000] {taskinstance.py:2330} INFO - Executing <Task(BashOperator): extract_postgres> on 2024-01-03 00:00:00+00:00
[2024-07-01T10:06:06.889+0000] {logging_mixin.py:188} WARNING - /home/airflow/.local/lib/python3.12/site-packages/airflow/task/task_runner/standard_task_runner.py:61 DeprecationWarning: This process (pid=5126) is multi-threaded, use of fork() may lead to deadlocks in the child.
[2024-07-01T10:06:06.892+0000] {standard_task_runner.py:63} INFO - Started process 5133 to run task
[2024-07-01T10:06:06.887+0000] {standard_task_runner.py:90} INFO - Running: ['airflow', 'tasks', 'run', 'dag_northwind', 'extract_postgres', 'scheduled__2024-01-03T00:00:00+00:00', '--job-id', '908', '--raw', '--subdir', 'DAGS_FOLDER/dag_northwind.py', '--cfg-path', '/tmp/tmpnl8hgsqi']
[2024-07-01T10:06:06.895+0000] {standard_task_runner.py:91} INFO - Job 908: Subtask extract_postgres
[2024-07-01T10:06:07.039+0000] {task_command.py:426} INFO - Running <TaskInstance: dag_northwind.extract_postgres scheduled__2024-01-03T00:00:00+00:00 [running]> on host 85c6ea7cd9cf
[2024-07-01T10:06:07.287+0000] {taskinstance.py:2648} INFO - Exporting env vars: AIRFLOW_CTX_DAG_OWNER='airflow' AIRFLOW_CTX_DAG_ID='dag_northwind' AIRFLOW_CTX_TASK_ID='extract_postgres' AIRFLOW_CTX_EXECUTION_DATE='2024-01-03T00:00:00+00:00' AIRFLOW_CTX_TRY_NUMBER='2' AIRFLOW_CTX_DAG_RUN_ID='scheduled__2024-01-03T00:00:00+00:00'
[2024-07-01T10:06:07.293+0000] {taskinstance.py:430} INFO - ::endgroup::
[2024-07-01T10:06:07.329+0000] {subprocess.py:63} INFO - Tmp dir root location: /tmp
[2024-07-01T10:06:07.331+0000] {subprocess.py:75} INFO - Running command: ['/usr/bin/bash', '-c', 'meltano elt tap-postgres target-csv --job_id=extract_postgres_2024-01-03 && mkdir -p /data/postgres/2024-01-03 && mv /project/output/tap-postgres/*.csv /data/postgres/2024-01-03/']
[2024-07-01T10:06:07.368+0000] {subprocess.py:86} INFO - Output:
[2024-07-01T10:06:07.373+0000] {subprocess.py:93} INFO - /usr/bin/bash: line 1: meltano: command not found
[2024-07-01T10:06:07.375+0000] {subprocess.py:97} INFO - Command exited with return code 127
[2024-07-01T10:06:07.376+0000] {taskinstance.py:441} INFO - ::group::Post task execution logs
[2024-07-01T10:06:07.401+0000] {taskinstance.py:2905} ERROR - Task failed with exception
Traceback (most recent call last):
  File "/home/airflow/.local/lib/python3.12/site-packages/airflow/models/taskinstance.py", line 465, in _execute_task
    result = _execute_callable(context=context, **execute_callable_kwargs)
             ^^^^^^^^^^^^^^^^^^^^^^^^^^^^^^^^^^^^^^^^^^^^^^^^^^^^^^^^^^^^^
  File "/home/airflow/.local/lib/python3.12/site-packages/airflow/models/taskinstance.py", line 432, in _execute_callable
    return execute_callable(context=context, **execute_callable_kwargs)
           ^^^^^^^^^^^^^^^^^^^^^^^^^^^^^^^^^^^^^^^^^^^^^^^^^^^^^^^^^^^^
  File "/home/airflow/.local/lib/python3.12/site-packages/airflow/models/baseoperator.py", line 401, in wrapper
    return func(self, *args, **kwargs)
           ^^^^^^^^^^^^^^^^^^^^^^^^^^^
  File "/home/airflow/.local/lib/python3.12/site-packages/airflow/operators/bash.py", line 243, in execute
    raise AirflowException(
airflow.exceptions.AirflowException: Bash command failed. The command returned a non-zero exit code 127.
[2024-07-01T10:06:07.412+0000] {taskinstance.py:1206} INFO - Marking task as FAILED. dag_id=dag_northwind, task_id=extract_postgres, run_id=scheduled__2024-01-03T00:00:00+00:00, execution_date=20240103T000000, start_date=20240701T100606, end_date=20240701T100607
[2024-07-01T10:06:07.455+0000] {standard_task_runner.py:110} ERROR - Failed to execute job 908 for task extract_postgres (Bash command failed. The command returned a non-zero exit code 127.; 5133)
[2024-07-01T10:06:07.487+0000] {local_task_job_runner.py:240} INFO - Task exited with return code 1
[2024-07-01T10:06:07.535+0000] {taskinstance.py:3503} INFO - 0 downstream tasks scheduled from follow-on schedule check
[2024-07-01T10:06:07.557+0000] {local_task_job_runner.py:222} INFO - ::endgroup::
