[2024-07-01T01:30:44.978+0000] {local_task_job_runner.py:120} INFO - ::group::Pre task execution logs
[2024-07-01T01:30:45.134+0000] {taskinstance.py:2076} INFO - Dependencies all met for dep_context=non-requeueable deps ti=<TaskInstance: dag_northwind.extract_postgres scheduled__2024-04-01T00:00:00+00:00 [queued]>
[2024-07-01T01:30:45.153+0000] {taskinstance.py:2076} INFO - Dependencies all met for dep_context=requeueable deps ti=<TaskInstance: dag_northwind.extract_postgres scheduled__2024-04-01T00:00:00+00:00 [queued]>
[2024-07-01T01:30:45.154+0000] {taskinstance.py:2306} INFO - Starting attempt 2 of 2
[2024-07-01T01:30:45.234+0000] {taskinstance.py:2330} INFO - Executing <Task(BashOperator): extract_postgres> on 2024-04-01 00:00:00+00:00
[2024-07-01T01:30:45.264+0000] {logging_mixin.py:188} WARNING - /home/airflow/.local/lib/python3.12/site-packages/airflow/task/task_runner/standard_task_runner.py:61 DeprecationWarning: This process (pid=1134) is multi-threaded, use of fork() may lead to deadlocks in the child.
[2024-07-01T01:30:45.262+0000] {standard_task_runner.py:90} INFO - Running: ['airflow', 'tasks', 'run', 'dag_northwind', 'extract_postgres', 'scheduled__2024-04-01T00:00:00+00:00', '--job-id', '704', '--raw', '--subdir', 'DAGS_FOLDER/dag_northwind.py', '--cfg-path', '/tmp/tmp47vwlhh7']
[2024-07-01T01:30:45.273+0000] {standard_task_runner.py:91} INFO - Job 704: Subtask extract_postgres
[2024-07-01T01:30:45.272+0000] {standard_task_runner.py:63} INFO - Started process 1157 to run task
[2024-07-01T01:30:45.473+0000] {task_command.py:426} INFO - Running <TaskInstance: dag_northwind.extract_postgres scheduled__2024-04-01T00:00:00+00:00 [running]> on host 05d913303710
[2024-07-01T01:30:45.781+0000] {taskinstance.py:2648} INFO - Exporting env vars: AIRFLOW_CTX_DAG_OWNER='airflow' AIRFLOW_CTX_DAG_ID='dag_northwind' AIRFLOW_CTX_TASK_ID='extract_postgres' AIRFLOW_CTX_EXECUTION_DATE='2024-04-01T00:00:00+00:00' AIRFLOW_CTX_TRY_NUMBER='2' AIRFLOW_CTX_DAG_RUN_ID='scheduled__2024-04-01T00:00:00+00:00'
[2024-07-01T01:30:45.784+0000] {taskinstance.py:430} INFO - ::endgroup::
[2024-07-01T01:30:45.839+0000] {subprocess.py:63} INFO - Tmp dir root location: /tmp
[2024-07-01T01:30:45.842+0000] {subprocess.py:75} INFO - Running command: ['/usr/bin/bash', '-c', 'meltano elt tap-postgres target-csv --job_id=extract_postgres_2024-04-01 && mkdir -p /data/postgres/2024-04-01 && mv /project/output/tap-postgres/*.csv /data/postgres/2024-04-01/']
[2024-07-01T01:30:45.884+0000] {subprocess.py:86} INFO - Output:
[2024-07-01T01:30:45.890+0000] {subprocess.py:93} INFO - /usr/bin/bash: line 1: meltano: command not found
[2024-07-01T01:30:45.894+0000] {subprocess.py:97} INFO - Command exited with return code 127
[2024-07-01T01:30:45.896+0000] {taskinstance.py:441} INFO - ::group::Post task execution logs
[2024-07-01T01:30:45.944+0000] {taskinstance.py:2905} ERROR - Task failed with exception
Traceback (most recent call last):
  File "/home/airflow/.local/lib/python3.12/site-packages/airflow/models/taskinstance.py", line 465, in _execute_task
    result = _execute_callable(context=context, **execute_callable_kwargs)
             ^^^^^^^^^^^^^^^^^^^^^^^^^^^^^^^^^^^^^^^^^^^^^^^^^^^^^^^^^^^^^
  File "/home/airflow/.local/lib/python3.12/site-packages/airflow/models/taskinstance.py", line 432, in _execute_callable
    return execute_callable(context=context, **execute_callable_kwargs)
           ^^^^^^^^^^^^^^^^^^^^^^^^^^^^^^^^^^^^^^^^^^^^^^^^^^^^^^^^^^^^
  File "/home/airflow/.local/lib/python3.12/site-packages/airflow/models/baseoperator.py", line 401, in wrapper
    return func(self, *args, **kwargs)
           ^^^^^^^^^^^^^^^^^^^^^^^^^^^
  File "/home/airflow/.local/lib/python3.12/site-packages/airflow/operators/bash.py", line 243, in execute
    raise AirflowException(
airflow.exceptions.AirflowException: Bash command failed. The command returned a non-zero exit code 127.
[2024-07-01T01:30:45.961+0000] {taskinstance.py:1206} INFO - Marking task as FAILED. dag_id=dag_northwind, task_id=extract_postgres, run_id=scheduled__2024-04-01T00:00:00+00:00, execution_date=20240401T000000, start_date=20240701T013045, end_date=20240701T013045
[2024-07-01T01:30:46.020+0000] {standard_task_runner.py:110} ERROR - Failed to execute job 704 for task extract_postgres (Bash command failed. The command returned a non-zero exit code 127.; 1157)
[2024-07-01T01:30:46.070+0000] {local_task_job_runner.py:240} INFO - Task exited with return code 1
[2024-07-01T01:30:46.117+0000] {local_task_job_runner.py:222} INFO - ::endgroup::
[2024-07-01T10:31:48.015+0000] {local_task_job_runner.py:120} INFO - ::group::Pre task execution logs
[2024-07-01T10:31:48.107+0000] {taskinstance.py:2076} INFO - Dependencies all met for dep_context=non-requeueable deps ti=<TaskInstance: dag_northwind.extract_postgres scheduled__2024-04-01T00:00:00+00:00 [queued]>
[2024-07-01T10:31:48.135+0000] {taskinstance.py:2076} INFO - Dependencies all met for dep_context=requeueable deps ti=<TaskInstance: dag_northwind.extract_postgres scheduled__2024-04-01T00:00:00+00:00 [queued]>
[2024-07-01T10:31:48.136+0000] {taskinstance.py:2306} INFO - Starting attempt 2 of 2
[2024-07-01T10:31:48.236+0000] {taskinstance.py:2330} INFO - Executing <Task(BashOperator): extract_postgres> on 2024-04-01 00:00:00+00:00
[2024-07-01T10:31:48.267+0000] {logging_mixin.py:188} WARNING - /home/airflow/.local/lib/python3.12/site-packages/airflow/task/task_runner/standard_task_runner.py:61 DeprecationWarning: This process (pid=6721) is multi-threaded, use of fork() may lead to deadlocks in the child.
[2024-07-01T10:31:48.270+0000] {standard_task_runner.py:63} INFO - Started process 6749 to run task
[2024-07-01T10:31:48.273+0000] {standard_task_runner.py:90} INFO - Running: ['airflow', 'tasks', 'run', 'dag_northwind', 'extract_postgres', 'scheduled__2024-04-01T00:00:00+00:00', '--job-id', '1250', '--raw', '--subdir', 'DAGS_FOLDER/dag_northwind.py', '--cfg-path', '/tmp/tmpn8fl_9et']
[2024-07-01T10:31:48.282+0000] {standard_task_runner.py:91} INFO - Job 1250: Subtask extract_postgres
[2024-07-01T10:31:48.414+0000] {task_command.py:426} INFO - Running <TaskInstance: dag_northwind.extract_postgres scheduled__2024-04-01T00:00:00+00:00 [running]> on host 85c6ea7cd9cf
[2024-07-01T10:31:48.667+0000] {taskinstance.py:2648} INFO - Exporting env vars: AIRFLOW_CTX_DAG_OWNER='airflow' AIRFLOW_CTX_DAG_ID='dag_northwind' AIRFLOW_CTX_TASK_ID='extract_postgres' AIRFLOW_CTX_EXECUTION_DATE='2024-04-01T00:00:00+00:00' AIRFLOW_CTX_TRY_NUMBER='2' AIRFLOW_CTX_DAG_RUN_ID='scheduled__2024-04-01T00:00:00+00:00'
[2024-07-01T10:31:48.670+0000] {taskinstance.py:430} INFO - ::endgroup::
[2024-07-01T10:31:48.716+0000] {subprocess.py:63} INFO - Tmp dir root location: /tmp
[2024-07-01T10:31:48.720+0000] {subprocess.py:75} INFO - Running command: ['/usr/bin/bash', '-c', 'meltano elt tap-postgres target-csv --job_id=extract_postgres_2024-04-01 && mkdir -p /data/postgres/2024-04-01 && mv /project/output/tap-postgres/*.csv /data/postgres/2024-04-01/']
[2024-07-01T10:31:48.753+0000] {subprocess.py:86} INFO - Output:
[2024-07-01T10:31:48.759+0000] {subprocess.py:93} INFO - /usr/bin/bash: line 1: meltano: command not found
[2024-07-01T10:31:48.761+0000] {subprocess.py:97} INFO - Command exited with return code 127
[2024-07-01T10:31:48.763+0000] {taskinstance.py:441} INFO - ::group::Post task execution logs
[2024-07-01T10:31:48.788+0000] {taskinstance.py:2905} ERROR - Task failed with exception
Traceback (most recent call last):
  File "/home/airflow/.local/lib/python3.12/site-packages/airflow/models/taskinstance.py", line 465, in _execute_task
    result = _execute_callable(context=context, **execute_callable_kwargs)
             ^^^^^^^^^^^^^^^^^^^^^^^^^^^^^^^^^^^^^^^^^^^^^^^^^^^^^^^^^^^^^
  File "/home/airflow/.local/lib/python3.12/site-packages/airflow/models/taskinstance.py", line 432, in _execute_callable
    return execute_callable(context=context, **execute_callable_kwargs)
           ^^^^^^^^^^^^^^^^^^^^^^^^^^^^^^^^^^^^^^^^^^^^^^^^^^^^^^^^^^^^
  File "/home/airflow/.local/lib/python3.12/site-packages/airflow/models/baseoperator.py", line 401, in wrapper
    return func(self, *args, **kwargs)
           ^^^^^^^^^^^^^^^^^^^^^^^^^^^
  File "/home/airflow/.local/lib/python3.12/site-packages/airflow/operators/bash.py", line 243, in execute
    raise AirflowException(
airflow.exceptions.AirflowException: Bash command failed. The command returned a non-zero exit code 127.
[2024-07-01T10:31:48.801+0000] {taskinstance.py:1206} INFO - Marking task as FAILED. dag_id=dag_northwind, task_id=extract_postgres, run_id=scheduled__2024-04-01T00:00:00+00:00, execution_date=20240401T000000, start_date=20240701T103148, end_date=20240701T103148
[2024-07-01T10:31:48.829+0000] {standard_task_runner.py:110} ERROR - Failed to execute job 1250 for task extract_postgres (Bash command failed. The command returned a non-zero exit code 127.; 6749)
[2024-07-01T10:31:48.867+0000] {local_task_job_runner.py:240} INFO - Task exited with return code 1
[2024-07-01T10:31:48.893+0000] {local_task_job_runner.py:222} INFO - ::endgroup::
