[2024-06-30T20:53:20.675+0000] {local_task_job_runner.py:120} INFO - ::group::Pre task execution logs
[2024-06-30T20:53:20.818+0000] {taskinstance.py:2076} INFO - Dependencies all met for dep_context=non-requeueable deps ti=<TaskInstance: dag_northwind.extract_postgres scheduled__2024-01-07T00:00:00+00:00 [queued]>
[2024-06-30T20:53:20.831+0000] {taskinstance.py:2076} INFO - Dependencies all met for dep_context=requeueable deps ti=<TaskInstance: dag_northwind.extract_postgres scheduled__2024-01-07T00:00:00+00:00 [queued]>
[2024-06-30T20:53:20.832+0000] {taskinstance.py:2306} INFO - Starting attempt 1 of 2
[2024-06-30T20:53:20.853+0000] {taskinstance.py:2330} INFO - Executing <Task(BashOperator): extract_postgres> on 2024-01-07 00:00:00+00:00
[2024-06-30T20:53:20.863+0000] {standard_task_runner.py:90} INFO - Running: ['airflow', 'tasks', 'run', 'dag_northwind', 'extract_postgres', 'scheduled__2024-01-07T00:00:00+00:00', '--job-id', '397', '--raw', '--subdir', 'DAGS_FOLDER/dag_northwind.py', '--cfg-path', '/tmp/tmpxzhd5iiq']
[2024-06-30T20:53:20.866+0000] {standard_task_runner.py:91} INFO - Job 397: Subtask extract_postgres
[2024-06-30T20:53:20.872+0000] {logging_mixin.py:188} WARNING - /home/airflow/.local/lib/python3.12/site-packages/airflow/task/task_runner/standard_task_runner.py:61 DeprecationWarning: This process (pid=573) is multi-threaded, use of fork() may lead to deadlocks in the child.
[2024-06-30T20:53:20.873+0000] {standard_task_runner.py:63} INFO - Started process 588 to run task
[2024-06-30T20:53:20.941+0000] {task_command.py:426} INFO - Running <TaskInstance: dag_northwind.extract_postgres scheduled__2024-01-07T00:00:00+00:00 [running]> on host a7d76f00647b
[2024-06-30T20:53:21.076+0000] {taskinstance.py:2648} INFO - Exporting env vars: AIRFLOW_CTX_DAG_OWNER='airflow' AIRFLOW_CTX_DAG_ID='dag_northwind' AIRFLOW_CTX_TASK_ID='extract_postgres' AIRFLOW_CTX_EXECUTION_DATE='2024-01-07T00:00:00+00:00' AIRFLOW_CTX_TRY_NUMBER='1' AIRFLOW_CTX_DAG_RUN_ID='scheduled__2024-01-07T00:00:00+00:00'
[2024-06-30T20:53:21.077+0000] {taskinstance.py:430} INFO - ::endgroup::
[2024-06-30T20:53:21.111+0000] {subprocess.py:63} INFO - Tmp dir root location: /tmp
[2024-06-30T20:53:21.112+0000] {subprocess.py:75} INFO - Running command: ['/usr/bin/bash', '-c', 'meltano elt tap-postgres target-csv --job_id=extract_postgres_2024-01-07 && mkdir -p /data/postgres/2024-01-07 && mv /project/output/tap-postgres/*.csv /data/postgres/2024-01-07/']
[2024-06-30T20:53:21.127+0000] {subprocess.py:86} INFO - Output:
[2024-06-30T20:53:21.130+0000] {subprocess.py:93} INFO - /usr/bin/bash: line 1: meltano: command not found
[2024-06-30T20:53:21.131+0000] {subprocess.py:97} INFO - Command exited with return code 127
[2024-06-30T20:53:21.132+0000] {taskinstance.py:441} INFO - ::group::Post task execution logs
[2024-06-30T20:53:21.149+0000] {taskinstance.py:2905} ERROR - Task failed with exception
Traceback (most recent call last):
  File "/home/airflow/.local/lib/python3.12/site-packages/airflow/models/taskinstance.py", line 465, in _execute_task
    result = _execute_callable(context=context, **execute_callable_kwargs)
             ^^^^^^^^^^^^^^^^^^^^^^^^^^^^^^^^^^^^^^^^^^^^^^^^^^^^^^^^^^^^^
  File "/home/airflow/.local/lib/python3.12/site-packages/airflow/models/taskinstance.py", line 432, in _execute_callable
    return execute_callable(context=context, **execute_callable_kwargs)
           ^^^^^^^^^^^^^^^^^^^^^^^^^^^^^^^^^^^^^^^^^^^^^^^^^^^^^^^^^^^^
  File "/home/airflow/.local/lib/python3.12/site-packages/airflow/models/baseoperator.py", line 401, in wrapper
    return func(self, *args, **kwargs)
           ^^^^^^^^^^^^^^^^^^^^^^^^^^^
  File "/home/airflow/.local/lib/python3.12/site-packages/airflow/operators/bash.py", line 243, in execute
    raise AirflowException(
airflow.exceptions.AirflowException: Bash command failed. The command returned a non-zero exit code 127.
[2024-06-30T20:53:21.156+0000] {taskinstance.py:1206} INFO - Marking task as UP_FOR_RETRY. dag_id=dag_northwind, task_id=extract_postgres, run_id=scheduled__2024-01-07T00:00:00+00:00, execution_date=20240107T000000, start_date=20240630T205320, end_date=20240630T205321
[2024-06-30T20:53:21.281+0000] {standard_task_runner.py:110} ERROR - Failed to execute job 397 for task extract_postgres (Bash command failed. The command returned a non-zero exit code 127.; 588)
[2024-06-30T20:53:21.329+0000] {local_task_job_runner.py:240} INFO - Task exited with return code 1
[2024-06-30T20:53:21.377+0000] {taskinstance.py:3503} INFO - 0 downstream tasks scheduled from follow-on schedule check
[2024-06-30T20:53:21.379+0000] {local_task_job_runner.py:222} INFO - ::endgroup::
[2024-07-01T10:01:06.028+0000] {local_task_job_runner.py:120} INFO - ::group::Pre task execution logs
[2024-07-01T10:01:06.100+0000] {taskinstance.py:2076} INFO - Dependencies all met for dep_context=non-requeueable deps ti=<TaskInstance: dag_northwind.extract_postgres scheduled__2024-01-07T00:00:00+00:00 [queued]>
[2024-07-01T10:01:06.121+0000] {taskinstance.py:2076} INFO - Dependencies all met for dep_context=requeueable deps ti=<TaskInstance: dag_northwind.extract_postgres scheduled__2024-01-07T00:00:00+00:00 [queued]>
[2024-07-01T10:01:06.122+0000] {taskinstance.py:2306} INFO - Starting attempt 1 of 2
[2024-07-01T10:01:06.163+0000] {taskinstance.py:2330} INFO - Executing <Task(BashOperator): extract_postgres> on 2024-01-07 00:00:00+00:00
[2024-07-01T10:01:06.182+0000] {standard_task_runner.py:90} INFO - Running: ['airflow', 'tasks', 'run', 'dag_northwind', 'extract_postgres', 'scheduled__2024-01-07T00:00:00+00:00', '--job-id', '887', '--raw', '--subdir', 'DAGS_FOLDER/dag_northwind.py', '--cfg-path', '/tmp/tmpw5mis777']
[2024-07-01T10:01:06.187+0000] {standard_task_runner.py:91} INFO - Job 887: Subtask extract_postgres
[2024-07-01T10:01:06.191+0000] {logging_mixin.py:188} WARNING - /home/airflow/.local/lib/python3.12/site-packages/airflow/task/task_runner/standard_task_runner.py:61 DeprecationWarning: This process (pid=4963) is multi-threaded, use of fork() may lead to deadlocks in the child.
[2024-07-01T10:01:06.193+0000] {standard_task_runner.py:63} INFO - Started process 4987 to run task
[2024-07-01T10:01:06.338+0000] {task_command.py:426} INFO - Running <TaskInstance: dag_northwind.extract_postgres scheduled__2024-01-07T00:00:00+00:00 [running]> on host 85c6ea7cd9cf
[2024-07-01T10:01:06.512+0000] {taskinstance.py:2648} INFO - Exporting env vars: AIRFLOW_CTX_DAG_OWNER='airflow' AIRFLOW_CTX_DAG_ID='dag_northwind' AIRFLOW_CTX_TASK_ID='extract_postgres' AIRFLOW_CTX_EXECUTION_DATE='2024-01-07T00:00:00+00:00' AIRFLOW_CTX_TRY_NUMBER='1' AIRFLOW_CTX_DAG_RUN_ID='scheduled__2024-01-07T00:00:00+00:00'
[2024-07-01T10:01:06.514+0000] {taskinstance.py:430} INFO - ::endgroup::
[2024-07-01T10:01:06.542+0000] {subprocess.py:63} INFO - Tmp dir root location: /tmp
[2024-07-01T10:01:06.544+0000] {subprocess.py:75} INFO - Running command: ['/usr/bin/bash', '-c', 'meltano elt tap-postgres target-csv --job_id=extract_postgres_2024-01-07 && mkdir -p /data/postgres/2024-01-07 && mv /project/output/tap-postgres/*.csv /data/postgres/2024-01-07/']
[2024-07-01T10:01:06.557+0000] {subprocess.py:86} INFO - Output:
[2024-07-01T10:01:06.561+0000] {subprocess.py:93} INFO - /usr/bin/bash: line 1: meltano: command not found
[2024-07-01T10:01:06.562+0000] {subprocess.py:97} INFO - Command exited with return code 127
[2024-07-01T10:01:06.563+0000] {taskinstance.py:441} INFO - ::group::Post task execution logs
[2024-07-01T10:01:06.578+0000] {taskinstance.py:2905} ERROR - Task failed with exception
Traceback (most recent call last):
  File "/home/airflow/.local/lib/python3.12/site-packages/airflow/models/taskinstance.py", line 465, in _execute_task
    result = _execute_callable(context=context, **execute_callable_kwargs)
             ^^^^^^^^^^^^^^^^^^^^^^^^^^^^^^^^^^^^^^^^^^^^^^^^^^^^^^^^^^^^^
  File "/home/airflow/.local/lib/python3.12/site-packages/airflow/models/taskinstance.py", line 432, in _execute_callable
    return execute_callable(context=context, **execute_callable_kwargs)
           ^^^^^^^^^^^^^^^^^^^^^^^^^^^^^^^^^^^^^^^^^^^^^^^^^^^^^^^^^^^^
  File "/home/airflow/.local/lib/python3.12/site-packages/airflow/models/baseoperator.py", line 401, in wrapper
    return func(self, *args, **kwargs)
           ^^^^^^^^^^^^^^^^^^^^^^^^^^^
  File "/home/airflow/.local/lib/python3.12/site-packages/airflow/operators/bash.py", line 243, in execute
    raise AirflowException(
airflow.exceptions.AirflowException: Bash command failed. The command returned a non-zero exit code 127.
[2024-07-01T10:01:06.586+0000] {taskinstance.py:1206} INFO - Marking task as UP_FOR_RETRY. dag_id=dag_northwind, task_id=extract_postgres, run_id=scheduled__2024-01-07T00:00:00+00:00, execution_date=20240107T000000, start_date=20240701T100106, end_date=20240701T100106
[2024-07-01T10:01:06.602+0000] {standard_task_runner.py:110} ERROR - Failed to execute job 887 for task extract_postgres (Bash command failed. The command returned a non-zero exit code 127.; 4987)
[2024-07-01T10:01:06.642+0000] {local_task_job_runner.py:240} INFO - Task exited with return code 1
[2024-07-01T10:01:06.676+0000] {taskinstance.py:3503} INFO - 0 downstream tasks scheduled from follow-on schedule check
[2024-07-01T10:01:06.678+0000] {local_task_job_runner.py:222} INFO - ::endgroup::
