[2024-07-01T01:09:31.755+0000] {local_task_job_runner.py:120} INFO - ::group::Pre task execution logs
[2024-07-01T01:09:31.836+0000] {taskinstance.py:2076} INFO - Dependencies all met for dep_context=non-requeueable deps ti=<TaskInstance: dag_northwind.extract_postgres scheduled__2024-02-08T00:00:00+00:00 [queued]>
[2024-07-01T01:09:31.855+0000] {taskinstance.py:2076} INFO - Dependencies all met for dep_context=requeueable deps ti=<TaskInstance: dag_northwind.extract_postgres scheduled__2024-02-08T00:00:00+00:00 [queued]>
[2024-07-01T01:09:31.857+0000] {taskinstance.py:2306} INFO - Starting attempt 2 of 2
[2024-07-01T01:09:31.910+0000] {taskinstance.py:2330} INFO - Executing <Task(BashOperator): extract_postgres> on 2024-02-08 00:00:00+00:00
[2024-07-01T01:09:31.954+0000] {logging_mixin.py:188} WARNING - /home/airflow/.local/lib/python3.12/site-packages/airflow/task/task_runner/standard_task_runner.py:61 DeprecationWarning: This process (pid=429) is multi-threaded, use of fork() may lead to deadlocks in the child.
[2024-07-01T01:09:31.962+0000] {standard_task_runner.py:63} INFO - Started process 441 to run task
[2024-07-01T01:09:31.965+0000] {standard_task_runner.py:90} INFO - Running: ['airflow', 'tasks', 'run', 'dag_northwind', 'extract_postgres', 'scheduled__2024-02-08T00:00:00+00:00', '--job-id', '473', '--raw', '--subdir', 'DAGS_FOLDER/dag_northwind.py', '--cfg-path', '/tmp/tmp5a6be139']
[2024-07-01T01:09:31.975+0000] {standard_task_runner.py:91} INFO - Job 473: Subtask extract_postgres
[2024-07-01T01:09:35.007+0000] {task_command.py:426} INFO - Running <TaskInstance: dag_northwind.extract_postgres scheduled__2024-02-08T00:00:00+00:00 [running]> on host 580c934a4829
[2024-07-01T01:09:37.749+0000] {taskinstance.py:2648} INFO - Exporting env vars: AIRFLOW_CTX_DAG_OWNER='airflow' AIRFLOW_CTX_DAG_ID='dag_northwind' AIRFLOW_CTX_TASK_ID='extract_postgres' AIRFLOW_CTX_EXECUTION_DATE='2024-02-08T00:00:00+00:00' AIRFLOW_CTX_TRY_NUMBER='2' AIRFLOW_CTX_DAG_RUN_ID='scheduled__2024-02-08T00:00:00+00:00'
[2024-07-01T01:09:37.752+0000] {taskinstance.py:430} INFO - ::endgroup::
[2024-07-01T01:09:37.885+0000] {subprocess.py:63} INFO - Tmp dir root location: /tmp
[2024-07-01T01:09:37.887+0000] {subprocess.py:75} INFO - Running command: ['/usr/bin/bash', '-c', 'meltano elt tap-postgres target-csv --job_id=extract_postgres_2024-02-08 && mkdir -p /data/postgres/2024-02-08 && mv /project/output/tap-postgres/*.csv /data/postgres/2024-02-08/']
[2024-07-01T01:09:37.917+0000] {subprocess.py:86} INFO - Output:
[2024-07-01T01:09:37.962+0000] {subprocess.py:93} INFO - /usr/bin/bash: line 1: meltano: command not found
[2024-07-01T01:09:37.971+0000] {subprocess.py:97} INFO - Command exited with return code 127
[2024-07-01T01:09:37.975+0000] {taskinstance.py:441} INFO - ::group::Post task execution logs
[2024-07-01T01:09:38.021+0000] {taskinstance.py:2905} ERROR - Task failed with exception
Traceback (most recent call last):
  File "/home/airflow/.local/lib/python3.12/site-packages/airflow/models/taskinstance.py", line 465, in _execute_task
    result = _execute_callable(context=context, **execute_callable_kwargs)
             ^^^^^^^^^^^^^^^^^^^^^^^^^^^^^^^^^^^^^^^^^^^^^^^^^^^^^^^^^^^^^
  File "/home/airflow/.local/lib/python3.12/site-packages/airflow/models/taskinstance.py", line 432, in _execute_callable
    return execute_callable(context=context, **execute_callable_kwargs)
           ^^^^^^^^^^^^^^^^^^^^^^^^^^^^^^^^^^^^^^^^^^^^^^^^^^^^^^^^^^^^
  File "/home/airflow/.local/lib/python3.12/site-packages/airflow/models/baseoperator.py", line 401, in wrapper
    return func(self, *args, **kwargs)
           ^^^^^^^^^^^^^^^^^^^^^^^^^^^
  File "/home/airflow/.local/lib/python3.12/site-packages/airflow/operators/bash.py", line 243, in execute
    raise AirflowException(
airflow.exceptions.AirflowException: Bash command failed. The command returned a non-zero exit code 127.
[2024-07-01T01:09:38.034+0000] {taskinstance.py:1206} INFO - Marking task as FAILED. dag_id=dag_northwind, task_id=extract_postgres, run_id=scheduled__2024-02-08T00:00:00+00:00, execution_date=20240208T000000, start_date=20240701T010931, end_date=20240701T010938
[2024-07-01T01:09:38.096+0000] {standard_task_runner.py:110} ERROR - Failed to execute job 473 for task extract_postgres (Bash command failed. The command returned a non-zero exit code 127.; 441)
[2024-07-01T01:09:38.139+0000] {local_task_job_runner.py:240} INFO - Task exited with return code 1
[2024-07-01T01:09:38.245+0000] {taskinstance.py:3503} INFO - 0 downstream tasks scheduled from follow-on schedule check
[2024-07-01T01:09:38.259+0000] {local_task_job_runner.py:222} INFO - ::endgroup::
[2024-07-01T10:16:21.919+0000] {local_task_job_runner.py:120} INFO - ::group::Pre task execution logs
[2024-07-01T10:16:22.064+0000] {taskinstance.py:2076} INFO - Dependencies all met for dep_context=non-requeueable deps ti=<TaskInstance: dag_northwind.extract_postgres scheduled__2024-02-08T00:00:00+00:00 [queued]>
[2024-07-01T10:16:22.084+0000] {taskinstance.py:2076} INFO - Dependencies all met for dep_context=requeueable deps ti=<TaskInstance: dag_northwind.extract_postgres scheduled__2024-02-08T00:00:00+00:00 [queued]>
[2024-07-01T10:16:22.085+0000] {taskinstance.py:2306} INFO - Starting attempt 2 of 2
[2024-07-01T10:16:22.286+0000] {taskinstance.py:2330} INFO - Executing <Task(BashOperator): extract_postgres> on 2024-02-08 00:00:00+00:00
[2024-07-01T10:16:22.302+0000] {logging_mixin.py:188} WARNING - /home/airflow/.local/lib/python3.12/site-packages/airflow/task/task_runner/standard_task_runner.py:61 DeprecationWarning: This process (pid=5752) is multi-threaded, use of fork() may lead to deadlocks in the child.
[2024-07-01T10:16:22.308+0000] {standard_task_runner.py:63} INFO - Started process 5778 to run task
[2024-07-01T10:16:22.315+0000] {standard_task_runner.py:90} INFO - Running: ['airflow', 'tasks', 'run', 'dag_northwind', 'extract_postgres', 'scheduled__2024-02-08T00:00:00+00:00', '--job-id', '1047', '--raw', '--subdir', 'DAGS_FOLDER/dag_northwind.py', '--cfg-path', '/tmp/tmpzwi2gp85']
[2024-07-01T10:16:22.320+0000] {standard_task_runner.py:91} INFO - Job 1047: Subtask extract_postgres
[2024-07-01T10:16:22.445+0000] {task_command.py:426} INFO - Running <TaskInstance: dag_northwind.extract_postgres scheduled__2024-02-08T00:00:00+00:00 [running]> on host 85c6ea7cd9cf
[2024-07-01T10:16:22.631+0000] {taskinstance.py:2648} INFO - Exporting env vars: AIRFLOW_CTX_DAG_OWNER='airflow' AIRFLOW_CTX_DAG_ID='dag_northwind' AIRFLOW_CTX_TASK_ID='extract_postgres' AIRFLOW_CTX_EXECUTION_DATE='2024-02-08T00:00:00+00:00' AIRFLOW_CTX_TRY_NUMBER='2' AIRFLOW_CTX_DAG_RUN_ID='scheduled__2024-02-08T00:00:00+00:00'
[2024-07-01T10:16:22.632+0000] {taskinstance.py:430} INFO - ::endgroup::
[2024-07-01T10:16:22.665+0000] {subprocess.py:63} INFO - Tmp dir root location: /tmp
[2024-07-01T10:16:22.666+0000] {subprocess.py:75} INFO - Running command: ['/usr/bin/bash', '-c', 'meltano elt tap-postgres target-csv --job_id=extract_postgres_2024-02-08 && mkdir -p /data/postgres/2024-02-08 && mv /project/output/tap-postgres/*.csv /data/postgres/2024-02-08/']
[2024-07-01T10:16:22.678+0000] {subprocess.py:86} INFO - Output:
[2024-07-01T10:16:22.681+0000] {subprocess.py:93} INFO - /usr/bin/bash: line 1: meltano: command not found
[2024-07-01T10:16:22.682+0000] {subprocess.py:97} INFO - Command exited with return code 127
[2024-07-01T10:16:22.683+0000] {taskinstance.py:441} INFO - ::group::Post task execution logs
[2024-07-01T10:16:22.699+0000] {taskinstance.py:2905} ERROR - Task failed with exception
Traceback (most recent call last):
  File "/home/airflow/.local/lib/python3.12/site-packages/airflow/models/taskinstance.py", line 465, in _execute_task
    result = _execute_callable(context=context, **execute_callable_kwargs)
             ^^^^^^^^^^^^^^^^^^^^^^^^^^^^^^^^^^^^^^^^^^^^^^^^^^^^^^^^^^^^^
  File "/home/airflow/.local/lib/python3.12/site-packages/airflow/models/taskinstance.py", line 432, in _execute_callable
    return execute_callable(context=context, **execute_callable_kwargs)
           ^^^^^^^^^^^^^^^^^^^^^^^^^^^^^^^^^^^^^^^^^^^^^^^^^^^^^^^^^^^^
  File "/home/airflow/.local/lib/python3.12/site-packages/airflow/models/baseoperator.py", line 401, in wrapper
    return func(self, *args, **kwargs)
           ^^^^^^^^^^^^^^^^^^^^^^^^^^^
  File "/home/airflow/.local/lib/python3.12/site-packages/airflow/operators/bash.py", line 243, in execute
    raise AirflowException(
airflow.exceptions.AirflowException: Bash command failed. The command returned a non-zero exit code 127.
[2024-07-01T10:16:22.708+0000] {taskinstance.py:1206} INFO - Marking task as FAILED. dag_id=dag_northwind, task_id=extract_postgres, run_id=scheduled__2024-02-08T00:00:00+00:00, execution_date=20240208T000000, start_date=20240701T101622, end_date=20240701T101622
[2024-07-01T10:16:22.747+0000] {standard_task_runner.py:110} ERROR - Failed to execute job 1047 for task extract_postgres (Bash command failed. The command returned a non-zero exit code 127.; 5778)
[2024-07-01T10:16:22.773+0000] {local_task_job_runner.py:240} INFO - Task exited with return code 1
[2024-07-01T10:16:22.836+0000] {taskinstance.py:3503} INFO - 0 downstream tasks scheduled from follow-on schedule check
[2024-07-01T10:16:22.846+0000] {local_task_job_runner.py:222} INFO - ::endgroup::
