[2024-07-12T18:34:32.166+0000] {local_task_job_runner.py:120} INFO - ::group::Pre task execution logs
[2024-07-12T18:34:32.269+0000] {taskinstance.py:2076} INFO - Dependencies all met for dep_context=non-requeueable deps ti=<TaskInstance: dag_pipeline_northwind.extract_postgres_category_id manual__2024-07-12T18:34:29.081083+00:00 [queued]>
[2024-07-12T18:34:32.294+0000] {taskinstance.py:2076} INFO - Dependencies all met for dep_context=requeueable deps ti=<TaskInstance: dag_pipeline_northwind.extract_postgres_category_id manual__2024-07-12T18:34:29.081083+00:00 [queued]>
[2024-07-12T18:34:32.297+0000] {taskinstance.py:2306} INFO - Starting attempt 1 of 2
[2024-07-12T18:34:32.399+0000] {taskinstance.py:2330} INFO - Executing <Task(PythonOperator): extract_postgres_category_id> on 2024-07-12 18:34:29.081083+00:00
[2024-07-12T18:34:32.418+0000] {logging_mixin.py:188} WARNING - /home/airflow/.local/lib/python3.12/site-packages/airflow/task/task_runner/standard_task_runner.py:61 DeprecationWarning: This process (pid=353) is multi-threaded, use of fork() may lead to deadlocks in the child.
[2024-07-12T18:34:32.423+0000] {standard_task_runner.py:63} INFO - Started process 375 to run task
[2024-07-12T18:34:32.423+0000] {standard_task_runner.py:90} INFO - Running: ['airflow', 'tasks', 'run', 'dag_pipeline_northwind', 'extract_postgres_category_id', 'manual__2024-07-12T18:34:29.081083+00:00', '--job-id', '5476', '--raw', '--subdir', 'DAGS_FOLDER/dag_pipeline_northwind.py', '--cfg-path', '/tmp/tmpesutl76t']
[2024-07-12T18:34:32.430+0000] {standard_task_runner.py:91} INFO - Job 5476: Subtask extract_postgres_category_id
[2024-07-12T18:34:32.596+0000] {task_command.py:426} INFO - Running <TaskInstance: dag_pipeline_northwind.extract_postgres_category_id manual__2024-07-12T18:34:29.081083+00:00 [running]> on host da29552222cb
[2024-07-12T18:34:43.934+0000] {taskinstance.py:2648} INFO - Exporting env vars: AIRFLOW_CTX_DAG_OWNER='airflow' AIRFLOW_CTX_DAG_ID='dag_pipeline_northwind' AIRFLOW_CTX_TASK_ID='extract_postgres_category_id' AIRFLOW_CTX_EXECUTION_DATE='2024-07-12T18:34:29.081083+00:00' AIRFLOW_CTX_TRY_NUMBER='1' AIRFLOW_CTX_DAG_RUN_ID='manual__2024-07-12T18:34:29.081083+00:00'
[2024-07-12T18:34:43.936+0000] {taskinstance.py:430} INFO - ::endgroup::
[2024-07-12T18:34:43.976+0000] {logging_mixin.py:188} INFO - Running command: meltano elt tap-postgres target-csv --transform=run --job_id=extract_postgres_category_id_2024-07-12
[2024-07-12T18:34:43.988+0000] {logging_mixin.py:188} INFO - Command failed with error: Command 'meltano elt tap-postgres target-csv --transform=run --job_id=extract_postgres_category_id_2024-07-12' returned non-zero exit status 127.
[2024-07-12T18:34:43.989+0000] {taskinstance.py:441} INFO - ::group::Post task execution logs
[2024-07-12T18:34:43.992+0000] {taskinstance.py:2905} ERROR - Task failed with exception
Traceback (most recent call last):
  File "/home/airflow/.local/lib/python3.12/site-packages/airflow/models/taskinstance.py", line 465, in _execute_task
    result = _execute_callable(context=context, **execute_callable_kwargs)
             ^^^^^^^^^^^^^^^^^^^^^^^^^^^^^^^^^^^^^^^^^^^^^^^^^^^^^^^^^^^^^
  File "/home/airflow/.local/lib/python3.12/site-packages/airflow/models/taskinstance.py", line 432, in _execute_callable
    return execute_callable(context=context, **execute_callable_kwargs)
           ^^^^^^^^^^^^^^^^^^^^^^^^^^^^^^^^^^^^^^^^^^^^^^^^^^^^^^^^^^^^
  File "/home/airflow/.local/lib/python3.12/site-packages/airflow/models/baseoperator.py", line 401, in wrapper
    return func(self, *args, **kwargs)
           ^^^^^^^^^^^^^^^^^^^^^^^^^^^
  File "/home/airflow/.local/lib/python3.12/site-packages/airflow/operators/python.py", line 235, in execute
    return_value = self.execute_callable()
                   ^^^^^^^^^^^^^^^^^^^^^^^
  File "/home/airflow/.local/lib/python3.12/site-packages/airflow/operators/python.py", line 252, in execute_callable
    return self.python_callable(*self.op_args, **self.op_kwargs)
           ^^^^^^^^^^^^^^^^^^^^^^^^^^^^^^^^^^^^^^^^^^^^^^^^^^^^^
  File "/opt/airflow/dags/dag_pipeline_northwind.py", line 40, in extract_postgres_table
    result = subprocess.run(extract_command, shell=True, check=True, capture_output=True, text=True)
             ^^^^^^^^^^^^^^^^^^^^^^^^^^^^^^^^^^^^^^^^^^^^^^^^^^^^^^^^^^^^^^^^^^^^^^^^^^^^^^^^^^^^^^^
  File "/usr/local/lib/python3.12/subprocess.py", line 571, in run
    raise CalledProcessError(retcode, process.args,
subprocess.CalledProcessError: Command 'meltano elt tap-postgres target-csv --transform=run --job_id=extract_postgres_category_id_2024-07-12' returned non-zero exit status 127.
[2024-07-12T18:34:44.021+0000] {taskinstance.py:1206} INFO - Marking task as UP_FOR_RETRY. dag_id=dag_pipeline_northwind, task_id=extract_postgres_category_id, run_id=manual__2024-07-12T18:34:29.081083+00:00, execution_date=20240712T183429, start_date=20240712T183432, end_date=20240712T183444
[2024-07-12T18:34:44.107+0000] {standard_task_runner.py:110} ERROR - Failed to execute job 5476 for task extract_postgres_category_id (Command 'meltano elt tap-postgres target-csv --transform=run --job_id=extract_postgres_category_id_2024-07-12' returned non-zero exit status 127.; 375)
[2024-07-12T18:34:44.128+0000] {local_task_job_runner.py:240} INFO - Task exited with return code 1
[2024-07-12T18:34:44.171+0000] {taskinstance.py:3503} INFO - 0 downstream tasks scheduled from follow-on schedule check
[2024-07-12T18:34:44.173+0000] {local_task_job_runner.py:222} INFO - ::endgroup::
