[2024-07-12T18:16:59.963+0000] {local_task_job_runner.py:120} INFO - ::group::Pre task execution logs
[2024-07-12T18:17:00.081+0000] {taskinstance.py:2076} INFO - Dependencies all met for dep_context=non-requeueable deps ti=<TaskInstance: dag_pipeline_northwind.extract_postgres_employee_id scheduled__2024-07-11T00:00:00+00:00 [queued]>
[2024-07-12T18:17:00.101+0000] {taskinstance.py:2076} INFO - Dependencies all met for dep_context=requeueable deps ti=<TaskInstance: dag_pipeline_northwind.extract_postgres_employee_id scheduled__2024-07-11T00:00:00+00:00 [queued]>
[2024-07-12T18:17:00.102+0000] {taskinstance.py:2306} INFO - Starting attempt 2 of 2
[2024-07-12T18:17:00.138+0000] {taskinstance.py:2330} INFO - Executing <Task(PythonOperator): extract_postgres_employee_id> on 2024-07-11 00:00:00+00:00
[2024-07-12T18:17:00.167+0000] {standard_task_runner.py:90} INFO - Running: ['airflow', 'tasks', 'run', 'dag_pipeline_northwind', 'extract_postgres_employee_id', 'scheduled__2024-07-11T00:00:00+00:00', '--job-id', '5414', '--raw', '--subdir', 'DAGS_FOLDER/dag_pipeline_northwind.py', '--cfg-path', '/tmp/tmpzwu5kv22']
[2024-07-12T18:17:00.173+0000] {standard_task_runner.py:91} INFO - Job 5414: Subtask extract_postgres_employee_id
[2024-07-12T18:17:00.368+0000] {logging_mixin.py:188} WARNING - /home/airflow/.local/lib/python3.12/site-packages/airflow/task/task_runner/standard_task_runner.py:61 DeprecationWarning: This process (pid=265) is multi-threaded, use of fork() may lead to deadlocks in the child.
[2024-07-12T18:17:00.380+0000] {standard_task_runner.py:63} INFO - Started process 276 to run task
[2024-07-12T18:17:00.450+0000] {task_command.py:426} INFO - Running <TaskInstance: dag_pipeline_northwind.extract_postgres_employee_id scheduled__2024-07-11T00:00:00+00:00 [running]> on host ae84c7ea76bc
[2024-07-12T18:17:00.661+0000] {taskinstance.py:2648} INFO - Exporting env vars: AIRFLOW_CTX_DAG_OWNER='airflow' AIRFLOW_CTX_DAG_ID='dag_pipeline_northwind' AIRFLOW_CTX_TASK_ID='extract_postgres_employee_id' AIRFLOW_CTX_EXECUTION_DATE='2024-07-11T00:00:00+00:00' AIRFLOW_CTX_TRY_NUMBER='2' AIRFLOW_CTX_DAG_RUN_ID='scheduled__2024-07-11T00:00:00+00:00'
[2024-07-12T18:17:00.667+0000] {taskinstance.py:430} INFO - ::endgroup::
[2024-07-12T18:17:00.719+0000] {logging_mixin.py:188} INFO - Running command: meltano elt tap-postgres target-csv --transform=run --job_id=extract_postgres_employee_id_2024-07-11
[2024-07-12T18:17:00.727+0000] {logging_mixin.py:188} INFO - Command failed with error: Command 'meltano elt tap-postgres target-csv --transform=run --job_id=extract_postgres_employee_id_2024-07-11' returned non-zero exit status 127.
[2024-07-12T18:17:00.728+0000] {taskinstance.py:441} INFO - ::group::Post task execution logs
[2024-07-12T18:17:00.729+0000] {taskinstance.py:2905} ERROR - Task failed with exception
Traceback (most recent call last):
  File "/home/airflow/.local/lib/python3.12/site-packages/airflow/models/taskinstance.py", line 465, in _execute_task
    result = _execute_callable(context=context, **execute_callable_kwargs)
             ^^^^^^^^^^^^^^^^^^^^^^^^^^^^^^^^^^^^^^^^^^^^^^^^^^^^^^^^^^^^^
  File "/home/airflow/.local/lib/python3.12/site-packages/airflow/models/taskinstance.py", line 432, in _execute_callable
    return execute_callable(context=context, **execute_callable_kwargs)
           ^^^^^^^^^^^^^^^^^^^^^^^^^^^^^^^^^^^^^^^^^^^^^^^^^^^^^^^^^^^^
  File "/home/airflow/.local/lib/python3.12/site-packages/airflow/models/baseoperator.py", line 401, in wrapper
    return func(self, *args, **kwargs)
           ^^^^^^^^^^^^^^^^^^^^^^^^^^^
  File "/home/airflow/.local/lib/python3.12/site-packages/airflow/operators/python.py", line 235, in execute
    return_value = self.execute_callable()
                   ^^^^^^^^^^^^^^^^^^^^^^^
  File "/home/airflow/.local/lib/python3.12/site-packages/airflow/operators/python.py", line 252, in execute_callable
    return self.python_callable(*self.op_args, **self.op_kwargs)
           ^^^^^^^^^^^^^^^^^^^^^^^^^^^^^^^^^^^^^^^^^^^^^^^^^^^^^
  File "/opt/airflow/dags/dag_pipeline_northwind.py", line 40, in extract_postgres_table
    result = subprocess.run(extract_command, shell=True, check=True, capture_output=True, text=True)
             ^^^^^^^^^^^^^^^^^^^^^^^^^^^^^^^^^^^^^^^^^^^^^^^^^^^^^^^^^^^^^^^^^^^^^^^^^^^^^^^^^^^^^^^
  File "/usr/local/lib/python3.12/subprocess.py", line 571, in run
    raise CalledProcessError(retcode, process.args,
subprocess.CalledProcessError: Command 'meltano elt tap-postgres target-csv --transform=run --job_id=extract_postgres_employee_id_2024-07-11' returned non-zero exit status 127.
[2024-07-12T18:17:00.762+0000] {taskinstance.py:1206} INFO - Marking task as FAILED. dag_id=dag_pipeline_northwind, task_id=extract_postgres_employee_id, run_id=scheduled__2024-07-11T00:00:00+00:00, execution_date=20240711T000000, start_date=20240712T181700, end_date=20240712T181700
[2024-07-12T18:17:00.943+0000] {standard_task_runner.py:110} ERROR - Failed to execute job 5414 for task extract_postgres_employee_id (Command 'meltano elt tap-postgres target-csv --transform=run --job_id=extract_postgres_employee_id_2024-07-11' returned non-zero exit status 127.; 276)
[2024-07-12T18:17:00.970+0000] {local_task_job_runner.py:240} INFO - Task exited with return code 1
[2024-07-12T18:17:00.983+0000] {local_task_job_runner.py:222} INFO - ::endgroup::
[2024-07-12T18:36:57.773+0000] {local_task_job_runner.py:120} INFO - ::group::Pre task execution logs
[2024-07-12T18:36:57.848+0000] {taskinstance.py:2076} INFO - Dependencies all met for dep_context=non-requeueable deps ti=<TaskInstance: dag_pipeline_northwind.extract_postgres_employee_id scheduled__2024-07-11T00:00:00+00:00 [queued]>
[2024-07-12T18:36:57.868+0000] {taskinstance.py:2076} INFO - Dependencies all met for dep_context=requeueable deps ti=<TaskInstance: dag_pipeline_northwind.extract_postgres_employee_id scheduled__2024-07-11T00:00:00+00:00 [queued]>
[2024-07-12T18:36:57.869+0000] {taskinstance.py:2306} INFO - Starting attempt 2 of 2
[2024-07-12T18:36:57.896+0000] {taskinstance.py:2330} INFO - Executing <Task(PythonOperator): extract_postgres_employee_id> on 2024-07-11 00:00:00+00:00
[2024-07-12T18:36:57.927+0000] {logging_mixin.py:188} WARNING - /home/airflow/.local/lib/python3.12/site-packages/airflow/task/task_runner/standard_task_runner.py:61 DeprecationWarning: This process (pid=511) is multi-threaded, use of fork() may lead to deadlocks in the child.
[2024-07-12T18:36:57.932+0000] {standard_task_runner.py:63} INFO - Started process 526 to run task
[2024-07-12T18:36:57.931+0000] {standard_task_runner.py:90} INFO - Running: ['airflow', 'tasks', 'run', 'dag_pipeline_northwind', 'extract_postgres_employee_id', 'scheduled__2024-07-11T00:00:00+00:00', '--job-id', '5514', '--raw', '--subdir', 'DAGS_FOLDER/dag_pipeline_northwind.py', '--cfg-path', '/tmp/tmpzslbw51c']
[2024-07-12T18:36:57.938+0000] {standard_task_runner.py:91} INFO - Job 5514: Subtask extract_postgres_employee_id
[2024-07-12T18:36:58.049+0000] {task_command.py:426} INFO - Running <TaskInstance: dag_pipeline_northwind.extract_postgres_employee_id scheduled__2024-07-11T00:00:00+00:00 [running]> on host da29552222cb
[2024-07-12T18:36:58.232+0000] {taskinstance.py:2648} INFO - Exporting env vars: AIRFLOW_CTX_DAG_OWNER='airflow' AIRFLOW_CTX_DAG_ID='dag_pipeline_northwind' AIRFLOW_CTX_TASK_ID='extract_postgres_employee_id' AIRFLOW_CTX_EXECUTION_DATE='2024-07-11T00:00:00+00:00' AIRFLOW_CTX_TRY_NUMBER='2' AIRFLOW_CTX_DAG_RUN_ID='scheduled__2024-07-11T00:00:00+00:00'
[2024-07-12T18:36:58.234+0000] {taskinstance.py:430} INFO - ::endgroup::
[2024-07-12T18:36:58.262+0000] {logging_mixin.py:188} INFO - Running command: meltano elt tap-postgres target-csv --transform=run --job_id=extract_postgres_employee_id_2024-07-11
[2024-07-12T18:36:58.267+0000] {logging_mixin.py:188} INFO - Command failed with error: Command 'meltano elt tap-postgres target-csv --transform=run --job_id=extract_postgres_employee_id_2024-07-11' returned non-zero exit status 127.
[2024-07-12T18:36:58.268+0000] {taskinstance.py:441} INFO - ::group::Post task execution logs
[2024-07-12T18:36:58.269+0000] {taskinstance.py:2905} ERROR - Task failed with exception
Traceback (most recent call last):
  File "/home/airflow/.local/lib/python3.12/site-packages/airflow/models/taskinstance.py", line 465, in _execute_task
    result = _execute_callable(context=context, **execute_callable_kwargs)
             ^^^^^^^^^^^^^^^^^^^^^^^^^^^^^^^^^^^^^^^^^^^^^^^^^^^^^^^^^^^^^
  File "/home/airflow/.local/lib/python3.12/site-packages/airflow/models/taskinstance.py", line 432, in _execute_callable
    return execute_callable(context=context, **execute_callable_kwargs)
           ^^^^^^^^^^^^^^^^^^^^^^^^^^^^^^^^^^^^^^^^^^^^^^^^^^^^^^^^^^^^
  File "/home/airflow/.local/lib/python3.12/site-packages/airflow/models/baseoperator.py", line 401, in wrapper
    return func(self, *args, **kwargs)
           ^^^^^^^^^^^^^^^^^^^^^^^^^^^
  File "/home/airflow/.local/lib/python3.12/site-packages/airflow/operators/python.py", line 235, in execute
    return_value = self.execute_callable()
                   ^^^^^^^^^^^^^^^^^^^^^^^
  File "/home/airflow/.local/lib/python3.12/site-packages/airflow/operators/python.py", line 252, in execute_callable
    return self.python_callable(*self.op_args, **self.op_kwargs)
           ^^^^^^^^^^^^^^^^^^^^^^^^^^^^^^^^^^^^^^^^^^^^^^^^^^^^^
  File "/opt/airflow/dags/dag_pipeline_northwind.py", line 40, in extract_postgres_table
    result = subprocess.run(extract_command, shell=True, check=True, capture_output=True, text=True)
             ^^^^^^^^^^^^^^^^^^^^^^^^^^^^^^^^^^^^^^^^^^^^^^^^^^^^^^^^^^^^^^^^^^^^^^^^^^^^^^^^^^^^^^^
  File "/usr/local/lib/python3.12/subprocess.py", line 571, in run
    raise CalledProcessError(retcode, process.args,
subprocess.CalledProcessError: Command 'meltano elt tap-postgres target-csv --transform=run --job_id=extract_postgres_employee_id_2024-07-11' returned non-zero exit status 127.
[2024-07-12T18:36:58.289+0000] {taskinstance.py:1206} INFO - Marking task as FAILED. dag_id=dag_pipeline_northwind, task_id=extract_postgres_employee_id, run_id=scheduled__2024-07-11T00:00:00+00:00, execution_date=20240711T000000, start_date=20240712T183657, end_date=20240712T183658
[2024-07-12T18:36:58.311+0000] {standard_task_runner.py:110} ERROR - Failed to execute job 5514 for task extract_postgres_employee_id (Command 'meltano elt tap-postgres target-csv --transform=run --job_id=extract_postgres_employee_id_2024-07-11' returned non-zero exit status 127.; 526)
[2024-07-12T18:36:58.354+0000] {local_task_job_runner.py:240} INFO - Task exited with return code 1
[2024-07-12T18:36:58.372+0000] {local_task_job_runner.py:222} INFO - ::endgroup::
[2024-07-12T19:09:27.915+0000] {local_task_job_runner.py:120} INFO - ::group::Pre task execution logs
[2024-07-12T19:09:28.090+0000] {taskinstance.py:2076} INFO - Dependencies all met for dep_context=non-requeueable deps ti=<TaskInstance: dag_pipeline_northwind.extract_postgres_employee_id scheduled__2024-07-11T00:00:00+00:00 [queued]>
[2024-07-12T19:09:28.120+0000] {taskinstance.py:2076} INFO - Dependencies all met for dep_context=requeueable deps ti=<TaskInstance: dag_pipeline_northwind.extract_postgres_employee_id scheduled__2024-07-11T00:00:00+00:00 [queued]>
[2024-07-12T19:09:28.122+0000] {taskinstance.py:2306} INFO - Starting attempt 2 of 2
[2024-07-12T19:09:28.216+0000] {taskinstance.py:2330} INFO - Executing <Task(PythonOperator): extract_postgres_employee_id> on 2024-07-11 00:00:00+00:00
[2024-07-12T19:09:28.234+0000] {logging_mixin.py:188} WARNING - /home/airflow/.local/lib/python3.12/site-packages/airflow/task/task_runner/standard_task_runner.py:61 DeprecationWarning: This process (pid=422) is multi-threaded, use of fork() may lead to deadlocks in the child.
[2024-07-12T19:09:28.238+0000] {standard_task_runner.py:63} INFO - Started process 427 to run task
[2024-07-12T19:09:28.235+0000] {standard_task_runner.py:90} INFO - Running: ['airflow', 'tasks', 'run', 'dag_pipeline_northwind', 'extract_postgres_employee_id', 'scheduled__2024-07-11T00:00:00+00:00', '--job-id', '5594', '--raw', '--subdir', 'DAGS_FOLDER/dag_pipeline_northwind.py', '--cfg-path', '/tmp/tmpvkyhjhfa']
[2024-07-12T19:09:28.243+0000] {standard_task_runner.py:91} INFO - Job 5594: Subtask extract_postgres_employee_id
[2024-07-12T19:09:28.482+0000] {task_command.py:426} INFO - Running <TaskInstance: dag_pipeline_northwind.extract_postgres_employee_id scheduled__2024-07-11T00:00:00+00:00 [running]> on host 5ef7300ef9b1
[2024-07-12T19:09:29.030+0000] {taskinstance.py:2648} INFO - Exporting env vars: AIRFLOW_CTX_DAG_OWNER='airflow' AIRFLOW_CTX_DAG_ID='dag_pipeline_northwind' AIRFLOW_CTX_TASK_ID='extract_postgres_employee_id' AIRFLOW_CTX_EXECUTION_DATE='2024-07-11T00:00:00+00:00' AIRFLOW_CTX_TRY_NUMBER='2' AIRFLOW_CTX_DAG_RUN_ID='scheduled__2024-07-11T00:00:00+00:00'
[2024-07-12T19:09:29.044+0000] {taskinstance.py:430} INFO - ::endgroup::
[2024-07-12T19:09:29.194+0000] {logging_mixin.py:188} INFO - Running command: meltano elt tap-postgres target-csv --transform=run --job_id=extract_postgres_employee_id_2024-07-11
[2024-07-12T19:09:29.217+0000] {logging_mixin.py:188} INFO - Command failed with error: Command 'meltano elt tap-postgres target-csv --transform=run --job_id=extract_postgres_employee_id_2024-07-11' returned non-zero exit status 127.
[2024-07-12T19:09:29.225+0000] {taskinstance.py:441} INFO - ::group::Post task execution logs
[2024-07-12T19:09:29.245+0000] {taskinstance.py:2905} ERROR - Task failed with exception
Traceback (most recent call last):
  File "/home/airflow/.local/lib/python3.12/site-packages/airflow/models/taskinstance.py", line 465, in _execute_task
    result = _execute_callable(context=context, **execute_callable_kwargs)
             ^^^^^^^^^^^^^^^^^^^^^^^^^^^^^^^^^^^^^^^^^^^^^^^^^^^^^^^^^^^^^
  File "/home/airflow/.local/lib/python3.12/site-packages/airflow/models/taskinstance.py", line 432, in _execute_callable
    return execute_callable(context=context, **execute_callable_kwargs)
           ^^^^^^^^^^^^^^^^^^^^^^^^^^^^^^^^^^^^^^^^^^^^^^^^^^^^^^^^^^^^
  File "/home/airflow/.local/lib/python3.12/site-packages/airflow/models/baseoperator.py", line 401, in wrapper
    return func(self, *args, **kwargs)
           ^^^^^^^^^^^^^^^^^^^^^^^^^^^
  File "/home/airflow/.local/lib/python3.12/site-packages/airflow/operators/python.py", line 235, in execute
    return_value = self.execute_callable()
                   ^^^^^^^^^^^^^^^^^^^^^^^
  File "/home/airflow/.local/lib/python3.12/site-packages/airflow/operators/python.py", line 252, in execute_callable
    return self.python_callable(*self.op_args, **self.op_kwargs)
           ^^^^^^^^^^^^^^^^^^^^^^^^^^^^^^^^^^^^^^^^^^^^^^^^^^^^^
  File "/opt/airflow/dags/dag_pipeline_northwind.py", line 40, in extract_postgres_table
    result = subprocess.run(extract_command, shell=True, check=True, capture_output=True, text=True)
             ^^^^^^^^^^^^^^^^^^^^^^^^^^^^^^^^^^^^^^^^^^^^^^^^^^^^^^^^^^^^^^^^^^^^^^^^^^^^^^^^^^^^^^^
  File "/usr/local/lib/python3.12/subprocess.py", line 571, in run
    raise CalledProcessError(retcode, process.args,
subprocess.CalledProcessError: Command 'meltano elt tap-postgres target-csv --transform=run --job_id=extract_postgres_employee_id_2024-07-11' returned non-zero exit status 127.
[2024-07-12T19:09:29.329+0000] {taskinstance.py:1206} INFO - Marking task as FAILED. dag_id=dag_pipeline_northwind, task_id=extract_postgres_employee_id, run_id=scheduled__2024-07-11T00:00:00+00:00, execution_date=20240711T000000, start_date=20240712T190928, end_date=20240712T190929
[2024-07-12T19:09:29.463+0000] {standard_task_runner.py:110} ERROR - Failed to execute job 5594 for task extract_postgres_employee_id (Command 'meltano elt tap-postgres target-csv --transform=run --job_id=extract_postgres_employee_id_2024-07-11' returned non-zero exit status 127.; 427)
[2024-07-12T19:09:29.534+0000] {local_task_job_runner.py:240} INFO - Task exited with return code 1
[2024-07-12T19:09:29.675+0000] {taskinstance.py:3503} INFO - 0 downstream tasks scheduled from follow-on schedule check
[2024-07-12T19:09:29.709+0000] {local_task_job_runner.py:222} INFO - ::endgroup::
[2024-07-14T21:53:01.670+0000] {local_task_job_runner.py:120} INFO - ::group::Pre task execution logs
[2024-07-14T21:53:01.850+0000] {taskinstance.py:2076} INFO - Dependencies all met for dep_context=non-requeueable deps ti=<TaskInstance: dag_pipeline_northwind.extract_postgres_employee_id scheduled__2024-07-11T00:00:00+00:00 [queued]>
[2024-07-14T21:53:01.895+0000] {taskinstance.py:2076} INFO - Dependencies all met for dep_context=requeueable deps ti=<TaskInstance: dag_pipeline_northwind.extract_postgres_employee_id scheduled__2024-07-11T00:00:00+00:00 [queued]>
[2024-07-14T21:53:01.897+0000] {taskinstance.py:2306} INFO - Starting attempt 2 of 2
[2024-07-14T21:53:01.976+0000] {taskinstance.py:2330} INFO - Executing <Task(PythonOperator): extract_postgres_employee_id> on 2024-07-11 00:00:00+00:00
[2024-07-14T21:53:02.009+0000] {logging_mixin.py:188} WARNING - /home/airflow/.local/lib/python3.12/site-packages/airflow/task/task_runner/standard_task_runner.py:61 DeprecationWarning: This process (pid=547) is multi-threaded, use of fork() may lead to deadlocks in the child.
[2024-07-14T21:53:02.012+0000] {standard_task_runner.py:63} INFO - Started process 567 to run task
[2024-07-14T21:53:02.016+0000] {standard_task_runner.py:90} INFO - Running: ['airflow', 'tasks', 'run', 'dag_pipeline_northwind', 'extract_postgres_employee_id', 'scheduled__2024-07-11T00:00:00+00:00', '--job-id', '5791', '--raw', '--subdir', 'DAGS_FOLDER/dag_pipeline_northwind.py', '--cfg-path', '/tmp/tmpqlc8wvi9']
[2024-07-14T21:53:02.037+0000] {standard_task_runner.py:91} INFO - Job 5791: Subtask extract_postgres_employee_id
[2024-07-14T21:53:02.268+0000] {task_command.py:426} INFO - Running <TaskInstance: dag_pipeline_northwind.extract_postgres_employee_id scheduled__2024-07-11T00:00:00+00:00 [running]> on host ee4b7f7f7c3e
[2024-07-14T21:53:02.600+0000] {taskinstance.py:2648} INFO - Exporting env vars: AIRFLOW_CTX_DAG_OWNER='airflow' AIRFLOW_CTX_DAG_ID='dag_pipeline_northwind' AIRFLOW_CTX_TASK_ID='extract_postgres_employee_id' AIRFLOW_CTX_EXECUTION_DATE='2024-07-11T00:00:00+00:00' AIRFLOW_CTX_TRY_NUMBER='2' AIRFLOW_CTX_DAG_RUN_ID='scheduled__2024-07-11T00:00:00+00:00'
[2024-07-14T21:53:02.605+0000] {taskinstance.py:430} INFO - ::endgroup::
[2024-07-14T21:53:02.661+0000] {logging_mixin.py:188} INFO - Running command: meltano elt tap-postgres target-csv --transform=run --job_id=extract_postgres_employee_id_2024-07-11
[2024-07-14T21:53:02.688+0000] {logging_mixin.py:188} INFO - Command failed with error: Command 'meltano elt tap-postgres target-csv --transform=run --job_id=extract_postgres_employee_id_2024-07-11' returned non-zero exit status 127.
[2024-07-14T21:53:02.689+0000] {taskinstance.py:441} INFO - ::group::Post task execution logs
[2024-07-14T21:53:02.690+0000] {taskinstance.py:2905} ERROR - Task failed with exception
Traceback (most recent call last):
  File "/home/airflow/.local/lib/python3.12/site-packages/airflow/models/taskinstance.py", line 465, in _execute_task
    result = _execute_callable(context=context, **execute_callable_kwargs)
             ^^^^^^^^^^^^^^^^^^^^^^^^^^^^^^^^^^^^^^^^^^^^^^^^^^^^^^^^^^^^^
  File "/home/airflow/.local/lib/python3.12/site-packages/airflow/models/taskinstance.py", line 432, in _execute_callable
    return execute_callable(context=context, **execute_callable_kwargs)
           ^^^^^^^^^^^^^^^^^^^^^^^^^^^^^^^^^^^^^^^^^^^^^^^^^^^^^^^^^^^^
  File "/home/airflow/.local/lib/python3.12/site-packages/airflow/models/baseoperator.py", line 401, in wrapper
    return func(self, *args, **kwargs)
           ^^^^^^^^^^^^^^^^^^^^^^^^^^^
  File "/home/airflow/.local/lib/python3.12/site-packages/airflow/operators/python.py", line 235, in execute
    return_value = self.execute_callable()
                   ^^^^^^^^^^^^^^^^^^^^^^^
  File "/home/airflow/.local/lib/python3.12/site-packages/airflow/operators/python.py", line 252, in execute_callable
    return self.python_callable(*self.op_args, **self.op_kwargs)
           ^^^^^^^^^^^^^^^^^^^^^^^^^^^^^^^^^^^^^^^^^^^^^^^^^^^^^
  File "/opt/airflow/dags/dag_pipeline_northwind.py", line 40, in extract_postgres_table
    result = subprocess.run(extract_command, shell=True, check=True, capture_output=True, text=True)
             ^^^^^^^^^^^^^^^^^^^^^^^^^^^^^^^^^^^^^^^^^^^^^^^^^^^^^^^^^^^^^^^^^^^^^^^^^^^^^^^^^^^^^^^
  File "/usr/local/lib/python3.12/subprocess.py", line 571, in run
    raise CalledProcessError(retcode, process.args,
subprocess.CalledProcessError: Command 'meltano elt tap-postgres target-csv --transform=run --job_id=extract_postgres_employee_id_2024-07-11' returned non-zero exit status 127.
[2024-07-14T21:53:02.736+0000] {taskinstance.py:1206} INFO - Marking task as FAILED. dag_id=dag_pipeline_northwind, task_id=extract_postgres_employee_id, run_id=scheduled__2024-07-11T00:00:00+00:00, execution_date=20240711T000000, start_date=20240714T215301, end_date=20240714T215302
[2024-07-14T21:53:02.788+0000] {standard_task_runner.py:110} ERROR - Failed to execute job 5791 for task extract_postgres_employee_id (Command 'meltano elt tap-postgres target-csv --transform=run --job_id=extract_postgres_employee_id_2024-07-11' returned non-zero exit status 127.; 567)
[2024-07-14T21:53:02.848+0000] {local_task_job_runner.py:240} INFO - Task exited with return code 1
[2024-07-14T21:53:02.870+0000] {local_task_job_runner.py:222} INFO - ::endgroup::
