[2024-07-03T19:09:35.730+0000] {local_task_job_runner.py:120} INFO - ::group::Pre task execution logs
[2024-07-03T19:09:35.813+0000] {taskinstance.py:2076} INFO - Dependencies all met for dep_context=non-requeueable deps ti=<TaskInstance: dag_pipeline_northwind.extract_csv scheduled__2024-02-05T00:00:00+00:00 [queued]>
[2024-07-03T19:09:35.843+0000] {taskinstance.py:2076} INFO - Dependencies all met for dep_context=requeueable deps ti=<TaskInstance: dag_pipeline_northwind.extract_csv scheduled__2024-02-05T00:00:00+00:00 [queued]>
[2024-07-03T19:09:35.846+0000] {taskinstance.py:2306} INFO - Starting attempt 2 of 2
[2024-07-03T19:09:35.946+0000] {taskinstance.py:2330} INFO - Executing <Task(PythonOperator): extract_csv> on 2024-02-05 00:00:00+00:00
[2024-07-03T19:09:35.977+0000] {standard_task_runner.py:90} INFO - Running: ['airflow', 'tasks', 'run', 'dag_pipeline_northwind', 'extract_csv', 'scheduled__2024-02-05T00:00:00+00:00', '--job-id', '3728', '--raw', '--subdir', 'DAGS_FOLDER/northwind_dag_teste.py', '--cfg-path', '/tmp/tmplqhc4hlh']
[2024-07-03T19:09:36.007+0000] {standard_task_runner.py:91} INFO - Job 3728: Subtask extract_csv
[2024-07-03T19:09:36.007+0000] {logging_mixin.py:188} WARNING - /home/airflow/.local/lib/python3.12/site-packages/airflow/task/task_runner/standard_task_runner.py:61 DeprecationWarning: This process (pid=184) is multi-threaded, use of fork() may lead to deadlocks in the child.
[2024-07-03T19:09:36.009+0000] {standard_task_runner.py:63} INFO - Started process 192 to run task
[2024-07-03T19:09:36.199+0000] {task_command.py:426} INFO - Running <TaskInstance: dag_pipeline_northwind.extract_csv scheduled__2024-02-05T00:00:00+00:00 [running]> on host 76916b664cf5
[2024-07-03T19:09:36.577+0000] {taskinstance.py:2648} INFO - Exporting env vars: AIRFLOW_CTX_DAG_OWNER='airflow' AIRFLOW_CTX_DAG_ID='dag_pipeline_northwind' AIRFLOW_CTX_TASK_ID='extract_csv' AIRFLOW_CTX_EXECUTION_DATE='2024-02-05T00:00:00+00:00' AIRFLOW_CTX_TRY_NUMBER='2' AIRFLOW_CTX_DAG_RUN_ID='scheduled__2024-02-05T00:00:00+00:00'
[2024-07-03T19:09:36.581+0000] {taskinstance.py:430} INFO - ::endgroup::
[2024-07-03T19:09:36.947+0000] {logging_mixin.py:188} INFO - Running command: meltano elt tap-csv target-csv --transform=run --job_id=extract_csv_2024-02-05
[2024-07-03T19:09:36.959+0000] {logging_mixin.py:188} INFO - Command failed with error: Command 'meltano elt tap-csv target-csv --transform=run --job_id=extract_csv_2024-02-05' returned non-zero exit status 127.
[2024-07-03T19:09:36.962+0000] {taskinstance.py:441} INFO - ::group::Post task execution logs
[2024-07-03T19:09:36.966+0000] {taskinstance.py:2905} ERROR - Task failed with exception
Traceback (most recent call last):
  File "/home/airflow/.local/lib/python3.12/site-packages/airflow/models/taskinstance.py", line 465, in _execute_task
    result = _execute_callable(context=context, **execute_callable_kwargs)
             ^^^^^^^^^^^^^^^^^^^^^^^^^^^^^^^^^^^^^^^^^^^^^^^^^^^^^^^^^^^^^
  File "/home/airflow/.local/lib/python3.12/site-packages/airflow/models/taskinstance.py", line 432, in _execute_callable
    return execute_callable(context=context, **execute_callable_kwargs)
           ^^^^^^^^^^^^^^^^^^^^^^^^^^^^^^^^^^^^^^^^^^^^^^^^^^^^^^^^^^^^
  File "/home/airflow/.local/lib/python3.12/site-packages/airflow/models/baseoperator.py", line 401, in wrapper
    return func(self, *args, **kwargs)
           ^^^^^^^^^^^^^^^^^^^^^^^^^^^
  File "/home/airflow/.local/lib/python3.12/site-packages/airflow/operators/python.py", line 235, in execute
    return_value = self.execute_callable()
                   ^^^^^^^^^^^^^^^^^^^^^^^
  File "/home/airflow/.local/lib/python3.12/site-packages/airflow/operators/python.py", line 252, in execute_callable
    return self.python_callable(*self.op_args, **self.op_kwargs)
           ^^^^^^^^^^^^^^^^^^^^^^^^^^^^^^^^^^^^^^^^^^^^^^^^^^^^^
  File "/opt/airflow/dags/northwind_dag_teste.py", line 46, in extract_csv
    result = subprocess.run(extract_command, shell=True, check=True, capture_output=True, text=True)
             ^^^^^^^^^^^^^^^^^^^^^^^^^^^^^^^^^^^^^^^^^^^^^^^^^^^^^^^^^^^^^^^^^^^^^^^^^^^^^^^^^^^^^^^
  File "/usr/local/lib/python3.12/subprocess.py", line 571, in run
    raise CalledProcessError(retcode, process.args,
subprocess.CalledProcessError: Command 'meltano elt tap-csv target-csv --transform=run --job_id=extract_csv_2024-02-05' returned non-zero exit status 127.
[2024-07-03T19:09:37.021+0000] {taskinstance.py:1206} INFO - Marking task as FAILED. dag_id=dag_pipeline_northwind, task_id=extract_csv, run_id=scheduled__2024-02-05T00:00:00+00:00, execution_date=20240205T000000, start_date=20240703T190935, end_date=20240703T190937
[2024-07-03T19:09:37.046+0000] {standard_task_runner.py:110} ERROR - Failed to execute job 3728 for task extract_csv (Command 'meltano elt tap-csv target-csv --transform=run --job_id=extract_csv_2024-02-05' returned non-zero exit status 127.; 192)
[2024-07-03T19:09:37.093+0000] {local_task_job_runner.py:240} INFO - Task exited with return code 1
[2024-07-03T19:09:37.111+0000] {local_task_job_runner.py:222} INFO - ::endgroup::
[2024-07-04T00:45:57.487+0000] {local_task_job_runner.py:120} INFO - ::group::Pre task execution logs
[2024-07-04T00:45:57.585+0000] {taskinstance.py:2076} INFO - Dependencies all met for dep_context=non-requeueable deps ti=<TaskInstance: dag_pipeline_northwind.extract_csv scheduled__2024-02-05T00:00:00+00:00 [queued]>
[2024-07-04T00:45:57.606+0000] {taskinstance.py:2076} INFO - Dependencies all met for dep_context=requeueable deps ti=<TaskInstance: dag_pipeline_northwind.extract_csv scheduled__2024-02-05T00:00:00+00:00 [queued]>
[2024-07-04T00:45:57.608+0000] {taskinstance.py:2306} INFO - Starting attempt 2 of 2
[2024-07-04T00:45:57.810+0000] {taskinstance.py:2330} INFO - Executing <Task(PythonOperator): extract_csv> on 2024-02-05 00:00:00+00:00
[2024-07-04T00:45:57.825+0000] {logging_mixin.py:188} WARNING - /home/airflow/.local/lib/python3.12/site-packages/airflow/task/task_runner/standard_task_runner.py:61 DeprecationWarning: This process (pid=844) is multi-threaded, use of fork() may lead to deadlocks in the child.
[2024-07-04T00:45:57.827+0000] {standard_task_runner.py:63} INFO - Started process 855 to run task
[2024-07-04T00:45:57.839+0000] {standard_task_runner.py:90} INFO - Running: ['airflow', 'tasks', 'run', 'dag_pipeline_northwind', 'extract_csv', 'scheduled__2024-02-05T00:00:00+00:00', '--job-id', '4475', '--raw', '--subdir', 'DAGS_FOLDER/dag_pipeline_northwind.py', '--cfg-path', '/tmp/tmpfkxqop9q']
[2024-07-04T00:45:57.854+0000] {standard_task_runner.py:91} INFO - Job 4475: Subtask extract_csv
[2024-07-04T00:45:58.012+0000] {task_command.py:426} INFO - Running <TaskInstance: dag_pipeline_northwind.extract_csv scheduled__2024-02-05T00:00:00+00:00 [running]> on host 156a1441f464
[2024-07-04T00:45:58.538+0000] {taskinstance.py:2648} INFO - Exporting env vars: AIRFLOW_CTX_DAG_OWNER='airflow' AIRFLOW_CTX_DAG_ID='dag_pipeline_northwind' AIRFLOW_CTX_TASK_ID='extract_csv' AIRFLOW_CTX_EXECUTION_DATE='2024-02-05T00:00:00+00:00' AIRFLOW_CTX_TRY_NUMBER='2' AIRFLOW_CTX_DAG_RUN_ID='scheduled__2024-02-05T00:00:00+00:00'
[2024-07-04T00:45:58.541+0000] {taskinstance.py:430} INFO - ::endgroup::
[2024-07-04T00:45:58.602+0000] {logging_mixin.py:188} INFO - Running command: meltano elt tap-csv target-csv --transform=run --job_id=extract_csv_2024-02-05
[2024-07-04T00:45:58.612+0000] {logging_mixin.py:188} INFO - Command failed with error: Command 'meltano elt tap-csv target-csv --transform=run --job_id=extract_csv_2024-02-05' returned non-zero exit status 127.
[2024-07-04T00:45:58.614+0000] {taskinstance.py:441} INFO - ::group::Post task execution logs
[2024-07-04T00:45:58.615+0000] {taskinstance.py:2905} ERROR - Task failed with exception
Traceback (most recent call last):
  File "/home/airflow/.local/lib/python3.12/site-packages/airflow/models/taskinstance.py", line 465, in _execute_task
    result = _execute_callable(context=context, **execute_callable_kwargs)
             ^^^^^^^^^^^^^^^^^^^^^^^^^^^^^^^^^^^^^^^^^^^^^^^^^^^^^^^^^^^^^
  File "/home/airflow/.local/lib/python3.12/site-packages/airflow/models/taskinstance.py", line 432, in _execute_callable
    return execute_callable(context=context, **execute_callable_kwargs)
           ^^^^^^^^^^^^^^^^^^^^^^^^^^^^^^^^^^^^^^^^^^^^^^^^^^^^^^^^^^^^
  File "/home/airflow/.local/lib/python3.12/site-packages/airflow/models/baseoperator.py", line 401, in wrapper
    return func(self, *args, **kwargs)
           ^^^^^^^^^^^^^^^^^^^^^^^^^^^
  File "/home/airflow/.local/lib/python3.12/site-packages/airflow/operators/python.py", line 235, in execute
    return_value = self.execute_callable()
                   ^^^^^^^^^^^^^^^^^^^^^^^
  File "/home/airflow/.local/lib/python3.12/site-packages/airflow/operators/python.py", line 252, in execute_callable
    return self.python_callable(*self.op_args, **self.op_kwargs)
           ^^^^^^^^^^^^^^^^^^^^^^^^^^^^^^^^^^^^^^^^^^^^^^^^^^^^^
  File "/opt/airflow/dags/dag_pipeline_northwind.py", line 46, in extract_csv
    result = subprocess.run(extract_command, shell=True, check=True, capture_output=True, text=True)
             ^^^^^^^^^^^^^^^^^^^^^^^^^^^^^^^^^^^^^^^^^^^^^^^^^^^^^^^^^^^^^^^^^^^^^^^^^^^^^^^^^^^^^^^
  File "/usr/local/lib/python3.12/subprocess.py", line 571, in run
    raise CalledProcessError(retcode, process.args,
subprocess.CalledProcessError: Command 'meltano elt tap-csv target-csv --transform=run --job_id=extract_csv_2024-02-05' returned non-zero exit status 127.
[2024-07-04T00:45:58.905+0000] {taskinstance.py:1206} INFO - Marking task as FAILED. dag_id=dag_pipeline_northwind, task_id=extract_csv, run_id=scheduled__2024-02-05T00:00:00+00:00, execution_date=20240205T000000, start_date=20240704T004557, end_date=20240704T004558
[2024-07-04T00:45:58.965+0000] {standard_task_runner.py:110} ERROR - Failed to execute job 4475 for task extract_csv (Command 'meltano elt tap-csv target-csv --transform=run --job_id=extract_csv_2024-02-05' returned non-zero exit status 127.; 855)
[2024-07-04T00:45:59.016+0000] {local_task_job_runner.py:240} INFO - Task exited with return code 1
[2024-07-04T00:45:59.036+0000] {local_task_job_runner.py:222} INFO - ::endgroup::
[2024-07-04T01:13:55.176+0000] {local_task_job_runner.py:120} INFO - ::group::Pre task execution logs
[2024-07-04T01:13:55.269+0000] {taskinstance.py:2076} INFO - Dependencies all met for dep_context=non-requeueable deps ti=<TaskInstance: dag_pipeline_northwind.extract_csv scheduled__2024-02-05T00:00:00+00:00 [queued]>
[2024-07-04T01:13:55.291+0000] {taskinstance.py:2076} INFO - Dependencies all met for dep_context=requeueable deps ti=<TaskInstance: dag_pipeline_northwind.extract_csv scheduled__2024-02-05T00:00:00+00:00 [queued]>
[2024-07-04T01:13:55.292+0000] {taskinstance.py:2306} INFO - Starting attempt 2 of 2
[2024-07-04T01:13:55.523+0000] {taskinstance.py:2330} INFO - Executing <Task(PythonOperator): extract_csv> on 2024-02-05 00:00:00+00:00
[2024-07-04T01:13:55.545+0000] {logging_mixin.py:188} WARNING - /home/airflow/.local/lib/python3.12/site-packages/airflow/task/task_runner/standard_task_runner.py:61 DeprecationWarning: This process (pid=850) is multi-threaded, use of fork() may lead to deadlocks in the child.
[2024-07-04T01:13:55.548+0000] {standard_task_runner.py:63} INFO - Started process 861 to run task
[2024-07-04T01:13:55.554+0000] {standard_task_runner.py:90} INFO - Running: ['airflow', 'tasks', 'run', 'dag_pipeline_northwind', 'extract_csv', 'scheduled__2024-02-05T00:00:00+00:00', '--job-id', '4760', '--raw', '--subdir', 'DAGS_FOLDER/dag_pipeline_northwind.py', '--cfg-path', '/tmp/tmpwf2tvp39']
[2024-07-04T01:13:55.559+0000] {standard_task_runner.py:91} INFO - Job 4760: Subtask extract_csv
[2024-07-04T01:13:55.722+0000] {task_command.py:426} INFO - Running <TaskInstance: dag_pipeline_northwind.extract_csv scheduled__2024-02-05T00:00:00+00:00 [running]> on host 06ddab619e10
[2024-07-04T01:13:56.156+0000] {taskinstance.py:2648} INFO - Exporting env vars: AIRFLOW_CTX_DAG_OWNER='airflow' AIRFLOW_CTX_DAG_ID='dag_pipeline_northwind' AIRFLOW_CTX_TASK_ID='extract_csv' AIRFLOW_CTX_EXECUTION_DATE='2024-02-05T00:00:00+00:00' AIRFLOW_CTX_TRY_NUMBER='2' AIRFLOW_CTX_DAG_RUN_ID='scheduled__2024-02-05T00:00:00+00:00'
[2024-07-04T01:13:56.163+0000] {taskinstance.py:430} INFO - ::endgroup::
[2024-07-04T01:13:56.244+0000] {logging_mixin.py:188} INFO - Running command: meltano elt tap-csv target-csv --transform=run --job_id=extract_csv_2024-02-05
[2024-07-04T01:13:56.283+0000] {logging_mixin.py:188} INFO - Command failed with error: Command 'meltano elt tap-csv target-csv --transform=run --job_id=extract_csv_2024-02-05' returned non-zero exit status 127.
[2024-07-04T01:13:56.292+0000] {taskinstance.py:441} INFO - ::group::Post task execution logs
[2024-07-04T01:13:56.299+0000] {taskinstance.py:2905} ERROR - Task failed with exception
Traceback (most recent call last):
  File "/home/airflow/.local/lib/python3.12/site-packages/airflow/models/taskinstance.py", line 465, in _execute_task
    result = _execute_callable(context=context, **execute_callable_kwargs)
             ^^^^^^^^^^^^^^^^^^^^^^^^^^^^^^^^^^^^^^^^^^^^^^^^^^^^^^^^^^^^^
  File "/home/airflow/.local/lib/python3.12/site-packages/airflow/models/taskinstance.py", line 432, in _execute_callable
    return execute_callable(context=context, **execute_callable_kwargs)
           ^^^^^^^^^^^^^^^^^^^^^^^^^^^^^^^^^^^^^^^^^^^^^^^^^^^^^^^^^^^^
  File "/home/airflow/.local/lib/python3.12/site-packages/airflow/models/baseoperator.py", line 401, in wrapper
    return func(self, *args, **kwargs)
           ^^^^^^^^^^^^^^^^^^^^^^^^^^^
  File "/home/airflow/.local/lib/python3.12/site-packages/airflow/operators/python.py", line 235, in execute
    return_value = self.execute_callable()
                   ^^^^^^^^^^^^^^^^^^^^^^^
  File "/home/airflow/.local/lib/python3.12/site-packages/airflow/operators/python.py", line 252, in execute_callable
    return self.python_callable(*self.op_args, **self.op_kwargs)
           ^^^^^^^^^^^^^^^^^^^^^^^^^^^^^^^^^^^^^^^^^^^^^^^^^^^^^
  File "/opt/airflow/dags/dag_pipeline_northwind.py", line 46, in extract_csv
    result = subprocess.run(extract_command, shell=True, check=True, capture_output=True, text=True)
             ^^^^^^^^^^^^^^^^^^^^^^^^^^^^^^^^^^^^^^^^^^^^^^^^^^^^^^^^^^^^^^^^^^^^^^^^^^^^^^^^^^^^^^^
  File "/usr/local/lib/python3.12/subprocess.py", line 571, in run
    raise CalledProcessError(retcode, process.args,
subprocess.CalledProcessError: Command 'meltano elt tap-csv target-csv --transform=run --job_id=extract_csv_2024-02-05' returned non-zero exit status 127.
[2024-07-04T01:13:56.392+0000] {taskinstance.py:1206} INFO - Marking task as FAILED. dag_id=dag_pipeline_northwind, task_id=extract_csv, run_id=scheduled__2024-02-05T00:00:00+00:00, execution_date=20240205T000000, start_date=20240704T011355, end_date=20240704T011356
[2024-07-04T01:13:56.874+0000] {standard_task_runner.py:110} ERROR - Failed to execute job 4760 for task extract_csv (Command 'meltano elt tap-csv target-csv --transform=run --job_id=extract_csv_2024-02-05' returned non-zero exit status 127.; 861)
[2024-07-04T01:13:56.952+0000] {local_task_job_runner.py:240} INFO - Task exited with return code 1
[2024-07-04T01:13:57.025+0000] {taskinstance.py:3503} INFO - 0 downstream tasks scheduled from follow-on schedule check
[2024-07-04T01:13:57.044+0000] {local_task_job_runner.py:222} INFO - ::endgroup::
