[2024-07-01T01:25:39.995+0000] {local_task_job_runner.py:120} INFO - ::group::Pre task execution logs
[2024-07-01T01:25:40.086+0000] {taskinstance.py:2076} INFO - Dependencies all met for dep_context=non-requeueable deps ti=<TaskInstance: dag_northwind.extract_postgres scheduled__2024-03-22T00:00:00+00:00 [queued]>
[2024-07-01T01:25:40.106+0000] {taskinstance.py:2076} INFO - Dependencies all met for dep_context=requeueable deps ti=<TaskInstance: dag_northwind.extract_postgres scheduled__2024-03-22T00:00:00+00:00 [queued]>
[2024-07-01T01:25:40.107+0000] {taskinstance.py:2306} INFO - Starting attempt 1 of 2
[2024-07-01T01:25:40.144+0000] {taskinstance.py:2330} INFO - Executing <Task(BashOperator): extract_postgres> on 2024-03-22 00:00:00+00:00
[2024-07-01T01:25:40.167+0000] {logging_mixin.py:188} WARNING - /home/airflow/.local/lib/python3.12/site-packages/airflow/task/task_runner/standard_task_runner.py:61 DeprecationWarning: This process (pid=892) is multi-threaded, use of fork() may lead to deadlocks in the child.
[2024-07-01T01:25:40.170+0000] {standard_task_runner.py:63} INFO - Started process 899 to run task
[2024-07-01T01:25:40.167+0000] {standard_task_runner.py:90} INFO - Running: ['airflow', 'tasks', 'run', 'dag_northwind', 'extract_postgres', 'scheduled__2024-03-22T00:00:00+00:00', '--job-id', '652', '--raw', '--subdir', 'DAGS_FOLDER/dag_northwind.py', '--cfg-path', '/tmp/tmpqzzi2mj4']
[2024-07-01T01:25:40.177+0000] {standard_task_runner.py:91} INFO - Job 652: Subtask extract_postgres
[2024-07-01T01:25:40.331+0000] {task_command.py:426} INFO - Running <TaskInstance: dag_northwind.extract_postgres scheduled__2024-03-22T00:00:00+00:00 [running]> on host 05d913303710
[2024-07-01T01:25:40.579+0000] {taskinstance.py:2648} INFO - Exporting env vars: AIRFLOW_CTX_DAG_OWNER='airflow' AIRFLOW_CTX_DAG_ID='dag_northwind' AIRFLOW_CTX_TASK_ID='extract_postgres' AIRFLOW_CTX_EXECUTION_DATE='2024-03-22T00:00:00+00:00' AIRFLOW_CTX_TRY_NUMBER='1' AIRFLOW_CTX_DAG_RUN_ID='scheduled__2024-03-22T00:00:00+00:00'
[2024-07-01T01:25:40.582+0000] {taskinstance.py:430} INFO - ::endgroup::
[2024-07-01T01:25:40.618+0000] {subprocess.py:63} INFO - Tmp dir root location: /tmp
[2024-07-01T01:25:40.620+0000] {subprocess.py:75} INFO - Running command: ['/usr/bin/bash', '-c', 'meltano elt tap-postgres target-csv --job_id=extract_postgres_2024-03-22 && mkdir -p /data/postgres/2024-03-22 && mv /project/output/tap-postgres/*.csv /data/postgres/2024-03-22/']
[2024-07-01T01:25:40.636+0000] {subprocess.py:86} INFO - Output:
[2024-07-01T01:25:40.639+0000] {subprocess.py:93} INFO - /usr/bin/bash: line 1: meltano: command not found
[2024-07-01T01:25:40.640+0000] {subprocess.py:97} INFO - Command exited with return code 127
[2024-07-01T01:25:40.642+0000] {taskinstance.py:441} INFO - ::group::Post task execution logs
[2024-07-01T01:25:40.663+0000] {taskinstance.py:2905} ERROR - Task failed with exception
Traceback (most recent call last):
  File "/home/airflow/.local/lib/python3.12/site-packages/airflow/models/taskinstance.py", line 465, in _execute_task
    result = _execute_callable(context=context, **execute_callable_kwargs)
             ^^^^^^^^^^^^^^^^^^^^^^^^^^^^^^^^^^^^^^^^^^^^^^^^^^^^^^^^^^^^^
  File "/home/airflow/.local/lib/python3.12/site-packages/airflow/models/taskinstance.py", line 432, in _execute_callable
    return execute_callable(context=context, **execute_callable_kwargs)
           ^^^^^^^^^^^^^^^^^^^^^^^^^^^^^^^^^^^^^^^^^^^^^^^^^^^^^^^^^^^^
  File "/home/airflow/.local/lib/python3.12/site-packages/airflow/models/baseoperator.py", line 401, in wrapper
    return func(self, *args, **kwargs)
           ^^^^^^^^^^^^^^^^^^^^^^^^^^^
  File "/home/airflow/.local/lib/python3.12/site-packages/airflow/operators/bash.py", line 243, in execute
    raise AirflowException(
airflow.exceptions.AirflowException: Bash command failed. The command returned a non-zero exit code 127.
[2024-07-01T01:25:40.672+0000] {taskinstance.py:1206} INFO - Marking task as UP_FOR_RETRY. dag_id=dag_northwind, task_id=extract_postgres, run_id=scheduled__2024-03-22T00:00:00+00:00, execution_date=20240322T000000, start_date=20240701T012540, end_date=20240701T012540
[2024-07-01T01:25:40.714+0000] {standard_task_runner.py:110} ERROR - Failed to execute job 652 for task extract_postgres (Bash command failed. The command returned a non-zero exit code 127.; 899)
[2024-07-01T01:25:40.764+0000] {local_task_job_runner.py:240} INFO - Task exited with return code 1
[2024-07-01T01:25:40.852+0000] {taskinstance.py:3503} INFO - 0 downstream tasks scheduled from follow-on schedule check
[2024-07-01T01:25:40.867+0000] {local_task_job_runner.py:222} INFO - ::endgroup::
[2024-07-01T10:26:43.351+0000] {local_task_job_runner.py:120} INFO - ::group::Pre task execution logs
[2024-07-01T10:26:43.439+0000] {taskinstance.py:2076} INFO - Dependencies all met for dep_context=non-requeueable deps ti=<TaskInstance: dag_northwind.extract_postgres scheduled__2024-03-22T00:00:00+00:00 [queued]>
[2024-07-01T10:26:43.457+0000] {taskinstance.py:2076} INFO - Dependencies all met for dep_context=requeueable deps ti=<TaskInstance: dag_northwind.extract_postgres scheduled__2024-03-22T00:00:00+00:00 [queued]>
[2024-07-01T10:26:43.457+0000] {taskinstance.py:2306} INFO - Starting attempt 1 of 2
[2024-07-01T10:26:43.517+0000] {taskinstance.py:2330} INFO - Executing <Task(BashOperator): extract_postgres> on 2024-03-22 00:00:00+00:00
[2024-07-01T10:26:43.538+0000] {logging_mixin.py:188} WARNING - /home/airflow/.local/lib/python3.12/site-packages/airflow/task/task_runner/standard_task_runner.py:61 DeprecationWarning: This process (pid=6480) is multi-threaded, use of fork() may lead to deadlocks in the child.
[2024-07-01T10:26:43.536+0000] {standard_task_runner.py:90} INFO - Running: ['airflow', 'tasks', 'run', 'dag_northwind', 'extract_postgres', 'scheduled__2024-03-22T00:00:00+00:00', '--job-id', '1198', '--raw', '--subdir', 'DAGS_FOLDER/dag_northwind.py', '--cfg-path', '/tmp/tmp1gueew5h']
[2024-07-01T10:26:43.541+0000] {standard_task_runner.py:63} INFO - Started process 6489 to run task
[2024-07-01T10:26:43.541+0000] {standard_task_runner.py:91} INFO - Job 1198: Subtask extract_postgres
[2024-07-01T10:26:43.643+0000] {task_command.py:426} INFO - Running <TaskInstance: dag_northwind.extract_postgres scheduled__2024-03-22T00:00:00+00:00 [running]> on host 85c6ea7cd9cf
[2024-07-01T10:26:43.859+0000] {taskinstance.py:2648} INFO - Exporting env vars: AIRFLOW_CTX_DAG_OWNER='airflow' AIRFLOW_CTX_DAG_ID='dag_northwind' AIRFLOW_CTX_TASK_ID='extract_postgres' AIRFLOW_CTX_EXECUTION_DATE='2024-03-22T00:00:00+00:00' AIRFLOW_CTX_TRY_NUMBER='1' AIRFLOW_CTX_DAG_RUN_ID='scheduled__2024-03-22T00:00:00+00:00'
[2024-07-01T10:26:43.862+0000] {taskinstance.py:430} INFO - ::endgroup::
[2024-07-01T10:26:43.901+0000] {subprocess.py:63} INFO - Tmp dir root location: /tmp
[2024-07-01T10:26:43.905+0000] {subprocess.py:75} INFO - Running command: ['/usr/bin/bash', '-c', 'meltano elt tap-postgres target-csv --job_id=extract_postgres_2024-03-22 && mkdir -p /data/postgres/2024-03-22 && mv /project/output/tap-postgres/*.csv /data/postgres/2024-03-22/']
[2024-07-01T10:26:43.922+0000] {subprocess.py:86} INFO - Output:
[2024-07-01T10:26:43.924+0000] {subprocess.py:93} INFO - /usr/bin/bash: line 1: meltano: command not found
[2024-07-01T10:26:43.925+0000] {subprocess.py:97} INFO - Command exited with return code 127
[2024-07-01T10:26:43.926+0000] {taskinstance.py:441} INFO - ::group::Post task execution logs
[2024-07-01T10:26:43.951+0000] {taskinstance.py:2905} ERROR - Task failed with exception
Traceback (most recent call last):
  File "/home/airflow/.local/lib/python3.12/site-packages/airflow/models/taskinstance.py", line 465, in _execute_task
    result = _execute_callable(context=context, **execute_callable_kwargs)
             ^^^^^^^^^^^^^^^^^^^^^^^^^^^^^^^^^^^^^^^^^^^^^^^^^^^^^^^^^^^^^
  File "/home/airflow/.local/lib/python3.12/site-packages/airflow/models/taskinstance.py", line 432, in _execute_callable
    return execute_callable(context=context, **execute_callable_kwargs)
           ^^^^^^^^^^^^^^^^^^^^^^^^^^^^^^^^^^^^^^^^^^^^^^^^^^^^^^^^^^^^
  File "/home/airflow/.local/lib/python3.12/site-packages/airflow/models/baseoperator.py", line 401, in wrapper
    return func(self, *args, **kwargs)
           ^^^^^^^^^^^^^^^^^^^^^^^^^^^
  File "/home/airflow/.local/lib/python3.12/site-packages/airflow/operators/bash.py", line 243, in execute
    raise AirflowException(
airflow.exceptions.AirflowException: Bash command failed. The command returned a non-zero exit code 127.
[2024-07-01T10:26:43.960+0000] {taskinstance.py:1206} INFO - Marking task as UP_FOR_RETRY. dag_id=dag_northwind, task_id=extract_postgres, run_id=scheduled__2024-03-22T00:00:00+00:00, execution_date=20240322T000000, start_date=20240701T102643, end_date=20240701T102643
[2024-07-01T10:26:43.987+0000] {standard_task_runner.py:110} ERROR - Failed to execute job 1198 for task extract_postgres (Bash command failed. The command returned a non-zero exit code 127.; 6489)
[2024-07-01T10:26:44.039+0000] {local_task_job_runner.py:240} INFO - Task exited with return code 1
[2024-07-01T10:26:44.065+0000] {local_task_job_runner.py:222} INFO - ::endgroup::
