[2024-07-01T01:30:42.497+0000] {local_task_job_runner.py:120} INFO - ::group::Pre task execution logs
[2024-07-01T01:30:42.653+0000] {taskinstance.py:2076} INFO - Dependencies all met for dep_context=non-requeueable deps ti=<TaskInstance: dag_northwind.extract_postgres scheduled__2024-03-22T00:00:00+00:00 [queued]>
[2024-07-01T01:30:42.673+0000] {taskinstance.py:2076} INFO - Dependencies all met for dep_context=requeueable deps ti=<TaskInstance: dag_northwind.extract_postgres scheduled__2024-03-22T00:00:00+00:00 [queued]>
[2024-07-01T01:30:42.674+0000] {taskinstance.py:2306} INFO - Starting attempt 2 of 2
[2024-07-01T01:30:42.714+0000] {taskinstance.py:2330} INFO - Executing <Task(BashOperator): extract_postgres> on 2024-03-22 00:00:00+00:00
[2024-07-01T01:30:42.747+0000] {logging_mixin.py:188} WARNING - /home/airflow/.local/lib/python3.12/site-packages/airflow/task/task_runner/standard_task_runner.py:61 DeprecationWarning: This process (pid=1077) is multi-threaded, use of fork() may lead to deadlocks in the child.
[2024-07-01T01:30:42.752+0000] {standard_task_runner.py:63} INFO - Started process 1081 to run task
[2024-07-01T01:30:42.746+0000] {standard_task_runner.py:90} INFO - Running: ['airflow', 'tasks', 'run', 'dag_northwind', 'extract_postgres', 'scheduled__2024-03-22T00:00:00+00:00', '--job-id', '690', '--raw', '--subdir', 'DAGS_FOLDER/dag_northwind.py', '--cfg-path', '/tmp/tmpqxdmh7yo']
[2024-07-01T01:30:42.767+0000] {standard_task_runner.py:91} INFO - Job 690: Subtask extract_postgres
[2024-07-01T01:30:43.157+0000] {task_command.py:426} INFO - Running <TaskInstance: dag_northwind.extract_postgres scheduled__2024-03-22T00:00:00+00:00 [running]> on host 05d913303710
[2024-07-01T01:30:43.667+0000] {taskinstance.py:2648} INFO - Exporting env vars: AIRFLOW_CTX_DAG_OWNER='airflow' AIRFLOW_CTX_DAG_ID='dag_northwind' AIRFLOW_CTX_TASK_ID='extract_postgres' AIRFLOW_CTX_EXECUTION_DATE='2024-03-22T00:00:00+00:00' AIRFLOW_CTX_TRY_NUMBER='2' AIRFLOW_CTX_DAG_RUN_ID='scheduled__2024-03-22T00:00:00+00:00'
[2024-07-01T01:30:43.673+0000] {taskinstance.py:430} INFO - ::endgroup::
[2024-07-01T01:30:43.724+0000] {subprocess.py:63} INFO - Tmp dir root location: /tmp
[2024-07-01T01:30:43.729+0000] {subprocess.py:75} INFO - Running command: ['/usr/bin/bash', '-c', 'meltano elt tap-postgres target-csv --job_id=extract_postgres_2024-03-22 && mkdir -p /data/postgres/2024-03-22 && mv /project/output/tap-postgres/*.csv /data/postgres/2024-03-22/']
[2024-07-01T01:30:43.786+0000] {subprocess.py:86} INFO - Output:
[2024-07-01T01:30:43.793+0000] {subprocess.py:93} INFO - /usr/bin/bash: line 1: meltano: command not found
[2024-07-01T01:30:43.795+0000] {subprocess.py:97} INFO - Command exited with return code 127
[2024-07-01T01:30:43.798+0000] {taskinstance.py:441} INFO - ::group::Post task execution logs
[2024-07-01T01:30:43.833+0000] {taskinstance.py:2905} ERROR - Task failed with exception
Traceback (most recent call last):
  File "/home/airflow/.local/lib/python3.12/site-packages/airflow/models/taskinstance.py", line 465, in _execute_task
    result = _execute_callable(context=context, **execute_callable_kwargs)
             ^^^^^^^^^^^^^^^^^^^^^^^^^^^^^^^^^^^^^^^^^^^^^^^^^^^^^^^^^^^^^
  File "/home/airflow/.local/lib/python3.12/site-packages/airflow/models/taskinstance.py", line 432, in _execute_callable
    return execute_callable(context=context, **execute_callable_kwargs)
           ^^^^^^^^^^^^^^^^^^^^^^^^^^^^^^^^^^^^^^^^^^^^^^^^^^^^^^^^^^^^
  File "/home/airflow/.local/lib/python3.12/site-packages/airflow/models/baseoperator.py", line 401, in wrapper
    return func(self, *args, **kwargs)
           ^^^^^^^^^^^^^^^^^^^^^^^^^^^
  File "/home/airflow/.local/lib/python3.12/site-packages/airflow/operators/bash.py", line 243, in execute
    raise AirflowException(
airflow.exceptions.AirflowException: Bash command failed. The command returned a non-zero exit code 127.
[2024-07-01T01:30:43.855+0000] {taskinstance.py:1206} INFO - Marking task as FAILED. dag_id=dag_northwind, task_id=extract_postgres, run_id=scheduled__2024-03-22T00:00:00+00:00, execution_date=20240322T000000, start_date=20240701T013042, end_date=20240701T013043
[2024-07-01T01:30:43.927+0000] {standard_task_runner.py:110} ERROR - Failed to execute job 690 for task extract_postgres (Bash command failed. The command returned a non-zero exit code 127.; 1081)
[2024-07-01T01:30:43.969+0000] {local_task_job_runner.py:240} INFO - Task exited with return code 1
[2024-07-01T01:30:44.002+0000] {local_task_job_runner.py:222} INFO - ::endgroup::
[2024-07-01T10:31:45.388+0000] {local_task_job_runner.py:120} INFO - ::group::Pre task execution logs
[2024-07-01T10:31:45.476+0000] {taskinstance.py:2076} INFO - Dependencies all met for dep_context=non-requeueable deps ti=<TaskInstance: dag_northwind.extract_postgres scheduled__2024-03-22T00:00:00+00:00 [queued]>
[2024-07-01T10:31:45.497+0000] {taskinstance.py:2076} INFO - Dependencies all met for dep_context=requeueable deps ti=<TaskInstance: dag_northwind.extract_postgres scheduled__2024-03-22T00:00:00+00:00 [queued]>
[2024-07-01T10:31:45.498+0000] {taskinstance.py:2306} INFO - Starting attempt 2 of 2
[2024-07-01T10:31:45.691+0000] {taskinstance.py:2330} INFO - Executing <Task(BashOperator): extract_postgres> on 2024-03-22 00:00:00+00:00
[2024-07-01T10:31:45.717+0000] {logging_mixin.py:188} WARNING - /home/airflow/.local/lib/python3.12/site-packages/airflow/task/task_runner/standard_task_runner.py:61 DeprecationWarning: This process (pid=6656) is multi-threaded, use of fork() may lead to deadlocks in the child.
[2024-07-01T10:31:45.727+0000] {standard_task_runner.py:90} INFO - Running: ['airflow', 'tasks', 'run', 'dag_northwind', 'extract_postgres', 'scheduled__2024-03-22T00:00:00+00:00', '--job-id', '1237', '--raw', '--subdir', 'DAGS_FOLDER/dag_northwind.py', '--cfg-path', '/tmp/tmp0prn16p5']
[2024-07-01T10:31:45.734+0000] {standard_task_runner.py:63} INFO - Started process 6676 to run task
[2024-07-01T10:31:45.734+0000] {standard_task_runner.py:91} INFO - Job 1237: Subtask extract_postgres
[2024-07-01T10:31:45.868+0000] {task_command.py:426} INFO - Running <TaskInstance: dag_northwind.extract_postgres scheduled__2024-03-22T00:00:00+00:00 [running]> on host 85c6ea7cd9cf
[2024-07-01T10:31:46.145+0000] {taskinstance.py:2648} INFO - Exporting env vars: AIRFLOW_CTX_DAG_OWNER='airflow' AIRFLOW_CTX_DAG_ID='dag_northwind' AIRFLOW_CTX_TASK_ID='extract_postgres' AIRFLOW_CTX_EXECUTION_DATE='2024-03-22T00:00:00+00:00' AIRFLOW_CTX_TRY_NUMBER='2' AIRFLOW_CTX_DAG_RUN_ID='scheduled__2024-03-22T00:00:00+00:00'
[2024-07-01T10:31:46.146+0000] {taskinstance.py:430} INFO - ::endgroup::
[2024-07-01T10:31:46.184+0000] {subprocess.py:63} INFO - Tmp dir root location: /tmp
[2024-07-01T10:31:46.191+0000] {subprocess.py:75} INFO - Running command: ['/usr/bin/bash', '-c', 'meltano elt tap-postgres target-csv --job_id=extract_postgres_2024-03-22 && mkdir -p /data/postgres/2024-03-22 && mv /project/output/tap-postgres/*.csv /data/postgres/2024-03-22/']
[2024-07-01T10:31:46.229+0000] {subprocess.py:86} INFO - Output:
[2024-07-01T10:31:46.232+0000] {subprocess.py:93} INFO - /usr/bin/bash: line 1: meltano: command not found
[2024-07-01T10:31:46.233+0000] {subprocess.py:97} INFO - Command exited with return code 127
[2024-07-01T10:31:46.237+0000] {taskinstance.py:441} INFO - ::group::Post task execution logs
[2024-07-01T10:31:46.269+0000] {taskinstance.py:2905} ERROR - Task failed with exception
Traceback (most recent call last):
  File "/home/airflow/.local/lib/python3.12/site-packages/airflow/models/taskinstance.py", line 465, in _execute_task
    result = _execute_callable(context=context, **execute_callable_kwargs)
             ^^^^^^^^^^^^^^^^^^^^^^^^^^^^^^^^^^^^^^^^^^^^^^^^^^^^^^^^^^^^^
  File "/home/airflow/.local/lib/python3.12/site-packages/airflow/models/taskinstance.py", line 432, in _execute_callable
    return execute_callable(context=context, **execute_callable_kwargs)
           ^^^^^^^^^^^^^^^^^^^^^^^^^^^^^^^^^^^^^^^^^^^^^^^^^^^^^^^^^^^^
  File "/home/airflow/.local/lib/python3.12/site-packages/airflow/models/baseoperator.py", line 401, in wrapper
    return func(self, *args, **kwargs)
           ^^^^^^^^^^^^^^^^^^^^^^^^^^^
  File "/home/airflow/.local/lib/python3.12/site-packages/airflow/operators/bash.py", line 243, in execute
    raise AirflowException(
airflow.exceptions.AirflowException: Bash command failed. The command returned a non-zero exit code 127.
[2024-07-01T10:31:46.283+0000] {taskinstance.py:1206} INFO - Marking task as FAILED. dag_id=dag_northwind, task_id=extract_postgres, run_id=scheduled__2024-03-22T00:00:00+00:00, execution_date=20240322T000000, start_date=20240701T103145, end_date=20240701T103146
[2024-07-01T10:31:46.323+0000] {standard_task_runner.py:110} ERROR - Failed to execute job 1237 for task extract_postgres (Bash command failed. The command returned a non-zero exit code 127.; 6676)
[2024-07-01T10:31:46.354+0000] {local_task_job_runner.py:240} INFO - Task exited with return code 1
[2024-07-01T10:31:46.410+0000] {taskinstance.py:3503} INFO - 0 downstream tasks scheduled from follow-on schedule check
[2024-07-01T10:31:46.420+0000] {local_task_job_runner.py:222} INFO - ::endgroup::
