[2024-07-01T01:20:24.298+0000] {local_task_job_runner.py:120} INFO - ::group::Pre task execution logs
[2024-07-01T01:20:24.369+0000] {taskinstance.py:2076} INFO - Dependencies all met for dep_context=non-requeueable deps ti=<TaskInstance: dag_northwind.extract_csv scheduled__2024-02-27T00:00:00+00:00 [queued]>
[2024-07-01T01:20:24.381+0000] {taskinstance.py:2076} INFO - Dependencies all met for dep_context=requeueable deps ti=<TaskInstance: dag_northwind.extract_csv scheduled__2024-02-27T00:00:00+00:00 [queued]>
[2024-07-01T01:20:24.382+0000] {taskinstance.py:2306} INFO - Starting attempt 2 of 2
[2024-07-01T01:20:24.410+0000] {taskinstance.py:2330} INFO - Executing <Task(BashOperator): extract_csv> on 2024-02-27 00:00:00+00:00
[2024-07-01T01:20:24.424+0000] {logging_mixin.py:188} WARNING - /home/airflow/.local/lib/python3.12/site-packages/airflow/task/task_runner/standard_task_runner.py:61 DeprecationWarning: This process (pid=521) is multi-threaded, use of fork() may lead to deadlocks in the child.
[2024-07-01T01:20:24.426+0000] {standard_task_runner.py:63} INFO - Started process 529 to run task
[2024-07-01T01:20:24.424+0000] {standard_task_runner.py:90} INFO - Running: ['airflow', 'tasks', 'run', 'dag_northwind', 'extract_csv', 'scheduled__2024-02-27T00:00:00+00:00', '--job-id', '570', '--raw', '--subdir', 'DAGS_FOLDER/dag_northwind.py', '--cfg-path', '/tmp/tmpuy9f7anu']
[2024-07-01T01:20:24.427+0000] {standard_task_runner.py:91} INFO - Job 570: Subtask extract_csv
[2024-07-01T01:20:24.520+0000] {task_command.py:426} INFO - Running <TaskInstance: dag_northwind.extract_csv scheduled__2024-02-27T00:00:00+00:00 [running]> on host 05d913303710
[2024-07-01T01:20:24.694+0000] {taskinstance.py:2648} INFO - Exporting env vars: AIRFLOW_CTX_DAG_OWNER='airflow' AIRFLOW_CTX_DAG_ID='dag_northwind' AIRFLOW_CTX_TASK_ID='extract_csv' AIRFLOW_CTX_EXECUTION_DATE='2024-02-27T00:00:00+00:00' AIRFLOW_CTX_TRY_NUMBER='2' AIRFLOW_CTX_DAG_RUN_ID='scheduled__2024-02-27T00:00:00+00:00'
[2024-07-01T01:20:24.696+0000] {taskinstance.py:430} INFO - ::endgroup::
[2024-07-01T01:20:24.731+0000] {subprocess.py:63} INFO - Tmp dir root location: /tmp
[2024-07-01T01:20:24.733+0000] {subprocess.py:75} INFO - Running command: ['/usr/bin/bash', '-c', 'meltano elt tap-csv target-csv --job_id=extract_csv_2024-02-27 && mkdir -p /data/csv/2024-02-27 && mv /project/output/tap-csv/*.csv /data/csv/2024-02-27/']
[2024-07-01T01:20:24.810+0000] {subprocess.py:86} INFO - Output:
[2024-07-01T01:20:24.814+0000] {subprocess.py:93} INFO - /usr/bin/bash: line 1: meltano: command not found
[2024-07-01T01:20:24.816+0000] {subprocess.py:97} INFO - Command exited with return code 127
[2024-07-01T01:20:24.817+0000] {taskinstance.py:441} INFO - ::group::Post task execution logs
[2024-07-01T01:20:24.836+0000] {taskinstance.py:2905} ERROR - Task failed with exception
Traceback (most recent call last):
  File "/home/airflow/.local/lib/python3.12/site-packages/airflow/models/taskinstance.py", line 465, in _execute_task
    result = _execute_callable(context=context, **execute_callable_kwargs)
             ^^^^^^^^^^^^^^^^^^^^^^^^^^^^^^^^^^^^^^^^^^^^^^^^^^^^^^^^^^^^^
  File "/home/airflow/.local/lib/python3.12/site-packages/airflow/models/taskinstance.py", line 432, in _execute_callable
    return execute_callable(context=context, **execute_callable_kwargs)
           ^^^^^^^^^^^^^^^^^^^^^^^^^^^^^^^^^^^^^^^^^^^^^^^^^^^^^^^^^^^^
  File "/home/airflow/.local/lib/python3.12/site-packages/airflow/models/baseoperator.py", line 401, in wrapper
    return func(self, *args, **kwargs)
           ^^^^^^^^^^^^^^^^^^^^^^^^^^^
  File "/home/airflow/.local/lib/python3.12/site-packages/airflow/operators/bash.py", line 243, in execute
    raise AirflowException(
airflow.exceptions.AirflowException: Bash command failed. The command returned a non-zero exit code 127.
[2024-07-01T01:20:24.843+0000] {taskinstance.py:1206} INFO - Marking task as FAILED. dag_id=dag_northwind, task_id=extract_csv, run_id=scheduled__2024-02-27T00:00:00+00:00, execution_date=20240227T000000, start_date=20240701T012024, end_date=20240701T012024
[2024-07-01T01:20:24.867+0000] {standard_task_runner.py:110} ERROR - Failed to execute job 570 for task extract_csv (Bash command failed. The command returned a non-zero exit code 127.; 529)
[2024-07-01T01:20:24.926+0000] {local_task_job_runner.py:240} INFO - Task exited with return code 1
[2024-07-01T01:20:24.968+0000] {taskinstance.py:3503} INFO - 0 downstream tasks scheduled from follow-on schedule check
[2024-07-01T01:20:24.977+0000] {local_task_job_runner.py:222} INFO - ::endgroup::
[2024-07-01T10:21:29.264+0000] {local_task_job_runner.py:120} INFO - ::group::Pre task execution logs
[2024-07-01T10:21:29.342+0000] {taskinstance.py:2076} INFO - Dependencies all met for dep_context=non-requeueable deps ti=<TaskInstance: dag_northwind.extract_csv scheduled__2024-02-27T00:00:00+00:00 [queued]>
[2024-07-01T10:21:29.360+0000] {taskinstance.py:2076} INFO - Dependencies all met for dep_context=requeueable deps ti=<TaskInstance: dag_northwind.extract_csv scheduled__2024-02-27T00:00:00+00:00 [queued]>
[2024-07-01T10:21:29.361+0000] {taskinstance.py:2306} INFO - Starting attempt 2 of 2
[2024-07-01T10:21:29.385+0000] {taskinstance.py:2330} INFO - Executing <Task(BashOperator): extract_csv> on 2024-02-27 00:00:00+00:00
[2024-07-01T10:21:29.398+0000] {logging_mixin.py:188} WARNING - /home/airflow/.local/lib/python3.12/site-packages/airflow/task/task_runner/standard_task_runner.py:61 DeprecationWarning: This process (pid=6099) is multi-threaded, use of fork() may lead to deadlocks in the child.
[2024-07-01T10:21:29.400+0000] {standard_task_runner.py:63} INFO - Started process 6112 to run task
[2024-07-01T10:21:29.398+0000] {standard_task_runner.py:90} INFO - Running: ['airflow', 'tasks', 'run', 'dag_northwind', 'extract_csv', 'scheduled__2024-02-27T00:00:00+00:00', '--job-id', '1118', '--raw', '--subdir', 'DAGS_FOLDER/dag_northwind.py', '--cfg-path', '/tmp/tmpdy5sd3gr']
[2024-07-01T10:21:29.402+0000] {standard_task_runner.py:91} INFO - Job 1118: Subtask extract_csv
[2024-07-01T10:21:29.481+0000] {task_command.py:426} INFO - Running <TaskInstance: dag_northwind.extract_csv scheduled__2024-02-27T00:00:00+00:00 [running]> on host 85c6ea7cd9cf
[2024-07-01T10:21:29.618+0000] {taskinstance.py:2648} INFO - Exporting env vars: AIRFLOW_CTX_DAG_OWNER='airflow' AIRFLOW_CTX_DAG_ID='dag_northwind' AIRFLOW_CTX_TASK_ID='extract_csv' AIRFLOW_CTX_EXECUTION_DATE='2024-02-27T00:00:00+00:00' AIRFLOW_CTX_TRY_NUMBER='2' AIRFLOW_CTX_DAG_RUN_ID='scheduled__2024-02-27T00:00:00+00:00'
[2024-07-01T10:21:29.619+0000] {taskinstance.py:430} INFO - ::endgroup::
[2024-07-01T10:21:29.649+0000] {subprocess.py:63} INFO - Tmp dir root location: /tmp
[2024-07-01T10:21:29.650+0000] {subprocess.py:75} INFO - Running command: ['/usr/bin/bash', '-c', 'meltano elt tap-csv target-csv --job_id=extract_csv_2024-02-27 && mkdir -p /data/csv/2024-02-27 && mv /project/output/tap-csv/*.csv /data/csv/2024-02-27/']
[2024-07-01T10:21:29.663+0000] {subprocess.py:86} INFO - Output:
[2024-07-01T10:21:29.665+0000] {subprocess.py:93} INFO - /usr/bin/bash: line 1: meltano: command not found
[2024-07-01T10:21:29.666+0000] {subprocess.py:97} INFO - Command exited with return code 127
[2024-07-01T10:21:29.667+0000] {taskinstance.py:441} INFO - ::group::Post task execution logs
[2024-07-01T10:21:29.683+0000] {taskinstance.py:2905} ERROR - Task failed with exception
Traceback (most recent call last):
  File "/home/airflow/.local/lib/python3.12/site-packages/airflow/models/taskinstance.py", line 465, in _execute_task
    result = _execute_callable(context=context, **execute_callable_kwargs)
             ^^^^^^^^^^^^^^^^^^^^^^^^^^^^^^^^^^^^^^^^^^^^^^^^^^^^^^^^^^^^^
  File "/home/airflow/.local/lib/python3.12/site-packages/airflow/models/taskinstance.py", line 432, in _execute_callable
    return execute_callable(context=context, **execute_callable_kwargs)
           ^^^^^^^^^^^^^^^^^^^^^^^^^^^^^^^^^^^^^^^^^^^^^^^^^^^^^^^^^^^^
  File "/home/airflow/.local/lib/python3.12/site-packages/airflow/models/baseoperator.py", line 401, in wrapper
    return func(self, *args, **kwargs)
           ^^^^^^^^^^^^^^^^^^^^^^^^^^^
  File "/home/airflow/.local/lib/python3.12/site-packages/airflow/operators/bash.py", line 243, in execute
    raise AirflowException(
airflow.exceptions.AirflowException: Bash command failed. The command returned a non-zero exit code 127.
[2024-07-01T10:21:29.690+0000] {taskinstance.py:1206} INFO - Marking task as FAILED. dag_id=dag_northwind, task_id=extract_csv, run_id=scheduled__2024-02-27T00:00:00+00:00, execution_date=20240227T000000, start_date=20240701T102129, end_date=20240701T102129
[2024-07-01T10:21:29.705+0000] {standard_task_runner.py:110} ERROR - Failed to execute job 1118 for task extract_csv (Bash command failed. The command returned a non-zero exit code 127.; 6112)
[2024-07-01T10:21:29.737+0000] {local_task_job_runner.py:240} INFO - Task exited with return code 1
[2024-07-01T10:21:29.759+0000] {taskinstance.py:3503} INFO - 0 downstream tasks scheduled from follow-on schedule check
[2024-07-01T10:21:29.761+0000] {local_task_job_runner.py:222} INFO - ::endgroup::
