[2024-07-01T01:15:13.955+0000] {local_task_job_runner.py:120} INFO - ::group::Pre task execution logs
[2024-07-01T01:15:14.023+0000] {taskinstance.py:2076} INFO - Dependencies all met for dep_context=non-requeueable deps ti=<TaskInstance: dag_northwind.extract_csv scheduled__2024-02-27T00:00:00+00:00 [queued]>
[2024-07-01T01:15:14.038+0000] {taskinstance.py:2076} INFO - Dependencies all met for dep_context=requeueable deps ti=<TaskInstance: dag_northwind.extract_csv scheduled__2024-02-27T00:00:00+00:00 [queued]>
[2024-07-01T01:15:14.040+0000] {taskinstance.py:2306} INFO - Starting attempt 1 of 2
[2024-07-01T01:15:14.177+0000] {taskinstance.py:2330} INFO - Executing <Task(BashOperator): extract_csv> on 2024-02-27 00:00:00+00:00
[2024-07-01T01:15:14.195+0000] {logging_mixin.py:188} WARNING - /home/airflow/.local/lib/python3.12/site-packages/airflow/task/task_runner/standard_task_runner.py:61 DeprecationWarning: This process (pid=343) is multi-threaded, use of fork() may lead to deadlocks in the child.
[2024-07-01T01:15:14.195+0000] {standard_task_runner.py:90} INFO - Running: ['airflow', 'tasks', 'run', 'dag_northwind', 'extract_csv', 'scheduled__2024-02-27T00:00:00+00:00', '--job-id', '539', '--raw', '--subdir', 'DAGS_FOLDER/dag_northwind.py', '--cfg-path', '/tmp/tmpnsvxpb0j']
[2024-07-01T01:15:14.198+0000] {standard_task_runner.py:63} INFO - Started process 348 to run task
[2024-07-01T01:15:14.199+0000] {standard_task_runner.py:91} INFO - Job 539: Subtask extract_csv
[2024-07-01T01:15:14.296+0000] {task_command.py:426} INFO - Running <TaskInstance: dag_northwind.extract_csv scheduled__2024-02-27T00:00:00+00:00 [running]> on host 05d913303710
[2024-07-01T01:15:16.419+0000] {taskinstance.py:2648} INFO - Exporting env vars: AIRFLOW_CTX_DAG_OWNER='airflow' AIRFLOW_CTX_DAG_ID='dag_northwind' AIRFLOW_CTX_TASK_ID='extract_csv' AIRFLOW_CTX_EXECUTION_DATE='2024-02-27T00:00:00+00:00' AIRFLOW_CTX_TRY_NUMBER='1' AIRFLOW_CTX_DAG_RUN_ID='scheduled__2024-02-27T00:00:00+00:00'
[2024-07-01T01:15:16.420+0000] {taskinstance.py:430} INFO - ::endgroup::
[2024-07-01T01:15:16.444+0000] {subprocess.py:63} INFO - Tmp dir root location: /tmp
[2024-07-01T01:15:16.445+0000] {subprocess.py:75} INFO - Running command: ['/usr/bin/bash', '-c', 'meltano elt tap-csv target-csv --job_id=extract_csv_2024-02-27 && mkdir -p /data/csv/2024-02-27 && mv /project/output/tap-csv/*.csv /data/csv/2024-02-27/']
[2024-07-01T01:15:16.460+0000] {subprocess.py:86} INFO - Output:
[2024-07-01T01:15:16.462+0000] {subprocess.py:93} INFO - /usr/bin/bash: line 1: meltano: command not found
[2024-07-01T01:15:16.463+0000] {subprocess.py:97} INFO - Command exited with return code 127
[2024-07-01T01:15:16.464+0000] {taskinstance.py:441} INFO - ::group::Post task execution logs
[2024-07-01T01:15:16.478+0000] {taskinstance.py:2905} ERROR - Task failed with exception
Traceback (most recent call last):
  File "/home/airflow/.local/lib/python3.12/site-packages/airflow/models/taskinstance.py", line 465, in _execute_task
    result = _execute_callable(context=context, **execute_callable_kwargs)
             ^^^^^^^^^^^^^^^^^^^^^^^^^^^^^^^^^^^^^^^^^^^^^^^^^^^^^^^^^^^^^
  File "/home/airflow/.local/lib/python3.12/site-packages/airflow/models/taskinstance.py", line 432, in _execute_callable
    return execute_callable(context=context, **execute_callable_kwargs)
           ^^^^^^^^^^^^^^^^^^^^^^^^^^^^^^^^^^^^^^^^^^^^^^^^^^^^^^^^^^^^
  File "/home/airflow/.local/lib/python3.12/site-packages/airflow/models/baseoperator.py", line 401, in wrapper
    return func(self, *args, **kwargs)
           ^^^^^^^^^^^^^^^^^^^^^^^^^^^
  File "/home/airflow/.local/lib/python3.12/site-packages/airflow/operators/bash.py", line 243, in execute
    raise AirflowException(
airflow.exceptions.AirflowException: Bash command failed. The command returned a non-zero exit code 127.
[2024-07-01T01:15:16.484+0000] {taskinstance.py:1206} INFO - Marking task as UP_FOR_RETRY. dag_id=dag_northwind, task_id=extract_csv, run_id=scheduled__2024-02-27T00:00:00+00:00, execution_date=20240227T000000, start_date=20240701T011514, end_date=20240701T011516
[2024-07-01T01:15:17.709+0000] {standard_task_runner.py:110} ERROR - Failed to execute job 539 for task extract_csv (Bash command failed. The command returned a non-zero exit code 127.; 348)
[2024-07-01T01:15:18.068+0000] {local_task_job_runner.py:240} INFO - Task exited with return code 1
[2024-07-01T01:15:18.119+0000] {taskinstance.py:3503} INFO - 0 downstream tasks scheduled from follow-on schedule check
[2024-07-01T01:15:19.270+0000] {local_task_job_runner.py:222} INFO - ::endgroup::
[2024-07-01T10:16:28.005+0000] {local_task_job_runner.py:120} INFO - ::group::Pre task execution logs
[2024-07-01T10:16:28.092+0000] {taskinstance.py:2076} INFO - Dependencies all met for dep_context=non-requeueable deps ti=<TaskInstance: dag_northwind.extract_csv scheduled__2024-02-27T00:00:00+00:00 [queued]>
[2024-07-01T10:16:28.109+0000] {taskinstance.py:2076} INFO - Dependencies all met for dep_context=requeueable deps ti=<TaskInstance: dag_northwind.extract_csv scheduled__2024-02-27T00:00:00+00:00 [queued]>
[2024-07-01T10:16:28.110+0000] {taskinstance.py:2306} INFO - Starting attempt 1 of 2
[2024-07-01T10:16:28.245+0000] {taskinstance.py:2330} INFO - Executing <Task(BashOperator): extract_csv> on 2024-02-27 00:00:00+00:00
[2024-07-01T10:16:28.260+0000] {logging_mixin.py:188} WARNING - /home/airflow/.local/lib/python3.12/site-packages/airflow/task/task_runner/standard_task_runner.py:61 DeprecationWarning: This process (pid=5919) is multi-threaded, use of fork() may lead to deadlocks in the child.
[2024-07-01T10:16:28.260+0000] {standard_task_runner.py:90} INFO - Running: ['airflow', 'tasks', 'run', 'dag_northwind', 'extract_csv', 'scheduled__2024-02-27T00:00:00+00:00', '--job-id', '1085', '--raw', '--subdir', 'DAGS_FOLDER/dag_northwind.py', '--cfg-path', '/tmp/tmp62cyfe4t']
[2024-07-01T10:16:28.272+0000] {standard_task_runner.py:63} INFO - Started process 5934 to run task
[2024-07-01T10:16:28.272+0000] {standard_task_runner.py:91} INFO - Job 1085: Subtask extract_csv
[2024-07-01T10:16:28.383+0000] {task_command.py:426} INFO - Running <TaskInstance: dag_northwind.extract_csv scheduled__2024-02-27T00:00:00+00:00 [running]> on host 85c6ea7cd9cf
[2024-07-01T10:16:28.533+0000] {taskinstance.py:2648} INFO - Exporting env vars: AIRFLOW_CTX_DAG_OWNER='airflow' AIRFLOW_CTX_DAG_ID='dag_northwind' AIRFLOW_CTX_TASK_ID='extract_csv' AIRFLOW_CTX_EXECUTION_DATE='2024-02-27T00:00:00+00:00' AIRFLOW_CTX_TRY_NUMBER='1' AIRFLOW_CTX_DAG_RUN_ID='scheduled__2024-02-27T00:00:00+00:00'
[2024-07-01T10:16:28.534+0000] {taskinstance.py:430} INFO - ::endgroup::
[2024-07-01T10:16:28.575+0000] {subprocess.py:63} INFO - Tmp dir root location: /tmp
[2024-07-01T10:16:28.576+0000] {subprocess.py:75} INFO - Running command: ['/usr/bin/bash', '-c', 'meltano elt tap-csv target-csv --job_id=extract_csv_2024-02-27 && mkdir -p /data/csv/2024-02-27 && mv /project/output/tap-csv/*.csv /data/csv/2024-02-27/']
[2024-07-01T10:16:28.593+0000] {subprocess.py:86} INFO - Output:
[2024-07-01T10:16:28.596+0000] {subprocess.py:93} INFO - /usr/bin/bash: line 1: meltano: command not found
[2024-07-01T10:16:28.597+0000] {subprocess.py:97} INFO - Command exited with return code 127
[2024-07-01T10:16:28.598+0000] {taskinstance.py:441} INFO - ::group::Post task execution logs
[2024-07-01T10:16:28.621+0000] {taskinstance.py:2905} ERROR - Task failed with exception
Traceback (most recent call last):
  File "/home/airflow/.local/lib/python3.12/site-packages/airflow/models/taskinstance.py", line 465, in _execute_task
    result = _execute_callable(context=context, **execute_callable_kwargs)
             ^^^^^^^^^^^^^^^^^^^^^^^^^^^^^^^^^^^^^^^^^^^^^^^^^^^^^^^^^^^^^
  File "/home/airflow/.local/lib/python3.12/site-packages/airflow/models/taskinstance.py", line 432, in _execute_callable
    return execute_callable(context=context, **execute_callable_kwargs)
           ^^^^^^^^^^^^^^^^^^^^^^^^^^^^^^^^^^^^^^^^^^^^^^^^^^^^^^^^^^^^
  File "/home/airflow/.local/lib/python3.12/site-packages/airflow/models/baseoperator.py", line 401, in wrapper
    return func(self, *args, **kwargs)
           ^^^^^^^^^^^^^^^^^^^^^^^^^^^
  File "/home/airflow/.local/lib/python3.12/site-packages/airflow/operators/bash.py", line 243, in execute
    raise AirflowException(
airflow.exceptions.AirflowException: Bash command failed. The command returned a non-zero exit code 127.
[2024-07-01T10:16:28.630+0000] {taskinstance.py:1206} INFO - Marking task as UP_FOR_RETRY. dag_id=dag_northwind, task_id=extract_csv, run_id=scheduled__2024-02-27T00:00:00+00:00, execution_date=20240227T000000, start_date=20240701T101628, end_date=20240701T101628
[2024-07-01T10:16:28.651+0000] {standard_task_runner.py:110} ERROR - Failed to execute job 1085 for task extract_csv (Bash command failed. The command returned a non-zero exit code 127.; 5934)
[2024-07-01T10:16:28.693+0000] {local_task_job_runner.py:240} INFO - Task exited with return code 1
[2024-07-01T10:16:28.709+0000] {local_task_job_runner.py:222} INFO - ::endgroup::
