[2024-07-01T01:30:50.702+0000] {local_task_job_runner.py:120} INFO - ::group::Pre task execution logs
[2024-07-01T01:30:50.790+0000] {taskinstance.py:2076} INFO - Dependencies all met for dep_context=non-requeueable deps ti=<TaskInstance: dag_northwind.extract_csv scheduled__2024-04-15T00:00:00+00:00 [queued]>
[2024-07-01T01:30:50.808+0000] {taskinstance.py:2076} INFO - Dependencies all met for dep_context=requeueable deps ti=<TaskInstance: dag_northwind.extract_csv scheduled__2024-04-15T00:00:00+00:00 [queued]>
[2024-07-01T01:30:50.809+0000] {taskinstance.py:2306} INFO - Starting attempt 1 of 2
[2024-07-01T01:30:50.927+0000] {taskinstance.py:2330} INFO - Executing <Task(BashOperator): extract_csv> on 2024-04-15 00:00:00+00:00
[2024-07-01T01:30:50.943+0000] {logging_mixin.py:188} WARNING - /home/airflow/.local/lib/python3.12/site-packages/airflow/task/task_runner/standard_task_runner.py:61 DeprecationWarning: This process (pid=1257) is multi-threaded, use of fork() may lead to deadlocks in the child.
[2024-07-01T01:30:50.946+0000] {standard_task_runner.py:63} INFO - Started process 1272 to run task
[2024-07-01T01:30:50.942+0000] {standard_task_runner.py:90} INFO - Running: ['airflow', 'tasks', 'run', 'dag_northwind', 'extract_csv', 'scheduled__2024-04-15T00:00:00+00:00', '--job-id', '731', '--raw', '--subdir', 'DAGS_FOLDER/dag_northwind.py', '--cfg-path', '/tmp/tmp4xidt2kc']
[2024-07-01T01:30:50.950+0000] {standard_task_runner.py:91} INFO - Job 731: Subtask extract_csv
[2024-07-01T01:30:51.076+0000] {task_command.py:426} INFO - Running <TaskInstance: dag_northwind.extract_csv scheduled__2024-04-15T00:00:00+00:00 [running]> on host 05d913303710
[2024-07-01T01:30:51.243+0000] {taskinstance.py:2648} INFO - Exporting env vars: AIRFLOW_CTX_DAG_OWNER='airflow' AIRFLOW_CTX_DAG_ID='dag_northwind' AIRFLOW_CTX_TASK_ID='extract_csv' AIRFLOW_CTX_EXECUTION_DATE='2024-04-15T00:00:00+00:00' AIRFLOW_CTX_TRY_NUMBER='1' AIRFLOW_CTX_DAG_RUN_ID='scheduled__2024-04-15T00:00:00+00:00'
[2024-07-01T01:30:51.244+0000] {taskinstance.py:430} INFO - ::endgroup::
[2024-07-01T01:30:51.286+0000] {subprocess.py:63} INFO - Tmp dir root location: /tmp
[2024-07-01T01:30:51.291+0000] {subprocess.py:75} INFO - Running command: ['/usr/bin/bash', '-c', 'meltano elt tap-csv target-csv --job_id=extract_csv_2024-04-15 && mkdir -p /data/csv/2024-04-15 && mv /project/output/tap-csv/*.csv /data/csv/2024-04-15/']
[2024-07-01T01:30:51.311+0000] {subprocess.py:86} INFO - Output:
[2024-07-01T01:30:51.316+0000] {subprocess.py:93} INFO - /usr/bin/bash: line 1: meltano: command not found
[2024-07-01T01:30:51.318+0000] {subprocess.py:97} INFO - Command exited with return code 127
[2024-07-01T01:30:51.319+0000] {taskinstance.py:441} INFO - ::group::Post task execution logs
[2024-07-01T01:30:51.340+0000] {taskinstance.py:2905} ERROR - Task failed with exception
Traceback (most recent call last):
  File "/home/airflow/.local/lib/python3.12/site-packages/airflow/models/taskinstance.py", line 465, in _execute_task
    result = _execute_callable(context=context, **execute_callable_kwargs)
             ^^^^^^^^^^^^^^^^^^^^^^^^^^^^^^^^^^^^^^^^^^^^^^^^^^^^^^^^^^^^^
  File "/home/airflow/.local/lib/python3.12/site-packages/airflow/models/taskinstance.py", line 432, in _execute_callable
    return execute_callable(context=context, **execute_callable_kwargs)
           ^^^^^^^^^^^^^^^^^^^^^^^^^^^^^^^^^^^^^^^^^^^^^^^^^^^^^^^^^^^^
  File "/home/airflow/.local/lib/python3.12/site-packages/airflow/models/baseoperator.py", line 401, in wrapper
    return func(self, *args, **kwargs)
           ^^^^^^^^^^^^^^^^^^^^^^^^^^^
  File "/home/airflow/.local/lib/python3.12/site-packages/airflow/operators/bash.py", line 243, in execute
    raise AirflowException(
airflow.exceptions.AirflowException: Bash command failed. The command returned a non-zero exit code 127.
[2024-07-01T01:30:51.355+0000] {taskinstance.py:1206} INFO - Marking task as UP_FOR_RETRY. dag_id=dag_northwind, task_id=extract_csv, run_id=scheduled__2024-04-15T00:00:00+00:00, execution_date=20240415T000000, start_date=20240701T013050, end_date=20240701T013051
[2024-07-01T01:30:51.389+0000] {standard_task_runner.py:110} ERROR - Failed to execute job 731 for task extract_csv (Bash command failed. The command returned a non-zero exit code 127.; 1272)
[2024-07-01T01:30:51.407+0000] {local_task_job_runner.py:240} INFO - Task exited with return code 1
[2024-07-01T01:30:51.454+0000] {taskinstance.py:3503} INFO - 0 downstream tasks scheduled from follow-on schedule check
[2024-07-01T01:30:51.457+0000] {local_task_job_runner.py:222} INFO - ::endgroup::
[2024-07-01T10:32:00.560+0000] {local_task_job_runner.py:120} INFO - ::group::Pre task execution logs
[2024-07-01T10:32:00.644+0000] {taskinstance.py:2076} INFO - Dependencies all met for dep_context=non-requeueable deps ti=<TaskInstance: dag_northwind.extract_csv scheduled__2024-04-15T00:00:00+00:00 [queued]>
[2024-07-01T10:32:00.664+0000] {taskinstance.py:2076} INFO - Dependencies all met for dep_context=requeueable deps ti=<TaskInstance: dag_northwind.extract_csv scheduled__2024-04-15T00:00:00+00:00 [queued]>
[2024-07-01T10:32:00.665+0000] {taskinstance.py:2306} INFO - Starting attempt 1 of 2
[2024-07-01T10:32:00.816+0000] {taskinstance.py:2330} INFO - Executing <Task(BashOperator): extract_csv> on 2024-04-15 00:00:00+00:00
[2024-07-01T10:32:00.831+0000] {logging_mixin.py:188} WARNING - /home/airflow/.local/lib/python3.12/site-packages/airflow/task/task_runner/standard_task_runner.py:61 DeprecationWarning: This process (pid=6842) is multi-threaded, use of fork() may lead to deadlocks in the child.
[2024-07-01T10:32:00.830+0000] {standard_task_runner.py:90} INFO - Running: ['airflow', 'tasks', 'run', 'dag_northwind', 'extract_csv', 'scheduled__2024-04-15T00:00:00+00:00', '--job-id', '1277', '--raw', '--subdir', 'DAGS_FOLDER/dag_northwind.py', '--cfg-path', '/tmp/tmp3betrokk']
[2024-07-01T10:32:00.834+0000] {standard_task_runner.py:63} INFO - Started process 6857 to run task
[2024-07-01T10:32:00.834+0000] {standard_task_runner.py:91} INFO - Job 1277: Subtask extract_csv
[2024-07-01T10:32:00.935+0000] {task_command.py:426} INFO - Running <TaskInstance: dag_northwind.extract_csv scheduled__2024-04-15T00:00:00+00:00 [running]> on host 85c6ea7cd9cf
[2024-07-01T10:32:01.060+0000] {taskinstance.py:2648} INFO - Exporting env vars: AIRFLOW_CTX_DAG_OWNER='airflow' AIRFLOW_CTX_DAG_ID='dag_northwind' AIRFLOW_CTX_TASK_ID='extract_csv' AIRFLOW_CTX_EXECUTION_DATE='2024-04-15T00:00:00+00:00' AIRFLOW_CTX_TRY_NUMBER='1' AIRFLOW_CTX_DAG_RUN_ID='scheduled__2024-04-15T00:00:00+00:00'
[2024-07-01T10:32:01.061+0000] {taskinstance.py:430} INFO - ::endgroup::
[2024-07-01T10:32:01.087+0000] {subprocess.py:63} INFO - Tmp dir root location: /tmp
[2024-07-01T10:32:01.088+0000] {subprocess.py:75} INFO - Running command: ['/usr/bin/bash', '-c', 'meltano elt tap-csv target-csv --job_id=extract_csv_2024-04-15 && mkdir -p /data/csv/2024-04-15 && mv /project/output/tap-csv/*.csv /data/csv/2024-04-15/']
[2024-07-01T10:32:01.106+0000] {subprocess.py:86} INFO - Output:
[2024-07-01T10:32:01.110+0000] {subprocess.py:93} INFO - /usr/bin/bash: line 1: meltano: command not found
[2024-07-01T10:32:01.112+0000] {subprocess.py:97} INFO - Command exited with return code 127
[2024-07-01T10:32:01.114+0000] {taskinstance.py:441} INFO - ::group::Post task execution logs
[2024-07-01T10:32:01.132+0000] {taskinstance.py:2905} ERROR - Task failed with exception
Traceback (most recent call last):
  File "/home/airflow/.local/lib/python3.12/site-packages/airflow/models/taskinstance.py", line 465, in _execute_task
    result = _execute_callable(context=context, **execute_callable_kwargs)
             ^^^^^^^^^^^^^^^^^^^^^^^^^^^^^^^^^^^^^^^^^^^^^^^^^^^^^^^^^^^^^
  File "/home/airflow/.local/lib/python3.12/site-packages/airflow/models/taskinstance.py", line 432, in _execute_callable
    return execute_callable(context=context, **execute_callable_kwargs)
           ^^^^^^^^^^^^^^^^^^^^^^^^^^^^^^^^^^^^^^^^^^^^^^^^^^^^^^^^^^^^
  File "/home/airflow/.local/lib/python3.12/site-packages/airflow/models/baseoperator.py", line 401, in wrapper
    return func(self, *args, **kwargs)
           ^^^^^^^^^^^^^^^^^^^^^^^^^^^
  File "/home/airflow/.local/lib/python3.12/site-packages/airflow/operators/bash.py", line 243, in execute
    raise AirflowException(
airflow.exceptions.AirflowException: Bash command failed. The command returned a non-zero exit code 127.
[2024-07-01T10:32:01.142+0000] {taskinstance.py:1206} INFO - Marking task as UP_FOR_RETRY. dag_id=dag_northwind, task_id=extract_csv, run_id=scheduled__2024-04-15T00:00:00+00:00, execution_date=20240415T000000, start_date=20240701T103200, end_date=20240701T103201
[2024-07-01T10:32:01.185+0000] {standard_task_runner.py:110} ERROR - Failed to execute job 1277 for task extract_csv (Bash command failed. The command returned a non-zero exit code 127.; 6857)
[2024-07-01T10:32:01.211+0000] {local_task_job_runner.py:240} INFO - Task exited with return code 1
[2024-07-01T10:32:01.229+0000] {local_task_job_runner.py:222} INFO - ::endgroup::
