[2024-07-01T01:35:52.304+0000] {local_task_job_runner.py:120} INFO - ::group::Pre task execution logs
[2024-07-01T01:35:52.379+0000] {taskinstance.py:2076} INFO - Dependencies all met for dep_context=non-requeueable deps ti=<TaskInstance: dag_northwind.extract_csv scheduled__2024-04-15T00:00:00+00:00 [queued]>
[2024-07-01T01:35:52.392+0000] {taskinstance.py:2076} INFO - Dependencies all met for dep_context=requeueable deps ti=<TaskInstance: dag_northwind.extract_csv scheduled__2024-04-15T00:00:00+00:00 [queued]>
[2024-07-01T01:35:52.393+0000] {taskinstance.py:2306} INFO - Starting attempt 2 of 2
[2024-07-01T01:35:52.438+0000] {taskinstance.py:2330} INFO - Executing <Task(BashOperator): extract_csv> on 2024-04-15 00:00:00+00:00
[2024-07-01T01:35:52.473+0000] {logging_mixin.py:188} WARNING - /home/airflow/.local/lib/python3.12/site-packages/airflow/task/task_runner/standard_task_runner.py:61 DeprecationWarning: This process (pid=1436) is multi-threaded, use of fork() may lead to deadlocks in the child.
[2024-07-01T01:35:52.476+0000] {standard_task_runner.py:63} INFO - Started process 1461 to run task
[2024-07-01T01:35:52.478+0000] {standard_task_runner.py:90} INFO - Running: ['airflow', 'tasks', 'run', 'dag_northwind', 'extract_csv', 'scheduled__2024-04-15T00:00:00+00:00', '--job-id', '768', '--raw', '--subdir', 'DAGS_FOLDER/dag_northwind.py', '--cfg-path', '/tmp/tmp0xt8v_5k']
[2024-07-01T01:35:52.482+0000] {standard_task_runner.py:91} INFO - Job 768: Subtask extract_csv
[2024-07-01T01:35:52.634+0000] {task_command.py:426} INFO - Running <TaskInstance: dag_northwind.extract_csv scheduled__2024-04-15T00:00:00+00:00 [running]> on host 05d913303710
[2024-07-01T01:35:52.839+0000] {taskinstance.py:2648} INFO - Exporting env vars: AIRFLOW_CTX_DAG_OWNER='airflow' AIRFLOW_CTX_DAG_ID='dag_northwind' AIRFLOW_CTX_TASK_ID='extract_csv' AIRFLOW_CTX_EXECUTION_DATE='2024-04-15T00:00:00+00:00' AIRFLOW_CTX_TRY_NUMBER='2' AIRFLOW_CTX_DAG_RUN_ID='scheduled__2024-04-15T00:00:00+00:00'
[2024-07-01T01:35:52.840+0000] {taskinstance.py:430} INFO - ::endgroup::
[2024-07-01T01:35:52.881+0000] {subprocess.py:63} INFO - Tmp dir root location: /tmp
[2024-07-01T01:35:52.883+0000] {subprocess.py:75} INFO - Running command: ['/usr/bin/bash', '-c', 'meltano elt tap-csv target-csv --job_id=extract_csv_2024-04-15 && mkdir -p /data/csv/2024-04-15 && mv /project/output/tap-csv/*.csv /data/csv/2024-04-15/']
[2024-07-01T01:35:52.916+0000] {subprocess.py:86} INFO - Output:
[2024-07-01T01:35:52.922+0000] {subprocess.py:93} INFO - /usr/bin/bash: line 1: meltano: command not found
[2024-07-01T01:35:52.924+0000] {subprocess.py:97} INFO - Command exited with return code 127
[2024-07-01T01:35:52.926+0000] {taskinstance.py:441} INFO - ::group::Post task execution logs
[2024-07-01T01:35:52.949+0000] {taskinstance.py:2905} ERROR - Task failed with exception
Traceback (most recent call last):
  File "/home/airflow/.local/lib/python3.12/site-packages/airflow/models/taskinstance.py", line 465, in _execute_task
    result = _execute_callable(context=context, **execute_callable_kwargs)
             ^^^^^^^^^^^^^^^^^^^^^^^^^^^^^^^^^^^^^^^^^^^^^^^^^^^^^^^^^^^^^
  File "/home/airflow/.local/lib/python3.12/site-packages/airflow/models/taskinstance.py", line 432, in _execute_callable
    return execute_callable(context=context, **execute_callable_kwargs)
           ^^^^^^^^^^^^^^^^^^^^^^^^^^^^^^^^^^^^^^^^^^^^^^^^^^^^^^^^^^^^
  File "/home/airflow/.local/lib/python3.12/site-packages/airflow/models/baseoperator.py", line 401, in wrapper
    return func(self, *args, **kwargs)
           ^^^^^^^^^^^^^^^^^^^^^^^^^^^
  File "/home/airflow/.local/lib/python3.12/site-packages/airflow/operators/bash.py", line 243, in execute
    raise AirflowException(
airflow.exceptions.AirflowException: Bash command failed. The command returned a non-zero exit code 127.
[2024-07-01T01:35:52.959+0000] {taskinstance.py:1206} INFO - Marking task as FAILED. dag_id=dag_northwind, task_id=extract_csv, run_id=scheduled__2024-04-15T00:00:00+00:00, execution_date=20240415T000000, start_date=20240701T013552, end_date=20240701T013552
[2024-07-01T01:35:53.063+0000] {standard_task_runner.py:110} ERROR - Failed to execute job 768 for task extract_csv (Bash command failed. The command returned a non-zero exit code 127.; 1461)
[2024-07-01T01:35:53.104+0000] {local_task_job_runner.py:240} INFO - Task exited with return code 1
[2024-07-01T01:35:53.143+0000] {local_task_job_runner.py:222} INFO - ::endgroup::
[2024-07-01T10:37:01.800+0000] {local_task_job_runner.py:120} INFO - ::group::Pre task execution logs
[2024-07-01T10:37:01.892+0000] {taskinstance.py:2076} INFO - Dependencies all met for dep_context=non-requeueable deps ti=<TaskInstance: dag_northwind.extract_csv scheduled__2024-04-15T00:00:00+00:00 [queued]>
[2024-07-01T10:37:01.921+0000] {taskinstance.py:2076} INFO - Dependencies all met for dep_context=requeueable deps ti=<TaskInstance: dag_northwind.extract_csv scheduled__2024-04-15T00:00:00+00:00 [queued]>
[2024-07-01T10:37:01.923+0000] {taskinstance.py:2306} INFO - Starting attempt 2 of 2
[2024-07-01T10:37:02.044+0000] {taskinstance.py:2330} INFO - Executing <Task(BashOperator): extract_csv> on 2024-04-15 00:00:00+00:00
[2024-07-01T10:37:02.059+0000] {logging_mixin.py:188} WARNING - /home/airflow/.local/lib/python3.12/site-packages/airflow/task/task_runner/standard_task_runner.py:61 DeprecationWarning: This process (pid=7019) is multi-threaded, use of fork() may lead to deadlocks in the child.
[2024-07-01T10:37:02.064+0000] {standard_task_runner.py:63} INFO - Started process 7036 to run task
[2024-07-01T10:37:02.062+0000] {standard_task_runner.py:90} INFO - Running: ['airflow', 'tasks', 'run', 'dag_northwind', 'extract_csv', 'scheduled__2024-04-15T00:00:00+00:00', '--job-id', '1309', '--raw', '--subdir', 'DAGS_FOLDER/dag_northwind.py', '--cfg-path', '/tmp/tmper2_r8ce']
[2024-07-01T10:37:02.066+0000] {standard_task_runner.py:91} INFO - Job 1309: Subtask extract_csv
[2024-07-01T10:37:02.172+0000] {task_command.py:426} INFO - Running <TaskInstance: dag_northwind.extract_csv scheduled__2024-04-15T00:00:00+00:00 [running]> on host 85c6ea7cd9cf
[2024-07-01T10:37:02.330+0000] {taskinstance.py:2648} INFO - Exporting env vars: AIRFLOW_CTX_DAG_OWNER='airflow' AIRFLOW_CTX_DAG_ID='dag_northwind' AIRFLOW_CTX_TASK_ID='extract_csv' AIRFLOW_CTX_EXECUTION_DATE='2024-04-15T00:00:00+00:00' AIRFLOW_CTX_TRY_NUMBER='2' AIRFLOW_CTX_DAG_RUN_ID='scheduled__2024-04-15T00:00:00+00:00'
[2024-07-01T10:37:02.332+0000] {taskinstance.py:430} INFO - ::endgroup::
[2024-07-01T10:37:02.358+0000] {subprocess.py:63} INFO - Tmp dir root location: /tmp
[2024-07-01T10:37:02.360+0000] {subprocess.py:75} INFO - Running command: ['/usr/bin/bash', '-c', 'meltano elt tap-csv target-csv --job_id=extract_csv_2024-04-15 && mkdir -p /data/csv/2024-04-15 && mv /project/output/tap-csv/*.csv /data/csv/2024-04-15/']
[2024-07-01T10:37:02.372+0000] {subprocess.py:86} INFO - Output:
[2024-07-01T10:37:02.374+0000] {subprocess.py:93} INFO - /usr/bin/bash: line 1: meltano: command not found
[2024-07-01T10:37:02.375+0000] {subprocess.py:97} INFO - Command exited with return code 127
[2024-07-01T10:37:02.376+0000] {taskinstance.py:441} INFO - ::group::Post task execution logs
[2024-07-01T10:37:02.391+0000] {taskinstance.py:2905} ERROR - Task failed with exception
Traceback (most recent call last):
  File "/home/airflow/.local/lib/python3.12/site-packages/airflow/models/taskinstance.py", line 465, in _execute_task
    result = _execute_callable(context=context, **execute_callable_kwargs)
             ^^^^^^^^^^^^^^^^^^^^^^^^^^^^^^^^^^^^^^^^^^^^^^^^^^^^^^^^^^^^^
  File "/home/airflow/.local/lib/python3.12/site-packages/airflow/models/taskinstance.py", line 432, in _execute_callable
    return execute_callable(context=context, **execute_callable_kwargs)
           ^^^^^^^^^^^^^^^^^^^^^^^^^^^^^^^^^^^^^^^^^^^^^^^^^^^^^^^^^^^^
  File "/home/airflow/.local/lib/python3.12/site-packages/airflow/models/baseoperator.py", line 401, in wrapper
    return func(self, *args, **kwargs)
           ^^^^^^^^^^^^^^^^^^^^^^^^^^^
  File "/home/airflow/.local/lib/python3.12/site-packages/airflow/operators/bash.py", line 243, in execute
    raise AirflowException(
airflow.exceptions.AirflowException: Bash command failed. The command returned a non-zero exit code 127.
[2024-07-01T10:37:02.399+0000] {taskinstance.py:1206} INFO - Marking task as FAILED. dag_id=dag_northwind, task_id=extract_csv, run_id=scheduled__2024-04-15T00:00:00+00:00, execution_date=20240415T000000, start_date=20240701T103701, end_date=20240701T103702
[2024-07-01T10:37:02.418+0000] {standard_task_runner.py:110} ERROR - Failed to execute job 1309 for task extract_csv (Bash command failed. The command returned a non-zero exit code 127.; 7036)
[2024-07-01T10:37:02.444+0000] {local_task_job_runner.py:240} INFO - Task exited with return code 1
[2024-07-01T10:37:02.486+0000] {taskinstance.py:3503} INFO - 0 downstream tasks scheduled from follow-on schedule check
[2024-07-01T10:37:02.493+0000] {local_task_job_runner.py:222} INFO - ::endgroup::
