[2024-07-03T18:15:51.894+0000] {local_task_job_runner.py:120} INFO - ::group::Pre task execution logs
[2024-07-03T18:15:52.006+0000] {taskinstance.py:2076} INFO - Dependencies all met for dep_context=non-requeueable deps ti=<TaskInstance: pipeline_dag_northwind.extract_postgres scheduled__2024-02-26T00:00:00+00:00 [queued]>
[2024-07-03T18:15:52.029+0000] {taskinstance.py:2076} INFO - Dependencies all met for dep_context=requeueable deps ti=<TaskInstance: pipeline_dag_northwind.extract_postgres scheduled__2024-02-26T00:00:00+00:00 [queued]>
[2024-07-03T18:15:52.031+0000] {taskinstance.py:2306} INFO - Starting attempt 1 of 2
[2024-07-03T18:15:52.064+0000] {taskinstance.py:2330} INFO - Executing <Task(PythonOperator): extract_postgres> on 2024-02-26 00:00:00+00:00
[2024-07-03T18:15:52.078+0000] {logging_mixin.py:188} WARNING - /home/airflow/.local/lib/python3.12/site-packages/airflow/task/task_runner/standard_task_runner.py:61 DeprecationWarning: This process (pid=724) is multi-threaded, use of fork() may lead to deadlocks in the child.
[2024-07-03T18:15:52.078+0000] {standard_task_runner.py:90} INFO - Running: ['airflow', 'tasks', 'run', 'pipeline_dag_northwind', 'extract_postgres', 'scheduled__2024-02-26T00:00:00+00:00', '--job-id', '3441', '--raw', '--subdir', 'DAGS_FOLDER/northwind_dag_teste.py', '--cfg-path', '/tmp/tmp_gwcmwfz']
[2024-07-03T18:15:52.083+0000] {standard_task_runner.py:63} INFO - Started process 740 to run task
[2024-07-03T18:15:52.083+0000] {standard_task_runner.py:91} INFO - Job 3441: Subtask extract_postgres
[2024-07-03T18:15:52.199+0000] {task_command.py:426} INFO - Running <TaskInstance: pipeline_dag_northwind.extract_postgres scheduled__2024-02-26T00:00:00+00:00 [running]> on host 9ca175d293f4
[2024-07-03T18:15:52.388+0000] {taskinstance.py:2648} INFO - Exporting env vars: AIRFLOW_CTX_DAG_OWNER='airflow' AIRFLOW_CTX_DAG_ID='pipeline_dag_northwind' AIRFLOW_CTX_TASK_ID='extract_postgres' AIRFLOW_CTX_EXECUTION_DATE='2024-02-26T00:00:00+00:00' AIRFLOW_CTX_TRY_NUMBER='1' AIRFLOW_CTX_DAG_RUN_ID='scheduled__2024-02-26T00:00:00+00:00'
[2024-07-03T18:15:52.405+0000] {taskinstance.py:430} INFO - ::endgroup::
[2024-07-03T18:15:52.448+0000] {logging_mixin.py:188} INFO - Command failed with error: Command 'meltano elt tap-postgres target-csv --transform=run --job_id=extract_postgres_2024-02-26' returned non-zero exit status 127.
[2024-07-03T18:15:52.450+0000] {taskinstance.py:441} INFO - ::group::Post task execution logs
[2024-07-03T18:15:52.451+0000] {taskinstance.py:2905} ERROR - Task failed with exception
Traceback (most recent call last):
  File "/home/airflow/.local/lib/python3.12/site-packages/airflow/models/taskinstance.py", line 465, in _execute_task
    result = _execute_callable(context=context, **execute_callable_kwargs)
             ^^^^^^^^^^^^^^^^^^^^^^^^^^^^^^^^^^^^^^^^^^^^^^^^^^^^^^^^^^^^^
  File "/home/airflow/.local/lib/python3.12/site-packages/airflow/models/taskinstance.py", line 432, in _execute_callable
    return execute_callable(context=context, **execute_callable_kwargs)
           ^^^^^^^^^^^^^^^^^^^^^^^^^^^^^^^^^^^^^^^^^^^^^^^^^^^^^^^^^^^^
  File "/home/airflow/.local/lib/python3.12/site-packages/airflow/models/baseoperator.py", line 401, in wrapper
    return func(self, *args, **kwargs)
           ^^^^^^^^^^^^^^^^^^^^^^^^^^^
  File "/home/airflow/.local/lib/python3.12/site-packages/airflow/operators/python.py", line 235, in execute
    return_value = self.execute_callable()
                   ^^^^^^^^^^^^^^^^^^^^^^^
  File "/home/airflow/.local/lib/python3.12/site-packages/airflow/operators/python.py", line 252, in execute_callable
    return self.python_callable(*self.op_args, **self.op_kwargs)
           ^^^^^^^^^^^^^^^^^^^^^^^^^^^^^^^^^^^^^^^^^^^^^^^^^^^^^
  File "/opt/airflow/dags/northwind_dag_teste.py", line 29, in extract_postgres
    subprocess.run(extract_command, shell=True, check=True)
  File "/usr/local/lib/python3.12/subprocess.py", line 571, in run
    raise CalledProcessError(retcode, process.args,
subprocess.CalledProcessError: Command 'meltano elt tap-postgres target-csv --transform=run --job_id=extract_postgres_2024-02-26' returned non-zero exit status 127.
[2024-07-03T18:15:52.483+0000] {taskinstance.py:1206} INFO - Marking task as UP_FOR_RETRY. dag_id=pipeline_dag_northwind, task_id=extract_postgres, run_id=scheduled__2024-02-26T00:00:00+00:00, execution_date=20240226T000000, start_date=20240703T181552, end_date=20240703T181552
[2024-07-03T18:15:52.707+0000] {standard_task_runner.py:110} ERROR - Failed to execute job 3441 for task extract_postgres (Command 'meltano elt tap-postgres target-csv --transform=run --job_id=extract_postgres_2024-02-26' returned non-zero exit status 127.; 740)
[2024-07-03T18:15:52.746+0000] {local_task_job_runner.py:240} INFO - Task exited with return code 1
[2024-07-03T18:15:52.796+0000] {taskinstance.py:3503} INFO - 0 downstream tasks scheduled from follow-on schedule check
[2024-07-03T18:15:52.799+0000] {local_task_job_runner.py:222} INFO - ::endgroup::
