[2024-06-30T21:03:42.441+0000] {local_task_job_runner.py:120} INFO - ::group::Pre task execution logs
[2024-06-30T21:03:42.491+0000] {taskinstance.py:2076} INFO - Dependencies all met for dep_context=non-requeueable deps ti=<TaskInstance: dag_northwind.extract_postgres scheduled__2024-02-02T00:00:00+00:00 [queued]>
[2024-06-30T21:03:42.504+0000] {taskinstance.py:2076} INFO - Dependencies all met for dep_context=requeueable deps ti=<TaskInstance: dag_northwind.extract_postgres scheduled__2024-02-02T00:00:00+00:00 [queued]>
[2024-06-30T21:03:42.505+0000] {taskinstance.py:2306} INFO - Starting attempt 1 of 2
[2024-06-30T21:03:42.530+0000] {taskinstance.py:2330} INFO - Executing <Task(BashOperator): extract_postgres> on 2024-02-02 00:00:00+00:00
[2024-06-30T21:03:42.541+0000] {logging_mixin.py:188} WARNING - /home/airflow/.local/lib/python3.12/site-packages/airflow/task/task_runner/standard_task_runner.py:61 DeprecationWarning: This process (pid=924) is multi-threaded, use of fork() may lead to deadlocks in the child.
[2024-06-30T21:03:42.540+0000] {standard_task_runner.py:90} INFO - Running: ['airflow', 'tasks', 'run', 'dag_northwind', 'extract_postgres', 'scheduled__2024-02-02T00:00:00+00:00', '--job-id', '455', '--raw', '--subdir', 'DAGS_FOLDER/dag_northwind.py', '--cfg-path', '/tmp/tmps0csql8h']
[2024-06-30T21:03:42.543+0000] {standard_task_runner.py:63} INFO - Started process 928 to run task
[2024-06-30T21:03:42.543+0000] {standard_task_runner.py:91} INFO - Job 455: Subtask extract_postgres
[2024-06-30T21:03:42.618+0000] {task_command.py:426} INFO - Running <TaskInstance: dag_northwind.extract_postgres scheduled__2024-02-02T00:00:00+00:00 [running]> on host a7d76f00647b
[2024-06-30T21:03:42.771+0000] {taskinstance.py:2648} INFO - Exporting env vars: AIRFLOW_CTX_DAG_OWNER='airflow' AIRFLOW_CTX_DAG_ID='dag_northwind' AIRFLOW_CTX_TASK_ID='extract_postgres' AIRFLOW_CTX_EXECUTION_DATE='2024-02-02T00:00:00+00:00' AIRFLOW_CTX_TRY_NUMBER='1' AIRFLOW_CTX_DAG_RUN_ID='scheduled__2024-02-02T00:00:00+00:00'
[2024-06-30T21:03:42.772+0000] {taskinstance.py:430} INFO - ::endgroup::
[2024-06-30T21:03:42.801+0000] {subprocess.py:63} INFO - Tmp dir root location: /tmp
[2024-06-30T21:03:42.802+0000] {subprocess.py:75} INFO - Running command: ['/usr/bin/bash', '-c', 'meltano elt tap-postgres target-csv --job_id=extract_postgres_2024-02-02 && mkdir -p /data/postgres/2024-02-02 && mv /project/output/tap-postgres/*.csv /data/postgres/2024-02-02/']
[2024-06-30T21:03:42.814+0000] {subprocess.py:86} INFO - Output:
[2024-06-30T21:03:42.818+0000] {subprocess.py:93} INFO - /usr/bin/bash: line 1: meltano: command not found
[2024-06-30T21:03:42.819+0000] {subprocess.py:97} INFO - Command exited with return code 127
[2024-06-30T21:03:42.820+0000] {taskinstance.py:441} INFO - ::group::Post task execution logs
[2024-06-30T21:03:42.835+0000] {taskinstance.py:2905} ERROR - Task failed with exception
Traceback (most recent call last):
  File "/home/airflow/.local/lib/python3.12/site-packages/airflow/models/taskinstance.py", line 465, in _execute_task
    result = _execute_callable(context=context, **execute_callable_kwargs)
             ^^^^^^^^^^^^^^^^^^^^^^^^^^^^^^^^^^^^^^^^^^^^^^^^^^^^^^^^^^^^^
  File "/home/airflow/.local/lib/python3.12/site-packages/airflow/models/taskinstance.py", line 432, in _execute_callable
    return execute_callable(context=context, **execute_callable_kwargs)
           ^^^^^^^^^^^^^^^^^^^^^^^^^^^^^^^^^^^^^^^^^^^^^^^^^^^^^^^^^^^^
  File "/home/airflow/.local/lib/python3.12/site-packages/airflow/models/baseoperator.py", line 401, in wrapper
    return func(self, *args, **kwargs)
           ^^^^^^^^^^^^^^^^^^^^^^^^^^^
  File "/home/airflow/.local/lib/python3.12/site-packages/airflow/operators/bash.py", line 243, in execute
    raise AirflowException(
airflow.exceptions.AirflowException: Bash command failed. The command returned a non-zero exit code 127.
[2024-06-30T21:03:42.843+0000] {taskinstance.py:1206} INFO - Marking task as UP_FOR_RETRY. dag_id=dag_northwind, task_id=extract_postgres, run_id=scheduled__2024-02-02T00:00:00+00:00, execution_date=20240202T000000, start_date=20240630T210342, end_date=20240630T210342
[2024-06-30T21:03:42.865+0000] {standard_task_runner.py:110} ERROR - Failed to execute job 455 for task extract_postgres (Bash command failed. The command returned a non-zero exit code 127.; 928)
[2024-06-30T21:03:42.879+0000] {local_task_job_runner.py:240} INFO - Task exited with return code 1
[2024-06-30T21:03:42.918+0000] {taskinstance.py:3503} INFO - 0 downstream tasks scheduled from follow-on schedule check
[2024-06-30T21:03:42.920+0000] {local_task_job_runner.py:222} INFO - ::endgroup::
[2024-07-01T10:11:19.662+0000] {local_task_job_runner.py:120} INFO - ::group::Pre task execution logs
[2024-07-01T10:11:19.736+0000] {taskinstance.py:2076} INFO - Dependencies all met for dep_context=non-requeueable deps ti=<TaskInstance: dag_northwind.extract_postgres scheduled__2024-02-02T00:00:00+00:00 [queued]>
[2024-07-01T10:11:19.756+0000] {taskinstance.py:2076} INFO - Dependencies all met for dep_context=requeueable deps ti=<TaskInstance: dag_northwind.extract_postgres scheduled__2024-02-02T00:00:00+00:00 [queued]>
[2024-07-01T10:11:19.757+0000] {taskinstance.py:2306} INFO - Starting attempt 1 of 2
[2024-07-01T10:11:19.780+0000] {taskinstance.py:2330} INFO - Executing <Task(BashOperator): extract_postgres> on 2024-02-02 00:00:00+00:00
[2024-07-01T10:11:19.796+0000] {logging_mixin.py:188} WARNING - /home/airflow/.local/lib/python3.12/site-packages/airflow/task/task_runner/standard_task_runner.py:61 DeprecationWarning: This process (pid=5555) is multi-threaded, use of fork() may lead to deadlocks in the child.
[2024-07-01T10:11:19.798+0000] {standard_task_runner.py:63} INFO - Started process 5563 to run task
[2024-07-01T10:11:19.795+0000] {standard_task_runner.py:90} INFO - Running: ['airflow', 'tasks', 'run', 'dag_northwind', 'extract_postgres', 'scheduled__2024-02-02T00:00:00+00:00', '--job-id', '1003', '--raw', '--subdir', 'DAGS_FOLDER/dag_northwind.py', '--cfg-path', '/tmp/tmp4ea726wx']
[2024-07-01T10:11:19.802+0000] {standard_task_runner.py:91} INFO - Job 1003: Subtask extract_postgres
[2024-07-01T10:11:19.899+0000] {task_command.py:426} INFO - Running <TaskInstance: dag_northwind.extract_postgres scheduled__2024-02-02T00:00:00+00:00 [running]> on host 85c6ea7cd9cf
[2024-07-01T10:11:20.099+0000] {taskinstance.py:2648} INFO - Exporting env vars: AIRFLOW_CTX_DAG_OWNER='airflow' AIRFLOW_CTX_DAG_ID='dag_northwind' AIRFLOW_CTX_TASK_ID='extract_postgres' AIRFLOW_CTX_EXECUTION_DATE='2024-02-02T00:00:00+00:00' AIRFLOW_CTX_TRY_NUMBER='1' AIRFLOW_CTX_DAG_RUN_ID='scheduled__2024-02-02T00:00:00+00:00'
[2024-07-01T10:11:20.100+0000] {taskinstance.py:430} INFO - ::endgroup::
[2024-07-01T10:11:20.140+0000] {subprocess.py:63} INFO - Tmp dir root location: /tmp
[2024-07-01T10:11:20.142+0000] {subprocess.py:75} INFO - Running command: ['/usr/bin/bash', '-c', 'meltano elt tap-postgres target-csv --job_id=extract_postgres_2024-02-02 && mkdir -p /data/postgres/2024-02-02 && mv /project/output/tap-postgres/*.csv /data/postgres/2024-02-02/']
[2024-07-01T10:11:20.177+0000] {subprocess.py:86} INFO - Output:
[2024-07-01T10:11:20.180+0000] {subprocess.py:93} INFO - /usr/bin/bash: line 1: meltano: command not found
[2024-07-01T10:11:20.182+0000] {subprocess.py:97} INFO - Command exited with return code 127
[2024-07-01T10:11:20.183+0000] {taskinstance.py:441} INFO - ::group::Post task execution logs
[2024-07-01T10:11:20.215+0000] {taskinstance.py:2905} ERROR - Task failed with exception
Traceback (most recent call last):
  File "/home/airflow/.local/lib/python3.12/site-packages/airflow/models/taskinstance.py", line 465, in _execute_task
    result = _execute_callable(context=context, **execute_callable_kwargs)
             ^^^^^^^^^^^^^^^^^^^^^^^^^^^^^^^^^^^^^^^^^^^^^^^^^^^^^^^^^^^^^
  File "/home/airflow/.local/lib/python3.12/site-packages/airflow/models/taskinstance.py", line 432, in _execute_callable
    return execute_callable(context=context, **execute_callable_kwargs)
           ^^^^^^^^^^^^^^^^^^^^^^^^^^^^^^^^^^^^^^^^^^^^^^^^^^^^^^^^^^^^
  File "/home/airflow/.local/lib/python3.12/site-packages/airflow/models/baseoperator.py", line 401, in wrapper
    return func(self, *args, **kwargs)
           ^^^^^^^^^^^^^^^^^^^^^^^^^^^
  File "/home/airflow/.local/lib/python3.12/site-packages/airflow/operators/bash.py", line 243, in execute
    raise AirflowException(
airflow.exceptions.AirflowException: Bash command failed. The command returned a non-zero exit code 127.
[2024-07-01T10:11:20.226+0000] {taskinstance.py:1206} INFO - Marking task as UP_FOR_RETRY. dag_id=dag_northwind, task_id=extract_postgres, run_id=scheduled__2024-02-02T00:00:00+00:00, execution_date=20240202T000000, start_date=20240701T101119, end_date=20240701T101120
[2024-07-01T10:11:20.253+0000] {standard_task_runner.py:110} ERROR - Failed to execute job 1003 for task extract_postgres (Bash command failed. The command returned a non-zero exit code 127.; 5563)
[2024-07-01T10:11:20.298+0000] {local_task_job_runner.py:240} INFO - Task exited with return code 1
[2024-07-01T10:11:20.319+0000] {local_task_job_runner.py:222} INFO - ::endgroup::
