[2024-06-30T21:03:38.625+0000] {local_task_job_runner.py:120} INFO - ::group::Pre task execution logs
[2024-06-30T21:03:38.675+0000] {taskinstance.py:2076} INFO - Dependencies all met for dep_context=non-requeueable deps ti=<TaskInstance: dag_northwind.extract_postgres scheduled__2024-01-28T00:00:00+00:00 [queued]>
[2024-06-30T21:03:38.687+0000] {taskinstance.py:2076} INFO - Dependencies all met for dep_context=requeueable deps ti=<TaskInstance: dag_northwind.extract_postgres scheduled__2024-01-28T00:00:00+00:00 [queued]>
[2024-06-30T21:03:38.687+0000] {taskinstance.py:2306} INFO - Starting attempt 2 of 2
[2024-06-30T21:03:38.708+0000] {taskinstance.py:2330} INFO - Executing <Task(BashOperator): extract_postgres> on 2024-01-28 00:00:00+00:00
[2024-06-30T21:03:38.717+0000] {logging_mixin.py:188} WARNING - /home/airflow/.local/lib/python3.12/site-packages/airflow/task/task_runner/standard_task_runner.py:61 DeprecationWarning: This process (pid=900) is multi-threaded, use of fork() may lead to deadlocks in the child.
[2024-06-30T21:03:38.716+0000] {standard_task_runner.py:90} INFO - Running: ['airflow', 'tasks', 'run', 'dag_northwind', 'extract_postgres', 'scheduled__2024-01-28T00:00:00+00:00', '--job-id', '451', '--raw', '--subdir', 'DAGS_FOLDER/dag_northwind.py', '--cfg-path', '/tmp/tmpv5qfv4uj']
[2024-06-30T21:03:38.718+0000] {standard_task_runner.py:63} INFO - Started process 905 to run task
[2024-06-30T21:03:38.718+0000] {standard_task_runner.py:91} INFO - Job 451: Subtask extract_postgres
[2024-06-30T21:03:38.784+0000] {task_command.py:426} INFO - Running <TaskInstance: dag_northwind.extract_postgres scheduled__2024-01-28T00:00:00+00:00 [running]> on host a7d76f00647b
[2024-06-30T21:03:38.895+0000] {taskinstance.py:2648} INFO - Exporting env vars: AIRFLOW_CTX_DAG_OWNER='airflow' AIRFLOW_CTX_DAG_ID='dag_northwind' AIRFLOW_CTX_TASK_ID='extract_postgres' AIRFLOW_CTX_EXECUTION_DATE='2024-01-28T00:00:00+00:00' AIRFLOW_CTX_TRY_NUMBER='2' AIRFLOW_CTX_DAG_RUN_ID='scheduled__2024-01-28T00:00:00+00:00'
[2024-06-30T21:03:38.896+0000] {taskinstance.py:430} INFO - ::endgroup::
[2024-06-30T21:03:38.918+0000] {subprocess.py:63} INFO - Tmp dir root location: /tmp
[2024-06-30T21:03:38.919+0000] {subprocess.py:75} INFO - Running command: ['/usr/bin/bash', '-c', 'meltano elt tap-postgres target-csv --job_id=extract_postgres_2024-01-28 && mkdir -p /data/postgres/2024-01-28 && mv /project/output/tap-postgres/*.csv /data/postgres/2024-01-28/']
[2024-06-30T21:03:38.931+0000] {subprocess.py:86} INFO - Output:
[2024-06-30T21:03:38.933+0000] {subprocess.py:93} INFO - /usr/bin/bash: line 1: meltano: command not found
[2024-06-30T21:03:38.934+0000] {subprocess.py:97} INFO - Command exited with return code 127
[2024-06-30T21:03:38.935+0000] {taskinstance.py:441} INFO - ::group::Post task execution logs
[2024-06-30T21:03:38.948+0000] {taskinstance.py:2905} ERROR - Task failed with exception
Traceback (most recent call last):
  File "/home/airflow/.local/lib/python3.12/site-packages/airflow/models/taskinstance.py", line 465, in _execute_task
    result = _execute_callable(context=context, **execute_callable_kwargs)
             ^^^^^^^^^^^^^^^^^^^^^^^^^^^^^^^^^^^^^^^^^^^^^^^^^^^^^^^^^^^^^
  File "/home/airflow/.local/lib/python3.12/site-packages/airflow/models/taskinstance.py", line 432, in _execute_callable
    return execute_callable(context=context, **execute_callable_kwargs)
           ^^^^^^^^^^^^^^^^^^^^^^^^^^^^^^^^^^^^^^^^^^^^^^^^^^^^^^^^^^^^
  File "/home/airflow/.local/lib/python3.12/site-packages/airflow/models/baseoperator.py", line 401, in wrapper
    return func(self, *args, **kwargs)
           ^^^^^^^^^^^^^^^^^^^^^^^^^^^
  File "/home/airflow/.local/lib/python3.12/site-packages/airflow/operators/bash.py", line 243, in execute
    raise AirflowException(
airflow.exceptions.AirflowException: Bash command failed. The command returned a non-zero exit code 127.
[2024-06-30T21:03:38.954+0000] {taskinstance.py:1206} INFO - Marking task as FAILED. dag_id=dag_northwind, task_id=extract_postgres, run_id=scheduled__2024-01-28T00:00:00+00:00, execution_date=20240128T000000, start_date=20240630T210338, end_date=20240630T210338
[2024-06-30T21:03:38.972+0000] {standard_task_runner.py:110} ERROR - Failed to execute job 451 for task extract_postgres (Bash command failed. The command returned a non-zero exit code 127.; 905)
[2024-06-30T21:03:39.013+0000] {local_task_job_runner.py:240} INFO - Task exited with return code 1
[2024-06-30T21:03:39.055+0000] {taskinstance.py:3503} INFO - 0 downstream tasks scheduled from follow-on schedule check
[2024-06-30T21:03:39.060+0000] {local_task_job_runner.py:222} INFO - ::endgroup::
[2024-07-01T10:11:16.514+0000] {local_task_job_runner.py:120} INFO - ::group::Pre task execution logs
[2024-07-01T10:11:16.581+0000] {taskinstance.py:2076} INFO - Dependencies all met for dep_context=non-requeueable deps ti=<TaskInstance: dag_northwind.extract_postgres scheduled__2024-01-28T00:00:00+00:00 [queued]>
[2024-07-01T10:11:16.595+0000] {taskinstance.py:2076} INFO - Dependencies all met for dep_context=requeueable deps ti=<TaskInstance: dag_northwind.extract_postgres scheduled__2024-01-28T00:00:00+00:00 [queued]>
[2024-07-01T10:11:16.596+0000] {taskinstance.py:2306} INFO - Starting attempt 2 of 2
[2024-07-01T10:11:16.624+0000] {taskinstance.py:2330} INFO - Executing <Task(BashOperator): extract_postgres> on 2024-01-28 00:00:00+00:00
[2024-07-01T10:11:16.638+0000] {logging_mixin.py:188} WARNING - /home/airflow/.local/lib/python3.12/site-packages/airflow/task/task_runner/standard_task_runner.py:61 DeprecationWarning: This process (pid=5504) is multi-threaded, use of fork() may lead to deadlocks in the child.
[2024-07-01T10:11:16.637+0000] {standard_task_runner.py:90} INFO - Running: ['airflow', 'tasks', 'run', 'dag_northwind', 'extract_postgres', 'scheduled__2024-01-28T00:00:00+00:00', '--job-id', '996', '--raw', '--subdir', 'DAGS_FOLDER/dag_northwind.py', '--cfg-path', '/tmp/tmpqfxw13fu']
[2024-07-01T10:11:16.641+0000] {standard_task_runner.py:91} INFO - Job 996: Subtask extract_postgres
[2024-07-01T10:11:16.640+0000] {standard_task_runner.py:63} INFO - Started process 5517 to run task
[2024-07-01T10:11:16.718+0000] {task_command.py:426} INFO - Running <TaskInstance: dag_northwind.extract_postgres scheduled__2024-01-28T00:00:00+00:00 [running]> on host 85c6ea7cd9cf
[2024-07-01T10:11:16.862+0000] {taskinstance.py:2648} INFO - Exporting env vars: AIRFLOW_CTX_DAG_OWNER='airflow' AIRFLOW_CTX_DAG_ID='dag_northwind' AIRFLOW_CTX_TASK_ID='extract_postgres' AIRFLOW_CTX_EXECUTION_DATE='2024-01-28T00:00:00+00:00' AIRFLOW_CTX_TRY_NUMBER='2' AIRFLOW_CTX_DAG_RUN_ID='scheduled__2024-01-28T00:00:00+00:00'
[2024-07-01T10:11:16.863+0000] {taskinstance.py:430} INFO - ::endgroup::
[2024-07-01T10:11:16.891+0000] {subprocess.py:63} INFO - Tmp dir root location: /tmp
[2024-07-01T10:11:16.892+0000] {subprocess.py:75} INFO - Running command: ['/usr/bin/bash', '-c', 'meltano elt tap-postgres target-csv --job_id=extract_postgres_2024-01-28 && mkdir -p /data/postgres/2024-01-28 && mv /project/output/tap-postgres/*.csv /data/postgres/2024-01-28/']
[2024-07-01T10:11:16.905+0000] {subprocess.py:86} INFO - Output:
[2024-07-01T10:11:16.908+0000] {subprocess.py:93} INFO - /usr/bin/bash: line 1: meltano: command not found
[2024-07-01T10:11:16.909+0000] {subprocess.py:97} INFO - Command exited with return code 127
[2024-07-01T10:11:16.910+0000] {taskinstance.py:441} INFO - ::group::Post task execution logs
[2024-07-01T10:11:16.925+0000] {taskinstance.py:2905} ERROR - Task failed with exception
Traceback (most recent call last):
  File "/home/airflow/.local/lib/python3.12/site-packages/airflow/models/taskinstance.py", line 465, in _execute_task
    result = _execute_callable(context=context, **execute_callable_kwargs)
             ^^^^^^^^^^^^^^^^^^^^^^^^^^^^^^^^^^^^^^^^^^^^^^^^^^^^^^^^^^^^^
  File "/home/airflow/.local/lib/python3.12/site-packages/airflow/models/taskinstance.py", line 432, in _execute_callable
    return execute_callable(context=context, **execute_callable_kwargs)
           ^^^^^^^^^^^^^^^^^^^^^^^^^^^^^^^^^^^^^^^^^^^^^^^^^^^^^^^^^^^^
  File "/home/airflow/.local/lib/python3.12/site-packages/airflow/models/baseoperator.py", line 401, in wrapper
    return func(self, *args, **kwargs)
           ^^^^^^^^^^^^^^^^^^^^^^^^^^^
  File "/home/airflow/.local/lib/python3.12/site-packages/airflow/operators/bash.py", line 243, in execute
    raise AirflowException(
airflow.exceptions.AirflowException: Bash command failed. The command returned a non-zero exit code 127.
[2024-07-01T10:11:16.931+0000] {taskinstance.py:1206} INFO - Marking task as FAILED. dag_id=dag_northwind, task_id=extract_postgres, run_id=scheduled__2024-01-28T00:00:00+00:00, execution_date=20240128T000000, start_date=20240701T101116, end_date=20240701T101116
[2024-07-01T10:11:16.967+0000] {standard_task_runner.py:110} ERROR - Failed to execute job 996 for task extract_postgres (Bash command failed. The command returned a non-zero exit code 127.; 5517)
[2024-07-01T10:11:17.018+0000] {local_task_job_runner.py:240} INFO - Task exited with return code 1
[2024-07-01T10:11:17.061+0000] {taskinstance.py:3503} INFO - 0 downstream tasks scheduled from follow-on schedule check
[2024-07-01T10:11:17.074+0000] {local_task_job_runner.py:222} INFO - ::endgroup::
