[2024-07-01T01:30:42.475+0000] {local_task_job_runner.py:120} INFO - ::group::Pre task execution logs
[2024-07-01T01:30:42.584+0000] {taskinstance.py:2076} INFO - Dependencies all met for dep_context=non-requeueable deps ti=<TaskInstance: dag_northwind.extract_csv scheduled__2024-03-21T00:00:00+00:00 [queued]>
[2024-07-01T01:30:42.616+0000] {taskinstance.py:2076} INFO - Dependencies all met for dep_context=requeueable deps ti=<TaskInstance: dag_northwind.extract_csv scheduled__2024-03-21T00:00:00+00:00 [queued]>
[2024-07-01T01:30:42.618+0000] {taskinstance.py:2306} INFO - Starting attempt 2 of 2
[2024-07-01T01:30:42.763+0000] {taskinstance.py:2330} INFO - Executing <Task(BashOperator): extract_csv> on 2024-03-21 00:00:00+00:00
[2024-07-01T01:30:42.801+0000] {standard_task_runner.py:90} INFO - Running: ['airflow', 'tasks', 'run', 'dag_northwind', 'extract_csv', 'scheduled__2024-03-21T00:00:00+00:00', '--job-id', '687', '--raw', '--subdir', 'DAGS_FOLDER/dag_northwind.py', '--cfg-path', '/tmp/tmpmw4kog9d']
[2024-07-01T01:30:42.812+0000] {standard_task_runner.py:91} INFO - Job 687: Subtask extract_csv
[2024-07-01T01:30:42.813+0000] {logging_mixin.py:188} WARNING - /home/airflow/.local/lib/python3.12/site-packages/airflow/task/task_runner/standard_task_runner.py:61 DeprecationWarning: This process (pid=1068) is multi-threaded, use of fork() may lead to deadlocks in the child.
[2024-07-01T01:30:42.825+0000] {standard_task_runner.py:63} INFO - Started process 1088 to run task
[2024-07-01T01:30:43.211+0000] {task_command.py:426} INFO - Running <TaskInstance: dag_northwind.extract_csv scheduled__2024-03-21T00:00:00+00:00 [running]> on host 05d913303710
[2024-07-01T01:30:43.732+0000] {taskinstance.py:2648} INFO - Exporting env vars: AIRFLOW_CTX_DAG_OWNER='airflow' AIRFLOW_CTX_DAG_ID='dag_northwind' AIRFLOW_CTX_TASK_ID='extract_csv' AIRFLOW_CTX_EXECUTION_DATE='2024-03-21T00:00:00+00:00' AIRFLOW_CTX_TRY_NUMBER='2' AIRFLOW_CTX_DAG_RUN_ID='scheduled__2024-03-21T00:00:00+00:00'
[2024-07-01T01:30:43.740+0000] {taskinstance.py:430} INFO - ::endgroup::
[2024-07-01T01:30:43.790+0000] {subprocess.py:63} INFO - Tmp dir root location: /tmp
[2024-07-01T01:30:43.792+0000] {subprocess.py:75} INFO - Running command: ['/usr/bin/bash', '-c', 'meltano elt tap-csv target-csv --job_id=extract_csv_2024-03-21 && mkdir -p /data/csv/2024-03-21 && mv /project/output/tap-csv/*.csv /data/csv/2024-03-21/']
[2024-07-01T01:30:43.853+0000] {subprocess.py:86} INFO - Output:
[2024-07-01T01:30:43.857+0000] {subprocess.py:93} INFO - /usr/bin/bash: line 1: meltano: command not found
[2024-07-01T01:30:43.857+0000] {subprocess.py:97} INFO - Command exited with return code 127
[2024-07-01T01:30:43.859+0000] {taskinstance.py:441} INFO - ::group::Post task execution logs
[2024-07-01T01:30:43.905+0000] {taskinstance.py:2905} ERROR - Task failed with exception
Traceback (most recent call last):
  File "/home/airflow/.local/lib/python3.12/site-packages/airflow/models/taskinstance.py", line 465, in _execute_task
    result = _execute_callable(context=context, **execute_callable_kwargs)
             ^^^^^^^^^^^^^^^^^^^^^^^^^^^^^^^^^^^^^^^^^^^^^^^^^^^^^^^^^^^^^
  File "/home/airflow/.local/lib/python3.12/site-packages/airflow/models/taskinstance.py", line 432, in _execute_callable
    return execute_callable(context=context, **execute_callable_kwargs)
           ^^^^^^^^^^^^^^^^^^^^^^^^^^^^^^^^^^^^^^^^^^^^^^^^^^^^^^^^^^^^
  File "/home/airflow/.local/lib/python3.12/site-packages/airflow/models/baseoperator.py", line 401, in wrapper
    return func(self, *args, **kwargs)
           ^^^^^^^^^^^^^^^^^^^^^^^^^^^
  File "/home/airflow/.local/lib/python3.12/site-packages/airflow/operators/bash.py", line 243, in execute
    raise AirflowException(
airflow.exceptions.AirflowException: Bash command failed. The command returned a non-zero exit code 127.
[2024-07-01T01:30:43.922+0000] {taskinstance.py:1206} INFO - Marking task as FAILED. dag_id=dag_northwind, task_id=extract_csv, run_id=scheduled__2024-03-21T00:00:00+00:00, execution_date=20240321T000000, start_date=20240701T013042, end_date=20240701T013043
[2024-07-01T01:30:43.978+0000] {standard_task_runner.py:110} ERROR - Failed to execute job 687 for task extract_csv (Bash command failed. The command returned a non-zero exit code 127.; 1088)
[2024-07-01T01:30:44.028+0000] {local_task_job_runner.py:240} INFO - Task exited with return code 1
[2024-07-01T01:30:44.066+0000] {local_task_job_runner.py:222} INFO - ::endgroup::
[2024-07-01T10:31:45.353+0000] {local_task_job_runner.py:120} INFO - ::group::Pre task execution logs
[2024-07-01T10:31:45.439+0000] {taskinstance.py:2076} INFO - Dependencies all met for dep_context=non-requeueable deps ti=<TaskInstance: dag_northwind.extract_csv scheduled__2024-03-21T00:00:00+00:00 [queued]>
[2024-07-01T10:31:45.469+0000] {taskinstance.py:2076} INFO - Dependencies all met for dep_context=requeueable deps ti=<TaskInstance: dag_northwind.extract_csv scheduled__2024-03-21T00:00:00+00:00 [queued]>
[2024-07-01T10:31:45.470+0000] {taskinstance.py:2306} INFO - Starting attempt 2 of 2
[2024-07-01T10:31:45.700+0000] {taskinstance.py:2330} INFO - Executing <Task(BashOperator): extract_csv> on 2024-03-21 00:00:00+00:00
[2024-07-01T10:31:45.730+0000] {standard_task_runner.py:90} INFO - Running: ['airflow', 'tasks', 'run', 'dag_northwind', 'extract_csv', 'scheduled__2024-03-21T00:00:00+00:00', '--job-id', '1228', '--raw', '--subdir', 'DAGS_FOLDER/dag_northwind.py', '--cfg-path', '/tmp/tmp6wo2le79']
[2024-07-01T10:31:45.744+0000] {standard_task_runner.py:91} INFO - Job 1228: Subtask extract_csv
[2024-07-01T10:31:45.742+0000] {logging_mixin.py:188} WARNING - /home/airflow/.local/lib/python3.12/site-packages/airflow/task/task_runner/standard_task_runner.py:61 DeprecationWarning: This process (pid=6651) is multi-threaded, use of fork() may lead to deadlocks in the child.
[2024-07-01T10:31:45.747+0000] {standard_task_runner.py:63} INFO - Started process 6680 to run task
[2024-07-01T10:31:45.889+0000] {task_command.py:426} INFO - Running <TaskInstance: dag_northwind.extract_csv scheduled__2024-03-21T00:00:00+00:00 [running]> on host 85c6ea7cd9cf
[2024-07-01T10:31:46.129+0000] {taskinstance.py:2648} INFO - Exporting env vars: AIRFLOW_CTX_DAG_OWNER='airflow' AIRFLOW_CTX_DAG_ID='dag_northwind' AIRFLOW_CTX_TASK_ID='extract_csv' AIRFLOW_CTX_EXECUTION_DATE='2024-03-21T00:00:00+00:00' AIRFLOW_CTX_TRY_NUMBER='2' AIRFLOW_CTX_DAG_RUN_ID='scheduled__2024-03-21T00:00:00+00:00'
[2024-07-01T10:31:46.132+0000] {taskinstance.py:430} INFO - ::endgroup::
[2024-07-01T10:31:46.192+0000] {subprocess.py:63} INFO - Tmp dir root location: /tmp
[2024-07-01T10:31:46.205+0000] {subprocess.py:75} INFO - Running command: ['/usr/bin/bash', '-c', 'meltano elt tap-csv target-csv --job_id=extract_csv_2024-03-21 && mkdir -p /data/csv/2024-03-21 && mv /project/output/tap-csv/*.csv /data/csv/2024-03-21/']
[2024-07-01T10:31:46.235+0000] {subprocess.py:86} INFO - Output:
[2024-07-01T10:31:46.240+0000] {subprocess.py:93} INFO - /usr/bin/bash: line 1: meltano: command not found
[2024-07-01T10:31:46.242+0000] {subprocess.py:97} INFO - Command exited with return code 127
[2024-07-01T10:31:46.244+0000] {taskinstance.py:441} INFO - ::group::Post task execution logs
[2024-07-01T10:31:46.282+0000] {taskinstance.py:2905} ERROR - Task failed with exception
Traceback (most recent call last):
  File "/home/airflow/.local/lib/python3.12/site-packages/airflow/models/taskinstance.py", line 465, in _execute_task
    result = _execute_callable(context=context, **execute_callable_kwargs)
             ^^^^^^^^^^^^^^^^^^^^^^^^^^^^^^^^^^^^^^^^^^^^^^^^^^^^^^^^^^^^^
  File "/home/airflow/.local/lib/python3.12/site-packages/airflow/models/taskinstance.py", line 432, in _execute_callable
    return execute_callable(context=context, **execute_callable_kwargs)
           ^^^^^^^^^^^^^^^^^^^^^^^^^^^^^^^^^^^^^^^^^^^^^^^^^^^^^^^^^^^^
  File "/home/airflow/.local/lib/python3.12/site-packages/airflow/models/baseoperator.py", line 401, in wrapper
    return func(self, *args, **kwargs)
           ^^^^^^^^^^^^^^^^^^^^^^^^^^^
  File "/home/airflow/.local/lib/python3.12/site-packages/airflow/operators/bash.py", line 243, in execute
    raise AirflowException(
airflow.exceptions.AirflowException: Bash command failed. The command returned a non-zero exit code 127.
[2024-07-01T10:31:46.307+0000] {taskinstance.py:1206} INFO - Marking task as FAILED. dag_id=dag_northwind, task_id=extract_csv, run_id=scheduled__2024-03-21T00:00:00+00:00, execution_date=20240321T000000, start_date=20240701T103145, end_date=20240701T103146
[2024-07-01T10:31:46.334+0000] {standard_task_runner.py:110} ERROR - Failed to execute job 1228 for task extract_csv (Bash command failed. The command returned a non-zero exit code 127.; 6680)
[2024-07-01T10:31:46.388+0000] {local_task_job_runner.py:240} INFO - Task exited with return code 1
[2024-07-01T10:31:46.437+0000] {taskinstance.py:3503} INFO - 0 downstream tasks scheduled from follow-on schedule check
[2024-07-01T10:31:46.448+0000] {local_task_job_runner.py:222} INFO - ::endgroup::
