[2024-07-01T01:15:11.363+0000] {local_task_job_runner.py:120} INFO - ::group::Pre task execution logs
[2024-07-01T01:15:12.238+0000] {taskinstance.py:2076} INFO - Dependencies all met for dep_context=non-requeueable deps ti=<TaskInstance: dag_northwind.extract_csv scheduled__2024-02-18T00:00:00+00:00 [queued]>
[2024-07-01T01:15:12.276+0000] {taskinstance.py:2076} INFO - Dependencies all met for dep_context=requeueable deps ti=<TaskInstance: dag_northwind.extract_csv scheduled__2024-02-18T00:00:00+00:00 [queued]>
[2024-07-01T01:15:12.278+0000] {taskinstance.py:2306} INFO - Starting attempt 1 of 2
[2024-07-01T01:15:12.362+0000] {taskinstance.py:2330} INFO - Executing <Task(BashOperator): extract_csv> on 2024-02-18 00:00:00+00:00
[2024-07-01T01:15:12.410+0000] {standard_task_runner.py:90} INFO - Running: ['airflow', 'tasks', 'run', 'dag_northwind', 'extract_csv', 'scheduled__2024-02-18T00:00:00+00:00', '--job-id', '523', '--raw', '--subdir', 'DAGS_FOLDER/dag_northwind.py', '--cfg-path', '/tmp/tmpeayumet1']
[2024-07-01T01:15:12.421+0000] {standard_task_runner.py:91} INFO - Job 523: Subtask extract_csv
[2024-07-01T01:15:12.430+0000] {logging_mixin.py:188} WARNING - /home/airflow/.local/lib/python3.12/site-packages/airflow/task/task_runner/standard_task_runner.py:61 DeprecationWarning: This process (pid=277) is multi-threaded, use of fork() may lead to deadlocks in the child.
[2024-07-01T01:15:12.433+0000] {standard_task_runner.py:63} INFO - Started process 304 to run task
[2024-07-01T01:15:12.596+0000] {task_command.py:426} INFO - Running <TaskInstance: dag_northwind.extract_csv scheduled__2024-02-18T00:00:00+00:00 [running]> on host 05d913303710
[2024-07-01T01:15:12.975+0000] {taskinstance.py:2648} INFO - Exporting env vars: AIRFLOW_CTX_DAG_OWNER='airflow' AIRFLOW_CTX_DAG_ID='dag_northwind' AIRFLOW_CTX_TASK_ID='extract_csv' AIRFLOW_CTX_EXECUTION_DATE='2024-02-18T00:00:00+00:00' AIRFLOW_CTX_TRY_NUMBER='1' AIRFLOW_CTX_DAG_RUN_ID='scheduled__2024-02-18T00:00:00+00:00'
[2024-07-01T01:15:12.984+0000] {taskinstance.py:430} INFO - ::endgroup::
[2024-07-01T01:15:13.058+0000] {subprocess.py:63} INFO - Tmp dir root location: /tmp
[2024-07-01T01:15:13.069+0000] {subprocess.py:75} INFO - Running command: ['/usr/bin/bash', '-c', 'meltano elt tap-csv target-csv --job_id=extract_csv_2024-02-18 && mkdir -p /data/csv/2024-02-18 && mv /project/output/tap-csv/*.csv /data/csv/2024-02-18/']
[2024-07-01T01:15:13.152+0000] {subprocess.py:86} INFO - Output:
[2024-07-01T01:15:13.158+0000] {subprocess.py:93} INFO - /usr/bin/bash: line 1: meltano: command not found
[2024-07-01T01:15:13.166+0000] {subprocess.py:97} INFO - Command exited with return code 127
[2024-07-01T01:15:13.167+0000] {taskinstance.py:441} INFO - ::group::Post task execution logs
[2024-07-01T01:15:13.197+0000] {taskinstance.py:2905} ERROR - Task failed with exception
Traceback (most recent call last):
  File "/home/airflow/.local/lib/python3.12/site-packages/airflow/models/taskinstance.py", line 465, in _execute_task
    result = _execute_callable(context=context, **execute_callable_kwargs)
             ^^^^^^^^^^^^^^^^^^^^^^^^^^^^^^^^^^^^^^^^^^^^^^^^^^^^^^^^^^^^^
  File "/home/airflow/.local/lib/python3.12/site-packages/airflow/models/taskinstance.py", line 432, in _execute_callable
    return execute_callable(context=context, **execute_callable_kwargs)
           ^^^^^^^^^^^^^^^^^^^^^^^^^^^^^^^^^^^^^^^^^^^^^^^^^^^^^^^^^^^^
  File "/home/airflow/.local/lib/python3.12/site-packages/airflow/models/baseoperator.py", line 401, in wrapper
    return func(self, *args, **kwargs)
           ^^^^^^^^^^^^^^^^^^^^^^^^^^^
  File "/home/airflow/.local/lib/python3.12/site-packages/airflow/operators/bash.py", line 243, in execute
    raise AirflowException(
airflow.exceptions.AirflowException: Bash command failed. The command returned a non-zero exit code 127.
[2024-07-01T01:15:13.221+0000] {taskinstance.py:1206} INFO - Marking task as UP_FOR_RETRY. dag_id=dag_northwind, task_id=extract_csv, run_id=scheduled__2024-02-18T00:00:00+00:00, execution_date=20240218T000000, start_date=20240701T011512, end_date=20240701T011513
[2024-07-01T01:15:13.286+0000] {standard_task_runner.py:110} ERROR - Failed to execute job 523 for task extract_csv (Bash command failed. The command returned a non-zero exit code 127.; 304)
[2024-07-01T01:15:13.313+0000] {local_task_job_runner.py:240} INFO - Task exited with return code 1
[2024-07-01T01:15:13.336+0000] {local_task_job_runner.py:222} INFO - ::endgroup::
[2024-07-01T10:16:26.156+0000] {local_task_job_runner.py:120} INFO - ::group::Pre task execution logs
[2024-07-01T10:16:26.226+0000] {taskinstance.py:2076} INFO - Dependencies all met for dep_context=non-requeueable deps ti=<TaskInstance: dag_northwind.extract_csv scheduled__2024-02-18T00:00:00+00:00 [queued]>
[2024-07-01T10:16:26.242+0000] {taskinstance.py:2076} INFO - Dependencies all met for dep_context=requeueable deps ti=<TaskInstance: dag_northwind.extract_csv scheduled__2024-02-18T00:00:00+00:00 [queued]>
[2024-07-01T10:16:26.243+0000] {taskinstance.py:2306} INFO - Starting attempt 1 of 2
[2024-07-01T10:16:26.288+0000] {taskinstance.py:2330} INFO - Executing <Task(BashOperator): extract_csv> on 2024-02-18 00:00:00+00:00
[2024-07-01T10:16:26.303+0000] {logging_mixin.py:188} WARNING - /home/airflow/.local/lib/python3.12/site-packages/airflow/task/task_runner/standard_task_runner.py:61 DeprecationWarning: This process (pid=5861) is multi-threaded, use of fork() may lead to deadlocks in the child.
[2024-07-01T10:16:26.306+0000] {standard_task_runner.py:63} INFO - Started process 5870 to run task
[2024-07-01T10:16:26.302+0000] {standard_task_runner.py:90} INFO - Running: ['airflow', 'tasks', 'run', 'dag_northwind', 'extract_csv', 'scheduled__2024-02-18T00:00:00+00:00', '--job-id', '1068', '--raw', '--subdir', 'DAGS_FOLDER/dag_northwind.py', '--cfg-path', '/tmp/tmppz9z3pnr']
[2024-07-01T10:16:26.307+0000] {standard_task_runner.py:91} INFO - Job 1068: Subtask extract_csv
[2024-07-01T10:16:26.388+0000] {task_command.py:426} INFO - Running <TaskInstance: dag_northwind.extract_csv scheduled__2024-02-18T00:00:00+00:00 [running]> on host 85c6ea7cd9cf
[2024-07-01T10:16:26.582+0000] {taskinstance.py:2648} INFO - Exporting env vars: AIRFLOW_CTX_DAG_OWNER='airflow' AIRFLOW_CTX_DAG_ID='dag_northwind' AIRFLOW_CTX_TASK_ID='extract_csv' AIRFLOW_CTX_EXECUTION_DATE='2024-02-18T00:00:00+00:00' AIRFLOW_CTX_TRY_NUMBER='1' AIRFLOW_CTX_DAG_RUN_ID='scheduled__2024-02-18T00:00:00+00:00'
[2024-07-01T10:16:26.584+0000] {taskinstance.py:430} INFO - ::endgroup::
[2024-07-01T10:16:26.618+0000] {subprocess.py:63} INFO - Tmp dir root location: /tmp
[2024-07-01T10:16:26.620+0000] {subprocess.py:75} INFO - Running command: ['/usr/bin/bash', '-c', 'meltano elt tap-csv target-csv --job_id=extract_csv_2024-02-18 && mkdir -p /data/csv/2024-02-18 && mv /project/output/tap-csv/*.csv /data/csv/2024-02-18/']
[2024-07-01T10:16:26.652+0000] {subprocess.py:86} INFO - Output:
[2024-07-01T10:16:26.656+0000] {subprocess.py:93} INFO - /usr/bin/bash: line 1: meltano: command not found
[2024-07-01T10:16:26.657+0000] {subprocess.py:97} INFO - Command exited with return code 127
[2024-07-01T10:16:26.659+0000] {taskinstance.py:441} INFO - ::group::Post task execution logs
[2024-07-01T10:16:26.691+0000] {taskinstance.py:2905} ERROR - Task failed with exception
Traceback (most recent call last):
  File "/home/airflow/.local/lib/python3.12/site-packages/airflow/models/taskinstance.py", line 465, in _execute_task
    result = _execute_callable(context=context, **execute_callable_kwargs)
             ^^^^^^^^^^^^^^^^^^^^^^^^^^^^^^^^^^^^^^^^^^^^^^^^^^^^^^^^^^^^^
  File "/home/airflow/.local/lib/python3.12/site-packages/airflow/models/taskinstance.py", line 432, in _execute_callable
    return execute_callable(context=context, **execute_callable_kwargs)
           ^^^^^^^^^^^^^^^^^^^^^^^^^^^^^^^^^^^^^^^^^^^^^^^^^^^^^^^^^^^^
  File "/home/airflow/.local/lib/python3.12/site-packages/airflow/models/baseoperator.py", line 401, in wrapper
    return func(self, *args, **kwargs)
           ^^^^^^^^^^^^^^^^^^^^^^^^^^^
  File "/home/airflow/.local/lib/python3.12/site-packages/airflow/operators/bash.py", line 243, in execute
    raise AirflowException(
airflow.exceptions.AirflowException: Bash command failed. The command returned a non-zero exit code 127.
[2024-07-01T10:16:26.705+0000] {taskinstance.py:1206} INFO - Marking task as UP_FOR_RETRY. dag_id=dag_northwind, task_id=extract_csv, run_id=scheduled__2024-02-18T00:00:00+00:00, execution_date=20240218T000000, start_date=20240701T101626, end_date=20240701T101626
[2024-07-01T10:16:26.744+0000] {standard_task_runner.py:110} ERROR - Failed to execute job 1068 for task extract_csv (Bash command failed. The command returned a non-zero exit code 127.; 5870)
[2024-07-01T10:16:26.764+0000] {local_task_job_runner.py:240} INFO - Task exited with return code 1
[2024-07-01T10:16:26.786+0000] {local_task_job_runner.py:222} INFO - ::endgroup::
