[2024-07-01T01:30:52.634+0000] {local_task_job_runner.py:120} INFO - ::group::Pre task execution logs
[2024-07-01T01:30:52.705+0000] {taskinstance.py:2076} INFO - Dependencies all met for dep_context=non-requeueable deps ti=<TaskInstance: dag_northwind.extract_postgres scheduled__2024-04-21T00:00:00+00:00 [queued]>
[2024-07-01T01:30:52.721+0000] {taskinstance.py:2076} INFO - Dependencies all met for dep_context=requeueable deps ti=<TaskInstance: dag_northwind.extract_postgres scheduled__2024-04-21T00:00:00+00:00 [queued]>
[2024-07-01T01:30:52.722+0000] {taskinstance.py:2306} INFO - Starting attempt 1 of 2
[2024-07-01T01:30:52.749+0000] {taskinstance.py:2330} INFO - Executing <Task(BashOperator): extract_postgres> on 2024-04-21 00:00:00+00:00
[2024-07-01T01:30:52.763+0000] {logging_mixin.py:188} WARNING - /home/airflow/.local/lib/python3.12/site-packages/airflow/task/task_runner/standard_task_runner.py:61 DeprecationWarning: This process (pid=1311) is multi-threaded, use of fork() may lead to deadlocks in the child.
[2024-07-01T01:30:52.762+0000] {standard_task_runner.py:90} INFO - Running: ['airflow', 'tasks', 'run', 'dag_northwind', 'extract_postgres', 'scheduled__2024-04-21T00:00:00+00:00', '--job-id', '744', '--raw', '--subdir', 'DAGS_FOLDER/dag_northwind.py', '--cfg-path', '/tmp/tmpmg_vdmsw']
[2024-07-01T01:30:52.765+0000] {standard_task_runner.py:63} INFO - Started process 1323 to run task
[2024-07-01T01:30:52.766+0000] {standard_task_runner.py:91} INFO - Job 744: Subtask extract_postgres
[2024-07-01T01:30:52.836+0000] {task_command.py:426} INFO - Running <TaskInstance: dag_northwind.extract_postgres scheduled__2024-04-21T00:00:00+00:00 [running]> on host 05d913303710
[2024-07-01T01:30:52.949+0000] {taskinstance.py:2648} INFO - Exporting env vars: AIRFLOW_CTX_DAG_OWNER='airflow' AIRFLOW_CTX_DAG_ID='dag_northwind' AIRFLOW_CTX_TASK_ID='extract_postgres' AIRFLOW_CTX_EXECUTION_DATE='2024-04-21T00:00:00+00:00' AIRFLOW_CTX_TRY_NUMBER='1' AIRFLOW_CTX_DAG_RUN_ID='scheduled__2024-04-21T00:00:00+00:00'
[2024-07-01T01:30:52.950+0000] {taskinstance.py:430} INFO - ::endgroup::
[2024-07-01T01:30:52.973+0000] {subprocess.py:63} INFO - Tmp dir root location: /tmp
[2024-07-01T01:30:52.974+0000] {subprocess.py:75} INFO - Running command: ['/usr/bin/bash', '-c', 'meltano elt tap-postgres target-csv --job_id=extract_postgres_2024-04-21 && mkdir -p /data/postgres/2024-04-21 && mv /project/output/tap-postgres/*.csv /data/postgres/2024-04-21/']
[2024-07-01T01:30:52.985+0000] {subprocess.py:86} INFO - Output:
[2024-07-01T01:30:52.987+0000] {subprocess.py:93} INFO - /usr/bin/bash: line 1: meltano: command not found
[2024-07-01T01:30:52.988+0000] {subprocess.py:97} INFO - Command exited with return code 127
[2024-07-01T01:30:52.989+0000] {taskinstance.py:441} INFO - ::group::Post task execution logs
[2024-07-01T01:30:53.002+0000] {taskinstance.py:2905} ERROR - Task failed with exception
Traceback (most recent call last):
  File "/home/airflow/.local/lib/python3.12/site-packages/airflow/models/taskinstance.py", line 465, in _execute_task
    result = _execute_callable(context=context, **execute_callable_kwargs)
             ^^^^^^^^^^^^^^^^^^^^^^^^^^^^^^^^^^^^^^^^^^^^^^^^^^^^^^^^^^^^^
  File "/home/airflow/.local/lib/python3.12/site-packages/airflow/models/taskinstance.py", line 432, in _execute_callable
    return execute_callable(context=context, **execute_callable_kwargs)
           ^^^^^^^^^^^^^^^^^^^^^^^^^^^^^^^^^^^^^^^^^^^^^^^^^^^^^^^^^^^^
  File "/home/airflow/.local/lib/python3.12/site-packages/airflow/models/baseoperator.py", line 401, in wrapper
    return func(self, *args, **kwargs)
           ^^^^^^^^^^^^^^^^^^^^^^^^^^^
  File "/home/airflow/.local/lib/python3.12/site-packages/airflow/operators/bash.py", line 243, in execute
    raise AirflowException(
airflow.exceptions.AirflowException: Bash command failed. The command returned a non-zero exit code 127.
[2024-07-01T01:30:53.008+0000] {taskinstance.py:1206} INFO - Marking task as UP_FOR_RETRY. dag_id=dag_northwind, task_id=extract_postgres, run_id=scheduled__2024-04-21T00:00:00+00:00, execution_date=20240421T000000, start_date=20240701T013052, end_date=20240701T013053
[2024-07-01T01:30:53.025+0000] {standard_task_runner.py:110} ERROR - Failed to execute job 744 for task extract_postgres (Bash command failed. The command returned a non-zero exit code 127.; 1323)
[2024-07-01T01:30:53.061+0000] {local_task_job_runner.py:240} INFO - Task exited with return code 1
[2024-07-01T01:30:53.073+0000] {local_task_job_runner.py:222} INFO - ::endgroup::
[2024-07-01T10:32:02.275+0000] {local_task_job_runner.py:120} INFO - ::group::Pre task execution logs
[2024-07-01T10:32:02.330+0000] {taskinstance.py:2076} INFO - Dependencies all met for dep_context=non-requeueable deps ti=<TaskInstance: dag_northwind.extract_postgres scheduled__2024-04-21T00:00:00+00:00 [queued]>
[2024-07-01T10:32:02.341+0000] {taskinstance.py:2076} INFO - Dependencies all met for dep_context=requeueable deps ti=<TaskInstance: dag_northwind.extract_postgres scheduled__2024-04-21T00:00:00+00:00 [queued]>
[2024-07-01T10:32:02.341+0000] {taskinstance.py:2306} INFO - Starting attempt 1 of 2
[2024-07-01T10:32:02.361+0000] {taskinstance.py:2330} INFO - Executing <Task(BashOperator): extract_postgres> on 2024-04-21 00:00:00+00:00
[2024-07-01T10:32:02.370+0000] {logging_mixin.py:188} WARNING - /home/airflow/.local/lib/python3.12/site-packages/airflow/task/task_runner/standard_task_runner.py:61 DeprecationWarning: This process (pid=6895) is multi-threaded, use of fork() may lead to deadlocks in the child.
[2024-07-01T10:32:02.372+0000] {standard_task_runner.py:63} INFO - Started process 6906 to run task
[2024-07-01T10:32:02.370+0000] {standard_task_runner.py:90} INFO - Running: ['airflow', 'tasks', 'run', 'dag_northwind', 'extract_postgres', 'scheduled__2024-04-21T00:00:00+00:00', '--job-id', '1290', '--raw', '--subdir', 'DAGS_FOLDER/dag_northwind.py', '--cfg-path', '/tmp/tmphgtwhioa']
[2024-07-01T10:32:02.373+0000] {standard_task_runner.py:91} INFO - Job 1290: Subtask extract_postgres
[2024-07-01T10:32:02.435+0000] {task_command.py:426} INFO - Running <TaskInstance: dag_northwind.extract_postgres scheduled__2024-04-21T00:00:00+00:00 [running]> on host 85c6ea7cd9cf
[2024-07-01T10:32:02.547+0000] {taskinstance.py:2648} INFO - Exporting env vars: AIRFLOW_CTX_DAG_OWNER='airflow' AIRFLOW_CTX_DAG_ID='dag_northwind' AIRFLOW_CTX_TASK_ID='extract_postgres' AIRFLOW_CTX_EXECUTION_DATE='2024-04-21T00:00:00+00:00' AIRFLOW_CTX_TRY_NUMBER='1' AIRFLOW_CTX_DAG_RUN_ID='scheduled__2024-04-21T00:00:00+00:00'
[2024-07-01T10:32:02.548+0000] {taskinstance.py:430} INFO - ::endgroup::
[2024-07-01T10:32:02.570+0000] {subprocess.py:63} INFO - Tmp dir root location: /tmp
[2024-07-01T10:32:02.571+0000] {subprocess.py:75} INFO - Running command: ['/usr/bin/bash', '-c', 'meltano elt tap-postgres target-csv --job_id=extract_postgres_2024-04-21 && mkdir -p /data/postgres/2024-04-21 && mv /project/output/tap-postgres/*.csv /data/postgres/2024-04-21/']
[2024-07-01T10:32:02.585+0000] {subprocess.py:86} INFO - Output:
[2024-07-01T10:32:02.590+0000] {subprocess.py:93} INFO - /usr/bin/bash: line 1: meltano: command not found
[2024-07-01T10:32:02.591+0000] {subprocess.py:97} INFO - Command exited with return code 127
[2024-07-01T10:32:02.592+0000] {taskinstance.py:441} INFO - ::group::Post task execution logs
[2024-07-01T10:32:02.609+0000] {taskinstance.py:2905} ERROR - Task failed with exception
Traceback (most recent call last):
  File "/home/airflow/.local/lib/python3.12/site-packages/airflow/models/taskinstance.py", line 465, in _execute_task
    result = _execute_callable(context=context, **execute_callable_kwargs)
             ^^^^^^^^^^^^^^^^^^^^^^^^^^^^^^^^^^^^^^^^^^^^^^^^^^^^^^^^^^^^^
  File "/home/airflow/.local/lib/python3.12/site-packages/airflow/models/taskinstance.py", line 432, in _execute_callable
    return execute_callable(context=context, **execute_callable_kwargs)
           ^^^^^^^^^^^^^^^^^^^^^^^^^^^^^^^^^^^^^^^^^^^^^^^^^^^^^^^^^^^^
  File "/home/airflow/.local/lib/python3.12/site-packages/airflow/models/baseoperator.py", line 401, in wrapper
    return func(self, *args, **kwargs)
           ^^^^^^^^^^^^^^^^^^^^^^^^^^^
  File "/home/airflow/.local/lib/python3.12/site-packages/airflow/operators/bash.py", line 243, in execute
    raise AirflowException(
airflow.exceptions.AirflowException: Bash command failed. The command returned a non-zero exit code 127.
[2024-07-01T10:32:02.615+0000] {taskinstance.py:1206} INFO - Marking task as UP_FOR_RETRY. dag_id=dag_northwind, task_id=extract_postgres, run_id=scheduled__2024-04-21T00:00:00+00:00, execution_date=20240421T000000, start_date=20240701T103202, end_date=20240701T103202
[2024-07-01T10:32:02.629+0000] {standard_task_runner.py:110} ERROR - Failed to execute job 1290 for task extract_postgres (Bash command failed. The command returned a non-zero exit code 127.; 6906)
[2024-07-01T10:32:02.667+0000] {local_task_job_runner.py:240} INFO - Task exited with return code 1
[2024-07-01T10:32:02.700+0000] {taskinstance.py:3503} INFO - 0 downstream tasks scheduled from follow-on schedule check
[2024-07-01T10:32:02.702+0000] {local_task_job_runner.py:222} INFO - ::endgroup::
