[2024-06-29T13:03:08.540+0000] {local_task_job_runner.py:120} INFO - ::group::Pre task execution logs
[2024-06-29T13:03:08.650+0000] {taskinstance.py:2076} INFO - Dependencies all met for dep_context=non-requeueable deps ti=<TaskInstance: northwind_dag.extract_postgres scheduled__2024-01-02T00:00:00+00:00 [queued]>
[2024-06-29T13:03:08.672+0000] {taskinstance.py:2076} INFO - Dependencies all met for dep_context=requeueable deps ti=<TaskInstance: northwind_dag.extract_postgres scheduled__2024-01-02T00:00:00+00:00 [queued]>
[2024-06-29T13:03:08.673+0000] {taskinstance.py:2306} INFO - Starting attempt 1 of 2
[2024-06-29T13:03:08.706+0000] {taskinstance.py:2330} INFO - Executing <Task(BashOperator): extract_postgres> on 2024-01-02 00:00:00+00:00
[2024-06-29T13:03:08.719+0000] {standard_task_runner.py:90} INFO - Running: ['airflow', 'tasks', 'run', 'northwind_dag', 'extract_postgres', 'scheduled__2024-01-02T00:00:00+00:00', '--job-id', '5', '--raw', '--subdir', 'DAGS_FOLDER/northwind_dag.py', '--cfg-path', '/tmp/tmpnpa2fi7k']
[2024-06-29T13:03:08.725+0000] {standard_task_runner.py:91} INFO - Job 5: Subtask extract_postgres
[2024-06-29T13:03:08.730+0000] {logging_mixin.py:188} WARNING - /home/airflow/.local/lib/python3.12/site-packages/airflow/task/task_runner/standard_task_runner.py:61 DeprecationWarning: This process (pid=169) is multi-threaded, use of fork() may lead to deadlocks in the child.
[2024-06-29T13:03:08.731+0000] {standard_task_runner.py:63} INFO - Started process 174 to run task
[2024-06-29T13:03:08.815+0000] {task_command.py:426} INFO - Running <TaskInstance: northwind_dag.extract_postgres scheduled__2024-01-02T00:00:00+00:00 [running]> on host f661a8cb6e02
[2024-06-29T13:03:09.059+0000] {taskinstance.py:2648} INFO - Exporting env vars: AIRFLOW_CTX_DAG_OWNER='airflow' AIRFLOW_CTX_DAG_ID='northwind_dag' AIRFLOW_CTX_TASK_ID='extract_postgres' AIRFLOW_CTX_EXECUTION_DATE='2024-01-02T00:00:00+00:00' AIRFLOW_CTX_TRY_NUMBER='1' AIRFLOW_CTX_DAG_RUN_ID='scheduled__2024-01-02T00:00:00+00:00'
[2024-06-29T13:03:09.060+0000] {taskinstance.py:430} INFO - ::endgroup::
[2024-06-29T13:03:09.142+0000] {subprocess.py:63} INFO - Tmp dir root location: /tmp
[2024-06-29T13:03:09.144+0000] {subprocess.py:75} INFO - Running command: ['/usr/bin/bash', '-c', 'meltano elt tap-postgres target-postgres --job_id=extract_postgres']
[2024-06-29T13:03:09.162+0000] {subprocess.py:86} INFO - Output:
[2024-06-29T13:03:09.181+0000] {subprocess.py:93} INFO - /usr/bin/bash: line 1: meltano: command not found
[2024-06-29T13:03:09.182+0000] {subprocess.py:97} INFO - Command exited with return code 127
[2024-06-29T13:03:09.183+0000] {taskinstance.py:441} INFO - ::group::Post task execution logs
[2024-06-29T13:03:09.204+0000] {taskinstance.py:2905} ERROR - Task failed with exception
Traceback (most recent call last):
  File "/home/airflow/.local/lib/python3.12/site-packages/airflow/models/taskinstance.py", line 465, in _execute_task
    result = _execute_callable(context=context, **execute_callable_kwargs)
             ^^^^^^^^^^^^^^^^^^^^^^^^^^^^^^^^^^^^^^^^^^^^^^^^^^^^^^^^^^^^^
  File "/home/airflow/.local/lib/python3.12/site-packages/airflow/models/taskinstance.py", line 432, in _execute_callable
    return execute_callable(context=context, **execute_callable_kwargs)
           ^^^^^^^^^^^^^^^^^^^^^^^^^^^^^^^^^^^^^^^^^^^^^^^^^^^^^^^^^^^^
  File "/home/airflow/.local/lib/python3.12/site-packages/airflow/models/baseoperator.py", line 401, in wrapper
    return func(self, *args, **kwargs)
           ^^^^^^^^^^^^^^^^^^^^^^^^^^^
  File "/home/airflow/.local/lib/python3.12/site-packages/airflow/operators/bash.py", line 243, in execute
    raise AirflowException(
airflow.exceptions.AirflowException: Bash command failed. The command returned a non-zero exit code 127.
[2024-06-29T13:03:09.215+0000] {taskinstance.py:1206} INFO - Marking task as UP_FOR_RETRY. dag_id=northwind_dag, task_id=extract_postgres, run_id=scheduled__2024-01-02T00:00:00+00:00, execution_date=20240102T000000, start_date=20240629T130308, end_date=20240629T130309
[2024-06-29T13:03:09.270+0000] {standard_task_runner.py:110} ERROR - Failed to execute job 5 for task extract_postgres (Bash command failed. The command returned a non-zero exit code 127.; 174)
[2024-06-29T13:03:09.308+0000] {local_task_job_runner.py:240} INFO - Task exited with return code 1
[2024-06-29T13:03:09.366+0000] {taskinstance.py:3503} INFO - 0 downstream tasks scheduled from follow-on schedule check
[2024-06-29T13:03:09.370+0000] {local_task_job_runner.py:222} INFO - ::endgroup::
[2024-06-30T18:09:24.470+0000] {local_task_job_runner.py:120} INFO - ::group::Pre task execution logs
[2024-06-30T18:09:24.565+0000] {taskinstance.py:2076} INFO - Dependencies all met for dep_context=non-requeueable deps ti=<TaskInstance: northwind_dag.extract_postgres scheduled__2024-01-02T00:00:00+00:00 [queued]>
[2024-06-30T18:09:24.581+0000] {taskinstance.py:2076} INFO - Dependencies all met for dep_context=requeueable deps ti=<TaskInstance: northwind_dag.extract_postgres scheduled__2024-01-02T00:00:00+00:00 [queued]>
[2024-06-30T18:09:24.582+0000] {taskinstance.py:2306} INFO - Starting attempt 1 of 2
[2024-06-30T18:09:24.638+0000] {taskinstance.py:2330} INFO - Executing <Task(BashOperator): extract_postgres> on 2024-01-02 00:00:00+00:00
[2024-06-30T18:09:24.651+0000] {standard_task_runner.py:90} INFO - Running: ['airflow', 'tasks', 'run', 'northwind_dag', 'extract_postgres', 'scheduled__2024-01-02T00:00:00+00:00', '--job-id', '373', '--raw', '--subdir', 'DAGS_FOLDER/dag_northwind.py', '--cfg-path', '/tmp/tmpdtcj44aa']
[2024-06-30T18:09:24.656+0000] {standard_task_runner.py:91} INFO - Job 373: Subtask extract_postgres
[2024-06-30T18:09:24.662+0000] {logging_mixin.py:188} WARNING - /home/airflow/.local/lib/python3.12/site-packages/airflow/task/task_runner/standard_task_runner.py:61 DeprecationWarning: This process (pid=1669) is multi-threaded, use of fork() may lead to deadlocks in the child.
[2024-06-30T18:09:24.663+0000] {standard_task_runner.py:63} INFO - Started process 1674 to run task
[2024-06-30T18:09:24.742+0000] {task_command.py:426} INFO - Running <TaskInstance: northwind_dag.extract_postgres scheduled__2024-01-02T00:00:00+00:00 [running]> on host 59a47d9254b0
[2024-06-30T18:09:24.933+0000] {taskinstance.py:2648} INFO - Exporting env vars: AIRFLOW_CTX_DAG_OWNER='airflow' AIRFLOW_CTX_DAG_ID='northwind_dag' AIRFLOW_CTX_TASK_ID='extract_postgres' AIRFLOW_CTX_EXECUTION_DATE='2024-01-02T00:00:00+00:00' AIRFLOW_CTX_TRY_NUMBER='1' AIRFLOW_CTX_DAG_RUN_ID='scheduled__2024-01-02T00:00:00+00:00'
[2024-06-30T18:09:24.934+0000] {taskinstance.py:430} INFO - ::endgroup::
[2024-06-30T18:09:25.049+0000] {subprocess.py:63} INFO - Tmp dir root location: /tmp
[2024-06-30T18:09:25.051+0000] {subprocess.py:75} INFO - Running command: ['/usr/bin/bash', '-c', 'meltano elt tap-postgres target-csv --job_id=extract_postgres_2024-01-02 && mv ./output/tap-postgres/*.csv /data/postgres/{table}/2024-01-02/']
[2024-06-30T18:09:25.071+0000] {subprocess.py:86} INFO - Output:
[2024-06-30T18:09:25.105+0000] {subprocess.py:93} INFO - /usr/bin/bash: line 1: meltano: command not found
[2024-06-30T18:09:25.107+0000] {subprocess.py:97} INFO - Command exited with return code 127
[2024-06-30T18:09:25.110+0000] {taskinstance.py:441} INFO - ::group::Post task execution logs
[2024-06-30T18:09:25.127+0000] {taskinstance.py:2905} ERROR - Task failed with exception
Traceback (most recent call last):
  File "/home/airflow/.local/lib/python3.12/site-packages/airflow/models/taskinstance.py", line 465, in _execute_task
    result = _execute_callable(context=context, **execute_callable_kwargs)
             ^^^^^^^^^^^^^^^^^^^^^^^^^^^^^^^^^^^^^^^^^^^^^^^^^^^^^^^^^^^^^
  File "/home/airflow/.local/lib/python3.12/site-packages/airflow/models/taskinstance.py", line 432, in _execute_callable
    return execute_callable(context=context, **execute_callable_kwargs)
           ^^^^^^^^^^^^^^^^^^^^^^^^^^^^^^^^^^^^^^^^^^^^^^^^^^^^^^^^^^^^
  File "/home/airflow/.local/lib/python3.12/site-packages/airflow/models/baseoperator.py", line 401, in wrapper
    return func(self, *args, **kwargs)
           ^^^^^^^^^^^^^^^^^^^^^^^^^^^
  File "/home/airflow/.local/lib/python3.12/site-packages/airflow/operators/bash.py", line 243, in execute
    raise AirflowException(
airflow.exceptions.AirflowException: Bash command failed. The command returned a non-zero exit code 127.
[2024-06-30T18:09:25.138+0000] {taskinstance.py:1206} INFO - Marking task as UP_FOR_RETRY. dag_id=northwind_dag, task_id=extract_postgres, run_id=scheduled__2024-01-02T00:00:00+00:00, execution_date=20240102T000000, start_date=20240630T180924, end_date=20240630T180925
[2024-06-30T18:09:25.195+0000] {standard_task_runner.py:110} ERROR - Failed to execute job 373 for task extract_postgres (Bash command failed. The command returned a non-zero exit code 127.; 1674)
[2024-06-30T18:09:25.239+0000] {local_task_job_runner.py:240} INFO - Task exited with return code 1
[2024-06-30T18:09:25.254+0000] {local_task_job_runner.py:222} INFO - ::endgroup::
