[2024-07-01T01:09:31.735+0000] {local_task_job_runner.py:120} INFO - ::group::Pre task execution logs
[2024-07-01T01:09:31.876+0000] {taskinstance.py:2076} INFO - Dependencies all met for dep_context=non-requeueable deps ti=<TaskInstance: dag_northwind.extract_postgres scheduled__2024-02-09T00:00:00+00:00 [queued]>
[2024-07-01T01:09:31.901+0000] {taskinstance.py:2076} INFO - Dependencies all met for dep_context=requeueable deps ti=<TaskInstance: dag_northwind.extract_postgres scheduled__2024-02-09T00:00:00+00:00 [queued]>
[2024-07-01T01:09:31.902+0000] {taskinstance.py:2306} INFO - Starting attempt 2 of 2
[2024-07-01T01:09:31.975+0000] {taskinstance.py:2330} INFO - Executing <Task(BashOperator): extract_postgres> on 2024-02-09 00:00:00+00:00
[2024-07-01T01:09:32.047+0000] {logging_mixin.py:188} WARNING - /home/airflow/.local/lib/python3.12/site-packages/airflow/task/task_runner/standard_task_runner.py:61 DeprecationWarning: This process (pid=428) is multi-threaded, use of fork() may lead to deadlocks in the child.
[2024-07-01T01:09:32.067+0000] {standard_task_runner.py:63} INFO - Started process 449 to run task
[2024-07-01T01:09:32.038+0000] {standard_task_runner.py:90} INFO - Running: ['airflow', 'tasks', 'run', 'dag_northwind', 'extract_postgres', 'scheduled__2024-02-09T00:00:00+00:00', '--job-id', '474', '--raw', '--subdir', 'DAGS_FOLDER/dag_northwind.py', '--cfg-path', '/tmp/tmp_n32i5fv']
[2024-07-01T01:09:32.981+0000] {standard_task_runner.py:91} INFO - Job 474: Subtask extract_postgres
[2024-07-01T01:09:37.689+0000] {task_command.py:426} INFO - Running <TaskInstance: dag_northwind.extract_postgres scheduled__2024-02-09T00:00:00+00:00 [running]> on host 580c934a4829
[2024-07-01T01:09:37.928+0000] {taskinstance.py:2648} INFO - Exporting env vars: AIRFLOW_CTX_DAG_OWNER='airflow' AIRFLOW_CTX_DAG_ID='dag_northwind' AIRFLOW_CTX_TASK_ID='extract_postgres' AIRFLOW_CTX_EXECUTION_DATE='2024-02-09T00:00:00+00:00' AIRFLOW_CTX_TRY_NUMBER='2' AIRFLOW_CTX_DAG_RUN_ID='scheduled__2024-02-09T00:00:00+00:00'
[2024-07-01T01:09:37.929+0000] {taskinstance.py:430} INFO - ::endgroup::
[2024-07-01T01:09:37.954+0000] {subprocess.py:63} INFO - Tmp dir root location: /tmp
[2024-07-01T01:09:37.955+0000] {subprocess.py:75} INFO - Running command: ['/usr/bin/bash', '-c', 'meltano elt tap-postgres target-csv --job_id=extract_postgres_2024-02-09 && mkdir -p /data/postgres/2024-02-09 && mv /project/output/tap-postgres/*.csv /data/postgres/2024-02-09/']
[2024-07-01T01:09:37.973+0000] {subprocess.py:86} INFO - Output:
[2024-07-01T01:09:37.977+0000] {subprocess.py:93} INFO - /usr/bin/bash: line 1: meltano: command not found
[2024-07-01T01:09:37.980+0000] {subprocess.py:97} INFO - Command exited with return code 127
[2024-07-01T01:09:37.985+0000] {taskinstance.py:441} INFO - ::group::Post task execution logs
[2024-07-01T01:09:38.013+0000] {taskinstance.py:2905} ERROR - Task failed with exception
Traceback (most recent call last):
  File "/home/airflow/.local/lib/python3.12/site-packages/airflow/models/taskinstance.py", line 465, in _execute_task
    result = _execute_callable(context=context, **execute_callable_kwargs)
             ^^^^^^^^^^^^^^^^^^^^^^^^^^^^^^^^^^^^^^^^^^^^^^^^^^^^^^^^^^^^^
  File "/home/airflow/.local/lib/python3.12/site-packages/airflow/models/taskinstance.py", line 432, in _execute_callable
    return execute_callable(context=context, **execute_callable_kwargs)
           ^^^^^^^^^^^^^^^^^^^^^^^^^^^^^^^^^^^^^^^^^^^^^^^^^^^^^^^^^^^^
  File "/home/airflow/.local/lib/python3.12/site-packages/airflow/models/baseoperator.py", line 401, in wrapper
    return func(self, *args, **kwargs)
           ^^^^^^^^^^^^^^^^^^^^^^^^^^^
  File "/home/airflow/.local/lib/python3.12/site-packages/airflow/operators/bash.py", line 243, in execute
    raise AirflowException(
airflow.exceptions.AirflowException: Bash command failed. The command returned a non-zero exit code 127.
[2024-07-01T01:09:38.057+0000] {taskinstance.py:1206} INFO - Marking task as FAILED. dag_id=dag_northwind, task_id=extract_postgres, run_id=scheduled__2024-02-09T00:00:00+00:00, execution_date=20240209T000000, start_date=20240701T010931, end_date=20240701T010938
[2024-07-01T01:09:38.105+0000] {standard_task_runner.py:110} ERROR - Failed to execute job 474 for task extract_postgres (Bash command failed. The command returned a non-zero exit code 127.; 449)
[2024-07-01T01:09:38.141+0000] {local_task_job_runner.py:240} INFO - Task exited with return code 1
[2024-07-01T01:09:38.235+0000] {taskinstance.py:3503} INFO - 0 downstream tasks scheduled from follow-on schedule check
[2024-07-01T01:09:38.259+0000] {local_task_job_runner.py:222} INFO - ::endgroup::
[2024-07-01T10:16:22.341+0000] {local_task_job_runner.py:120} INFO - ::group::Pre task execution logs
[2024-07-01T10:16:22.458+0000] {taskinstance.py:2076} INFO - Dependencies all met for dep_context=non-requeueable deps ti=<TaskInstance: dag_northwind.extract_postgres scheduled__2024-02-09T00:00:00+00:00 [queued]>
[2024-07-01T10:16:22.483+0000] {taskinstance.py:2076} INFO - Dependencies all met for dep_context=requeueable deps ti=<TaskInstance: dag_northwind.extract_postgres scheduled__2024-02-09T00:00:00+00:00 [queued]>
[2024-07-01T10:16:22.484+0000] {taskinstance.py:2306} INFO - Starting attempt 2 of 2
[2024-07-01T10:16:22.718+0000] {taskinstance.py:2330} INFO - Executing <Task(BashOperator): extract_postgres> on 2024-02-09 00:00:00+00:00
[2024-07-01T10:16:22.736+0000] {logging_mixin.py:188} WARNING - /home/airflow/.local/lib/python3.12/site-packages/airflow/task/task_runner/standard_task_runner.py:61 DeprecationWarning: This process (pid=5774) is multi-threaded, use of fork() may lead to deadlocks in the child.
[2024-07-01T10:16:22.739+0000] {standard_task_runner.py:63} INFO - Started process 5796 to run task
[2024-07-01T10:16:22.744+0000] {standard_task_runner.py:90} INFO - Running: ['airflow', 'tasks', 'run', 'dag_northwind', 'extract_postgres', 'scheduled__2024-02-09T00:00:00+00:00', '--job-id', '1049', '--raw', '--subdir', 'DAGS_FOLDER/dag_northwind.py', '--cfg-path', '/tmp/tmpc4xyip9j']
[2024-07-01T10:16:22.748+0000] {standard_task_runner.py:91} INFO - Job 1049: Subtask extract_postgres
[2024-07-01T10:16:22.894+0000] {task_command.py:426} INFO - Running <TaskInstance: dag_northwind.extract_postgres scheduled__2024-02-09T00:00:00+00:00 [running]> on host 85c6ea7cd9cf
[2024-07-01T10:16:23.101+0000] {taskinstance.py:2648} INFO - Exporting env vars: AIRFLOW_CTX_DAG_OWNER='airflow' AIRFLOW_CTX_DAG_ID='dag_northwind' AIRFLOW_CTX_TASK_ID='extract_postgres' AIRFLOW_CTX_EXECUTION_DATE='2024-02-09T00:00:00+00:00' AIRFLOW_CTX_TRY_NUMBER='2' AIRFLOW_CTX_DAG_RUN_ID='scheduled__2024-02-09T00:00:00+00:00'
[2024-07-01T10:16:23.106+0000] {taskinstance.py:430} INFO - ::endgroup::
[2024-07-01T10:16:23.156+0000] {subprocess.py:63} INFO - Tmp dir root location: /tmp
[2024-07-01T10:16:23.158+0000] {subprocess.py:75} INFO - Running command: ['/usr/bin/bash', '-c', 'meltano elt tap-postgres target-csv --job_id=extract_postgres_2024-02-09 && mkdir -p /data/postgres/2024-02-09 && mv /project/output/tap-postgres/*.csv /data/postgres/2024-02-09/']
[2024-07-01T10:16:23.183+0000] {subprocess.py:86} INFO - Output:
[2024-07-01T10:16:23.191+0000] {subprocess.py:93} INFO - /usr/bin/bash: line 1: meltano: command not found
[2024-07-01T10:16:23.199+0000] {subprocess.py:97} INFO - Command exited with return code 127
[2024-07-01T10:16:23.200+0000] {taskinstance.py:441} INFO - ::group::Post task execution logs
[2024-07-01T10:16:23.224+0000] {taskinstance.py:2905} ERROR - Task failed with exception
Traceback (most recent call last):
  File "/home/airflow/.local/lib/python3.12/site-packages/airflow/models/taskinstance.py", line 465, in _execute_task
    result = _execute_callable(context=context, **execute_callable_kwargs)
             ^^^^^^^^^^^^^^^^^^^^^^^^^^^^^^^^^^^^^^^^^^^^^^^^^^^^^^^^^^^^^
  File "/home/airflow/.local/lib/python3.12/site-packages/airflow/models/taskinstance.py", line 432, in _execute_callable
    return execute_callable(context=context, **execute_callable_kwargs)
           ^^^^^^^^^^^^^^^^^^^^^^^^^^^^^^^^^^^^^^^^^^^^^^^^^^^^^^^^^^^^
  File "/home/airflow/.local/lib/python3.12/site-packages/airflow/models/baseoperator.py", line 401, in wrapper
    return func(self, *args, **kwargs)
           ^^^^^^^^^^^^^^^^^^^^^^^^^^^
  File "/home/airflow/.local/lib/python3.12/site-packages/airflow/operators/bash.py", line 243, in execute
    raise AirflowException(
airflow.exceptions.AirflowException: Bash command failed. The command returned a non-zero exit code 127.
[2024-07-01T10:16:23.236+0000] {taskinstance.py:1206} INFO - Marking task as FAILED. dag_id=dag_northwind, task_id=extract_postgres, run_id=scheduled__2024-02-09T00:00:00+00:00, execution_date=20240209T000000, start_date=20240701T101622, end_date=20240701T101623
[2024-07-01T10:16:23.383+0000] {standard_task_runner.py:110} ERROR - Failed to execute job 1049 for task extract_postgres (Bash command failed. The command returned a non-zero exit code 127.; 5796)
[2024-07-01T10:16:23.407+0000] {local_task_job_runner.py:240} INFO - Task exited with return code 1
[2024-07-01T10:16:23.485+0000] {taskinstance.py:3503} INFO - 0 downstream tasks scheduled from follow-on schedule check
[2024-07-01T10:16:23.513+0000] {local_task_job_runner.py:222} INFO - ::endgroup::
