[2024-06-30T21:03:43.393+0000] {local_task_job_runner.py:120} INFO - ::group::Pre task execution logs
[2024-06-30T21:03:43.446+0000] {taskinstance.py:2076} INFO - Dependencies all met for dep_context=non-requeueable deps ti=<TaskInstance: dag_northwind.extract_postgres scheduled__2024-02-09T00:00:00+00:00 [queued]>
[2024-06-30T21:03:43.458+0000] {taskinstance.py:2076} INFO - Dependencies all met for dep_context=requeueable deps ti=<TaskInstance: dag_northwind.extract_postgres scheduled__2024-02-09T00:00:00+00:00 [queued]>
[2024-06-30T21:03:43.458+0000] {taskinstance.py:2306} INFO - Starting attempt 1 of 2
[2024-06-30T21:03:43.507+0000] {taskinstance.py:2330} INFO - Executing <Task(BashOperator): extract_postgres> on 2024-02-09 00:00:00+00:00
[2024-06-30T21:03:43.516+0000] {logging_mixin.py:188} WARNING - /home/airflow/.local/lib/python3.12/site-packages/airflow/task/task_runner/standard_task_runner.py:61 DeprecationWarning: This process (pid=942) is multi-threaded, use of fork() may lead to deadlocks in the child.
[2024-06-30T21:03:43.517+0000] {standard_task_runner.py:63} INFO - Started process 952 to run task
[2024-06-30T21:03:43.516+0000] {standard_task_runner.py:90} INFO - Running: ['airflow', 'tasks', 'run', 'dag_northwind', 'extract_postgres', 'scheduled__2024-02-09T00:00:00+00:00', '--job-id', '462', '--raw', '--subdir', 'DAGS_FOLDER/dag_northwind.py', '--cfg-path', '/tmp/tmpnfjeumk1']
[2024-06-30T21:03:43.519+0000] {standard_task_runner.py:91} INFO - Job 462: Subtask extract_postgres
[2024-06-30T21:03:43.591+0000] {task_command.py:426} INFO - Running <TaskInstance: dag_northwind.extract_postgres scheduled__2024-02-09T00:00:00+00:00 [running]> on host a7d76f00647b
[2024-06-30T21:03:43.700+0000] {taskinstance.py:2648} INFO - Exporting env vars: AIRFLOW_CTX_DAG_OWNER='airflow' AIRFLOW_CTX_DAG_ID='dag_northwind' AIRFLOW_CTX_TASK_ID='extract_postgres' AIRFLOW_CTX_EXECUTION_DATE='2024-02-09T00:00:00+00:00' AIRFLOW_CTX_TRY_NUMBER='1' AIRFLOW_CTX_DAG_RUN_ID='scheduled__2024-02-09T00:00:00+00:00'
[2024-06-30T21:03:43.701+0000] {taskinstance.py:430} INFO - ::endgroup::
[2024-06-30T21:03:43.726+0000] {subprocess.py:63} INFO - Tmp dir root location: /tmp
[2024-06-30T21:03:43.727+0000] {subprocess.py:75} INFO - Running command: ['/usr/bin/bash', '-c', 'meltano elt tap-postgres target-csv --job_id=extract_postgres_2024-02-09 && mkdir -p /data/postgres/2024-02-09 && mv /project/output/tap-postgres/*.csv /data/postgres/2024-02-09/']
[2024-06-30T21:03:43.737+0000] {subprocess.py:86} INFO - Output:
[2024-06-30T21:03:43.740+0000] {subprocess.py:93} INFO - /usr/bin/bash: line 1: meltano: command not found
[2024-06-30T21:03:43.741+0000] {subprocess.py:97} INFO - Command exited with return code 127
[2024-06-30T21:03:43.742+0000] {taskinstance.py:441} INFO - ::group::Post task execution logs
[2024-06-30T21:03:43.757+0000] {taskinstance.py:2905} ERROR - Task failed with exception
Traceback (most recent call last):
  File "/home/airflow/.local/lib/python3.12/site-packages/airflow/models/taskinstance.py", line 465, in _execute_task
    result = _execute_callable(context=context, **execute_callable_kwargs)
             ^^^^^^^^^^^^^^^^^^^^^^^^^^^^^^^^^^^^^^^^^^^^^^^^^^^^^^^^^^^^^
  File "/home/airflow/.local/lib/python3.12/site-packages/airflow/models/taskinstance.py", line 432, in _execute_callable
    return execute_callable(context=context, **execute_callable_kwargs)
           ^^^^^^^^^^^^^^^^^^^^^^^^^^^^^^^^^^^^^^^^^^^^^^^^^^^^^^^^^^^^
  File "/home/airflow/.local/lib/python3.12/site-packages/airflow/models/baseoperator.py", line 401, in wrapper
    return func(self, *args, **kwargs)
           ^^^^^^^^^^^^^^^^^^^^^^^^^^^
  File "/home/airflow/.local/lib/python3.12/site-packages/airflow/operators/bash.py", line 243, in execute
    raise AirflowException(
airflow.exceptions.AirflowException: Bash command failed. The command returned a non-zero exit code 127.
[2024-06-30T21:03:43.766+0000] {taskinstance.py:1206} INFO - Marking task as UP_FOR_RETRY. dag_id=dag_northwind, task_id=extract_postgres, run_id=scheduled__2024-02-09T00:00:00+00:00, execution_date=20240209T000000, start_date=20240630T210343, end_date=20240630T210343
[2024-06-30T21:03:43.906+0000] {standard_task_runner.py:110} ERROR - Failed to execute job 462 for task extract_postgres (Bash command failed. The command returned a non-zero exit code 127.; 952)
[2024-06-30T21:03:43.933+0000] {local_task_job_runner.py:240} INFO - Task exited with return code 1
[2024-06-30T21:03:43.975+0000] {taskinstance.py:3503} INFO - 0 downstream tasks scheduled from follow-on schedule check
[2024-06-30T21:03:43.977+0000] {local_task_job_runner.py:222} INFO - ::endgroup::
[2024-07-01T10:11:20.989+0000] {local_task_job_runner.py:120} INFO - ::group::Pre task execution logs
[2024-07-01T10:11:21.080+0000] {taskinstance.py:2076} INFO - Dependencies all met for dep_context=non-requeueable deps ti=<TaskInstance: dag_northwind.extract_postgres scheduled__2024-02-09T00:00:00+00:00 [queued]>
[2024-07-01T10:11:21.099+0000] {taskinstance.py:2076} INFO - Dependencies all met for dep_context=requeueable deps ti=<TaskInstance: dag_northwind.extract_postgres scheduled__2024-02-09T00:00:00+00:00 [queued]>
[2024-07-01T10:11:21.099+0000] {taskinstance.py:2306} INFO - Starting attempt 1 of 2
[2024-07-01T10:11:21.227+0000] {taskinstance.py:2330} INFO - Executing <Task(BashOperator): extract_postgres> on 2024-02-09 00:00:00+00:00
[2024-07-01T10:11:21.240+0000] {logging_mixin.py:188} WARNING - /home/airflow/.local/lib/python3.12/site-packages/airflow/task/task_runner/standard_task_runner.py:61 DeprecationWarning: This process (pid=5598) is multi-threaded, use of fork() may lead to deadlocks in the child.
[2024-07-01T10:11:21.243+0000] {standard_task_runner.py:63} INFO - Started process 5611 to run task
[2024-07-01T10:11:21.240+0000] {standard_task_runner.py:90} INFO - Running: ['airflow', 'tasks', 'run', 'dag_northwind', 'extract_postgres', 'scheduled__2024-02-09T00:00:00+00:00', '--job-id', '1018', '--raw', '--subdir', 'DAGS_FOLDER/dag_northwind.py', '--cfg-path', '/tmp/tmpefv0svnn']
[2024-07-01T10:11:21.244+0000] {standard_task_runner.py:91} INFO - Job 1018: Subtask extract_postgres
[2024-07-01T10:11:21.348+0000] {task_command.py:426} INFO - Running <TaskInstance: dag_northwind.extract_postgres scheduled__2024-02-09T00:00:00+00:00 [running]> on host 85c6ea7cd9cf
[2024-07-01T10:11:21.477+0000] {taskinstance.py:2648} INFO - Exporting env vars: AIRFLOW_CTX_DAG_OWNER='airflow' AIRFLOW_CTX_DAG_ID='dag_northwind' AIRFLOW_CTX_TASK_ID='extract_postgres' AIRFLOW_CTX_EXECUTION_DATE='2024-02-09T00:00:00+00:00' AIRFLOW_CTX_TRY_NUMBER='1' AIRFLOW_CTX_DAG_RUN_ID='scheduled__2024-02-09T00:00:00+00:00'
[2024-07-01T10:11:21.478+0000] {taskinstance.py:430} INFO - ::endgroup::
[2024-07-01T10:11:21.510+0000] {subprocess.py:63} INFO - Tmp dir root location: /tmp
[2024-07-01T10:11:21.512+0000] {subprocess.py:75} INFO - Running command: ['/usr/bin/bash', '-c', 'meltano elt tap-postgres target-csv --job_id=extract_postgres_2024-02-09 && mkdir -p /data/postgres/2024-02-09 && mv /project/output/tap-postgres/*.csv /data/postgres/2024-02-09/']
[2024-07-01T10:11:21.529+0000] {subprocess.py:86} INFO - Output:
[2024-07-01T10:11:21.534+0000] {subprocess.py:93} INFO - /usr/bin/bash: line 1: meltano: command not found
[2024-07-01T10:11:21.535+0000] {subprocess.py:97} INFO - Command exited with return code 127
[2024-07-01T10:11:21.537+0000] {taskinstance.py:441} INFO - ::group::Post task execution logs
[2024-07-01T10:11:21.564+0000] {taskinstance.py:2905} ERROR - Task failed with exception
Traceback (most recent call last):
  File "/home/airflow/.local/lib/python3.12/site-packages/airflow/models/taskinstance.py", line 465, in _execute_task
    result = _execute_callable(context=context, **execute_callable_kwargs)
             ^^^^^^^^^^^^^^^^^^^^^^^^^^^^^^^^^^^^^^^^^^^^^^^^^^^^^^^^^^^^^
  File "/home/airflow/.local/lib/python3.12/site-packages/airflow/models/taskinstance.py", line 432, in _execute_callable
    return execute_callable(context=context, **execute_callable_kwargs)
           ^^^^^^^^^^^^^^^^^^^^^^^^^^^^^^^^^^^^^^^^^^^^^^^^^^^^^^^^^^^^
  File "/home/airflow/.local/lib/python3.12/site-packages/airflow/models/baseoperator.py", line 401, in wrapper
    return func(self, *args, **kwargs)
           ^^^^^^^^^^^^^^^^^^^^^^^^^^^
  File "/home/airflow/.local/lib/python3.12/site-packages/airflow/operators/bash.py", line 243, in execute
    raise AirflowException(
airflow.exceptions.AirflowException: Bash command failed. The command returned a non-zero exit code 127.
[2024-07-01T10:11:21.576+0000] {taskinstance.py:1206} INFO - Marking task as UP_FOR_RETRY. dag_id=dag_northwind, task_id=extract_postgres, run_id=scheduled__2024-02-09T00:00:00+00:00, execution_date=20240209T000000, start_date=20240701T101121, end_date=20240701T101121
[2024-07-01T10:11:21.742+0000] {standard_task_runner.py:110} ERROR - Failed to execute job 1018 for task extract_postgres (Bash command failed. The command returned a non-zero exit code 127.; 5611)
[2024-07-01T10:11:21.786+0000] {local_task_job_runner.py:240} INFO - Task exited with return code 1
[2024-07-01T10:11:21.842+0000] {taskinstance.py:3503} INFO - 0 downstream tasks scheduled from follow-on schedule check
[2024-07-01T10:11:21.845+0000] {local_task_job_runner.py:222} INFO - ::endgroup::
