[2024-07-01T01:30:51.899+0000] {local_task_job_runner.py:120} INFO - ::group::Pre task execution logs
[2024-07-01T01:30:51.985+0000] {taskinstance.py:2076} INFO - Dependencies all met for dep_context=non-requeueable deps ti=<TaskInstance: dag_northwind.extract_csv scheduled__2024-04-19T00:00:00+00:00 [queued]>
[2024-07-01T01:30:52.006+0000] {taskinstance.py:2076} INFO - Dependencies all met for dep_context=requeueable deps ti=<TaskInstance: dag_northwind.extract_csv scheduled__2024-04-19T00:00:00+00:00 [queued]>
[2024-07-01T01:30:52.008+0000] {taskinstance.py:2306} INFO - Starting attempt 1 of 2
[2024-07-01T01:30:52.275+0000] {taskinstance.py:2330} INFO - Executing <Task(BashOperator): extract_csv> on 2024-04-19 00:00:00+00:00
[2024-07-01T01:30:52.291+0000] {logging_mixin.py:188} WARNING - /home/airflow/.local/lib/python3.12/site-packages/airflow/task/task_runner/standard_task_runner.py:61 DeprecationWarning: This process (pid=1295) is multi-threaded, use of fork() may lead to deadlocks in the child.
[2024-07-01T01:30:52.294+0000] {standard_task_runner.py:63} INFO - Started process 1308 to run task
[2024-07-01T01:30:52.289+0000] {standard_task_runner.py:90} INFO - Running: ['airflow', 'tasks', 'run', 'dag_northwind', 'extract_csv', 'scheduled__2024-04-19T00:00:00+00:00', '--job-id', '739', '--raw', '--subdir', 'DAGS_FOLDER/dag_northwind.py', '--cfg-path', '/tmp/tmppg_tq6me']
[2024-07-01T01:30:52.295+0000] {standard_task_runner.py:91} INFO - Job 739: Subtask extract_csv
[2024-07-01T01:30:52.411+0000] {task_command.py:426} INFO - Running <TaskInstance: dag_northwind.extract_csv scheduled__2024-04-19T00:00:00+00:00 [running]> on host 05d913303710
[2024-07-01T01:30:52.590+0000] {taskinstance.py:2648} INFO - Exporting env vars: AIRFLOW_CTX_DAG_OWNER='airflow' AIRFLOW_CTX_DAG_ID='dag_northwind' AIRFLOW_CTX_TASK_ID='extract_csv' AIRFLOW_CTX_EXECUTION_DATE='2024-04-19T00:00:00+00:00' AIRFLOW_CTX_TRY_NUMBER='1' AIRFLOW_CTX_DAG_RUN_ID='scheduled__2024-04-19T00:00:00+00:00'
[2024-07-01T01:30:52.591+0000] {taskinstance.py:430} INFO - ::endgroup::
[2024-07-01T01:30:52.623+0000] {subprocess.py:63} INFO - Tmp dir root location: /tmp
[2024-07-01T01:30:52.624+0000] {subprocess.py:75} INFO - Running command: ['/usr/bin/bash', '-c', 'meltano elt tap-csv target-csv --job_id=extract_csv_2024-04-19 && mkdir -p /data/csv/2024-04-19 && mv /project/output/tap-csv/*.csv /data/csv/2024-04-19/']
[2024-07-01T01:30:52.640+0000] {subprocess.py:86} INFO - Output:
[2024-07-01T01:30:52.644+0000] {subprocess.py:93} INFO - /usr/bin/bash: line 1: meltano: command not found
[2024-07-01T01:30:52.645+0000] {subprocess.py:97} INFO - Command exited with return code 127
[2024-07-01T01:30:52.647+0000] {taskinstance.py:441} INFO - ::group::Post task execution logs
[2024-07-01T01:30:52.668+0000] {taskinstance.py:2905} ERROR - Task failed with exception
Traceback (most recent call last):
  File "/home/airflow/.local/lib/python3.12/site-packages/airflow/models/taskinstance.py", line 465, in _execute_task
    result = _execute_callable(context=context, **execute_callable_kwargs)
             ^^^^^^^^^^^^^^^^^^^^^^^^^^^^^^^^^^^^^^^^^^^^^^^^^^^^^^^^^^^^^
  File "/home/airflow/.local/lib/python3.12/site-packages/airflow/models/taskinstance.py", line 432, in _execute_callable
    return execute_callable(context=context, **execute_callable_kwargs)
           ^^^^^^^^^^^^^^^^^^^^^^^^^^^^^^^^^^^^^^^^^^^^^^^^^^^^^^^^^^^^
  File "/home/airflow/.local/lib/python3.12/site-packages/airflow/models/baseoperator.py", line 401, in wrapper
    return func(self, *args, **kwargs)
           ^^^^^^^^^^^^^^^^^^^^^^^^^^^
  File "/home/airflow/.local/lib/python3.12/site-packages/airflow/operators/bash.py", line 243, in execute
    raise AirflowException(
airflow.exceptions.AirflowException: Bash command failed. The command returned a non-zero exit code 127.
[2024-07-01T01:30:52.675+0000] {taskinstance.py:1206} INFO - Marking task as UP_FOR_RETRY. dag_id=dag_northwind, task_id=extract_csv, run_id=scheduled__2024-04-19T00:00:00+00:00, execution_date=20240419T000000, start_date=20240701T013051, end_date=20240701T013052
[2024-07-01T01:30:52.698+0000] {standard_task_runner.py:110} ERROR - Failed to execute job 739 for task extract_csv (Bash command failed. The command returned a non-zero exit code 127.; 1308)
[2024-07-01T01:30:52.712+0000] {local_task_job_runner.py:240} INFO - Task exited with return code 1
[2024-07-01T01:30:52.756+0000] {taskinstance.py:3503} INFO - 0 downstream tasks scheduled from follow-on schedule check
[2024-07-01T01:30:52.759+0000] {local_task_job_runner.py:222} INFO - ::endgroup::
[2024-07-01T10:32:01.629+0000] {local_task_job_runner.py:120} INFO - ::group::Pre task execution logs
[2024-07-01T10:32:01.702+0000] {taskinstance.py:2076} INFO - Dependencies all met for dep_context=non-requeueable deps ti=<TaskInstance: dag_northwind.extract_csv scheduled__2024-04-19T00:00:00+00:00 [queued]>
[2024-07-01T10:32:01.719+0000] {taskinstance.py:2076} INFO - Dependencies all met for dep_context=requeueable deps ti=<TaskInstance: dag_northwind.extract_csv scheduled__2024-04-19T00:00:00+00:00 [queued]>
[2024-07-01T10:32:01.720+0000] {taskinstance.py:2306} INFO - Starting attempt 1 of 2
[2024-07-01T10:32:01.751+0000] {taskinstance.py:2330} INFO - Executing <Task(BashOperator): extract_csv> on 2024-04-19 00:00:00+00:00
[2024-07-01T10:32:01.765+0000] {logging_mixin.py:188} WARNING - /home/airflow/.local/lib/python3.12/site-packages/airflow/task/task_runner/standard_task_runner.py:61 DeprecationWarning: This process (pid=6874) is multi-threaded, use of fork() may lead to deadlocks in the child.
[2024-07-01T10:32:01.767+0000] {standard_task_runner.py:63} INFO - Started process 6888 to run task
[2024-07-01T10:32:01.764+0000] {standard_task_runner.py:90} INFO - Running: ['airflow', 'tasks', 'run', 'dag_northwind', 'extract_csv', 'scheduled__2024-04-19T00:00:00+00:00', '--job-id', '1286', '--raw', '--subdir', 'DAGS_FOLDER/dag_northwind.py', '--cfg-path', '/tmp/tmprvh_uvr7']
[2024-07-01T10:32:01.768+0000] {standard_task_runner.py:91} INFO - Job 1286: Subtask extract_csv
[2024-07-01T10:32:01.855+0000] {task_command.py:426} INFO - Running <TaskInstance: dag_northwind.extract_csv scheduled__2024-04-19T00:00:00+00:00 [running]> on host 85c6ea7cd9cf
[2024-07-01T10:32:02.002+0000] {taskinstance.py:2648} INFO - Exporting env vars: AIRFLOW_CTX_DAG_OWNER='airflow' AIRFLOW_CTX_DAG_ID='dag_northwind' AIRFLOW_CTX_TASK_ID='extract_csv' AIRFLOW_CTX_EXECUTION_DATE='2024-04-19T00:00:00+00:00' AIRFLOW_CTX_TRY_NUMBER='1' AIRFLOW_CTX_DAG_RUN_ID='scheduled__2024-04-19T00:00:00+00:00'
[2024-07-01T10:32:02.003+0000] {taskinstance.py:430} INFO - ::endgroup::
[2024-07-01T10:32:02.039+0000] {subprocess.py:63} INFO - Tmp dir root location: /tmp
[2024-07-01T10:32:02.041+0000] {subprocess.py:75} INFO - Running command: ['/usr/bin/bash', '-c', 'meltano elt tap-csv target-csv --job_id=extract_csv_2024-04-19 && mkdir -p /data/csv/2024-04-19 && mv /project/output/tap-csv/*.csv /data/csv/2024-04-19/']
[2024-07-01T10:32:02.057+0000] {subprocess.py:86} INFO - Output:
[2024-07-01T10:32:02.061+0000] {subprocess.py:93} INFO - /usr/bin/bash: line 1: meltano: command not found
[2024-07-01T10:32:02.062+0000] {subprocess.py:97} INFO - Command exited with return code 127
[2024-07-01T10:32:02.063+0000] {taskinstance.py:441} INFO - ::group::Post task execution logs
[2024-07-01T10:32:02.082+0000] {taskinstance.py:2905} ERROR - Task failed with exception
Traceback (most recent call last):
  File "/home/airflow/.local/lib/python3.12/site-packages/airflow/models/taskinstance.py", line 465, in _execute_task
    result = _execute_callable(context=context, **execute_callable_kwargs)
             ^^^^^^^^^^^^^^^^^^^^^^^^^^^^^^^^^^^^^^^^^^^^^^^^^^^^^^^^^^^^^
  File "/home/airflow/.local/lib/python3.12/site-packages/airflow/models/taskinstance.py", line 432, in _execute_callable
    return execute_callable(context=context, **execute_callable_kwargs)
           ^^^^^^^^^^^^^^^^^^^^^^^^^^^^^^^^^^^^^^^^^^^^^^^^^^^^^^^^^^^^
  File "/home/airflow/.local/lib/python3.12/site-packages/airflow/models/baseoperator.py", line 401, in wrapper
    return func(self, *args, **kwargs)
           ^^^^^^^^^^^^^^^^^^^^^^^^^^^
  File "/home/airflow/.local/lib/python3.12/site-packages/airflow/operators/bash.py", line 243, in execute
    raise AirflowException(
airflow.exceptions.AirflowException: Bash command failed. The command returned a non-zero exit code 127.
[2024-07-01T10:32:02.091+0000] {taskinstance.py:1206} INFO - Marking task as UP_FOR_RETRY. dag_id=dag_northwind, task_id=extract_csv, run_id=scheduled__2024-04-19T00:00:00+00:00, execution_date=20240419T000000, start_date=20240701T103201, end_date=20240701T103202
[2024-07-01T10:32:02.118+0000] {standard_task_runner.py:110} ERROR - Failed to execute job 1286 for task extract_csv (Bash command failed. The command returned a non-zero exit code 127.; 6888)
[2024-07-01T10:32:02.143+0000] {local_task_job_runner.py:240} INFO - Task exited with return code 1
[2024-07-01T10:32:02.157+0000] {local_task_job_runner.py:222} INFO - ::endgroup::
