[2024-07-03T17:57:19.705+0000] {local_task_job_runner.py:120} INFO - ::group::Pre task execution logs
[2024-07-03T17:57:23.065+0000] {taskinstance.py:2076} INFO - Dependencies all met for dep_context=non-requeueable deps ti=<TaskInstance: pipeline_dag_northwind.extract_postgres scheduled__2024-01-03T00:00:00+00:00 [queued]>
[2024-07-03T17:57:24.328+0000] {taskinstance.py:2076} INFO - Dependencies all met for dep_context=requeueable deps ti=<TaskInstance: pipeline_dag_northwind.extract_postgres scheduled__2024-01-03T00:00:00+00:00 [queued]>
[2024-07-03T17:57:24.632+0000] {taskinstance.py:2306} INFO - Starting attempt 1 of 2
[2024-07-03T17:57:24.986+0000] {taskinstance.py:2330} INFO - Executing <Task(PythonOperator): extract_postgres> on 2024-01-03 00:00:00+00:00
[2024-07-03T17:57:25.011+0000] {standard_task_runner.py:90} INFO - Running: ['airflow', 'tasks', 'run', 'pipeline_dag_northwind', 'extract_postgres', 'scheduled__2024-01-03T00:00:00+00:00', '--job-id', '3134', '--raw', '--subdir', 'DAGS_FOLDER/northwind_dag_teste.py', '--cfg-path', '/tmp/tmpaiebo7il']
[2024-07-03T17:57:25.018+0000] {standard_task_runner.py:91} INFO - Job 3134: Subtask extract_postgres
[2024-07-03T17:57:25.037+0000] {logging_mixin.py:188} WARNING - /home/airflow/.local/lib/python3.12/site-packages/airflow/task/task_runner/standard_task_runner.py:61 DeprecationWarning: This process (pid=702) is multi-threaded, use of fork() may lead to deadlocks in the child.
[2024-07-03T17:57:25.041+0000] {standard_task_runner.py:63} INFO - Started process 724 to run task
[2024-07-03T17:57:25.226+0000] {task_command.py:426} INFO - Running <TaskInstance: pipeline_dag_northwind.extract_postgres scheduled__2024-01-03T00:00:00+00:00 [running]> on host 06029b2f40fb
[2024-07-03T17:57:25.509+0000] {taskinstance.py:2648} INFO - Exporting env vars: AIRFLOW_CTX_DAG_OWNER='airflow' AIRFLOW_CTX_DAG_ID='pipeline_dag_northwind' AIRFLOW_CTX_TASK_ID='extract_postgres' AIRFLOW_CTX_EXECUTION_DATE='2024-01-03T00:00:00+00:00' AIRFLOW_CTX_TRY_NUMBER='1' AIRFLOW_CTX_DAG_RUN_ID='scheduled__2024-01-03T00:00:00+00:00'
[2024-07-03T17:57:25.514+0000] {taskinstance.py:430} INFO - ::endgroup::
[2024-07-03T17:57:25.576+0000] {logging_mixin.py:188} INFO - Command failed with error: Command 'meltano elt tap-postgres target-csv --transform=run --job_id=extract_postgres_2024-01-03' returned non-zero exit status 127.
[2024-07-03T17:57:25.577+0000] {taskinstance.py:441} INFO - ::group::Post task execution logs
[2024-07-03T17:57:25.579+0000] {taskinstance.py:2905} ERROR - Task failed with exception
Traceback (most recent call last):
  File "/home/airflow/.local/lib/python3.12/site-packages/airflow/models/taskinstance.py", line 465, in _execute_task
    result = _execute_callable(context=context, **execute_callable_kwargs)
             ^^^^^^^^^^^^^^^^^^^^^^^^^^^^^^^^^^^^^^^^^^^^^^^^^^^^^^^^^^^^^
  File "/home/airflow/.local/lib/python3.12/site-packages/airflow/models/taskinstance.py", line 432, in _execute_callable
    return execute_callable(context=context, **execute_callable_kwargs)
           ^^^^^^^^^^^^^^^^^^^^^^^^^^^^^^^^^^^^^^^^^^^^^^^^^^^^^^^^^^^^
  File "/home/airflow/.local/lib/python3.12/site-packages/airflow/models/baseoperator.py", line 401, in wrapper
    return func(self, *args, **kwargs)
           ^^^^^^^^^^^^^^^^^^^^^^^^^^^
  File "/home/airflow/.local/lib/python3.12/site-packages/airflow/operators/python.py", line 235, in execute
    return_value = self.execute_callable()
                   ^^^^^^^^^^^^^^^^^^^^^^^
  File "/home/airflow/.local/lib/python3.12/site-packages/airflow/operators/python.py", line 252, in execute_callable
    return self.python_callable(*self.op_args, **self.op_kwargs)
           ^^^^^^^^^^^^^^^^^^^^^^^^^^^^^^^^^^^^^^^^^^^^^^^^^^^^^
  File "/opt/airflow/dags/northwind_dag_teste.py", line 29, in extract_postgres
    subprocess.run(extract_command, shell=True, check=True)
  File "/usr/local/lib/python3.12/subprocess.py", line 571, in run
    raise CalledProcessError(retcode, process.args,
subprocess.CalledProcessError: Command 'meltano elt tap-postgres target-csv --transform=run --job_id=extract_postgres_2024-01-03' returned non-zero exit status 127.
[2024-07-03T17:57:25.615+0000] {taskinstance.py:1206} INFO - Marking task as UP_FOR_RETRY. dag_id=pipeline_dag_northwind, task_id=extract_postgres, run_id=scheduled__2024-01-03T00:00:00+00:00, execution_date=20240103T000000, start_date=20240703T175723, end_date=20240703T175725
[2024-07-03T17:57:26.033+0000] {standard_task_runner.py:110} ERROR - Failed to execute job 3134 for task extract_postgres (Command 'meltano elt tap-postgres target-csv --transform=run --job_id=extract_postgres_2024-01-03' returned non-zero exit status 127.; 724)
[2024-07-03T17:57:26.072+0000] {local_task_job_runner.py:240} INFO - Task exited with return code 1
[2024-07-03T17:57:26.128+0000] {taskinstance.py:3503} INFO - 0 downstream tasks scheduled from follow-on schedule check
[2024-07-03T17:57:26.172+0000] {local_task_job_runner.py:222} INFO - ::endgroup::
