[2024-07-01T01:25:42.988+0000] {local_task_job_runner.py:120} INFO - ::group::Pre task execution logs
[2024-07-01T01:25:43.081+0000] {taskinstance.py:2076} INFO - Dependencies all met for dep_context=non-requeueable deps ti=<TaskInstance: dag_northwind.extract_postgres scheduled__2024-04-02T00:00:00+00:00 [queued]>
[2024-07-01T01:25:43.105+0000] {taskinstance.py:2076} INFO - Dependencies all met for dep_context=requeueable deps ti=<TaskInstance: dag_northwind.extract_postgres scheduled__2024-04-02T00:00:00+00:00 [queued]>
[2024-07-01T01:25:43.107+0000] {taskinstance.py:2306} INFO - Starting attempt 1 of 2
[2024-07-01T01:25:43.296+0000] {taskinstance.py:2330} INFO - Executing <Task(BashOperator): extract_postgres> on 2024-04-02 00:00:00+00:00
[2024-07-01T01:25:43.316+0000] {logging_mixin.py:188} WARNING - /home/airflow/.local/lib/python3.12/site-packages/airflow/task/task_runner/standard_task_runner.py:61 DeprecationWarning: This process (pid=976) is multi-threaded, use of fork() may lead to deadlocks in the child.
[2024-07-01T01:25:43.318+0000] {standard_task_runner.py:63} INFO - Started process 987 to run task
[2024-07-01T01:25:43.318+0000] {standard_task_runner.py:90} INFO - Running: ['airflow', 'tasks', 'run', 'dag_northwind', 'extract_postgres', 'scheduled__2024-04-02T00:00:00+00:00', '--job-id', '673', '--raw', '--subdir', 'DAGS_FOLDER/dag_northwind.py', '--cfg-path', '/tmp/tmpd5sjlslo']
[2024-07-01T01:25:43.325+0000] {standard_task_runner.py:91} INFO - Job 673: Subtask extract_postgres
[2024-07-01T01:25:43.433+0000] {task_command.py:426} INFO - Running <TaskInstance: dag_northwind.extract_postgres scheduled__2024-04-02T00:00:00+00:00 [running]> on host 05d913303710
[2024-07-01T01:25:43.594+0000] {taskinstance.py:2648} INFO - Exporting env vars: AIRFLOW_CTX_DAG_OWNER='airflow' AIRFLOW_CTX_DAG_ID='dag_northwind' AIRFLOW_CTX_TASK_ID='extract_postgres' AIRFLOW_CTX_EXECUTION_DATE='2024-04-02T00:00:00+00:00' AIRFLOW_CTX_TRY_NUMBER='1' AIRFLOW_CTX_DAG_RUN_ID='scheduled__2024-04-02T00:00:00+00:00'
[2024-07-01T01:25:43.595+0000] {taskinstance.py:430} INFO - ::endgroup::
[2024-07-01T01:25:43.623+0000] {subprocess.py:63} INFO - Tmp dir root location: /tmp
[2024-07-01T01:25:43.624+0000] {subprocess.py:75} INFO - Running command: ['/usr/bin/bash', '-c', 'meltano elt tap-postgres target-csv --job_id=extract_postgres_2024-04-02 && mkdir -p /data/postgres/2024-04-02 && mv /project/output/tap-postgres/*.csv /data/postgres/2024-04-02/']
[2024-07-01T01:25:43.637+0000] {subprocess.py:86} INFO - Output:
[2024-07-01T01:25:43.641+0000] {subprocess.py:93} INFO - /usr/bin/bash: line 1: meltano: command not found
[2024-07-01T01:25:43.642+0000] {subprocess.py:97} INFO - Command exited with return code 127
[2024-07-01T01:25:43.643+0000] {taskinstance.py:441} INFO - ::group::Post task execution logs
[2024-07-01T01:25:43.662+0000] {taskinstance.py:2905} ERROR - Task failed with exception
Traceback (most recent call last):
  File "/home/airflow/.local/lib/python3.12/site-packages/airflow/models/taskinstance.py", line 465, in _execute_task
    result = _execute_callable(context=context, **execute_callable_kwargs)
             ^^^^^^^^^^^^^^^^^^^^^^^^^^^^^^^^^^^^^^^^^^^^^^^^^^^^^^^^^^^^^
  File "/home/airflow/.local/lib/python3.12/site-packages/airflow/models/taskinstance.py", line 432, in _execute_callable
    return execute_callable(context=context, **execute_callable_kwargs)
           ^^^^^^^^^^^^^^^^^^^^^^^^^^^^^^^^^^^^^^^^^^^^^^^^^^^^^^^^^^^^
  File "/home/airflow/.local/lib/python3.12/site-packages/airflow/models/baseoperator.py", line 401, in wrapper
    return func(self, *args, **kwargs)
           ^^^^^^^^^^^^^^^^^^^^^^^^^^^
  File "/home/airflow/.local/lib/python3.12/site-packages/airflow/operators/bash.py", line 243, in execute
    raise AirflowException(
airflow.exceptions.AirflowException: Bash command failed. The command returned a non-zero exit code 127.
[2024-07-01T01:25:43.675+0000] {taskinstance.py:1206} INFO - Marking task as UP_FOR_RETRY. dag_id=dag_northwind, task_id=extract_postgres, run_id=scheduled__2024-04-02T00:00:00+00:00, execution_date=20240402T000000, start_date=20240701T012543, end_date=20240701T012543
[2024-07-01T01:25:43.715+0000] {standard_task_runner.py:110} ERROR - Failed to execute job 673 for task extract_postgres (Bash command failed. The command returned a non-zero exit code 127.; 987)
[2024-07-01T01:25:43.742+0000] {local_task_job_runner.py:240} INFO - Task exited with return code 1
[2024-07-01T01:25:43.764+0000] {local_task_job_runner.py:222} INFO - ::endgroup::
[2024-07-01T10:26:45.933+0000] {local_task_job_runner.py:120} INFO - ::group::Pre task execution logs
[2024-07-01T10:26:46.016+0000] {taskinstance.py:2076} INFO - Dependencies all met for dep_context=non-requeueable deps ti=<TaskInstance: dag_northwind.extract_postgres scheduled__2024-04-02T00:00:00+00:00 [queued]>
[2024-07-01T10:26:46.034+0000] {taskinstance.py:2076} INFO - Dependencies all met for dep_context=requeueable deps ti=<TaskInstance: dag_northwind.extract_postgres scheduled__2024-04-02T00:00:00+00:00 [queued]>
[2024-07-01T10:26:46.035+0000] {taskinstance.py:2306} INFO - Starting attempt 1 of 2
[2024-07-01T10:26:46.238+0000] {taskinstance.py:2330} INFO - Executing <Task(BashOperator): extract_postgres> on 2024-04-02 00:00:00+00:00
[2024-07-01T10:26:46.250+0000] {logging_mixin.py:188} WARNING - /home/airflow/.local/lib/python3.12/site-packages/airflow/task/task_runner/standard_task_runner.py:61 DeprecationWarning: This process (pid=6561) is multi-threaded, use of fork() may lead to deadlocks in the child.
[2024-07-01T10:26:46.252+0000] {standard_task_runner.py:63} INFO - Started process 6578 to run task
[2024-07-01T10:26:46.250+0000] {standard_task_runner.py:90} INFO - Running: ['airflow', 'tasks', 'run', 'dag_northwind', 'extract_postgres', 'scheduled__2024-04-02T00:00:00+00:00', '--job-id', '1220', '--raw', '--subdir', 'DAGS_FOLDER/dag_northwind.py', '--cfg-path', '/tmp/tmp3dm5f6vz']
[2024-07-01T10:26:46.254+0000] {standard_task_runner.py:91} INFO - Job 1220: Subtask extract_postgres
[2024-07-01T10:26:46.351+0000] {task_command.py:426} INFO - Running <TaskInstance: dag_northwind.extract_postgres scheduled__2024-04-02T00:00:00+00:00 [running]> on host 85c6ea7cd9cf
[2024-07-01T10:26:46.510+0000] {taskinstance.py:2648} INFO - Exporting env vars: AIRFLOW_CTX_DAG_OWNER='airflow' AIRFLOW_CTX_DAG_ID='dag_northwind' AIRFLOW_CTX_TASK_ID='extract_postgres' AIRFLOW_CTX_EXECUTION_DATE='2024-04-02T00:00:00+00:00' AIRFLOW_CTX_TRY_NUMBER='1' AIRFLOW_CTX_DAG_RUN_ID='scheduled__2024-04-02T00:00:00+00:00'
[2024-07-01T10:26:46.511+0000] {taskinstance.py:430} INFO - ::endgroup::
[2024-07-01T10:26:46.538+0000] {subprocess.py:63} INFO - Tmp dir root location: /tmp
[2024-07-01T10:26:46.539+0000] {subprocess.py:75} INFO - Running command: ['/usr/bin/bash', '-c', 'meltano elt tap-postgres target-csv --job_id=extract_postgres_2024-04-02 && mkdir -p /data/postgres/2024-04-02 && mv /project/output/tap-postgres/*.csv /data/postgres/2024-04-02/']
[2024-07-01T10:26:46.553+0000] {subprocess.py:86} INFO - Output:
[2024-07-01T10:26:46.556+0000] {subprocess.py:93} INFO - /usr/bin/bash: line 1: meltano: command not found
[2024-07-01T10:26:46.556+0000] {subprocess.py:97} INFO - Command exited with return code 127
[2024-07-01T10:26:46.557+0000] {taskinstance.py:441} INFO - ::group::Post task execution logs
[2024-07-01T10:26:46.573+0000] {taskinstance.py:2905} ERROR - Task failed with exception
Traceback (most recent call last):
  File "/home/airflow/.local/lib/python3.12/site-packages/airflow/models/taskinstance.py", line 465, in _execute_task
    result = _execute_callable(context=context, **execute_callable_kwargs)
             ^^^^^^^^^^^^^^^^^^^^^^^^^^^^^^^^^^^^^^^^^^^^^^^^^^^^^^^^^^^^^
  File "/home/airflow/.local/lib/python3.12/site-packages/airflow/models/taskinstance.py", line 432, in _execute_callable
    return execute_callable(context=context, **execute_callable_kwargs)
           ^^^^^^^^^^^^^^^^^^^^^^^^^^^^^^^^^^^^^^^^^^^^^^^^^^^^^^^^^^^^
  File "/home/airflow/.local/lib/python3.12/site-packages/airflow/models/baseoperator.py", line 401, in wrapper
    return func(self, *args, **kwargs)
           ^^^^^^^^^^^^^^^^^^^^^^^^^^^
  File "/home/airflow/.local/lib/python3.12/site-packages/airflow/operators/bash.py", line 243, in execute
    raise AirflowException(
airflow.exceptions.AirflowException: Bash command failed. The command returned a non-zero exit code 127.
[2024-07-01T10:26:46.583+0000] {taskinstance.py:1206} INFO - Marking task as UP_FOR_RETRY. dag_id=dag_northwind, task_id=extract_postgres, run_id=scheduled__2024-04-02T00:00:00+00:00, execution_date=20240402T000000, start_date=20240701T102646, end_date=20240701T102646
[2024-07-01T10:26:46.607+0000] {standard_task_runner.py:110} ERROR - Failed to execute job 1220 for task extract_postgres (Bash command failed. The command returned a non-zero exit code 127.; 6578)
[2024-07-01T10:26:46.628+0000] {local_task_job_runner.py:240} INFO - Task exited with return code 1
[2024-07-01T10:26:46.646+0000] {local_task_job_runner.py:222} INFO - ::endgroup::
