[2024-07-03T19:46:17.443+0000] {local_task_job_runner.py:120} INFO - ::group::Pre task execution logs
[2024-07-03T19:46:17.511+0000] {taskinstance.py:2076} INFO - Dependencies all met for dep_context=non-requeueable deps ti=<TaskInstance: dag_pipeline_northwind.extract_csv scheduled__2024-06-15T00:00:00+00:00 [queued]>
[2024-07-03T19:46:17.527+0000] {taskinstance.py:2076} INFO - Dependencies all met for dep_context=requeueable deps ti=<TaskInstance: dag_pipeline_northwind.extract_csv scheduled__2024-06-15T00:00:00+00:00 [queued]>
[2024-07-03T19:46:17.528+0000] {taskinstance.py:2306} INFO - Starting attempt 1 of 2
[2024-07-03T19:46:17.613+0000] {taskinstance.py:2330} INFO - Executing <Task(PythonOperator): extract_csv> on 2024-06-15 00:00:00+00:00
[2024-07-03T19:46:17.626+0000] {logging_mixin.py:188} WARNING - /home/airflow/.local/lib/python3.12/site-packages/airflow/task/task_runner/standard_task_runner.py:61 DeprecationWarning: This process (pid=1999) is multi-threaded, use of fork() may lead to deadlocks in the child.
[2024-07-03T19:46:17.628+0000] {standard_task_runner.py:63} INFO - Started process 2011 to run task
[2024-07-03T19:46:17.626+0000] {standard_task_runner.py:90} INFO - Running: ['airflow', 'tasks', 'run', 'dag_pipeline_northwind', 'extract_csv', 'scheduled__2024-06-15T00:00:00+00:00', '--job-id', '4216', '--raw', '--subdir', 'DAGS_FOLDER/northwind_dag_teste.py', '--cfg-path', '/tmp/tmp06i5s1eu']
[2024-07-03T19:46:17.630+0000] {standard_task_runner.py:91} INFO - Job 4216: Subtask extract_csv
[2024-07-03T19:46:17.731+0000] {task_command.py:426} INFO - Running <TaskInstance: dag_pipeline_northwind.extract_csv scheduled__2024-06-15T00:00:00+00:00 [running]> on host 76916b664cf5
[2024-07-03T19:46:17.878+0000] {taskinstance.py:2648} INFO - Exporting env vars: AIRFLOW_CTX_DAG_OWNER='airflow' AIRFLOW_CTX_DAG_ID='dag_pipeline_northwind' AIRFLOW_CTX_TASK_ID='extract_csv' AIRFLOW_CTX_EXECUTION_DATE='2024-06-15T00:00:00+00:00' AIRFLOW_CTX_TRY_NUMBER='1' AIRFLOW_CTX_DAG_RUN_ID='scheduled__2024-06-15T00:00:00+00:00'
[2024-07-03T19:46:17.879+0000] {taskinstance.py:430} INFO - ::endgroup::
[2024-07-03T19:46:17.908+0000] {logging_mixin.py:188} INFO - Running command: meltano elt tap-csv target-csv --transform=run --job_id=extract_csv_2024-06-15
[2024-07-03T19:46:17.913+0000] {logging_mixin.py:188} INFO - Command failed with error: Command 'meltano elt tap-csv target-csv --transform=run --job_id=extract_csv_2024-06-15' returned non-zero exit status 127.
[2024-07-03T19:46:17.914+0000] {taskinstance.py:441} INFO - ::group::Post task execution logs
[2024-07-03T19:46:17.915+0000] {taskinstance.py:2905} ERROR - Task failed with exception
Traceback (most recent call last):
  File "/home/airflow/.local/lib/python3.12/site-packages/airflow/models/taskinstance.py", line 465, in _execute_task
    result = _execute_callable(context=context, **execute_callable_kwargs)
             ^^^^^^^^^^^^^^^^^^^^^^^^^^^^^^^^^^^^^^^^^^^^^^^^^^^^^^^^^^^^^
  File "/home/airflow/.local/lib/python3.12/site-packages/airflow/models/taskinstance.py", line 432, in _execute_callable
    return execute_callable(context=context, **execute_callable_kwargs)
           ^^^^^^^^^^^^^^^^^^^^^^^^^^^^^^^^^^^^^^^^^^^^^^^^^^^^^^^^^^^^
  File "/home/airflow/.local/lib/python3.12/site-packages/airflow/models/baseoperator.py", line 401, in wrapper
    return func(self, *args, **kwargs)
           ^^^^^^^^^^^^^^^^^^^^^^^^^^^
  File "/home/airflow/.local/lib/python3.12/site-packages/airflow/operators/python.py", line 235, in execute
    return_value = self.execute_callable()
                   ^^^^^^^^^^^^^^^^^^^^^^^
  File "/home/airflow/.local/lib/python3.12/site-packages/airflow/operators/python.py", line 252, in execute_callable
    return self.python_callable(*self.op_args, **self.op_kwargs)
           ^^^^^^^^^^^^^^^^^^^^^^^^^^^^^^^^^^^^^^^^^^^^^^^^^^^^^
  File "/opt/airflow/dags/northwind_dag_teste.py", line 46, in extract_csv
    result = subprocess.run(extract_command, shell=True, check=True, capture_output=True, text=True)
             ^^^^^^^^^^^^^^^^^^^^^^^^^^^^^^^^^^^^^^^^^^^^^^^^^^^^^^^^^^^^^^^^^^^^^^^^^^^^^^^^^^^^^^^
  File "/usr/local/lib/python3.12/subprocess.py", line 571, in run
    raise CalledProcessError(retcode, process.args,
subprocess.CalledProcessError: Command 'meltano elt tap-csv target-csv --transform=run --job_id=extract_csv_2024-06-15' returned non-zero exit status 127.
[2024-07-03T19:46:17.943+0000] {taskinstance.py:1206} INFO - Marking task as UP_FOR_RETRY. dag_id=dag_pipeline_northwind, task_id=extract_csv, run_id=scheduled__2024-06-15T00:00:00+00:00, execution_date=20240615T000000, start_date=20240703T194617, end_date=20240703T194617
[2024-07-03T19:46:17.969+0000] {standard_task_runner.py:110} ERROR - Failed to execute job 4216 for task extract_csv (Command 'meltano elt tap-csv target-csv --transform=run --job_id=extract_csv_2024-06-15' returned non-zero exit status 127.; 2011)
[2024-07-03T19:46:18.005+0000] {local_task_job_runner.py:240} INFO - Task exited with return code 1
[2024-07-03T19:46:18.022+0000] {local_task_job_runner.py:222} INFO - ::endgroup::
[2024-07-04T01:50:33.661+0000] {local_task_job_runner.py:120} INFO - ::group::Pre task execution logs
[2024-07-04T01:50:33.741+0000] {taskinstance.py:2076} INFO - Dependencies all met for dep_context=non-requeueable deps ti=<TaskInstance: dag_pipeline_northwind.extract_csv scheduled__2024-06-15T00:00:00+00:00 [queued]>
[2024-07-04T01:50:33.760+0000] {taskinstance.py:2076} INFO - Dependencies all met for dep_context=requeueable deps ti=<TaskInstance: dag_pipeline_northwind.extract_csv scheduled__2024-06-15T00:00:00+00:00 [queued]>
[2024-07-04T01:50:33.761+0000] {taskinstance.py:2306} INFO - Starting attempt 1 of 2
[2024-07-04T01:50:33.802+0000] {taskinstance.py:2330} INFO - Executing <Task(PythonOperator): extract_csv> on 2024-06-15 00:00:00+00:00
[2024-07-04T01:50:33.820+0000] {logging_mixin.py:188} WARNING - /home/airflow/.local/lib/python3.12/site-packages/airflow/task/task_runner/standard_task_runner.py:61 DeprecationWarning: This process (pid=2674) is multi-threaded, use of fork() may lead to deadlocks in the child.
[2024-07-04T01:50:33.819+0000] {standard_task_runner.py:90} INFO - Running: ['airflow', 'tasks', 'run', 'dag_pipeline_northwind', 'extract_csv', 'scheduled__2024-06-15T00:00:00+00:00', '--job-id', '5247', '--raw', '--subdir', 'DAGS_FOLDER/dag_pipeline_northwind.py', '--cfg-path', '/tmp/tmp41m790yj']
[2024-07-04T01:50:33.822+0000] {standard_task_runner.py:63} INFO - Started process 2687 to run task
[2024-07-04T01:50:33.823+0000] {standard_task_runner.py:91} INFO - Job 5247: Subtask extract_csv
[2024-07-04T01:50:33.939+0000] {task_command.py:426} INFO - Running <TaskInstance: dag_pipeline_northwind.extract_csv scheduled__2024-06-15T00:00:00+00:00 [running]> on host 06ddab619e10
[2024-07-04T01:50:34.085+0000] {taskinstance.py:2648} INFO - Exporting env vars: AIRFLOW_CTX_DAG_OWNER='airflow' AIRFLOW_CTX_DAG_ID='dag_pipeline_northwind' AIRFLOW_CTX_TASK_ID='extract_csv' AIRFLOW_CTX_EXECUTION_DATE='2024-06-15T00:00:00+00:00' AIRFLOW_CTX_TRY_NUMBER='1' AIRFLOW_CTX_DAG_RUN_ID='scheduled__2024-06-15T00:00:00+00:00'
[2024-07-04T01:50:34.086+0000] {taskinstance.py:430} INFO - ::endgroup::
[2024-07-04T01:50:34.128+0000] {logging_mixin.py:188} INFO - Running command: meltano elt tap-csv target-csv --transform=run --job_id=extract_csv_2024-06-15
[2024-07-04T01:50:34.133+0000] {logging_mixin.py:188} INFO - Command failed with error: Command 'meltano elt tap-csv target-csv --transform=run --job_id=extract_csv_2024-06-15' returned non-zero exit status 127.
[2024-07-04T01:50:34.134+0000] {taskinstance.py:441} INFO - ::group::Post task execution logs
[2024-07-04T01:50:34.135+0000] {taskinstance.py:2905} ERROR - Task failed with exception
Traceback (most recent call last):
  File "/home/airflow/.local/lib/python3.12/site-packages/airflow/models/taskinstance.py", line 465, in _execute_task
    result = _execute_callable(context=context, **execute_callable_kwargs)
             ^^^^^^^^^^^^^^^^^^^^^^^^^^^^^^^^^^^^^^^^^^^^^^^^^^^^^^^^^^^^^
  File "/home/airflow/.local/lib/python3.12/site-packages/airflow/models/taskinstance.py", line 432, in _execute_callable
    return execute_callable(context=context, **execute_callable_kwargs)
           ^^^^^^^^^^^^^^^^^^^^^^^^^^^^^^^^^^^^^^^^^^^^^^^^^^^^^^^^^^^^
  File "/home/airflow/.local/lib/python3.12/site-packages/airflow/models/baseoperator.py", line 401, in wrapper
    return func(self, *args, **kwargs)
           ^^^^^^^^^^^^^^^^^^^^^^^^^^^
  File "/home/airflow/.local/lib/python3.12/site-packages/airflow/operators/python.py", line 235, in execute
    return_value = self.execute_callable()
                   ^^^^^^^^^^^^^^^^^^^^^^^
  File "/home/airflow/.local/lib/python3.12/site-packages/airflow/operators/python.py", line 252, in execute_callable
    return self.python_callable(*self.op_args, **self.op_kwargs)
           ^^^^^^^^^^^^^^^^^^^^^^^^^^^^^^^^^^^^^^^^^^^^^^^^^^^^^
  File "/opt/airflow/dags/dag_pipeline_northwind.py", line 46, in extract_csv
    result = subprocess.run(extract_command, shell=True, check=True, capture_output=True, text=True)
             ^^^^^^^^^^^^^^^^^^^^^^^^^^^^^^^^^^^^^^^^^^^^^^^^^^^^^^^^^^^^^^^^^^^^^^^^^^^^^^^^^^^^^^^
  File "/usr/local/lib/python3.12/subprocess.py", line 571, in run
    raise CalledProcessError(retcode, process.args,
subprocess.CalledProcessError: Command 'meltano elt tap-csv target-csv --transform=run --job_id=extract_csv_2024-06-15' returned non-zero exit status 127.
[2024-07-04T01:50:34.160+0000] {taskinstance.py:1206} INFO - Marking task as UP_FOR_RETRY. dag_id=dag_pipeline_northwind, task_id=extract_csv, run_id=scheduled__2024-06-15T00:00:00+00:00, execution_date=20240615T000000, start_date=20240704T015033, end_date=20240704T015034
[2024-07-04T01:50:34.192+0000] {standard_task_runner.py:110} ERROR - Failed to execute job 5247 for task extract_csv (Command 'meltano elt tap-csv target-csv --transform=run --job_id=extract_csv_2024-06-15' returned non-zero exit status 127.; 2687)
[2024-07-04T01:50:34.247+0000] {local_task_job_runner.py:240} INFO - Task exited with return code 1
[2024-07-04T01:50:34.288+0000] {taskinstance.py:3503} INFO - 0 downstream tasks scheduled from follow-on schedule check
[2024-07-04T01:50:34.290+0000] {local_task_job_runner.py:222} INFO - ::endgroup::
