[2024-07-02T16:51:47.016+0000] {local_task_job_runner.py:120} INFO - ::group::Pre task execution logs
[2024-07-02T16:51:47.103+0000] {taskinstance.py:2076} INFO - Dependencies all met for dep_context=non-requeueable deps ti=<TaskInstance: pipeline_dag.extract_csv scheduled__2024-04-13T00:00:00+00:00 [queued]>
[2024-07-02T16:51:47.122+0000] {taskinstance.py:2076} INFO - Dependencies all met for dep_context=requeueable deps ti=<TaskInstance: pipeline_dag.extract_csv scheduled__2024-04-13T00:00:00+00:00 [queued]>
[2024-07-02T16:51:47.123+0000] {taskinstance.py:2306} INFO - Starting attempt 1 of 2
[2024-07-02T16:51:47.263+0000] {taskinstance.py:2330} INFO - Executing <Task(PythonOperator): extract_csv> on 2024-04-13 00:00:00+00:00
[2024-07-02T16:51:47.278+0000] {logging_mixin.py:188} WARNING - /home/airflow/.local/lib/python3.12/site-packages/airflow/task/task_runner/standard_task_runner.py:61 DeprecationWarning: This process (pid=1799) is multi-threaded, use of fork() may lead to deadlocks in the child.
[2024-07-02T16:51:47.277+0000] {standard_task_runner.py:90} INFO - Running: ['airflow', 'tasks', 'run', 'pipeline_dag', 'extract_csv', 'scheduled__2024-04-13T00:00:00+00:00', '--job-id', '2004', '--raw', '--subdir', 'DAGS_FOLDER/dag_northwind.py', '--cfg-path', '/tmp/tmp41ppv0dg']
[2024-07-02T16:51:47.280+0000] {standard_task_runner.py:63} INFO - Started process 1810 to run task
[2024-07-02T16:51:47.281+0000] {standard_task_runner.py:91} INFO - Job 2004: Subtask extract_csv
[2024-07-02T16:51:47.377+0000] {task_command.py:426} INFO - Running <TaskInstance: pipeline_dag.extract_csv scheduled__2024-04-13T00:00:00+00:00 [running]> on host ee7e13960694
[2024-07-02T16:51:47.517+0000] {taskinstance.py:2648} INFO - Exporting env vars: AIRFLOW_CTX_DAG_OWNER='airflow' AIRFLOW_CTX_DAG_ID='pipeline_dag' AIRFLOW_CTX_TASK_ID='extract_csv' AIRFLOW_CTX_EXECUTION_DATE='2024-04-13T00:00:00+00:00' AIRFLOW_CTX_TRY_NUMBER='1' AIRFLOW_CTX_DAG_RUN_ID='scheduled__2024-04-13T00:00:00+00:00'
[2024-07-02T16:51:47.518+0000] {taskinstance.py:430} INFO - ::endgroup::
[2024-07-02T16:51:47.542+0000] {logging_mixin.py:188} INFO - Command failed with error: Command 'meltano elt tap-csv target-csv --transform=run' returned non-zero exit status 127.
[2024-07-02T16:51:47.543+0000] {taskinstance.py:441} INFO - ::group::Post task execution logs
[2024-07-02T16:51:47.544+0000] {taskinstance.py:2905} ERROR - Task failed with exception
Traceback (most recent call last):
  File "/home/airflow/.local/lib/python3.12/site-packages/airflow/models/taskinstance.py", line 465, in _execute_task
    result = _execute_callable(context=context, **execute_callable_kwargs)
             ^^^^^^^^^^^^^^^^^^^^^^^^^^^^^^^^^^^^^^^^^^^^^^^^^^^^^^^^^^^^^
  File "/home/airflow/.local/lib/python3.12/site-packages/airflow/models/taskinstance.py", line 432, in _execute_callable
    return execute_callable(context=context, **execute_callable_kwargs)
           ^^^^^^^^^^^^^^^^^^^^^^^^^^^^^^^^^^^^^^^^^^^^^^^^^^^^^^^^^^^^
  File "/home/airflow/.local/lib/python3.12/site-packages/airflow/models/baseoperator.py", line 401, in wrapper
    return func(self, *args, **kwargs)
           ^^^^^^^^^^^^^^^^^^^^^^^^^^^
  File "/home/airflow/.local/lib/python3.12/site-packages/airflow/operators/python.py", line 235, in execute
    return_value = self.execute_callable()
                   ^^^^^^^^^^^^^^^^^^^^^^^
  File "/home/airflow/.local/lib/python3.12/site-packages/airflow/operators/python.py", line 252, in execute_callable
    return self.python_callable(*self.op_args, **self.op_kwargs)
           ^^^^^^^^^^^^^^^^^^^^^^^^^^^^^^^^^^^^^^^^^^^^^^^^^^^^^
  File "/opt/airflow/dags/dag_northwind.py", line 36, in extract_csv
    subprocess.run(extract_command, shell=True, check=True)
  File "/usr/local/lib/python3.12/subprocess.py", line 571, in run
    raise CalledProcessError(retcode, process.args,
subprocess.CalledProcessError: Command 'meltano elt tap-csv target-csv --transform=run' returned non-zero exit status 127.
[2024-07-02T16:51:47.567+0000] {taskinstance.py:1206} INFO - Marking task as UP_FOR_RETRY. dag_id=pipeline_dag, task_id=extract_csv, run_id=scheduled__2024-04-13T00:00:00+00:00, execution_date=20240413T000000, start_date=20240702T165147, end_date=20240702T165147
[2024-07-02T16:51:47.613+0000] {standard_task_runner.py:110} ERROR - Failed to execute job 2004 for task extract_csv (Command 'meltano elt tap-csv target-csv --transform=run' returned non-zero exit status 127.; 1810)
[2024-07-02T16:51:47.658+0000] {local_task_job_runner.py:240} INFO - Task exited with return code 1
[2024-07-02T16:51:47.676+0000] {local_task_job_runner.py:222} INFO - ::endgroup::
[2024-07-03T16:49:04.756+0000] {local_task_job_runner.py:120} INFO - ::group::Pre task execution logs
[2024-07-03T16:49:04.850+0000] {taskinstance.py:2076} INFO - Dependencies all met for dep_context=non-requeueable deps ti=<TaskInstance: pipeline_dag.extract_csv scheduled__2024-04-13T00:00:00+00:00 [queued]>
[2024-07-03T16:49:04.870+0000] {taskinstance.py:2076} INFO - Dependencies all met for dep_context=requeueable deps ti=<TaskInstance: pipeline_dag.extract_csv scheduled__2024-04-13T00:00:00+00:00 [queued]>
[2024-07-03T16:49:04.871+0000] {taskinstance.py:2306} INFO - Starting attempt 1 of 2
[2024-07-03T16:49:05.065+0000] {taskinstance.py:2330} INFO - Executing <Task(PythonOperator): extract_csv> on 2024-04-13 00:00:00+00:00
[2024-07-03T16:49:05.079+0000] {logging_mixin.py:188} WARNING - /home/airflow/.local/lib/python3.12/site-packages/airflow/task/task_runner/standard_task_runner.py:61 DeprecationWarning: This process (pid=3437) is multi-threaded, use of fork() may lead to deadlocks in the child.
[2024-07-03T16:49:05.079+0000] {standard_task_runner.py:90} INFO - Running: ['airflow', 'tasks', 'run', 'pipeline_dag', 'extract_csv', 'scheduled__2024-04-13T00:00:00+00:00', '--job-id', '2941', '--raw', '--subdir', 'DAGS_FOLDER/northwind_dag_teste.py', '--cfg-path', '/tmp/tmpechv0jsz']
[2024-07-03T16:49:05.084+0000] {standard_task_runner.py:63} INFO - Started process 3455 to run task
[2024-07-03T16:49:05.084+0000] {standard_task_runner.py:91} INFO - Job 2941: Subtask extract_csv
[2024-07-03T16:49:05.238+0000] {task_command.py:426} INFO - Running <TaskInstance: pipeline_dag.extract_csv scheduled__2024-04-13T00:00:00+00:00 [running]> on host 3c2535f14011
[2024-07-03T16:49:05.404+0000] {taskinstance.py:2648} INFO - Exporting env vars: AIRFLOW_CTX_DAG_OWNER='airflow' AIRFLOW_CTX_DAG_ID='pipeline_dag' AIRFLOW_CTX_TASK_ID='extract_csv' AIRFLOW_CTX_EXECUTION_DATE='2024-04-13T00:00:00+00:00' AIRFLOW_CTX_TRY_NUMBER='1' AIRFLOW_CTX_DAG_RUN_ID='scheduled__2024-04-13T00:00:00+00:00'
[2024-07-03T16:49:05.405+0000] {taskinstance.py:430} INFO - ::endgroup::
[2024-07-03T16:49:05.450+0000] {logging_mixin.py:188} INFO - Command failed with error: Command 'meltano elt tap-csv target-csv --transform=run --job_id=extract_csv_2024-04-13' returned non-zero exit status 127.
[2024-07-03T16:49:05.451+0000] {taskinstance.py:441} INFO - ::group::Post task execution logs
[2024-07-03T16:49:05.452+0000] {taskinstance.py:2905} ERROR - Task failed with exception
Traceback (most recent call last):
  File "/home/airflow/.local/lib/python3.12/site-packages/airflow/models/taskinstance.py", line 465, in _execute_task
    result = _execute_callable(context=context, **execute_callable_kwargs)
             ^^^^^^^^^^^^^^^^^^^^^^^^^^^^^^^^^^^^^^^^^^^^^^^^^^^^^^^^^^^^^
  File "/home/airflow/.local/lib/python3.12/site-packages/airflow/models/taskinstance.py", line 432, in _execute_callable
    return execute_callable(context=context, **execute_callable_kwargs)
           ^^^^^^^^^^^^^^^^^^^^^^^^^^^^^^^^^^^^^^^^^^^^^^^^^^^^^^^^^^^^
  File "/home/airflow/.local/lib/python3.12/site-packages/airflow/models/baseoperator.py", line 401, in wrapper
    return func(self, *args, **kwargs)
           ^^^^^^^^^^^^^^^^^^^^^^^^^^^
  File "/home/airflow/.local/lib/python3.12/site-packages/airflow/operators/python.py", line 235, in execute
    return_value = self.execute_callable()
                   ^^^^^^^^^^^^^^^^^^^^^^^
  File "/home/airflow/.local/lib/python3.12/site-packages/airflow/operators/python.py", line 252, in execute_callable
    return self.python_callable(*self.op_args, **self.op_kwargs)
           ^^^^^^^^^^^^^^^^^^^^^^^^^^^^^^^^^^^^^^^^^^^^^^^^^^^^^
  File "/opt/airflow/dags/northwind_dag_teste.py", line 38, in extract_csv
    subprocess.run(extract_command, shell=True, check=True)
  File "/usr/local/lib/python3.12/subprocess.py", line 571, in run
    raise CalledProcessError(retcode, process.args,
subprocess.CalledProcessError: Command 'meltano elt tap-csv target-csv --transform=run --job_id=extract_csv_2024-04-13' returned non-zero exit status 127.
[2024-07-03T16:49:05.482+0000] {taskinstance.py:1206} INFO - Marking task as UP_FOR_RETRY. dag_id=pipeline_dag, task_id=extract_csv, run_id=scheduled__2024-04-13T00:00:00+00:00, execution_date=20240413T000000, start_date=20240703T164904, end_date=20240703T164905
[2024-07-03T16:49:05.536+0000] {standard_task_runner.py:110} ERROR - Failed to execute job 2941 for task extract_csv (Command 'meltano elt tap-csv target-csv --transform=run --job_id=extract_csv_2024-04-13' returned non-zero exit status 127.; 3455)
[2024-07-03T16:49:05.561+0000] {local_task_job_runner.py:240} INFO - Task exited with return code 1
[2024-07-03T16:49:05.580+0000] {local_task_job_runner.py:222} INFO - ::endgroup::
