[2024-07-03T17:57:11.686+0000] {local_task_job_runner.py:120} INFO - ::group::Pre task execution logs
[2024-07-03T17:57:12.835+0000] {taskinstance.py:2076} INFO - Dependencies all met for dep_context=non-requeueable deps ti=<TaskInstance: pipeline_dag_northwind.load_postgres_to_postgres scheduled__2024-01-02T00:00:00+00:00 [queued]>
[2024-07-03T17:57:12.893+0000] {taskinstance.py:2076} INFO - Dependencies all met for dep_context=requeueable deps ti=<TaskInstance: pipeline_dag_northwind.load_postgres_to_postgres scheduled__2024-01-02T00:00:00+00:00 [queued]>
[2024-07-03T17:57:12.902+0000] {taskinstance.py:2306} INFO - Starting attempt 1 of 2
[2024-07-03T17:57:13.007+0000] {taskinstance.py:2330} INFO - Executing <Task(PythonOperator): load_postgres_to_postgres> on 2024-01-02 00:00:00+00:00
[2024-07-03T17:57:13.037+0000] {standard_task_runner.py:90} INFO - Running: ['airflow', 'tasks', 'run', 'pipeline_dag_northwind', 'load_postgres_to_postgres', 'scheduled__2024-01-02T00:00:00+00:00', '--job-id', '3128', '--raw', '--subdir', 'DAGS_FOLDER/northwind_dag_teste.py', '--cfg-path', '/tmp/tmp4a1k1vfh']
[2024-07-03T17:57:13.043+0000] {standard_task_runner.py:91} INFO - Job 3128: Subtask load_postgres_to_postgres
[2024-07-03T17:57:13.054+0000] {logging_mixin.py:188} WARNING - /home/airflow/.local/lib/python3.12/site-packages/airflow/task/task_runner/standard_task_runner.py:61 DeprecationWarning: This process (pid=696) is multi-threaded, use of fork() may lead to deadlocks in the child.
[2024-07-03T17:57:13.056+0000] {standard_task_runner.py:63} INFO - Started process 712 to run task
[2024-07-03T17:57:13.566+0000] {task_command.py:426} INFO - Running <TaskInstance: pipeline_dag_northwind.load_postgres_to_postgres scheduled__2024-01-02T00:00:00+00:00 [running]> on host 06029b2f40fb
[2024-07-03T17:57:19.019+0000] {taskinstance.py:2648} INFO - Exporting env vars: AIRFLOW_CTX_DAG_OWNER='airflow' AIRFLOW_CTX_DAG_ID='pipeline_dag_northwind' AIRFLOW_CTX_TASK_ID='load_postgres_to_postgres' AIRFLOW_CTX_EXECUTION_DATE='2024-01-02T00:00:00+00:00' AIRFLOW_CTX_TRY_NUMBER='1' AIRFLOW_CTX_DAG_RUN_ID='scheduled__2024-01-02T00:00:00+00:00'
[2024-07-03T17:57:19.034+0000] {taskinstance.py:430} INFO - ::endgroup::
[2024-07-03T17:57:21.777+0000] {logging_mixin.py:188} INFO - Command failed with error: Command 'meltano elt tap-postgres target-postgres --transform=run --job_id=load_postgres_to_postgres_2024-01-02' returned non-zero exit status 127.
[2024-07-03T17:57:21.779+0000] {taskinstance.py:441} INFO - ::group::Post task execution logs
[2024-07-03T17:57:21.861+0000] {taskinstance.py:2905} ERROR - Task failed with exception
Traceback (most recent call last):
  File "/home/airflow/.local/lib/python3.12/site-packages/airflow/models/taskinstance.py", line 465, in _execute_task
    result = _execute_callable(context=context, **execute_callable_kwargs)
             ^^^^^^^^^^^^^^^^^^^^^^^^^^^^^^^^^^^^^^^^^^^^^^^^^^^^^^^^^^^^^
  File "/home/airflow/.local/lib/python3.12/site-packages/airflow/models/taskinstance.py", line 432, in _execute_callable
    return execute_callable(context=context, **execute_callable_kwargs)
           ^^^^^^^^^^^^^^^^^^^^^^^^^^^^^^^^^^^^^^^^^^^^^^^^^^^^^^^^^^^^
  File "/home/airflow/.local/lib/python3.12/site-packages/airflow/models/baseoperator.py", line 401, in wrapper
    return func(self, *args, **kwargs)
           ^^^^^^^^^^^^^^^^^^^^^^^^^^^
  File "/home/airflow/.local/lib/python3.12/site-packages/airflow/operators/python.py", line 235, in execute
    return_value = self.execute_callable()
                   ^^^^^^^^^^^^^^^^^^^^^^^
  File "/home/airflow/.local/lib/python3.12/site-packages/airflow/operators/python.py", line 252, in execute_callable
    return self.python_callable(*self.op_args, **self.op_kwargs)
           ^^^^^^^^^^^^^^^^^^^^^^^^^^^^^^^^^^^^^^^^^^^^^^^^^^^^^
  File "/opt/airflow/dags/northwind_dag_teste.py", line 56, in load_postgres_to_postgres
    subprocess.run(load_command, shell=True, check=True)
  File "/usr/local/lib/python3.12/subprocess.py", line 571, in run
    raise CalledProcessError(retcode, process.args,
subprocess.CalledProcessError: Command 'meltano elt tap-postgres target-postgres --transform=run --job_id=load_postgres_to_postgres_2024-01-02' returned non-zero exit status 127.
[2024-07-03T17:57:22.208+0000] {taskinstance.py:1206} INFO - Marking task as UP_FOR_RETRY. dag_id=pipeline_dag_northwind, task_id=load_postgres_to_postgres, run_id=scheduled__2024-01-02T00:00:00+00:00, execution_date=20240102T000000, start_date=20240703T175712, end_date=20240703T175722
[2024-07-03T17:57:24.761+0000] {standard_task_runner.py:110} ERROR - Failed to execute job 3128 for task load_postgres_to_postgres (Command 'meltano elt tap-postgres target-postgres --transform=run --job_id=load_postgres_to_postgres_2024-01-02' returned non-zero exit status 127.; 712)
[2024-07-03T17:57:24.777+0000] {local_task_job_runner.py:240} INFO - Task exited with return code 1
[2024-07-03T17:57:24.802+0000] {local_task_job_runner.py:222} INFO - ::endgroup::
