[2024-07-01T01:30:44.934+0000] {local_task_job_runner.py:120} INFO - ::group::Pre task execution logs
[2024-07-01T01:30:45.037+0000] {taskinstance.py:2076} INFO - Dependencies all met for dep_context=non-requeueable deps ti=<TaskInstance: dag_northwind.extract_postgres scheduled__2024-03-30T00:00:00+00:00 [queued]>
[2024-07-01T01:30:45.068+0000] {taskinstance.py:2076} INFO - Dependencies all met for dep_context=requeueable deps ti=<TaskInstance: dag_northwind.extract_postgres scheduled__2024-03-30T00:00:00+00:00 [queued]>
[2024-07-01T01:30:45.069+0000] {taskinstance.py:2306} INFO - Starting attempt 2 of 2
[2024-07-01T01:30:45.193+0000] {taskinstance.py:2330} INFO - Executing <Task(BashOperator): extract_postgres> on 2024-03-30 00:00:00+00:00
[2024-07-01T01:30:45.221+0000] {standard_task_runner.py:90} INFO - Running: ['airflow', 'tasks', 'run', 'dag_northwind', 'extract_postgres', 'scheduled__2024-03-30T00:00:00+00:00', '--job-id', '697', '--raw', '--subdir', 'DAGS_FOLDER/dag_northwind.py', '--cfg-path', '/tmp/tmpegdzko4_']
[2024-07-01T01:30:45.227+0000] {standard_task_runner.py:91} INFO - Job 697: Subtask extract_postgres
[2024-07-01T01:30:45.225+0000] {logging_mixin.py:188} WARNING - /home/airflow/.local/lib/python3.12/site-packages/airflow/task/task_runner/standard_task_runner.py:61 DeprecationWarning: This process (pid=1138) is multi-threaded, use of fork() may lead to deadlocks in the child.
[2024-07-01T01:30:45.238+0000] {standard_task_runner.py:63} INFO - Started process 1152 to run task
[2024-07-01T01:30:45.420+0000] {task_command.py:426} INFO - Running <TaskInstance: dag_northwind.extract_postgres scheduled__2024-03-30T00:00:00+00:00 [running]> on host 05d913303710
[2024-07-01T01:30:45.704+0000] {taskinstance.py:2648} INFO - Exporting env vars: AIRFLOW_CTX_DAG_OWNER='airflow' AIRFLOW_CTX_DAG_ID='dag_northwind' AIRFLOW_CTX_TASK_ID='extract_postgres' AIRFLOW_CTX_EXECUTION_DATE='2024-03-30T00:00:00+00:00' AIRFLOW_CTX_TRY_NUMBER='2' AIRFLOW_CTX_DAG_RUN_ID='scheduled__2024-03-30T00:00:00+00:00'
[2024-07-01T01:30:45.710+0000] {taskinstance.py:430} INFO - ::endgroup::
[2024-07-01T01:30:45.796+0000] {subprocess.py:63} INFO - Tmp dir root location: /tmp
[2024-07-01T01:30:45.799+0000] {subprocess.py:75} INFO - Running command: ['/usr/bin/bash', '-c', 'meltano elt tap-postgres target-csv --job_id=extract_postgres_2024-03-30 && mkdir -p /data/postgres/2024-03-30 && mv /project/output/tap-postgres/*.csv /data/postgres/2024-03-30/']
[2024-07-01T01:30:45.839+0000] {subprocess.py:86} INFO - Output:
[2024-07-01T01:30:45.842+0000] {subprocess.py:93} INFO - /usr/bin/bash: line 1: meltano: command not found
[2024-07-01T01:30:45.844+0000] {subprocess.py:97} INFO - Command exited with return code 127
[2024-07-01T01:30:45.845+0000] {taskinstance.py:441} INFO - ::group::Post task execution logs
[2024-07-01T01:30:45.875+0000] {taskinstance.py:2905} ERROR - Task failed with exception
Traceback (most recent call last):
  File "/home/airflow/.local/lib/python3.12/site-packages/airflow/models/taskinstance.py", line 465, in _execute_task
    result = _execute_callable(context=context, **execute_callable_kwargs)
             ^^^^^^^^^^^^^^^^^^^^^^^^^^^^^^^^^^^^^^^^^^^^^^^^^^^^^^^^^^^^^
  File "/home/airflow/.local/lib/python3.12/site-packages/airflow/models/taskinstance.py", line 432, in _execute_callable
    return execute_callable(context=context, **execute_callable_kwargs)
           ^^^^^^^^^^^^^^^^^^^^^^^^^^^^^^^^^^^^^^^^^^^^^^^^^^^^^^^^^^^^
  File "/home/airflow/.local/lib/python3.12/site-packages/airflow/models/baseoperator.py", line 401, in wrapper
    return func(self, *args, **kwargs)
           ^^^^^^^^^^^^^^^^^^^^^^^^^^^
  File "/home/airflow/.local/lib/python3.12/site-packages/airflow/operators/bash.py", line 243, in execute
    raise AirflowException(
airflow.exceptions.AirflowException: Bash command failed. The command returned a non-zero exit code 127.
[2024-07-01T01:30:45.892+0000] {taskinstance.py:1206} INFO - Marking task as FAILED. dag_id=dag_northwind, task_id=extract_postgres, run_id=scheduled__2024-03-30T00:00:00+00:00, execution_date=20240330T000000, start_date=20240701T013045, end_date=20240701T013045
[2024-07-01T01:30:45.933+0000] {standard_task_runner.py:110} ERROR - Failed to execute job 697 for task extract_postgres (Bash command failed. The command returned a non-zero exit code 127.; 1152)
[2024-07-01T01:30:45.956+0000] {local_task_job_runner.py:240} INFO - Task exited with return code 1
[2024-07-01T01:30:45.979+0000] {local_task_job_runner.py:222} INFO - ::endgroup::
[2024-07-01T10:31:48.050+0000] {local_task_job_runner.py:120} INFO - ::group::Pre task execution logs
[2024-07-01T10:31:48.156+0000] {taskinstance.py:2076} INFO - Dependencies all met for dep_context=non-requeueable deps ti=<TaskInstance: dag_northwind.extract_postgres scheduled__2024-03-30T00:00:00+00:00 [queued]>
[2024-07-01T10:31:48.176+0000] {taskinstance.py:2076} INFO - Dependencies all met for dep_context=requeueable deps ti=<TaskInstance: dag_northwind.extract_postgres scheduled__2024-03-30T00:00:00+00:00 [queued]>
[2024-07-01T10:31:48.184+0000] {taskinstance.py:2306} INFO - Starting attempt 2 of 2
[2024-07-01T10:31:48.221+0000] {taskinstance.py:2330} INFO - Executing <Task(BashOperator): extract_postgres> on 2024-03-30 00:00:00+00:00
[2024-07-01T10:31:48.238+0000] {logging_mixin.py:188} WARNING - /home/airflow/.local/lib/python3.12/site-packages/airflow/task/task_runner/standard_task_runner.py:61 DeprecationWarning: This process (pid=6722) is multi-threaded, use of fork() may lead to deadlocks in the child.
[2024-07-01T10:31:48.239+0000] {standard_task_runner.py:90} INFO - Running: ['airflow', 'tasks', 'run', 'dag_northwind', 'extract_postgres', 'scheduled__2024-03-30T00:00:00+00:00', '--job-id', '1255', '--raw', '--subdir', 'DAGS_FOLDER/dag_northwind.py', '--cfg-path', '/tmp/tmp9ul40dpy']
[2024-07-01T10:31:48.243+0000] {standard_task_runner.py:63} INFO - Started process 6743 to run task
[2024-07-01T10:31:48.244+0000] {standard_task_runner.py:91} INFO - Job 1255: Subtask extract_postgres
[2024-07-01T10:31:48.399+0000] {task_command.py:426} INFO - Running <TaskInstance: dag_northwind.extract_postgres scheduled__2024-03-30T00:00:00+00:00 [running]> on host 85c6ea7cd9cf
[2024-07-01T10:31:48.663+0000] {taskinstance.py:2648} INFO - Exporting env vars: AIRFLOW_CTX_DAG_OWNER='airflow' AIRFLOW_CTX_DAG_ID='dag_northwind' AIRFLOW_CTX_TASK_ID='extract_postgres' AIRFLOW_CTX_EXECUTION_DATE='2024-03-30T00:00:00+00:00' AIRFLOW_CTX_TRY_NUMBER='2' AIRFLOW_CTX_DAG_RUN_ID='scheduled__2024-03-30T00:00:00+00:00'
[2024-07-01T10:31:48.667+0000] {taskinstance.py:430} INFO - ::endgroup::
[2024-07-01T10:31:48.716+0000] {subprocess.py:63} INFO - Tmp dir root location: /tmp
[2024-07-01T10:31:48.719+0000] {subprocess.py:75} INFO - Running command: ['/usr/bin/bash', '-c', 'meltano elt tap-postgres target-csv --job_id=extract_postgres_2024-03-30 && mkdir -p /data/postgres/2024-03-30 && mv /project/output/tap-postgres/*.csv /data/postgres/2024-03-30/']
[2024-07-01T10:31:48.739+0000] {subprocess.py:86} INFO - Output:
[2024-07-01T10:31:48.742+0000] {subprocess.py:93} INFO - /usr/bin/bash: line 1: meltano: command not found
[2024-07-01T10:31:48.744+0000] {subprocess.py:97} INFO - Command exited with return code 127
[2024-07-01T10:31:48.747+0000] {taskinstance.py:441} INFO - ::group::Post task execution logs
[2024-07-01T10:31:48.775+0000] {taskinstance.py:2905} ERROR - Task failed with exception
Traceback (most recent call last):
  File "/home/airflow/.local/lib/python3.12/site-packages/airflow/models/taskinstance.py", line 465, in _execute_task
    result = _execute_callable(context=context, **execute_callable_kwargs)
             ^^^^^^^^^^^^^^^^^^^^^^^^^^^^^^^^^^^^^^^^^^^^^^^^^^^^^^^^^^^^^
  File "/home/airflow/.local/lib/python3.12/site-packages/airflow/models/taskinstance.py", line 432, in _execute_callable
    return execute_callable(context=context, **execute_callable_kwargs)
           ^^^^^^^^^^^^^^^^^^^^^^^^^^^^^^^^^^^^^^^^^^^^^^^^^^^^^^^^^^^^
  File "/home/airflow/.local/lib/python3.12/site-packages/airflow/models/baseoperator.py", line 401, in wrapper
    return func(self, *args, **kwargs)
           ^^^^^^^^^^^^^^^^^^^^^^^^^^^
  File "/home/airflow/.local/lib/python3.12/site-packages/airflow/operators/bash.py", line 243, in execute
    raise AirflowException(
airflow.exceptions.AirflowException: Bash command failed. The command returned a non-zero exit code 127.
[2024-07-01T10:31:48.793+0000] {taskinstance.py:1206} INFO - Marking task as FAILED. dag_id=dag_northwind, task_id=extract_postgres, run_id=scheduled__2024-03-30T00:00:00+00:00, execution_date=20240330T000000, start_date=20240701T103148, end_date=20240701T103148
[2024-07-01T10:31:48.832+0000] {standard_task_runner.py:110} ERROR - Failed to execute job 1255 for task extract_postgres (Bash command failed. The command returned a non-zero exit code 127.; 6743)
[2024-07-01T10:31:48.870+0000] {local_task_job_runner.py:240} INFO - Task exited with return code 1
[2024-07-01T10:31:48.917+0000] {taskinstance.py:3503} INFO - 0 downstream tasks scheduled from follow-on schedule check
[2024-07-01T10:31:48.928+0000] {local_task_job_runner.py:222} INFO - ::endgroup::
