[2024-06-29T13:03:09.970+0000] {local_task_job_runner.py:120} INFO - ::group::Pre task execution logs
[2024-06-29T13:03:10.028+0000] {taskinstance.py:2076} INFO - Dependencies all met for dep_context=non-requeueable deps ti=<TaskInstance: northwind_dag.extract_postgres scheduled__2024-01-11T00:00:00+00:00 [queued]>
[2024-06-29T13:03:10.040+0000] {taskinstance.py:2076} INFO - Dependencies all met for dep_context=requeueable deps ti=<TaskInstance: northwind_dag.extract_postgres scheduled__2024-01-11T00:00:00+00:00 [queued]>
[2024-06-29T13:03:10.041+0000] {taskinstance.py:2306} INFO - Starting attempt 1 of 2
[2024-06-29T13:03:10.103+0000] {taskinstance.py:2330} INFO - Executing <Task(BashOperator): extract_postgres> on 2024-01-11 00:00:00+00:00
[2024-06-29T13:03:10.116+0000] {standard_task_runner.py:90} INFO - Running: ['airflow', 'tasks', 'run', 'northwind_dag', 'extract_postgres', 'scheduled__2024-01-11T00:00:00+00:00', '--job-id', '14', '--raw', '--subdir', 'DAGS_FOLDER/northwind_dag.py', '--cfg-path', '/tmp/tmp_1473ewi']
[2024-06-29T13:03:10.122+0000] {standard_task_runner.py:91} INFO - Job 14: Subtask extract_postgres
[2024-06-29T13:03:10.125+0000] {logging_mixin.py:188} WARNING - /home/airflow/.local/lib/python3.12/site-packages/airflow/task/task_runner/standard_task_runner.py:61 DeprecationWarning: This process (pid=192) is multi-threaded, use of fork() may lead to deadlocks in the child.
[2024-06-29T13:03:10.127+0000] {standard_task_runner.py:63} INFO - Started process 198 to run task
[2024-06-29T13:03:10.206+0000] {task_command.py:426} INFO - Running <TaskInstance: northwind_dag.extract_postgres scheduled__2024-01-11T00:00:00+00:00 [running]> on host f661a8cb6e02
[2024-06-29T13:03:10.325+0000] {taskinstance.py:2648} INFO - Exporting env vars: AIRFLOW_CTX_DAG_OWNER='airflow' AIRFLOW_CTX_DAG_ID='northwind_dag' AIRFLOW_CTX_TASK_ID='extract_postgres' AIRFLOW_CTX_EXECUTION_DATE='2024-01-11T00:00:00+00:00' AIRFLOW_CTX_TRY_NUMBER='1' AIRFLOW_CTX_DAG_RUN_ID='scheduled__2024-01-11T00:00:00+00:00'
[2024-06-29T13:03:10.326+0000] {taskinstance.py:430} INFO - ::endgroup::
[2024-06-29T13:03:10.369+0000] {subprocess.py:63} INFO - Tmp dir root location: /tmp
[2024-06-29T13:03:10.371+0000] {subprocess.py:75} INFO - Running command: ['/usr/bin/bash', '-c', 'meltano elt tap-postgres target-postgres --job_id=extract_postgres']
[2024-06-29T13:03:10.387+0000] {subprocess.py:86} INFO - Output:
[2024-06-29T13:03:10.390+0000] {subprocess.py:93} INFO - /usr/bin/bash: line 1: meltano: command not found
[2024-06-29T13:03:10.391+0000] {subprocess.py:97} INFO - Command exited with return code 127
[2024-06-29T13:03:10.392+0000] {taskinstance.py:441} INFO - ::group::Post task execution logs
[2024-06-29T13:03:10.410+0000] {taskinstance.py:2905} ERROR - Task failed with exception
Traceback (most recent call last):
  File "/home/airflow/.local/lib/python3.12/site-packages/airflow/models/taskinstance.py", line 465, in _execute_task
    result = _execute_callable(context=context, **execute_callable_kwargs)
             ^^^^^^^^^^^^^^^^^^^^^^^^^^^^^^^^^^^^^^^^^^^^^^^^^^^^^^^^^^^^^
  File "/home/airflow/.local/lib/python3.12/site-packages/airflow/models/taskinstance.py", line 432, in _execute_callable
    return execute_callable(context=context, **execute_callable_kwargs)
           ^^^^^^^^^^^^^^^^^^^^^^^^^^^^^^^^^^^^^^^^^^^^^^^^^^^^^^^^^^^^
  File "/home/airflow/.local/lib/python3.12/site-packages/airflow/models/baseoperator.py", line 401, in wrapper
    return func(self, *args, **kwargs)
           ^^^^^^^^^^^^^^^^^^^^^^^^^^^
  File "/home/airflow/.local/lib/python3.12/site-packages/airflow/operators/bash.py", line 243, in execute
    raise AirflowException(
airflow.exceptions.AirflowException: Bash command failed. The command returned a non-zero exit code 127.
[2024-06-29T13:03:10.417+0000] {taskinstance.py:1206} INFO - Marking task as UP_FOR_RETRY. dag_id=northwind_dag, task_id=extract_postgres, run_id=scheduled__2024-01-11T00:00:00+00:00, execution_date=20240111T000000, start_date=20240629T130310, end_date=20240629T130310
[2024-06-29T13:03:10.547+0000] {standard_task_runner.py:110} ERROR - Failed to execute job 14 for task extract_postgres (Bash command failed. The command returned a non-zero exit code 127.; 198)
[2024-06-29T13:03:10.584+0000] {local_task_job_runner.py:240} INFO - Task exited with return code 1
[2024-06-29T13:03:10.628+0000] {taskinstance.py:3503} INFO - 0 downstream tasks scheduled from follow-on schedule check
[2024-06-29T13:03:10.631+0000] {local_task_job_runner.py:222} INFO - ::endgroup::
[2024-06-30T18:09:25.798+0000] {local_task_job_runner.py:120} INFO - ::group::Pre task execution logs
[2024-06-30T18:09:25.862+0000] {taskinstance.py:2076} INFO - Dependencies all met for dep_context=non-requeueable deps ti=<TaskInstance: northwind_dag.extract_postgres scheduled__2024-01-11T00:00:00+00:00 [queued]>
[2024-06-30T18:09:25.875+0000] {taskinstance.py:2076} INFO - Dependencies all met for dep_context=requeueable deps ti=<TaskInstance: northwind_dag.extract_postgres scheduled__2024-01-11T00:00:00+00:00 [queued]>
[2024-06-30T18:09:25.876+0000] {taskinstance.py:2306} INFO - Starting attempt 1 of 2
[2024-06-30T18:09:25.962+0000] {taskinstance.py:2330} INFO - Executing <Task(BashOperator): extract_postgres> on 2024-01-11 00:00:00+00:00
[2024-06-30T18:09:25.973+0000] {standard_task_runner.py:90} INFO - Running: ['airflow', 'tasks', 'run', 'northwind_dag', 'extract_postgres', 'scheduled__2024-01-11T00:00:00+00:00', '--job-id', '383', '--raw', '--subdir', 'DAGS_FOLDER/dag_northwind.py', '--cfg-path', '/tmp/tmpkm_8kzmp']
[2024-06-30T18:09:25.976+0000] {standard_task_runner.py:91} INFO - Job 383: Subtask extract_postgres
[2024-06-30T18:09:25.983+0000] {logging_mixin.py:188} WARNING - /home/airflow/.local/lib/python3.12/site-packages/airflow/task/task_runner/standard_task_runner.py:61 DeprecationWarning: This process (pid=1697) is multi-threaded, use of fork() may lead to deadlocks in the child.
[2024-06-30T18:09:25.984+0000] {standard_task_runner.py:63} INFO - Started process 1708 to run task
[2024-06-30T18:09:26.052+0000] {task_command.py:426} INFO - Running <TaskInstance: northwind_dag.extract_postgres scheduled__2024-01-11T00:00:00+00:00 [running]> on host 59a47d9254b0
[2024-06-30T18:09:26.147+0000] {taskinstance.py:2648} INFO - Exporting env vars: AIRFLOW_CTX_DAG_OWNER='airflow' AIRFLOW_CTX_DAG_ID='northwind_dag' AIRFLOW_CTX_TASK_ID='extract_postgres' AIRFLOW_CTX_EXECUTION_DATE='2024-01-11T00:00:00+00:00' AIRFLOW_CTX_TRY_NUMBER='1' AIRFLOW_CTX_DAG_RUN_ID='scheduled__2024-01-11T00:00:00+00:00'
[2024-06-30T18:09:26.148+0000] {taskinstance.py:430} INFO - ::endgroup::
[2024-06-30T18:09:26.172+0000] {subprocess.py:63} INFO - Tmp dir root location: /tmp
[2024-06-30T18:09:26.173+0000] {subprocess.py:75} INFO - Running command: ['/usr/bin/bash', '-c', 'meltano elt tap-postgres target-csv --job_id=extract_postgres_2024-01-11 && mv ./output/tap-postgres/*.csv /data/postgres/{table}/2024-01-11/']
[2024-06-30T18:09:26.189+0000] {subprocess.py:86} INFO - Output:
[2024-06-30T18:09:26.192+0000] {subprocess.py:93} INFO - /usr/bin/bash: line 1: meltano: command not found
[2024-06-30T18:09:26.193+0000] {subprocess.py:97} INFO - Command exited with return code 127
[2024-06-30T18:09:26.194+0000] {taskinstance.py:441} INFO - ::group::Post task execution logs
[2024-06-30T18:09:26.209+0000] {taskinstance.py:2905} ERROR - Task failed with exception
Traceback (most recent call last):
  File "/home/airflow/.local/lib/python3.12/site-packages/airflow/models/taskinstance.py", line 465, in _execute_task
    result = _execute_callable(context=context, **execute_callable_kwargs)
             ^^^^^^^^^^^^^^^^^^^^^^^^^^^^^^^^^^^^^^^^^^^^^^^^^^^^^^^^^^^^^
  File "/home/airflow/.local/lib/python3.12/site-packages/airflow/models/taskinstance.py", line 432, in _execute_callable
    return execute_callable(context=context, **execute_callable_kwargs)
           ^^^^^^^^^^^^^^^^^^^^^^^^^^^^^^^^^^^^^^^^^^^^^^^^^^^^^^^^^^^^
  File "/home/airflow/.local/lib/python3.12/site-packages/airflow/models/baseoperator.py", line 401, in wrapper
    return func(self, *args, **kwargs)
           ^^^^^^^^^^^^^^^^^^^^^^^^^^^
  File "/home/airflow/.local/lib/python3.12/site-packages/airflow/operators/bash.py", line 243, in execute
    raise AirflowException(
airflow.exceptions.AirflowException: Bash command failed. The command returned a non-zero exit code 127.
[2024-06-30T18:09:26.214+0000] {taskinstance.py:1206} INFO - Marking task as UP_FOR_RETRY. dag_id=northwind_dag, task_id=extract_postgres, run_id=scheduled__2024-01-11T00:00:00+00:00, execution_date=20240111T000000, start_date=20240630T180925, end_date=20240630T180926
[2024-06-30T18:09:26.238+0000] {standard_task_runner.py:110} ERROR - Failed to execute job 383 for task extract_postgres (Bash command failed. The command returned a non-zero exit code 127.; 1708)
[2024-06-30T18:09:26.279+0000] {local_task_job_runner.py:240} INFO - Task exited with return code 1
[2024-06-30T18:09:26.290+0000] {local_task_job_runner.py:222} INFO - ::endgroup::
