[2024-06-30T21:03:43.924+0000] {local_task_job_runner.py:120} INFO - ::group::Pre task execution logs
[2024-06-30T21:03:43.982+0000] {taskinstance.py:2076} INFO - Dependencies all met for dep_context=non-requeueable deps ti=<TaskInstance: dag_northwind.extract_postgres scheduled__2024-02-12T00:00:00+00:00 [queued]>
[2024-06-30T21:03:43.994+0000] {taskinstance.py:2076} INFO - Dependencies all met for dep_context=requeueable deps ti=<TaskInstance: dag_northwind.extract_postgres scheduled__2024-02-12T00:00:00+00:00 [queued]>
[2024-06-30T21:03:43.995+0000] {taskinstance.py:2306} INFO - Starting attempt 1 of 2
[2024-06-30T21:03:44.111+0000] {taskinstance.py:2330} INFO - Executing <Task(BashOperator): extract_postgres> on 2024-02-12 00:00:00+00:00
[2024-06-30T21:03:44.120+0000] {logging_mixin.py:188} WARNING - /home/airflow/.local/lib/python3.12/site-packages/airflow/task/task_runner/standard_task_runner.py:61 DeprecationWarning: This process (pid=957) is multi-threaded, use of fork() may lead to deadlocks in the child.
[2024-06-30T21:03:44.121+0000] {standard_task_runner.py:63} INFO - Started process 964 to run task
[2024-06-30T21:03:44.120+0000] {standard_task_runner.py:90} INFO - Running: ['airflow', 'tasks', 'run', 'dag_northwind', 'extract_postgres', 'scheduled__2024-02-12T00:00:00+00:00', '--job-id', '465', '--raw', '--subdir', 'DAGS_FOLDER/dag_northwind.py', '--cfg-path', '/tmp/tmphr5067n3']
[2024-06-30T21:03:44.123+0000] {standard_task_runner.py:91} INFO - Job 465: Subtask extract_postgres
[2024-06-30T21:03:44.197+0000] {task_command.py:426} INFO - Running <TaskInstance: dag_northwind.extract_postgres scheduled__2024-02-12T00:00:00+00:00 [running]> on host a7d76f00647b
[2024-06-30T21:03:44.306+0000] {taskinstance.py:2648} INFO - Exporting env vars: AIRFLOW_CTX_DAG_OWNER='airflow' AIRFLOW_CTX_DAG_ID='dag_northwind' AIRFLOW_CTX_TASK_ID='extract_postgres' AIRFLOW_CTX_EXECUTION_DATE='2024-02-12T00:00:00+00:00' AIRFLOW_CTX_TRY_NUMBER='1' AIRFLOW_CTX_DAG_RUN_ID='scheduled__2024-02-12T00:00:00+00:00'
[2024-06-30T21:03:44.308+0000] {taskinstance.py:430} INFO - ::endgroup::
[2024-06-30T21:03:44.329+0000] {subprocess.py:63} INFO - Tmp dir root location: /tmp
[2024-06-30T21:03:44.330+0000] {subprocess.py:75} INFO - Running command: ['/usr/bin/bash', '-c', 'meltano elt tap-postgres target-csv --job_id=extract_postgres_2024-02-12 && mkdir -p /data/postgres/2024-02-12 && mv /project/output/tap-postgres/*.csv /data/postgres/2024-02-12/']
[2024-06-30T21:03:44.339+0000] {subprocess.py:86} INFO - Output:
[2024-06-30T21:03:44.341+0000] {subprocess.py:93} INFO - /usr/bin/bash: line 1: meltano: command not found
[2024-06-30T21:03:44.342+0000] {subprocess.py:97} INFO - Command exited with return code 127
[2024-06-30T21:03:44.343+0000] {taskinstance.py:441} INFO - ::group::Post task execution logs
[2024-06-30T21:03:44.356+0000] {taskinstance.py:2905} ERROR - Task failed with exception
Traceback (most recent call last):
  File "/home/airflow/.local/lib/python3.12/site-packages/airflow/models/taskinstance.py", line 465, in _execute_task
    result = _execute_callable(context=context, **execute_callable_kwargs)
             ^^^^^^^^^^^^^^^^^^^^^^^^^^^^^^^^^^^^^^^^^^^^^^^^^^^^^^^^^^^^^
  File "/home/airflow/.local/lib/python3.12/site-packages/airflow/models/taskinstance.py", line 432, in _execute_callable
    return execute_callable(context=context, **execute_callable_kwargs)
           ^^^^^^^^^^^^^^^^^^^^^^^^^^^^^^^^^^^^^^^^^^^^^^^^^^^^^^^^^^^^
  File "/home/airflow/.local/lib/python3.12/site-packages/airflow/models/baseoperator.py", line 401, in wrapper
    return func(self, *args, **kwargs)
           ^^^^^^^^^^^^^^^^^^^^^^^^^^^
  File "/home/airflow/.local/lib/python3.12/site-packages/airflow/operators/bash.py", line 243, in execute
    raise AirflowException(
airflow.exceptions.AirflowException: Bash command failed. The command returned a non-zero exit code 127.
[2024-06-30T21:03:44.362+0000] {taskinstance.py:1206} INFO - Marking task as UP_FOR_RETRY. dag_id=dag_northwind, task_id=extract_postgres, run_id=scheduled__2024-02-12T00:00:00+00:00, execution_date=20240212T000000, start_date=20240630T210343, end_date=20240630T210344
[2024-06-30T21:03:44.381+0000] {standard_task_runner.py:110} ERROR - Failed to execute job 465 for task extract_postgres (Bash command failed. The command returned a non-zero exit code 127.; 964)
[2024-06-30T21:03:44.417+0000] {local_task_job_runner.py:240} INFO - Task exited with return code 1
[2024-06-30T21:03:44.428+0000] {local_task_job_runner.py:222} INFO - ::endgroup::
[2024-07-01T10:11:21.782+0000] {local_task_job_runner.py:120} INFO - ::group::Pre task execution logs
[2024-07-01T10:11:21.871+0000] {taskinstance.py:2076} INFO - Dependencies all met for dep_context=non-requeueable deps ti=<TaskInstance: dag_northwind.extract_postgres scheduled__2024-02-12T00:00:00+00:00 [queued]>
[2024-07-01T10:11:21.888+0000] {taskinstance.py:2076} INFO - Dependencies all met for dep_context=requeueable deps ti=<TaskInstance: dag_northwind.extract_postgres scheduled__2024-02-12T00:00:00+00:00 [queued]>
[2024-07-01T10:11:21.889+0000] {taskinstance.py:2306} INFO - Starting attempt 1 of 2
[2024-07-01T10:11:22.044+0000] {taskinstance.py:2330} INFO - Executing <Task(BashOperator): extract_postgres> on 2024-02-12 00:00:00+00:00
[2024-07-01T10:11:22.061+0000] {logging_mixin.py:188} WARNING - /home/airflow/.local/lib/python3.12/site-packages/airflow/task/task_runner/standard_task_runner.py:61 DeprecationWarning: This process (pid=5623) is multi-threaded, use of fork() may lead to deadlocks in the child.
[2024-07-01T10:11:22.063+0000] {standard_task_runner.py:63} INFO - Started process 5639 to run task
[2024-07-01T10:11:22.068+0000] {standard_task_runner.py:90} INFO - Running: ['airflow', 'tasks', 'run', 'dag_northwind', 'extract_postgres', 'scheduled__2024-02-12T00:00:00+00:00', '--job-id', '1023', '--raw', '--subdir', 'DAGS_FOLDER/dag_northwind.py', '--cfg-path', '/tmp/tmpdlj1ufeb']
[2024-07-01T10:11:22.073+0000] {standard_task_runner.py:91} INFO - Job 1023: Subtask extract_postgres
[2024-07-01T10:11:22.169+0000] {task_command.py:426} INFO - Running <TaskInstance: dag_northwind.extract_postgres scheduled__2024-02-12T00:00:00+00:00 [running]> on host 85c6ea7cd9cf
[2024-07-01T10:11:22.319+0000] {taskinstance.py:2648} INFO - Exporting env vars: AIRFLOW_CTX_DAG_OWNER='airflow' AIRFLOW_CTX_DAG_ID='dag_northwind' AIRFLOW_CTX_TASK_ID='extract_postgres' AIRFLOW_CTX_EXECUTION_DATE='2024-02-12T00:00:00+00:00' AIRFLOW_CTX_TRY_NUMBER='1' AIRFLOW_CTX_DAG_RUN_ID='scheduled__2024-02-12T00:00:00+00:00'
[2024-07-01T10:11:22.321+0000] {taskinstance.py:430} INFO - ::endgroup::
[2024-07-01T10:11:22.362+0000] {subprocess.py:63} INFO - Tmp dir root location: /tmp
[2024-07-01T10:11:22.364+0000] {subprocess.py:75} INFO - Running command: ['/usr/bin/bash', '-c', 'meltano elt tap-postgres target-csv --job_id=extract_postgres_2024-02-12 && mkdir -p /data/postgres/2024-02-12 && mv /project/output/tap-postgres/*.csv /data/postgres/2024-02-12/']
[2024-07-01T10:11:22.377+0000] {subprocess.py:86} INFO - Output:
[2024-07-01T10:11:22.381+0000] {subprocess.py:93} INFO - /usr/bin/bash: line 1: meltano: command not found
[2024-07-01T10:11:22.382+0000] {subprocess.py:97} INFO - Command exited with return code 127
[2024-07-01T10:11:22.383+0000] {taskinstance.py:441} INFO - ::group::Post task execution logs
[2024-07-01T10:11:22.406+0000] {taskinstance.py:2905} ERROR - Task failed with exception
Traceback (most recent call last):
  File "/home/airflow/.local/lib/python3.12/site-packages/airflow/models/taskinstance.py", line 465, in _execute_task
    result = _execute_callable(context=context, **execute_callable_kwargs)
             ^^^^^^^^^^^^^^^^^^^^^^^^^^^^^^^^^^^^^^^^^^^^^^^^^^^^^^^^^^^^^
  File "/home/airflow/.local/lib/python3.12/site-packages/airflow/models/taskinstance.py", line 432, in _execute_callable
    return execute_callable(context=context, **execute_callable_kwargs)
           ^^^^^^^^^^^^^^^^^^^^^^^^^^^^^^^^^^^^^^^^^^^^^^^^^^^^^^^^^^^^
  File "/home/airflow/.local/lib/python3.12/site-packages/airflow/models/baseoperator.py", line 401, in wrapper
    return func(self, *args, **kwargs)
           ^^^^^^^^^^^^^^^^^^^^^^^^^^^
  File "/home/airflow/.local/lib/python3.12/site-packages/airflow/operators/bash.py", line 243, in execute
    raise AirflowException(
airflow.exceptions.AirflowException: Bash command failed. The command returned a non-zero exit code 127.
[2024-07-01T10:11:22.416+0000] {taskinstance.py:1206} INFO - Marking task as UP_FOR_RETRY. dag_id=dag_northwind, task_id=extract_postgres, run_id=scheduled__2024-02-12T00:00:00+00:00, execution_date=20240212T000000, start_date=20240701T101121, end_date=20240701T101122
[2024-07-01T10:11:22.617+0000] {standard_task_runner.py:110} ERROR - Failed to execute job 1023 for task extract_postgres (Bash command failed. The command returned a non-zero exit code 127.; 5639)
[2024-07-01T10:11:22.644+0000] {local_task_job_runner.py:240} INFO - Task exited with return code 1
[2024-07-01T10:11:22.664+0000] {local_task_job_runner.py:222} INFO - ::endgroup::
