[2024-07-13T00:05:03.657+0000] {local_task_job_runner.py:120} INFO - ::group::Pre task execution logs
[2024-07-13T00:05:03.771+0000] {taskinstance.py:2076} INFO - Dependencies all met for dep_context=non-requeueable deps ti=<TaskInstance: dag_pipeline_northwind.extract_postgres_customer_demographics scheduled__2024-07-12T00:00:00+00:00 [queued]>
[2024-07-13T00:05:03.795+0000] {taskinstance.py:2076} INFO - Dependencies all met for dep_context=requeueable deps ti=<TaskInstance: dag_pipeline_northwind.extract_postgres_customer_demographics scheduled__2024-07-12T00:00:00+00:00 [queued]>
[2024-07-13T00:05:03.798+0000] {taskinstance.py:2306} INFO - Starting attempt 2 of 2
[2024-07-13T00:05:03.875+0000] {taskinstance.py:2330} INFO - Executing <Task(PythonOperator): extract_postgres_customer_demographics> on 2024-07-12 00:00:00+00:00
[2024-07-13T00:05:03.888+0000] {logging_mixin.py:188} WARNING - /home/airflow/.local/lib/python3.12/site-packages/airflow/task/task_runner/standard_task_runner.py:61 DeprecationWarning: This process (pid=3453) is multi-threaded, use of fork() may lead to deadlocks in the child.
[2024-07-13T00:05:03.887+0000] {standard_task_runner.py:90} INFO - Running: ['airflow', 'tasks', 'run', 'dag_pipeline_northwind', 'extract_postgres_customer_demographics', 'scheduled__2024-07-12T00:00:00+00:00', '--job-id', '5639', '--raw', '--subdir', 'DAGS_FOLDER/dag_pipeline_northwind.py', '--cfg-path', '/tmp/tmphbwnf_0p']
[2024-07-13T00:05:03.892+0000] {standard_task_runner.py:91} INFO - Job 5639: Subtask extract_postgres_customer_demographics
[2024-07-13T00:05:03.891+0000] {standard_task_runner.py:63} INFO - Started process 3468 to run task
[2024-07-13T00:05:04.028+0000] {task_command.py:426} INFO - Running <TaskInstance: dag_pipeline_northwind.extract_postgres_customer_demographics scheduled__2024-07-12T00:00:00+00:00 [running]> on host 5ef7300ef9b1
[2024-07-13T00:05:04.285+0000] {taskinstance.py:2648} INFO - Exporting env vars: AIRFLOW_CTX_DAG_OWNER='airflow' AIRFLOW_CTX_DAG_ID='dag_pipeline_northwind' AIRFLOW_CTX_TASK_ID='extract_postgres_customer_demographics' AIRFLOW_CTX_EXECUTION_DATE='2024-07-12T00:00:00+00:00' AIRFLOW_CTX_TRY_NUMBER='2' AIRFLOW_CTX_DAG_RUN_ID='scheduled__2024-07-12T00:00:00+00:00'
[2024-07-13T00:05:04.287+0000] {taskinstance.py:430} INFO - ::endgroup::
[2024-07-13T00:05:04.320+0000] {logging_mixin.py:188} INFO - Running command: meltano elt tap-postgres target-csv --transform=run --job_id=extract_postgres_customer_demographics_2024-07-12
[2024-07-13T00:05:04.324+0000] {logging_mixin.py:188} INFO - Command failed with error: Command 'meltano elt tap-postgres target-csv --transform=run --job_id=extract_postgres_customer_demographics_2024-07-12' returned non-zero exit status 127.
[2024-07-13T00:05:04.324+0000] {taskinstance.py:441} INFO - ::group::Post task execution logs
[2024-07-13T00:05:04.326+0000] {taskinstance.py:2905} ERROR - Task failed with exception
Traceback (most recent call last):
  File "/home/airflow/.local/lib/python3.12/site-packages/airflow/models/taskinstance.py", line 465, in _execute_task
    result = _execute_callable(context=context, **execute_callable_kwargs)
             ^^^^^^^^^^^^^^^^^^^^^^^^^^^^^^^^^^^^^^^^^^^^^^^^^^^^^^^^^^^^^
  File "/home/airflow/.local/lib/python3.12/site-packages/airflow/models/taskinstance.py", line 432, in _execute_callable
    return execute_callable(context=context, **execute_callable_kwargs)
           ^^^^^^^^^^^^^^^^^^^^^^^^^^^^^^^^^^^^^^^^^^^^^^^^^^^^^^^^^^^^
  File "/home/airflow/.local/lib/python3.12/site-packages/airflow/models/baseoperator.py", line 401, in wrapper
    return func(self, *args, **kwargs)
           ^^^^^^^^^^^^^^^^^^^^^^^^^^^
  File "/home/airflow/.local/lib/python3.12/site-packages/airflow/operators/python.py", line 235, in execute
    return_value = self.execute_callable()
                   ^^^^^^^^^^^^^^^^^^^^^^^
  File "/home/airflow/.local/lib/python3.12/site-packages/airflow/operators/python.py", line 252, in execute_callable
    return self.python_callable(*self.op_args, **self.op_kwargs)
           ^^^^^^^^^^^^^^^^^^^^^^^^^^^^^^^^^^^^^^^^^^^^^^^^^^^^^
  File "/opt/airflow/dags/dag_pipeline_northwind.py", line 40, in extract_postgres_table
    result = subprocess.run(extract_command, shell=True, check=True, capture_output=True, text=True)
             ^^^^^^^^^^^^^^^^^^^^^^^^^^^^^^^^^^^^^^^^^^^^^^^^^^^^^^^^^^^^^^^^^^^^^^^^^^^^^^^^^^^^^^^
  File "/usr/local/lib/python3.12/subprocess.py", line 571, in run
    raise CalledProcessError(retcode, process.args,
subprocess.CalledProcessError: Command 'meltano elt tap-postgres target-csv --transform=run --job_id=extract_postgres_customer_demographics_2024-07-12' returned non-zero exit status 127.
[2024-07-13T00:05:04.350+0000] {taskinstance.py:1206} INFO - Marking task as FAILED. dag_id=dag_pipeline_northwind, task_id=extract_postgres_customer_demographics, run_id=scheduled__2024-07-12T00:00:00+00:00, execution_date=20240712T000000, start_date=20240713T000503, end_date=20240713T000504
[2024-07-13T00:05:04.381+0000] {standard_task_runner.py:110} ERROR - Failed to execute job 5639 for task extract_postgres_customer_demographics (Command 'meltano elt tap-postgres target-csv --transform=run --job_id=extract_postgres_customer_demographics_2024-07-12' returned non-zero exit status 127.; 3468)
[2024-07-13T00:05:04.400+0000] {local_task_job_runner.py:240} INFO - Task exited with return code 1
[2024-07-13T00:05:04.424+0000] {local_task_job_runner.py:222} INFO - ::endgroup::
[2024-07-14T21:53:03.797+0000] {local_task_job_runner.py:120} INFO - ::group::Pre task execution logs
[2024-07-14T21:53:03.919+0000] {taskinstance.py:2076} INFO - Dependencies all met for dep_context=non-requeueable deps ti=<TaskInstance: dag_pipeline_northwind.extract_postgres_customer_demographics scheduled__2024-07-12T00:00:00+00:00 [queued]>
[2024-07-14T21:53:03.948+0000] {taskinstance.py:2076} INFO - Dependencies all met for dep_context=requeueable deps ti=<TaskInstance: dag_pipeline_northwind.extract_postgres_customer_demographics scheduled__2024-07-12T00:00:00+00:00 [queued]>
[2024-07-14T21:53:03.949+0000] {taskinstance.py:2306} INFO - Starting attempt 2 of 2
[2024-07-14T21:53:04.005+0000] {taskinstance.py:2330} INFO - Executing <Task(PythonOperator): extract_postgres_customer_demographics> on 2024-07-12 00:00:00+00:00
[2024-07-14T21:53:04.026+0000] {logging_mixin.py:188} WARNING - /home/airflow/.local/lib/python3.12/site-packages/airflow/task/task_runner/standard_task_runner.py:61 DeprecationWarning: This process (pid=594) is multi-threaded, use of fork() may lead to deadlocks in the child.
[2024-07-14T21:53:04.028+0000] {standard_task_runner.py:63} INFO - Started process 609 to run task
[2024-07-14T21:53:04.030+0000] {standard_task_runner.py:90} INFO - Running: ['airflow', 'tasks', 'run', 'dag_pipeline_northwind', 'extract_postgres_customer_demographics', 'scheduled__2024-07-12T00:00:00+00:00', '--job-id', '5803', '--raw', '--subdir', 'DAGS_FOLDER/dag_pipeline_northwind.py', '--cfg-path', '/tmp/tmpygodtftt']
[2024-07-14T21:53:04.059+0000] {standard_task_runner.py:91} INFO - Job 5803: Subtask extract_postgres_customer_demographics
[2024-07-14T21:53:04.239+0000] {task_command.py:426} INFO - Running <TaskInstance: dag_pipeline_northwind.extract_postgres_customer_demographics scheduled__2024-07-12T00:00:00+00:00 [running]> on host ee4b7f7f7c3e
[2024-07-14T21:53:04.580+0000] {taskinstance.py:2648} INFO - Exporting env vars: AIRFLOW_CTX_DAG_OWNER='airflow' AIRFLOW_CTX_DAG_ID='dag_pipeline_northwind' AIRFLOW_CTX_TASK_ID='extract_postgres_customer_demographics' AIRFLOW_CTX_EXECUTION_DATE='2024-07-12T00:00:00+00:00' AIRFLOW_CTX_TRY_NUMBER='2' AIRFLOW_CTX_DAG_RUN_ID='scheduled__2024-07-12T00:00:00+00:00'
[2024-07-14T21:53:04.590+0000] {taskinstance.py:430} INFO - ::endgroup::
[2024-07-14T21:53:04.643+0000] {logging_mixin.py:188} INFO - Running command: meltano elt tap-postgres target-csv --transform=run --job_id=extract_postgres_customer_demographics_2024-07-12
[2024-07-14T21:53:04.653+0000] {logging_mixin.py:188} INFO - Command failed with error: Command 'meltano elt tap-postgres target-csv --transform=run --job_id=extract_postgres_customer_demographics_2024-07-12' returned non-zero exit status 127.
[2024-07-14T21:53:04.655+0000] {taskinstance.py:441} INFO - ::group::Post task execution logs
[2024-07-14T21:53:04.656+0000] {taskinstance.py:2905} ERROR - Task failed with exception
Traceback (most recent call last):
  File "/home/airflow/.local/lib/python3.12/site-packages/airflow/models/taskinstance.py", line 465, in _execute_task
    result = _execute_callable(context=context, **execute_callable_kwargs)
             ^^^^^^^^^^^^^^^^^^^^^^^^^^^^^^^^^^^^^^^^^^^^^^^^^^^^^^^^^^^^^
  File "/home/airflow/.local/lib/python3.12/site-packages/airflow/models/taskinstance.py", line 432, in _execute_callable
    return execute_callable(context=context, **execute_callable_kwargs)
           ^^^^^^^^^^^^^^^^^^^^^^^^^^^^^^^^^^^^^^^^^^^^^^^^^^^^^^^^^^^^
  File "/home/airflow/.local/lib/python3.12/site-packages/airflow/models/baseoperator.py", line 401, in wrapper
    return func(self, *args, **kwargs)
           ^^^^^^^^^^^^^^^^^^^^^^^^^^^
  File "/home/airflow/.local/lib/python3.12/site-packages/airflow/operators/python.py", line 235, in execute
    return_value = self.execute_callable()
                   ^^^^^^^^^^^^^^^^^^^^^^^
  File "/home/airflow/.local/lib/python3.12/site-packages/airflow/operators/python.py", line 252, in execute_callable
    return self.python_callable(*self.op_args, **self.op_kwargs)
           ^^^^^^^^^^^^^^^^^^^^^^^^^^^^^^^^^^^^^^^^^^^^^^^^^^^^^
  File "/opt/airflow/dags/dag_pipeline_northwind.py", line 40, in extract_postgres_table
    result = subprocess.run(extract_command, shell=True, check=True, capture_output=True, text=True)
             ^^^^^^^^^^^^^^^^^^^^^^^^^^^^^^^^^^^^^^^^^^^^^^^^^^^^^^^^^^^^^^^^^^^^^^^^^^^^^^^^^^^^^^^
  File "/usr/local/lib/python3.12/subprocess.py", line 571, in run
    raise CalledProcessError(retcode, process.args,
subprocess.CalledProcessError: Command 'meltano elt tap-postgres target-csv --transform=run --job_id=extract_postgres_customer_demographics_2024-07-12' returned non-zero exit status 127.
[2024-07-14T21:53:04.704+0000] {taskinstance.py:1206} INFO - Marking task as FAILED. dag_id=dag_pipeline_northwind, task_id=extract_postgres_customer_demographics, run_id=scheduled__2024-07-12T00:00:00+00:00, execution_date=20240712T000000, start_date=20240714T215303, end_date=20240714T215304
[2024-07-14T21:53:04.743+0000] {standard_task_runner.py:110} ERROR - Failed to execute job 5803 for task extract_postgres_customer_demographics (Command 'meltano elt tap-postgres target-csv --transform=run --job_id=extract_postgres_customer_demographics_2024-07-12' returned non-zero exit status 127.; 609)
[2024-07-14T21:53:04.793+0000] {local_task_job_runner.py:240} INFO - Task exited with return code 1
[2024-07-14T21:53:04.876+0000] {taskinstance.py:3503} INFO - 0 downstream tasks scheduled from follow-on schedule check
[2024-07-14T21:53:04.890+0000] {local_task_job_runner.py:222} INFO - ::endgroup::
