[2024-07-01T01:30:42.433+0000] {local_task_job_runner.py:120} INFO - ::group::Pre task execution logs
[2024-07-01T01:30:42.557+0000] {taskinstance.py:2076} INFO - Dependencies all met for dep_context=non-requeueable deps ti=<TaskInstance: dag_northwind.extract_postgres scheduled__2024-03-21T00:00:00+00:00 [queued]>
[2024-07-01T01:30:42.596+0000] {taskinstance.py:2076} INFO - Dependencies all met for dep_context=requeueable deps ti=<TaskInstance: dag_northwind.extract_postgres scheduled__2024-03-21T00:00:00+00:00 [queued]>
[2024-07-01T01:30:42.601+0000] {taskinstance.py:2306} INFO - Starting attempt 2 of 2
[2024-07-01T01:30:42.721+0000] {taskinstance.py:2330} INFO - Executing <Task(BashOperator): extract_postgres> on 2024-03-21 00:00:00+00:00
[2024-07-01T01:30:42.752+0000] {logging_mixin.py:188} WARNING - /home/airflow/.local/lib/python3.12/site-packages/airflow/task/task_runner/standard_task_runner.py:61 DeprecationWarning: This process (pid=1067) is multi-threaded, use of fork() may lead to deadlocks in the child.
[2024-07-01T01:30:42.747+0000] {standard_task_runner.py:90} INFO - Running: ['airflow', 'tasks', 'run', 'dag_northwind', 'extract_postgres', 'scheduled__2024-03-21T00:00:00+00:00', '--job-id', '683', '--raw', '--subdir', 'DAGS_FOLDER/dag_northwind.py', '--cfg-path', '/tmp/tmp90o18j03']
[2024-07-01T01:30:42.758+0000] {standard_task_runner.py:91} INFO - Job 683: Subtask extract_postgres
[2024-07-01T01:30:42.757+0000] {standard_task_runner.py:63} INFO - Started process 1084 to run task
[2024-07-01T01:30:43.104+0000] {task_command.py:426} INFO - Running <TaskInstance: dag_northwind.extract_postgres scheduled__2024-03-21T00:00:00+00:00 [running]> on host 05d913303710
[2024-07-01T01:30:43.647+0000] {taskinstance.py:2648} INFO - Exporting env vars: AIRFLOW_CTX_DAG_OWNER='airflow' AIRFLOW_CTX_DAG_ID='dag_northwind' AIRFLOW_CTX_TASK_ID='extract_postgres' AIRFLOW_CTX_EXECUTION_DATE='2024-03-21T00:00:00+00:00' AIRFLOW_CTX_TRY_NUMBER='2' AIRFLOW_CTX_DAG_RUN_ID='scheduled__2024-03-21T00:00:00+00:00'
[2024-07-01T01:30:43.659+0000] {taskinstance.py:430} INFO - ::endgroup::
[2024-07-01T01:30:43.724+0000] {subprocess.py:63} INFO - Tmp dir root location: /tmp
[2024-07-01T01:30:43.727+0000] {subprocess.py:75} INFO - Running command: ['/usr/bin/bash', '-c', 'meltano elt tap-postgres target-csv --job_id=extract_postgres_2024-03-21 && mkdir -p /data/postgres/2024-03-21 && mv /project/output/tap-postgres/*.csv /data/postgres/2024-03-21/']
[2024-07-01T01:30:43.775+0000] {subprocess.py:86} INFO - Output:
[2024-07-01T01:30:43.786+0000] {subprocess.py:93} INFO - /usr/bin/bash: line 1: meltano: command not found
[2024-07-01T01:30:43.793+0000] {subprocess.py:97} INFO - Command exited with return code 127
[2024-07-01T01:30:43.796+0000] {taskinstance.py:441} INFO - ::group::Post task execution logs
[2024-07-01T01:30:43.823+0000] {taskinstance.py:2905} ERROR - Task failed with exception
Traceback (most recent call last):
  File "/home/airflow/.local/lib/python3.12/site-packages/airflow/models/taskinstance.py", line 465, in _execute_task
    result = _execute_callable(context=context, **execute_callable_kwargs)
             ^^^^^^^^^^^^^^^^^^^^^^^^^^^^^^^^^^^^^^^^^^^^^^^^^^^^^^^^^^^^^
  File "/home/airflow/.local/lib/python3.12/site-packages/airflow/models/taskinstance.py", line 432, in _execute_callable
    return execute_callable(context=context, **execute_callable_kwargs)
           ^^^^^^^^^^^^^^^^^^^^^^^^^^^^^^^^^^^^^^^^^^^^^^^^^^^^^^^^^^^^
  File "/home/airflow/.local/lib/python3.12/site-packages/airflow/models/baseoperator.py", line 401, in wrapper
    return func(self, *args, **kwargs)
           ^^^^^^^^^^^^^^^^^^^^^^^^^^^
  File "/home/airflow/.local/lib/python3.12/site-packages/airflow/operators/bash.py", line 243, in execute
    raise AirflowException(
airflow.exceptions.AirflowException: Bash command failed. The command returned a non-zero exit code 127.
[2024-07-01T01:30:43.850+0000] {taskinstance.py:1206} INFO - Marking task as FAILED. dag_id=dag_northwind, task_id=extract_postgres, run_id=scheduled__2024-03-21T00:00:00+00:00, execution_date=20240321T000000, start_date=20240701T013042, end_date=20240701T013043
[2024-07-01T01:30:43.908+0000] {standard_task_runner.py:110} ERROR - Failed to execute job 683 for task extract_postgres (Bash command failed. The command returned a non-zero exit code 127.; 1084)
[2024-07-01T01:30:43.967+0000] {local_task_job_runner.py:240} INFO - Task exited with return code 1
[2024-07-01T01:30:44.003+0000] {local_task_job_runner.py:222} INFO - ::endgroup::
[2024-07-01T10:31:45.351+0000] {local_task_job_runner.py:120} INFO - ::group::Pre task execution logs
[2024-07-01T10:31:45.437+0000] {taskinstance.py:2076} INFO - Dependencies all met for dep_context=non-requeueable deps ti=<TaskInstance: dag_northwind.extract_postgres scheduled__2024-03-21T00:00:00+00:00 [queued]>
[2024-07-01T10:31:45.456+0000] {taskinstance.py:2076} INFO - Dependencies all met for dep_context=requeueable deps ti=<TaskInstance: dag_northwind.extract_postgres scheduled__2024-03-21T00:00:00+00:00 [queued]>
[2024-07-01T10:31:45.457+0000] {taskinstance.py:2306} INFO - Starting attempt 2 of 2
[2024-07-01T10:31:45.683+0000] {taskinstance.py:2330} INFO - Executing <Task(BashOperator): extract_postgres> on 2024-03-21 00:00:00+00:00
[2024-07-01T10:31:45.703+0000] {logging_mixin.py:188} WARNING - /home/airflow/.local/lib/python3.12/site-packages/airflow/task/task_runner/standard_task_runner.py:61 DeprecationWarning: This process (pid=6652) is multi-threaded, use of fork() may lead to deadlocks in the child.
[2024-07-01T10:31:45.716+0000] {standard_task_runner.py:63} INFO - Started process 6671 to run task
[2024-07-01T10:31:45.712+0000] {standard_task_runner.py:90} INFO - Running: ['airflow', 'tasks', 'run', 'dag_northwind', 'extract_postgres', 'scheduled__2024-03-21T00:00:00+00:00', '--job-id', '1227', '--raw', '--subdir', 'DAGS_FOLDER/dag_northwind.py', '--cfg-path', '/tmp/tmpfxwb2vg7']
[2024-07-01T10:31:45.720+0000] {standard_task_runner.py:91} INFO - Job 1227: Subtask extract_postgres
[2024-07-01T10:31:45.870+0000] {task_command.py:426} INFO - Running <TaskInstance: dag_northwind.extract_postgres scheduled__2024-03-21T00:00:00+00:00 [running]> on host 85c6ea7cd9cf
[2024-07-01T10:31:46.105+0000] {taskinstance.py:2648} INFO - Exporting env vars: AIRFLOW_CTX_DAG_OWNER='airflow' AIRFLOW_CTX_DAG_ID='dag_northwind' AIRFLOW_CTX_TASK_ID='extract_postgres' AIRFLOW_CTX_EXECUTION_DATE='2024-03-21T00:00:00+00:00' AIRFLOW_CTX_TRY_NUMBER='2' AIRFLOW_CTX_DAG_RUN_ID='scheduled__2024-03-21T00:00:00+00:00'
[2024-07-01T10:31:46.110+0000] {taskinstance.py:430} INFO - ::endgroup::
[2024-07-01T10:31:46.155+0000] {subprocess.py:63} INFO - Tmp dir root location: /tmp
[2024-07-01T10:31:46.156+0000] {subprocess.py:75} INFO - Running command: ['/usr/bin/bash', '-c', 'meltano elt tap-postgres target-csv --job_id=extract_postgres_2024-03-21 && mkdir -p /data/postgres/2024-03-21 && mv /project/output/tap-postgres/*.csv /data/postgres/2024-03-21/']
[2024-07-01T10:31:46.193+0000] {subprocess.py:86} INFO - Output:
[2024-07-01T10:31:46.206+0000] {subprocess.py:93} INFO - /usr/bin/bash: line 1: meltano: command not found
[2024-07-01T10:31:46.211+0000] {subprocess.py:97} INFO - Command exited with return code 127
[2024-07-01T10:31:46.213+0000] {taskinstance.py:441} INFO - ::group::Post task execution logs
[2024-07-01T10:31:46.238+0000] {taskinstance.py:2905} ERROR - Task failed with exception
Traceback (most recent call last):
  File "/home/airflow/.local/lib/python3.12/site-packages/airflow/models/taskinstance.py", line 465, in _execute_task
    result = _execute_callable(context=context, **execute_callable_kwargs)
             ^^^^^^^^^^^^^^^^^^^^^^^^^^^^^^^^^^^^^^^^^^^^^^^^^^^^^^^^^^^^^
  File "/home/airflow/.local/lib/python3.12/site-packages/airflow/models/taskinstance.py", line 432, in _execute_callable
    return execute_callable(context=context, **execute_callable_kwargs)
           ^^^^^^^^^^^^^^^^^^^^^^^^^^^^^^^^^^^^^^^^^^^^^^^^^^^^^^^^^^^^
  File "/home/airflow/.local/lib/python3.12/site-packages/airflow/models/baseoperator.py", line 401, in wrapper
    return func(self, *args, **kwargs)
           ^^^^^^^^^^^^^^^^^^^^^^^^^^^
  File "/home/airflow/.local/lib/python3.12/site-packages/airflow/operators/bash.py", line 243, in execute
    raise AirflowException(
airflow.exceptions.AirflowException: Bash command failed. The command returned a non-zero exit code 127.
[2024-07-01T10:31:46.255+0000] {taskinstance.py:1206} INFO - Marking task as FAILED. dag_id=dag_northwind, task_id=extract_postgres, run_id=scheduled__2024-03-21T00:00:00+00:00, execution_date=20240321T000000, start_date=20240701T103145, end_date=20240701T103146
[2024-07-01T10:31:46.294+0000] {standard_task_runner.py:110} ERROR - Failed to execute job 1227 for task extract_postgres (Bash command failed. The command returned a non-zero exit code 127.; 6671)
[2024-07-01T10:31:46.308+0000] {local_task_job_runner.py:240} INFO - Task exited with return code 1
[2024-07-01T10:31:46.370+0000] {taskinstance.py:3503} INFO - 0 downstream tasks scheduled from follow-on schedule check
[2024-07-01T10:31:46.380+0000] {local_task_job_runner.py:222} INFO - ::endgroup::
