[2024-07-01T01:15:11.381+0000] {local_task_job_runner.py:120} INFO - ::group::Pre task execution logs
[2024-07-01T01:15:12.226+0000] {taskinstance.py:2076} INFO - Dependencies all met for dep_context=non-requeueable deps ti=<TaskInstance: dag_northwind.extract_csv scheduled__2024-02-22T00:00:00+00:00 [queued]>
[2024-07-01T01:15:12.269+0000] {taskinstance.py:2076} INFO - Dependencies all met for dep_context=requeueable deps ti=<TaskInstance: dag_northwind.extract_csv scheduled__2024-02-22T00:00:00+00:00 [queued]>
[2024-07-01T01:15:12.277+0000] {taskinstance.py:2306} INFO - Starting attempt 1 of 2
[2024-07-01T01:15:12.328+0000] {taskinstance.py:2330} INFO - Executing <Task(BashOperator): extract_csv> on 2024-02-22 00:00:00+00:00
[2024-07-01T01:15:12.373+0000] {logging_mixin.py:188} WARNING - /home/airflow/.local/lib/python3.12/site-packages/airflow/task/task_runner/standard_task_runner.py:61 DeprecationWarning: This process (pid=285) is multi-threaded, use of fork() may lead to deadlocks in the child.
[2024-07-01T01:15:12.375+0000] {standard_task_runner.py:63} INFO - Started process 295 to run task
[2024-07-01T01:15:12.377+0000] {standard_task_runner.py:90} INFO - Running: ['airflow', 'tasks', 'run', 'dag_northwind', 'extract_csv', 'scheduled__2024-02-22T00:00:00+00:00', '--job-id', '529', '--raw', '--subdir', 'DAGS_FOLDER/dag_northwind.py', '--cfg-path', '/tmp/tmpcc2j51g7']
[2024-07-01T01:15:12.405+0000] {standard_task_runner.py:91} INFO - Job 529: Subtask extract_csv
[2024-07-01T01:15:12.634+0000] {task_command.py:426} INFO - Running <TaskInstance: dag_northwind.extract_csv scheduled__2024-02-22T00:00:00+00:00 [running]> on host 05d913303710
[2024-07-01T01:15:12.977+0000] {taskinstance.py:2648} INFO - Exporting env vars: AIRFLOW_CTX_DAG_OWNER='airflow' AIRFLOW_CTX_DAG_ID='dag_northwind' AIRFLOW_CTX_TASK_ID='extract_csv' AIRFLOW_CTX_EXECUTION_DATE='2024-02-22T00:00:00+00:00' AIRFLOW_CTX_TRY_NUMBER='1' AIRFLOW_CTX_DAG_RUN_ID='scheduled__2024-02-22T00:00:00+00:00'
[2024-07-01T01:15:12.981+0000] {taskinstance.py:430} INFO - ::endgroup::
[2024-07-01T01:15:13.058+0000] {subprocess.py:63} INFO - Tmp dir root location: /tmp
[2024-07-01T01:15:13.066+0000] {subprocess.py:75} INFO - Running command: ['/usr/bin/bash', '-c', 'meltano elt tap-csv target-csv --job_id=extract_csv_2024-02-22 && mkdir -p /data/csv/2024-02-22 && mv /project/output/tap-csv/*.csv /data/csv/2024-02-22/']
[2024-07-01T01:15:13.175+0000] {subprocess.py:86} INFO - Output:
[2024-07-01T01:15:13.179+0000] {subprocess.py:93} INFO - /usr/bin/bash: line 1: meltano: command not found
[2024-07-01T01:15:13.181+0000] {subprocess.py:97} INFO - Command exited with return code 127
[2024-07-01T01:15:13.182+0000] {taskinstance.py:441} INFO - ::group::Post task execution logs
[2024-07-01T01:15:13.218+0000] {taskinstance.py:2905} ERROR - Task failed with exception
Traceback (most recent call last):
  File "/home/airflow/.local/lib/python3.12/site-packages/airflow/models/taskinstance.py", line 465, in _execute_task
    result = _execute_callable(context=context, **execute_callable_kwargs)
             ^^^^^^^^^^^^^^^^^^^^^^^^^^^^^^^^^^^^^^^^^^^^^^^^^^^^^^^^^^^^^
  File "/home/airflow/.local/lib/python3.12/site-packages/airflow/models/taskinstance.py", line 432, in _execute_callable
    return execute_callable(context=context, **execute_callable_kwargs)
           ^^^^^^^^^^^^^^^^^^^^^^^^^^^^^^^^^^^^^^^^^^^^^^^^^^^^^^^^^^^^
  File "/home/airflow/.local/lib/python3.12/site-packages/airflow/models/baseoperator.py", line 401, in wrapper
    return func(self, *args, **kwargs)
           ^^^^^^^^^^^^^^^^^^^^^^^^^^^
  File "/home/airflow/.local/lib/python3.12/site-packages/airflow/operators/bash.py", line 243, in execute
    raise AirflowException(
airflow.exceptions.AirflowException: Bash command failed. The command returned a non-zero exit code 127.
[2024-07-01T01:15:13.255+0000] {taskinstance.py:1206} INFO - Marking task as UP_FOR_RETRY. dag_id=dag_northwind, task_id=extract_csv, run_id=scheduled__2024-02-22T00:00:00+00:00, execution_date=20240222T000000, start_date=20240701T011512, end_date=20240701T011513
[2024-07-01T01:15:13.315+0000] {standard_task_runner.py:110} ERROR - Failed to execute job 529 for task extract_csv (Bash command failed. The command returned a non-zero exit code 127.; 295)
[2024-07-01T01:15:13.364+0000] {local_task_job_runner.py:240} INFO - Task exited with return code 1
[2024-07-01T01:15:13.402+0000] {local_task_job_runner.py:222} INFO - ::endgroup::
[2024-07-01T10:16:26.835+0000] {local_task_job_runner.py:120} INFO - ::group::Pre task execution logs
[2024-07-01T10:16:26.931+0000] {taskinstance.py:2076} INFO - Dependencies all met for dep_context=non-requeueable deps ti=<TaskInstance: dag_northwind.extract_csv scheduled__2024-02-22T00:00:00+00:00 [queued]>
[2024-07-01T10:16:26.951+0000] {taskinstance.py:2076} INFO - Dependencies all met for dep_context=requeueable deps ti=<TaskInstance: dag_northwind.extract_csv scheduled__2024-02-22T00:00:00+00:00 [queued]>
[2024-07-01T10:16:26.953+0000] {taskinstance.py:2306} INFO - Starting attempt 1 of 2
[2024-07-01T10:16:26.988+0000] {taskinstance.py:2330} INFO - Executing <Task(BashOperator): extract_csv> on 2024-02-22 00:00:00+00:00
[2024-07-01T10:16:27.007+0000] {logging_mixin.py:188} WARNING - /home/airflow/.local/lib/python3.12/site-packages/airflow/task/task_runner/standard_task_runner.py:61 DeprecationWarning: This process (pid=5873) is multi-threaded, use of fork() may lead to deadlocks in the child.
[2024-07-01T10:16:27.011+0000] {standard_task_runner.py:63} INFO - Started process 5892 to run task
[2024-07-01T10:16:27.006+0000] {standard_task_runner.py:90} INFO - Running: ['airflow', 'tasks', 'run', 'dag_northwind', 'extract_csv', 'scheduled__2024-02-22T00:00:00+00:00', '--job-id', '1076', '--raw', '--subdir', 'DAGS_FOLDER/dag_northwind.py', '--cfg-path', '/tmp/tmp7mk6zf2u']
[2024-07-01T10:16:27.015+0000] {standard_task_runner.py:91} INFO - Job 1076: Subtask extract_csv
[2024-07-01T10:16:27.118+0000] {task_command.py:426} INFO - Running <TaskInstance: dag_northwind.extract_csv scheduled__2024-02-22T00:00:00+00:00 [running]> on host 85c6ea7cd9cf
[2024-07-01T10:16:27.339+0000] {taskinstance.py:2648} INFO - Exporting env vars: AIRFLOW_CTX_DAG_OWNER='airflow' AIRFLOW_CTX_DAG_ID='dag_northwind' AIRFLOW_CTX_TASK_ID='extract_csv' AIRFLOW_CTX_EXECUTION_DATE='2024-02-22T00:00:00+00:00' AIRFLOW_CTX_TRY_NUMBER='1' AIRFLOW_CTX_DAG_RUN_ID='scheduled__2024-02-22T00:00:00+00:00'
[2024-07-01T10:16:27.340+0000] {taskinstance.py:430} INFO - ::endgroup::
[2024-07-01T10:16:27.373+0000] {subprocess.py:63} INFO - Tmp dir root location: /tmp
[2024-07-01T10:16:27.375+0000] {subprocess.py:75} INFO - Running command: ['/usr/bin/bash', '-c', 'meltano elt tap-csv target-csv --job_id=extract_csv_2024-02-22 && mkdir -p /data/csv/2024-02-22 && mv /project/output/tap-csv/*.csv /data/csv/2024-02-22/']
[2024-07-01T10:16:27.390+0000] {subprocess.py:86} INFO - Output:
[2024-07-01T10:16:27.394+0000] {subprocess.py:93} INFO - /usr/bin/bash: line 1: meltano: command not found
[2024-07-01T10:16:27.395+0000] {subprocess.py:97} INFO - Command exited with return code 127
[2024-07-01T10:16:27.396+0000] {taskinstance.py:441} INFO - ::group::Post task execution logs
[2024-07-01T10:16:27.414+0000] {taskinstance.py:2905} ERROR - Task failed with exception
Traceback (most recent call last):
  File "/home/airflow/.local/lib/python3.12/site-packages/airflow/models/taskinstance.py", line 465, in _execute_task
    result = _execute_callable(context=context, **execute_callable_kwargs)
             ^^^^^^^^^^^^^^^^^^^^^^^^^^^^^^^^^^^^^^^^^^^^^^^^^^^^^^^^^^^^^
  File "/home/airflow/.local/lib/python3.12/site-packages/airflow/models/taskinstance.py", line 432, in _execute_callable
    return execute_callable(context=context, **execute_callable_kwargs)
           ^^^^^^^^^^^^^^^^^^^^^^^^^^^^^^^^^^^^^^^^^^^^^^^^^^^^^^^^^^^^
  File "/home/airflow/.local/lib/python3.12/site-packages/airflow/models/baseoperator.py", line 401, in wrapper
    return func(self, *args, **kwargs)
           ^^^^^^^^^^^^^^^^^^^^^^^^^^^
  File "/home/airflow/.local/lib/python3.12/site-packages/airflow/operators/bash.py", line 243, in execute
    raise AirflowException(
airflow.exceptions.AirflowException: Bash command failed. The command returned a non-zero exit code 127.
[2024-07-01T10:16:27.420+0000] {taskinstance.py:1206} INFO - Marking task as UP_FOR_RETRY. dag_id=dag_northwind, task_id=extract_csv, run_id=scheduled__2024-02-22T00:00:00+00:00, execution_date=20240222T000000, start_date=20240701T101626, end_date=20240701T101627
[2024-07-01T10:16:27.439+0000] {standard_task_runner.py:110} ERROR - Failed to execute job 1076 for task extract_csv (Bash command failed. The command returned a non-zero exit code 127.; 5892)
[2024-07-01T10:16:27.477+0000] {local_task_job_runner.py:240} INFO - Task exited with return code 1
[2024-07-01T10:16:27.500+0000] {local_task_job_runner.py:222} INFO - ::endgroup::
