[2024-07-03T19:09:55.022+0000] {local_task_job_runner.py:120} INFO - ::group::Pre task execution logs
[2024-07-03T19:09:55.111+0000] {taskinstance.py:2076} INFO - Dependencies all met for dep_context=non-requeueable deps ti=<TaskInstance: dag_pipeline_northwind.extract_postgres scheduled__2024-02-25T00:00:00+00:00 [queued]>
[2024-07-03T19:09:55.130+0000] {taskinstance.py:2076} INFO - Dependencies all met for dep_context=requeueable deps ti=<TaskInstance: dag_pipeline_northwind.extract_postgres scheduled__2024-02-25T00:00:00+00:00 [queued]>
[2024-07-03T19:09:55.131+0000] {taskinstance.py:2306} INFO - Starting attempt 1 of 2
[2024-07-03T19:09:55.174+0000] {taskinstance.py:2330} INFO - Executing <Task(PythonOperator): extract_postgres> on 2024-02-25 00:00:00+00:00
[2024-07-03T19:09:55.190+0000] {logging_mixin.py:188} WARNING - /home/airflow/.local/lib/python3.12/site-packages/airflow/task/task_runner/standard_task_runner.py:61 DeprecationWarning: This process (pid=303) is multi-threaded, use of fork() may lead to deadlocks in the child.
[2024-07-03T19:09:55.192+0000] {standard_task_runner.py:63} INFO - Started process 314 to run task
[2024-07-03T19:09:55.189+0000] {standard_task_runner.py:90} INFO - Running: ['airflow', 'tasks', 'run', 'dag_pipeline_northwind', 'extract_postgres', 'scheduled__2024-02-25T00:00:00+00:00', '--job-id', '3770', '--raw', '--subdir', 'DAGS_FOLDER/northwind_dag_teste.py', '--cfg-path', '/tmp/tmp9nf8e9gp']
[2024-07-03T19:09:55.194+0000] {standard_task_runner.py:91} INFO - Job 3770: Subtask extract_postgres
[2024-07-03T19:09:55.306+0000] {task_command.py:426} INFO - Running <TaskInstance: dag_pipeline_northwind.extract_postgres scheduled__2024-02-25T00:00:00+00:00 [running]> on host 76916b664cf5
[2024-07-03T19:09:55.478+0000] {taskinstance.py:2648} INFO - Exporting env vars: AIRFLOW_CTX_DAG_OWNER='airflow' AIRFLOW_CTX_DAG_ID='dag_pipeline_northwind' AIRFLOW_CTX_TASK_ID='extract_postgres' AIRFLOW_CTX_EXECUTION_DATE='2024-02-25T00:00:00+00:00' AIRFLOW_CTX_TRY_NUMBER='1' AIRFLOW_CTX_DAG_RUN_ID='scheduled__2024-02-25T00:00:00+00:00'
[2024-07-03T19:09:55.480+0000] {taskinstance.py:430} INFO - ::endgroup::
[2024-07-03T19:09:55.508+0000] {logging_mixin.py:188} INFO - Running command: meltano elt tap-postgres target-csv --transform=run --job_id=extract_postgres_2024-02-25
[2024-07-03T19:09:55.512+0000] {logging_mixin.py:188} INFO - Command failed with error: Command 'meltano elt tap-postgres target-csv --transform=run --job_id=extract_postgres_2024-02-25' returned non-zero exit status 127.
[2024-07-03T19:09:55.513+0000] {taskinstance.py:441} INFO - ::group::Post task execution logs
[2024-07-03T19:09:55.514+0000] {taskinstance.py:2905} ERROR - Task failed with exception
Traceback (most recent call last):
  File "/home/airflow/.local/lib/python3.12/site-packages/airflow/models/taskinstance.py", line 465, in _execute_task
    result = _execute_callable(context=context, **execute_callable_kwargs)
             ^^^^^^^^^^^^^^^^^^^^^^^^^^^^^^^^^^^^^^^^^^^^^^^^^^^^^^^^^^^^^
  File "/home/airflow/.local/lib/python3.12/site-packages/airflow/models/taskinstance.py", line 432, in _execute_callable
    return execute_callable(context=context, **execute_callable_kwargs)
           ^^^^^^^^^^^^^^^^^^^^^^^^^^^^^^^^^^^^^^^^^^^^^^^^^^^^^^^^^^^^
  File "/home/airflow/.local/lib/python3.12/site-packages/airflow/models/baseoperator.py", line 401, in wrapper
    return func(self, *args, **kwargs)
           ^^^^^^^^^^^^^^^^^^^^^^^^^^^
  File "/home/airflow/.local/lib/python3.12/site-packages/airflow/operators/python.py", line 235, in execute
    return_value = self.execute_callable()
                   ^^^^^^^^^^^^^^^^^^^^^^^
  File "/home/airflow/.local/lib/python3.12/site-packages/airflow/operators/python.py", line 252, in execute_callable
    return self.python_callable(*self.op_args, **self.op_kwargs)
           ^^^^^^^^^^^^^^^^^^^^^^^^^^^^^^^^^^^^^^^^^^^^^^^^^^^^^
  File "/opt/airflow/dags/northwind_dag_teste.py", line 32, in extract_postgres
    result = subprocess.run(extract_command, shell=True, check=True, capture_output=True, text=True)
             ^^^^^^^^^^^^^^^^^^^^^^^^^^^^^^^^^^^^^^^^^^^^^^^^^^^^^^^^^^^^^^^^^^^^^^^^^^^^^^^^^^^^^^^
  File "/usr/local/lib/python3.12/subprocess.py", line 571, in run
    raise CalledProcessError(retcode, process.args,
subprocess.CalledProcessError: Command 'meltano elt tap-postgres target-csv --transform=run --job_id=extract_postgres_2024-02-25' returned non-zero exit status 127.
[2024-07-03T19:09:55.534+0000] {taskinstance.py:1206} INFO - Marking task as UP_FOR_RETRY. dag_id=dag_pipeline_northwind, task_id=extract_postgres, run_id=scheduled__2024-02-25T00:00:00+00:00, execution_date=20240225T000000, start_date=20240703T190955, end_date=20240703T190955
[2024-07-03T19:09:55.581+0000] {standard_task_runner.py:110} ERROR - Failed to execute job 3770 for task extract_postgres (Command 'meltano elt tap-postgres target-csv --transform=run --job_id=extract_postgres_2024-02-25' returned non-zero exit status 127.; 314)
[2024-07-03T19:09:55.610+0000] {local_task_job_runner.py:240} INFO - Task exited with return code 1
[2024-07-03T19:09:55.624+0000] {local_task_job_runner.py:222} INFO - ::endgroup::
[2024-07-04T00:46:10.586+0000] {local_task_job_runner.py:120} INFO - ::group::Pre task execution logs
[2024-07-04T00:46:10.666+0000] {taskinstance.py:2076} INFO - Dependencies all met for dep_context=non-requeueable deps ti=<TaskInstance: dag_pipeline_northwind.extract_postgres scheduled__2024-02-25T00:00:00+00:00 [queued]>
[2024-07-04T00:46:10.685+0000] {taskinstance.py:2076} INFO - Dependencies all met for dep_context=requeueable deps ti=<TaskInstance: dag_pipeline_northwind.extract_postgres scheduled__2024-02-25T00:00:00+00:00 [queued]>
[2024-07-04T00:46:10.686+0000] {taskinstance.py:2306} INFO - Starting attempt 1 of 2
[2024-07-04T00:46:10.839+0000] {taskinstance.py:2330} INFO - Executing <Task(PythonOperator): extract_postgres> on 2024-02-25 00:00:00+00:00
[2024-07-04T00:46:10.856+0000] {logging_mixin.py:188} WARNING - /home/airflow/.local/lib/python3.12/site-packages/airflow/task/task_runner/standard_task_runner.py:61 DeprecationWarning: This process (pid=957) is multi-threaded, use of fork() may lead to deadlocks in the child.
[2024-07-04T00:46:10.858+0000] {standard_task_runner.py:63} INFO - Started process 970 to run task
[2024-07-04T00:46:10.855+0000] {standard_task_runner.py:90} INFO - Running: ['airflow', 'tasks', 'run', 'dag_pipeline_northwind', 'extract_postgres', 'scheduled__2024-02-25T00:00:00+00:00', '--job-id', '4513', '--raw', '--subdir', 'DAGS_FOLDER/dag_pipeline_northwind.py', '--cfg-path', '/tmp/tmpuvckd89v']
[2024-07-04T00:46:10.859+0000] {standard_task_runner.py:91} INFO - Job 4513: Subtask extract_postgres
[2024-07-04T00:46:10.983+0000] {task_command.py:426} INFO - Running <TaskInstance: dag_pipeline_northwind.extract_postgres scheduled__2024-02-25T00:00:00+00:00 [running]> on host 156a1441f464
[2024-07-04T00:46:11.119+0000] {taskinstance.py:2648} INFO - Exporting env vars: AIRFLOW_CTX_DAG_OWNER='airflow' AIRFLOW_CTX_DAG_ID='dag_pipeline_northwind' AIRFLOW_CTX_TASK_ID='extract_postgres' AIRFLOW_CTX_EXECUTION_DATE='2024-02-25T00:00:00+00:00' AIRFLOW_CTX_TRY_NUMBER='1' AIRFLOW_CTX_DAG_RUN_ID='scheduled__2024-02-25T00:00:00+00:00'
[2024-07-04T00:46:11.120+0000] {taskinstance.py:430} INFO - ::endgroup::
[2024-07-04T00:46:11.142+0000] {logging_mixin.py:188} INFO - Running command: meltano elt tap-postgres target-csv --transform=run --job_id=extract_postgres_2024-02-25
[2024-07-04T00:46:11.146+0000] {logging_mixin.py:188} INFO - Command failed with error: Command 'meltano elt tap-postgres target-csv --transform=run --job_id=extract_postgres_2024-02-25' returned non-zero exit status 127.
[2024-07-04T00:46:11.146+0000] {taskinstance.py:441} INFO - ::group::Post task execution logs
[2024-07-04T00:46:11.148+0000] {taskinstance.py:2905} ERROR - Task failed with exception
Traceback (most recent call last):
  File "/home/airflow/.local/lib/python3.12/site-packages/airflow/models/taskinstance.py", line 465, in _execute_task
    result = _execute_callable(context=context, **execute_callable_kwargs)
             ^^^^^^^^^^^^^^^^^^^^^^^^^^^^^^^^^^^^^^^^^^^^^^^^^^^^^^^^^^^^^
  File "/home/airflow/.local/lib/python3.12/site-packages/airflow/models/taskinstance.py", line 432, in _execute_callable
    return execute_callable(context=context, **execute_callable_kwargs)
           ^^^^^^^^^^^^^^^^^^^^^^^^^^^^^^^^^^^^^^^^^^^^^^^^^^^^^^^^^^^^
  File "/home/airflow/.local/lib/python3.12/site-packages/airflow/models/baseoperator.py", line 401, in wrapper
    return func(self, *args, **kwargs)
           ^^^^^^^^^^^^^^^^^^^^^^^^^^^
  File "/home/airflow/.local/lib/python3.12/site-packages/airflow/operators/python.py", line 235, in execute
    return_value = self.execute_callable()
                   ^^^^^^^^^^^^^^^^^^^^^^^
  File "/home/airflow/.local/lib/python3.12/site-packages/airflow/operators/python.py", line 252, in execute_callable
    return self.python_callable(*self.op_args, **self.op_kwargs)
           ^^^^^^^^^^^^^^^^^^^^^^^^^^^^^^^^^^^^^^^^^^^^^^^^^^^^^
  File "/opt/airflow/dags/dag_pipeline_northwind.py", line 32, in extract_postgres
    result = subprocess.run(extract_command, shell=True, check=True, capture_output=True, text=True)
             ^^^^^^^^^^^^^^^^^^^^^^^^^^^^^^^^^^^^^^^^^^^^^^^^^^^^^^^^^^^^^^^^^^^^^^^^^^^^^^^^^^^^^^^
  File "/usr/local/lib/python3.12/subprocess.py", line 571, in run
    raise CalledProcessError(retcode, process.args,
subprocess.CalledProcessError: Command 'meltano elt tap-postgres target-csv --transform=run --job_id=extract_postgres_2024-02-25' returned non-zero exit status 127.
[2024-07-04T00:46:11.173+0000] {taskinstance.py:1206} INFO - Marking task as UP_FOR_RETRY. dag_id=dag_pipeline_northwind, task_id=extract_postgres, run_id=scheduled__2024-02-25T00:00:00+00:00, execution_date=20240225T000000, start_date=20240704T004610, end_date=20240704T004611
[2024-07-04T00:46:11.210+0000] {standard_task_runner.py:110} ERROR - Failed to execute job 4513 for task extract_postgres (Command 'meltano elt tap-postgres target-csv --transform=run --job_id=extract_postgres_2024-02-25' returned non-zero exit status 127.; 970)
[2024-07-04T00:46:11.237+0000] {local_task_job_runner.py:240} INFO - Task exited with return code 1
[2024-07-04T00:46:11.256+0000] {local_task_job_runner.py:222} INFO - ::endgroup::
[2024-07-04T01:14:06.268+0000] {local_task_job_runner.py:120} INFO - ::group::Pre task execution logs
[2024-07-04T01:14:06.345+0000] {taskinstance.py:2076} INFO - Dependencies all met for dep_context=non-requeueable deps ti=<TaskInstance: dag_pipeline_northwind.extract_postgres scheduled__2024-02-25T00:00:00+00:00 [queued]>
[2024-07-04T01:14:06.364+0000] {taskinstance.py:2076} INFO - Dependencies all met for dep_context=requeueable deps ti=<TaskInstance: dag_pipeline_northwind.extract_postgres scheduled__2024-02-25T00:00:00+00:00 [queued]>
[2024-07-04T01:14:06.365+0000] {taskinstance.py:2306} INFO - Starting attempt 1 of 2
[2024-07-04T01:14:06.417+0000] {taskinstance.py:2330} INFO - Executing <Task(PythonOperator): extract_postgres> on 2024-02-25 00:00:00+00:00
[2024-07-04T01:14:06.436+0000] {logging_mixin.py:188} WARNING - /home/airflow/.local/lib/python3.12/site-packages/airflow/task/task_runner/standard_task_runner.py:61 DeprecationWarning: This process (pid=974) is multi-threaded, use of fork() may lead to deadlocks in the child.
[2024-07-04T01:14:06.435+0000] {standard_task_runner.py:90} INFO - Running: ['airflow', 'tasks', 'run', 'dag_pipeline_northwind', 'extract_postgres', 'scheduled__2024-02-25T00:00:00+00:00', '--job-id', '4802', '--raw', '--subdir', 'DAGS_FOLDER/dag_pipeline_northwind.py', '--cfg-path', '/tmp/tmpc_a12fuq']
[2024-07-04T01:14:06.439+0000] {standard_task_runner.py:63} INFO - Started process 989 to run task
[2024-07-04T01:14:06.440+0000] {standard_task_runner.py:91} INFO - Job 4802: Subtask extract_postgres
[2024-07-04T01:14:06.563+0000] {task_command.py:426} INFO - Running <TaskInstance: dag_pipeline_northwind.extract_postgres scheduled__2024-02-25T00:00:00+00:00 [running]> on host 06ddab619e10
[2024-07-04T01:14:06.730+0000] {taskinstance.py:2648} INFO - Exporting env vars: AIRFLOW_CTX_DAG_OWNER='airflow' AIRFLOW_CTX_DAG_ID='dag_pipeline_northwind' AIRFLOW_CTX_TASK_ID='extract_postgres' AIRFLOW_CTX_EXECUTION_DATE='2024-02-25T00:00:00+00:00' AIRFLOW_CTX_TRY_NUMBER='1' AIRFLOW_CTX_DAG_RUN_ID='scheduled__2024-02-25T00:00:00+00:00'
[2024-07-04T01:14:06.732+0000] {taskinstance.py:430} INFO - ::endgroup::
[2024-07-04T01:14:06.761+0000] {logging_mixin.py:188} INFO - Running command: meltano elt tap-postgres target-csv --transform=run --job_id=extract_postgres_2024-02-25
[2024-07-04T01:14:06.765+0000] {logging_mixin.py:188} INFO - Command failed with error: Command 'meltano elt tap-postgres target-csv --transform=run --job_id=extract_postgres_2024-02-25' returned non-zero exit status 127.
[2024-07-04T01:14:06.766+0000] {taskinstance.py:441} INFO - ::group::Post task execution logs
[2024-07-04T01:14:06.767+0000] {taskinstance.py:2905} ERROR - Task failed with exception
Traceback (most recent call last):
  File "/home/airflow/.local/lib/python3.12/site-packages/airflow/models/taskinstance.py", line 465, in _execute_task
    result = _execute_callable(context=context, **execute_callable_kwargs)
             ^^^^^^^^^^^^^^^^^^^^^^^^^^^^^^^^^^^^^^^^^^^^^^^^^^^^^^^^^^^^^
  File "/home/airflow/.local/lib/python3.12/site-packages/airflow/models/taskinstance.py", line 432, in _execute_callable
    return execute_callable(context=context, **execute_callable_kwargs)
           ^^^^^^^^^^^^^^^^^^^^^^^^^^^^^^^^^^^^^^^^^^^^^^^^^^^^^^^^^^^^
  File "/home/airflow/.local/lib/python3.12/site-packages/airflow/models/baseoperator.py", line 401, in wrapper
    return func(self, *args, **kwargs)
           ^^^^^^^^^^^^^^^^^^^^^^^^^^^
  File "/home/airflow/.local/lib/python3.12/site-packages/airflow/operators/python.py", line 235, in execute
    return_value = self.execute_callable()
                   ^^^^^^^^^^^^^^^^^^^^^^^
  File "/home/airflow/.local/lib/python3.12/site-packages/airflow/operators/python.py", line 252, in execute_callable
    return self.python_callable(*self.op_args, **self.op_kwargs)
           ^^^^^^^^^^^^^^^^^^^^^^^^^^^^^^^^^^^^^^^^^^^^^^^^^^^^^
  File "/opt/airflow/dags/dag_pipeline_northwind.py", line 32, in extract_postgres
    result = subprocess.run(extract_command, shell=True, check=True, capture_output=True, text=True)
             ^^^^^^^^^^^^^^^^^^^^^^^^^^^^^^^^^^^^^^^^^^^^^^^^^^^^^^^^^^^^^^^^^^^^^^^^^^^^^^^^^^^^^^^
  File "/usr/local/lib/python3.12/subprocess.py", line 571, in run
    raise CalledProcessError(retcode, process.args,
subprocess.CalledProcessError: Command 'meltano elt tap-postgres target-csv --transform=run --job_id=extract_postgres_2024-02-25' returned non-zero exit status 127.
[2024-07-04T01:14:06.799+0000] {taskinstance.py:1206} INFO - Marking task as UP_FOR_RETRY. dag_id=dag_pipeline_northwind, task_id=extract_postgres, run_id=scheduled__2024-02-25T00:00:00+00:00, execution_date=20240225T000000, start_date=20240704T011406, end_date=20240704T011406
[2024-07-04T01:14:06.839+0000] {standard_task_runner.py:110} ERROR - Failed to execute job 4802 for task extract_postgres (Command 'meltano elt tap-postgres target-csv --transform=run --job_id=extract_postgres_2024-02-25' returned non-zero exit status 127.; 989)
[2024-07-04T01:14:06.857+0000] {local_task_job_runner.py:240} INFO - Task exited with return code 1
[2024-07-04T01:14:06.876+0000] {local_task_job_runner.py:222} INFO - ::endgroup::
