[2024-07-03T18:02:57.005+0000] {local_task_job_runner.py:120} INFO - ::group::Pre task execution logs
[2024-07-03T18:02:57.111+0000] {taskinstance.py:2076} INFO - Dependencies all met for dep_context=non-requeueable deps ti=<TaskInstance: pipeline_dag_northwind.extract_csv scheduled__2024-01-27T00:00:00+00:00 [queued]>
[2024-07-03T18:02:57.136+0000] {taskinstance.py:2076} INFO - Dependencies all met for dep_context=requeueable deps ti=<TaskInstance: pipeline_dag_northwind.extract_csv scheduled__2024-01-27T00:00:00+00:00 [queued]>
[2024-07-03T18:02:57.163+0000] {taskinstance.py:2306} INFO - Starting attempt 1 of 2
[2024-07-03T18:02:57.487+0000] {taskinstance.py:2330} INFO - Executing <Task(PythonOperator): extract_csv> on 2024-01-27 00:00:00+00:00
[2024-07-03T18:02:57.510+0000] {logging_mixin.py:188} WARNING - /home/airflow/.local/lib/python3.12/site-packages/airflow/task/task_runner/standard_task_runner.py:61 DeprecationWarning: This process (pid=1108) is multi-threaded, use of fork() may lead to deadlocks in the child.
[2024-07-03T18:02:57.508+0000] {standard_task_runner.py:90} INFO - Running: ['airflow', 'tasks', 'run', 'pipeline_dag_northwind', 'extract_csv', 'scheduled__2024-01-27T00:00:00+00:00', '--job-id', '3252', '--raw', '--subdir', 'DAGS_FOLDER/northwind_dag_teste.py', '--cfg-path', '/tmp/tmpw1vc3cpp']
[2024-07-03T18:02:57.514+0000] {standard_task_runner.py:63} INFO - Started process 1131 to run task
[2024-07-03T18:02:57.514+0000] {standard_task_runner.py:91} INFO - Job 3252: Subtask extract_csv
[2024-07-03T18:02:57.628+0000] {task_command.py:426} INFO - Running <TaskInstance: pipeline_dag_northwind.extract_csv scheduled__2024-01-27T00:00:00+00:00 [running]> on host 06029b2f40fb
[2024-07-03T18:02:57.824+0000] {taskinstance.py:2648} INFO - Exporting env vars: AIRFLOW_CTX_DAG_OWNER='airflow' AIRFLOW_CTX_DAG_ID='pipeline_dag_northwind' AIRFLOW_CTX_TASK_ID='extract_csv' AIRFLOW_CTX_EXECUTION_DATE='2024-01-27T00:00:00+00:00' AIRFLOW_CTX_TRY_NUMBER='1' AIRFLOW_CTX_DAG_RUN_ID='scheduled__2024-01-27T00:00:00+00:00'
[2024-07-03T18:02:57.828+0000] {taskinstance.py:430} INFO - ::endgroup::
[2024-07-03T18:02:57.860+0000] {logging_mixin.py:188} INFO - Command failed with error: Command 'meltano elt tap-csv target-csv --transform=run --job_id=extract_csv_2024-01-27' returned non-zero exit status 127.
[2024-07-03T18:02:57.862+0000] {taskinstance.py:441} INFO - ::group::Post task execution logs
[2024-07-03T18:02:57.863+0000] {taskinstance.py:2905} ERROR - Task failed with exception
Traceback (most recent call last):
  File "/home/airflow/.local/lib/python3.12/site-packages/airflow/models/taskinstance.py", line 465, in _execute_task
    result = _execute_callable(context=context, **execute_callable_kwargs)
             ^^^^^^^^^^^^^^^^^^^^^^^^^^^^^^^^^^^^^^^^^^^^^^^^^^^^^^^^^^^^^
  File "/home/airflow/.local/lib/python3.12/site-packages/airflow/models/taskinstance.py", line 432, in _execute_callable
    return execute_callable(context=context, **execute_callable_kwargs)
           ^^^^^^^^^^^^^^^^^^^^^^^^^^^^^^^^^^^^^^^^^^^^^^^^^^^^^^^^^^^^
  File "/home/airflow/.local/lib/python3.12/site-packages/airflow/models/baseoperator.py", line 401, in wrapper
    return func(self, *args, **kwargs)
           ^^^^^^^^^^^^^^^^^^^^^^^^^^^
  File "/home/airflow/.local/lib/python3.12/site-packages/airflow/operators/python.py", line 235, in execute
    return_value = self.execute_callable()
                   ^^^^^^^^^^^^^^^^^^^^^^^
  File "/home/airflow/.local/lib/python3.12/site-packages/airflow/operators/python.py", line 252, in execute_callable
    return self.python_callable(*self.op_args, **self.op_kwargs)
           ^^^^^^^^^^^^^^^^^^^^^^^^^^^^^^^^^^^^^^^^^^^^^^^^^^^^^
  File "/opt/airflow/dags/northwind_dag_teste.py", line 38, in extract_csv
    subprocess.run(extract_command, shell=True, check=True)
  File "/usr/local/lib/python3.12/subprocess.py", line 571, in run
    raise CalledProcessError(retcode, process.args,
subprocess.CalledProcessError: Command 'meltano elt tap-csv target-csv --transform=run --job_id=extract_csv_2024-01-27' returned non-zero exit status 127.
[2024-07-03T18:02:57.886+0000] {taskinstance.py:1206} INFO - Marking task as UP_FOR_RETRY. dag_id=pipeline_dag_northwind, task_id=extract_csv, run_id=scheduled__2024-01-27T00:00:00+00:00, execution_date=20240127T000000, start_date=20240703T180257, end_date=20240703T180257
[2024-07-03T18:02:57.924+0000] {standard_task_runner.py:110} ERROR - Failed to execute job 3252 for task extract_csv (Command 'meltano elt tap-csv target-csv --transform=run --job_id=extract_csv_2024-01-27' returned non-zero exit status 127.; 1131)
[2024-07-03T18:02:57.973+0000] {local_task_job_runner.py:240} INFO - Task exited with return code 1
[2024-07-03T18:02:58.032+0000] {taskinstance.py:3503} INFO - 0 downstream tasks scheduled from follow-on schedule check
[2024-07-03T18:02:58.034+0000] {local_task_job_runner.py:222} INFO - ::endgroup::
