[2024-07-01T01:25:41.794+0000] {local_task_job_runner.py:120} INFO - ::group::Pre task execution logs
[2024-07-01T01:25:41.877+0000] {taskinstance.py:2076} INFO - Dependencies all met for dep_context=non-requeueable deps ti=<TaskInstance: dag_northwind.extract_postgres scheduled__2024-03-29T00:00:00+00:00 [queued]>
[2024-07-01T01:25:41.892+0000] {taskinstance.py:2076} INFO - Dependencies all met for dep_context=requeueable deps ti=<TaskInstance: dag_northwind.extract_postgres scheduled__2024-03-29T00:00:00+00:00 [queued]>
[2024-07-01T01:25:41.893+0000] {taskinstance.py:2306} INFO - Starting attempt 1 of 2
[2024-07-01T01:25:42.004+0000] {taskinstance.py:2330} INFO - Executing <Task(BashOperator): extract_postgres> on 2024-03-29 00:00:00+00:00
[2024-07-01T01:25:42.019+0000] {logging_mixin.py:188} WARNING - /home/airflow/.local/lib/python3.12/site-packages/airflow/task/task_runner/standard_task_runner.py:61 DeprecationWarning: This process (pid=938) is multi-threaded, use of fork() may lead to deadlocks in the child.
[2024-07-01T01:25:42.021+0000] {standard_task_runner.py:63} INFO - Started process 953 to run task
[2024-07-01T01:25:42.018+0000] {standard_task_runner.py:90} INFO - Running: ['airflow', 'tasks', 'run', 'dag_northwind', 'extract_postgres', 'scheduled__2024-03-29T00:00:00+00:00', '--job-id', '665', '--raw', '--subdir', 'DAGS_FOLDER/dag_northwind.py', '--cfg-path', '/tmp/tmp8apr4f51']
[2024-07-01T01:25:42.023+0000] {standard_task_runner.py:91} INFO - Job 665: Subtask extract_postgres
[2024-07-01T01:25:42.152+0000] {task_command.py:426} INFO - Running <TaskInstance: dag_northwind.extract_postgres scheduled__2024-03-29T00:00:00+00:00 [running]> on host 05d913303710
[2024-07-01T01:25:42.299+0000] {taskinstance.py:2648} INFO - Exporting env vars: AIRFLOW_CTX_DAG_OWNER='airflow' AIRFLOW_CTX_DAG_ID='dag_northwind' AIRFLOW_CTX_TASK_ID='extract_postgres' AIRFLOW_CTX_EXECUTION_DATE='2024-03-29T00:00:00+00:00' AIRFLOW_CTX_TRY_NUMBER='1' AIRFLOW_CTX_DAG_RUN_ID='scheduled__2024-03-29T00:00:00+00:00'
[2024-07-01T01:25:42.300+0000] {taskinstance.py:430} INFO - ::endgroup::
[2024-07-01T01:25:42.351+0000] {subprocess.py:63} INFO - Tmp dir root location: /tmp
[2024-07-01T01:25:42.354+0000] {subprocess.py:75} INFO - Running command: ['/usr/bin/bash', '-c', 'meltano elt tap-postgres target-csv --job_id=extract_postgres_2024-03-29 && mkdir -p /data/postgres/2024-03-29 && mv /project/output/tap-postgres/*.csv /data/postgres/2024-03-29/']
[2024-07-01T01:25:42.375+0000] {subprocess.py:86} INFO - Output:
[2024-07-01T01:25:42.380+0000] {subprocess.py:93} INFO - /usr/bin/bash: line 1: meltano: command not found
[2024-07-01T01:25:42.381+0000] {subprocess.py:97} INFO - Command exited with return code 127
[2024-07-01T01:25:42.382+0000] {taskinstance.py:441} INFO - ::group::Post task execution logs
[2024-07-01T01:25:42.410+0000] {taskinstance.py:2905} ERROR - Task failed with exception
Traceback (most recent call last):
  File "/home/airflow/.local/lib/python3.12/site-packages/airflow/models/taskinstance.py", line 465, in _execute_task
    result = _execute_callable(context=context, **execute_callable_kwargs)
             ^^^^^^^^^^^^^^^^^^^^^^^^^^^^^^^^^^^^^^^^^^^^^^^^^^^^^^^^^^^^^
  File "/home/airflow/.local/lib/python3.12/site-packages/airflow/models/taskinstance.py", line 432, in _execute_callable
    return execute_callable(context=context, **execute_callable_kwargs)
           ^^^^^^^^^^^^^^^^^^^^^^^^^^^^^^^^^^^^^^^^^^^^^^^^^^^^^^^^^^^^
  File "/home/airflow/.local/lib/python3.12/site-packages/airflow/models/baseoperator.py", line 401, in wrapper
    return func(self, *args, **kwargs)
           ^^^^^^^^^^^^^^^^^^^^^^^^^^^
  File "/home/airflow/.local/lib/python3.12/site-packages/airflow/operators/bash.py", line 243, in execute
    raise AirflowException(
airflow.exceptions.AirflowException: Bash command failed. The command returned a non-zero exit code 127.
[2024-07-01T01:25:42.422+0000] {taskinstance.py:1206} INFO - Marking task as UP_FOR_RETRY. dag_id=dag_northwind, task_id=extract_postgres, run_id=scheduled__2024-03-29T00:00:00+00:00, execution_date=20240329T000000, start_date=20240701T012541, end_date=20240701T012542
[2024-07-01T01:25:42.672+0000] {standard_task_runner.py:110} ERROR - Failed to execute job 665 for task extract_postgres (Bash command failed. The command returned a non-zero exit code 127.; 953)
[2024-07-01T01:25:42.730+0000] {local_task_job_runner.py:240} INFO - Task exited with return code 1
[2024-07-01T01:25:42.796+0000] {taskinstance.py:3503} INFO - 0 downstream tasks scheduled from follow-on schedule check
[2024-07-01T01:25:42.807+0000] {local_task_job_runner.py:222} INFO - ::endgroup::
[2024-07-01T10:26:44.870+0000] {local_task_job_runner.py:120} INFO - ::group::Pre task execution logs
[2024-07-01T10:26:44.961+0000] {taskinstance.py:2076} INFO - Dependencies all met for dep_context=non-requeueable deps ti=<TaskInstance: dag_northwind.extract_postgres scheduled__2024-03-29T00:00:00+00:00 [queued]>
[2024-07-01T10:26:44.975+0000] {taskinstance.py:2076} INFO - Dependencies all met for dep_context=requeueable deps ti=<TaskInstance: dag_northwind.extract_postgres scheduled__2024-03-29T00:00:00+00:00 [queued]>
[2024-07-01T10:26:44.976+0000] {taskinstance.py:2306} INFO - Starting attempt 1 of 2
[2024-07-01T10:26:45.091+0000] {taskinstance.py:2330} INFO - Executing <Task(BashOperator): extract_postgres> on 2024-03-29 00:00:00+00:00
[2024-07-01T10:26:45.103+0000] {logging_mixin.py:188} WARNING - /home/airflow/.local/lib/python3.12/site-packages/airflow/task/task_runner/standard_task_runner.py:61 DeprecationWarning: This process (pid=6529) is multi-threaded, use of fork() may lead to deadlocks in the child.
[2024-07-01T10:26:45.107+0000] {standard_task_runner.py:63} INFO - Started process 6542 to run task
[2024-07-01T10:26:45.102+0000] {standard_task_runner.py:90} INFO - Running: ['airflow', 'tasks', 'run', 'dag_northwind', 'extract_postgres', 'scheduled__2024-03-29T00:00:00+00:00', '--job-id', '1212', '--raw', '--subdir', 'DAGS_FOLDER/dag_northwind.py', '--cfg-path', '/tmp/tmpsw0x840i']
[2024-07-01T10:26:45.108+0000] {standard_task_runner.py:91} INFO - Job 1212: Subtask extract_postgres
[2024-07-01T10:26:45.212+0000] {task_command.py:426} INFO - Running <TaskInstance: dag_northwind.extract_postgres scheduled__2024-03-29T00:00:00+00:00 [running]> on host 85c6ea7cd9cf
[2024-07-01T10:26:45.347+0000] {taskinstance.py:2648} INFO - Exporting env vars: AIRFLOW_CTX_DAG_OWNER='airflow' AIRFLOW_CTX_DAG_ID='dag_northwind' AIRFLOW_CTX_TASK_ID='extract_postgres' AIRFLOW_CTX_EXECUTION_DATE='2024-03-29T00:00:00+00:00' AIRFLOW_CTX_TRY_NUMBER='1' AIRFLOW_CTX_DAG_RUN_ID='scheduled__2024-03-29T00:00:00+00:00'
[2024-07-01T10:26:45.348+0000] {taskinstance.py:430} INFO - ::endgroup::
[2024-07-01T10:26:45.376+0000] {subprocess.py:63} INFO - Tmp dir root location: /tmp
[2024-07-01T10:26:45.377+0000] {subprocess.py:75} INFO - Running command: ['/usr/bin/bash', '-c', 'meltano elt tap-postgres target-csv --job_id=extract_postgres_2024-03-29 && mkdir -p /data/postgres/2024-03-29 && mv /project/output/tap-postgres/*.csv /data/postgres/2024-03-29/']
[2024-07-01T10:26:45.398+0000] {subprocess.py:86} INFO - Output:
[2024-07-01T10:26:45.402+0000] {subprocess.py:93} INFO - /usr/bin/bash: line 1: meltano: command not found
[2024-07-01T10:26:45.403+0000] {subprocess.py:97} INFO - Command exited with return code 127
[2024-07-01T10:26:45.405+0000] {taskinstance.py:441} INFO - ::group::Post task execution logs
[2024-07-01T10:26:45.426+0000] {taskinstance.py:2905} ERROR - Task failed with exception
Traceback (most recent call last):
  File "/home/airflow/.local/lib/python3.12/site-packages/airflow/models/taskinstance.py", line 465, in _execute_task
    result = _execute_callable(context=context, **execute_callable_kwargs)
             ^^^^^^^^^^^^^^^^^^^^^^^^^^^^^^^^^^^^^^^^^^^^^^^^^^^^^^^^^^^^^
  File "/home/airflow/.local/lib/python3.12/site-packages/airflow/models/taskinstance.py", line 432, in _execute_callable
    return execute_callable(context=context, **execute_callable_kwargs)
           ^^^^^^^^^^^^^^^^^^^^^^^^^^^^^^^^^^^^^^^^^^^^^^^^^^^^^^^^^^^^
  File "/home/airflow/.local/lib/python3.12/site-packages/airflow/models/baseoperator.py", line 401, in wrapper
    return func(self, *args, **kwargs)
           ^^^^^^^^^^^^^^^^^^^^^^^^^^^
  File "/home/airflow/.local/lib/python3.12/site-packages/airflow/operators/bash.py", line 243, in execute
    raise AirflowException(
airflow.exceptions.AirflowException: Bash command failed. The command returned a non-zero exit code 127.
[2024-07-01T10:26:45.436+0000] {taskinstance.py:1206} INFO - Marking task as UP_FOR_RETRY. dag_id=dag_northwind, task_id=extract_postgres, run_id=scheduled__2024-03-29T00:00:00+00:00, execution_date=20240329T000000, start_date=20240701T102644, end_date=20240701T102645
[2024-07-01T10:26:45.463+0000] {standard_task_runner.py:110} ERROR - Failed to execute job 1212 for task extract_postgres (Bash command failed. The command returned a non-zero exit code 127.; 6542)
[2024-07-01T10:26:45.484+0000] {local_task_job_runner.py:240} INFO - Task exited with return code 1
[2024-07-01T10:26:45.503+0000] {local_task_job_runner.py:222} INFO - ::endgroup::
