[2024-07-01T01:14:45.587+0000] {local_task_job_runner.py:120} INFO - ::group::Pre task execution logs
[2024-07-01T01:14:45.951+0000] {taskinstance.py:2076} INFO - Dependencies all met for dep_context=non-requeueable deps ti=<TaskInstance: dag_northwind.extract_csv scheduled__2024-02-16T00:00:00+00:00 [queued]>
[2024-07-01T01:14:46.018+0000] {taskinstance.py:2076} INFO - Dependencies all met for dep_context=requeueable deps ti=<TaskInstance: dag_northwind.extract_csv scheduled__2024-02-16T00:00:00+00:00 [queued]>
[2024-07-01T01:14:46.030+0000] {taskinstance.py:2306} INFO - Starting attempt 2 of 2
[2024-07-01T01:14:46.179+0000] {taskinstance.py:2330} INFO - Executing <Task(BashOperator): extract_csv> on 2024-02-16 00:00:00+00:00
[2024-07-01T01:14:46.232+0000] {standard_task_runner.py:90} INFO - Running: ['airflow', 'tasks', 'run', 'dag_northwind', 'extract_csv', 'scheduled__2024-02-16T00:00:00+00:00', '--job-id', '515', '--raw', '--subdir', 'DAGS_FOLDER/dag_northwind.py', '--cfg-path', '/tmp/tmp0ie3kqsu']
[2024-07-01T01:14:46.252+0000] {standard_task_runner.py:91} INFO - Job 515: Subtask extract_csv
[2024-07-01T01:14:46.420+0000] {logging_mixin.py:188} WARNING - /home/airflow/.local/lib/python3.12/site-packages/airflow/task/task_runner/standard_task_runner.py:61 DeprecationWarning: This process (pid=215) is multi-threaded, use of fork() may lead to deadlocks in the child.
[2024-07-01T01:14:46.441+0000] {standard_task_runner.py:63} INFO - Started process 237 to run task
[2024-07-01T01:14:46.609+0000] {task_command.py:426} INFO - Running <TaskInstance: dag_northwind.extract_csv scheduled__2024-02-16T00:00:00+00:00 [running]> on host 05d913303710
[2024-07-01T01:14:47.277+0000] {taskinstance.py:2648} INFO - Exporting env vars: AIRFLOW_CTX_DAG_OWNER='airflow' AIRFLOW_CTX_DAG_ID='dag_northwind' AIRFLOW_CTX_TASK_ID='extract_csv' AIRFLOW_CTX_EXECUTION_DATE='2024-02-16T00:00:00+00:00' AIRFLOW_CTX_TRY_NUMBER='2' AIRFLOW_CTX_DAG_RUN_ID='scheduled__2024-02-16T00:00:00+00:00'
[2024-07-01T01:14:47.280+0000] {taskinstance.py:430} INFO - ::endgroup::
[2024-07-01T01:14:47.855+0000] {subprocess.py:63} INFO - Tmp dir root location: /tmp
[2024-07-01T01:14:47.880+0000] {subprocess.py:75} INFO - Running command: ['/usr/bin/bash', '-c', 'meltano elt tap-csv target-csv --job_id=extract_csv_2024-02-16 && mkdir -p /data/csv/2024-02-16 && mv /project/output/tap-csv/*.csv /data/csv/2024-02-16/']
[2024-07-01T01:14:48.025+0000] {subprocess.py:86} INFO - Output:
[2024-07-01T01:14:48.517+0000] {subprocess.py:93} INFO - /usr/bin/bash: line 1: meltano: command not found
[2024-07-01T01:14:49.697+0000] {subprocess.py:97} INFO - Command exited with return code 127
[2024-07-01T01:14:50.305+0000] {taskinstance.py:441} INFO - ::group::Post task execution logs
[2024-07-01T01:14:50.618+0000] {taskinstance.py:2905} ERROR - Task failed with exception
Traceback (most recent call last):
  File "/home/airflow/.local/lib/python3.12/site-packages/airflow/models/taskinstance.py", line 465, in _execute_task
    result = _execute_callable(context=context, **execute_callable_kwargs)
             ^^^^^^^^^^^^^^^^^^^^^^^^^^^^^^^^^^^^^^^^^^^^^^^^^^^^^^^^^^^^^
  File "/home/airflow/.local/lib/python3.12/site-packages/airflow/models/taskinstance.py", line 432, in _execute_callable
    return execute_callable(context=context, **execute_callable_kwargs)
           ^^^^^^^^^^^^^^^^^^^^^^^^^^^^^^^^^^^^^^^^^^^^^^^^^^^^^^^^^^^^
  File "/home/airflow/.local/lib/python3.12/site-packages/airflow/models/baseoperator.py", line 401, in wrapper
    return func(self, *args, **kwargs)
           ^^^^^^^^^^^^^^^^^^^^^^^^^^^
  File "/home/airflow/.local/lib/python3.12/site-packages/airflow/operators/bash.py", line 243, in execute
    raise AirflowException(
airflow.exceptions.AirflowException: Bash command failed. The command returned a non-zero exit code 127.
[2024-07-01T01:14:52.358+0000] {taskinstance.py:1206} INFO - Marking task as FAILED. dag_id=dag_northwind, task_id=extract_csv, run_id=scheduled__2024-02-16T00:00:00+00:00, execution_date=20240216T000000, start_date=20240701T011445, end_date=20240701T011452
[2024-07-01T01:14:53.274+0000] {standard_task_runner.py:110} ERROR - Failed to execute job 515 for task extract_csv (Bash command failed. The command returned a non-zero exit code 127.; 237)
[2024-07-01T01:14:54.320+0000] {local_task_job_runner.py:240} INFO - Task exited with return code 1
[2024-07-01T01:14:54.456+0000] {local_task_job_runner.py:222} INFO - ::endgroup::
[2024-07-01T10:16:24.009+0000] {local_task_job_runner.py:120} INFO - ::group::Pre task execution logs
[2024-07-01T10:16:24.086+0000] {taskinstance.py:2076} INFO - Dependencies all met for dep_context=non-requeueable deps ti=<TaskInstance: dag_northwind.extract_csv scheduled__2024-02-16T00:00:00+00:00 [queued]>
[2024-07-01T10:16:24.104+0000] {taskinstance.py:2076} INFO - Dependencies all met for dep_context=requeueable deps ti=<TaskInstance: dag_northwind.extract_csv scheduled__2024-02-16T00:00:00+00:00 [queued]>
[2024-07-01T10:16:24.105+0000] {taskinstance.py:2306} INFO - Starting attempt 2 of 2
[2024-07-01T10:16:24.136+0000] {taskinstance.py:2330} INFO - Executing <Task(BashOperator): extract_csv> on 2024-02-16 00:00:00+00:00
[2024-07-01T10:16:24.150+0000] {logging_mixin.py:188} WARNING - /home/airflow/.local/lib/python3.12/site-packages/airflow/task/task_runner/standard_task_runner.py:61 DeprecationWarning: This process (pid=5825) is multi-threaded, use of fork() may lead to deadlocks in the child.
[2024-07-01T10:16:24.152+0000] {standard_task_runner.py:63} INFO - Started process 5850 to run task
[2024-07-01T10:16:24.149+0000] {standard_task_runner.py:90} INFO - Running: ['airflow', 'tasks', 'run', 'dag_northwind', 'extract_csv', 'scheduled__2024-02-16T00:00:00+00:00', '--job-id', '1066', '--raw', '--subdir', 'DAGS_FOLDER/dag_northwind.py', '--cfg-path', '/tmp/tmpgwr2bp2_']
[2024-07-01T10:16:24.153+0000] {standard_task_runner.py:91} INFO - Job 1066: Subtask extract_csv
[2024-07-01T10:16:24.230+0000] {task_command.py:426} INFO - Running <TaskInstance: dag_northwind.extract_csv scheduled__2024-02-16T00:00:00+00:00 [running]> on host 85c6ea7cd9cf
[2024-07-01T10:16:24.364+0000] {taskinstance.py:2648} INFO - Exporting env vars: AIRFLOW_CTX_DAG_OWNER='airflow' AIRFLOW_CTX_DAG_ID='dag_northwind' AIRFLOW_CTX_TASK_ID='extract_csv' AIRFLOW_CTX_EXECUTION_DATE='2024-02-16T00:00:00+00:00' AIRFLOW_CTX_TRY_NUMBER='2' AIRFLOW_CTX_DAG_RUN_ID='scheduled__2024-02-16T00:00:00+00:00'
[2024-07-01T10:16:24.365+0000] {taskinstance.py:430} INFO - ::endgroup::
[2024-07-01T10:16:24.387+0000] {subprocess.py:63} INFO - Tmp dir root location: /tmp
[2024-07-01T10:16:24.388+0000] {subprocess.py:75} INFO - Running command: ['/usr/bin/bash', '-c', 'meltano elt tap-csv target-csv --job_id=extract_csv_2024-02-16 && mkdir -p /data/csv/2024-02-16 && mv /project/output/tap-csv/*.csv /data/csv/2024-02-16/']
[2024-07-01T10:16:24.399+0000] {subprocess.py:86} INFO - Output:
[2024-07-01T10:16:24.401+0000] {subprocess.py:93} INFO - /usr/bin/bash: line 1: meltano: command not found
[2024-07-01T10:16:24.402+0000] {subprocess.py:97} INFO - Command exited with return code 127
[2024-07-01T10:16:24.403+0000] {taskinstance.py:441} INFO - ::group::Post task execution logs
[2024-07-01T10:16:24.417+0000] {taskinstance.py:2905} ERROR - Task failed with exception
Traceback (most recent call last):
  File "/home/airflow/.local/lib/python3.12/site-packages/airflow/models/taskinstance.py", line 465, in _execute_task
    result = _execute_callable(context=context, **execute_callable_kwargs)
             ^^^^^^^^^^^^^^^^^^^^^^^^^^^^^^^^^^^^^^^^^^^^^^^^^^^^^^^^^^^^^
  File "/home/airflow/.local/lib/python3.12/site-packages/airflow/models/taskinstance.py", line 432, in _execute_callable
    return execute_callable(context=context, **execute_callable_kwargs)
           ^^^^^^^^^^^^^^^^^^^^^^^^^^^^^^^^^^^^^^^^^^^^^^^^^^^^^^^^^^^^
  File "/home/airflow/.local/lib/python3.12/site-packages/airflow/models/baseoperator.py", line 401, in wrapper
    return func(self, *args, **kwargs)
           ^^^^^^^^^^^^^^^^^^^^^^^^^^^
  File "/home/airflow/.local/lib/python3.12/site-packages/airflow/operators/bash.py", line 243, in execute
    raise AirflowException(
airflow.exceptions.AirflowException: Bash command failed. The command returned a non-zero exit code 127.
[2024-07-01T10:16:24.424+0000] {taskinstance.py:1206} INFO - Marking task as FAILED. dag_id=dag_northwind, task_id=extract_csv, run_id=scheduled__2024-02-16T00:00:00+00:00, execution_date=20240216T000000, start_date=20240701T101624, end_date=20240701T101624
[2024-07-01T10:16:24.440+0000] {standard_task_runner.py:110} ERROR - Failed to execute job 1066 for task extract_csv (Bash command failed. The command returned a non-zero exit code 127.; 5850)
[2024-07-01T10:16:24.487+0000] {local_task_job_runner.py:240} INFO - Task exited with return code 1
[2024-07-01T10:16:24.499+0000] {local_task_job_runner.py:222} INFO - ::endgroup::
