[2024-07-01T01:40:59.058+0000] {local_task_job_runner.py:120} INFO - ::group::Pre task execution logs
[2024-07-01T01:40:59.159+0000] {taskinstance.py:2076} INFO - Dependencies all met for dep_context=non-requeueable deps ti=<TaskInstance: dag_northwind.extract_postgres scheduled__2024-04-26T00:00:00+00:00 [queued]>
[2024-07-01T01:40:59.207+0000] {taskinstance.py:2076} INFO - Dependencies all met for dep_context=requeueable deps ti=<TaskInstance: dag_northwind.extract_postgres scheduled__2024-04-26T00:00:00+00:00 [queued]>
[2024-07-01T01:40:59.211+0000] {taskinstance.py:2306} INFO - Starting attempt 2 of 2
[2024-07-01T01:40:59.384+0000] {taskinstance.py:2330} INFO - Executing <Task(BashOperator): extract_postgres> on 2024-04-26 00:00:00+00:00
[2024-07-01T01:40:59.458+0000] {logging_mixin.py:188} WARNING - /home/airflow/.local/lib/python3.12/site-packages/airflow/task/task_runner/standard_task_runner.py:61 DeprecationWarning: This process (pid=1708) is multi-threaded, use of fork() may lead to deadlocks in the child.
[2024-07-01T01:40:59.455+0000] {standard_task_runner.py:90} INFO - Running: ['airflow', 'tasks', 'run', 'dag_northwind', 'extract_postgres', 'scheduled__2024-04-26T00:00:00+00:00', '--job-id', '821', '--raw', '--subdir', 'DAGS_FOLDER/dag_northwind.py', '--cfg-path', '/tmp/tmphgtywotp']
[2024-07-01T01:40:59.461+0000] {standard_task_runner.py:91} INFO - Job 821: Subtask extract_postgres
[2024-07-01T01:40:59.462+0000] {standard_task_runner.py:63} INFO - Started process 1719 to run task
[2024-07-01T01:40:59.649+0000] {task_command.py:426} INFO - Running <TaskInstance: dag_northwind.extract_postgres scheduled__2024-04-26T00:00:00+00:00 [running]> on host 05d913303710
[2024-07-01T01:41:00.017+0000] {taskinstance.py:2648} INFO - Exporting env vars: AIRFLOW_CTX_DAG_OWNER='airflow' AIRFLOW_CTX_DAG_ID='dag_northwind' AIRFLOW_CTX_TASK_ID='extract_postgres' AIRFLOW_CTX_EXECUTION_DATE='2024-04-26T00:00:00+00:00' AIRFLOW_CTX_TRY_NUMBER='2' AIRFLOW_CTX_DAG_RUN_ID='scheduled__2024-04-26T00:00:00+00:00'
[2024-07-01T01:41:00.018+0000] {taskinstance.py:430} INFO - ::endgroup::
[2024-07-01T01:41:00.083+0000] {subprocess.py:63} INFO - Tmp dir root location: /tmp
[2024-07-01T01:41:00.089+0000] {subprocess.py:75} INFO - Running command: ['/usr/bin/bash', '-c', 'meltano elt tap-postgres target-csv --job_id=extract_postgres_2024-04-26 && mkdir -p /data/postgres/2024-04-26 && mv /project/output/tap-postgres/*.csv /data/postgres/2024-04-26/']
[2024-07-01T01:41:00.119+0000] {subprocess.py:86} INFO - Output:
[2024-07-01T01:41:00.136+0000] {subprocess.py:93} INFO - /usr/bin/bash: line 1: meltano: command not found
[2024-07-01T01:41:00.138+0000] {subprocess.py:97} INFO - Command exited with return code 127
[2024-07-01T01:41:00.140+0000] {taskinstance.py:441} INFO - ::group::Post task execution logs
[2024-07-01T01:41:00.163+0000] {taskinstance.py:2905} ERROR - Task failed with exception
Traceback (most recent call last):
  File "/home/airflow/.local/lib/python3.12/site-packages/airflow/models/taskinstance.py", line 465, in _execute_task
    result = _execute_callable(context=context, **execute_callable_kwargs)
             ^^^^^^^^^^^^^^^^^^^^^^^^^^^^^^^^^^^^^^^^^^^^^^^^^^^^^^^^^^^^^
  File "/home/airflow/.local/lib/python3.12/site-packages/airflow/models/taskinstance.py", line 432, in _execute_callable
    return execute_callable(context=context, **execute_callable_kwargs)
           ^^^^^^^^^^^^^^^^^^^^^^^^^^^^^^^^^^^^^^^^^^^^^^^^^^^^^^^^^^^^
  File "/home/airflow/.local/lib/python3.12/site-packages/airflow/models/baseoperator.py", line 401, in wrapper
    return func(self, *args, **kwargs)
           ^^^^^^^^^^^^^^^^^^^^^^^^^^^
  File "/home/airflow/.local/lib/python3.12/site-packages/airflow/operators/bash.py", line 243, in execute
    raise AirflowException(
airflow.exceptions.AirflowException: Bash command failed. The command returned a non-zero exit code 127.
[2024-07-01T01:41:00.174+0000] {taskinstance.py:1206} INFO - Marking task as FAILED. dag_id=dag_northwind, task_id=extract_postgres, run_id=scheduled__2024-04-26T00:00:00+00:00, execution_date=20240426T000000, start_date=20240701T014059, end_date=20240701T014100
[2024-07-01T01:41:00.209+0000] {standard_task_runner.py:110} ERROR - Failed to execute job 821 for task extract_postgres (Bash command failed. The command returned a non-zero exit code 127.; 1719)
[2024-07-01T01:41:00.247+0000] {local_task_job_runner.py:240} INFO - Task exited with return code 1
[2024-07-01T01:41:00.317+0000] {taskinstance.py:3503} INFO - 0 downstream tasks scheduled from follow-on schedule check
[2024-07-01T01:41:00.330+0000] {local_task_job_runner.py:222} INFO - ::endgroup::
[2024-07-01T10:42:10.024+0000] {local_task_job_runner.py:120} INFO - ::group::Pre task execution logs
[2024-07-01T10:42:10.122+0000] {taskinstance.py:2076} INFO - Dependencies all met for dep_context=non-requeueable deps ti=<TaskInstance: dag_northwind.extract_postgres scheduled__2024-04-26T00:00:00+00:00 [queued]>
[2024-07-01T10:42:10.142+0000] {taskinstance.py:2076} INFO - Dependencies all met for dep_context=requeueable deps ti=<TaskInstance: dag_northwind.extract_postgres scheduled__2024-04-26T00:00:00+00:00 [queued]>
[2024-07-01T10:42:10.144+0000] {taskinstance.py:2306} INFO - Starting attempt 2 of 2
[2024-07-01T10:42:10.396+0000] {taskinstance.py:2330} INFO - Executing <Task(BashOperator): extract_postgres> on 2024-04-26 00:00:00+00:00
[2024-07-01T10:42:10.408+0000] {logging_mixin.py:188} WARNING - /home/airflow/.local/lib/python3.12/site-packages/airflow/task/task_runner/standard_task_runner.py:61 DeprecationWarning: This process (pid=7281) is multi-threaded, use of fork() may lead to deadlocks in the child.
[2024-07-01T10:42:10.410+0000] {standard_task_runner.py:63} INFO - Started process 7304 to run task
[2024-07-01T10:42:10.408+0000] {standard_task_runner.py:90} INFO - Running: ['airflow', 'tasks', 'run', 'dag_northwind', 'extract_postgres', 'scheduled__2024-04-26T00:00:00+00:00', '--job-id', '1363', '--raw', '--subdir', 'DAGS_FOLDER/dag_northwind.py', '--cfg-path', '/tmp/tmpkyo5mpxf']
[2024-07-01T10:42:10.412+0000] {standard_task_runner.py:91} INFO - Job 1363: Subtask extract_postgres
[2024-07-01T10:42:10.556+0000] {task_command.py:426} INFO - Running <TaskInstance: dag_northwind.extract_postgres scheduled__2024-04-26T00:00:00+00:00 [running]> on host 85c6ea7cd9cf
[2024-07-01T10:42:10.759+0000] {taskinstance.py:2648} INFO - Exporting env vars: AIRFLOW_CTX_DAG_OWNER='airflow' AIRFLOW_CTX_DAG_ID='dag_northwind' AIRFLOW_CTX_TASK_ID='extract_postgres' AIRFLOW_CTX_EXECUTION_DATE='2024-04-26T00:00:00+00:00' AIRFLOW_CTX_TRY_NUMBER='2' AIRFLOW_CTX_DAG_RUN_ID='scheduled__2024-04-26T00:00:00+00:00'
[2024-07-01T10:42:10.764+0000] {taskinstance.py:430} INFO - ::endgroup::
[2024-07-01T10:42:10.801+0000] {subprocess.py:63} INFO - Tmp dir root location: /tmp
[2024-07-01T10:42:10.802+0000] {subprocess.py:75} INFO - Running command: ['/usr/bin/bash', '-c', 'meltano elt tap-postgres target-csv --job_id=extract_postgres_2024-04-26 && mkdir -p /data/postgres/2024-04-26 && mv /project/output/tap-postgres/*.csv /data/postgres/2024-04-26/']
[2024-07-01T10:42:10.824+0000] {subprocess.py:86} INFO - Output:
[2024-07-01T10:42:10.828+0000] {subprocess.py:93} INFO - /usr/bin/bash: line 1: meltano: command not found
[2024-07-01T10:42:10.830+0000] {subprocess.py:97} INFO - Command exited with return code 127
[2024-07-01T10:42:10.831+0000] {taskinstance.py:441} INFO - ::group::Post task execution logs
[2024-07-01T10:42:10.858+0000] {taskinstance.py:2905} ERROR - Task failed with exception
Traceback (most recent call last):
  File "/home/airflow/.local/lib/python3.12/site-packages/airflow/models/taskinstance.py", line 465, in _execute_task
    result = _execute_callable(context=context, **execute_callable_kwargs)
             ^^^^^^^^^^^^^^^^^^^^^^^^^^^^^^^^^^^^^^^^^^^^^^^^^^^^^^^^^^^^^
  File "/home/airflow/.local/lib/python3.12/site-packages/airflow/models/taskinstance.py", line 432, in _execute_callable
    return execute_callable(context=context, **execute_callable_kwargs)
           ^^^^^^^^^^^^^^^^^^^^^^^^^^^^^^^^^^^^^^^^^^^^^^^^^^^^^^^^^^^^
  File "/home/airflow/.local/lib/python3.12/site-packages/airflow/models/baseoperator.py", line 401, in wrapper
    return func(self, *args, **kwargs)
           ^^^^^^^^^^^^^^^^^^^^^^^^^^^
  File "/home/airflow/.local/lib/python3.12/site-packages/airflow/operators/bash.py", line 243, in execute
    raise AirflowException(
airflow.exceptions.AirflowException: Bash command failed. The command returned a non-zero exit code 127.
[2024-07-01T10:42:10.869+0000] {taskinstance.py:1206} INFO - Marking task as FAILED. dag_id=dag_northwind, task_id=extract_postgres, run_id=scheduled__2024-04-26T00:00:00+00:00, execution_date=20240426T000000, start_date=20240701T104210, end_date=20240701T104210
[2024-07-01T10:42:11.055+0000] {standard_task_runner.py:110} ERROR - Failed to execute job 1363 for task extract_postgres (Bash command failed. The command returned a non-zero exit code 127.; 7304)
[2024-07-01T10:42:11.076+0000] {local_task_job_runner.py:240} INFO - Task exited with return code 1
[2024-07-01T10:42:11.094+0000] {local_task_job_runner.py:222} INFO - ::endgroup::
