[2024-07-01T01:30:48.660+0000] {local_task_job_runner.py:120} INFO - ::group::Pre task execution logs
[2024-07-01T01:30:48.751+0000] {taskinstance.py:2076} INFO - Dependencies all met for dep_context=non-requeueable deps ti=<TaskInstance: dag_northwind.extract_csv scheduled__2024-04-07T00:00:00+00:00 [queued]>
[2024-07-01T01:30:48.772+0000] {taskinstance.py:2076} INFO - Dependencies all met for dep_context=requeueable deps ti=<TaskInstance: dag_northwind.extract_csv scheduled__2024-04-07T00:00:00+00:00 [queued]>
[2024-07-01T01:30:48.773+0000] {taskinstance.py:2306} INFO - Starting attempt 1 of 2
[2024-07-01T01:30:48.838+0000] {taskinstance.py:2330} INFO - Executing <Task(BashOperator): extract_csv> on 2024-04-07 00:00:00+00:00
[2024-07-01T01:30:48.859+0000] {logging_mixin.py:188} WARNING - /home/airflow/.local/lib/python3.12/site-packages/airflow/task/task_runner/standard_task_runner.py:61 DeprecationWarning: This process (pid=1202) is multi-threaded, use of fork() may lead to deadlocks in the child.
[2024-07-01T01:30:48.856+0000] {standard_task_runner.py:90} INFO - Running: ['airflow', 'tasks', 'run', 'dag_northwind', 'extract_csv', 'scheduled__2024-04-07T00:00:00+00:00', '--job-id', '716', '--raw', '--subdir', 'DAGS_FOLDER/dag_northwind.py', '--cfg-path', '/tmp/tmpymbiojyv']
[2024-07-01T01:30:48.862+0000] {standard_task_runner.py:63} INFO - Started process 1211 to run task
[2024-07-01T01:30:48.862+0000] {standard_task_runner.py:91} INFO - Job 716: Subtask extract_csv
[2024-07-01T01:30:48.981+0000] {task_command.py:426} INFO - Running <TaskInstance: dag_northwind.extract_csv scheduled__2024-04-07T00:00:00+00:00 [running]> on host 05d913303710
[2024-07-01T01:30:49.216+0000] {taskinstance.py:2648} INFO - Exporting env vars: AIRFLOW_CTX_DAG_OWNER='airflow' AIRFLOW_CTX_DAG_ID='dag_northwind' AIRFLOW_CTX_TASK_ID='extract_csv' AIRFLOW_CTX_EXECUTION_DATE='2024-04-07T00:00:00+00:00' AIRFLOW_CTX_TRY_NUMBER='1' AIRFLOW_CTX_DAG_RUN_ID='scheduled__2024-04-07T00:00:00+00:00'
[2024-07-01T01:30:49.218+0000] {taskinstance.py:430} INFO - ::endgroup::
[2024-07-01T01:30:49.261+0000] {subprocess.py:63} INFO - Tmp dir root location: /tmp
[2024-07-01T01:30:49.263+0000] {subprocess.py:75} INFO - Running command: ['/usr/bin/bash', '-c', 'meltano elt tap-csv target-csv --job_id=extract_csv_2024-04-07 && mkdir -p /data/csv/2024-04-07 && mv /project/output/tap-csv/*.csv /data/csv/2024-04-07/']
[2024-07-01T01:30:49.283+0000] {subprocess.py:86} INFO - Output:
[2024-07-01T01:30:49.287+0000] {subprocess.py:93} INFO - /usr/bin/bash: line 1: meltano: command not found
[2024-07-01T01:30:49.289+0000] {subprocess.py:97} INFO - Command exited with return code 127
[2024-07-01T01:30:49.290+0000] {taskinstance.py:441} INFO - ::group::Post task execution logs
[2024-07-01T01:30:49.323+0000] {taskinstance.py:2905} ERROR - Task failed with exception
Traceback (most recent call last):
  File "/home/airflow/.local/lib/python3.12/site-packages/airflow/models/taskinstance.py", line 465, in _execute_task
    result = _execute_callable(context=context, **execute_callable_kwargs)
             ^^^^^^^^^^^^^^^^^^^^^^^^^^^^^^^^^^^^^^^^^^^^^^^^^^^^^^^^^^^^^
  File "/home/airflow/.local/lib/python3.12/site-packages/airflow/models/taskinstance.py", line 432, in _execute_callable
    return execute_callable(context=context, **execute_callable_kwargs)
           ^^^^^^^^^^^^^^^^^^^^^^^^^^^^^^^^^^^^^^^^^^^^^^^^^^^^^^^^^^^^
  File "/home/airflow/.local/lib/python3.12/site-packages/airflow/models/baseoperator.py", line 401, in wrapper
    return func(self, *args, **kwargs)
           ^^^^^^^^^^^^^^^^^^^^^^^^^^^
  File "/home/airflow/.local/lib/python3.12/site-packages/airflow/operators/bash.py", line 243, in execute
    raise AirflowException(
airflow.exceptions.AirflowException: Bash command failed. The command returned a non-zero exit code 127.
[2024-07-01T01:30:49.332+0000] {taskinstance.py:1206} INFO - Marking task as UP_FOR_RETRY. dag_id=dag_northwind, task_id=extract_csv, run_id=scheduled__2024-04-07T00:00:00+00:00, execution_date=20240407T000000, start_date=20240701T013048, end_date=20240701T013049
[2024-07-01T01:30:49.379+0000] {standard_task_runner.py:110} ERROR - Failed to execute job 716 for task extract_csv (Bash command failed. The command returned a non-zero exit code 127.; 1211)
[2024-07-01T01:30:49.403+0000] {local_task_job_runner.py:240} INFO - Task exited with return code 1
[2024-07-01T01:30:49.488+0000] {taskinstance.py:3503} INFO - 0 downstream tasks scheduled from follow-on schedule check
[2024-07-01T01:30:49.500+0000] {local_task_job_runner.py:222} INFO - ::endgroup::
[2024-07-01T10:31:58.822+0000] {local_task_job_runner.py:120} INFO - ::group::Pre task execution logs
[2024-07-01T10:31:58.906+0000] {taskinstance.py:2076} INFO - Dependencies all met for dep_context=non-requeueable deps ti=<TaskInstance: dag_northwind.extract_csv scheduled__2024-04-07T00:00:00+00:00 [queued]>
[2024-07-01T10:31:58.924+0000] {taskinstance.py:2076} INFO - Dependencies all met for dep_context=requeueable deps ti=<TaskInstance: dag_northwind.extract_csv scheduled__2024-04-07T00:00:00+00:00 [queued]>
[2024-07-01T10:31:58.925+0000] {taskinstance.py:2306} INFO - Starting attempt 1 of 2
[2024-07-01T10:31:58.981+0000] {taskinstance.py:2330} INFO - Executing <Task(BashOperator): extract_csv> on 2024-04-07 00:00:00+00:00
[2024-07-01T10:31:58.994+0000] {logging_mixin.py:188} WARNING - /home/airflow/.local/lib/python3.12/site-packages/airflow/task/task_runner/standard_task_runner.py:61 DeprecationWarning: This process (pid=6786) is multi-threaded, use of fork() may lead to deadlocks in the child.
[2024-07-01T10:31:58.997+0000] {standard_task_runner.py:63} INFO - Started process 6794 to run task
[2024-07-01T10:31:58.994+0000] {standard_task_runner.py:90} INFO - Running: ['airflow', 'tasks', 'run', 'dag_northwind', 'extract_csv', 'scheduled__2024-04-07T00:00:00+00:00', '--job-id', '1261', '--raw', '--subdir', 'DAGS_FOLDER/dag_northwind.py', '--cfg-path', '/tmp/tmps7p8y2r1']
[2024-07-01T10:31:58.998+0000] {standard_task_runner.py:91} INFO - Job 1261: Subtask extract_csv
[2024-07-01T10:31:59.104+0000] {task_command.py:426} INFO - Running <TaskInstance: dag_northwind.extract_csv scheduled__2024-04-07T00:00:00+00:00 [running]> on host 85c6ea7cd9cf
[2024-07-01T10:31:59.303+0000] {taskinstance.py:2648} INFO - Exporting env vars: AIRFLOW_CTX_DAG_OWNER='airflow' AIRFLOW_CTX_DAG_ID='dag_northwind' AIRFLOW_CTX_TASK_ID='extract_csv' AIRFLOW_CTX_EXECUTION_DATE='2024-04-07T00:00:00+00:00' AIRFLOW_CTX_TRY_NUMBER='1' AIRFLOW_CTX_DAG_RUN_ID='scheduled__2024-04-07T00:00:00+00:00'
[2024-07-01T10:31:59.305+0000] {taskinstance.py:430} INFO - ::endgroup::
[2024-07-01T10:31:59.344+0000] {subprocess.py:63} INFO - Tmp dir root location: /tmp
[2024-07-01T10:31:59.349+0000] {subprocess.py:75} INFO - Running command: ['/usr/bin/bash', '-c', 'meltano elt tap-csv target-csv --job_id=extract_csv_2024-04-07 && mkdir -p /data/csv/2024-04-07 && mv /project/output/tap-csv/*.csv /data/csv/2024-04-07/']
[2024-07-01T10:31:59.370+0000] {subprocess.py:86} INFO - Output:
[2024-07-01T10:31:59.375+0000] {subprocess.py:93} INFO - /usr/bin/bash: line 1: meltano: command not found
[2024-07-01T10:31:59.376+0000] {subprocess.py:97} INFO - Command exited with return code 127
[2024-07-01T10:31:59.378+0000] {taskinstance.py:441} INFO - ::group::Post task execution logs
[2024-07-01T10:31:59.400+0000] {taskinstance.py:2905} ERROR - Task failed with exception
Traceback (most recent call last):
  File "/home/airflow/.local/lib/python3.12/site-packages/airflow/models/taskinstance.py", line 465, in _execute_task
    result = _execute_callable(context=context, **execute_callable_kwargs)
             ^^^^^^^^^^^^^^^^^^^^^^^^^^^^^^^^^^^^^^^^^^^^^^^^^^^^^^^^^^^^^
  File "/home/airflow/.local/lib/python3.12/site-packages/airflow/models/taskinstance.py", line 432, in _execute_callable
    return execute_callable(context=context, **execute_callable_kwargs)
           ^^^^^^^^^^^^^^^^^^^^^^^^^^^^^^^^^^^^^^^^^^^^^^^^^^^^^^^^^^^^
  File "/home/airflow/.local/lib/python3.12/site-packages/airflow/models/baseoperator.py", line 401, in wrapper
    return func(self, *args, **kwargs)
           ^^^^^^^^^^^^^^^^^^^^^^^^^^^
  File "/home/airflow/.local/lib/python3.12/site-packages/airflow/operators/bash.py", line 243, in execute
    raise AirflowException(
airflow.exceptions.AirflowException: Bash command failed. The command returned a non-zero exit code 127.
[2024-07-01T10:31:59.411+0000] {taskinstance.py:1206} INFO - Marking task as UP_FOR_RETRY. dag_id=dag_northwind, task_id=extract_csv, run_id=scheduled__2024-04-07T00:00:00+00:00, execution_date=20240407T000000, start_date=20240701T103158, end_date=20240701T103159
[2024-07-01T10:31:59.448+0000] {standard_task_runner.py:110} ERROR - Failed to execute job 1261 for task extract_csv (Bash command failed. The command returned a non-zero exit code 127.; 6794)
[2024-07-01T10:31:59.495+0000] {local_task_job_runner.py:240} INFO - Task exited with return code 1
[2024-07-01T10:31:59.556+0000] {taskinstance.py:3503} INFO - 0 downstream tasks scheduled from follow-on schedule check
[2024-07-01T10:31:59.564+0000] {local_task_job_runner.py:222} INFO - ::endgroup::
