[2024-07-03T19:20:22.116+0000] {local_task_job_runner.py:120} INFO - ::group::Pre task execution logs
[2024-07-03T19:20:22.180+0000] {taskinstance.py:2076} INFO - Dependencies all met for dep_context=non-requeueable deps ti=<TaskInstance: dag_pipeline_northwind.extract_csv scheduled__2024-04-02T00:00:00+00:00 [queued]>
[2024-07-03T19:20:22.199+0000] {taskinstance.py:2076} INFO - Dependencies all met for dep_context=requeueable deps ti=<TaskInstance: dag_pipeline_northwind.extract_csv scheduled__2024-04-02T00:00:00+00:00 [queued]>
[2024-07-03T19:20:22.200+0000] {taskinstance.py:2306} INFO - Starting attempt 1 of 2
[2024-07-03T19:20:22.233+0000] {taskinstance.py:2330} INFO - Executing <Task(PythonOperator): extract_csv> on 2024-04-02 00:00:00+00:00
[2024-07-03T19:20:22.246+0000] {logging_mixin.py:188} WARNING - /home/airflow/.local/lib/python3.12/site-packages/airflow/task/task_runner/standard_task_runner.py:61 DeprecationWarning: This process (pid=825) is multi-threaded, use of fork() may lead to deadlocks in the child.
[2024-07-03T19:20:22.248+0000] {standard_task_runner.py:63} INFO - Started process 834 to run task
[2024-07-03T19:20:22.246+0000] {standard_task_runner.py:90} INFO - Running: ['airflow', 'tasks', 'run', 'dag_pipeline_northwind', 'extract_csv', 'scheduled__2024-04-02T00:00:00+00:00', '--job-id', '3909', '--raw', '--subdir', 'DAGS_FOLDER/northwind_dag_teste.py', '--cfg-path', '/tmp/tmp5n5jdqwr']
[2024-07-03T19:20:22.250+0000] {standard_task_runner.py:91} INFO - Job 3909: Subtask extract_csv
[2024-07-03T19:20:22.335+0000] {task_command.py:426} INFO - Running <TaskInstance: dag_pipeline_northwind.extract_csv scheduled__2024-04-02T00:00:00+00:00 [running]> on host 76916b664cf5
[2024-07-03T19:20:22.475+0000] {taskinstance.py:2648} INFO - Exporting env vars: AIRFLOW_CTX_DAG_OWNER='airflow' AIRFLOW_CTX_DAG_ID='dag_pipeline_northwind' AIRFLOW_CTX_TASK_ID='extract_csv' AIRFLOW_CTX_EXECUTION_DATE='2024-04-02T00:00:00+00:00' AIRFLOW_CTX_TRY_NUMBER='1' AIRFLOW_CTX_DAG_RUN_ID='scheduled__2024-04-02T00:00:00+00:00'
[2024-07-03T19:20:22.476+0000] {taskinstance.py:430} INFO - ::endgroup::
[2024-07-03T19:20:22.510+0000] {logging_mixin.py:188} INFO - Running command: meltano elt tap-csv target-csv --transform=run --job_id=extract_csv_2024-04-02
[2024-07-03T19:20:22.514+0000] {logging_mixin.py:188} INFO - Command failed with error: Command 'meltano elt tap-csv target-csv --transform=run --job_id=extract_csv_2024-04-02' returned non-zero exit status 127.
[2024-07-03T19:20:22.515+0000] {taskinstance.py:441} INFO - ::group::Post task execution logs
[2024-07-03T19:20:22.516+0000] {taskinstance.py:2905} ERROR - Task failed with exception
Traceback (most recent call last):
  File "/home/airflow/.local/lib/python3.12/site-packages/airflow/models/taskinstance.py", line 465, in _execute_task
    result = _execute_callable(context=context, **execute_callable_kwargs)
             ^^^^^^^^^^^^^^^^^^^^^^^^^^^^^^^^^^^^^^^^^^^^^^^^^^^^^^^^^^^^^
  File "/home/airflow/.local/lib/python3.12/site-packages/airflow/models/taskinstance.py", line 432, in _execute_callable
    return execute_callable(context=context, **execute_callable_kwargs)
           ^^^^^^^^^^^^^^^^^^^^^^^^^^^^^^^^^^^^^^^^^^^^^^^^^^^^^^^^^^^^
  File "/home/airflow/.local/lib/python3.12/site-packages/airflow/models/baseoperator.py", line 401, in wrapper
    return func(self, *args, **kwargs)
           ^^^^^^^^^^^^^^^^^^^^^^^^^^^
  File "/home/airflow/.local/lib/python3.12/site-packages/airflow/operators/python.py", line 235, in execute
    return_value = self.execute_callable()
                   ^^^^^^^^^^^^^^^^^^^^^^^
  File "/home/airflow/.local/lib/python3.12/site-packages/airflow/operators/python.py", line 252, in execute_callable
    return self.python_callable(*self.op_args, **self.op_kwargs)
           ^^^^^^^^^^^^^^^^^^^^^^^^^^^^^^^^^^^^^^^^^^^^^^^^^^^^^
  File "/opt/airflow/dags/northwind_dag_teste.py", line 46, in extract_csv
    result = subprocess.run(extract_command, shell=True, check=True, capture_output=True, text=True)
             ^^^^^^^^^^^^^^^^^^^^^^^^^^^^^^^^^^^^^^^^^^^^^^^^^^^^^^^^^^^^^^^^^^^^^^^^^^^^^^^^^^^^^^^
  File "/usr/local/lib/python3.12/subprocess.py", line 571, in run
    raise CalledProcessError(retcode, process.args,
subprocess.CalledProcessError: Command 'meltano elt tap-csv target-csv --transform=run --job_id=extract_csv_2024-04-02' returned non-zero exit status 127.
[2024-07-03T19:20:22.541+0000] {taskinstance.py:1206} INFO - Marking task as UP_FOR_RETRY. dag_id=dag_pipeline_northwind, task_id=extract_csv, run_id=scheduled__2024-04-02T00:00:00+00:00, execution_date=20240402T000000, start_date=20240703T192022, end_date=20240703T192022
[2024-07-03T19:20:22.561+0000] {standard_task_runner.py:110} ERROR - Failed to execute job 3909 for task extract_csv (Command 'meltano elt tap-csv target-csv --transform=run --job_id=extract_csv_2024-04-02' returned non-zero exit status 127.; 834)
[2024-07-03T19:20:22.589+0000] {local_task_job_runner.py:240} INFO - Task exited with return code 1
[2024-07-03T19:20:22.603+0000] {local_task_job_runner.py:222} INFO - ::endgroup::
[2024-07-04T01:24:26.904+0000] {local_task_job_runner.py:120} INFO - ::group::Pre task execution logs
[2024-07-04T01:24:27.007+0000] {taskinstance.py:2076} INFO - Dependencies all met for dep_context=non-requeueable deps ti=<TaskInstance: dag_pipeline_northwind.extract_csv scheduled__2024-04-02T00:00:00+00:00 [queued]>
[2024-07-04T01:24:27.028+0000] {taskinstance.py:2076} INFO - Dependencies all met for dep_context=requeueable deps ti=<TaskInstance: dag_pipeline_northwind.extract_csv scheduled__2024-04-02T00:00:00+00:00 [queued]>
[2024-07-04T01:24:27.029+0000] {taskinstance.py:2306} INFO - Starting attempt 1 of 2
[2024-07-04T01:24:27.304+0000] {taskinstance.py:2330} INFO - Executing <Task(PythonOperator): extract_csv> on 2024-04-02 00:00:00+00:00
[2024-07-04T01:24:27.320+0000] {logging_mixin.py:188} WARNING - /home/airflow/.local/lib/python3.12/site-packages/airflow/task/task_runner/standard_task_runner.py:61 DeprecationWarning: This process (pid=1495) is multi-threaded, use of fork() may lead to deadlocks in the child.
[2024-07-04T01:24:27.319+0000] {standard_task_runner.py:90} INFO - Running: ['airflow', 'tasks', 'run', 'dag_pipeline_northwind', 'extract_csv', 'scheduled__2024-04-02T00:00:00+00:00', '--job-id', '4940', '--raw', '--subdir', 'DAGS_FOLDER/dag_pipeline_northwind.py', '--cfg-path', '/tmp/tmpgkg4ooj0']
[2024-07-04T01:24:27.323+0000] {standard_task_runner.py:91} INFO - Job 4940: Subtask extract_csv
[2024-07-04T01:24:27.323+0000] {standard_task_runner.py:63} INFO - Started process 1505 to run task
[2024-07-04T01:24:27.435+0000] {task_command.py:426} INFO - Running <TaskInstance: dag_pipeline_northwind.extract_csv scheduled__2024-04-02T00:00:00+00:00 [running]> on host 06ddab619e10
[2024-07-04T01:24:27.639+0000] {taskinstance.py:2648} INFO - Exporting env vars: AIRFLOW_CTX_DAG_OWNER='airflow' AIRFLOW_CTX_DAG_ID='dag_pipeline_northwind' AIRFLOW_CTX_TASK_ID='extract_csv' AIRFLOW_CTX_EXECUTION_DATE='2024-04-02T00:00:00+00:00' AIRFLOW_CTX_TRY_NUMBER='1' AIRFLOW_CTX_DAG_RUN_ID='scheduled__2024-04-02T00:00:00+00:00'
[2024-07-04T01:24:27.641+0000] {taskinstance.py:430} INFO - ::endgroup::
[2024-07-04T01:24:27.675+0000] {logging_mixin.py:188} INFO - Running command: meltano elt tap-csv target-csv --transform=run --job_id=extract_csv_2024-04-02
[2024-07-04T01:24:27.679+0000] {logging_mixin.py:188} INFO - Command failed with error: Command 'meltano elt tap-csv target-csv --transform=run --job_id=extract_csv_2024-04-02' returned non-zero exit status 127.
[2024-07-04T01:24:27.680+0000] {taskinstance.py:441} INFO - ::group::Post task execution logs
[2024-07-04T01:24:27.681+0000] {taskinstance.py:2905} ERROR - Task failed with exception
Traceback (most recent call last):
  File "/home/airflow/.local/lib/python3.12/site-packages/airflow/models/taskinstance.py", line 465, in _execute_task
    result = _execute_callable(context=context, **execute_callable_kwargs)
             ^^^^^^^^^^^^^^^^^^^^^^^^^^^^^^^^^^^^^^^^^^^^^^^^^^^^^^^^^^^^^
  File "/home/airflow/.local/lib/python3.12/site-packages/airflow/models/taskinstance.py", line 432, in _execute_callable
    return execute_callable(context=context, **execute_callable_kwargs)
           ^^^^^^^^^^^^^^^^^^^^^^^^^^^^^^^^^^^^^^^^^^^^^^^^^^^^^^^^^^^^
  File "/home/airflow/.local/lib/python3.12/site-packages/airflow/models/baseoperator.py", line 401, in wrapper
    return func(self, *args, **kwargs)
           ^^^^^^^^^^^^^^^^^^^^^^^^^^^
  File "/home/airflow/.local/lib/python3.12/site-packages/airflow/operators/python.py", line 235, in execute
    return_value = self.execute_callable()
                   ^^^^^^^^^^^^^^^^^^^^^^^
  File "/home/airflow/.local/lib/python3.12/site-packages/airflow/operators/python.py", line 252, in execute_callable
    return self.python_callable(*self.op_args, **self.op_kwargs)
           ^^^^^^^^^^^^^^^^^^^^^^^^^^^^^^^^^^^^^^^^^^^^^^^^^^^^^
  File "/opt/airflow/dags/dag_pipeline_northwind.py", line 46, in extract_csv
    result = subprocess.run(extract_command, shell=True, check=True, capture_output=True, text=True)
             ^^^^^^^^^^^^^^^^^^^^^^^^^^^^^^^^^^^^^^^^^^^^^^^^^^^^^^^^^^^^^^^^^^^^^^^^^^^^^^^^^^^^^^^
  File "/usr/local/lib/python3.12/subprocess.py", line 571, in run
    raise CalledProcessError(retcode, process.args,
subprocess.CalledProcessError: Command 'meltano elt tap-csv target-csv --transform=run --job_id=extract_csv_2024-04-02' returned non-zero exit status 127.
[2024-07-04T01:24:27.714+0000] {taskinstance.py:1206} INFO - Marking task as UP_FOR_RETRY. dag_id=dag_pipeline_northwind, task_id=extract_csv, run_id=scheduled__2024-04-02T00:00:00+00:00, execution_date=20240402T000000, start_date=20240704T012427, end_date=20240704T012427
[2024-07-04T01:24:27.773+0000] {standard_task_runner.py:110} ERROR - Failed to execute job 4940 for task extract_csv (Command 'meltano elt tap-csv target-csv --transform=run --job_id=extract_csv_2024-04-02' returned non-zero exit status 127.; 1505)
[2024-07-04T01:24:27.824+0000] {local_task_job_runner.py:240} INFO - Task exited with return code 1
[2024-07-04T01:24:27.849+0000] {local_task_job_runner.py:222} INFO - ::endgroup::
