[2024-07-01T01:30:44.926+0000] {local_task_job_runner.py:120} INFO - ::group::Pre task execution logs
[2024-07-01T01:30:45.070+0000] {taskinstance.py:2076} INFO - Dependencies all met for dep_context=non-requeueable deps ti=<TaskInstance: dag_northwind.extract_csv scheduled__2024-04-02T00:00:00+00:00 [queued]>
[2024-07-01T01:30:45.113+0000] {taskinstance.py:2076} INFO - Dependencies all met for dep_context=requeueable deps ti=<TaskInstance: dag_northwind.extract_csv scheduled__2024-04-02T00:00:00+00:00 [queued]>
[2024-07-01T01:30:45.124+0000] {taskinstance.py:2306} INFO - Starting attempt 2 of 2
[2024-07-01T01:30:45.160+0000] {taskinstance.py:2330} INFO - Executing <Task(BashOperator): extract_csv> on 2024-04-02 00:00:00+00:00
[2024-07-01T01:30:45.193+0000] {logging_mixin.py:188} WARNING - /home/airflow/.local/lib/python3.12/site-packages/airflow/task/task_runner/standard_task_runner.py:61 DeprecationWarning: This process (pid=1129) is multi-threaded, use of fork() may lead to deadlocks in the child.
[2024-07-01T01:30:45.197+0000] {standard_task_runner.py:63} INFO - Started process 1147 to run task
[2024-07-01T01:30:45.196+0000] {standard_task_runner.py:90} INFO - Running: ['airflow', 'tasks', 'run', 'dag_northwind', 'extract_csv', 'scheduled__2024-04-02T00:00:00+00:00', '--job-id', '698', '--raw', '--subdir', 'DAGS_FOLDER/dag_northwind.py', '--cfg-path', '/tmp/tmp0amf0kqx']
[2024-07-01T01:30:45.202+0000] {standard_task_runner.py:91} INFO - Job 698: Subtask extract_csv
[2024-07-01T01:30:45.446+0000] {task_command.py:426} INFO - Running <TaskInstance: dag_northwind.extract_csv scheduled__2024-04-02T00:00:00+00:00 [running]> on host 05d913303710
[2024-07-01T01:30:45.739+0000] {taskinstance.py:2648} INFO - Exporting env vars: AIRFLOW_CTX_DAG_OWNER='airflow' AIRFLOW_CTX_DAG_ID='dag_northwind' AIRFLOW_CTX_TASK_ID='extract_csv' AIRFLOW_CTX_EXECUTION_DATE='2024-04-02T00:00:00+00:00' AIRFLOW_CTX_TRY_NUMBER='2' AIRFLOW_CTX_DAG_RUN_ID='scheduled__2024-04-02T00:00:00+00:00'
[2024-07-01T01:30:45.744+0000] {taskinstance.py:430} INFO - ::endgroup::
[2024-07-01T01:30:45.800+0000] {subprocess.py:63} INFO - Tmp dir root location: /tmp
[2024-07-01T01:30:45.802+0000] {subprocess.py:75} INFO - Running command: ['/usr/bin/bash', '-c', 'meltano elt tap-csv target-csv --job_id=extract_csv_2024-04-02 && mkdir -p /data/csv/2024-04-02 && mv /project/output/tap-csv/*.csv /data/csv/2024-04-02/']
[2024-07-01T01:30:45.868+0000] {subprocess.py:86} INFO - Output:
[2024-07-01T01:30:45.872+0000] {subprocess.py:93} INFO - /usr/bin/bash: line 1: meltano: command not found
[2024-07-01T01:30:45.875+0000] {subprocess.py:97} INFO - Command exited with return code 127
[2024-07-01T01:30:45.877+0000] {taskinstance.py:441} INFO - ::group::Post task execution logs
[2024-07-01T01:30:45.910+0000] {taskinstance.py:2905} ERROR - Task failed with exception
Traceback (most recent call last):
  File "/home/airflow/.local/lib/python3.12/site-packages/airflow/models/taskinstance.py", line 465, in _execute_task
    result = _execute_callable(context=context, **execute_callable_kwargs)
             ^^^^^^^^^^^^^^^^^^^^^^^^^^^^^^^^^^^^^^^^^^^^^^^^^^^^^^^^^^^^^
  File "/home/airflow/.local/lib/python3.12/site-packages/airflow/models/taskinstance.py", line 432, in _execute_callable
    return execute_callable(context=context, **execute_callable_kwargs)
           ^^^^^^^^^^^^^^^^^^^^^^^^^^^^^^^^^^^^^^^^^^^^^^^^^^^^^^^^^^^^
  File "/home/airflow/.local/lib/python3.12/site-packages/airflow/models/baseoperator.py", line 401, in wrapper
    return func(self, *args, **kwargs)
           ^^^^^^^^^^^^^^^^^^^^^^^^^^^
  File "/home/airflow/.local/lib/python3.12/site-packages/airflow/operators/bash.py", line 243, in execute
    raise AirflowException(
airflow.exceptions.AirflowException: Bash command failed. The command returned a non-zero exit code 127.
[2024-07-01T01:30:45.922+0000] {taskinstance.py:1206} INFO - Marking task as FAILED. dag_id=dag_northwind, task_id=extract_csv, run_id=scheduled__2024-04-02T00:00:00+00:00, execution_date=20240402T000000, start_date=20240701T013045, end_date=20240701T013045
[2024-07-01T01:30:45.983+0000] {standard_task_runner.py:110} ERROR - Failed to execute job 698 for task extract_csv (Bash command failed. The command returned a non-zero exit code 127.; 1147)
[2024-07-01T01:30:46.033+0000] {local_task_job_runner.py:240} INFO - Task exited with return code 1
[2024-07-01T01:30:46.122+0000] {taskinstance.py:3503} INFO - 0 downstream tasks scheduled from follow-on schedule check
[2024-07-01T01:30:46.141+0000] {local_task_job_runner.py:222} INFO - ::endgroup::
[2024-07-01T10:31:48.057+0000] {local_task_job_runner.py:120} INFO - ::group::Pre task execution logs
[2024-07-01T10:31:48.160+0000] {taskinstance.py:2076} INFO - Dependencies all met for dep_context=non-requeueable deps ti=<TaskInstance: dag_northwind.extract_csv scheduled__2024-04-02T00:00:00+00:00 [queued]>
[2024-07-01T10:31:48.182+0000] {taskinstance.py:2076} INFO - Dependencies all met for dep_context=requeueable deps ti=<TaskInstance: dag_northwind.extract_csv scheduled__2024-04-02T00:00:00+00:00 [queued]>
[2024-07-01T10:31:48.183+0000] {taskinstance.py:2306} INFO - Starting attempt 2 of 2
[2024-07-01T10:31:48.228+0000] {taskinstance.py:2330} INFO - Executing <Task(BashOperator): extract_csv> on 2024-04-02 00:00:00+00:00
[2024-07-01T10:31:48.256+0000] {logging_mixin.py:188} WARNING - /home/airflow/.local/lib/python3.12/site-packages/airflow/task/task_runner/standard_task_runner.py:61 DeprecationWarning: This process (pid=6732) is multi-threaded, use of fork() may lead to deadlocks in the child.
[2024-07-01T10:31:48.259+0000] {standard_task_runner.py:63} INFO - Started process 6746 to run task
[2024-07-01T10:31:48.269+0000] {standard_task_runner.py:90} INFO - Running: ['airflow', 'tasks', 'run', 'dag_northwind', 'extract_csv', 'scheduled__2024-04-02T00:00:00+00:00', '--job-id', '1257', '--raw', '--subdir', 'DAGS_FOLDER/dag_northwind.py', '--cfg-path', '/tmp/tmpjq8z8ofn']
[2024-07-01T10:31:48.273+0000] {standard_task_runner.py:91} INFO - Job 1257: Subtask extract_csv
[2024-07-01T10:31:48.418+0000] {task_command.py:426} INFO - Running <TaskInstance: dag_northwind.extract_csv scheduled__2024-04-02T00:00:00+00:00 [running]> on host 85c6ea7cd9cf
[2024-07-01T10:31:48.752+0000] {taskinstance.py:2648} INFO - Exporting env vars: AIRFLOW_CTX_DAG_OWNER='airflow' AIRFLOW_CTX_DAG_ID='dag_northwind' AIRFLOW_CTX_TASK_ID='extract_csv' AIRFLOW_CTX_EXECUTION_DATE='2024-04-02T00:00:00+00:00' AIRFLOW_CTX_TRY_NUMBER='2' AIRFLOW_CTX_DAG_RUN_ID='scheduled__2024-04-02T00:00:00+00:00'
[2024-07-01T10:31:48.756+0000] {taskinstance.py:430} INFO - ::endgroup::
[2024-07-01T10:31:48.796+0000] {subprocess.py:63} INFO - Tmp dir root location: /tmp
[2024-07-01T10:31:48.799+0000] {subprocess.py:75} INFO - Running command: ['/usr/bin/bash', '-c', 'meltano elt tap-csv target-csv --job_id=extract_csv_2024-04-02 && mkdir -p /data/csv/2024-04-02 && mv /project/output/tap-csv/*.csv /data/csv/2024-04-02/']
[2024-07-01T10:31:48.829+0000] {subprocess.py:86} INFO - Output:
[2024-07-01T10:31:48.836+0000] {subprocess.py:93} INFO - /usr/bin/bash: line 1: meltano: command not found
[2024-07-01T10:31:48.838+0000] {subprocess.py:97} INFO - Command exited with return code 127
[2024-07-01T10:31:48.839+0000] {taskinstance.py:441} INFO - ::group::Post task execution logs
[2024-07-01T10:31:48.862+0000] {taskinstance.py:2905} ERROR - Task failed with exception
Traceback (most recent call last):
  File "/home/airflow/.local/lib/python3.12/site-packages/airflow/models/taskinstance.py", line 465, in _execute_task
    result = _execute_callable(context=context, **execute_callable_kwargs)
             ^^^^^^^^^^^^^^^^^^^^^^^^^^^^^^^^^^^^^^^^^^^^^^^^^^^^^^^^^^^^^
  File "/home/airflow/.local/lib/python3.12/site-packages/airflow/models/taskinstance.py", line 432, in _execute_callable
    return execute_callable(context=context, **execute_callable_kwargs)
           ^^^^^^^^^^^^^^^^^^^^^^^^^^^^^^^^^^^^^^^^^^^^^^^^^^^^^^^^^^^^
  File "/home/airflow/.local/lib/python3.12/site-packages/airflow/models/baseoperator.py", line 401, in wrapper
    return func(self, *args, **kwargs)
           ^^^^^^^^^^^^^^^^^^^^^^^^^^^
  File "/home/airflow/.local/lib/python3.12/site-packages/airflow/operators/bash.py", line 243, in execute
    raise AirflowException(
airflow.exceptions.AirflowException: Bash command failed. The command returned a non-zero exit code 127.
[2024-07-01T10:31:48.873+0000] {taskinstance.py:1206} INFO - Marking task as FAILED. dag_id=dag_northwind, task_id=extract_csv, run_id=scheduled__2024-04-02T00:00:00+00:00, execution_date=20240402T000000, start_date=20240701T103148, end_date=20240701T103148
[2024-07-01T10:31:48.901+0000] {standard_task_runner.py:110} ERROR - Failed to execute job 1257 for task extract_csv (Bash command failed. The command returned a non-zero exit code 127.; 6746)
[2024-07-01T10:31:48.935+0000] {local_task_job_runner.py:240} INFO - Task exited with return code 1
[2024-07-01T10:31:48.959+0000] {local_task_job_runner.py:222} INFO - ::endgroup::
