[2024-07-01T01:25:30.714+0000] {local_task_job_runner.py:120} INFO - ::group::Pre task execution logs
[2024-07-01T01:25:30.815+0000] {taskinstance.py:2076} INFO - Dependencies all met for dep_context=non-requeueable deps ti=<TaskInstance: dag_northwind.extract_csv scheduled__2024-03-07T00:00:00+00:00 [queued]>
[2024-07-01T01:25:30.834+0000] {taskinstance.py:2076} INFO - Dependencies all met for dep_context=requeueable deps ti=<TaskInstance: dag_northwind.extract_csv scheduled__2024-03-07T00:00:00+00:00 [queued]>
[2024-07-01T01:25:30.835+0000] {taskinstance.py:2306} INFO - Starting attempt 2 of 2
[2024-07-01T01:25:30.905+0000] {taskinstance.py:2330} INFO - Executing <Task(BashOperator): extract_csv> on 2024-03-07 00:00:00+00:00
[2024-07-01T01:25:30.937+0000] {logging_mixin.py:188} WARNING - /home/airflow/.local/lib/python3.12/site-packages/airflow/task/task_runner/standard_task_runner.py:61 DeprecationWarning: This process (pid=768) is multi-threaded, use of fork() may lead to deadlocks in the child.
[2024-07-01T01:25:30.942+0000] {standard_task_runner.py:63} INFO - Started process 779 to run task
[2024-07-01T01:25:30.926+0000] {standard_task_runner.py:90} INFO - Running: ['airflow', 'tasks', 'run', 'dag_northwind', 'extract_csv', 'scheduled__2024-03-07T00:00:00+00:00', '--job-id', '621', '--raw', '--subdir', 'DAGS_FOLDER/dag_northwind.py', '--cfg-path', '/tmp/tmpq_ues34s']
[2024-07-01T01:25:30.951+0000] {standard_task_runner.py:91} INFO - Job 621: Subtask extract_csv
[2024-07-01T01:25:31.146+0000] {task_command.py:426} INFO - Running <TaskInstance: dag_northwind.extract_csv scheduled__2024-03-07T00:00:00+00:00 [running]> on host 05d913303710
[2024-07-01T01:25:31.368+0000] {taskinstance.py:2648} INFO - Exporting env vars: AIRFLOW_CTX_DAG_OWNER='airflow' AIRFLOW_CTX_DAG_ID='dag_northwind' AIRFLOW_CTX_TASK_ID='extract_csv' AIRFLOW_CTX_EXECUTION_DATE='2024-03-07T00:00:00+00:00' AIRFLOW_CTX_TRY_NUMBER='2' AIRFLOW_CTX_DAG_RUN_ID='scheduled__2024-03-07T00:00:00+00:00'
[2024-07-01T01:25:31.370+0000] {taskinstance.py:430} INFO - ::endgroup::
[2024-07-01T01:25:31.433+0000] {subprocess.py:63} INFO - Tmp dir root location: /tmp
[2024-07-01T01:25:31.439+0000] {subprocess.py:75} INFO - Running command: ['/usr/bin/bash', '-c', 'meltano elt tap-csv target-csv --job_id=extract_csv_2024-03-07 && mkdir -p /data/csv/2024-03-07 && mv /project/output/tap-csv/*.csv /data/csv/2024-03-07/']
[2024-07-01T01:25:31.488+0000] {subprocess.py:86} INFO - Output:
[2024-07-01T01:25:31.492+0000] {subprocess.py:93} INFO - /usr/bin/bash: line 1: meltano: command not found
[2024-07-01T01:25:31.494+0000] {subprocess.py:97} INFO - Command exited with return code 127
[2024-07-01T01:25:31.500+0000] {taskinstance.py:441} INFO - ::group::Post task execution logs
[2024-07-01T01:25:31.526+0000] {taskinstance.py:2905} ERROR - Task failed with exception
Traceback (most recent call last):
  File "/home/airflow/.local/lib/python3.12/site-packages/airflow/models/taskinstance.py", line 465, in _execute_task
    result = _execute_callable(context=context, **execute_callable_kwargs)
             ^^^^^^^^^^^^^^^^^^^^^^^^^^^^^^^^^^^^^^^^^^^^^^^^^^^^^^^^^^^^^
  File "/home/airflow/.local/lib/python3.12/site-packages/airflow/models/taskinstance.py", line 432, in _execute_callable
    return execute_callable(context=context, **execute_callable_kwargs)
           ^^^^^^^^^^^^^^^^^^^^^^^^^^^^^^^^^^^^^^^^^^^^^^^^^^^^^^^^^^^^
  File "/home/airflow/.local/lib/python3.12/site-packages/airflow/models/baseoperator.py", line 401, in wrapper
    return func(self, *args, **kwargs)
           ^^^^^^^^^^^^^^^^^^^^^^^^^^^
  File "/home/airflow/.local/lib/python3.12/site-packages/airflow/operators/bash.py", line 243, in execute
    raise AirflowException(
airflow.exceptions.AirflowException: Bash command failed. The command returned a non-zero exit code 127.
[2024-07-01T01:25:31.546+0000] {taskinstance.py:1206} INFO - Marking task as FAILED. dag_id=dag_northwind, task_id=extract_csv, run_id=scheduled__2024-03-07T00:00:00+00:00, execution_date=20240307T000000, start_date=20240701T012530, end_date=20240701T012531
[2024-07-01T01:25:31.654+0000] {standard_task_runner.py:110} ERROR - Failed to execute job 621 for task extract_csv (Bash command failed. The command returned a non-zero exit code 127.; 779)
[2024-07-01T01:25:31.700+0000] {local_task_job_runner.py:240} INFO - Task exited with return code 1
[2024-07-01T01:25:31.733+0000] {local_task_job_runner.py:222} INFO - ::endgroup::
[2024-07-01T10:26:37.292+0000] {local_task_job_runner.py:120} INFO - ::group::Pre task execution logs
[2024-07-01T10:26:37.365+0000] {taskinstance.py:2076} INFO - Dependencies all met for dep_context=non-requeueable deps ti=<TaskInstance: dag_northwind.extract_csv scheduled__2024-03-07T00:00:00+00:00 [queued]>
[2024-07-01T10:26:37.383+0000] {taskinstance.py:2076} INFO - Dependencies all met for dep_context=requeueable deps ti=<TaskInstance: dag_northwind.extract_csv scheduled__2024-03-07T00:00:00+00:00 [queued]>
[2024-07-01T10:26:37.384+0000] {taskinstance.py:2306} INFO - Starting attempt 2 of 2
[2024-07-01T10:26:37.621+0000] {taskinstance.py:2330} INFO - Executing <Task(BashOperator): extract_csv> on 2024-03-07 00:00:00+00:00
[2024-07-01T10:26:37.632+0000] {standard_task_runner.py:90} INFO - Running: ['airflow', 'tasks', 'run', 'dag_northwind', 'extract_csv', 'scheduled__2024-03-07T00:00:00+00:00', '--job-id', '1168', '--raw', '--subdir', 'DAGS_FOLDER/dag_northwind.py', '--cfg-path', '/tmp/tmpzwx0zfb8']
[2024-07-01T10:26:37.633+0000] {logging_mixin.py:188} WARNING - /home/airflow/.local/lib/python3.12/site-packages/airflow/task/task_runner/standard_task_runner.py:61 DeprecationWarning: This process (pid=6350) is multi-threaded, use of fork() may lead to deadlocks in the child.
[2024-07-01T10:26:37.638+0000] {standard_task_runner.py:63} INFO - Started process 6364 to run task
[2024-07-01T10:26:37.638+0000] {standard_task_runner.py:91} INFO - Job 1168: Subtask extract_csv
[2024-07-01T10:26:37.741+0000] {task_command.py:426} INFO - Running <TaskInstance: dag_northwind.extract_csv scheduled__2024-03-07T00:00:00+00:00 [running]> on host 85c6ea7cd9cf
[2024-07-01T10:26:37.898+0000] {taskinstance.py:2648} INFO - Exporting env vars: AIRFLOW_CTX_DAG_OWNER='airflow' AIRFLOW_CTX_DAG_ID='dag_northwind' AIRFLOW_CTX_TASK_ID='extract_csv' AIRFLOW_CTX_EXECUTION_DATE='2024-03-07T00:00:00+00:00' AIRFLOW_CTX_TRY_NUMBER='2' AIRFLOW_CTX_DAG_RUN_ID='scheduled__2024-03-07T00:00:00+00:00'
[2024-07-01T10:26:37.900+0000] {taskinstance.py:430} INFO - ::endgroup::
[2024-07-01T10:26:37.929+0000] {subprocess.py:63} INFO - Tmp dir root location: /tmp
[2024-07-01T10:26:37.930+0000] {subprocess.py:75} INFO - Running command: ['/usr/bin/bash', '-c', 'meltano elt tap-csv target-csv --job_id=extract_csv_2024-03-07 && mkdir -p /data/csv/2024-03-07 && mv /project/output/tap-csv/*.csv /data/csv/2024-03-07/']
[2024-07-01T10:26:37.943+0000] {subprocess.py:86} INFO - Output:
[2024-07-01T10:26:37.946+0000] {subprocess.py:93} INFO - /usr/bin/bash: line 1: meltano: command not found
[2024-07-01T10:26:37.946+0000] {subprocess.py:97} INFO - Command exited with return code 127
[2024-07-01T10:26:37.947+0000] {taskinstance.py:441} INFO - ::group::Post task execution logs
[2024-07-01T10:26:37.963+0000] {taskinstance.py:2905} ERROR - Task failed with exception
Traceback (most recent call last):
  File "/home/airflow/.local/lib/python3.12/site-packages/airflow/models/taskinstance.py", line 465, in _execute_task
    result = _execute_callable(context=context, **execute_callable_kwargs)
             ^^^^^^^^^^^^^^^^^^^^^^^^^^^^^^^^^^^^^^^^^^^^^^^^^^^^^^^^^^^^^
  File "/home/airflow/.local/lib/python3.12/site-packages/airflow/models/taskinstance.py", line 432, in _execute_callable
    return execute_callable(context=context, **execute_callable_kwargs)
           ^^^^^^^^^^^^^^^^^^^^^^^^^^^^^^^^^^^^^^^^^^^^^^^^^^^^^^^^^^^^
  File "/home/airflow/.local/lib/python3.12/site-packages/airflow/models/baseoperator.py", line 401, in wrapper
    return func(self, *args, **kwargs)
           ^^^^^^^^^^^^^^^^^^^^^^^^^^^
  File "/home/airflow/.local/lib/python3.12/site-packages/airflow/operators/bash.py", line 243, in execute
    raise AirflowException(
airflow.exceptions.AirflowException: Bash command failed. The command returned a non-zero exit code 127.
[2024-07-01T10:26:37.972+0000] {taskinstance.py:1206} INFO - Marking task as FAILED. dag_id=dag_northwind, task_id=extract_csv, run_id=scheduled__2024-03-07T00:00:00+00:00, execution_date=20240307T000000, start_date=20240701T102637, end_date=20240701T102637
[2024-07-01T10:26:38.002+0000] {standard_task_runner.py:110} ERROR - Failed to execute job 1168 for task extract_csv (Bash command failed. The command returned a non-zero exit code 127.; 6364)
[2024-07-01T10:26:38.056+0000] {local_task_job_runner.py:240} INFO - Task exited with return code 1
[2024-07-01T10:26:38.077+0000] {local_task_job_runner.py:222} INFO - ::endgroup::
