[2024-06-30T20:53:21.118+0000] {local_task_job_runner.py:120} INFO - ::group::Pre task execution logs
[2024-06-30T20:53:21.177+0000] {taskinstance.py:2076} INFO - Dependencies all met for dep_context=non-requeueable deps ti=<TaskInstance: dag_northwind.extract_postgres scheduled__2024-01-10T00:00:00+00:00 [queued]>
[2024-06-30T20:53:21.190+0000] {taskinstance.py:2076} INFO - Dependencies all met for dep_context=requeueable deps ti=<TaskInstance: dag_northwind.extract_postgres scheduled__2024-01-10T00:00:00+00:00 [queued]>
[2024-06-30T20:53:21.191+0000] {taskinstance.py:2306} INFO - Starting attempt 1 of 2
[2024-06-30T20:53:21.274+0000] {taskinstance.py:2330} INFO - Executing <Task(BashOperator): extract_postgres> on 2024-01-10 00:00:00+00:00
[2024-06-30T20:53:21.285+0000] {standard_task_runner.py:90} INFO - Running: ['airflow', 'tasks', 'run', 'dag_northwind', 'extract_postgres', 'scheduled__2024-01-10T00:00:00+00:00', '--job-id', '400', '--raw', '--subdir', 'DAGS_FOLDER/dag_northwind.py', '--cfg-path', '/tmp/tmpuxejk8kw']
[2024-06-30T20:53:21.289+0000] {standard_task_runner.py:91} INFO - Job 400: Subtask extract_postgres
[2024-06-30T20:53:21.291+0000] {logging_mixin.py:188} WARNING - /home/airflow/.local/lib/python3.12/site-packages/airflow/task/task_runner/standard_task_runner.py:61 DeprecationWarning: This process (pid=589) is multi-threaded, use of fork() may lead to deadlocks in the child.
[2024-06-30T20:53:21.292+0000] {standard_task_runner.py:63} INFO - Started process 598 to run task
[2024-06-30T20:53:21.364+0000] {task_command.py:426} INFO - Running <TaskInstance: dag_northwind.extract_postgres scheduled__2024-01-10T00:00:00+00:00 [running]> on host a7d76f00647b
[2024-06-30T20:53:21.497+0000] {taskinstance.py:2648} INFO - Exporting env vars: AIRFLOW_CTX_DAG_OWNER='airflow' AIRFLOW_CTX_DAG_ID='dag_northwind' AIRFLOW_CTX_TASK_ID='extract_postgres' AIRFLOW_CTX_EXECUTION_DATE='2024-01-10T00:00:00+00:00' AIRFLOW_CTX_TRY_NUMBER='1' AIRFLOW_CTX_DAG_RUN_ID='scheduled__2024-01-10T00:00:00+00:00'
[2024-06-30T20:53:21.499+0000] {taskinstance.py:430} INFO - ::endgroup::
[2024-06-30T20:53:21.532+0000] {subprocess.py:63} INFO - Tmp dir root location: /tmp
[2024-06-30T20:53:21.534+0000] {subprocess.py:75} INFO - Running command: ['/usr/bin/bash', '-c', 'meltano elt tap-postgres target-csv --job_id=extract_postgres_2024-01-10 && mkdir -p /data/postgres/2024-01-10 && mv /project/output/tap-postgres/*.csv /data/postgres/2024-01-10/']
[2024-06-30T20:53:21.551+0000] {subprocess.py:86} INFO - Output:
[2024-06-30T20:53:21.555+0000] {subprocess.py:93} INFO - /usr/bin/bash: line 1: meltano: command not found
[2024-06-30T20:53:21.556+0000] {subprocess.py:97} INFO - Command exited with return code 127
[2024-06-30T20:53:21.557+0000] {taskinstance.py:441} INFO - ::group::Post task execution logs
[2024-06-30T20:53:21.578+0000] {taskinstance.py:2905} ERROR - Task failed with exception
Traceback (most recent call last):
  File "/home/airflow/.local/lib/python3.12/site-packages/airflow/models/taskinstance.py", line 465, in _execute_task
    result = _execute_callable(context=context, **execute_callable_kwargs)
             ^^^^^^^^^^^^^^^^^^^^^^^^^^^^^^^^^^^^^^^^^^^^^^^^^^^^^^^^^^^^^
  File "/home/airflow/.local/lib/python3.12/site-packages/airflow/models/taskinstance.py", line 432, in _execute_callable
    return execute_callable(context=context, **execute_callable_kwargs)
           ^^^^^^^^^^^^^^^^^^^^^^^^^^^^^^^^^^^^^^^^^^^^^^^^^^^^^^^^^^^^
  File "/home/airflow/.local/lib/python3.12/site-packages/airflow/models/baseoperator.py", line 401, in wrapper
    return func(self, *args, **kwargs)
           ^^^^^^^^^^^^^^^^^^^^^^^^^^^
  File "/home/airflow/.local/lib/python3.12/site-packages/airflow/operators/bash.py", line 243, in execute
    raise AirflowException(
airflow.exceptions.AirflowException: Bash command failed. The command returned a non-zero exit code 127.
[2024-06-30T20:53:21.588+0000] {taskinstance.py:1206} INFO - Marking task as UP_FOR_RETRY. dag_id=dag_northwind, task_id=extract_postgres, run_id=scheduled__2024-01-10T00:00:00+00:00, execution_date=20240110T000000, start_date=20240630T205321, end_date=20240630T205321
[2024-06-30T20:53:21.821+0000] {standard_task_runner.py:110} ERROR - Failed to execute job 400 for task extract_postgres (Bash command failed. The command returned a non-zero exit code 127.; 598)
[2024-06-30T20:53:21.869+0000] {local_task_job_runner.py:240} INFO - Task exited with return code 1
[2024-06-30T20:53:21.919+0000] {taskinstance.py:3503} INFO - 0 downstream tasks scheduled from follow-on schedule check
[2024-06-30T20:53:21.923+0000] {local_task_job_runner.py:222} INFO - ::endgroup::
[2024-07-01T10:01:07.835+0000] {local_task_job_runner.py:120} INFO - ::group::Pre task execution logs
[2024-07-01T10:01:07.900+0000] {taskinstance.py:2076} INFO - Dependencies all met for dep_context=non-requeueable deps ti=<TaskInstance: dag_northwind.extract_postgres scheduled__2024-01-10T00:00:00+00:00 [queued]>
[2024-07-01T10:01:07.914+0000] {taskinstance.py:2076} INFO - Dependencies all met for dep_context=requeueable deps ti=<TaskInstance: dag_northwind.extract_postgres scheduled__2024-01-10T00:00:00+00:00 [queued]>
[2024-07-01T10:01:07.915+0000] {taskinstance.py:2306} INFO - Starting attempt 1 of 2
[2024-07-01T10:01:08.006+0000] {taskinstance.py:2330} INFO - Executing <Task(BashOperator): extract_postgres> on 2024-01-10 00:00:00+00:00
[2024-07-01T10:01:08.030+0000] {logging_mixin.py:188} WARNING - /home/airflow/.local/lib/python3.12/site-packages/airflow/task/task_runner/standard_task_runner.py:61 DeprecationWarning: This process (pid=5009) is multi-threaded, use of fork() may lead to deadlocks in the child.
[2024-07-01T10:01:08.032+0000] {standard_task_runner.py:63} INFO - Started process 5016 to run task
[2024-07-01T10:01:08.032+0000] {standard_task_runner.py:90} INFO - Running: ['airflow', 'tasks', 'run', 'dag_northwind', 'extract_postgres', 'scheduled__2024-01-10T00:00:00+00:00', '--job-id', '894', '--raw', '--subdir', 'DAGS_FOLDER/dag_northwind.py', '--cfg-path', '/tmp/tmpfkx8m5uj']
[2024-07-01T10:01:08.035+0000] {standard_task_runner.py:91} INFO - Job 894: Subtask extract_postgres
[2024-07-01T10:01:08.130+0000] {task_command.py:426} INFO - Running <TaskInstance: dag_northwind.extract_postgres scheduled__2024-01-10T00:00:00+00:00 [running]> on host 85c6ea7cd9cf
[2024-07-01T10:01:08.281+0000] {taskinstance.py:2648} INFO - Exporting env vars: AIRFLOW_CTX_DAG_OWNER='airflow' AIRFLOW_CTX_DAG_ID='dag_northwind' AIRFLOW_CTX_TASK_ID='extract_postgres' AIRFLOW_CTX_EXECUTION_DATE='2024-01-10T00:00:00+00:00' AIRFLOW_CTX_TRY_NUMBER='1' AIRFLOW_CTX_DAG_RUN_ID='scheduled__2024-01-10T00:00:00+00:00'
[2024-07-01T10:01:08.282+0000] {taskinstance.py:430} INFO - ::endgroup::
[2024-07-01T10:01:08.321+0000] {subprocess.py:63} INFO - Tmp dir root location: /tmp
[2024-07-01T10:01:08.323+0000] {subprocess.py:75} INFO - Running command: ['/usr/bin/bash', '-c', 'meltano elt tap-postgres target-csv --job_id=extract_postgres_2024-01-10 && mkdir -p /data/postgres/2024-01-10 && mv /project/output/tap-postgres/*.csv /data/postgres/2024-01-10/']
[2024-07-01T10:01:08.347+0000] {subprocess.py:86} INFO - Output:
[2024-07-01T10:01:08.352+0000] {subprocess.py:93} INFO - /usr/bin/bash: line 1: meltano: command not found
[2024-07-01T10:01:08.353+0000] {subprocess.py:97} INFO - Command exited with return code 127
[2024-07-01T10:01:08.354+0000] {taskinstance.py:441} INFO - ::group::Post task execution logs
[2024-07-01T10:01:08.377+0000] {taskinstance.py:2905} ERROR - Task failed with exception
Traceback (most recent call last):
  File "/home/airflow/.local/lib/python3.12/site-packages/airflow/models/taskinstance.py", line 465, in _execute_task
    result = _execute_callable(context=context, **execute_callable_kwargs)
             ^^^^^^^^^^^^^^^^^^^^^^^^^^^^^^^^^^^^^^^^^^^^^^^^^^^^^^^^^^^^^
  File "/home/airflow/.local/lib/python3.12/site-packages/airflow/models/taskinstance.py", line 432, in _execute_callable
    return execute_callable(context=context, **execute_callable_kwargs)
           ^^^^^^^^^^^^^^^^^^^^^^^^^^^^^^^^^^^^^^^^^^^^^^^^^^^^^^^^^^^^
  File "/home/airflow/.local/lib/python3.12/site-packages/airflow/models/baseoperator.py", line 401, in wrapper
    return func(self, *args, **kwargs)
           ^^^^^^^^^^^^^^^^^^^^^^^^^^^
  File "/home/airflow/.local/lib/python3.12/site-packages/airflow/operators/bash.py", line 243, in execute
    raise AirflowException(
airflow.exceptions.AirflowException: Bash command failed. The command returned a non-zero exit code 127.
[2024-07-01T10:01:08.387+0000] {taskinstance.py:1206} INFO - Marking task as UP_FOR_RETRY. dag_id=dag_northwind, task_id=extract_postgres, run_id=scheduled__2024-01-10T00:00:00+00:00, execution_date=20240110T000000, start_date=20240701T100107, end_date=20240701T100108
[2024-07-01T10:01:08.569+0000] {standard_task_runner.py:110} ERROR - Failed to execute job 894 for task extract_postgres (Bash command failed. The command returned a non-zero exit code 127.; 5016)
[2024-07-01T10:01:08.611+0000] {local_task_job_runner.py:240} INFO - Task exited with return code 1
[2024-07-01T10:01:08.635+0000] {local_task_job_runner.py:222} INFO - ::endgroup::
