[2024-07-01T01:35:58.226+0000] {local_task_job_runner.py:120} INFO - ::group::Pre task execution logs
[2024-07-01T01:35:58.295+0000] {taskinstance.py:2076} INFO - Dependencies all met for dep_context=non-requeueable deps ti=<TaskInstance: dag_northwind.extract_csv scheduled__2024-04-30T00:00:00+00:00 [queued]>
[2024-07-01T01:35:58.310+0000] {taskinstance.py:2076} INFO - Dependencies all met for dep_context=requeueable deps ti=<TaskInstance: dag_northwind.extract_csv scheduled__2024-04-30T00:00:00+00:00 [queued]>
[2024-07-01T01:35:58.311+0000] {taskinstance.py:2306} INFO - Starting attempt 1 of 2
[2024-07-01T01:35:58.384+0000] {taskinstance.py:2330} INFO - Executing <Task(BashOperator): extract_csv> on 2024-04-30 00:00:00+00:00
[2024-07-01T01:35:58.400+0000] {standard_task_runner.py:90} INFO - Running: ['airflow', 'tasks', 'run', 'dag_northwind', 'extract_csv', 'scheduled__2024-04-30T00:00:00+00:00', '--job-id', '794', '--raw', '--subdir', 'DAGS_FOLDER/dag_northwind.py', '--cfg-path', '/tmp/tmpm2wp6fdz']
[2024-07-01T01:35:58.401+0000] {logging_mixin.py:188} WARNING - /home/airflow/.local/lib/python3.12/site-packages/airflow/task/task_runner/standard_task_runner.py:61 DeprecationWarning: This process (pid=1555) is multi-threaded, use of fork() may lead to deadlocks in the child.
[2024-07-01T01:35:58.405+0000] {standard_task_runner.py:91} INFO - Job 794: Subtask extract_csv
[2024-07-01T01:35:58.405+0000] {standard_task_runner.py:63} INFO - Started process 1571 to run task
[2024-07-01T01:35:58.524+0000] {task_command.py:426} INFO - Running <TaskInstance: dag_northwind.extract_csv scheduled__2024-04-30T00:00:00+00:00 [running]> on host 05d913303710
[2024-07-01T01:35:58.675+0000] {taskinstance.py:2648} INFO - Exporting env vars: AIRFLOW_CTX_DAG_OWNER='airflow' AIRFLOW_CTX_DAG_ID='dag_northwind' AIRFLOW_CTX_TASK_ID='extract_csv' AIRFLOW_CTX_EXECUTION_DATE='2024-04-30T00:00:00+00:00' AIRFLOW_CTX_TRY_NUMBER='1' AIRFLOW_CTX_DAG_RUN_ID='scheduled__2024-04-30T00:00:00+00:00'
[2024-07-01T01:35:58.677+0000] {taskinstance.py:430} INFO - ::endgroup::
[2024-07-01T01:35:58.720+0000] {subprocess.py:63} INFO - Tmp dir root location: /tmp
[2024-07-01T01:35:58.721+0000] {subprocess.py:75} INFO - Running command: ['/usr/bin/bash', '-c', 'meltano elt tap-csv target-csv --job_id=extract_csv_2024-04-30 && mkdir -p /data/csv/2024-04-30 && mv /project/output/tap-csv/*.csv /data/csv/2024-04-30/']
[2024-07-01T01:35:58.739+0000] {subprocess.py:86} INFO - Output:
[2024-07-01T01:35:58.743+0000] {subprocess.py:93} INFO - /usr/bin/bash: line 1: meltano: command not found
[2024-07-01T01:35:58.744+0000] {subprocess.py:97} INFO - Command exited with return code 127
[2024-07-01T01:35:58.746+0000] {taskinstance.py:441} INFO - ::group::Post task execution logs
[2024-07-01T01:35:58.765+0000] {taskinstance.py:2905} ERROR - Task failed with exception
Traceback (most recent call last):
  File "/home/airflow/.local/lib/python3.12/site-packages/airflow/models/taskinstance.py", line 465, in _execute_task
    result = _execute_callable(context=context, **execute_callable_kwargs)
             ^^^^^^^^^^^^^^^^^^^^^^^^^^^^^^^^^^^^^^^^^^^^^^^^^^^^^^^^^^^^^
  File "/home/airflow/.local/lib/python3.12/site-packages/airflow/models/taskinstance.py", line 432, in _execute_callable
    return execute_callable(context=context, **execute_callable_kwargs)
           ^^^^^^^^^^^^^^^^^^^^^^^^^^^^^^^^^^^^^^^^^^^^^^^^^^^^^^^^^^^^
  File "/home/airflow/.local/lib/python3.12/site-packages/airflow/models/baseoperator.py", line 401, in wrapper
    return func(self, *args, **kwargs)
           ^^^^^^^^^^^^^^^^^^^^^^^^^^^
  File "/home/airflow/.local/lib/python3.12/site-packages/airflow/operators/bash.py", line 243, in execute
    raise AirflowException(
airflow.exceptions.AirflowException: Bash command failed. The command returned a non-zero exit code 127.
[2024-07-01T01:35:58.775+0000] {taskinstance.py:1206} INFO - Marking task as UP_FOR_RETRY. dag_id=dag_northwind, task_id=extract_csv, run_id=scheduled__2024-04-30T00:00:00+00:00, execution_date=20240430T000000, start_date=20240701T013558, end_date=20240701T013558
[2024-07-01T01:35:58.979+0000] {standard_task_runner.py:110} ERROR - Failed to execute job 794 for task extract_csv (Bash command failed. The command returned a non-zero exit code 127.; 1571)
[2024-07-01T01:35:59.031+0000] {local_task_job_runner.py:240} INFO - Task exited with return code 1
[2024-07-01T01:35:59.089+0000] {taskinstance.py:3503} INFO - 0 downstream tasks scheduled from follow-on schedule check
[2024-07-01T01:35:59.091+0000] {local_task_job_runner.py:222} INFO - ::endgroup::
[2024-07-01T10:37:09.721+0000] {local_task_job_runner.py:120} INFO - ::group::Pre task execution logs
[2024-07-01T10:37:09.802+0000] {taskinstance.py:2076} INFO - Dependencies all met for dep_context=non-requeueable deps ti=<TaskInstance: dag_northwind.extract_csv scheduled__2024-04-30T00:00:00+00:00 [queued]>
[2024-07-01T10:37:09.818+0000] {taskinstance.py:2076} INFO - Dependencies all met for dep_context=requeueable deps ti=<TaskInstance: dag_northwind.extract_csv scheduled__2024-04-30T00:00:00+00:00 [queued]>
[2024-07-01T10:37:09.819+0000] {taskinstance.py:2306} INFO - Starting attempt 1 of 2
[2024-07-01T10:37:09.935+0000] {taskinstance.py:2330} INFO - Executing <Task(BashOperator): extract_csv> on 2024-04-30 00:00:00+00:00
[2024-07-01T10:37:09.949+0000] {logging_mixin.py:188} WARNING - /home/airflow/.local/lib/python3.12/site-packages/airflow/task/task_runner/standard_task_runner.py:61 DeprecationWarning: This process (pid=7141) is multi-threaded, use of fork() may lead to deadlocks in the child.
[2024-07-01T10:37:09.951+0000] {standard_task_runner.py:63} INFO - Started process 7154 to run task
[2024-07-01T10:37:09.948+0000] {standard_task_runner.py:90} INFO - Running: ['airflow', 'tasks', 'run', 'dag_northwind', 'extract_csv', 'scheduled__2024-04-30T00:00:00+00:00', '--job-id', '1340', '--raw', '--subdir', 'DAGS_FOLDER/dag_northwind.py', '--cfg-path', '/tmp/tmpiv8a41gs']
[2024-07-01T10:37:09.954+0000] {standard_task_runner.py:91} INFO - Job 1340: Subtask extract_csv
[2024-07-01T10:37:10.055+0000] {task_command.py:426} INFO - Running <TaskInstance: dag_northwind.extract_csv scheduled__2024-04-30T00:00:00+00:00 [running]> on host 85c6ea7cd9cf
[2024-07-01T10:37:10.190+0000] {taskinstance.py:2648} INFO - Exporting env vars: AIRFLOW_CTX_DAG_OWNER='airflow' AIRFLOW_CTX_DAG_ID='dag_northwind' AIRFLOW_CTX_TASK_ID='extract_csv' AIRFLOW_CTX_EXECUTION_DATE='2024-04-30T00:00:00+00:00' AIRFLOW_CTX_TRY_NUMBER='1' AIRFLOW_CTX_DAG_RUN_ID='scheduled__2024-04-30T00:00:00+00:00'
[2024-07-01T10:37:10.191+0000] {taskinstance.py:430} INFO - ::endgroup::
[2024-07-01T10:37:10.222+0000] {subprocess.py:63} INFO - Tmp dir root location: /tmp
[2024-07-01T10:37:10.224+0000] {subprocess.py:75} INFO - Running command: ['/usr/bin/bash', '-c', 'meltano elt tap-csv target-csv --job_id=extract_csv_2024-04-30 && mkdir -p /data/csv/2024-04-30 && mv /project/output/tap-csv/*.csv /data/csv/2024-04-30/']
[2024-07-01T10:37:10.245+0000] {subprocess.py:86} INFO - Output:
[2024-07-01T10:37:10.249+0000] {subprocess.py:93} INFO - /usr/bin/bash: line 1: meltano: command not found
[2024-07-01T10:37:10.251+0000] {subprocess.py:97} INFO - Command exited with return code 127
[2024-07-01T10:37:10.252+0000] {taskinstance.py:441} INFO - ::group::Post task execution logs
[2024-07-01T10:37:10.273+0000] {taskinstance.py:2905} ERROR - Task failed with exception
Traceback (most recent call last):
  File "/home/airflow/.local/lib/python3.12/site-packages/airflow/models/taskinstance.py", line 465, in _execute_task
    result = _execute_callable(context=context, **execute_callable_kwargs)
             ^^^^^^^^^^^^^^^^^^^^^^^^^^^^^^^^^^^^^^^^^^^^^^^^^^^^^^^^^^^^^
  File "/home/airflow/.local/lib/python3.12/site-packages/airflow/models/taskinstance.py", line 432, in _execute_callable
    return execute_callable(context=context, **execute_callable_kwargs)
           ^^^^^^^^^^^^^^^^^^^^^^^^^^^^^^^^^^^^^^^^^^^^^^^^^^^^^^^^^^^^
  File "/home/airflow/.local/lib/python3.12/site-packages/airflow/models/baseoperator.py", line 401, in wrapper
    return func(self, *args, **kwargs)
           ^^^^^^^^^^^^^^^^^^^^^^^^^^^
  File "/home/airflow/.local/lib/python3.12/site-packages/airflow/operators/bash.py", line 243, in execute
    raise AirflowException(
airflow.exceptions.AirflowException: Bash command failed. The command returned a non-zero exit code 127.
[2024-07-01T10:37:10.283+0000] {taskinstance.py:1206} INFO - Marking task as UP_FOR_RETRY. dag_id=dag_northwind, task_id=extract_csv, run_id=scheduled__2024-04-30T00:00:00+00:00, execution_date=20240430T000000, start_date=20240701T103709, end_date=20240701T103710
[2024-07-01T10:37:10.317+0000] {standard_task_runner.py:110} ERROR - Failed to execute job 1340 for task extract_csv (Bash command failed. The command returned a non-zero exit code 127.; 7154)
[2024-07-01T10:37:10.331+0000] {local_task_job_runner.py:240} INFO - Task exited with return code 1
[2024-07-01T10:37:10.374+0000] {taskinstance.py:3503} INFO - 0 downstream tasks scheduled from follow-on schedule check
[2024-07-01T10:37:10.376+0000] {local_task_job_runner.py:222} INFO - ::endgroup::
