[2024-07-01T01:25:40.386+0000] {local_task_job_runner.py:120} INFO - ::group::Pre task execution logs
[2024-07-01T01:25:40.502+0000] {taskinstance.py:2076} INFO - Dependencies all met for dep_context=non-requeueable deps ti=<TaskInstance: dag_northwind.extract_postgres scheduled__2024-03-24T00:00:00+00:00 [queued]>
[2024-07-01T01:25:40.531+0000] {taskinstance.py:2076} INFO - Dependencies all met for dep_context=requeueable deps ti=<TaskInstance: dag_northwind.extract_postgres scheduled__2024-03-24T00:00:00+00:00 [queued]>
[2024-07-01T01:25:40.532+0000] {taskinstance.py:2306} INFO - Starting attempt 1 of 2
[2024-07-01T01:25:40.724+0000] {taskinstance.py:2330} INFO - Executing <Task(BashOperator): extract_postgres> on 2024-03-24 00:00:00+00:00
[2024-07-01T01:25:40.747+0000] {logging_mixin.py:188} WARNING - /home/airflow/.local/lib/python3.12/site-packages/airflow/task/task_runner/standard_task_runner.py:61 DeprecationWarning: This process (pid=896) is multi-threaded, use of fork() may lead to deadlocks in the child.
[2024-07-01T01:25:40.750+0000] {standard_task_runner.py:90} INFO - Running: ['airflow', 'tasks', 'run', 'dag_northwind', 'extract_postgres', 'scheduled__2024-03-24T00:00:00+00:00', '--job-id', '656', '--raw', '--subdir', 'DAGS_FOLDER/dag_northwind.py', '--cfg-path', '/tmp/tmpqpwtmrfb']
[2024-07-01T01:25:40.757+0000] {standard_task_runner.py:63} INFO - Started process 916 to run task
[2024-07-01T01:25:40.757+0000] {standard_task_runner.py:91} INFO - Job 656: Subtask extract_postgres
[2024-07-01T01:25:40.914+0000] {task_command.py:426} INFO - Running <TaskInstance: dag_northwind.extract_postgres scheduled__2024-03-24T00:00:00+00:00 [running]> on host 05d913303710
[2024-07-01T01:25:41.162+0000] {taskinstance.py:2648} INFO - Exporting env vars: AIRFLOW_CTX_DAG_OWNER='airflow' AIRFLOW_CTX_DAG_ID='dag_northwind' AIRFLOW_CTX_TASK_ID='extract_postgres' AIRFLOW_CTX_EXECUTION_DATE='2024-03-24T00:00:00+00:00' AIRFLOW_CTX_TRY_NUMBER='1' AIRFLOW_CTX_DAG_RUN_ID='scheduled__2024-03-24T00:00:00+00:00'
[2024-07-01T01:25:41.164+0000] {taskinstance.py:430} INFO - ::endgroup::
[2024-07-01T01:25:41.205+0000] {subprocess.py:63} INFO - Tmp dir root location: /tmp
[2024-07-01T01:25:41.207+0000] {subprocess.py:75} INFO - Running command: ['/usr/bin/bash', '-c', 'meltano elt tap-postgres target-csv --job_id=extract_postgres_2024-03-24 && mkdir -p /data/postgres/2024-03-24 && mv /project/output/tap-postgres/*.csv /data/postgres/2024-03-24/']
[2024-07-01T01:25:41.230+0000] {subprocess.py:86} INFO - Output:
[2024-07-01T01:25:41.236+0000] {subprocess.py:93} INFO - /usr/bin/bash: line 1: meltano: command not found
[2024-07-01T01:25:41.239+0000] {subprocess.py:97} INFO - Command exited with return code 127
[2024-07-01T01:25:41.241+0000] {taskinstance.py:441} INFO - ::group::Post task execution logs
[2024-07-01T01:25:41.263+0000] {taskinstance.py:2905} ERROR - Task failed with exception
Traceback (most recent call last):
  File "/home/airflow/.local/lib/python3.12/site-packages/airflow/models/taskinstance.py", line 465, in _execute_task
    result = _execute_callable(context=context, **execute_callable_kwargs)
             ^^^^^^^^^^^^^^^^^^^^^^^^^^^^^^^^^^^^^^^^^^^^^^^^^^^^^^^^^^^^^
  File "/home/airflow/.local/lib/python3.12/site-packages/airflow/models/taskinstance.py", line 432, in _execute_callable
    return execute_callable(context=context, **execute_callable_kwargs)
           ^^^^^^^^^^^^^^^^^^^^^^^^^^^^^^^^^^^^^^^^^^^^^^^^^^^^^^^^^^^^
  File "/home/airflow/.local/lib/python3.12/site-packages/airflow/models/baseoperator.py", line 401, in wrapper
    return func(self, *args, **kwargs)
           ^^^^^^^^^^^^^^^^^^^^^^^^^^^
  File "/home/airflow/.local/lib/python3.12/site-packages/airflow/operators/bash.py", line 243, in execute
    raise AirflowException(
airflow.exceptions.AirflowException: Bash command failed. The command returned a non-zero exit code 127.
[2024-07-01T01:25:41.273+0000] {taskinstance.py:1206} INFO - Marking task as UP_FOR_RETRY. dag_id=dag_northwind, task_id=extract_postgres, run_id=scheduled__2024-03-24T00:00:00+00:00, execution_date=20240324T000000, start_date=20240701T012540, end_date=20240701T012541
[2024-07-01T01:25:41.305+0000] {standard_task_runner.py:110} ERROR - Failed to execute job 656 for task extract_postgres (Bash command failed. The command returned a non-zero exit code 127.; 916)
[2024-07-01T01:25:41.351+0000] {local_task_job_runner.py:240} INFO - Task exited with return code 1
[2024-07-01T01:25:41.377+0000] {local_task_job_runner.py:222} INFO - ::endgroup::
[2024-07-01T10:26:43.672+0000] {local_task_job_runner.py:120} INFO - ::group::Pre task execution logs
[2024-07-01T10:26:43.763+0000] {taskinstance.py:2076} INFO - Dependencies all met for dep_context=non-requeueable deps ti=<TaskInstance: dag_northwind.extract_postgres scheduled__2024-03-24T00:00:00+00:00 [queued]>
[2024-07-01T10:26:43.784+0000] {taskinstance.py:2076} INFO - Dependencies all met for dep_context=requeueable deps ti=<TaskInstance: dag_northwind.extract_postgres scheduled__2024-03-24T00:00:00+00:00 [queued]>
[2024-07-01T10:26:43.785+0000] {taskinstance.py:2306} INFO - Starting attempt 1 of 2
[2024-07-01T10:26:43.829+0000] {taskinstance.py:2330} INFO - Executing <Task(BashOperator): extract_postgres> on 2024-03-24 00:00:00+00:00
[2024-07-01T10:26:43.843+0000] {logging_mixin.py:188} WARNING - /home/airflow/.local/lib/python3.12/site-packages/airflow/task/task_runner/standard_task_runner.py:61 DeprecationWarning: This process (pid=6486) is multi-threaded, use of fork() may lead to deadlocks in the child.
[2024-07-01T10:26:43.846+0000] {standard_task_runner.py:63} INFO - Started process 6501 to run task
[2024-07-01T10:26:43.848+0000] {standard_task_runner.py:90} INFO - Running: ['airflow', 'tasks', 'run', 'dag_northwind', 'extract_postgres', 'scheduled__2024-03-24T00:00:00+00:00', '--job-id', '1202', '--raw', '--subdir', 'DAGS_FOLDER/dag_northwind.py', '--cfg-path', '/tmp/tmp6y7zbycp']
[2024-07-01T10:26:43.852+0000] {standard_task_runner.py:91} INFO - Job 1202: Subtask extract_postgres
[2024-07-01T10:26:43.953+0000] {task_command.py:426} INFO - Running <TaskInstance: dag_northwind.extract_postgres scheduled__2024-03-24T00:00:00+00:00 [running]> on host 85c6ea7cd9cf
[2024-07-01T10:26:44.170+0000] {taskinstance.py:2648} INFO - Exporting env vars: AIRFLOW_CTX_DAG_OWNER='airflow' AIRFLOW_CTX_DAG_ID='dag_northwind' AIRFLOW_CTX_TASK_ID='extract_postgres' AIRFLOW_CTX_EXECUTION_DATE='2024-03-24T00:00:00+00:00' AIRFLOW_CTX_TRY_NUMBER='1' AIRFLOW_CTX_DAG_RUN_ID='scheduled__2024-03-24T00:00:00+00:00'
[2024-07-01T10:26:44.172+0000] {taskinstance.py:430} INFO - ::endgroup::
[2024-07-01T10:26:44.208+0000] {subprocess.py:63} INFO - Tmp dir root location: /tmp
[2024-07-01T10:26:44.210+0000] {subprocess.py:75} INFO - Running command: ['/usr/bin/bash', '-c', 'meltano elt tap-postgres target-csv --job_id=extract_postgres_2024-03-24 && mkdir -p /data/postgres/2024-03-24 && mv /project/output/tap-postgres/*.csv /data/postgres/2024-03-24/']
[2024-07-01T10:26:44.225+0000] {subprocess.py:86} INFO - Output:
[2024-07-01T10:26:44.228+0000] {subprocess.py:93} INFO - /usr/bin/bash: line 1: meltano: command not found
[2024-07-01T10:26:44.229+0000] {subprocess.py:97} INFO - Command exited with return code 127
[2024-07-01T10:26:44.230+0000] {taskinstance.py:441} INFO - ::group::Post task execution logs
[2024-07-01T10:26:44.249+0000] {taskinstance.py:2905} ERROR - Task failed with exception
Traceback (most recent call last):
  File "/home/airflow/.local/lib/python3.12/site-packages/airflow/models/taskinstance.py", line 465, in _execute_task
    result = _execute_callable(context=context, **execute_callable_kwargs)
             ^^^^^^^^^^^^^^^^^^^^^^^^^^^^^^^^^^^^^^^^^^^^^^^^^^^^^^^^^^^^^
  File "/home/airflow/.local/lib/python3.12/site-packages/airflow/models/taskinstance.py", line 432, in _execute_callable
    return execute_callable(context=context, **execute_callable_kwargs)
           ^^^^^^^^^^^^^^^^^^^^^^^^^^^^^^^^^^^^^^^^^^^^^^^^^^^^^^^^^^^^
  File "/home/airflow/.local/lib/python3.12/site-packages/airflow/models/baseoperator.py", line 401, in wrapper
    return func(self, *args, **kwargs)
           ^^^^^^^^^^^^^^^^^^^^^^^^^^^
  File "/home/airflow/.local/lib/python3.12/site-packages/airflow/operators/bash.py", line 243, in execute
    raise AirflowException(
airflow.exceptions.AirflowException: Bash command failed. The command returned a non-zero exit code 127.
[2024-07-01T10:26:44.259+0000] {taskinstance.py:1206} INFO - Marking task as UP_FOR_RETRY. dag_id=dag_northwind, task_id=extract_postgres, run_id=scheduled__2024-03-24T00:00:00+00:00, execution_date=20240324T000000, start_date=20240701T102643, end_date=20240701T102644
[2024-07-01T10:26:44.285+0000] {standard_task_runner.py:110} ERROR - Failed to execute job 1202 for task extract_postgres (Bash command failed. The command returned a non-zero exit code 127.; 6501)
[2024-07-01T10:26:44.304+0000] {local_task_job_runner.py:240} INFO - Task exited with return code 1
[2024-07-01T10:26:44.338+0000] {local_task_job_runner.py:222} INFO - ::endgroup::
