[2024-07-12T18:11:58.114+0000] {local_task_job_runner.py:120} INFO - ::group::Pre task execution logs
[2024-07-12T18:11:58.223+0000] {taskinstance.py:2076} INFO - Dependencies all met for dep_context=non-requeueable deps ti=<TaskInstance: dag_pipeline_northwind.extract_postgres_employee_territories scheduled__2024-07-11T00:00:00+00:00 [queued]>
[2024-07-12T18:11:58.243+0000] {taskinstance.py:2076} INFO - Dependencies all met for dep_context=requeueable deps ti=<TaskInstance: dag_pipeline_northwind.extract_postgres_employee_territories scheduled__2024-07-11T00:00:00+00:00 [queued]>
[2024-07-12T18:11:58.246+0000] {taskinstance.py:2306} INFO - Starting attempt 1 of 2
[2024-07-12T18:11:58.287+0000] {taskinstance.py:2330} INFO - Executing <Task(PythonOperator): extract_postgres_employee_territories> on 2024-07-11 00:00:00+00:00
[2024-07-12T18:11:58.310+0000] {logging_mixin.py:188} WARNING - /home/airflow/.local/lib/python3.12/site-packages/airflow/task/task_runner/standard_task_runner.py:61 DeprecationWarning: This process (pid=290) is multi-threaded, use of fork() may lead to deadlocks in the child.
[2024-07-12T18:11:58.309+0000] {standard_task_runner.py:90} INFO - Running: ['airflow', 'tasks', 'run', 'dag_pipeline_northwind', 'extract_postgres_employee_territories', 'scheduled__2024-07-11T00:00:00+00:00', '--job-id', '5381', '--raw', '--subdir', 'DAGS_FOLDER/dag_pipeline_northwind.py', '--cfg-path', '/tmp/tmpko4j73f0']
[2024-07-12T18:11:58.313+0000] {standard_task_runner.py:91} INFO - Job 5381: Subtask extract_postgres_employee_territories
[2024-07-12T18:11:58.313+0000] {standard_task_runner.py:63} INFO - Started process 305 to run task
[2024-07-12T18:11:58.430+0000] {task_command.py:426} INFO - Running <TaskInstance: dag_pipeline_northwind.extract_postgres_employee_territories scheduled__2024-07-11T00:00:00+00:00 [running]> on host 93f47577b87b
[2024-07-12T18:11:58.654+0000] {taskinstance.py:2648} INFO - Exporting env vars: AIRFLOW_CTX_DAG_OWNER='airflow' AIRFLOW_CTX_DAG_ID='dag_pipeline_northwind' AIRFLOW_CTX_TASK_ID='extract_postgres_employee_territories' AIRFLOW_CTX_EXECUTION_DATE='2024-07-11T00:00:00+00:00' AIRFLOW_CTX_TRY_NUMBER='1' AIRFLOW_CTX_DAG_RUN_ID='scheduled__2024-07-11T00:00:00+00:00'
[2024-07-12T18:11:58.655+0000] {taskinstance.py:430} INFO - ::endgroup::
[2024-07-12T18:11:58.707+0000] {logging_mixin.py:188} INFO - Running command: meltano elt tap-postgres target-csv --transform=run --job_id=extract_postgres_employee_territories_2024-07-11
[2024-07-12T18:11:58.712+0000] {logging_mixin.py:188} INFO - Command failed with error: Command 'meltano elt tap-postgres target-csv --transform=run --job_id=extract_postgres_employee_territories_2024-07-11' returned non-zero exit status 127.
[2024-07-12T18:11:58.712+0000] {taskinstance.py:441} INFO - ::group::Post task execution logs
[2024-07-12T18:11:58.713+0000] {taskinstance.py:2905} ERROR - Task failed with exception
Traceback (most recent call last):
  File "/home/airflow/.local/lib/python3.12/site-packages/airflow/models/taskinstance.py", line 465, in _execute_task
    result = _execute_callable(context=context, **execute_callable_kwargs)
             ^^^^^^^^^^^^^^^^^^^^^^^^^^^^^^^^^^^^^^^^^^^^^^^^^^^^^^^^^^^^^
  File "/home/airflow/.local/lib/python3.12/site-packages/airflow/models/taskinstance.py", line 432, in _execute_callable
    return execute_callable(context=context, **execute_callable_kwargs)
           ^^^^^^^^^^^^^^^^^^^^^^^^^^^^^^^^^^^^^^^^^^^^^^^^^^^^^^^^^^^^
  File "/home/airflow/.local/lib/python3.12/site-packages/airflow/models/baseoperator.py", line 401, in wrapper
    return func(self, *args, **kwargs)
           ^^^^^^^^^^^^^^^^^^^^^^^^^^^
  File "/home/airflow/.local/lib/python3.12/site-packages/airflow/operators/python.py", line 235, in execute
    return_value = self.execute_callable()
                   ^^^^^^^^^^^^^^^^^^^^^^^
  File "/home/airflow/.local/lib/python3.12/site-packages/airflow/operators/python.py", line 252, in execute_callable
    return self.python_callable(*self.op_args, **self.op_kwargs)
           ^^^^^^^^^^^^^^^^^^^^^^^^^^^^^^^^^^^^^^^^^^^^^^^^^^^^^
  File "/opt/airflow/dags/dag_pipeline_northwind.py", line 40, in extract_postgres_table
    result = subprocess.run(extract_command, shell=True, check=True, capture_output=True, text=True)
             ^^^^^^^^^^^^^^^^^^^^^^^^^^^^^^^^^^^^^^^^^^^^^^^^^^^^^^^^^^^^^^^^^^^^^^^^^^^^^^^^^^^^^^^
  File "/usr/local/lib/python3.12/subprocess.py", line 571, in run
    raise CalledProcessError(retcode, process.args,
subprocess.CalledProcessError: Command 'meltano elt tap-postgres target-csv --transform=run --job_id=extract_postgres_employee_territories_2024-07-11' returned non-zero exit status 127.
[2024-07-12T18:11:58.734+0000] {taskinstance.py:1206} INFO - Marking task as UP_FOR_RETRY. dag_id=dag_pipeline_northwind, task_id=extract_postgres_employee_territories, run_id=scheduled__2024-07-11T00:00:00+00:00, execution_date=20240711T000000, start_date=20240712T181158, end_date=20240712T181158
[2024-07-12T18:11:58.753+0000] {standard_task_runner.py:110} ERROR - Failed to execute job 5381 for task extract_postgres_employee_territories (Command 'meltano elt tap-postgres target-csv --transform=run --job_id=extract_postgres_employee_territories_2024-07-11' returned non-zero exit status 127.; 305)
[2024-07-12T18:11:58.781+0000] {local_task_job_runner.py:240} INFO - Task exited with return code 1
[2024-07-12T18:11:58.799+0000] {local_task_job_runner.py:222} INFO - ::endgroup::
[2024-07-12T18:31:55.872+0000] {local_task_job_runner.py:120} INFO - ::group::Pre task execution logs
[2024-07-12T18:31:55.944+0000] {taskinstance.py:2076} INFO - Dependencies all met for dep_context=non-requeueable deps ti=<TaskInstance: dag_pipeline_northwind.extract_postgres_employee_territories scheduled__2024-07-11T00:00:00+00:00 [queued]>
[2024-07-12T18:31:55.962+0000] {taskinstance.py:2076} INFO - Dependencies all met for dep_context=requeueable deps ti=<TaskInstance: dag_pipeline_northwind.extract_postgres_employee_territories scheduled__2024-07-11T00:00:00+00:00 [queued]>
[2024-07-12T18:31:55.963+0000] {taskinstance.py:2306} INFO - Starting attempt 1 of 2
[2024-07-12T18:31:56.000+0000] {taskinstance.py:2330} INFO - Executing <Task(PythonOperator): extract_postgres_employee_territories> on 2024-07-11 00:00:00+00:00
[2024-07-12T18:31:56.013+0000] {logging_mixin.py:188} WARNING - /home/airflow/.local/lib/python3.12/site-packages/airflow/task/task_runner/standard_task_runner.py:61 DeprecationWarning: This process (pid=298) is multi-threaded, use of fork() may lead to deadlocks in the child.
[2024-07-12T18:31:56.015+0000] {standard_task_runner.py:63} INFO - Started process 307 to run task
[2024-07-12T18:31:56.013+0000] {standard_task_runner.py:90} INFO - Running: ['airflow', 'tasks', 'run', 'dag_pipeline_northwind', 'extract_postgres_employee_territories', 'scheduled__2024-07-11T00:00:00+00:00', '--job-id', '5460', '--raw', '--subdir', 'DAGS_FOLDER/dag_pipeline_northwind.py', '--cfg-path', '/tmp/tmp_jauqugo']
[2024-07-12T18:31:56.017+0000] {standard_task_runner.py:91} INFO - Job 5460: Subtask extract_postgres_employee_territories
[2024-07-12T18:31:56.123+0000] {task_command.py:426} INFO - Running <TaskInstance: dag_pipeline_northwind.extract_postgres_employee_territories scheduled__2024-07-11T00:00:00+00:00 [running]> on host da29552222cb
[2024-07-12T18:31:56.300+0000] {taskinstance.py:2648} INFO - Exporting env vars: AIRFLOW_CTX_DAG_OWNER='airflow' AIRFLOW_CTX_DAG_ID='dag_pipeline_northwind' AIRFLOW_CTX_TASK_ID='extract_postgres_employee_territories' AIRFLOW_CTX_EXECUTION_DATE='2024-07-11T00:00:00+00:00' AIRFLOW_CTX_TRY_NUMBER='1' AIRFLOW_CTX_DAG_RUN_ID='scheduled__2024-07-11T00:00:00+00:00'
[2024-07-12T18:31:56.304+0000] {taskinstance.py:430} INFO - ::endgroup::
[2024-07-12T18:31:56.334+0000] {logging_mixin.py:188} INFO - Running command: meltano elt tap-postgres target-csv --transform=run --job_id=extract_postgres_employee_territories_2024-07-11
[2024-07-12T18:31:56.339+0000] {logging_mixin.py:188} INFO - Command failed with error: Command 'meltano elt tap-postgres target-csv --transform=run --job_id=extract_postgres_employee_territories_2024-07-11' returned non-zero exit status 127.
[2024-07-12T18:31:56.341+0000] {taskinstance.py:441} INFO - ::group::Post task execution logs
[2024-07-12T18:31:56.342+0000] {taskinstance.py:2905} ERROR - Task failed with exception
Traceback (most recent call last):
  File "/home/airflow/.local/lib/python3.12/site-packages/airflow/models/taskinstance.py", line 465, in _execute_task
    result = _execute_callable(context=context, **execute_callable_kwargs)
             ^^^^^^^^^^^^^^^^^^^^^^^^^^^^^^^^^^^^^^^^^^^^^^^^^^^^^^^^^^^^^
  File "/home/airflow/.local/lib/python3.12/site-packages/airflow/models/taskinstance.py", line 432, in _execute_callable
    return execute_callable(context=context, **execute_callable_kwargs)
           ^^^^^^^^^^^^^^^^^^^^^^^^^^^^^^^^^^^^^^^^^^^^^^^^^^^^^^^^^^^^
  File "/home/airflow/.local/lib/python3.12/site-packages/airflow/models/baseoperator.py", line 401, in wrapper
    return func(self, *args, **kwargs)
           ^^^^^^^^^^^^^^^^^^^^^^^^^^^
  File "/home/airflow/.local/lib/python3.12/site-packages/airflow/operators/python.py", line 235, in execute
    return_value = self.execute_callable()
                   ^^^^^^^^^^^^^^^^^^^^^^^
  File "/home/airflow/.local/lib/python3.12/site-packages/airflow/operators/python.py", line 252, in execute_callable
    return self.python_callable(*self.op_args, **self.op_kwargs)
           ^^^^^^^^^^^^^^^^^^^^^^^^^^^^^^^^^^^^^^^^^^^^^^^^^^^^^
  File "/opt/airflow/dags/dag_pipeline_northwind.py", line 40, in extract_postgres_table
    result = subprocess.run(extract_command, shell=True, check=True, capture_output=True, text=True)
             ^^^^^^^^^^^^^^^^^^^^^^^^^^^^^^^^^^^^^^^^^^^^^^^^^^^^^^^^^^^^^^^^^^^^^^^^^^^^^^^^^^^^^^^
  File "/usr/local/lib/python3.12/subprocess.py", line 571, in run
    raise CalledProcessError(retcode, process.args,
subprocess.CalledProcessError: Command 'meltano elt tap-postgres target-csv --transform=run --job_id=extract_postgres_employee_territories_2024-07-11' returned non-zero exit status 127.
[2024-07-12T18:31:56.366+0000] {taskinstance.py:1206} INFO - Marking task as UP_FOR_RETRY. dag_id=dag_pipeline_northwind, task_id=extract_postgres_employee_territories, run_id=scheduled__2024-07-11T00:00:00+00:00, execution_date=20240711T000000, start_date=20240712T183155, end_date=20240712T183156
[2024-07-12T18:31:56.389+0000] {standard_task_runner.py:110} ERROR - Failed to execute job 5460 for task extract_postgres_employee_territories (Command 'meltano elt tap-postgres target-csv --transform=run --job_id=extract_postgres_employee_territories_2024-07-11' returned non-zero exit status 127.; 307)
[2024-07-12T18:31:56.432+0000] {local_task_job_runner.py:240} INFO - Task exited with return code 1
[2024-07-12T18:31:56.448+0000] {local_task_job_runner.py:222} INFO - ::endgroup::
[2024-07-12T19:04:23.289+0000] {local_task_job_runner.py:120} INFO - ::group::Pre task execution logs
[2024-07-12T19:04:23.376+0000] {taskinstance.py:2076} INFO - Dependencies all met for dep_context=non-requeueable deps ti=<TaskInstance: dag_pipeline_northwind.extract_postgres_employee_territories scheduled__2024-07-11T00:00:00+00:00 [queued]>
[2024-07-12T19:04:23.395+0000] {taskinstance.py:2076} INFO - Dependencies all met for dep_context=requeueable deps ti=<TaskInstance: dag_pipeline_northwind.extract_postgres_employee_territories scheduled__2024-07-11T00:00:00+00:00 [queued]>
[2024-07-12T19:04:23.396+0000] {taskinstance.py:2306} INFO - Starting attempt 1 of 2
[2024-07-12T19:04:23.437+0000] {taskinstance.py:2330} INFO - Executing <Task(PythonOperator): extract_postgres_employee_territories> on 2024-07-11 00:00:00+00:00
[2024-07-12T19:04:23.464+0000] {logging_mixin.py:188} WARNING - /home/airflow/.local/lib/python3.12/site-packages/airflow/task/task_runner/standard_task_runner.py:61 DeprecationWarning: This process (pid=283) is multi-threaded, use of fork() may lead to deadlocks in the child.
[2024-07-12T19:04:23.466+0000] {standard_task_runner.py:63} INFO - Started process 290 to run task
[2024-07-12T19:04:23.464+0000] {standard_task_runner.py:90} INFO - Running: ['airflow', 'tasks', 'run', 'dag_pipeline_northwind', 'extract_postgres_employee_territories', 'scheduled__2024-07-11T00:00:00+00:00', '--job-id', '5568', '--raw', '--subdir', 'DAGS_FOLDER/dag_pipeline_northwind.py', '--cfg-path', '/tmp/tmprzg87evn']
[2024-07-12T19:04:23.469+0000] {standard_task_runner.py:91} INFO - Job 5568: Subtask extract_postgres_employee_territories
[2024-07-12T19:04:23.598+0000] {task_command.py:426} INFO - Running <TaskInstance: dag_pipeline_northwind.extract_postgres_employee_territories scheduled__2024-07-11T00:00:00+00:00 [running]> on host 5ef7300ef9b1
[2024-07-12T19:04:23.775+0000] {taskinstance.py:2648} INFO - Exporting env vars: AIRFLOW_CTX_DAG_OWNER='airflow' AIRFLOW_CTX_DAG_ID='dag_pipeline_northwind' AIRFLOW_CTX_TASK_ID='extract_postgres_employee_territories' AIRFLOW_CTX_EXECUTION_DATE='2024-07-11T00:00:00+00:00' AIRFLOW_CTX_TRY_NUMBER='1' AIRFLOW_CTX_DAG_RUN_ID='scheduled__2024-07-11T00:00:00+00:00'
[2024-07-12T19:04:23.777+0000] {taskinstance.py:430} INFO - ::endgroup::
[2024-07-12T19:04:23.805+0000] {logging_mixin.py:188} INFO - Running command: meltano elt tap-postgres target-csv --transform=run --job_id=extract_postgres_employee_territories_2024-07-11
[2024-07-12T19:04:23.810+0000] {logging_mixin.py:188} INFO - Command failed with error: Command 'meltano elt tap-postgres target-csv --transform=run --job_id=extract_postgres_employee_territories_2024-07-11' returned non-zero exit status 127.
[2024-07-12T19:04:23.811+0000] {taskinstance.py:441} INFO - ::group::Post task execution logs
[2024-07-12T19:04:23.812+0000] {taskinstance.py:2905} ERROR - Task failed with exception
Traceback (most recent call last):
  File "/home/airflow/.local/lib/python3.12/site-packages/airflow/models/taskinstance.py", line 465, in _execute_task
    result = _execute_callable(context=context, **execute_callable_kwargs)
             ^^^^^^^^^^^^^^^^^^^^^^^^^^^^^^^^^^^^^^^^^^^^^^^^^^^^^^^^^^^^^
  File "/home/airflow/.local/lib/python3.12/site-packages/airflow/models/taskinstance.py", line 432, in _execute_callable
    return execute_callable(context=context, **execute_callable_kwargs)
           ^^^^^^^^^^^^^^^^^^^^^^^^^^^^^^^^^^^^^^^^^^^^^^^^^^^^^^^^^^^^
  File "/home/airflow/.local/lib/python3.12/site-packages/airflow/models/baseoperator.py", line 401, in wrapper
    return func(self, *args, **kwargs)
           ^^^^^^^^^^^^^^^^^^^^^^^^^^^
  File "/home/airflow/.local/lib/python3.12/site-packages/airflow/operators/python.py", line 235, in execute
    return_value = self.execute_callable()
                   ^^^^^^^^^^^^^^^^^^^^^^^
  File "/home/airflow/.local/lib/python3.12/site-packages/airflow/operators/python.py", line 252, in execute_callable
    return self.python_callable(*self.op_args, **self.op_kwargs)
           ^^^^^^^^^^^^^^^^^^^^^^^^^^^^^^^^^^^^^^^^^^^^^^^^^^^^^
  File "/opt/airflow/dags/dag_pipeline_northwind.py", line 40, in extract_postgres_table
    result = subprocess.run(extract_command, shell=True, check=True, capture_output=True, text=True)
             ^^^^^^^^^^^^^^^^^^^^^^^^^^^^^^^^^^^^^^^^^^^^^^^^^^^^^^^^^^^^^^^^^^^^^^^^^^^^^^^^^^^^^^^
  File "/usr/local/lib/python3.12/subprocess.py", line 571, in run
    raise CalledProcessError(retcode, process.args,
subprocess.CalledProcessError: Command 'meltano elt tap-postgres target-csv --transform=run --job_id=extract_postgres_employee_territories_2024-07-11' returned non-zero exit status 127.
[2024-07-12T19:04:23.835+0000] {taskinstance.py:1206} INFO - Marking task as UP_FOR_RETRY. dag_id=dag_pipeline_northwind, task_id=extract_postgres_employee_territories, run_id=scheduled__2024-07-11T00:00:00+00:00, execution_date=20240711T000000, start_date=20240712T190423, end_date=20240712T190423
[2024-07-12T19:04:23.861+0000] {standard_task_runner.py:110} ERROR - Failed to execute job 5568 for task extract_postgres_employee_territories (Command 'meltano elt tap-postgres target-csv --transform=run --job_id=extract_postgres_employee_territories_2024-07-11' returned non-zero exit status 127.; 290)
[2024-07-12T19:04:23.891+0000] {local_task_job_runner.py:240} INFO - Task exited with return code 1
[2024-07-12T19:04:23.908+0000] {local_task_job_runner.py:222} INFO - ::endgroup::
[2024-07-14T21:47:57.110+0000] {local_task_job_runner.py:120} INFO - ::group::Pre task execution logs
[2024-07-14T21:47:57.257+0000] {taskinstance.py:2076} INFO - Dependencies all met for dep_context=non-requeueable deps ti=<TaskInstance: dag_pipeline_northwind.extract_postgres_employee_territories scheduled__2024-07-11T00:00:00+00:00 [queued]>
[2024-07-14T21:47:57.279+0000] {taskinstance.py:2076} INFO - Dependencies all met for dep_context=requeueable deps ti=<TaskInstance: dag_pipeline_northwind.extract_postgres_employee_territories scheduled__2024-07-11T00:00:00+00:00 [queued]>
[2024-07-14T21:47:57.280+0000] {taskinstance.py:2306} INFO - Starting attempt 1 of 2
[2024-07-14T21:47:57.349+0000] {taskinstance.py:2330} INFO - Executing <Task(PythonOperator): extract_postgres_employee_territories> on 2024-07-11 00:00:00+00:00
[2024-07-14T21:47:57.364+0000] {logging_mixin.py:188} WARNING - /home/airflow/.local/lib/python3.12/site-packages/airflow/task/task_runner/standard_task_runner.py:61 DeprecationWarning: This process (pid=280) is multi-threaded, use of fork() may lead to deadlocks in the child.
[2024-07-14T21:47:57.366+0000] {standard_task_runner.py:63} INFO - Started process 304 to run task
[2024-07-14T21:47:57.369+0000] {standard_task_runner.py:90} INFO - Running: ['airflow', 'tasks', 'run', 'dag_pipeline_northwind', 'extract_postgres_employee_territories', 'scheduled__2024-07-11T00:00:00+00:00', '--job-id', '5717', '--raw', '--subdir', 'DAGS_FOLDER/dag_pipeline_northwind.py', '--cfg-path', '/tmp/tmp4l3g3zus']
[2024-07-14T21:47:57.374+0000] {standard_task_runner.py:91} INFO - Job 5717: Subtask extract_postgres_employee_territories
[2024-07-14T21:47:57.530+0000] {task_command.py:426} INFO - Running <TaskInstance: dag_pipeline_northwind.extract_postgres_employee_territories scheduled__2024-07-11T00:00:00+00:00 [running]> on host ee4b7f7f7c3e
[2024-07-14T21:47:57.773+0000] {taskinstance.py:2648} INFO - Exporting env vars: AIRFLOW_CTX_DAG_OWNER='airflow' AIRFLOW_CTX_DAG_ID='dag_pipeline_northwind' AIRFLOW_CTX_TASK_ID='extract_postgres_employee_territories' AIRFLOW_CTX_EXECUTION_DATE='2024-07-11T00:00:00+00:00' AIRFLOW_CTX_TRY_NUMBER='1' AIRFLOW_CTX_DAG_RUN_ID='scheduled__2024-07-11T00:00:00+00:00'
[2024-07-14T21:47:57.776+0000] {taskinstance.py:430} INFO - ::endgroup::
[2024-07-14T21:47:57.836+0000] {logging_mixin.py:188} INFO - Running command: meltano elt tap-postgres target-csv --transform=run --job_id=extract_postgres_employee_territories_2024-07-11
[2024-07-14T21:47:57.845+0000] {logging_mixin.py:188} INFO - Command failed with error: Command 'meltano elt tap-postgres target-csv --transform=run --job_id=extract_postgres_employee_territories_2024-07-11' returned non-zero exit status 127.
[2024-07-14T21:47:57.846+0000] {taskinstance.py:441} INFO - ::group::Post task execution logs
[2024-07-14T21:47:57.847+0000] {taskinstance.py:2905} ERROR - Task failed with exception
Traceback (most recent call last):
  File "/home/airflow/.local/lib/python3.12/site-packages/airflow/models/taskinstance.py", line 465, in _execute_task
    result = _execute_callable(context=context, **execute_callable_kwargs)
             ^^^^^^^^^^^^^^^^^^^^^^^^^^^^^^^^^^^^^^^^^^^^^^^^^^^^^^^^^^^^^
  File "/home/airflow/.local/lib/python3.12/site-packages/airflow/models/taskinstance.py", line 432, in _execute_callable
    return execute_callable(context=context, **execute_callable_kwargs)
           ^^^^^^^^^^^^^^^^^^^^^^^^^^^^^^^^^^^^^^^^^^^^^^^^^^^^^^^^^^^^
  File "/home/airflow/.local/lib/python3.12/site-packages/airflow/models/baseoperator.py", line 401, in wrapper
    return func(self, *args, **kwargs)
           ^^^^^^^^^^^^^^^^^^^^^^^^^^^
  File "/home/airflow/.local/lib/python3.12/site-packages/airflow/operators/python.py", line 235, in execute
    return_value = self.execute_callable()
                   ^^^^^^^^^^^^^^^^^^^^^^^
  File "/home/airflow/.local/lib/python3.12/site-packages/airflow/operators/python.py", line 252, in execute_callable
    return self.python_callable(*self.op_args, **self.op_kwargs)
           ^^^^^^^^^^^^^^^^^^^^^^^^^^^^^^^^^^^^^^^^^^^^^^^^^^^^^
  File "/opt/airflow/dags/dag_pipeline_northwind.py", line 40, in extract_postgres_table
    result = subprocess.run(extract_command, shell=True, check=True, capture_output=True, text=True)
             ^^^^^^^^^^^^^^^^^^^^^^^^^^^^^^^^^^^^^^^^^^^^^^^^^^^^^^^^^^^^^^^^^^^^^^^^^^^^^^^^^^^^^^^
  File "/usr/local/lib/python3.12/subprocess.py", line 571, in run
    raise CalledProcessError(retcode, process.args,
subprocess.CalledProcessError: Command 'meltano elt tap-postgres target-csv --transform=run --job_id=extract_postgres_employee_territories_2024-07-11' returned non-zero exit status 127.
[2024-07-14T21:47:57.876+0000] {taskinstance.py:1206} INFO - Marking task as UP_FOR_RETRY. dag_id=dag_pipeline_northwind, task_id=extract_postgres_employee_territories, run_id=scheduled__2024-07-11T00:00:00+00:00, execution_date=20240711T000000, start_date=20240714T214757, end_date=20240714T214757
[2024-07-14T21:47:57.968+0000] {standard_task_runner.py:110} ERROR - Failed to execute job 5717 for task extract_postgres_employee_territories (Command 'meltano elt tap-postgres target-csv --transform=run --job_id=extract_postgres_employee_territories_2024-07-11' returned non-zero exit status 127.; 304)
[2024-07-14T21:47:57.992+0000] {local_task_job_runner.py:240} INFO - Task exited with return code 1
[2024-07-14T21:47:58.014+0000] {local_task_job_runner.py:222} INFO - ::endgroup::
