[2024-07-12T18:16:59.945+0000] {local_task_job_runner.py:120} INFO - ::group::Pre task execution logs
[2024-07-12T18:17:00.081+0000] {taskinstance.py:2076} INFO - Dependencies all met for dep_context=non-requeueable deps ti=<TaskInstance: dag_pipeline_northwind.extract_postgres_employee_territories scheduled__2024-07-11T00:00:00+00:00 [queued]>
[2024-07-12T18:17:00.101+0000] {taskinstance.py:2076} INFO - Dependencies all met for dep_context=requeueable deps ti=<TaskInstance: dag_pipeline_northwind.extract_postgres_employee_territories scheduled__2024-07-11T00:00:00+00:00 [queued]>
[2024-07-12T18:17:00.103+0000] {taskinstance.py:2306} INFO - Starting attempt 2 of 2
[2024-07-12T18:17:00.138+0000] {taskinstance.py:2330} INFO - Executing <Task(PythonOperator): extract_postgres_employee_territories> on 2024-07-11 00:00:00+00:00
[2024-07-12T18:17:00.161+0000] {standard_task_runner.py:90} INFO - Running: ['airflow', 'tasks', 'run', 'dag_pipeline_northwind', 'extract_postgres_employee_territories', 'scheduled__2024-07-11T00:00:00+00:00', '--job-id', '5411', '--raw', '--subdir', 'DAGS_FOLDER/dag_pipeline_northwind.py', '--cfg-path', '/tmp/tmpfptqkrsg']
[2024-07-12T18:17:00.167+0000] {standard_task_runner.py:91} INFO - Job 5411: Subtask extract_postgres_employee_territories
[2024-07-12T18:17:00.378+0000] {logging_mixin.py:188} WARNING - /home/airflow/.local/lib/python3.12/site-packages/airflow/task/task_runner/standard_task_runner.py:61 DeprecationWarning: This process (pid=264) is multi-threaded, use of fork() may lead to deadlocks in the child.
[2024-07-12T18:17:00.387+0000] {standard_task_runner.py:63} INFO - Started process 274 to run task
[2024-07-12T18:17:00.464+0000] {task_command.py:426} INFO - Running <TaskInstance: dag_pipeline_northwind.extract_postgres_employee_territories scheduled__2024-07-11T00:00:00+00:00 [running]> on host ae84c7ea76bc
[2024-07-12T18:17:00.676+0000] {taskinstance.py:2648} INFO - Exporting env vars: AIRFLOW_CTX_DAG_OWNER='airflow' AIRFLOW_CTX_DAG_ID='dag_pipeline_northwind' AIRFLOW_CTX_TASK_ID='extract_postgres_employee_territories' AIRFLOW_CTX_EXECUTION_DATE='2024-07-11T00:00:00+00:00' AIRFLOW_CTX_TRY_NUMBER='2' AIRFLOW_CTX_DAG_RUN_ID='scheduled__2024-07-11T00:00:00+00:00'
[2024-07-12T18:17:00.681+0000] {taskinstance.py:430} INFO - ::endgroup::
[2024-07-12T18:17:00.732+0000] {logging_mixin.py:188} INFO - Running command: meltano elt tap-postgres target-csv --transform=run --job_id=extract_postgres_employee_territories_2024-07-11
[2024-07-12T18:17:00.742+0000] {logging_mixin.py:188} INFO - Command failed with error: Command 'meltano elt tap-postgres target-csv --transform=run --job_id=extract_postgres_employee_territories_2024-07-11' returned non-zero exit status 127.
[2024-07-12T18:17:00.743+0000] {taskinstance.py:441} INFO - ::group::Post task execution logs
[2024-07-12T18:17:00.744+0000] {taskinstance.py:2905} ERROR - Task failed with exception
Traceback (most recent call last):
  File "/home/airflow/.local/lib/python3.12/site-packages/airflow/models/taskinstance.py", line 465, in _execute_task
    result = _execute_callable(context=context, **execute_callable_kwargs)
             ^^^^^^^^^^^^^^^^^^^^^^^^^^^^^^^^^^^^^^^^^^^^^^^^^^^^^^^^^^^^^
  File "/home/airflow/.local/lib/python3.12/site-packages/airflow/models/taskinstance.py", line 432, in _execute_callable
    return execute_callable(context=context, **execute_callable_kwargs)
           ^^^^^^^^^^^^^^^^^^^^^^^^^^^^^^^^^^^^^^^^^^^^^^^^^^^^^^^^^^^^
  File "/home/airflow/.local/lib/python3.12/site-packages/airflow/models/baseoperator.py", line 401, in wrapper
    return func(self, *args, **kwargs)
           ^^^^^^^^^^^^^^^^^^^^^^^^^^^
  File "/home/airflow/.local/lib/python3.12/site-packages/airflow/operators/python.py", line 235, in execute
    return_value = self.execute_callable()
                   ^^^^^^^^^^^^^^^^^^^^^^^
  File "/home/airflow/.local/lib/python3.12/site-packages/airflow/operators/python.py", line 252, in execute_callable
    return self.python_callable(*self.op_args, **self.op_kwargs)
           ^^^^^^^^^^^^^^^^^^^^^^^^^^^^^^^^^^^^^^^^^^^^^^^^^^^^^
  File "/opt/airflow/dags/dag_pipeline_northwind.py", line 40, in extract_postgres_table
    result = subprocess.run(extract_command, shell=True, check=True, capture_output=True, text=True)
             ^^^^^^^^^^^^^^^^^^^^^^^^^^^^^^^^^^^^^^^^^^^^^^^^^^^^^^^^^^^^^^^^^^^^^^^^^^^^^^^^^^^^^^^
  File "/usr/local/lib/python3.12/subprocess.py", line 571, in run
    raise CalledProcessError(retcode, process.args,
subprocess.CalledProcessError: Command 'meltano elt tap-postgres target-csv --transform=run --job_id=extract_postgres_employee_territories_2024-07-11' returned non-zero exit status 127.
[2024-07-12T18:17:00.772+0000] {taskinstance.py:1206} INFO - Marking task as FAILED. dag_id=dag_pipeline_northwind, task_id=extract_postgres_employee_territories, run_id=scheduled__2024-07-11T00:00:00+00:00, execution_date=20240711T000000, start_date=20240712T181700, end_date=20240712T181700
[2024-07-12T18:17:00.894+0000] {standard_task_runner.py:110} ERROR - Failed to execute job 5411 for task extract_postgres_employee_territories (Command 'meltano elt tap-postgres target-csv --transform=run --job_id=extract_postgres_employee_territories_2024-07-11' returned non-zero exit status 127.; 274)
[2024-07-12T18:17:00.932+0000] {local_task_job_runner.py:240} INFO - Task exited with return code 1
[2024-07-12T18:17:00.966+0000] {taskinstance.py:3503} INFO - 0 downstream tasks scheduled from follow-on schedule check
[2024-07-12T18:17:00.968+0000] {local_task_job_runner.py:222} INFO - ::endgroup::
[2024-07-12T18:36:57.772+0000] {local_task_job_runner.py:120} INFO - ::group::Pre task execution logs
[2024-07-12T18:36:57.849+0000] {taskinstance.py:2076} INFO - Dependencies all met for dep_context=non-requeueable deps ti=<TaskInstance: dag_pipeline_northwind.extract_postgres_employee_territories scheduled__2024-07-11T00:00:00+00:00 [queued]>
[2024-07-12T18:36:57.868+0000] {taskinstance.py:2076} INFO - Dependencies all met for dep_context=requeueable deps ti=<TaskInstance: dag_pipeline_northwind.extract_postgres_employee_territories scheduled__2024-07-11T00:00:00+00:00 [queued]>
[2024-07-12T18:36:57.869+0000] {taskinstance.py:2306} INFO - Starting attempt 2 of 2
[2024-07-12T18:36:57.894+0000] {taskinstance.py:2330} INFO - Executing <Task(PythonOperator): extract_postgres_employee_territories> on 2024-07-11 00:00:00+00:00
[2024-07-12T18:36:57.925+0000] {logging_mixin.py:188} WARNING - /home/airflow/.local/lib/python3.12/site-packages/airflow/task/task_runner/standard_task_runner.py:61 DeprecationWarning: This process (pid=517) is multi-threaded, use of fork() may lead to deadlocks in the child.
[2024-07-12T18:36:57.928+0000] {standard_task_runner.py:63} INFO - Started process 525 to run task
[2024-07-12T18:36:57.926+0000] {standard_task_runner.py:90} INFO - Running: ['airflow', 'tasks', 'run', 'dag_pipeline_northwind', 'extract_postgres_employee_territories', 'scheduled__2024-07-11T00:00:00+00:00', '--job-id', '5516', '--raw', '--subdir', 'DAGS_FOLDER/dag_pipeline_northwind.py', '--cfg-path', '/tmp/tmpf3_hkdvd']
[2024-07-12T18:36:57.931+0000] {standard_task_runner.py:91} INFO - Job 5516: Subtask extract_postgres_employee_territories
[2024-07-12T18:36:58.041+0000] {task_command.py:426} INFO - Running <TaskInstance: dag_pipeline_northwind.extract_postgres_employee_territories scheduled__2024-07-11T00:00:00+00:00 [running]> on host da29552222cb
[2024-07-12T18:36:58.224+0000] {taskinstance.py:2648} INFO - Exporting env vars: AIRFLOW_CTX_DAG_OWNER='airflow' AIRFLOW_CTX_DAG_ID='dag_pipeline_northwind' AIRFLOW_CTX_TASK_ID='extract_postgres_employee_territories' AIRFLOW_CTX_EXECUTION_DATE='2024-07-11T00:00:00+00:00' AIRFLOW_CTX_TRY_NUMBER='2' AIRFLOW_CTX_DAG_RUN_ID='scheduled__2024-07-11T00:00:00+00:00'
[2024-07-12T18:36:58.229+0000] {taskinstance.py:430} INFO - ::endgroup::
[2024-07-12T18:36:58.260+0000] {logging_mixin.py:188} INFO - Running command: meltano elt tap-postgres target-csv --transform=run --job_id=extract_postgres_employee_territories_2024-07-11
[2024-07-12T18:36:58.264+0000] {logging_mixin.py:188} INFO - Command failed with error: Command 'meltano elt tap-postgres target-csv --transform=run --job_id=extract_postgres_employee_territories_2024-07-11' returned non-zero exit status 127.
[2024-07-12T18:36:58.265+0000] {taskinstance.py:441} INFO - ::group::Post task execution logs
[2024-07-12T18:36:58.266+0000] {taskinstance.py:2905} ERROR - Task failed with exception
Traceback (most recent call last):
  File "/home/airflow/.local/lib/python3.12/site-packages/airflow/models/taskinstance.py", line 465, in _execute_task
    result = _execute_callable(context=context, **execute_callable_kwargs)
             ^^^^^^^^^^^^^^^^^^^^^^^^^^^^^^^^^^^^^^^^^^^^^^^^^^^^^^^^^^^^^
  File "/home/airflow/.local/lib/python3.12/site-packages/airflow/models/taskinstance.py", line 432, in _execute_callable
    return execute_callable(context=context, **execute_callable_kwargs)
           ^^^^^^^^^^^^^^^^^^^^^^^^^^^^^^^^^^^^^^^^^^^^^^^^^^^^^^^^^^^^
  File "/home/airflow/.local/lib/python3.12/site-packages/airflow/models/baseoperator.py", line 401, in wrapper
    return func(self, *args, **kwargs)
           ^^^^^^^^^^^^^^^^^^^^^^^^^^^
  File "/home/airflow/.local/lib/python3.12/site-packages/airflow/operators/python.py", line 235, in execute
    return_value = self.execute_callable()
                   ^^^^^^^^^^^^^^^^^^^^^^^
  File "/home/airflow/.local/lib/python3.12/site-packages/airflow/operators/python.py", line 252, in execute_callable
    return self.python_callable(*self.op_args, **self.op_kwargs)
           ^^^^^^^^^^^^^^^^^^^^^^^^^^^^^^^^^^^^^^^^^^^^^^^^^^^^^
  File "/opt/airflow/dags/dag_pipeline_northwind.py", line 40, in extract_postgres_table
    result = subprocess.run(extract_command, shell=True, check=True, capture_output=True, text=True)
             ^^^^^^^^^^^^^^^^^^^^^^^^^^^^^^^^^^^^^^^^^^^^^^^^^^^^^^^^^^^^^^^^^^^^^^^^^^^^^^^^^^^^^^^
  File "/usr/local/lib/python3.12/subprocess.py", line 571, in run
    raise CalledProcessError(retcode, process.args,
subprocess.CalledProcessError: Command 'meltano elt tap-postgres target-csv --transform=run --job_id=extract_postgres_employee_territories_2024-07-11' returned non-zero exit status 127.
[2024-07-12T18:36:58.288+0000] {taskinstance.py:1206} INFO - Marking task as FAILED. dag_id=dag_pipeline_northwind, task_id=extract_postgres_employee_territories, run_id=scheduled__2024-07-11T00:00:00+00:00, execution_date=20240711T000000, start_date=20240712T183657, end_date=20240712T183658
[2024-07-12T18:36:58.311+0000] {standard_task_runner.py:110} ERROR - Failed to execute job 5516 for task extract_postgres_employee_territories (Command 'meltano elt tap-postgres target-csv --transform=run --job_id=extract_postgres_employee_territories_2024-07-11' returned non-zero exit status 127.; 525)
[2024-07-12T18:36:58.348+0000] {local_task_job_runner.py:240} INFO - Task exited with return code 1
[2024-07-12T18:36:58.364+0000] {local_task_job_runner.py:222} INFO - ::endgroup::
[2024-07-12T19:09:27.907+0000] {local_task_job_runner.py:120} INFO - ::group::Pre task execution logs
[2024-07-12T19:09:28.087+0000] {taskinstance.py:2076} INFO - Dependencies all met for dep_context=non-requeueable deps ti=<TaskInstance: dag_pipeline_northwind.extract_postgres_employee_territories scheduled__2024-07-11T00:00:00+00:00 [queued]>
[2024-07-12T19:09:28.133+0000] {taskinstance.py:2076} INFO - Dependencies all met for dep_context=requeueable deps ti=<TaskInstance: dag_pipeline_northwind.extract_postgres_employee_territories scheduled__2024-07-11T00:00:00+00:00 [queued]>
[2024-07-12T19:09:28.134+0000] {taskinstance.py:2306} INFO - Starting attempt 2 of 2
[2024-07-12T19:09:28.203+0000] {taskinstance.py:2330} INFO - Executing <Task(PythonOperator): extract_postgres_employee_territories> on 2024-07-11 00:00:00+00:00
[2024-07-12T19:09:28.219+0000] {logging_mixin.py:188} WARNING - /home/airflow/.local/lib/python3.12/site-packages/airflow/task/task_runner/standard_task_runner.py:61 DeprecationWarning: This process (pid=419) is multi-threaded, use of fork() may lead to deadlocks in the child.
[2024-07-12T19:09:28.218+0000] {standard_task_runner.py:90} INFO - Running: ['airflow', 'tasks', 'run', 'dag_pipeline_northwind', 'extract_postgres_employee_territories', 'scheduled__2024-07-11T00:00:00+00:00', '--job-id', '5604', '--raw', '--subdir', 'DAGS_FOLDER/dag_pipeline_northwind.py', '--cfg-path', '/tmp/tmp7xwui550']
[2024-07-12T19:09:28.223+0000] {standard_task_runner.py:91} INFO - Job 5604: Subtask extract_postgres_employee_territories
[2024-07-12T19:09:28.222+0000] {standard_task_runner.py:63} INFO - Started process 425 to run task
[2024-07-12T19:09:28.364+0000] {task_command.py:426} INFO - Running <TaskInstance: dag_pipeline_northwind.extract_postgres_employee_territories scheduled__2024-07-11T00:00:00+00:00 [running]> on host 5ef7300ef9b1
[2024-07-12T19:09:28.998+0000] {taskinstance.py:2648} INFO - Exporting env vars: AIRFLOW_CTX_DAG_OWNER='airflow' AIRFLOW_CTX_DAG_ID='dag_pipeline_northwind' AIRFLOW_CTX_TASK_ID='extract_postgres_employee_territories' AIRFLOW_CTX_EXECUTION_DATE='2024-07-11T00:00:00+00:00' AIRFLOW_CTX_TRY_NUMBER='2' AIRFLOW_CTX_DAG_RUN_ID='scheduled__2024-07-11T00:00:00+00:00'
[2024-07-12T19:09:29.002+0000] {taskinstance.py:430} INFO - ::endgroup::
[2024-07-12T19:09:29.129+0000] {logging_mixin.py:188} INFO - Running command: meltano elt tap-postgres target-csv --transform=run --job_id=extract_postgres_employee_territories_2024-07-11
[2024-07-12T19:09:29.217+0000] {logging_mixin.py:188} INFO - Command failed with error: Command 'meltano elt tap-postgres target-csv --transform=run --job_id=extract_postgres_employee_territories_2024-07-11' returned non-zero exit status 127.
[2024-07-12T19:09:29.228+0000] {taskinstance.py:441} INFO - ::group::Post task execution logs
[2024-07-12T19:09:29.244+0000] {taskinstance.py:2905} ERROR - Task failed with exception
Traceback (most recent call last):
  File "/home/airflow/.local/lib/python3.12/site-packages/airflow/models/taskinstance.py", line 465, in _execute_task
    result = _execute_callable(context=context, **execute_callable_kwargs)
             ^^^^^^^^^^^^^^^^^^^^^^^^^^^^^^^^^^^^^^^^^^^^^^^^^^^^^^^^^^^^^
  File "/home/airflow/.local/lib/python3.12/site-packages/airflow/models/taskinstance.py", line 432, in _execute_callable
    return execute_callable(context=context, **execute_callable_kwargs)
           ^^^^^^^^^^^^^^^^^^^^^^^^^^^^^^^^^^^^^^^^^^^^^^^^^^^^^^^^^^^^
  File "/home/airflow/.local/lib/python3.12/site-packages/airflow/models/baseoperator.py", line 401, in wrapper
    return func(self, *args, **kwargs)
           ^^^^^^^^^^^^^^^^^^^^^^^^^^^
  File "/home/airflow/.local/lib/python3.12/site-packages/airflow/operators/python.py", line 235, in execute
    return_value = self.execute_callable()
                   ^^^^^^^^^^^^^^^^^^^^^^^
  File "/home/airflow/.local/lib/python3.12/site-packages/airflow/operators/python.py", line 252, in execute_callable
    return self.python_callable(*self.op_args, **self.op_kwargs)
           ^^^^^^^^^^^^^^^^^^^^^^^^^^^^^^^^^^^^^^^^^^^^^^^^^^^^^
  File "/opt/airflow/dags/dag_pipeline_northwind.py", line 40, in extract_postgres_table
    result = subprocess.run(extract_command, shell=True, check=True, capture_output=True, text=True)
             ^^^^^^^^^^^^^^^^^^^^^^^^^^^^^^^^^^^^^^^^^^^^^^^^^^^^^^^^^^^^^^^^^^^^^^^^^^^^^^^^^^^^^^^
  File "/usr/local/lib/python3.12/subprocess.py", line 571, in run
    raise CalledProcessError(retcode, process.args,
subprocess.CalledProcessError: Command 'meltano elt tap-postgres target-csv --transform=run --job_id=extract_postgres_employee_territories_2024-07-11' returned non-zero exit status 127.
[2024-07-12T19:09:29.352+0000] {taskinstance.py:1206} INFO - Marking task as FAILED. dag_id=dag_pipeline_northwind, task_id=extract_postgres_employee_territories, run_id=scheduled__2024-07-11T00:00:00+00:00, execution_date=20240711T000000, start_date=20240712T190928, end_date=20240712T190929
[2024-07-12T19:09:29.524+0000] {standard_task_runner.py:110} ERROR - Failed to execute job 5604 for task extract_postgres_employee_territories (Command 'meltano elt tap-postgres target-csv --transform=run --job_id=extract_postgres_employee_territories_2024-07-11' returned non-zero exit status 127.; 425)
[2024-07-12T19:09:29.595+0000] {local_task_job_runner.py:240} INFO - Task exited with return code 1
[2024-07-12T19:09:29.648+0000] {local_task_job_runner.py:222} INFO - ::endgroup::
[2024-07-14T21:53:01.722+0000] {local_task_job_runner.py:120} INFO - ::group::Pre task execution logs
[2024-07-14T21:53:01.918+0000] {taskinstance.py:2076} INFO - Dependencies all met for dep_context=non-requeueable deps ti=<TaskInstance: dag_pipeline_northwind.extract_postgres_employee_territories scheduled__2024-07-11T00:00:00+00:00 [queued]>
[2024-07-14T21:53:01.962+0000] {taskinstance.py:2076} INFO - Dependencies all met for dep_context=requeueable deps ti=<TaskInstance: dag_pipeline_northwind.extract_postgres_employee_territories scheduled__2024-07-11T00:00:00+00:00 [queued]>
[2024-07-14T21:53:01.966+0000] {taskinstance.py:2306} INFO - Starting attempt 2 of 2
[2024-07-14T21:53:02.032+0000] {taskinstance.py:2330} INFO - Executing <Task(PythonOperator): extract_postgres_employee_territories> on 2024-07-11 00:00:00+00:00
[2024-07-14T21:53:02.064+0000] {standard_task_runner.py:90} INFO - Running: ['airflow', 'tasks', 'run', 'dag_pipeline_northwind', 'extract_postgres_employee_territories', 'scheduled__2024-07-11T00:00:00+00:00', '--job-id', '5795', '--raw', '--subdir', 'DAGS_FOLDER/dag_pipeline_northwind.py', '--cfg-path', '/tmp/tmpq6d47qgh']
[2024-07-14T21:53:02.075+0000] {standard_task_runner.py:91} INFO - Job 5795: Subtask extract_postgres_employee_territories
[2024-07-14T21:53:02.106+0000] {logging_mixin.py:188} WARNING - /home/airflow/.local/lib/python3.12/site-packages/airflow/task/task_runner/standard_task_runner.py:61 DeprecationWarning: This process (pid=553) is multi-threaded, use of fork() may lead to deadlocks in the child.
[2024-07-14T21:53:02.107+0000] {standard_task_runner.py:63} INFO - Started process 570 to run task
[2024-07-14T21:53:02.280+0000] {task_command.py:426} INFO - Running <TaskInstance: dag_pipeline_northwind.extract_postgres_employee_territories scheduled__2024-07-11T00:00:00+00:00 [running]> on host ee4b7f7f7c3e
[2024-07-14T21:53:02.640+0000] {taskinstance.py:2648} INFO - Exporting env vars: AIRFLOW_CTX_DAG_OWNER='airflow' AIRFLOW_CTX_DAG_ID='dag_pipeline_northwind' AIRFLOW_CTX_TASK_ID='extract_postgres_employee_territories' AIRFLOW_CTX_EXECUTION_DATE='2024-07-11T00:00:00+00:00' AIRFLOW_CTX_TRY_NUMBER='2' AIRFLOW_CTX_DAG_RUN_ID='scheduled__2024-07-11T00:00:00+00:00'
[2024-07-14T21:53:02.652+0000] {taskinstance.py:430} INFO - ::endgroup::
[2024-07-14T21:53:02.707+0000] {logging_mixin.py:188} INFO - Running command: meltano elt tap-postgres target-csv --transform=run --job_id=extract_postgres_employee_territories_2024-07-11
[2024-07-14T21:53:02.720+0000] {logging_mixin.py:188} INFO - Command failed with error: Command 'meltano elt tap-postgres target-csv --transform=run --job_id=extract_postgres_employee_territories_2024-07-11' returned non-zero exit status 127.
[2024-07-14T21:53:02.724+0000] {taskinstance.py:441} INFO - ::group::Post task execution logs
[2024-07-14T21:53:02.725+0000] {taskinstance.py:2905} ERROR - Task failed with exception
Traceback (most recent call last):
  File "/home/airflow/.local/lib/python3.12/site-packages/airflow/models/taskinstance.py", line 465, in _execute_task
    result = _execute_callable(context=context, **execute_callable_kwargs)
             ^^^^^^^^^^^^^^^^^^^^^^^^^^^^^^^^^^^^^^^^^^^^^^^^^^^^^^^^^^^^^
  File "/home/airflow/.local/lib/python3.12/site-packages/airflow/models/taskinstance.py", line 432, in _execute_callable
    return execute_callable(context=context, **execute_callable_kwargs)
           ^^^^^^^^^^^^^^^^^^^^^^^^^^^^^^^^^^^^^^^^^^^^^^^^^^^^^^^^^^^^
  File "/home/airflow/.local/lib/python3.12/site-packages/airflow/models/baseoperator.py", line 401, in wrapper
    return func(self, *args, **kwargs)
           ^^^^^^^^^^^^^^^^^^^^^^^^^^^
  File "/home/airflow/.local/lib/python3.12/site-packages/airflow/operators/python.py", line 235, in execute
    return_value = self.execute_callable()
                   ^^^^^^^^^^^^^^^^^^^^^^^
  File "/home/airflow/.local/lib/python3.12/site-packages/airflow/operators/python.py", line 252, in execute_callable
    return self.python_callable(*self.op_args, **self.op_kwargs)
           ^^^^^^^^^^^^^^^^^^^^^^^^^^^^^^^^^^^^^^^^^^^^^^^^^^^^^
  File "/opt/airflow/dags/dag_pipeline_northwind.py", line 40, in extract_postgres_table
    result = subprocess.run(extract_command, shell=True, check=True, capture_output=True, text=True)
             ^^^^^^^^^^^^^^^^^^^^^^^^^^^^^^^^^^^^^^^^^^^^^^^^^^^^^^^^^^^^^^^^^^^^^^^^^^^^^^^^^^^^^^^
  File "/usr/local/lib/python3.12/subprocess.py", line 571, in run
    raise CalledProcessError(retcode, process.args,
subprocess.CalledProcessError: Command 'meltano elt tap-postgres target-csv --transform=run --job_id=extract_postgres_employee_territories_2024-07-11' returned non-zero exit status 127.
[2024-07-14T21:53:02.766+0000] {taskinstance.py:1206} INFO - Marking task as FAILED. dag_id=dag_pipeline_northwind, task_id=extract_postgres_employee_territories, run_id=scheduled__2024-07-11T00:00:00+00:00, execution_date=20240711T000000, start_date=20240714T215301, end_date=20240714T215302
[2024-07-14T21:53:02.803+0000] {standard_task_runner.py:110} ERROR - Failed to execute job 5795 for task extract_postgres_employee_territories (Command 'meltano elt tap-postgres target-csv --transform=run --job_id=extract_postgres_employee_territories_2024-07-11' returned non-zero exit status 127.; 570)
[2024-07-14T21:53:02.850+0000] {local_task_job_runner.py:240} INFO - Task exited with return code 1
[2024-07-14T21:53:02.932+0000] {taskinstance.py:3503} INFO - 0 downstream tasks scheduled from follow-on schedule check
[2024-07-14T21:53:02.937+0000] {local_task_job_runner.py:222} INFO - ::endgroup::
