[2024-07-01T01:25:40.202+0000] {local_task_job_runner.py:120} INFO - ::group::Pre task execution logs
[2024-07-01T01:25:40.311+0000] {taskinstance.py:2076} INFO - Dependencies all met for dep_context=non-requeueable deps ti=<TaskInstance: dag_northwind.extract_csv scheduled__2024-03-23T00:00:00+00:00 [queued]>
[2024-07-01T01:25:40.338+0000] {taskinstance.py:2076} INFO - Dependencies all met for dep_context=requeueable deps ti=<TaskInstance: dag_northwind.extract_csv scheduled__2024-03-23T00:00:00+00:00 [queued]>
[2024-07-01T01:25:40.339+0000] {taskinstance.py:2306} INFO - Starting attempt 1 of 2
[2024-07-01T01:25:40.419+0000] {taskinstance.py:2330} INFO - Executing <Task(BashOperator): extract_csv> on 2024-03-23 00:00:00+00:00
[2024-07-01T01:25:40.442+0000] {logging_mixin.py:188} WARNING - /home/airflow/.local/lib/python3.12/site-packages/airflow/task/task_runner/standard_task_runner.py:61 DeprecationWarning: This process (pid=893) is multi-threaded, use of fork() may lead to deadlocks in the child.
[2024-07-01T01:25:40.442+0000] {standard_task_runner.py:90} INFO - Running: ['airflow', 'tasks', 'run', 'dag_northwind', 'extract_csv', 'scheduled__2024-03-23T00:00:00+00:00', '--job-id', '654', '--raw', '--subdir', 'DAGS_FOLDER/dag_northwind.py', '--cfg-path', '/tmp/tmpt35oz5l3']
[2024-07-01T01:25:40.445+0000] {standard_task_runner.py:63} INFO - Started process 904 to run task
[2024-07-01T01:25:40.447+0000] {standard_task_runner.py:91} INFO - Job 654: Subtask extract_csv
[2024-07-01T01:25:40.590+0000] {task_command.py:426} INFO - Running <TaskInstance: dag_northwind.extract_csv scheduled__2024-03-23T00:00:00+00:00 [running]> on host 05d913303710
[2024-07-01T01:25:40.823+0000] {taskinstance.py:2648} INFO - Exporting env vars: AIRFLOW_CTX_DAG_OWNER='airflow' AIRFLOW_CTX_DAG_ID='dag_northwind' AIRFLOW_CTX_TASK_ID='extract_csv' AIRFLOW_CTX_EXECUTION_DATE='2024-03-23T00:00:00+00:00' AIRFLOW_CTX_TRY_NUMBER='1' AIRFLOW_CTX_DAG_RUN_ID='scheduled__2024-03-23T00:00:00+00:00'
[2024-07-01T01:25:40.834+0000] {taskinstance.py:430} INFO - ::endgroup::
[2024-07-01T01:25:40.879+0000] {subprocess.py:63} INFO - Tmp dir root location: /tmp
[2024-07-01T01:25:40.883+0000] {subprocess.py:75} INFO - Running command: ['/usr/bin/bash', '-c', 'meltano elt tap-csv target-csv --job_id=extract_csv_2024-03-23 && mkdir -p /data/csv/2024-03-23 && mv /project/output/tap-csv/*.csv /data/csv/2024-03-23/']
[2024-07-01T01:25:40.905+0000] {subprocess.py:86} INFO - Output:
[2024-07-01T01:25:40.911+0000] {subprocess.py:93} INFO - /usr/bin/bash: line 1: meltano: command not found
[2024-07-01T01:25:40.914+0000] {subprocess.py:97} INFO - Command exited with return code 127
[2024-07-01T01:25:40.917+0000] {taskinstance.py:441} INFO - ::group::Post task execution logs
[2024-07-01T01:25:40.969+0000] {taskinstance.py:2905} ERROR - Task failed with exception
Traceback (most recent call last):
  File "/home/airflow/.local/lib/python3.12/site-packages/airflow/models/taskinstance.py", line 465, in _execute_task
    result = _execute_callable(context=context, **execute_callable_kwargs)
             ^^^^^^^^^^^^^^^^^^^^^^^^^^^^^^^^^^^^^^^^^^^^^^^^^^^^^^^^^^^^^
  File "/home/airflow/.local/lib/python3.12/site-packages/airflow/models/taskinstance.py", line 432, in _execute_callable
    return execute_callable(context=context, **execute_callable_kwargs)
           ^^^^^^^^^^^^^^^^^^^^^^^^^^^^^^^^^^^^^^^^^^^^^^^^^^^^^^^^^^^^
  File "/home/airflow/.local/lib/python3.12/site-packages/airflow/models/baseoperator.py", line 401, in wrapper
    return func(self, *args, **kwargs)
           ^^^^^^^^^^^^^^^^^^^^^^^^^^^
  File "/home/airflow/.local/lib/python3.12/site-packages/airflow/operators/bash.py", line 243, in execute
    raise AirflowException(
airflow.exceptions.AirflowException: Bash command failed. The command returned a non-zero exit code 127.
[2024-07-01T01:25:40.979+0000] {taskinstance.py:1206} INFO - Marking task as UP_FOR_RETRY. dag_id=dag_northwind, task_id=extract_csv, run_id=scheduled__2024-03-23T00:00:00+00:00, execution_date=20240323T000000, start_date=20240701T012540, end_date=20240701T012540
[2024-07-01T01:25:41.062+0000] {standard_task_runner.py:110} ERROR - Failed to execute job 654 for task extract_csv (Bash command failed. The command returned a non-zero exit code 127.; 904)
[2024-07-01T01:25:41.114+0000] {local_task_job_runner.py:240} INFO - Task exited with return code 1
[2024-07-01T01:25:41.143+0000] {local_task_job_runner.py:222} INFO - ::endgroup::
[2024-07-01T10:26:43.497+0000] {local_task_job_runner.py:120} INFO - ::group::Pre task execution logs
[2024-07-01T10:26:43.579+0000] {taskinstance.py:2076} INFO - Dependencies all met for dep_context=non-requeueable deps ti=<TaskInstance: dag_northwind.extract_csv scheduled__2024-03-23T00:00:00+00:00 [queued]>
[2024-07-01T10:26:43.598+0000] {taskinstance.py:2076} INFO - Dependencies all met for dep_context=requeueable deps ti=<TaskInstance: dag_northwind.extract_csv scheduled__2024-03-23T00:00:00+00:00 [queued]>
[2024-07-01T10:26:43.599+0000] {taskinstance.py:2306} INFO - Starting attempt 1 of 2
[2024-07-01T10:26:43.718+0000] {taskinstance.py:2330} INFO - Executing <Task(BashOperator): extract_csv> on 2024-03-23 00:00:00+00:00
[2024-07-01T10:26:43.734+0000] {logging_mixin.py:188} WARNING - /home/airflow/.local/lib/python3.12/site-packages/airflow/task/task_runner/standard_task_runner.py:61 DeprecationWarning: This process (pid=6482) is multi-threaded, use of fork() may lead to deadlocks in the child.
[2024-07-01T10:26:43.733+0000] {standard_task_runner.py:90} INFO - Running: ['airflow', 'tasks', 'run', 'dag_northwind', 'extract_csv', 'scheduled__2024-03-23T00:00:00+00:00', '--job-id', '1200', '--raw', '--subdir', 'DAGS_FOLDER/dag_northwind.py', '--cfg-path', '/tmp/tmpgzdjvghz']
[2024-07-01T10:26:43.738+0000] {standard_task_runner.py:91} INFO - Job 1200: Subtask extract_csv
[2024-07-01T10:26:43.737+0000] {standard_task_runner.py:63} INFO - Started process 6496 to run task
[2024-07-01T10:26:43.865+0000] {task_command.py:426} INFO - Running <TaskInstance: dag_northwind.extract_csv scheduled__2024-03-23T00:00:00+00:00 [running]> on host 85c6ea7cd9cf
[2024-07-01T10:26:44.076+0000] {taskinstance.py:2648} INFO - Exporting env vars: AIRFLOW_CTX_DAG_OWNER='airflow' AIRFLOW_CTX_DAG_ID='dag_northwind' AIRFLOW_CTX_TASK_ID='extract_csv' AIRFLOW_CTX_EXECUTION_DATE='2024-03-23T00:00:00+00:00' AIRFLOW_CTX_TRY_NUMBER='1' AIRFLOW_CTX_DAG_RUN_ID='scheduled__2024-03-23T00:00:00+00:00'
[2024-07-01T10:26:44.078+0000] {taskinstance.py:430} INFO - ::endgroup::
[2024-07-01T10:26:44.122+0000] {subprocess.py:63} INFO - Tmp dir root location: /tmp
[2024-07-01T10:26:44.126+0000] {subprocess.py:75} INFO - Running command: ['/usr/bin/bash', '-c', 'meltano elt tap-csv target-csv --job_id=extract_csv_2024-03-23 && mkdir -p /data/csv/2024-03-23 && mv /project/output/tap-csv/*.csv /data/csv/2024-03-23/']
[2024-07-01T10:26:44.149+0000] {subprocess.py:86} INFO - Output:
[2024-07-01T10:26:44.154+0000] {subprocess.py:93} INFO - /usr/bin/bash: line 1: meltano: command not found
[2024-07-01T10:26:44.155+0000] {subprocess.py:97} INFO - Command exited with return code 127
[2024-07-01T10:26:44.157+0000] {taskinstance.py:441} INFO - ::group::Post task execution logs
[2024-07-01T10:26:44.177+0000] {taskinstance.py:2905} ERROR - Task failed with exception
Traceback (most recent call last):
  File "/home/airflow/.local/lib/python3.12/site-packages/airflow/models/taskinstance.py", line 465, in _execute_task
    result = _execute_callable(context=context, **execute_callable_kwargs)
             ^^^^^^^^^^^^^^^^^^^^^^^^^^^^^^^^^^^^^^^^^^^^^^^^^^^^^^^^^^^^^
  File "/home/airflow/.local/lib/python3.12/site-packages/airflow/models/taskinstance.py", line 432, in _execute_callable
    return execute_callable(context=context, **execute_callable_kwargs)
           ^^^^^^^^^^^^^^^^^^^^^^^^^^^^^^^^^^^^^^^^^^^^^^^^^^^^^^^^^^^^
  File "/home/airflow/.local/lib/python3.12/site-packages/airflow/models/baseoperator.py", line 401, in wrapper
    return func(self, *args, **kwargs)
           ^^^^^^^^^^^^^^^^^^^^^^^^^^^
  File "/home/airflow/.local/lib/python3.12/site-packages/airflow/operators/bash.py", line 243, in execute
    raise AirflowException(
airflow.exceptions.AirflowException: Bash command failed. The command returned a non-zero exit code 127.
[2024-07-01T10:26:44.187+0000] {taskinstance.py:1206} INFO - Marking task as UP_FOR_RETRY. dag_id=dag_northwind, task_id=extract_csv, run_id=scheduled__2024-03-23T00:00:00+00:00, execution_date=20240323T000000, start_date=20240701T102643, end_date=20240701T102644
[2024-07-01T10:26:44.301+0000] {standard_task_runner.py:110} ERROR - Failed to execute job 1200 for task extract_csv (Bash command failed. The command returned a non-zero exit code 127.; 6496)
[2024-07-01T10:26:44.320+0000] {local_task_job_runner.py:240} INFO - Task exited with return code 1
[2024-07-01T10:26:44.385+0000] {taskinstance.py:3503} INFO - 0 downstream tasks scheduled from follow-on schedule check
[2024-07-01T10:26:44.390+0000] {local_task_job_runner.py:222} INFO - ::endgroup::
