[2024-06-29T13:03:09.417+0000] {local_task_job_runner.py:120} INFO - ::group::Pre task execution logs
[2024-06-29T13:03:09.483+0000] {taskinstance.py:2076} INFO - Dependencies all met for dep_context=non-requeueable deps ti=<TaskInstance: northwind_dag.extract_postgres scheduled__2024-01-07T00:00:00+00:00 [queued]>
[2024-06-29T13:03:09.502+0000] {taskinstance.py:2076} INFO - Dependencies all met for dep_context=requeueable deps ti=<TaskInstance: northwind_dag.extract_postgres scheduled__2024-01-07T00:00:00+00:00 [queued]>
[2024-06-29T13:03:09.503+0000] {taskinstance.py:2306} INFO - Starting attempt 1 of 2
[2024-06-29T13:03:09.530+0000] {taskinstance.py:2330} INFO - Executing <Task(BashOperator): extract_postgres> on 2024-01-07 00:00:00+00:00
[2024-06-29T13:03:09.544+0000] {standard_task_runner.py:90} INFO - Running: ['airflow', 'tasks', 'run', 'northwind_dag', 'extract_postgres', 'scheduled__2024-01-07T00:00:00+00:00', '--job-id', '10', '--raw', '--subdir', 'DAGS_FOLDER/northwind_dag.py', '--cfg-path', '/tmp/tmpgcasmybq']
[2024-06-29T13:03:09.549+0000] {standard_task_runner.py:91} INFO - Job 10: Subtask extract_postgres
[2024-06-29T13:03:09.552+0000] {logging_mixin.py:188} WARNING - /home/airflow/.local/lib/python3.12/site-packages/airflow/task/task_runner/standard_task_runner.py:61 DeprecationWarning: This process (pid=177) is multi-threaded, use of fork() may lead to deadlocks in the child.
[2024-06-29T13:03:09.553+0000] {standard_task_runner.py:63} INFO - Started process 189 to run task
[2024-06-29T13:03:09.630+0000] {task_command.py:426} INFO - Running <TaskInstance: northwind_dag.extract_postgres scheduled__2024-01-07T00:00:00+00:00 [running]> on host f661a8cb6e02
[2024-06-29T13:03:09.779+0000] {taskinstance.py:2648} INFO - Exporting env vars: AIRFLOW_CTX_DAG_OWNER='airflow' AIRFLOW_CTX_DAG_ID='northwind_dag' AIRFLOW_CTX_TASK_ID='extract_postgres' AIRFLOW_CTX_EXECUTION_DATE='2024-01-07T00:00:00+00:00' AIRFLOW_CTX_TRY_NUMBER='1' AIRFLOW_CTX_DAG_RUN_ID='scheduled__2024-01-07T00:00:00+00:00'
[2024-06-29T13:03:09.780+0000] {taskinstance.py:430} INFO - ::endgroup::
[2024-06-29T13:03:09.812+0000] {subprocess.py:63} INFO - Tmp dir root location: /tmp
[2024-06-29T13:03:09.814+0000] {subprocess.py:75} INFO - Running command: ['/usr/bin/bash', '-c', 'meltano elt tap-postgres target-postgres --job_id=extract_postgres']
[2024-06-29T13:03:09.825+0000] {subprocess.py:86} INFO - Output:
[2024-06-29T13:03:09.827+0000] {subprocess.py:93} INFO - /usr/bin/bash: line 1: meltano: command not found
[2024-06-29T13:03:09.828+0000] {subprocess.py:97} INFO - Command exited with return code 127
[2024-06-29T13:03:09.829+0000] {taskinstance.py:441} INFO - ::group::Post task execution logs
[2024-06-29T13:03:09.842+0000] {taskinstance.py:2905} ERROR - Task failed with exception
Traceback (most recent call last):
  File "/home/airflow/.local/lib/python3.12/site-packages/airflow/models/taskinstance.py", line 465, in _execute_task
    result = _execute_callable(context=context, **execute_callable_kwargs)
             ^^^^^^^^^^^^^^^^^^^^^^^^^^^^^^^^^^^^^^^^^^^^^^^^^^^^^^^^^^^^^
  File "/home/airflow/.local/lib/python3.12/site-packages/airflow/models/taskinstance.py", line 432, in _execute_callable
    return execute_callable(context=context, **execute_callable_kwargs)
           ^^^^^^^^^^^^^^^^^^^^^^^^^^^^^^^^^^^^^^^^^^^^^^^^^^^^^^^^^^^^
  File "/home/airflow/.local/lib/python3.12/site-packages/airflow/models/baseoperator.py", line 401, in wrapper
    return func(self, *args, **kwargs)
           ^^^^^^^^^^^^^^^^^^^^^^^^^^^
  File "/home/airflow/.local/lib/python3.12/site-packages/airflow/operators/bash.py", line 243, in execute
    raise AirflowException(
airflow.exceptions.AirflowException: Bash command failed. The command returned a non-zero exit code 127.
[2024-06-29T13:03:09.848+0000] {taskinstance.py:1206} INFO - Marking task as UP_FOR_RETRY. dag_id=northwind_dag, task_id=extract_postgres, run_id=scheduled__2024-01-07T00:00:00+00:00, execution_date=20240107T000000, start_date=20240629T130309, end_date=20240629T130309
[2024-06-29T13:03:09.890+0000] {standard_task_runner.py:110} ERROR - Failed to execute job 10 for task extract_postgres (Bash command failed. The command returned a non-zero exit code 127.; 189)
[2024-06-29T13:03:09.930+0000] {local_task_job_runner.py:240} INFO - Task exited with return code 1
[2024-06-29T13:03:09.975+0000] {taskinstance.py:3503} INFO - 0 downstream tasks scheduled from follow-on schedule check
[2024-06-29T13:03:09.977+0000] {local_task_job_runner.py:222} INFO - ::endgroup::
[2024-06-30T18:09:25.187+0000] {local_task_job_runner.py:120} INFO - ::group::Pre task execution logs
[2024-06-30T18:09:25.311+0000] {taskinstance.py:2076} INFO - Dependencies all met for dep_context=non-requeueable deps ti=<TaskInstance: northwind_dag.extract_postgres scheduled__2024-01-07T00:00:00+00:00 [queued]>
[2024-06-30T18:09:25.325+0000] {taskinstance.py:2076} INFO - Dependencies all met for dep_context=requeueable deps ti=<TaskInstance: northwind_dag.extract_postgres scheduled__2024-01-07T00:00:00+00:00 [queued]>
[2024-06-30T18:09:25.326+0000] {taskinstance.py:2306} INFO - Starting attempt 1 of 2
[2024-06-30T18:09:25.373+0000] {taskinstance.py:2330} INFO - Executing <Task(BashOperator): extract_postgres> on 2024-01-07 00:00:00+00:00
[2024-06-30T18:09:25.384+0000] {standard_task_runner.py:90} INFO - Running: ['airflow', 'tasks', 'run', 'northwind_dag', 'extract_postgres', 'scheduled__2024-01-07T00:00:00+00:00', '--job-id', '378', '--raw', '--subdir', 'DAGS_FOLDER/dag_northwind.py', '--cfg-path', '/tmp/tmp_j_jb336']
[2024-06-30T18:09:25.388+0000] {standard_task_runner.py:91} INFO - Job 378: Subtask extract_postgres
[2024-06-30T18:09:25.394+0000] {logging_mixin.py:188} WARNING - /home/airflow/.local/lib/python3.12/site-packages/airflow/task/task_runner/standard_task_runner.py:61 DeprecationWarning: This process (pid=1678) is multi-threaded, use of fork() may lead to deadlocks in the child.
[2024-06-30T18:09:25.395+0000] {standard_task_runner.py:63} INFO - Started process 1693 to run task
[2024-06-30T18:09:25.465+0000] {task_command.py:426} INFO - Running <TaskInstance: northwind_dag.extract_postgres scheduled__2024-01-07T00:00:00+00:00 [running]> on host 59a47d9254b0
[2024-06-30T18:09:25.583+0000] {taskinstance.py:2648} INFO - Exporting env vars: AIRFLOW_CTX_DAG_OWNER='airflow' AIRFLOW_CTX_DAG_ID='northwind_dag' AIRFLOW_CTX_TASK_ID='extract_postgres' AIRFLOW_CTX_EXECUTION_DATE='2024-01-07T00:00:00+00:00' AIRFLOW_CTX_TRY_NUMBER='1' AIRFLOW_CTX_DAG_RUN_ID='scheduled__2024-01-07T00:00:00+00:00'
[2024-06-30T18:09:25.584+0000] {taskinstance.py:430} INFO - ::endgroup::
[2024-06-30T18:09:25.618+0000] {subprocess.py:63} INFO - Tmp dir root location: /tmp
[2024-06-30T18:09:25.619+0000] {subprocess.py:75} INFO - Running command: ['/usr/bin/bash', '-c', 'meltano elt tap-postgres target-csv --job_id=extract_postgres_2024-01-07 && mv ./output/tap-postgres/*.csv /data/postgres/{table}/2024-01-07/']
[2024-06-30T18:09:25.631+0000] {subprocess.py:86} INFO - Output:
[2024-06-30T18:09:25.634+0000] {subprocess.py:93} INFO - /usr/bin/bash: line 1: meltano: command not found
[2024-06-30T18:09:25.635+0000] {subprocess.py:97} INFO - Command exited with return code 127
[2024-06-30T18:09:25.636+0000] {taskinstance.py:441} INFO - ::group::Post task execution logs
[2024-06-30T18:09:25.652+0000] {taskinstance.py:2905} ERROR - Task failed with exception
Traceback (most recent call last):
  File "/home/airflow/.local/lib/python3.12/site-packages/airflow/models/taskinstance.py", line 465, in _execute_task
    result = _execute_callable(context=context, **execute_callable_kwargs)
             ^^^^^^^^^^^^^^^^^^^^^^^^^^^^^^^^^^^^^^^^^^^^^^^^^^^^^^^^^^^^^
  File "/home/airflow/.local/lib/python3.12/site-packages/airflow/models/taskinstance.py", line 432, in _execute_callable
    return execute_callable(context=context, **execute_callable_kwargs)
           ^^^^^^^^^^^^^^^^^^^^^^^^^^^^^^^^^^^^^^^^^^^^^^^^^^^^^^^^^^^^
  File "/home/airflow/.local/lib/python3.12/site-packages/airflow/models/baseoperator.py", line 401, in wrapper
    return func(self, *args, **kwargs)
           ^^^^^^^^^^^^^^^^^^^^^^^^^^^
  File "/home/airflow/.local/lib/python3.12/site-packages/airflow/operators/bash.py", line 243, in execute
    raise AirflowException(
airflow.exceptions.AirflowException: Bash command failed. The command returned a non-zero exit code 127.
[2024-06-30T18:09:25.660+0000] {taskinstance.py:1206} INFO - Marking task as UP_FOR_RETRY. dag_id=northwind_dag, task_id=extract_postgres, run_id=scheduled__2024-01-07T00:00:00+00:00, execution_date=20240107T000000, start_date=20240630T180925, end_date=20240630T180925
[2024-06-30T18:09:25.788+0000] {standard_task_runner.py:110} ERROR - Failed to execute job 378 for task extract_postgres (Bash command failed. The command returned a non-zero exit code 127.; 1693)
[2024-06-30T18:09:25.811+0000] {local_task_job_runner.py:240} INFO - Task exited with return code 1
[2024-06-30T18:09:25.857+0000] {taskinstance.py:3503} INFO - 0 downstream tasks scheduled from follow-on schedule check
[2024-06-30T18:09:25.861+0000] {local_task_job_runner.py:222} INFO - ::endgroup::
