[2024-07-01T01:41:11.396+0000] {local_task_job_runner.py:120} INFO - ::group::Pre task execution logs
[2024-07-01T01:41:11.463+0000] {taskinstance.py:2076} INFO - Dependencies all met for dep_context=non-requeueable deps ti=<TaskInstance: dag_northwind.extract_postgres scheduled__2024-05-23T00:00:00+00:00 [queued]>
[2024-07-01T01:41:11.477+0000] {taskinstance.py:2076} INFO - Dependencies all met for dep_context=requeueable deps ti=<TaskInstance: dag_northwind.extract_postgres scheduled__2024-05-23T00:00:00+00:00 [queued]>
[2024-07-01T01:41:11.478+0000] {taskinstance.py:2306} INFO - Starting attempt 1 of 2
[2024-07-01T01:41:11.507+0000] {taskinstance.py:2330} INFO - Executing <Task(BashOperator): extract_postgres> on 2024-05-23 00:00:00+00:00
[2024-07-01T01:41:11.518+0000] {logging_mixin.py:188} WARNING - /home/airflow/.local/lib/python3.12/site-packages/airflow/task/task_runner/standard_task_runner.py:61 DeprecationWarning: This process (pid=1923) is multi-threaded, use of fork() may lead to deadlocks in the child.
[2024-07-01T01:41:11.520+0000] {standard_task_runner.py:63} INFO - Started process 1931 to run task
[2024-07-01T01:41:11.520+0000] {standard_task_runner.py:90} INFO - Running: ['airflow', 'tasks', 'run', 'dag_northwind', 'extract_postgres', 'scheduled__2024-05-23T00:00:00+00:00', '--job-id', '871', '--raw', '--subdir', 'DAGS_FOLDER/dag_northwind.py', '--cfg-path', '/tmp/tmpaigscz1d']
[2024-07-01T01:41:11.523+0000] {standard_task_runner.py:91} INFO - Job 871: Subtask extract_postgres
[2024-07-01T01:41:11.591+0000] {task_command.py:426} INFO - Running <TaskInstance: dag_northwind.extract_postgres scheduled__2024-05-23T00:00:00+00:00 [running]> on host 05d913303710
[2024-07-01T01:41:11.709+0000] {taskinstance.py:2648} INFO - Exporting env vars: AIRFLOW_CTX_DAG_OWNER='airflow' AIRFLOW_CTX_DAG_ID='dag_northwind' AIRFLOW_CTX_TASK_ID='extract_postgres' AIRFLOW_CTX_EXECUTION_DATE='2024-05-23T00:00:00+00:00' AIRFLOW_CTX_TRY_NUMBER='1' AIRFLOW_CTX_DAG_RUN_ID='scheduled__2024-05-23T00:00:00+00:00'
[2024-07-01T01:41:11.710+0000] {taskinstance.py:430} INFO - ::endgroup::
[2024-07-01T01:41:11.733+0000] {subprocess.py:63} INFO - Tmp dir root location: /tmp
[2024-07-01T01:41:11.734+0000] {subprocess.py:75} INFO - Running command: ['/usr/bin/bash', '-c', 'meltano elt tap-postgres target-csv --job_id=extract_postgres_2024-05-23 && mkdir -p /data/postgres/2024-05-23 && mv /project/output/tap-postgres/*.csv /data/postgres/2024-05-23/']
[2024-07-01T01:41:11.744+0000] {subprocess.py:86} INFO - Output:
[2024-07-01T01:41:11.747+0000] {subprocess.py:93} INFO - /usr/bin/bash: line 1: meltano: command not found
[2024-07-01T01:41:11.748+0000] {subprocess.py:97} INFO - Command exited with return code 127
[2024-07-01T01:41:11.749+0000] {taskinstance.py:441} INFO - ::group::Post task execution logs
[2024-07-01T01:41:11.762+0000] {taskinstance.py:2905} ERROR - Task failed with exception
Traceback (most recent call last):
  File "/home/airflow/.local/lib/python3.12/site-packages/airflow/models/taskinstance.py", line 465, in _execute_task
    result = _execute_callable(context=context, **execute_callable_kwargs)
             ^^^^^^^^^^^^^^^^^^^^^^^^^^^^^^^^^^^^^^^^^^^^^^^^^^^^^^^^^^^^^
  File "/home/airflow/.local/lib/python3.12/site-packages/airflow/models/taskinstance.py", line 432, in _execute_callable
    return execute_callable(context=context, **execute_callable_kwargs)
           ^^^^^^^^^^^^^^^^^^^^^^^^^^^^^^^^^^^^^^^^^^^^^^^^^^^^^^^^^^^^
  File "/home/airflow/.local/lib/python3.12/site-packages/airflow/models/baseoperator.py", line 401, in wrapper
    return func(self, *args, **kwargs)
           ^^^^^^^^^^^^^^^^^^^^^^^^^^^
  File "/home/airflow/.local/lib/python3.12/site-packages/airflow/operators/bash.py", line 243, in execute
    raise AirflowException(
airflow.exceptions.AirflowException: Bash command failed. The command returned a non-zero exit code 127.
[2024-07-01T01:41:11.768+0000] {taskinstance.py:1206} INFO - Marking task as UP_FOR_RETRY. dag_id=dag_northwind, task_id=extract_postgres, run_id=scheduled__2024-05-23T00:00:00+00:00, execution_date=20240523T000000, start_date=20240701T014111, end_date=20240701T014111
[2024-07-01T01:41:11.787+0000] {standard_task_runner.py:110} ERROR - Failed to execute job 871 for task extract_postgres (Bash command failed. The command returned a non-zero exit code 127.; 1931)
[2024-07-01T01:41:11.815+0000] {local_task_job_runner.py:240} INFO - Task exited with return code 1
[2024-07-01T01:41:11.833+0000] {local_task_job_runner.py:222} INFO - ::endgroup::
[2024-07-01T10:42:18.299+0000] {local_task_job_runner.py:120} INFO - ::group::Pre task execution logs
[2024-07-01T10:42:18.359+0000] {taskinstance.py:2076} INFO - Dependencies all met for dep_context=non-requeueable deps ti=<TaskInstance: dag_northwind.extract_postgres scheduled__2024-05-23T00:00:00+00:00 [queued]>
[2024-07-01T10:42:18.373+0000] {taskinstance.py:2076} INFO - Dependencies all met for dep_context=requeueable deps ti=<TaskInstance: dag_northwind.extract_postgres scheduled__2024-05-23T00:00:00+00:00 [queued]>
[2024-07-01T10:42:18.374+0000] {taskinstance.py:2306} INFO - Starting attempt 1 of 2
[2024-07-01T10:42:18.396+0000] {taskinstance.py:2330} INFO - Executing <Task(BashOperator): extract_postgres> on 2024-05-23 00:00:00+00:00
[2024-07-01T10:42:18.407+0000] {logging_mixin.py:188} WARNING - /home/airflow/.local/lib/python3.12/site-packages/airflow/task/task_runner/standard_task_runner.py:61 DeprecationWarning: This process (pid=7507) is multi-threaded, use of fork() may lead to deadlocks in the child.
[2024-07-01T10:42:18.406+0000] {standard_task_runner.py:90} INFO - Running: ['airflow', 'tasks', 'run', 'dag_northwind', 'extract_postgres', 'scheduled__2024-05-23T00:00:00+00:00', '--job-id', '1418', '--raw', '--subdir', 'DAGS_FOLDER/dag_northwind.py', '--cfg-path', '/tmp/tmpqlht7p_h']
[2024-07-01T10:42:18.409+0000] {standard_task_runner.py:63} INFO - Started process 7518 to run task
[2024-07-01T10:42:18.409+0000] {standard_task_runner.py:91} INFO - Job 1418: Subtask extract_postgres
[2024-07-01T10:42:18.478+0000] {task_command.py:426} INFO - Running <TaskInstance: dag_northwind.extract_postgres scheduled__2024-05-23T00:00:00+00:00 [running]> on host 85c6ea7cd9cf
[2024-07-01T10:42:18.592+0000] {taskinstance.py:2648} INFO - Exporting env vars: AIRFLOW_CTX_DAG_OWNER='airflow' AIRFLOW_CTX_DAG_ID='dag_northwind' AIRFLOW_CTX_TASK_ID='extract_postgres' AIRFLOW_CTX_EXECUTION_DATE='2024-05-23T00:00:00+00:00' AIRFLOW_CTX_TRY_NUMBER='1' AIRFLOW_CTX_DAG_RUN_ID='scheduled__2024-05-23T00:00:00+00:00'
[2024-07-01T10:42:18.593+0000] {taskinstance.py:430} INFO - ::endgroup::
[2024-07-01T10:42:18.614+0000] {subprocess.py:63} INFO - Tmp dir root location: /tmp
[2024-07-01T10:42:18.615+0000] {subprocess.py:75} INFO - Running command: ['/usr/bin/bash', '-c', 'meltano elt tap-postgres target-csv --job_id=extract_postgres_2024-05-23 && mkdir -p /data/postgres/2024-05-23 && mv /project/output/tap-postgres/*.csv /data/postgres/2024-05-23/']
[2024-07-01T10:42:18.626+0000] {subprocess.py:86} INFO - Output:
[2024-07-01T10:42:18.628+0000] {subprocess.py:93} INFO - /usr/bin/bash: line 1: meltano: command not found
[2024-07-01T10:42:18.629+0000] {subprocess.py:97} INFO - Command exited with return code 127
[2024-07-01T10:42:18.630+0000] {taskinstance.py:441} INFO - ::group::Post task execution logs
[2024-07-01T10:42:18.642+0000] {taskinstance.py:2905} ERROR - Task failed with exception
Traceback (most recent call last):
  File "/home/airflow/.local/lib/python3.12/site-packages/airflow/models/taskinstance.py", line 465, in _execute_task
    result = _execute_callable(context=context, **execute_callable_kwargs)
             ^^^^^^^^^^^^^^^^^^^^^^^^^^^^^^^^^^^^^^^^^^^^^^^^^^^^^^^^^^^^^
  File "/home/airflow/.local/lib/python3.12/site-packages/airflow/models/taskinstance.py", line 432, in _execute_callable
    return execute_callable(context=context, **execute_callable_kwargs)
           ^^^^^^^^^^^^^^^^^^^^^^^^^^^^^^^^^^^^^^^^^^^^^^^^^^^^^^^^^^^^
  File "/home/airflow/.local/lib/python3.12/site-packages/airflow/models/baseoperator.py", line 401, in wrapper
    return func(self, *args, **kwargs)
           ^^^^^^^^^^^^^^^^^^^^^^^^^^^
  File "/home/airflow/.local/lib/python3.12/site-packages/airflow/operators/bash.py", line 243, in execute
    raise AirflowException(
airflow.exceptions.AirflowException: Bash command failed. The command returned a non-zero exit code 127.
[2024-07-01T10:42:18.648+0000] {taskinstance.py:1206} INFO - Marking task as UP_FOR_RETRY. dag_id=dag_northwind, task_id=extract_postgres, run_id=scheduled__2024-05-23T00:00:00+00:00, execution_date=20240523T000000, start_date=20240701T104218, end_date=20240701T104218
[2024-07-01T10:42:18.663+0000] {standard_task_runner.py:110} ERROR - Failed to execute job 1418 for task extract_postgres (Bash command failed. The command returned a non-zero exit code 127.; 7518)
[2024-07-01T10:42:18.704+0000] {local_task_job_runner.py:240} INFO - Task exited with return code 1
[2024-07-01T10:42:18.745+0000] {taskinstance.py:3503} INFO - 0 downstream tasks scheduled from follow-on schedule check
[2024-07-01T10:42:18.747+0000] {local_task_job_runner.py:222} INFO - ::endgroup::
