[2024-07-01T01:35:59.533+0000] {local_task_job_runner.py:120} INFO - ::group::Pre task execution logs
[2024-07-01T01:35:59.610+0000] {taskinstance.py:2076} INFO - Dependencies all met for dep_context=non-requeueable deps ti=<TaskInstance: dag_northwind.extract_csv scheduled__2024-05-05T00:00:00+00:00 [queued]>
[2024-07-01T01:35:59.633+0000] {taskinstance.py:2076} INFO - Dependencies all met for dep_context=requeueable deps ti=<TaskInstance: dag_northwind.extract_csv scheduled__2024-05-05T00:00:00+00:00 [queued]>
[2024-07-01T01:35:59.634+0000] {taskinstance.py:2306} INFO - Starting attempt 1 of 2
[2024-07-01T01:35:59.856+0000] {taskinstance.py:2330} INFO - Executing <Task(BashOperator): extract_csv> on 2024-05-05 00:00:00+00:00
[2024-07-01T01:35:59.871+0000] {logging_mixin.py:188} WARNING - /home/airflow/.local/lib/python3.12/site-packages/airflow/task/task_runner/standard_task_runner.py:61 DeprecationWarning: This process (pid=1599) is multi-threaded, use of fork() may lead to deadlocks in the child.
[2024-07-01T01:35:59.869+0000] {standard_task_runner.py:90} INFO - Running: ['airflow', 'tasks', 'run', 'dag_northwind', 'extract_csv', 'scheduled__2024-05-05T00:00:00+00:00', '--job-id', '803', '--raw', '--subdir', 'DAGS_FOLDER/dag_northwind.py', '--cfg-path', '/tmp/tmp854iupsq']
[2024-07-01T01:35:59.873+0000] {standard_task_runner.py:63} INFO - Started process 1614 to run task
[2024-07-01T01:35:59.873+0000] {standard_task_runner.py:91} INFO - Job 803: Subtask extract_csv
[2024-07-01T01:35:59.968+0000] {task_command.py:426} INFO - Running <TaskInstance: dag_northwind.extract_csv scheduled__2024-05-05T00:00:00+00:00 [running]> on host 05d913303710
[2024-07-01T01:36:00.102+0000] {taskinstance.py:2648} INFO - Exporting env vars: AIRFLOW_CTX_DAG_OWNER='airflow' AIRFLOW_CTX_DAG_ID='dag_northwind' AIRFLOW_CTX_TASK_ID='extract_csv' AIRFLOW_CTX_EXECUTION_DATE='2024-05-05T00:00:00+00:00' AIRFLOW_CTX_TRY_NUMBER='1' AIRFLOW_CTX_DAG_RUN_ID='scheduled__2024-05-05T00:00:00+00:00'
[2024-07-01T01:36:00.103+0000] {taskinstance.py:430} INFO - ::endgroup::
[2024-07-01T01:36:00.128+0000] {subprocess.py:63} INFO - Tmp dir root location: /tmp
[2024-07-01T01:36:00.129+0000] {subprocess.py:75} INFO - Running command: ['/usr/bin/bash', '-c', 'meltano elt tap-csv target-csv --job_id=extract_csv_2024-05-05 && mkdir -p /data/csv/2024-05-05 && mv /project/output/tap-csv/*.csv /data/csv/2024-05-05/']
[2024-07-01T01:36:00.140+0000] {subprocess.py:86} INFO - Output:
[2024-07-01T01:36:00.142+0000] {subprocess.py:93} INFO - /usr/bin/bash: line 1: meltano: command not found
[2024-07-01T01:36:00.143+0000] {subprocess.py:97} INFO - Command exited with return code 127
[2024-07-01T01:36:00.144+0000] {taskinstance.py:441} INFO - ::group::Post task execution logs
[2024-07-01T01:36:00.164+0000] {taskinstance.py:2905} ERROR - Task failed with exception
Traceback (most recent call last):
  File "/home/airflow/.local/lib/python3.12/site-packages/airflow/models/taskinstance.py", line 465, in _execute_task
    result = _execute_callable(context=context, **execute_callable_kwargs)
             ^^^^^^^^^^^^^^^^^^^^^^^^^^^^^^^^^^^^^^^^^^^^^^^^^^^^^^^^^^^^^
  File "/home/airflow/.local/lib/python3.12/site-packages/airflow/models/taskinstance.py", line 432, in _execute_callable
    return execute_callable(context=context, **execute_callable_kwargs)
           ^^^^^^^^^^^^^^^^^^^^^^^^^^^^^^^^^^^^^^^^^^^^^^^^^^^^^^^^^^^^
  File "/home/airflow/.local/lib/python3.12/site-packages/airflow/models/baseoperator.py", line 401, in wrapper
    return func(self, *args, **kwargs)
           ^^^^^^^^^^^^^^^^^^^^^^^^^^^
  File "/home/airflow/.local/lib/python3.12/site-packages/airflow/operators/bash.py", line 243, in execute
    raise AirflowException(
airflow.exceptions.AirflowException: Bash command failed. The command returned a non-zero exit code 127.
[2024-07-01T01:36:00.173+0000] {taskinstance.py:1206} INFO - Marking task as UP_FOR_RETRY. dag_id=dag_northwind, task_id=extract_csv, run_id=scheduled__2024-05-05T00:00:00+00:00, execution_date=20240505T000000, start_date=20240701T013559, end_date=20240701T013600
[2024-07-01T01:36:00.198+0000] {standard_task_runner.py:110} ERROR - Failed to execute job 803 for task extract_csv (Bash command failed. The command returned a non-zero exit code 127.; 1614)
[2024-07-01T01:36:00.212+0000] {local_task_job_runner.py:240} INFO - Task exited with return code 1
[2024-07-01T01:36:00.255+0000] {taskinstance.py:3503} INFO - 0 downstream tasks scheduled from follow-on schedule check
[2024-07-01T01:36:00.257+0000] {local_task_job_runner.py:222} INFO - ::endgroup::
[2024-07-01T10:37:11.070+0000] {local_task_job_runner.py:120} INFO - ::group::Pre task execution logs
[2024-07-01T10:37:11.140+0000] {taskinstance.py:2076} INFO - Dependencies all met for dep_context=non-requeueable deps ti=<TaskInstance: dag_northwind.extract_csv scheduled__2024-05-05T00:00:00+00:00 [queued]>
[2024-07-01T10:37:11.159+0000] {taskinstance.py:2076} INFO - Dependencies all met for dep_context=requeueable deps ti=<TaskInstance: dag_northwind.extract_csv scheduled__2024-05-05T00:00:00+00:00 [queued]>
[2024-07-01T10:37:11.160+0000] {taskinstance.py:2306} INFO - Starting attempt 1 of 2
[2024-07-01T10:37:11.373+0000] {taskinstance.py:2330} INFO - Executing <Task(BashOperator): extract_csv> on 2024-05-05 00:00:00+00:00
[2024-07-01T10:37:11.386+0000] {logging_mixin.py:188} WARNING - /home/airflow/.local/lib/python3.12/site-packages/airflow/task/task_runner/standard_task_runner.py:61 DeprecationWarning: This process (pid=7184) is multi-threaded, use of fork() may lead to deadlocks in the child.
[2024-07-01T10:37:11.389+0000] {standard_task_runner.py:63} INFO - Started process 7199 to run task
[2024-07-01T10:37:11.386+0000] {standard_task_runner.py:90} INFO - Running: ['airflow', 'tasks', 'run', 'dag_northwind', 'extract_csv', 'scheduled__2024-05-05T00:00:00+00:00', '--job-id', '1349', '--raw', '--subdir', 'DAGS_FOLDER/dag_northwind.py', '--cfg-path', '/tmp/tmpilecfqxq']
[2024-07-01T10:37:11.391+0000] {standard_task_runner.py:91} INFO - Job 1349: Subtask extract_csv
[2024-07-01T10:37:11.467+0000] {task_command.py:426} INFO - Running <TaskInstance: dag_northwind.extract_csv scheduled__2024-05-05T00:00:00+00:00 [running]> on host 85c6ea7cd9cf
[2024-07-01T10:37:11.590+0000] {taskinstance.py:2648} INFO - Exporting env vars: AIRFLOW_CTX_DAG_OWNER='airflow' AIRFLOW_CTX_DAG_ID='dag_northwind' AIRFLOW_CTX_TASK_ID='extract_csv' AIRFLOW_CTX_EXECUTION_DATE='2024-05-05T00:00:00+00:00' AIRFLOW_CTX_TRY_NUMBER='1' AIRFLOW_CTX_DAG_RUN_ID='scheduled__2024-05-05T00:00:00+00:00'
[2024-07-01T10:37:11.591+0000] {taskinstance.py:430} INFO - ::endgroup::
[2024-07-01T10:37:11.617+0000] {subprocess.py:63} INFO - Tmp dir root location: /tmp
[2024-07-01T10:37:11.618+0000] {subprocess.py:75} INFO - Running command: ['/usr/bin/bash', '-c', 'meltano elt tap-csv target-csv --job_id=extract_csv_2024-05-05 && mkdir -p /data/csv/2024-05-05 && mv /project/output/tap-csv/*.csv /data/csv/2024-05-05/']
[2024-07-01T10:37:11.631+0000] {subprocess.py:86} INFO - Output:
[2024-07-01T10:37:11.634+0000] {subprocess.py:93} INFO - /usr/bin/bash: line 1: meltano: command not found
[2024-07-01T10:37:11.635+0000] {subprocess.py:97} INFO - Command exited with return code 127
[2024-07-01T10:37:11.636+0000] {taskinstance.py:441} INFO - ::group::Post task execution logs
[2024-07-01T10:37:11.652+0000] {taskinstance.py:2905} ERROR - Task failed with exception
Traceback (most recent call last):
  File "/home/airflow/.local/lib/python3.12/site-packages/airflow/models/taskinstance.py", line 465, in _execute_task
    result = _execute_callable(context=context, **execute_callable_kwargs)
             ^^^^^^^^^^^^^^^^^^^^^^^^^^^^^^^^^^^^^^^^^^^^^^^^^^^^^^^^^^^^^
  File "/home/airflow/.local/lib/python3.12/site-packages/airflow/models/taskinstance.py", line 432, in _execute_callable
    return execute_callable(context=context, **execute_callable_kwargs)
           ^^^^^^^^^^^^^^^^^^^^^^^^^^^^^^^^^^^^^^^^^^^^^^^^^^^^^^^^^^^^
  File "/home/airflow/.local/lib/python3.12/site-packages/airflow/models/baseoperator.py", line 401, in wrapper
    return func(self, *args, **kwargs)
           ^^^^^^^^^^^^^^^^^^^^^^^^^^^
  File "/home/airflow/.local/lib/python3.12/site-packages/airflow/operators/bash.py", line 243, in execute
    raise AirflowException(
airflow.exceptions.AirflowException: Bash command failed. The command returned a non-zero exit code 127.
[2024-07-01T10:37:11.660+0000] {taskinstance.py:1206} INFO - Marking task as UP_FOR_RETRY. dag_id=dag_northwind, task_id=extract_csv, run_id=scheduled__2024-05-05T00:00:00+00:00, execution_date=20240505T000000, start_date=20240701T103711, end_date=20240701T103711
[2024-07-01T10:37:11.684+0000] {standard_task_runner.py:110} ERROR - Failed to execute job 1349 for task extract_csv (Bash command failed. The command returned a non-zero exit code 127.; 7199)
[2024-07-01T10:37:11.725+0000] {local_task_job_runner.py:240} INFO - Task exited with return code 1
[2024-07-01T10:37:11.740+0000] {local_task_job_runner.py:222} INFO - ::endgroup::
