[2024-07-12T18:16:59.948+0000] {local_task_job_runner.py:120} INFO - ::group::Pre task execution logs
[2024-07-12T18:17:00.085+0000] {taskinstance.py:2076} INFO - Dependencies all met for dep_context=non-requeueable deps ti=<TaskInstance: dag_pipeline_northwind.extract_postgres_supplier_id scheduled__2024-07-11T00:00:00+00:00 [queued]>
[2024-07-12T18:17:00.104+0000] {taskinstance.py:2076} INFO - Dependencies all met for dep_context=requeueable deps ti=<TaskInstance: dag_pipeline_northwind.extract_postgres_supplier_id scheduled__2024-07-11T00:00:00+00:00 [queued]>
[2024-07-12T18:17:00.105+0000] {taskinstance.py:2306} INFO - Starting attempt 2 of 2
[2024-07-12T18:17:00.137+0000] {taskinstance.py:2330} INFO - Executing <Task(PythonOperator): extract_postgres_supplier_id> on 2024-07-11 00:00:00+00:00
[2024-07-12T18:17:00.156+0000] {standard_task_runner.py:90} INFO - Running: ['airflow', 'tasks', 'run', 'dag_pipeline_northwind', 'extract_postgres_supplier_id', 'scheduled__2024-07-11T00:00:00+00:00', '--job-id', '5412', '--raw', '--subdir', 'DAGS_FOLDER/dag_pipeline_northwind.py', '--cfg-path', '/tmp/tmpbtsl5l4_']
[2024-07-12T18:17:00.170+0000] {standard_task_runner.py:91} INFO - Job 5412: Subtask extract_postgres_supplier_id
[2024-07-12T18:17:00.373+0000] {logging_mixin.py:188} WARNING - /home/airflow/.local/lib/python3.12/site-packages/airflow/task/task_runner/standard_task_runner.py:61 DeprecationWarning: This process (pid=262) is multi-threaded, use of fork() may lead to deadlocks in the child.
[2024-07-12T18:17:00.374+0000] {standard_task_runner.py:63} INFO - Started process 273 to run task
[2024-07-12T18:17:00.465+0000] {task_command.py:426} INFO - Running <TaskInstance: dag_pipeline_northwind.extract_postgres_supplier_id scheduled__2024-07-11T00:00:00+00:00 [running]> on host ae84c7ea76bc
[2024-07-12T18:17:00.676+0000] {taskinstance.py:2648} INFO - Exporting env vars: AIRFLOW_CTX_DAG_OWNER='airflow' AIRFLOW_CTX_DAG_ID='dag_pipeline_northwind' AIRFLOW_CTX_TASK_ID='extract_postgres_supplier_id' AIRFLOW_CTX_EXECUTION_DATE='2024-07-11T00:00:00+00:00' AIRFLOW_CTX_TRY_NUMBER='2' AIRFLOW_CTX_DAG_RUN_ID='scheduled__2024-07-11T00:00:00+00:00'
[2024-07-12T18:17:00.679+0000] {taskinstance.py:430} INFO - ::endgroup::
[2024-07-12T18:17:00.717+0000] {logging_mixin.py:188} INFO - Running command: meltano elt tap-postgres target-csv --transform=run --job_id=extract_postgres_supplier_id_2024-07-11
[2024-07-12T18:17:00.721+0000] {logging_mixin.py:188} INFO - Command failed with error: Command 'meltano elt tap-postgres target-csv --transform=run --job_id=extract_postgres_supplier_id_2024-07-11' returned non-zero exit status 127.
[2024-07-12T18:17:00.723+0000] {taskinstance.py:441} INFO - ::group::Post task execution logs
[2024-07-12T18:17:00.724+0000] {taskinstance.py:2905} ERROR - Task failed with exception
Traceback (most recent call last):
  File "/home/airflow/.local/lib/python3.12/site-packages/airflow/models/taskinstance.py", line 465, in _execute_task
    result = _execute_callable(context=context, **execute_callable_kwargs)
             ^^^^^^^^^^^^^^^^^^^^^^^^^^^^^^^^^^^^^^^^^^^^^^^^^^^^^^^^^^^^^
  File "/home/airflow/.local/lib/python3.12/site-packages/airflow/models/taskinstance.py", line 432, in _execute_callable
    return execute_callable(context=context, **execute_callable_kwargs)
           ^^^^^^^^^^^^^^^^^^^^^^^^^^^^^^^^^^^^^^^^^^^^^^^^^^^^^^^^^^^^
  File "/home/airflow/.local/lib/python3.12/site-packages/airflow/models/baseoperator.py", line 401, in wrapper
    return func(self, *args, **kwargs)
           ^^^^^^^^^^^^^^^^^^^^^^^^^^^
  File "/home/airflow/.local/lib/python3.12/site-packages/airflow/operators/python.py", line 235, in execute
    return_value = self.execute_callable()
                   ^^^^^^^^^^^^^^^^^^^^^^^
  File "/home/airflow/.local/lib/python3.12/site-packages/airflow/operators/python.py", line 252, in execute_callable
    return self.python_callable(*self.op_args, **self.op_kwargs)
           ^^^^^^^^^^^^^^^^^^^^^^^^^^^^^^^^^^^^^^^^^^^^^^^^^^^^^
  File "/opt/airflow/dags/dag_pipeline_northwind.py", line 40, in extract_postgres_table
    result = subprocess.run(extract_command, shell=True, check=True, capture_output=True, text=True)
             ^^^^^^^^^^^^^^^^^^^^^^^^^^^^^^^^^^^^^^^^^^^^^^^^^^^^^^^^^^^^^^^^^^^^^^^^^^^^^^^^^^^^^^^
  File "/usr/local/lib/python3.12/subprocess.py", line 571, in run
    raise CalledProcessError(retcode, process.args,
subprocess.CalledProcessError: Command 'meltano elt tap-postgres target-csv --transform=run --job_id=extract_postgres_supplier_id_2024-07-11' returned non-zero exit status 127.
[2024-07-12T18:17:00.757+0000] {taskinstance.py:1206} INFO - Marking task as FAILED. dag_id=dag_pipeline_northwind, task_id=extract_postgres_supplier_id, run_id=scheduled__2024-07-11T00:00:00+00:00, execution_date=20240711T000000, start_date=20240712T181700, end_date=20240712T181700
[2024-07-12T18:17:00.788+0000] {standard_task_runner.py:110} ERROR - Failed to execute job 5412 for task extract_postgres_supplier_id (Command 'meltano elt tap-postgres target-csv --transform=run --job_id=extract_postgres_supplier_id_2024-07-11' returned non-zero exit status 127.; 273)
[2024-07-12T18:17:00.838+0000] {local_task_job_runner.py:240} INFO - Task exited with return code 1
[2024-07-12T18:17:00.851+0000] {local_task_job_runner.py:222} INFO - ::endgroup::
[2024-07-12T18:36:57.766+0000] {local_task_job_runner.py:120} INFO - ::group::Pre task execution logs
[2024-07-12T18:36:57.843+0000] {taskinstance.py:2076} INFO - Dependencies all met for dep_context=non-requeueable deps ti=<TaskInstance: dag_pipeline_northwind.extract_postgres_supplier_id scheduled__2024-07-11T00:00:00+00:00 [queued]>
[2024-07-12T18:36:57.862+0000] {taskinstance.py:2076} INFO - Dependencies all met for dep_context=requeueable deps ti=<TaskInstance: dag_pipeline_northwind.extract_postgres_supplier_id scheduled__2024-07-11T00:00:00+00:00 [queued]>
[2024-07-12T18:36:57.863+0000] {taskinstance.py:2306} INFO - Starting attempt 2 of 2
[2024-07-12T18:36:57.889+0000] {taskinstance.py:2330} INFO - Executing <Task(PythonOperator): extract_postgres_supplier_id> on 2024-07-11 00:00:00+00:00
[2024-07-12T18:36:57.908+0000] {logging_mixin.py:188} WARNING - /home/airflow/.local/lib/python3.12/site-packages/airflow/task/task_runner/standard_task_runner.py:61 DeprecationWarning: This process (pid=518) is multi-threaded, use of fork() may lead to deadlocks in the child.
[2024-07-12T18:36:57.910+0000] {standard_task_runner.py:63} INFO - Started process 522 to run task
[2024-07-12T18:36:57.909+0000] {standard_task_runner.py:90} INFO - Running: ['airflow', 'tasks', 'run', 'dag_pipeline_northwind', 'extract_postgres_supplier_id', 'scheduled__2024-07-11T00:00:00+00:00', '--job-id', '5510', '--raw', '--subdir', 'DAGS_FOLDER/dag_pipeline_northwind.py', '--cfg-path', '/tmp/tmp8b5xzxlm']
[2024-07-12T18:36:57.913+0000] {standard_task_runner.py:91} INFO - Job 5510: Subtask extract_postgres_supplier_id
[2024-07-12T18:36:58.022+0000] {task_command.py:426} INFO - Running <TaskInstance: dag_pipeline_northwind.extract_postgres_supplier_id scheduled__2024-07-11T00:00:00+00:00 [running]> on host da29552222cb
[2024-07-12T18:36:58.189+0000] {taskinstance.py:2648} INFO - Exporting env vars: AIRFLOW_CTX_DAG_OWNER='airflow' AIRFLOW_CTX_DAG_ID='dag_pipeline_northwind' AIRFLOW_CTX_TASK_ID='extract_postgres_supplier_id' AIRFLOW_CTX_EXECUTION_DATE='2024-07-11T00:00:00+00:00' AIRFLOW_CTX_TRY_NUMBER='2' AIRFLOW_CTX_DAG_RUN_ID='scheduled__2024-07-11T00:00:00+00:00'
[2024-07-12T18:36:58.191+0000] {taskinstance.py:430} INFO - ::endgroup::
[2024-07-12T18:36:58.222+0000] {logging_mixin.py:188} INFO - Running command: meltano elt tap-postgres target-csv --transform=run --job_id=extract_postgres_supplier_id_2024-07-11
[2024-07-12T18:36:58.229+0000] {logging_mixin.py:188} INFO - Command failed with error: Command 'meltano elt tap-postgres target-csv --transform=run --job_id=extract_postgres_supplier_id_2024-07-11' returned non-zero exit status 127.
[2024-07-12T18:36:58.230+0000] {taskinstance.py:441} INFO - ::group::Post task execution logs
[2024-07-12T18:36:58.231+0000] {taskinstance.py:2905} ERROR - Task failed with exception
Traceback (most recent call last):
  File "/home/airflow/.local/lib/python3.12/site-packages/airflow/models/taskinstance.py", line 465, in _execute_task
    result = _execute_callable(context=context, **execute_callable_kwargs)
             ^^^^^^^^^^^^^^^^^^^^^^^^^^^^^^^^^^^^^^^^^^^^^^^^^^^^^^^^^^^^^
  File "/home/airflow/.local/lib/python3.12/site-packages/airflow/models/taskinstance.py", line 432, in _execute_callable
    return execute_callable(context=context, **execute_callable_kwargs)
           ^^^^^^^^^^^^^^^^^^^^^^^^^^^^^^^^^^^^^^^^^^^^^^^^^^^^^^^^^^^^
  File "/home/airflow/.local/lib/python3.12/site-packages/airflow/models/baseoperator.py", line 401, in wrapper
    return func(self, *args, **kwargs)
           ^^^^^^^^^^^^^^^^^^^^^^^^^^^
  File "/home/airflow/.local/lib/python3.12/site-packages/airflow/operators/python.py", line 235, in execute
    return_value = self.execute_callable()
                   ^^^^^^^^^^^^^^^^^^^^^^^
  File "/home/airflow/.local/lib/python3.12/site-packages/airflow/operators/python.py", line 252, in execute_callable
    return self.python_callable(*self.op_args, **self.op_kwargs)
           ^^^^^^^^^^^^^^^^^^^^^^^^^^^^^^^^^^^^^^^^^^^^^^^^^^^^^
  File "/opt/airflow/dags/dag_pipeline_northwind.py", line 40, in extract_postgres_table
    result = subprocess.run(extract_command, shell=True, check=True, capture_output=True, text=True)
             ^^^^^^^^^^^^^^^^^^^^^^^^^^^^^^^^^^^^^^^^^^^^^^^^^^^^^^^^^^^^^^^^^^^^^^^^^^^^^^^^^^^^^^^
  File "/usr/local/lib/python3.12/subprocess.py", line 571, in run
    raise CalledProcessError(retcode, process.args,
subprocess.CalledProcessError: Command 'meltano elt tap-postgres target-csv --transform=run --job_id=extract_postgres_supplier_id_2024-07-11' returned non-zero exit status 127.
[2024-07-12T18:36:58.253+0000] {taskinstance.py:1206} INFO - Marking task as FAILED. dag_id=dag_pipeline_northwind, task_id=extract_postgres_supplier_id, run_id=scheduled__2024-07-11T00:00:00+00:00, execution_date=20240711T000000, start_date=20240712T183657, end_date=20240712T183658
[2024-07-12T18:36:58.278+0000] {standard_task_runner.py:110} ERROR - Failed to execute job 5510 for task extract_postgres_supplier_id (Command 'meltano elt tap-postgres target-csv --transform=run --job_id=extract_postgres_supplier_id_2024-07-11' returned non-zero exit status 127.; 522)
[2024-07-12T18:36:58.291+0000] {local_task_job_runner.py:240} INFO - Task exited with return code 1
[2024-07-12T18:36:58.339+0000] {taskinstance.py:3503} INFO - 0 downstream tasks scheduled from follow-on schedule check
[2024-07-12T18:36:58.341+0000] {local_task_job_runner.py:222} INFO - ::endgroup::
[2024-07-12T19:09:30.897+0000] {local_task_job_runner.py:120} INFO - ::group::Pre task execution logs
[2024-07-12T19:09:31.029+0000] {taskinstance.py:2076} INFO - Dependencies all met for dep_context=non-requeueable deps ti=<TaskInstance: dag_pipeline_northwind.extract_postgres_supplier_id scheduled__2024-07-11T00:00:00+00:00 [queued]>
[2024-07-12T19:09:31.064+0000] {taskinstance.py:2076} INFO - Dependencies all met for dep_context=requeueable deps ti=<TaskInstance: dag_pipeline_northwind.extract_postgres_supplier_id scheduled__2024-07-11T00:00:00+00:00 [queued]>
[2024-07-12T19:09:31.068+0000] {taskinstance.py:2306} INFO - Starting attempt 2 of 2
[2024-07-12T19:09:31.126+0000] {taskinstance.py:2330} INFO - Executing <Task(PythonOperator): extract_postgres_supplier_id> on 2024-07-11 00:00:00+00:00
[2024-07-12T19:09:31.167+0000] {logging_mixin.py:188} WARNING - /home/airflow/.local/lib/python3.12/site-packages/airflow/task/task_runner/standard_task_runner.py:61 DeprecationWarning: This process (pid=460) is multi-threaded, use of fork() may lead to deadlocks in the child.
[2024-07-12T19:09:31.171+0000] {standard_task_runner.py:63} INFO - Started process 475 to run task
[2024-07-12T19:09:31.160+0000] {standard_task_runner.py:90} INFO - Running: ['airflow', 'tasks', 'run', 'dag_pipeline_northwind', 'extract_postgres_supplier_id', 'scheduled__2024-07-11T00:00:00+00:00', '--job-id', '5614', '--raw', '--subdir', 'DAGS_FOLDER/dag_pipeline_northwind.py', '--cfg-path', '/tmp/tmp73rc4d9d']
[2024-07-12T19:09:31.178+0000] {standard_task_runner.py:91} INFO - Job 5614: Subtask extract_postgres_supplier_id
[2024-07-12T19:09:31.385+0000] {task_command.py:426} INFO - Running <TaskInstance: dag_pipeline_northwind.extract_postgres_supplier_id scheduled__2024-07-11T00:00:00+00:00 [running]> on host 5ef7300ef9b1
[2024-07-12T19:09:31.797+0000] {taskinstance.py:2648} INFO - Exporting env vars: AIRFLOW_CTX_DAG_OWNER='airflow' AIRFLOW_CTX_DAG_ID='dag_pipeline_northwind' AIRFLOW_CTX_TASK_ID='extract_postgres_supplier_id' AIRFLOW_CTX_EXECUTION_DATE='2024-07-11T00:00:00+00:00' AIRFLOW_CTX_TRY_NUMBER='2' AIRFLOW_CTX_DAG_RUN_ID='scheduled__2024-07-11T00:00:00+00:00'
[2024-07-12T19:09:31.800+0000] {taskinstance.py:430} INFO - ::endgroup::
[2024-07-12T19:09:31.857+0000] {logging_mixin.py:188} INFO - Running command: meltano elt tap-postgres target-csv --transform=run --job_id=extract_postgres_supplier_id_2024-07-11
[2024-07-12T19:09:31.865+0000] {logging_mixin.py:188} INFO - Command failed with error: Command 'meltano elt tap-postgres target-csv --transform=run --job_id=extract_postgres_supplier_id_2024-07-11' returned non-zero exit status 127.
[2024-07-12T19:09:31.866+0000] {taskinstance.py:441} INFO - ::group::Post task execution logs
[2024-07-12T19:09:31.867+0000] {taskinstance.py:2905} ERROR - Task failed with exception
Traceback (most recent call last):
  File "/home/airflow/.local/lib/python3.12/site-packages/airflow/models/taskinstance.py", line 465, in _execute_task
    result = _execute_callable(context=context, **execute_callable_kwargs)
             ^^^^^^^^^^^^^^^^^^^^^^^^^^^^^^^^^^^^^^^^^^^^^^^^^^^^^^^^^^^^^
  File "/home/airflow/.local/lib/python3.12/site-packages/airflow/models/taskinstance.py", line 432, in _execute_callable
    return execute_callable(context=context, **execute_callable_kwargs)
           ^^^^^^^^^^^^^^^^^^^^^^^^^^^^^^^^^^^^^^^^^^^^^^^^^^^^^^^^^^^^
  File "/home/airflow/.local/lib/python3.12/site-packages/airflow/models/baseoperator.py", line 401, in wrapper
    return func(self, *args, **kwargs)
           ^^^^^^^^^^^^^^^^^^^^^^^^^^^
  File "/home/airflow/.local/lib/python3.12/site-packages/airflow/operators/python.py", line 235, in execute
    return_value = self.execute_callable()
                   ^^^^^^^^^^^^^^^^^^^^^^^
  File "/home/airflow/.local/lib/python3.12/site-packages/airflow/operators/python.py", line 252, in execute_callable
    return self.python_callable(*self.op_args, **self.op_kwargs)
           ^^^^^^^^^^^^^^^^^^^^^^^^^^^^^^^^^^^^^^^^^^^^^^^^^^^^^
  File "/opt/airflow/dags/dag_pipeline_northwind.py", line 40, in extract_postgres_table
    result = subprocess.run(extract_command, shell=True, check=True, capture_output=True, text=True)
             ^^^^^^^^^^^^^^^^^^^^^^^^^^^^^^^^^^^^^^^^^^^^^^^^^^^^^^^^^^^^^^^^^^^^^^^^^^^^^^^^^^^^^^^
  File "/usr/local/lib/python3.12/subprocess.py", line 571, in run
    raise CalledProcessError(retcode, process.args,
subprocess.CalledProcessError: Command 'meltano elt tap-postgres target-csv --transform=run --job_id=extract_postgres_supplier_id_2024-07-11' returned non-zero exit status 127.
[2024-07-12T19:09:31.935+0000] {taskinstance.py:1206} INFO - Marking task as FAILED. dag_id=dag_pipeline_northwind, task_id=extract_postgres_supplier_id, run_id=scheduled__2024-07-11T00:00:00+00:00, execution_date=20240711T000000, start_date=20240712T190931, end_date=20240712T190931
[2024-07-12T19:09:31.991+0000] {standard_task_runner.py:110} ERROR - Failed to execute job 5614 for task extract_postgres_supplier_id (Command 'meltano elt tap-postgres target-csv --transform=run --job_id=extract_postgres_supplier_id_2024-07-11' returned non-zero exit status 127.; 475)
[2024-07-12T19:09:32.032+0000] {local_task_job_runner.py:240} INFO - Task exited with return code 1
[2024-07-12T19:09:32.065+0000] {local_task_job_runner.py:222} INFO - ::endgroup::
[2024-07-14T21:53:01.608+0000] {local_task_job_runner.py:120} INFO - ::group::Pre task execution logs
[2024-07-14T21:53:01.745+0000] {taskinstance.py:2076} INFO - Dependencies all met for dep_context=non-requeueable deps ti=<TaskInstance: dag_pipeline_northwind.extract_postgres_supplier_id scheduled__2024-07-11T00:00:00+00:00 [queued]>
[2024-07-14T21:53:01.775+0000] {taskinstance.py:2076} INFO - Dependencies all met for dep_context=requeueable deps ti=<TaskInstance: dag_pipeline_northwind.extract_postgres_supplier_id scheduled__2024-07-11T00:00:00+00:00 [queued]>
[2024-07-14T21:53:01.776+0000] {taskinstance.py:2306} INFO - Starting attempt 2 of 2
[2024-07-14T21:53:01.818+0000] {taskinstance.py:2330} INFO - Executing <Task(PythonOperator): extract_postgres_supplier_id> on 2024-07-11 00:00:00+00:00
[2024-07-14T21:53:01.853+0000] {logging_mixin.py:188} WARNING - /home/airflow/.local/lib/python3.12/site-packages/airflow/task/task_runner/standard_task_runner.py:61 DeprecationWarning: This process (pid=543) is multi-threaded, use of fork() may lead to deadlocks in the child.
[2024-07-14T21:53:01.856+0000] {standard_task_runner.py:63} INFO - Started process 560 to run task
[2024-07-14T21:53:01.857+0000] {standard_task_runner.py:90} INFO - Running: ['airflow', 'tasks', 'run', 'dag_pipeline_northwind', 'extract_postgres_supplier_id', 'scheduled__2024-07-11T00:00:00+00:00', '--job-id', '5787', '--raw', '--subdir', 'DAGS_FOLDER/dag_pipeline_northwind.py', '--cfg-path', '/tmp/tmpqjf6hzyu']
[2024-07-14T21:53:01.864+0000] {standard_task_runner.py:91} INFO - Job 5787: Subtask extract_postgres_supplier_id
[2024-07-14T21:53:02.115+0000] {task_command.py:426} INFO - Running <TaskInstance: dag_pipeline_northwind.extract_postgres_supplier_id scheduled__2024-07-11T00:00:00+00:00 [running]> on host ee4b7f7f7c3e
[2024-07-14T21:53:02.427+0000] {taskinstance.py:2648} INFO - Exporting env vars: AIRFLOW_CTX_DAG_OWNER='airflow' AIRFLOW_CTX_DAG_ID='dag_pipeline_northwind' AIRFLOW_CTX_TASK_ID='extract_postgres_supplier_id' AIRFLOW_CTX_EXECUTION_DATE='2024-07-11T00:00:00+00:00' AIRFLOW_CTX_TRY_NUMBER='2' AIRFLOW_CTX_DAG_RUN_ID='scheduled__2024-07-11T00:00:00+00:00'
[2024-07-14T21:53:02.429+0000] {taskinstance.py:430} INFO - ::endgroup::
[2024-07-14T21:53:02.487+0000] {logging_mixin.py:188} INFO - Running command: meltano elt tap-postgres target-csv --transform=run --job_id=extract_postgres_supplier_id_2024-07-11
[2024-07-14T21:53:02.505+0000] {logging_mixin.py:188} INFO - Command failed with error: Command 'meltano elt tap-postgres target-csv --transform=run --job_id=extract_postgres_supplier_id_2024-07-11' returned non-zero exit status 127.
[2024-07-14T21:53:02.508+0000] {taskinstance.py:441} INFO - ::group::Post task execution logs
[2024-07-14T21:53:02.515+0000] {taskinstance.py:2905} ERROR - Task failed with exception
Traceback (most recent call last):
  File "/home/airflow/.local/lib/python3.12/site-packages/airflow/models/taskinstance.py", line 465, in _execute_task
    result = _execute_callable(context=context, **execute_callable_kwargs)
             ^^^^^^^^^^^^^^^^^^^^^^^^^^^^^^^^^^^^^^^^^^^^^^^^^^^^^^^^^^^^^
  File "/home/airflow/.local/lib/python3.12/site-packages/airflow/models/taskinstance.py", line 432, in _execute_callable
    return execute_callable(context=context, **execute_callable_kwargs)
           ^^^^^^^^^^^^^^^^^^^^^^^^^^^^^^^^^^^^^^^^^^^^^^^^^^^^^^^^^^^^
  File "/home/airflow/.local/lib/python3.12/site-packages/airflow/models/baseoperator.py", line 401, in wrapper
    return func(self, *args, **kwargs)
           ^^^^^^^^^^^^^^^^^^^^^^^^^^^
  File "/home/airflow/.local/lib/python3.12/site-packages/airflow/operators/python.py", line 235, in execute
    return_value = self.execute_callable()
                   ^^^^^^^^^^^^^^^^^^^^^^^
  File "/home/airflow/.local/lib/python3.12/site-packages/airflow/operators/python.py", line 252, in execute_callable
    return self.python_callable(*self.op_args, **self.op_kwargs)
           ^^^^^^^^^^^^^^^^^^^^^^^^^^^^^^^^^^^^^^^^^^^^^^^^^^^^^
  File "/opt/airflow/dags/dag_pipeline_northwind.py", line 40, in extract_postgres_table
    result = subprocess.run(extract_command, shell=True, check=True, capture_output=True, text=True)
             ^^^^^^^^^^^^^^^^^^^^^^^^^^^^^^^^^^^^^^^^^^^^^^^^^^^^^^^^^^^^^^^^^^^^^^^^^^^^^^^^^^^^^^^
  File "/usr/local/lib/python3.12/subprocess.py", line 571, in run
    raise CalledProcessError(retcode, process.args,
subprocess.CalledProcessError: Command 'meltano elt tap-postgres target-csv --transform=run --job_id=extract_postgres_supplier_id_2024-07-11' returned non-zero exit status 127.
[2024-07-14T21:53:02.569+0000] {taskinstance.py:1206} INFO - Marking task as FAILED. dag_id=dag_pipeline_northwind, task_id=extract_postgres_supplier_id, run_id=scheduled__2024-07-11T00:00:00+00:00, execution_date=20240711T000000, start_date=20240714T215301, end_date=20240714T215302
[2024-07-14T21:53:02.613+0000] {standard_task_runner.py:110} ERROR - Failed to execute job 5787 for task extract_postgres_supplier_id (Command 'meltano elt tap-postgres target-csv --transform=run --job_id=extract_postgres_supplier_id_2024-07-11' returned non-zero exit status 127.; 560)
[2024-07-14T21:53:02.650+0000] {local_task_job_runner.py:240} INFO - Task exited with return code 1
[2024-07-14T21:53:02.673+0000] {local_task_job_runner.py:222} INFO - ::endgroup::
