[2024-07-01T01:35:50.994+0000] {local_task_job_runner.py:120} INFO - ::group::Pre task execution logs
[2024-07-01T01:35:51.099+0000] {taskinstance.py:2076} INFO - Dependencies all met for dep_context=non-requeueable deps ti=<TaskInstance: dag_northwind.extract_postgres scheduled__2024-04-11T00:00:00+00:00 [queued]>
[2024-07-01T01:35:51.122+0000] {taskinstance.py:2076} INFO - Dependencies all met for dep_context=requeueable deps ti=<TaskInstance: dag_northwind.extract_postgres scheduled__2024-04-11T00:00:00+00:00 [queued]>
[2024-07-01T01:35:51.124+0000] {taskinstance.py:2306} INFO - Starting attempt 2 of 2
[2024-07-01T01:35:51.352+0000] {taskinstance.py:2330} INFO - Executing <Task(BashOperator): extract_postgres> on 2024-04-11 00:00:00+00:00
[2024-07-01T01:35:51.368+0000] {logging_mixin.py:188} WARNING - /home/airflow/.local/lib/python3.12/site-packages/airflow/task/task_runner/standard_task_runner.py:61 DeprecationWarning: This process (pid=1392) is multi-threaded, use of fork() may lead to deadlocks in the child.
[2024-07-01T01:35:51.365+0000] {standard_task_runner.py:90} INFO - Running: ['airflow', 'tasks', 'run', 'dag_northwind', 'extract_postgres', 'scheduled__2024-04-11T00:00:00+00:00', '--job-id', '755', '--raw', '--subdir', 'DAGS_FOLDER/dag_northwind.py', '--cfg-path', '/tmp/tmpnjowbfk8']
[2024-07-01T01:35:51.371+0000] {standard_task_runner.py:63} INFO - Started process 1421 to run task
[2024-07-01T01:35:51.372+0000] {standard_task_runner.py:91} INFO - Job 755: Subtask extract_postgres
[2024-07-01T01:35:51.495+0000] {task_command.py:426} INFO - Running <TaskInstance: dag_northwind.extract_postgres scheduled__2024-04-11T00:00:00+00:00 [running]> on host 05d913303710
[2024-07-01T01:35:51.635+0000] {taskinstance.py:2648} INFO - Exporting env vars: AIRFLOW_CTX_DAG_OWNER='airflow' AIRFLOW_CTX_DAG_ID='dag_northwind' AIRFLOW_CTX_TASK_ID='extract_postgres' AIRFLOW_CTX_EXECUTION_DATE='2024-04-11T00:00:00+00:00' AIRFLOW_CTX_TRY_NUMBER='2' AIRFLOW_CTX_DAG_RUN_ID='scheduled__2024-04-11T00:00:00+00:00'
[2024-07-01T01:35:51.636+0000] {taskinstance.py:430} INFO - ::endgroup::
[2024-07-01T01:35:51.660+0000] {subprocess.py:63} INFO - Tmp dir root location: /tmp
[2024-07-01T01:35:51.662+0000] {subprocess.py:75} INFO - Running command: ['/usr/bin/bash', '-c', 'meltano elt tap-postgres target-csv --job_id=extract_postgres_2024-04-11 && mkdir -p /data/postgres/2024-04-11 && mv /project/output/tap-postgres/*.csv /data/postgres/2024-04-11/']
[2024-07-01T01:35:51.674+0000] {subprocess.py:86} INFO - Output:
[2024-07-01T01:35:51.676+0000] {subprocess.py:93} INFO - /usr/bin/bash: line 1: meltano: command not found
[2024-07-01T01:35:51.677+0000] {subprocess.py:97} INFO - Command exited with return code 127
[2024-07-01T01:35:51.678+0000] {taskinstance.py:441} INFO - ::group::Post task execution logs
[2024-07-01T01:35:51.695+0000] {taskinstance.py:2905} ERROR - Task failed with exception
Traceback (most recent call last):
  File "/home/airflow/.local/lib/python3.12/site-packages/airflow/models/taskinstance.py", line 465, in _execute_task
    result = _execute_callable(context=context, **execute_callable_kwargs)
             ^^^^^^^^^^^^^^^^^^^^^^^^^^^^^^^^^^^^^^^^^^^^^^^^^^^^^^^^^^^^^
  File "/home/airflow/.local/lib/python3.12/site-packages/airflow/models/taskinstance.py", line 432, in _execute_callable
    return execute_callable(context=context, **execute_callable_kwargs)
           ^^^^^^^^^^^^^^^^^^^^^^^^^^^^^^^^^^^^^^^^^^^^^^^^^^^^^^^^^^^^
  File "/home/airflow/.local/lib/python3.12/site-packages/airflow/models/baseoperator.py", line 401, in wrapper
    return func(self, *args, **kwargs)
           ^^^^^^^^^^^^^^^^^^^^^^^^^^^
  File "/home/airflow/.local/lib/python3.12/site-packages/airflow/operators/bash.py", line 243, in execute
    raise AirflowException(
airflow.exceptions.AirflowException: Bash command failed. The command returned a non-zero exit code 127.
[2024-07-01T01:35:51.710+0000] {taskinstance.py:1206} INFO - Marking task as FAILED. dag_id=dag_northwind, task_id=extract_postgres, run_id=scheduled__2024-04-11T00:00:00+00:00, execution_date=20240411T000000, start_date=20240701T013551, end_date=20240701T013551
[2024-07-01T01:35:51.750+0000] {standard_task_runner.py:110} ERROR - Failed to execute job 755 for task extract_postgres (Bash command failed. The command returned a non-zero exit code 127.; 1421)
[2024-07-01T01:35:51.791+0000] {local_task_job_runner.py:240} INFO - Task exited with return code 1
[2024-07-01T01:35:51.871+0000] {taskinstance.py:3503} INFO - 0 downstream tasks scheduled from follow-on schedule check
[2024-07-01T01:35:51.891+0000] {local_task_job_runner.py:222} INFO - ::endgroup::
[2024-07-01T10:37:00.707+0000] {local_task_job_runner.py:120} INFO - ::group::Pre task execution logs
[2024-07-01T10:37:00.801+0000] {taskinstance.py:2076} INFO - Dependencies all met for dep_context=non-requeueable deps ti=<TaskInstance: dag_northwind.extract_postgres scheduled__2024-04-11T00:00:00+00:00 [queued]>
[2024-07-01T10:37:00.825+0000] {taskinstance.py:2076} INFO - Dependencies all met for dep_context=requeueable deps ti=<TaskInstance: dag_northwind.extract_postgres scheduled__2024-04-11T00:00:00+00:00 [queued]>
[2024-07-01T10:37:00.827+0000] {taskinstance.py:2306} INFO - Starting attempt 2 of 2
[2024-07-01T10:37:01.145+0000] {taskinstance.py:2330} INFO - Executing <Task(BashOperator): extract_postgres> on 2024-04-11 00:00:00+00:00
[2024-07-01T10:37:01.162+0000] {logging_mixin.py:188} WARNING - /home/airflow/.local/lib/python3.12/site-packages/airflow/task/task_runner/standard_task_runner.py:61 DeprecationWarning: This process (pid=6978) is multi-threaded, use of fork() may lead to deadlocks in the child.
[2024-07-01T10:37:01.164+0000] {standard_task_runner.py:63} INFO - Started process 7003 to run task
[2024-07-01T10:37:01.162+0000] {standard_task_runner.py:90} INFO - Running: ['airflow', 'tasks', 'run', 'dag_northwind', 'extract_postgres', 'scheduled__2024-04-11T00:00:00+00:00', '--job-id', '1302', '--raw', '--subdir', 'DAGS_FOLDER/dag_northwind.py', '--cfg-path', '/tmp/tmpr927akpn']
[2024-07-01T10:37:01.166+0000] {standard_task_runner.py:91} INFO - Job 1302: Subtask extract_postgres
[2024-07-01T10:37:01.283+0000] {task_command.py:426} INFO - Running <TaskInstance: dag_northwind.extract_postgres scheduled__2024-04-11T00:00:00+00:00 [running]> on host 85c6ea7cd9cf
[2024-07-01T10:37:01.430+0000] {taskinstance.py:2648} INFO - Exporting env vars: AIRFLOW_CTX_DAG_OWNER='airflow' AIRFLOW_CTX_DAG_ID='dag_northwind' AIRFLOW_CTX_TASK_ID='extract_postgres' AIRFLOW_CTX_EXECUTION_DATE='2024-04-11T00:00:00+00:00' AIRFLOW_CTX_TRY_NUMBER='2' AIRFLOW_CTX_DAG_RUN_ID='scheduled__2024-04-11T00:00:00+00:00'
[2024-07-01T10:37:01.432+0000] {taskinstance.py:430} INFO - ::endgroup::
[2024-07-01T10:37:01.453+0000] {subprocess.py:63} INFO - Tmp dir root location: /tmp
[2024-07-01T10:37:01.454+0000] {subprocess.py:75} INFO - Running command: ['/usr/bin/bash', '-c', 'meltano elt tap-postgres target-csv --job_id=extract_postgres_2024-04-11 && mkdir -p /data/postgres/2024-04-11 && mv /project/output/tap-postgres/*.csv /data/postgres/2024-04-11/']
[2024-07-01T10:37:01.466+0000] {subprocess.py:86} INFO - Output:
[2024-07-01T10:37:01.469+0000] {subprocess.py:93} INFO - /usr/bin/bash: line 1: meltano: command not found
[2024-07-01T10:37:01.469+0000] {subprocess.py:97} INFO - Command exited with return code 127
[2024-07-01T10:37:01.471+0000] {taskinstance.py:441} INFO - ::group::Post task execution logs
[2024-07-01T10:37:01.495+0000] {taskinstance.py:2905} ERROR - Task failed with exception
Traceback (most recent call last):
  File "/home/airflow/.local/lib/python3.12/site-packages/airflow/models/taskinstance.py", line 465, in _execute_task
    result = _execute_callable(context=context, **execute_callable_kwargs)
             ^^^^^^^^^^^^^^^^^^^^^^^^^^^^^^^^^^^^^^^^^^^^^^^^^^^^^^^^^^^^^
  File "/home/airflow/.local/lib/python3.12/site-packages/airflow/models/taskinstance.py", line 432, in _execute_callable
    return execute_callable(context=context, **execute_callable_kwargs)
           ^^^^^^^^^^^^^^^^^^^^^^^^^^^^^^^^^^^^^^^^^^^^^^^^^^^^^^^^^^^^
  File "/home/airflow/.local/lib/python3.12/site-packages/airflow/models/baseoperator.py", line 401, in wrapper
    return func(self, *args, **kwargs)
           ^^^^^^^^^^^^^^^^^^^^^^^^^^^
  File "/home/airflow/.local/lib/python3.12/site-packages/airflow/operators/bash.py", line 243, in execute
    raise AirflowException(
airflow.exceptions.AirflowException: Bash command failed. The command returned a non-zero exit code 127.
[2024-07-01T10:37:01.509+0000] {taskinstance.py:1206} INFO - Marking task as FAILED. dag_id=dag_northwind, task_id=extract_postgres, run_id=scheduled__2024-04-11T00:00:00+00:00, execution_date=20240411T000000, start_date=20240701T103700, end_date=20240701T103701
[2024-07-01T10:37:01.570+0000] {standard_task_runner.py:110} ERROR - Failed to execute job 1302 for task extract_postgres (Bash command failed. The command returned a non-zero exit code 127.; 7003)
[2024-07-01T10:37:01.588+0000] {local_task_job_runner.py:240} INFO - Task exited with return code 1
[2024-07-01T10:37:01.604+0000] {local_task_job_runner.py:222} INFO - ::endgroup::
