[2024-07-03T19:36:00.384+0000] {local_task_job_runner.py:120} INFO - ::group::Pre task execution logs
[2024-07-03T19:36:00.456+0000] {taskinstance.py:2076} INFO - Dependencies all met for dep_context=non-requeueable deps ti=<TaskInstance: dag_pipeline_northwind.extract_csv scheduled__2024-05-21T00:00:00+00:00 [queued]>
[2024-07-03T19:36:00.474+0000] {taskinstance.py:2076} INFO - Dependencies all met for dep_context=requeueable deps ti=<TaskInstance: dag_pipeline_northwind.extract_csv scheduled__2024-05-21T00:00:00+00:00 [queued]>
[2024-07-03T19:36:00.475+0000] {taskinstance.py:2306} INFO - Starting attempt 1 of 2
[2024-07-03T19:36:00.685+0000] {taskinstance.py:2330} INFO - Executing <Task(PythonOperator): extract_csv> on 2024-05-21 00:00:00+00:00
[2024-07-03T19:36:00.695+0000] {logging_mixin.py:188} WARNING - /home/airflow/.local/lib/python3.12/site-packages/airflow/task/task_runner/standard_task_runner.py:61 DeprecationWarning: This process (pid=1562) is multi-threaded, use of fork() may lead to deadlocks in the child.
[2024-07-03T19:36:00.697+0000] {standard_task_runner.py:63} INFO - Started process 1571 to run task
[2024-07-03T19:36:00.696+0000] {standard_task_runner.py:90} INFO - Running: ['airflow', 'tasks', 'run', 'dag_pipeline_northwind', 'extract_csv', 'scheduled__2024-05-21T00:00:00+00:00', '--job-id', '4103', '--raw', '--subdir', 'DAGS_FOLDER/northwind_dag_teste.py', '--cfg-path', '/tmp/tmpmjointy9']
[2024-07-03T19:36:00.700+0000] {standard_task_runner.py:91} INFO - Job 4103: Subtask extract_csv
[2024-07-03T19:36:00.800+0000] {task_command.py:426} INFO - Running <TaskInstance: dag_pipeline_northwind.extract_csv scheduled__2024-05-21T00:00:00+00:00 [running]> on host 76916b664cf5
[2024-07-03T19:36:00.939+0000] {taskinstance.py:2648} INFO - Exporting env vars: AIRFLOW_CTX_DAG_OWNER='airflow' AIRFLOW_CTX_DAG_ID='dag_pipeline_northwind' AIRFLOW_CTX_TASK_ID='extract_csv' AIRFLOW_CTX_EXECUTION_DATE='2024-05-21T00:00:00+00:00' AIRFLOW_CTX_TRY_NUMBER='1' AIRFLOW_CTX_DAG_RUN_ID='scheduled__2024-05-21T00:00:00+00:00'
[2024-07-03T19:36:00.940+0000] {taskinstance.py:430} INFO - ::endgroup::
[2024-07-03T19:36:00.962+0000] {logging_mixin.py:188} INFO - Running command: meltano elt tap-csv target-csv --transform=run --job_id=extract_csv_2024-05-21
[2024-07-03T19:36:00.965+0000] {logging_mixin.py:188} INFO - Command failed with error: Command 'meltano elt tap-csv target-csv --transform=run --job_id=extract_csv_2024-05-21' returned non-zero exit status 127.
[2024-07-03T19:36:00.965+0000] {taskinstance.py:441} INFO - ::group::Post task execution logs
[2024-07-03T19:36:00.966+0000] {taskinstance.py:2905} ERROR - Task failed with exception
Traceback (most recent call last):
  File "/home/airflow/.local/lib/python3.12/site-packages/airflow/models/taskinstance.py", line 465, in _execute_task
    result = _execute_callable(context=context, **execute_callable_kwargs)
             ^^^^^^^^^^^^^^^^^^^^^^^^^^^^^^^^^^^^^^^^^^^^^^^^^^^^^^^^^^^^^
  File "/home/airflow/.local/lib/python3.12/site-packages/airflow/models/taskinstance.py", line 432, in _execute_callable
    return execute_callable(context=context, **execute_callable_kwargs)
           ^^^^^^^^^^^^^^^^^^^^^^^^^^^^^^^^^^^^^^^^^^^^^^^^^^^^^^^^^^^^
  File "/home/airflow/.local/lib/python3.12/site-packages/airflow/models/baseoperator.py", line 401, in wrapper
    return func(self, *args, **kwargs)
           ^^^^^^^^^^^^^^^^^^^^^^^^^^^
  File "/home/airflow/.local/lib/python3.12/site-packages/airflow/operators/python.py", line 235, in execute
    return_value = self.execute_callable()
                   ^^^^^^^^^^^^^^^^^^^^^^^
  File "/home/airflow/.local/lib/python3.12/site-packages/airflow/operators/python.py", line 252, in execute_callable
    return self.python_callable(*self.op_args, **self.op_kwargs)
           ^^^^^^^^^^^^^^^^^^^^^^^^^^^^^^^^^^^^^^^^^^^^^^^^^^^^^
  File "/opt/airflow/dags/northwind_dag_teste.py", line 46, in extract_csv
    result = subprocess.run(extract_command, shell=True, check=True, capture_output=True, text=True)
             ^^^^^^^^^^^^^^^^^^^^^^^^^^^^^^^^^^^^^^^^^^^^^^^^^^^^^^^^^^^^^^^^^^^^^^^^^^^^^^^^^^^^^^^
  File "/usr/local/lib/python3.12/subprocess.py", line 571, in run
    raise CalledProcessError(retcode, process.args,
subprocess.CalledProcessError: Command 'meltano elt tap-csv target-csv --transform=run --job_id=extract_csv_2024-05-21' returned non-zero exit status 127.
[2024-07-03T19:36:00.985+0000] {taskinstance.py:1206} INFO - Marking task as UP_FOR_RETRY. dag_id=dag_pipeline_northwind, task_id=extract_csv, run_id=scheduled__2024-05-21T00:00:00+00:00, execution_date=20240521T000000, start_date=20240703T193600, end_date=20240703T193600
[2024-07-03T19:36:01.001+0000] {standard_task_runner.py:110} ERROR - Failed to execute job 4103 for task extract_csv (Command 'meltano elt tap-csv target-csv --transform=run --job_id=extract_csv_2024-05-21' returned non-zero exit status 127.; 1571)
[2024-07-03T19:36:01.034+0000] {local_task_job_runner.py:240} INFO - Task exited with return code 1
[2024-07-03T19:36:01.076+0000] {taskinstance.py:3503} INFO - 0 downstream tasks scheduled from follow-on schedule check
[2024-07-03T19:36:01.079+0000] {local_task_job_runner.py:222} INFO - ::endgroup::
[2024-07-04T01:40:09.647+0000] {local_task_job_runner.py:120} INFO - ::group::Pre task execution logs
[2024-07-04T01:40:09.711+0000] {taskinstance.py:2076} INFO - Dependencies all met for dep_context=non-requeueable deps ti=<TaskInstance: dag_pipeline_northwind.extract_csv scheduled__2024-05-21T00:00:00+00:00 [queued]>
[2024-07-04T01:40:09.731+0000] {taskinstance.py:2076} INFO - Dependencies all met for dep_context=requeueable deps ti=<TaskInstance: dag_pipeline_northwind.extract_csv scheduled__2024-05-21T00:00:00+00:00 [queued]>
[2024-07-04T01:40:09.732+0000] {taskinstance.py:2306} INFO - Starting attempt 1 of 2
[2024-07-04T01:40:09.933+0000] {taskinstance.py:2330} INFO - Executing <Task(PythonOperator): extract_csv> on 2024-05-21 00:00:00+00:00
[2024-07-04T01:40:09.944+0000] {logging_mixin.py:188} WARNING - /home/airflow/.local/lib/python3.12/site-packages/airflow/task/task_runner/standard_task_runner.py:61 DeprecationWarning: This process (pid=2232) is multi-threaded, use of fork() may lead to deadlocks in the child.
[2024-07-04T01:40:09.946+0000] {standard_task_runner.py:63} INFO - Started process 2241 to run task
[2024-07-04T01:40:09.944+0000] {standard_task_runner.py:90} INFO - Running: ['airflow', 'tasks', 'run', 'dag_pipeline_northwind', 'extract_csv', 'scheduled__2024-05-21T00:00:00+00:00', '--job-id', '5134', '--raw', '--subdir', 'DAGS_FOLDER/dag_pipeline_northwind.py', '--cfg-path', '/tmp/tmp2s0zia9v']
[2024-07-04T01:40:09.948+0000] {standard_task_runner.py:91} INFO - Job 5134: Subtask extract_csv
[2024-07-04T01:40:10.040+0000] {task_command.py:426} INFO - Running <TaskInstance: dag_pipeline_northwind.extract_csv scheduled__2024-05-21T00:00:00+00:00 [running]> on host 06ddab619e10
[2024-07-04T01:40:10.175+0000] {taskinstance.py:2648} INFO - Exporting env vars: AIRFLOW_CTX_DAG_OWNER='airflow' AIRFLOW_CTX_DAG_ID='dag_pipeline_northwind' AIRFLOW_CTX_TASK_ID='extract_csv' AIRFLOW_CTX_EXECUTION_DATE='2024-05-21T00:00:00+00:00' AIRFLOW_CTX_TRY_NUMBER='1' AIRFLOW_CTX_DAG_RUN_ID='scheduled__2024-05-21T00:00:00+00:00'
[2024-07-04T01:40:10.176+0000] {taskinstance.py:430} INFO - ::endgroup::
[2024-07-04T01:40:10.200+0000] {logging_mixin.py:188} INFO - Running command: meltano elt tap-csv target-csv --transform=run --job_id=extract_csv_2024-05-21
[2024-07-04T01:40:10.203+0000] {logging_mixin.py:188} INFO - Command failed with error: Command 'meltano elt tap-csv target-csv --transform=run --job_id=extract_csv_2024-05-21' returned non-zero exit status 127.
[2024-07-04T01:40:10.204+0000] {taskinstance.py:441} INFO - ::group::Post task execution logs
[2024-07-04T01:40:10.205+0000] {taskinstance.py:2905} ERROR - Task failed with exception
Traceback (most recent call last):
  File "/home/airflow/.local/lib/python3.12/site-packages/airflow/models/taskinstance.py", line 465, in _execute_task
    result = _execute_callable(context=context, **execute_callable_kwargs)
             ^^^^^^^^^^^^^^^^^^^^^^^^^^^^^^^^^^^^^^^^^^^^^^^^^^^^^^^^^^^^^
  File "/home/airflow/.local/lib/python3.12/site-packages/airflow/models/taskinstance.py", line 432, in _execute_callable
    return execute_callable(context=context, **execute_callable_kwargs)
           ^^^^^^^^^^^^^^^^^^^^^^^^^^^^^^^^^^^^^^^^^^^^^^^^^^^^^^^^^^^^
  File "/home/airflow/.local/lib/python3.12/site-packages/airflow/models/baseoperator.py", line 401, in wrapper
    return func(self, *args, **kwargs)
           ^^^^^^^^^^^^^^^^^^^^^^^^^^^
  File "/home/airflow/.local/lib/python3.12/site-packages/airflow/operators/python.py", line 235, in execute
    return_value = self.execute_callable()
                   ^^^^^^^^^^^^^^^^^^^^^^^
  File "/home/airflow/.local/lib/python3.12/site-packages/airflow/operators/python.py", line 252, in execute_callable
    return self.python_callable(*self.op_args, **self.op_kwargs)
           ^^^^^^^^^^^^^^^^^^^^^^^^^^^^^^^^^^^^^^^^^^^^^^^^^^^^^
  File "/opt/airflow/dags/dag_pipeline_northwind.py", line 46, in extract_csv
    result = subprocess.run(extract_command, shell=True, check=True, capture_output=True, text=True)
             ^^^^^^^^^^^^^^^^^^^^^^^^^^^^^^^^^^^^^^^^^^^^^^^^^^^^^^^^^^^^^^^^^^^^^^^^^^^^^^^^^^^^^^^
  File "/usr/local/lib/python3.12/subprocess.py", line 571, in run
    raise CalledProcessError(retcode, process.args,
subprocess.CalledProcessError: Command 'meltano elt tap-csv target-csv --transform=run --job_id=extract_csv_2024-05-21' returned non-zero exit status 127.
[2024-07-04T01:40:10.224+0000] {taskinstance.py:1206} INFO - Marking task as UP_FOR_RETRY. dag_id=dag_pipeline_northwind, task_id=extract_csv, run_id=scheduled__2024-05-21T00:00:00+00:00, execution_date=20240521T000000, start_date=20240704T014009, end_date=20240704T014010
[2024-07-04T01:40:10.252+0000] {standard_task_runner.py:110} ERROR - Failed to execute job 5134 for task extract_csv (Command 'meltano elt tap-csv target-csv --transform=run --job_id=extract_csv_2024-05-21' returned non-zero exit status 127.; 2241)
[2024-07-04T01:40:10.283+0000] {local_task_job_runner.py:240} INFO - Task exited with return code 1
[2024-07-04T01:40:10.325+0000] {taskinstance.py:3503} INFO - 0 downstream tasks scheduled from follow-on schedule check
[2024-07-04T01:40:10.327+0000] {local_task_job_runner.py:222} INFO - ::endgroup::
