[2024-07-14T15:35:32.432+0000] {local_task_job_runner.py:120} INFO - ::group::Pre task execution logs
[2024-07-14T15:35:32.537+0000] {taskinstance.py:2076} INFO - Dependencies all met for dep_context=non-requeueable deps ti=<TaskInstance: dag_pipeline_northwind.extract_postgres_employee_id scheduled__2024-07-13T00:00:00+00:00 [queued]>
[2024-07-14T15:35:32.558+0000] {taskinstance.py:2076} INFO - Dependencies all met for dep_context=requeueable deps ti=<TaskInstance: dag_pipeline_northwind.extract_postgres_employee_id scheduled__2024-07-13T00:00:00+00:00 [queued]>
[2024-07-14T15:35:32.564+0000] {taskinstance.py:2306} INFO - Starting attempt 1 of 2
[2024-07-14T15:35:32.613+0000] {taskinstance.py:2330} INFO - Executing <Task(PythonOperator): extract_postgres_employee_id> on 2024-07-13 00:00:00+00:00
[2024-07-14T15:35:32.642+0000] {standard_task_runner.py:90} INFO - Running: ['airflow', 'tasks', 'run', 'dag_pipeline_northwind', 'extract_postgres_employee_id', 'scheduled__2024-07-13T00:00:00+00:00', '--job-id', '5651', '--raw', '--subdir', 'DAGS_FOLDER/dag_pipeline_northwind.py', '--cfg-path', '/tmp/tmpbtmg8bjf']
[2024-07-14T15:35:32.655+0000] {standard_task_runner.py:91} INFO - Job 5651: Subtask extract_postgres_employee_id
[2024-07-14T15:35:32.652+0000] {logging_mixin.py:188} WARNING - /home/airflow/.local/lib/python3.12/site-packages/airflow/task/task_runner/standard_task_runner.py:61 DeprecationWarning: This process (pid=175) is multi-threaded, use of fork() may lead to deadlocks in the child.
[2024-07-14T15:35:32.660+0000] {standard_task_runner.py:63} INFO - Started process 188 to run task
[2024-07-14T15:35:33.071+0000] {task_command.py:426} INFO - Running <TaskInstance: dag_pipeline_northwind.extract_postgres_employee_id scheduled__2024-07-13T00:00:00+00:00 [running]> on host 5ef7300ef9b1
[2024-07-14T15:35:33.396+0000] {taskinstance.py:2648} INFO - Exporting env vars: AIRFLOW_CTX_DAG_OWNER='airflow' AIRFLOW_CTX_DAG_ID='dag_pipeline_northwind' AIRFLOW_CTX_TASK_ID='extract_postgres_employee_id' AIRFLOW_CTX_EXECUTION_DATE='2024-07-13T00:00:00+00:00' AIRFLOW_CTX_TRY_NUMBER='1' AIRFLOW_CTX_DAG_RUN_ID='scheduled__2024-07-13T00:00:00+00:00'
[2024-07-14T15:35:33.398+0000] {taskinstance.py:430} INFO - ::endgroup::
[2024-07-14T15:35:33.467+0000] {logging_mixin.py:188} INFO - Running command: meltano elt tap-postgres target-csv --transform=run --job_id=extract_postgres_employee_id_2024-07-13
[2024-07-14T15:35:33.476+0000] {logging_mixin.py:188} INFO - Command failed with error: Command 'meltano elt tap-postgres target-csv --transform=run --job_id=extract_postgres_employee_id_2024-07-13' returned non-zero exit status 127.
[2024-07-14T15:35:33.480+0000] {taskinstance.py:441} INFO - ::group::Post task execution logs
[2024-07-14T15:35:33.485+0000] {taskinstance.py:2905} ERROR - Task failed with exception
Traceback (most recent call last):
  File "/home/airflow/.local/lib/python3.12/site-packages/airflow/models/taskinstance.py", line 465, in _execute_task
    result = _execute_callable(context=context, **execute_callable_kwargs)
             ^^^^^^^^^^^^^^^^^^^^^^^^^^^^^^^^^^^^^^^^^^^^^^^^^^^^^^^^^^^^^
  File "/home/airflow/.local/lib/python3.12/site-packages/airflow/models/taskinstance.py", line 432, in _execute_callable
    return execute_callable(context=context, **execute_callable_kwargs)
           ^^^^^^^^^^^^^^^^^^^^^^^^^^^^^^^^^^^^^^^^^^^^^^^^^^^^^^^^^^^^
  File "/home/airflow/.local/lib/python3.12/site-packages/airflow/models/baseoperator.py", line 401, in wrapper
    return func(self, *args, **kwargs)
           ^^^^^^^^^^^^^^^^^^^^^^^^^^^
  File "/home/airflow/.local/lib/python3.12/site-packages/airflow/operators/python.py", line 235, in execute
    return_value = self.execute_callable()
                   ^^^^^^^^^^^^^^^^^^^^^^^
  File "/home/airflow/.local/lib/python3.12/site-packages/airflow/operators/python.py", line 252, in execute_callable
    return self.python_callable(*self.op_args, **self.op_kwargs)
           ^^^^^^^^^^^^^^^^^^^^^^^^^^^^^^^^^^^^^^^^^^^^^^^^^^^^^
  File "/opt/airflow/dags/dag_pipeline_northwind.py", line 40, in extract_postgres_table
    result = subprocess.run(extract_command, shell=True, check=True, capture_output=True, text=True)
             ^^^^^^^^^^^^^^^^^^^^^^^^^^^^^^^^^^^^^^^^^^^^^^^^^^^^^^^^^^^^^^^^^^^^^^^^^^^^^^^^^^^^^^^
  File "/usr/local/lib/python3.12/subprocess.py", line 571, in run
    raise CalledProcessError(retcode, process.args,
subprocess.CalledProcessError: Command 'meltano elt tap-postgres target-csv --transform=run --job_id=extract_postgres_employee_id_2024-07-13' returned non-zero exit status 127.
[2024-07-14T15:35:33.544+0000] {taskinstance.py:1206} INFO - Marking task as UP_FOR_RETRY. dag_id=dag_pipeline_northwind, task_id=extract_postgres_employee_id, run_id=scheduled__2024-07-13T00:00:00+00:00, execution_date=20240713T000000, start_date=20240714T153532, end_date=20240714T153533
[2024-07-14T15:35:33.733+0000] {standard_task_runner.py:110} ERROR - Failed to execute job 5651 for task extract_postgres_employee_id (Command 'meltano elt tap-postgres target-csv --transform=run --job_id=extract_postgres_employee_id_2024-07-13' returned non-zero exit status 127.; 188)
[2024-07-14T15:35:33.745+0000] {local_task_job_runner.py:240} INFO - Task exited with return code 1
[2024-07-14T15:35:33.808+0000] {taskinstance.py:3503} INFO - 0 downstream tasks scheduled from follow-on schedule check
[2024-07-14T15:35:33.810+0000] {local_task_job_runner.py:222} INFO - ::endgroup::
[2024-07-14T21:48:01.001+0000] {local_task_job_runner.py:120} INFO - ::group::Pre task execution logs
[2024-07-14T21:48:01.067+0000] {taskinstance.py:2076} INFO - Dependencies all met for dep_context=non-requeueable deps ti=<TaskInstance: dag_pipeline_northwind.extract_postgres_employee_id scheduled__2024-07-13T00:00:00+00:00 [queued]>
[2024-07-14T21:48:01.081+0000] {taskinstance.py:2076} INFO - Dependencies all met for dep_context=requeueable deps ti=<TaskInstance: dag_pipeline_northwind.extract_postgres_employee_id scheduled__2024-07-13T00:00:00+00:00 [queued]>
[2024-07-14T21:48:01.082+0000] {taskinstance.py:2306} INFO - Starting attempt 1 of 2
[2024-07-14T21:48:01.127+0000] {taskinstance.py:2330} INFO - Executing <Task(PythonOperator): extract_postgres_employee_id> on 2024-07-13 00:00:00+00:00
[2024-07-14T21:48:01.139+0000] {logging_mixin.py:188} WARNING - /home/airflow/.local/lib/python3.12/site-packages/airflow/task/task_runner/standard_task_runner.py:61 DeprecationWarning: This process (pid=376) is multi-threaded, use of fork() may lead to deadlocks in the child.
[2024-07-14T21:48:01.141+0000] {standard_task_runner.py:63} INFO - Started process 386 to run task
[2024-07-14T21:48:01.139+0000] {standard_task_runner.py:90} INFO - Running: ['airflow', 'tasks', 'run', 'dag_pipeline_northwind', 'extract_postgres_employee_id', 'scheduled__2024-07-13T00:00:00+00:00', '--job-id', '5748', '--raw', '--subdir', 'DAGS_FOLDER/dag_pipeline_northwind.py', '--cfg-path', '/tmp/tmp7v9ofa6q']
[2024-07-14T21:48:01.142+0000] {standard_task_runner.py:91} INFO - Job 5748: Subtask extract_postgres_employee_id
[2024-07-14T21:48:01.215+0000] {task_command.py:426} INFO - Running <TaskInstance: dag_pipeline_northwind.extract_postgres_employee_id scheduled__2024-07-13T00:00:00+00:00 [running]> on host ee4b7f7f7c3e
[2024-07-14T21:48:01.351+0000] {taskinstance.py:2648} INFO - Exporting env vars: AIRFLOW_CTX_DAG_OWNER='airflow' AIRFLOW_CTX_DAG_ID='dag_pipeline_northwind' AIRFLOW_CTX_TASK_ID='extract_postgres_employee_id' AIRFLOW_CTX_EXECUTION_DATE='2024-07-13T00:00:00+00:00' AIRFLOW_CTX_TRY_NUMBER='1' AIRFLOW_CTX_DAG_RUN_ID='scheduled__2024-07-13T00:00:00+00:00'
[2024-07-14T21:48:01.352+0000] {taskinstance.py:430} INFO - ::endgroup::
[2024-07-14T21:48:01.374+0000] {logging_mixin.py:188} INFO - Running command: meltano elt tap-postgres target-csv --transform=run --job_id=extract_postgres_employee_id_2024-07-13
[2024-07-14T21:48:01.378+0000] {logging_mixin.py:188} INFO - Command failed with error: Command 'meltano elt tap-postgres target-csv --transform=run --job_id=extract_postgres_employee_id_2024-07-13' returned non-zero exit status 127.
[2024-07-14T21:48:01.378+0000] {taskinstance.py:441} INFO - ::group::Post task execution logs
[2024-07-14T21:48:01.379+0000] {taskinstance.py:2905} ERROR - Task failed with exception
Traceback (most recent call last):
  File "/home/airflow/.local/lib/python3.12/site-packages/airflow/models/taskinstance.py", line 465, in _execute_task
    result = _execute_callable(context=context, **execute_callable_kwargs)
             ^^^^^^^^^^^^^^^^^^^^^^^^^^^^^^^^^^^^^^^^^^^^^^^^^^^^^^^^^^^^^
  File "/home/airflow/.local/lib/python3.12/site-packages/airflow/models/taskinstance.py", line 432, in _execute_callable
    return execute_callable(context=context, **execute_callable_kwargs)
           ^^^^^^^^^^^^^^^^^^^^^^^^^^^^^^^^^^^^^^^^^^^^^^^^^^^^^^^^^^^^
  File "/home/airflow/.local/lib/python3.12/site-packages/airflow/models/baseoperator.py", line 401, in wrapper
    return func(self, *args, **kwargs)
           ^^^^^^^^^^^^^^^^^^^^^^^^^^^
  File "/home/airflow/.local/lib/python3.12/site-packages/airflow/operators/python.py", line 235, in execute
    return_value = self.execute_callable()
                   ^^^^^^^^^^^^^^^^^^^^^^^
  File "/home/airflow/.local/lib/python3.12/site-packages/airflow/operators/python.py", line 252, in execute_callable
    return self.python_callable(*self.op_args, **self.op_kwargs)
           ^^^^^^^^^^^^^^^^^^^^^^^^^^^^^^^^^^^^^^^^^^^^^^^^^^^^^
  File "/opt/airflow/dags/dag_pipeline_northwind.py", line 40, in extract_postgres_table
    result = subprocess.run(extract_command, shell=True, check=True, capture_output=True, text=True)
             ^^^^^^^^^^^^^^^^^^^^^^^^^^^^^^^^^^^^^^^^^^^^^^^^^^^^^^^^^^^^^^^^^^^^^^^^^^^^^^^^^^^^^^^
  File "/usr/local/lib/python3.12/subprocess.py", line 571, in run
    raise CalledProcessError(retcode, process.args,
subprocess.CalledProcessError: Command 'meltano elt tap-postgres target-csv --transform=run --job_id=extract_postgres_employee_id_2024-07-13' returned non-zero exit status 127.
[2024-07-14T21:48:01.396+0000] {taskinstance.py:1206} INFO - Marking task as UP_FOR_RETRY. dag_id=dag_pipeline_northwind, task_id=extract_postgres_employee_id, run_id=scheduled__2024-07-13T00:00:00+00:00, execution_date=20240713T000000, start_date=20240714T214801, end_date=20240714T214801
[2024-07-14T21:48:01.413+0000] {standard_task_runner.py:110} ERROR - Failed to execute job 5748 for task extract_postgres_employee_id (Command 'meltano elt tap-postgres target-csv --transform=run --job_id=extract_postgres_employee_id_2024-07-13' returned non-zero exit status 127.; 386)
[2024-07-14T21:48:01.437+0000] {local_task_job_runner.py:240} INFO - Task exited with return code 1
[2024-07-14T21:48:01.483+0000] {taskinstance.py:3503} INFO - 0 downstream tasks scheduled from follow-on schedule check
[2024-07-14T21:48:01.485+0000] {local_task_job_runner.py:222} INFO - ::endgroup::
