[2024-07-12T18:31:50.312+0000] {local_task_job_runner.py:120} INFO - ::group::Pre task execution logs
[2024-07-12T18:31:50.602+0000] {taskinstance.py:2076} INFO - Dependencies all met for dep_context=non-requeueable deps ti=<TaskInstance: dag_pipeline_northwind.extract_postgres_orders scheduled__2024-07-09T00:00:00+00:00 [queued]>
[2024-07-12T18:31:50.635+0000] {taskinstance.py:2076} INFO - Dependencies all met for dep_context=requeueable deps ti=<TaskInstance: dag_pipeline_northwind.extract_postgres_orders scheduled__2024-07-09T00:00:00+00:00 [queued]>
[2024-07-12T18:31:50.637+0000] {taskinstance.py:2306} INFO - Starting attempt 1 of 2
[2024-07-12T18:31:50.933+0000] {taskinstance.py:2330} INFO - Executing <Task(PythonOperator): extract_postgres_orders> on 2024-07-09 00:00:00+00:00
[2024-07-12T18:31:50.959+0000] {standard_task_runner.py:90} INFO - Running: ['airflow', 'tasks', 'run', 'dag_pipeline_northwind', 'extract_postgres_orders', 'scheduled__2024-07-09T00:00:00+00:00', '--job-id', '5427', '--raw', '--subdir', 'DAGS_FOLDER/dag_pipeline_northwind.py', '--cfg-path', '/tmp/tmpsei4wtg5']
[2024-07-12T18:31:50.974+0000] {standard_task_runner.py:91} INFO - Job 5427: Subtask extract_postgres_orders
[2024-07-12T18:31:50.974+0000] {logging_mixin.py:188} WARNING - /home/airflow/.local/lib/python3.12/site-packages/airflow/task/task_runner/standard_task_runner.py:61 DeprecationWarning: This process (pid=201) is multi-threaded, use of fork() may lead to deadlocks in the child.
[2024-07-12T18:31:50.977+0000] {standard_task_runner.py:63} INFO - Started process 225 to run task
[2024-07-12T18:31:51.171+0000] {task_command.py:426} INFO - Running <TaskInstance: dag_pipeline_northwind.extract_postgres_orders scheduled__2024-07-09T00:00:00+00:00 [running]> on host da29552222cb
[2024-07-12T18:31:51.393+0000] {taskinstance.py:2648} INFO - Exporting env vars: AIRFLOW_CTX_DAG_OWNER='airflow' AIRFLOW_CTX_DAG_ID='dag_pipeline_northwind' AIRFLOW_CTX_TASK_ID='extract_postgres_orders' AIRFLOW_CTX_EXECUTION_DATE='2024-07-09T00:00:00+00:00' AIRFLOW_CTX_TRY_NUMBER='1' AIRFLOW_CTX_DAG_RUN_ID='scheduled__2024-07-09T00:00:00+00:00'
[2024-07-12T18:31:51.394+0000] {taskinstance.py:430} INFO - ::endgroup::
[2024-07-12T18:31:51.492+0000] {logging_mixin.py:188} INFO - Running command: meltano elt tap-postgres target-csv --transform=run --job_id=extract_postgres_orders_2024-07-09
[2024-07-12T18:31:51.540+0000] {logging_mixin.py:188} INFO - Command failed with error: Command 'meltano elt tap-postgres target-csv --transform=run --job_id=extract_postgres_orders_2024-07-09' returned non-zero exit status 127.
[2024-07-12T18:31:51.542+0000] {taskinstance.py:441} INFO - ::group::Post task execution logs
[2024-07-12T18:31:51.544+0000] {taskinstance.py:2905} ERROR - Task failed with exception
Traceback (most recent call last):
  File "/home/airflow/.local/lib/python3.12/site-packages/airflow/models/taskinstance.py", line 465, in _execute_task
    result = _execute_callable(context=context, **execute_callable_kwargs)
             ^^^^^^^^^^^^^^^^^^^^^^^^^^^^^^^^^^^^^^^^^^^^^^^^^^^^^^^^^^^^^
  File "/home/airflow/.local/lib/python3.12/site-packages/airflow/models/taskinstance.py", line 432, in _execute_callable
    return execute_callable(context=context, **execute_callable_kwargs)
           ^^^^^^^^^^^^^^^^^^^^^^^^^^^^^^^^^^^^^^^^^^^^^^^^^^^^^^^^^^^^
  File "/home/airflow/.local/lib/python3.12/site-packages/airflow/models/baseoperator.py", line 401, in wrapper
    return func(self, *args, **kwargs)
           ^^^^^^^^^^^^^^^^^^^^^^^^^^^
  File "/home/airflow/.local/lib/python3.12/site-packages/airflow/operators/python.py", line 235, in execute
    return_value = self.execute_callable()
                   ^^^^^^^^^^^^^^^^^^^^^^^
  File "/home/airflow/.local/lib/python3.12/site-packages/airflow/operators/python.py", line 252, in execute_callable
    return self.python_callable(*self.op_args, **self.op_kwargs)
           ^^^^^^^^^^^^^^^^^^^^^^^^^^^^^^^^^^^^^^^^^^^^^^^^^^^^^
  File "/opt/airflow/dags/dag_pipeline_northwind.py", line 40, in extract_postgres_table
    result = subprocess.run(extract_command, shell=True, check=True, capture_output=True, text=True)
             ^^^^^^^^^^^^^^^^^^^^^^^^^^^^^^^^^^^^^^^^^^^^^^^^^^^^^^^^^^^^^^^^^^^^^^^^^^^^^^^^^^^^^^^
  File "/usr/local/lib/python3.12/subprocess.py", line 571, in run
    raise CalledProcessError(retcode, process.args,
subprocess.CalledProcessError: Command 'meltano elt tap-postgres target-csv --transform=run --job_id=extract_postgres_orders_2024-07-09' returned non-zero exit status 127.
[2024-07-12T18:31:51.588+0000] {taskinstance.py:1206} INFO - Marking task as UP_FOR_RETRY. dag_id=dag_pipeline_northwind, task_id=extract_postgres_orders, run_id=scheduled__2024-07-09T00:00:00+00:00, execution_date=20240709T000000, start_date=20240712T183150, end_date=20240712T183151
[2024-07-12T18:31:51.656+0000] {standard_task_runner.py:110} ERROR - Failed to execute job 5427 for task extract_postgres_orders (Command 'meltano elt tap-postgres target-csv --transform=run --job_id=extract_postgres_orders_2024-07-09' returned non-zero exit status 127.; 225)
[2024-07-12T18:31:51.686+0000] {local_task_job_runner.py:240} INFO - Task exited with return code 1
[2024-07-12T18:31:51.701+0000] {local_task_job_runner.py:222} INFO - ::endgroup::
[2024-07-12T19:04:16.434+0000] {local_task_job_runner.py:120} INFO - ::group::Pre task execution logs
[2024-07-12T19:04:17.155+0000] {taskinstance.py:2076} INFO - Dependencies all met for dep_context=non-requeueable deps ti=<TaskInstance: dag_pipeline_northwind.extract_postgres_orders scheduled__2024-07-09T00:00:00+00:00 [queued]>
[2024-07-12T19:04:17.205+0000] {taskinstance.py:2076} INFO - Dependencies all met for dep_context=requeueable deps ti=<TaskInstance: dag_pipeline_northwind.extract_postgres_orders scheduled__2024-07-09T00:00:00+00:00 [queued]>
[2024-07-12T19:04:17.206+0000] {taskinstance.py:2306} INFO - Starting attempt 1 of 2
[2024-07-12T19:04:19.270+0000] {taskinstance.py:2330} INFO - Executing <Task(PythonOperator): extract_postgres_orders> on 2024-07-09 00:00:00+00:00
[2024-07-12T19:04:19.297+0000] {standard_task_runner.py:90} INFO - Running: ['airflow', 'tasks', 'run', 'dag_pipeline_northwind', 'extract_postgres_orders', 'scheduled__2024-07-09T00:00:00+00:00', '--job-id', '5538', '--raw', '--subdir', 'DAGS_FOLDER/dag_pipeline_northwind.py', '--cfg-path', '/tmp/tmpum0k5xzs']
[2024-07-12T19:04:19.306+0000] {standard_task_runner.py:91} INFO - Job 5538: Subtask extract_postgres_orders
[2024-07-12T19:04:19.377+0000] {logging_mixin.py:188} WARNING - /home/airflow/.local/lib/python3.12/site-packages/airflow/task/task_runner/standard_task_runner.py:61 DeprecationWarning: This process (pid=189) is multi-threaded, use of fork() may lead to deadlocks in the child.
[2024-07-12T19:04:19.386+0000] {standard_task_runner.py:63} INFO - Started process 212 to run task
[2024-07-12T19:04:19.488+0000] {task_command.py:426} INFO - Running <TaskInstance: dag_pipeline_northwind.extract_postgres_orders scheduled__2024-07-09T00:00:00+00:00 [running]> on host 5ef7300ef9b1
[2024-07-12T19:04:19.904+0000] {taskinstance.py:2648} INFO - Exporting env vars: AIRFLOW_CTX_DAG_OWNER='airflow' AIRFLOW_CTX_DAG_ID='dag_pipeline_northwind' AIRFLOW_CTX_TASK_ID='extract_postgres_orders' AIRFLOW_CTX_EXECUTION_DATE='2024-07-09T00:00:00+00:00' AIRFLOW_CTX_TRY_NUMBER='1' AIRFLOW_CTX_DAG_RUN_ID='scheduled__2024-07-09T00:00:00+00:00'
[2024-07-12T19:04:19.906+0000] {taskinstance.py:430} INFO - ::endgroup::
[2024-07-12T19:04:19.949+0000] {logging_mixin.py:188} INFO - Running command: meltano elt tap-postgres target-csv --transform=run --job_id=extract_postgres_orders_2024-07-09
[2024-07-12T19:04:20.038+0000] {logging_mixin.py:188} INFO - Command failed with error: Command 'meltano elt tap-postgres target-csv --transform=run --job_id=extract_postgres_orders_2024-07-09' returned non-zero exit status 127.
[2024-07-12T19:04:20.039+0000] {taskinstance.py:441} INFO - ::group::Post task execution logs
[2024-07-12T19:04:20.040+0000] {taskinstance.py:2905} ERROR - Task failed with exception
Traceback (most recent call last):
  File "/home/airflow/.local/lib/python3.12/site-packages/airflow/models/taskinstance.py", line 465, in _execute_task
    result = _execute_callable(context=context, **execute_callable_kwargs)
             ^^^^^^^^^^^^^^^^^^^^^^^^^^^^^^^^^^^^^^^^^^^^^^^^^^^^^^^^^^^^^
  File "/home/airflow/.local/lib/python3.12/site-packages/airflow/models/taskinstance.py", line 432, in _execute_callable
    return execute_callable(context=context, **execute_callable_kwargs)
           ^^^^^^^^^^^^^^^^^^^^^^^^^^^^^^^^^^^^^^^^^^^^^^^^^^^^^^^^^^^^
  File "/home/airflow/.local/lib/python3.12/site-packages/airflow/models/baseoperator.py", line 401, in wrapper
    return func(self, *args, **kwargs)
           ^^^^^^^^^^^^^^^^^^^^^^^^^^^
  File "/home/airflow/.local/lib/python3.12/site-packages/airflow/operators/python.py", line 235, in execute
    return_value = self.execute_callable()
                   ^^^^^^^^^^^^^^^^^^^^^^^
  File "/home/airflow/.local/lib/python3.12/site-packages/airflow/operators/python.py", line 252, in execute_callable
    return self.python_callable(*self.op_args, **self.op_kwargs)
           ^^^^^^^^^^^^^^^^^^^^^^^^^^^^^^^^^^^^^^^^^^^^^^^^^^^^^
  File "/opt/airflow/dags/dag_pipeline_northwind.py", line 40, in extract_postgres_table
    result = subprocess.run(extract_command, shell=True, check=True, capture_output=True, text=True)
             ^^^^^^^^^^^^^^^^^^^^^^^^^^^^^^^^^^^^^^^^^^^^^^^^^^^^^^^^^^^^^^^^^^^^^^^^^^^^^^^^^^^^^^^
  File "/usr/local/lib/python3.12/subprocess.py", line 571, in run
    raise CalledProcessError(retcode, process.args,
subprocess.CalledProcessError: Command 'meltano elt tap-postgres target-csv --transform=run --job_id=extract_postgres_orders_2024-07-09' returned non-zero exit status 127.
[2024-07-12T19:04:20.140+0000] {taskinstance.py:1206} INFO - Marking task as UP_FOR_RETRY. dag_id=dag_pipeline_northwind, task_id=extract_postgres_orders, run_id=scheduled__2024-07-09T00:00:00+00:00, execution_date=20240709T000000, start_date=20240712T190417, end_date=20240712T190420
[2024-07-12T19:04:20.215+0000] {standard_task_runner.py:110} ERROR - Failed to execute job 5538 for task extract_postgres_orders (Command 'meltano elt tap-postgres target-csv --transform=run --job_id=extract_postgres_orders_2024-07-09' returned non-zero exit status 127.; 212)
[2024-07-12T19:04:20.273+0000] {local_task_job_runner.py:240} INFO - Task exited with return code 1
[2024-07-12T19:04:20.309+0000] {local_task_job_runner.py:222} INFO - ::endgroup::
[2024-07-14T21:47:49.341+0000] {local_task_job_runner.py:120} INFO - ::group::Pre task execution logs
[2024-07-14T21:47:50.145+0000] {taskinstance.py:2076} INFO - Dependencies all met for dep_context=non-requeueable deps ti=<TaskInstance: dag_pipeline_northwind.extract_postgres_orders scheduled__2024-07-09T00:00:00+00:00 [queued]>
[2024-07-14T21:47:50.228+0000] {taskinstance.py:2076} INFO - Dependencies all met for dep_context=requeueable deps ti=<TaskInstance: dag_pipeline_northwind.extract_postgres_orders scheduled__2024-07-09T00:00:00+00:00 [queued]>
[2024-07-14T21:47:50.229+0000] {taskinstance.py:2306} INFO - Starting attempt 1 of 2
[2024-07-14T21:47:52.198+0000] {taskinstance.py:2330} INFO - Executing <Task(PythonOperator): extract_postgres_orders> on 2024-07-09 00:00:00+00:00
[2024-07-14T21:47:52.218+0000] {standard_task_runner.py:90} INFO - Running: ['airflow', 'tasks', 'run', 'dag_pipeline_northwind', 'extract_postgres_orders', 'scheduled__2024-07-09T00:00:00+00:00', '--job-id', '5682', '--raw', '--subdir', 'DAGS_FOLDER/dag_pipeline_northwind.py', '--cfg-path', '/tmp/tmpn3p7uxy2']
[2024-07-14T21:47:52.222+0000] {standard_task_runner.py:91} INFO - Job 5682: Subtask extract_postgres_orders
[2024-07-14T21:47:52.232+0000] {logging_mixin.py:188} WARNING - /home/airflow/.local/lib/python3.12/site-packages/airflow/task/task_runner/standard_task_runner.py:61 DeprecationWarning: This process (pid=192) is multi-threaded, use of fork() may lead to deadlocks in the child.
[2024-07-14T21:47:52.234+0000] {standard_task_runner.py:63} INFO - Started process 210 to run task
[2024-07-14T21:47:52.614+0000] {task_command.py:426} INFO - Running <TaskInstance: dag_pipeline_northwind.extract_postgres_orders scheduled__2024-07-09T00:00:00+00:00 [running]> on host ee4b7f7f7c3e
[2024-07-14T21:47:53.168+0000] {taskinstance.py:2648} INFO - Exporting env vars: AIRFLOW_CTX_DAG_OWNER='airflow' AIRFLOW_CTX_DAG_ID='dag_pipeline_northwind' AIRFLOW_CTX_TASK_ID='extract_postgres_orders' AIRFLOW_CTX_EXECUTION_DATE='2024-07-09T00:00:00+00:00' AIRFLOW_CTX_TRY_NUMBER='1' AIRFLOW_CTX_DAG_RUN_ID='scheduled__2024-07-09T00:00:00+00:00'
[2024-07-14T21:47:53.173+0000] {taskinstance.py:430} INFO - ::endgroup::
[2024-07-14T21:47:53.211+0000] {logging_mixin.py:188} INFO - Running command: meltano elt tap-postgres target-csv --transform=run --job_id=extract_postgres_orders_2024-07-09
[2024-07-14T21:47:53.226+0000] {logging_mixin.py:188} INFO - Command failed with error: Command 'meltano elt tap-postgres target-csv --transform=run --job_id=extract_postgres_orders_2024-07-09' returned non-zero exit status 127.
[2024-07-14T21:47:53.228+0000] {taskinstance.py:441} INFO - ::group::Post task execution logs
[2024-07-14T21:47:53.237+0000] {taskinstance.py:2905} ERROR - Task failed with exception
Traceback (most recent call last):
  File "/home/airflow/.local/lib/python3.12/site-packages/airflow/models/taskinstance.py", line 465, in _execute_task
    result = _execute_callable(context=context, **execute_callable_kwargs)
             ^^^^^^^^^^^^^^^^^^^^^^^^^^^^^^^^^^^^^^^^^^^^^^^^^^^^^^^^^^^^^
  File "/home/airflow/.local/lib/python3.12/site-packages/airflow/models/taskinstance.py", line 432, in _execute_callable
    return execute_callable(context=context, **execute_callable_kwargs)
           ^^^^^^^^^^^^^^^^^^^^^^^^^^^^^^^^^^^^^^^^^^^^^^^^^^^^^^^^^^^^
  File "/home/airflow/.local/lib/python3.12/site-packages/airflow/models/baseoperator.py", line 401, in wrapper
    return func(self, *args, **kwargs)
           ^^^^^^^^^^^^^^^^^^^^^^^^^^^
  File "/home/airflow/.local/lib/python3.12/site-packages/airflow/operators/python.py", line 235, in execute
    return_value = self.execute_callable()
                   ^^^^^^^^^^^^^^^^^^^^^^^
  File "/home/airflow/.local/lib/python3.12/site-packages/airflow/operators/python.py", line 252, in execute_callable
    return self.python_callable(*self.op_args, **self.op_kwargs)
           ^^^^^^^^^^^^^^^^^^^^^^^^^^^^^^^^^^^^^^^^^^^^^^^^^^^^^
  File "/opt/airflow/dags/dag_pipeline_northwind.py", line 40, in extract_postgres_table
    result = subprocess.run(extract_command, shell=True, check=True, capture_output=True, text=True)
             ^^^^^^^^^^^^^^^^^^^^^^^^^^^^^^^^^^^^^^^^^^^^^^^^^^^^^^^^^^^^^^^^^^^^^^^^^^^^^^^^^^^^^^^
  File "/usr/local/lib/python3.12/subprocess.py", line 571, in run
    raise CalledProcessError(retcode, process.args,
subprocess.CalledProcessError: Command 'meltano elt tap-postgres target-csv --transform=run --job_id=extract_postgres_orders_2024-07-09' returned non-zero exit status 127.
[2024-07-14T21:47:53.294+0000] {taskinstance.py:1206} INFO - Marking task as UP_FOR_RETRY. dag_id=dag_pipeline_northwind, task_id=extract_postgres_orders, run_id=scheduled__2024-07-09T00:00:00+00:00, execution_date=20240709T000000, start_date=20240714T214750, end_date=20240714T214753
[2024-07-14T21:47:53.341+0000] {standard_task_runner.py:110} ERROR - Failed to execute job 5682 for task extract_postgres_orders (Command 'meltano elt tap-postgres target-csv --transform=run --job_id=extract_postgres_orders_2024-07-09' returned non-zero exit status 127.; 210)
[2024-07-14T21:47:53.381+0000] {local_task_job_runner.py:240} INFO - Task exited with return code 1
[2024-07-14T21:47:53.412+0000] {local_task_job_runner.py:222} INFO - ::endgroup::
