[2024-07-01T01:09:40.242+0000] {local_task_job_runner.py:120} INFO - ::group::Pre task execution logs
[2024-07-01T01:09:40.394+0000] {taskinstance.py:2076} INFO - Dependencies all met for dep_context=non-requeueable deps ti=<TaskInstance: dag_northwind.extract_csv scheduled__2024-02-10T00:00:00+00:00 [queued]>
[2024-07-01T01:09:40.418+0000] {taskinstance.py:2076} INFO - Dependencies all met for dep_context=requeueable deps ti=<TaskInstance: dag_northwind.extract_csv scheduled__2024-02-10T00:00:00+00:00 [queued]>
[2024-07-01T01:09:40.419+0000] {taskinstance.py:2306} INFO - Starting attempt 1 of 2
[2024-07-01T01:09:40.510+0000] {taskinstance.py:2330} INFO - Executing <Task(BashOperator): extract_csv> on 2024-02-10 00:00:00+00:00
[2024-07-01T01:09:40.528+0000] {standard_task_runner.py:90} INFO - Running: ['airflow', 'tasks', 'run', 'dag_northwind', 'extract_csv', 'scheduled__2024-02-10T00:00:00+00:00', '--job-id', '498', '--raw', '--subdir', 'DAGS_FOLDER/dag_northwind.py', '--cfg-path', '/tmp/tmp6dhjqyyh']
[2024-07-01T01:09:40.543+0000] {standard_task_runner.py:91} INFO - Job 498: Subtask extract_csv
[2024-07-01T01:09:40.545+0000] {logging_mixin.py:188} WARNING - /home/airflow/.local/lib/python3.12/site-packages/airflow/task/task_runner/standard_task_runner.py:61 DeprecationWarning: This process (pid=490) is multi-threaded, use of fork() may lead to deadlocks in the child.
[2024-07-01T01:09:40.558+0000] {standard_task_runner.py:63} INFO - Started process 514 to run task
[2024-07-01T01:09:40.710+0000] {task_command.py:426} INFO - Running <TaskInstance: dag_northwind.extract_csv scheduled__2024-02-10T00:00:00+00:00 [running]> on host 580c934a4829
[2024-07-01T01:09:41.147+0000] {taskinstance.py:2648} INFO - Exporting env vars: AIRFLOW_CTX_DAG_OWNER='airflow' AIRFLOW_CTX_DAG_ID='dag_northwind' AIRFLOW_CTX_TASK_ID='extract_csv' AIRFLOW_CTX_EXECUTION_DATE='2024-02-10T00:00:00+00:00' AIRFLOW_CTX_TRY_NUMBER='1' AIRFLOW_CTX_DAG_RUN_ID='scheduled__2024-02-10T00:00:00+00:00'
[2024-07-01T01:09:41.152+0000] {taskinstance.py:430} INFO - ::endgroup::
[2024-07-01T01:09:41.236+0000] {subprocess.py:63} INFO - Tmp dir root location: /tmp
[2024-07-01T01:09:41.238+0000] {subprocess.py:75} INFO - Running command: ['/usr/bin/bash', '-c', 'meltano elt tap-csv target-csv --job_id=extract_csv_2024-02-10 && mkdir -p /data/csv/2024-02-10 && mv /project/output/tap-csv/*.csv /data/csv/2024-02-10/']
[2024-07-01T01:09:41.297+0000] {subprocess.py:86} INFO - Output:
[2024-07-01T01:09:41.298+0000] {subprocess.py:93} INFO - /usr/bin/bash: line 1: meltano: command not found
[2024-07-01T01:09:41.299+0000] {subprocess.py:97} INFO - Command exited with return code 127
[2024-07-01T01:09:41.301+0000] {taskinstance.py:441} INFO - ::group::Post task execution logs
[2024-07-01T01:09:41.324+0000] {taskinstance.py:2905} ERROR - Task failed with exception
Traceback (most recent call last):
  File "/home/airflow/.local/lib/python3.12/site-packages/airflow/models/taskinstance.py", line 465, in _execute_task
    result = _execute_callable(context=context, **execute_callable_kwargs)
             ^^^^^^^^^^^^^^^^^^^^^^^^^^^^^^^^^^^^^^^^^^^^^^^^^^^^^^^^^^^^^
  File "/home/airflow/.local/lib/python3.12/site-packages/airflow/models/taskinstance.py", line 432, in _execute_callable
    return execute_callable(context=context, **execute_callable_kwargs)
           ^^^^^^^^^^^^^^^^^^^^^^^^^^^^^^^^^^^^^^^^^^^^^^^^^^^^^^^^^^^^
  File "/home/airflow/.local/lib/python3.12/site-packages/airflow/models/baseoperator.py", line 401, in wrapper
    return func(self, *args, **kwargs)
           ^^^^^^^^^^^^^^^^^^^^^^^^^^^
  File "/home/airflow/.local/lib/python3.12/site-packages/airflow/operators/bash.py", line 243, in execute
    raise AirflowException(
airflow.exceptions.AirflowException: Bash command failed. The command returned a non-zero exit code 127.
[2024-07-01T01:09:41.357+0000] {taskinstance.py:1206} INFO - Marking task as UP_FOR_RETRY. dag_id=dag_northwind, task_id=extract_csv, run_id=scheduled__2024-02-10T00:00:00+00:00, execution_date=20240210T000000, start_date=20240701T010940, end_date=20240701T010941
[2024-07-01T01:09:41.410+0000] {standard_task_runner.py:110} ERROR - Failed to execute job 498 for task extract_csv (Bash command failed. The command returned a non-zero exit code 127.; 514)
[2024-07-01T01:09:41.444+0000] {local_task_job_runner.py:240} INFO - Task exited with return code 1
[2024-07-01T01:09:41.525+0000] {taskinstance.py:3503} INFO - 0 downstream tasks scheduled from follow-on schedule check
[2024-07-01T01:09:41.540+0000] {local_task_job_runner.py:222} INFO - ::endgroup::
[2024-07-01T10:11:21.281+0000] {local_task_job_runner.py:120} INFO - ::group::Pre task execution logs
[2024-07-01T10:11:21.359+0000] {taskinstance.py:2076} INFO - Dependencies all met for dep_context=non-requeueable deps ti=<TaskInstance: dag_northwind.extract_csv scheduled__2024-02-10T00:00:00+00:00 [queued]>
[2024-07-01T10:11:21.373+0000] {taskinstance.py:2076} INFO - Dependencies all met for dep_context=requeueable deps ti=<TaskInstance: dag_northwind.extract_csv scheduled__2024-02-10T00:00:00+00:00 [queued]>
[2024-07-01T10:11:21.374+0000] {taskinstance.py:2306} INFO - Starting attempt 1 of 2
[2024-07-01T10:11:21.489+0000] {taskinstance.py:2330} INFO - Executing <Task(BashOperator): extract_csv> on 2024-02-10 00:00:00+00:00
[2024-07-01T10:11:21.504+0000] {logging_mixin.py:188} WARNING - /home/airflow/.local/lib/python3.12/site-packages/airflow/task/task_runner/standard_task_runner.py:61 DeprecationWarning: This process (pid=5606) is multi-threaded, use of fork() may lead to deadlocks in the child.
[2024-07-01T10:11:21.503+0000] {standard_task_runner.py:90} INFO - Running: ['airflow', 'tasks', 'run', 'dag_northwind', 'extract_csv', 'scheduled__2024-02-10T00:00:00+00:00', '--job-id', '1020', '--raw', '--subdir', 'DAGS_FOLDER/dag_northwind.py', '--cfg-path', '/tmp/tmp_3xfr3d1']
[2024-07-01T10:11:21.506+0000] {standard_task_runner.py:63} INFO - Started process 5619 to run task
[2024-07-01T10:11:21.507+0000] {standard_task_runner.py:91} INFO - Job 1020: Subtask extract_csv
[2024-07-01T10:11:21.604+0000] {task_command.py:426} INFO - Running <TaskInstance: dag_northwind.extract_csv scheduled__2024-02-10T00:00:00+00:00 [running]> on host 85c6ea7cd9cf
[2024-07-01T10:11:21.739+0000] {taskinstance.py:2648} INFO - Exporting env vars: AIRFLOW_CTX_DAG_OWNER='airflow' AIRFLOW_CTX_DAG_ID='dag_northwind' AIRFLOW_CTX_TASK_ID='extract_csv' AIRFLOW_CTX_EXECUTION_DATE='2024-02-10T00:00:00+00:00' AIRFLOW_CTX_TRY_NUMBER='1' AIRFLOW_CTX_DAG_RUN_ID='scheduled__2024-02-10T00:00:00+00:00'
[2024-07-01T10:11:21.740+0000] {taskinstance.py:430} INFO - ::endgroup::
[2024-07-01T10:11:21.782+0000] {subprocess.py:63} INFO - Tmp dir root location: /tmp
[2024-07-01T10:11:21.784+0000] {subprocess.py:75} INFO - Running command: ['/usr/bin/bash', '-c', 'meltano elt tap-csv target-csv --job_id=extract_csv_2024-02-10 && mkdir -p /data/csv/2024-02-10 && mv /project/output/tap-csv/*.csv /data/csv/2024-02-10/']
[2024-07-01T10:11:21.801+0000] {subprocess.py:86} INFO - Output:
[2024-07-01T10:11:21.805+0000] {subprocess.py:93} INFO - /usr/bin/bash: line 1: meltano: command not found
[2024-07-01T10:11:21.806+0000] {subprocess.py:97} INFO - Command exited with return code 127
[2024-07-01T10:11:21.807+0000] {taskinstance.py:441} INFO - ::group::Post task execution logs
[2024-07-01T10:11:21.831+0000] {taskinstance.py:2905} ERROR - Task failed with exception
Traceback (most recent call last):
  File "/home/airflow/.local/lib/python3.12/site-packages/airflow/models/taskinstance.py", line 465, in _execute_task
    result = _execute_callable(context=context, **execute_callable_kwargs)
             ^^^^^^^^^^^^^^^^^^^^^^^^^^^^^^^^^^^^^^^^^^^^^^^^^^^^^^^^^^^^^
  File "/home/airflow/.local/lib/python3.12/site-packages/airflow/models/taskinstance.py", line 432, in _execute_callable
    return execute_callable(context=context, **execute_callable_kwargs)
           ^^^^^^^^^^^^^^^^^^^^^^^^^^^^^^^^^^^^^^^^^^^^^^^^^^^^^^^^^^^^
  File "/home/airflow/.local/lib/python3.12/site-packages/airflow/models/baseoperator.py", line 401, in wrapper
    return func(self, *args, **kwargs)
           ^^^^^^^^^^^^^^^^^^^^^^^^^^^
  File "/home/airflow/.local/lib/python3.12/site-packages/airflow/operators/bash.py", line 243, in execute
    raise AirflowException(
airflow.exceptions.AirflowException: Bash command failed. The command returned a non-zero exit code 127.
[2024-07-01T10:11:21.841+0000] {taskinstance.py:1206} INFO - Marking task as UP_FOR_RETRY. dag_id=dag_northwind, task_id=extract_csv, run_id=scheduled__2024-02-10T00:00:00+00:00, execution_date=20240210T000000, start_date=20240701T101121, end_date=20240701T101121
[2024-07-01T10:11:22.033+0000] {standard_task_runner.py:110} ERROR - Failed to execute job 1020 for task extract_csv (Bash command failed. The command returned a non-zero exit code 127.; 5619)
[2024-07-01T10:11:22.052+0000] {local_task_job_runner.py:240} INFO - Task exited with return code 1
[2024-07-01T10:11:22.107+0000] {taskinstance.py:3503} INFO - 0 downstream tasks scheduled from follow-on schedule check
[2024-07-01T10:11:22.112+0000] {local_task_job_runner.py:222} INFO - ::endgroup::
