[2024-07-01T01:25:43.622+0000] {local_task_job_runner.py:120} INFO - ::group::Pre task execution logs
[2024-07-01T01:25:43.706+0000] {taskinstance.py:2076} INFO - Dependencies all met for dep_context=non-requeueable deps ti=<TaskInstance: dag_northwind.extract_csv scheduled__2024-04-04T00:00:00+00:00 [queued]>
[2024-07-01T01:25:43.732+0000] {taskinstance.py:2076} INFO - Dependencies all met for dep_context=requeueable deps ti=<TaskInstance: dag_northwind.extract_csv scheduled__2024-04-04T00:00:00+00:00 [queued]>
[2024-07-01T01:25:43.733+0000] {taskinstance.py:2306} INFO - Starting attempt 1 of 2
[2024-07-01T01:25:43.995+0000] {taskinstance.py:2330} INFO - Executing <Task(BashOperator): extract_csv> on 2024-04-04 00:00:00+00:00
[2024-07-01T01:25:44.013+0000] {logging_mixin.py:188} WARNING - /home/airflow/.local/lib/python3.12/site-packages/airflow/task/task_runner/standard_task_runner.py:61 DeprecationWarning: This process (pid=991) is multi-threaded, use of fork() may lead to deadlocks in the child.
[2024-07-01T01:25:44.015+0000] {standard_task_runner.py:63} INFO - Started process 1010 to run task
[2024-07-01T01:25:44.012+0000] {standard_task_runner.py:90} INFO - Running: ['airflow', 'tasks', 'run', 'dag_northwind', 'extract_csv', 'scheduled__2024-04-04T00:00:00+00:00', '--job-id', '677', '--raw', '--subdir', 'DAGS_FOLDER/dag_northwind.py', '--cfg-path', '/tmp/tmphb47cp66']
[2024-07-01T01:25:44.017+0000] {standard_task_runner.py:91} INFO - Job 677: Subtask extract_csv
[2024-07-01T01:25:44.104+0000] {task_command.py:426} INFO - Running <TaskInstance: dag_northwind.extract_csv scheduled__2024-04-04T00:00:00+00:00 [running]> on host 05d913303710
[2024-07-01T01:25:44.242+0000] {taskinstance.py:2648} INFO - Exporting env vars: AIRFLOW_CTX_DAG_OWNER='airflow' AIRFLOW_CTX_DAG_ID='dag_northwind' AIRFLOW_CTX_TASK_ID='extract_csv' AIRFLOW_CTX_EXECUTION_DATE='2024-04-04T00:00:00+00:00' AIRFLOW_CTX_TRY_NUMBER='1' AIRFLOW_CTX_DAG_RUN_ID='scheduled__2024-04-04T00:00:00+00:00'
[2024-07-01T01:25:44.244+0000] {taskinstance.py:430} INFO - ::endgroup::
[2024-07-01T01:25:44.268+0000] {subprocess.py:63} INFO - Tmp dir root location: /tmp
[2024-07-01T01:25:44.270+0000] {subprocess.py:75} INFO - Running command: ['/usr/bin/bash', '-c', 'meltano elt tap-csv target-csv --job_id=extract_csv_2024-04-04 && mkdir -p /data/csv/2024-04-04 && mv /project/output/tap-csv/*.csv /data/csv/2024-04-04/']
[2024-07-01T01:25:44.280+0000] {subprocess.py:86} INFO - Output:
[2024-07-01T01:25:44.282+0000] {subprocess.py:93} INFO - /usr/bin/bash: line 1: meltano: command not found
[2024-07-01T01:25:44.283+0000] {subprocess.py:97} INFO - Command exited with return code 127
[2024-07-01T01:25:44.284+0000] {taskinstance.py:441} INFO - ::group::Post task execution logs
[2024-07-01T01:25:44.300+0000] {taskinstance.py:2905} ERROR - Task failed with exception
Traceback (most recent call last):
  File "/home/airflow/.local/lib/python3.12/site-packages/airflow/models/taskinstance.py", line 465, in _execute_task
    result = _execute_callable(context=context, **execute_callable_kwargs)
             ^^^^^^^^^^^^^^^^^^^^^^^^^^^^^^^^^^^^^^^^^^^^^^^^^^^^^^^^^^^^^
  File "/home/airflow/.local/lib/python3.12/site-packages/airflow/models/taskinstance.py", line 432, in _execute_callable
    return execute_callable(context=context, **execute_callable_kwargs)
           ^^^^^^^^^^^^^^^^^^^^^^^^^^^^^^^^^^^^^^^^^^^^^^^^^^^^^^^^^^^^
  File "/home/airflow/.local/lib/python3.12/site-packages/airflow/models/baseoperator.py", line 401, in wrapper
    return func(self, *args, **kwargs)
           ^^^^^^^^^^^^^^^^^^^^^^^^^^^
  File "/home/airflow/.local/lib/python3.12/site-packages/airflow/operators/bash.py", line 243, in execute
    raise AirflowException(
airflow.exceptions.AirflowException: Bash command failed. The command returned a non-zero exit code 127.
[2024-07-01T01:25:44.307+0000] {taskinstance.py:1206} INFO - Marking task as UP_FOR_RETRY. dag_id=dag_northwind, task_id=extract_csv, run_id=scheduled__2024-04-04T00:00:00+00:00, execution_date=20240404T000000, start_date=20240701T012543, end_date=20240701T012544
[2024-07-01T01:25:44.325+0000] {standard_task_runner.py:110} ERROR - Failed to execute job 677 for task extract_csv (Bash command failed. The command returned a non-zero exit code 127.; 1010)
[2024-07-01T01:25:44.351+0000] {local_task_job_runner.py:240} INFO - Task exited with return code 1
[2024-07-01T01:25:44.364+0000] {local_task_job_runner.py:222} INFO - ::endgroup::
[2024-07-01T10:26:46.534+0000] {local_task_job_runner.py:120} INFO - ::group::Pre task execution logs
[2024-07-01T10:26:46.602+0000] {taskinstance.py:2076} INFO - Dependencies all met for dep_context=non-requeueable deps ti=<TaskInstance: dag_northwind.extract_csv scheduled__2024-04-04T00:00:00+00:00 [queued]>
[2024-07-01T10:26:46.620+0000] {taskinstance.py:2076} INFO - Dependencies all met for dep_context=requeueable deps ti=<TaskInstance: dag_northwind.extract_csv scheduled__2024-04-04T00:00:00+00:00 [queued]>
[2024-07-01T10:26:46.621+0000] {taskinstance.py:2306} INFO - Starting attempt 1 of 2
[2024-07-01T10:26:46.827+0000] {taskinstance.py:2330} INFO - Executing <Task(BashOperator): extract_csv> on 2024-04-04 00:00:00+00:00
[2024-07-01T10:26:46.840+0000] {standard_task_runner.py:90} INFO - Running: ['airflow', 'tasks', 'run', 'dag_northwind', 'extract_csv', 'scheduled__2024-04-04T00:00:00+00:00', '--job-id', '1224', '--raw', '--subdir', 'DAGS_FOLDER/dag_northwind.py', '--cfg-path', '/tmp/tmpq6vag960']
[2024-07-01T10:26:46.842+0000] {logging_mixin.py:188} WARNING - /home/airflow/.local/lib/python3.12/site-packages/airflow/task/task_runner/standard_task_runner.py:61 DeprecationWarning: This process (pid=6581) is multi-threaded, use of fork() may lead to deadlocks in the child.
[2024-07-01T10:26:46.844+0000] {standard_task_runner.py:91} INFO - Job 1224: Subtask extract_csv
[2024-07-01T10:26:46.844+0000] {standard_task_runner.py:63} INFO - Started process 6595 to run task
[2024-07-01T10:26:46.917+0000] {task_command.py:426} INFO - Running <TaskInstance: dag_northwind.extract_csv scheduled__2024-04-04T00:00:00+00:00 [running]> on host 85c6ea7cd9cf
[2024-07-01T10:26:47.044+0000] {taskinstance.py:2648} INFO - Exporting env vars: AIRFLOW_CTX_DAG_OWNER='airflow' AIRFLOW_CTX_DAG_ID='dag_northwind' AIRFLOW_CTX_TASK_ID='extract_csv' AIRFLOW_CTX_EXECUTION_DATE='2024-04-04T00:00:00+00:00' AIRFLOW_CTX_TRY_NUMBER='1' AIRFLOW_CTX_DAG_RUN_ID='scheduled__2024-04-04T00:00:00+00:00'
[2024-07-01T10:26:47.045+0000] {taskinstance.py:430} INFO - ::endgroup::
[2024-07-01T10:26:47.068+0000] {subprocess.py:63} INFO - Tmp dir root location: /tmp
[2024-07-01T10:26:47.069+0000] {subprocess.py:75} INFO - Running command: ['/usr/bin/bash', '-c', 'meltano elt tap-csv target-csv --job_id=extract_csv_2024-04-04 && mkdir -p /data/csv/2024-04-04 && mv /project/output/tap-csv/*.csv /data/csv/2024-04-04/']
[2024-07-01T10:26:47.080+0000] {subprocess.py:86} INFO - Output:
[2024-07-01T10:26:47.082+0000] {subprocess.py:93} INFO - /usr/bin/bash: line 1: meltano: command not found
[2024-07-01T10:26:47.083+0000] {subprocess.py:97} INFO - Command exited with return code 127
[2024-07-01T10:26:47.084+0000] {taskinstance.py:441} INFO - ::group::Post task execution logs
[2024-07-01T10:26:47.097+0000] {taskinstance.py:2905} ERROR - Task failed with exception
Traceback (most recent call last):
  File "/home/airflow/.local/lib/python3.12/site-packages/airflow/models/taskinstance.py", line 465, in _execute_task
    result = _execute_callable(context=context, **execute_callable_kwargs)
             ^^^^^^^^^^^^^^^^^^^^^^^^^^^^^^^^^^^^^^^^^^^^^^^^^^^^^^^^^^^^^
  File "/home/airflow/.local/lib/python3.12/site-packages/airflow/models/taskinstance.py", line 432, in _execute_callable
    return execute_callable(context=context, **execute_callable_kwargs)
           ^^^^^^^^^^^^^^^^^^^^^^^^^^^^^^^^^^^^^^^^^^^^^^^^^^^^^^^^^^^^
  File "/home/airflow/.local/lib/python3.12/site-packages/airflow/models/baseoperator.py", line 401, in wrapper
    return func(self, *args, **kwargs)
           ^^^^^^^^^^^^^^^^^^^^^^^^^^^
  File "/home/airflow/.local/lib/python3.12/site-packages/airflow/operators/bash.py", line 243, in execute
    raise AirflowException(
airflow.exceptions.AirflowException: Bash command failed. The command returned a non-zero exit code 127.
[2024-07-01T10:26:47.103+0000] {taskinstance.py:1206} INFO - Marking task as UP_FOR_RETRY. dag_id=dag_northwind, task_id=extract_csv, run_id=scheduled__2024-04-04T00:00:00+00:00, execution_date=20240404T000000, start_date=20240701T102646, end_date=20240701T102647
[2024-07-01T10:26:47.132+0000] {standard_task_runner.py:110} ERROR - Failed to execute job 1224 for task extract_csv (Bash command failed. The command returned a non-zero exit code 127.; 6595)
[2024-07-01T10:26:47.140+0000] {local_task_job_runner.py:240} INFO - Task exited with return code 1
[2024-07-01T10:26:47.172+0000] {taskinstance.py:3503} INFO - 0 downstream tasks scheduled from follow-on schedule check
[2024-07-01T10:26:47.174+0000] {local_task_job_runner.py:222} INFO - ::endgroup::
