[2024-07-01T01:20:30.181+0000] {local_task_job_runner.py:120} INFO - ::group::Pre task execution logs
[2024-07-01T01:20:30.258+0000] {taskinstance.py:2076} INFO - Dependencies all met for dep_context=non-requeueable deps ti=<TaskInstance: dag_northwind.extract_postgres scheduled__2024-03-11T00:00:00+00:00 [queued]>
[2024-07-01T01:20:30.275+0000] {taskinstance.py:2076} INFO - Dependencies all met for dep_context=requeueable deps ti=<TaskInstance: dag_northwind.extract_postgres scheduled__2024-03-11T00:00:00+00:00 [queued]>
[2024-07-01T01:20:30.277+0000] {taskinstance.py:2306} INFO - Starting attempt 1 of 2
[2024-07-01T01:20:30.311+0000] {taskinstance.py:2330} INFO - Executing <Task(BashOperator): extract_postgres> on 2024-03-11 00:00:00+00:00
[2024-07-01T01:20:30.324+0000] {standard_task_runner.py:90} INFO - Running: ['airflow', 'tasks', 'run', 'dag_northwind', 'extract_postgres', 'scheduled__2024-03-11T00:00:00+00:00', '--job-id', '597', '--raw', '--subdir', 'DAGS_FOLDER/dag_northwind.py', '--cfg-path', '/tmp/tmpewkqlgwy']
[2024-07-01T01:20:30.330+0000] {standard_task_runner.py:91} INFO - Job 597: Subtask extract_postgres
[2024-07-01T01:20:30.337+0000] {logging_mixin.py:188} WARNING - /home/airflow/.local/lib/python3.12/site-packages/airflow/task/task_runner/standard_task_runner.py:61 DeprecationWarning: This process (pid=612) is multi-threaded, use of fork() may lead to deadlocks in the child.
[2024-07-01T01:20:30.339+0000] {standard_task_runner.py:63} INFO - Started process 631 to run task
[2024-07-01T01:20:30.438+0000] {task_command.py:426} INFO - Running <TaskInstance: dag_northwind.extract_postgres scheduled__2024-03-11T00:00:00+00:00 [running]> on host 05d913303710
[2024-07-01T01:20:30.588+0000] {taskinstance.py:2648} INFO - Exporting env vars: AIRFLOW_CTX_DAG_OWNER='airflow' AIRFLOW_CTX_DAG_ID='dag_northwind' AIRFLOW_CTX_TASK_ID='extract_postgres' AIRFLOW_CTX_EXECUTION_DATE='2024-03-11T00:00:00+00:00' AIRFLOW_CTX_TRY_NUMBER='1' AIRFLOW_CTX_DAG_RUN_ID='scheduled__2024-03-11T00:00:00+00:00'
[2024-07-01T01:20:30.589+0000] {taskinstance.py:430} INFO - ::endgroup::
[2024-07-01T01:20:30.627+0000] {subprocess.py:63} INFO - Tmp dir root location: /tmp
[2024-07-01T01:20:30.630+0000] {subprocess.py:75} INFO - Running command: ['/usr/bin/bash', '-c', 'meltano elt tap-postgres target-csv --job_id=extract_postgres_2024-03-11 && mkdir -p /data/postgres/2024-03-11 && mv /project/output/tap-postgres/*.csv /data/postgres/2024-03-11/']
[2024-07-01T01:20:30.650+0000] {subprocess.py:86} INFO - Output:
[2024-07-01T01:20:30.655+0000] {subprocess.py:93} INFO - /usr/bin/bash: line 1: meltano: command not found
[2024-07-01T01:20:30.657+0000] {subprocess.py:97} INFO - Command exited with return code 127
[2024-07-01T01:20:30.659+0000] {taskinstance.py:441} INFO - ::group::Post task execution logs
[2024-07-01T01:20:30.679+0000] {taskinstance.py:2905} ERROR - Task failed with exception
Traceback (most recent call last):
  File "/home/airflow/.local/lib/python3.12/site-packages/airflow/models/taskinstance.py", line 465, in _execute_task
    result = _execute_callable(context=context, **execute_callable_kwargs)
             ^^^^^^^^^^^^^^^^^^^^^^^^^^^^^^^^^^^^^^^^^^^^^^^^^^^^^^^^^^^^^
  File "/home/airflow/.local/lib/python3.12/site-packages/airflow/models/taskinstance.py", line 432, in _execute_callable
    return execute_callable(context=context, **execute_callable_kwargs)
           ^^^^^^^^^^^^^^^^^^^^^^^^^^^^^^^^^^^^^^^^^^^^^^^^^^^^^^^^^^^^
  File "/home/airflow/.local/lib/python3.12/site-packages/airflow/models/baseoperator.py", line 401, in wrapper
    return func(self, *args, **kwargs)
           ^^^^^^^^^^^^^^^^^^^^^^^^^^^
  File "/home/airflow/.local/lib/python3.12/site-packages/airflow/operators/bash.py", line 243, in execute
    raise AirflowException(
airflow.exceptions.AirflowException: Bash command failed. The command returned a non-zero exit code 127.
[2024-07-01T01:20:30.689+0000] {taskinstance.py:1206} INFO - Marking task as UP_FOR_RETRY. dag_id=dag_northwind, task_id=extract_postgres, run_id=scheduled__2024-03-11T00:00:00+00:00, execution_date=20240311T000000, start_date=20240701T012030, end_date=20240701T012030
[2024-07-01T01:20:30.724+0000] {standard_task_runner.py:110} ERROR - Failed to execute job 597 for task extract_postgres (Bash command failed. The command returned a non-zero exit code 127.; 631)
[2024-07-01T01:20:30.757+0000] {local_task_job_runner.py:240} INFO - Task exited with return code 1
[2024-07-01T01:20:30.799+0000] {taskinstance.py:3503} INFO - 0 downstream tasks scheduled from follow-on schedule check
[2024-07-01T01:20:30.802+0000] {local_task_job_runner.py:222} INFO - ::endgroup::
[2024-07-01T10:21:37.141+0000] {local_task_job_runner.py:120} INFO - ::group::Pre task execution logs
[2024-07-01T10:21:37.227+0000] {taskinstance.py:2076} INFO - Dependencies all met for dep_context=non-requeueable deps ti=<TaskInstance: dag_northwind.extract_postgres scheduled__2024-03-11T00:00:00+00:00 [queued]>
[2024-07-01T10:21:37.243+0000] {taskinstance.py:2076} INFO - Dependencies all met for dep_context=requeueable deps ti=<TaskInstance: dag_northwind.extract_postgres scheduled__2024-03-11T00:00:00+00:00 [queued]>
[2024-07-01T10:21:37.244+0000] {taskinstance.py:2306} INFO - Starting attempt 1 of 2
[2024-07-01T10:21:37.360+0000] {taskinstance.py:2330} INFO - Executing <Task(BashOperator): extract_postgres> on 2024-03-11 00:00:00+00:00
[2024-07-01T10:21:37.378+0000] {logging_mixin.py:188} WARNING - /home/airflow/.local/lib/python3.12/site-packages/airflow/task/task_runner/standard_task_runner.py:61 DeprecationWarning: This process (pid=6198) is multi-threaded, use of fork() may lead to deadlocks in the child.
[2024-07-01T10:21:37.381+0000] {standard_task_runner.py:63} INFO - Started process 6216 to run task
[2024-07-01T10:21:37.379+0000] {standard_task_runner.py:90} INFO - Running: ['airflow', 'tasks', 'run', 'dag_northwind', 'extract_postgres', 'scheduled__2024-03-11T00:00:00+00:00', '--job-id', '1144', '--raw', '--subdir', 'DAGS_FOLDER/dag_northwind.py', '--cfg-path', '/tmp/tmpj068estl']
[2024-07-01T10:21:37.384+0000] {standard_task_runner.py:91} INFO - Job 1144: Subtask extract_postgres
[2024-07-01T10:21:37.508+0000] {task_command.py:426} INFO - Running <TaskInstance: dag_northwind.extract_postgres scheduled__2024-03-11T00:00:00+00:00 [running]> on host 85c6ea7cd9cf
[2024-07-01T10:21:37.692+0000] {taskinstance.py:2648} INFO - Exporting env vars: AIRFLOW_CTX_DAG_OWNER='airflow' AIRFLOW_CTX_DAG_ID='dag_northwind' AIRFLOW_CTX_TASK_ID='extract_postgres' AIRFLOW_CTX_EXECUTION_DATE='2024-03-11T00:00:00+00:00' AIRFLOW_CTX_TRY_NUMBER='1' AIRFLOW_CTX_DAG_RUN_ID='scheduled__2024-03-11T00:00:00+00:00'
[2024-07-01T10:21:37.694+0000] {taskinstance.py:430} INFO - ::endgroup::
[2024-07-01T10:21:37.728+0000] {subprocess.py:63} INFO - Tmp dir root location: /tmp
[2024-07-01T10:21:37.730+0000] {subprocess.py:75} INFO - Running command: ['/usr/bin/bash', '-c', 'meltano elt tap-postgres target-csv --job_id=extract_postgres_2024-03-11 && mkdir -p /data/postgres/2024-03-11 && mv /project/output/tap-postgres/*.csv /data/postgres/2024-03-11/']
[2024-07-01T10:21:37.743+0000] {subprocess.py:86} INFO - Output:
[2024-07-01T10:21:37.746+0000] {subprocess.py:93} INFO - /usr/bin/bash: line 1: meltano: command not found
[2024-07-01T10:21:37.747+0000] {subprocess.py:97} INFO - Command exited with return code 127
[2024-07-01T10:21:37.748+0000] {taskinstance.py:441} INFO - ::group::Post task execution logs
[2024-07-01T10:21:37.765+0000] {taskinstance.py:2905} ERROR - Task failed with exception
Traceback (most recent call last):
  File "/home/airflow/.local/lib/python3.12/site-packages/airflow/models/taskinstance.py", line 465, in _execute_task
    result = _execute_callable(context=context, **execute_callable_kwargs)
             ^^^^^^^^^^^^^^^^^^^^^^^^^^^^^^^^^^^^^^^^^^^^^^^^^^^^^^^^^^^^^
  File "/home/airflow/.local/lib/python3.12/site-packages/airflow/models/taskinstance.py", line 432, in _execute_callable
    return execute_callable(context=context, **execute_callable_kwargs)
           ^^^^^^^^^^^^^^^^^^^^^^^^^^^^^^^^^^^^^^^^^^^^^^^^^^^^^^^^^^^^
  File "/home/airflow/.local/lib/python3.12/site-packages/airflow/models/baseoperator.py", line 401, in wrapper
    return func(self, *args, **kwargs)
           ^^^^^^^^^^^^^^^^^^^^^^^^^^^
  File "/home/airflow/.local/lib/python3.12/site-packages/airflow/operators/bash.py", line 243, in execute
    raise AirflowException(
airflow.exceptions.AirflowException: Bash command failed. The command returned a non-zero exit code 127.
[2024-07-01T10:21:37.771+0000] {taskinstance.py:1206} INFO - Marking task as UP_FOR_RETRY. dag_id=dag_northwind, task_id=extract_postgres, run_id=scheduled__2024-03-11T00:00:00+00:00, execution_date=20240311T000000, start_date=20240701T102137, end_date=20240701T102137
[2024-07-01T10:21:37.899+0000] {standard_task_runner.py:110} ERROR - Failed to execute job 1144 for task extract_postgres (Bash command failed. The command returned a non-zero exit code 127.; 6216)
[2024-07-01T10:21:37.918+0000] {local_task_job_runner.py:240} INFO - Task exited with return code 1
[2024-07-01T10:21:37.937+0000] {local_task_job_runner.py:222} INFO - ::endgroup::
