[2024-07-03T19:35:51.378+0000] {local_task_job_runner.py:120} INFO - ::group::Pre task execution logs
[2024-07-03T19:35:51.459+0000] {taskinstance.py:2076} INFO - Dependencies all met for dep_context=non-requeueable deps ti=<TaskInstance: dag_pipeline_northwind.extract_csv scheduled__2024-04-30T00:00:00+00:00 [queued]>
[2024-07-03T19:35:51.479+0000] {taskinstance.py:2076} INFO - Dependencies all met for dep_context=requeueable deps ti=<TaskInstance: dag_pipeline_northwind.extract_csv scheduled__2024-04-30T00:00:00+00:00 [queued]>
[2024-07-03T19:35:51.480+0000] {taskinstance.py:2306} INFO - Starting attempt 2 of 2
[2024-07-03T19:35:51.633+0000] {taskinstance.py:2330} INFO - Executing <Task(PythonOperator): extract_csv> on 2024-04-30 00:00:00+00:00
[2024-07-03T19:35:51.650+0000] {logging_mixin.py:188} WARNING - /home/airflow/.local/lib/python3.12/site-packages/airflow/task/task_runner/standard_task_runner.py:61 DeprecationWarning: This process (pid=1435) is multi-threaded, use of fork() may lead to deadlocks in the child.
[2024-07-03T19:35:51.653+0000] {standard_task_runner.py:63} INFO - Started process 1448 to run task
[2024-07-03T19:35:51.651+0000] {standard_task_runner.py:90} INFO - Running: ['airflow', 'tasks', 'run', 'dag_pipeline_northwind', 'extract_csv', 'scheduled__2024-04-30T00:00:00+00:00', '--job-id', '4062', '--raw', '--subdir', 'DAGS_FOLDER/northwind_dag_teste.py', '--cfg-path', '/tmp/tmpfuwietvb']
[2024-07-03T19:35:51.657+0000] {standard_task_runner.py:91} INFO - Job 4062: Subtask extract_csv
[2024-07-03T19:35:51.783+0000] {task_command.py:426} INFO - Running <TaskInstance: dag_pipeline_northwind.extract_csv scheduled__2024-04-30T00:00:00+00:00 [running]> on host 76916b664cf5
[2024-07-03T19:35:51.943+0000] {taskinstance.py:2648} INFO - Exporting env vars: AIRFLOW_CTX_DAG_OWNER='airflow' AIRFLOW_CTX_DAG_ID='dag_pipeline_northwind' AIRFLOW_CTX_TASK_ID='extract_csv' AIRFLOW_CTX_EXECUTION_DATE='2024-04-30T00:00:00+00:00' AIRFLOW_CTX_TRY_NUMBER='2' AIRFLOW_CTX_DAG_RUN_ID='scheduled__2024-04-30T00:00:00+00:00'
[2024-07-03T19:35:51.945+0000] {taskinstance.py:430} INFO - ::endgroup::
[2024-07-03T19:35:51.990+0000] {logging_mixin.py:188} INFO - Running command: meltano elt tap-csv target-csv --transform=run --job_id=extract_csv_2024-04-30
[2024-07-03T19:35:51.996+0000] {logging_mixin.py:188} INFO - Command failed with error: Command 'meltano elt tap-csv target-csv --transform=run --job_id=extract_csv_2024-04-30' returned non-zero exit status 127.
[2024-07-03T19:35:51.997+0000] {taskinstance.py:441} INFO - ::group::Post task execution logs
[2024-07-03T19:35:51.998+0000] {taskinstance.py:2905} ERROR - Task failed with exception
Traceback (most recent call last):
  File "/home/airflow/.local/lib/python3.12/site-packages/airflow/models/taskinstance.py", line 465, in _execute_task
    result = _execute_callable(context=context, **execute_callable_kwargs)
             ^^^^^^^^^^^^^^^^^^^^^^^^^^^^^^^^^^^^^^^^^^^^^^^^^^^^^^^^^^^^^
  File "/home/airflow/.local/lib/python3.12/site-packages/airflow/models/taskinstance.py", line 432, in _execute_callable
    return execute_callable(context=context, **execute_callable_kwargs)
           ^^^^^^^^^^^^^^^^^^^^^^^^^^^^^^^^^^^^^^^^^^^^^^^^^^^^^^^^^^^^
  File "/home/airflow/.local/lib/python3.12/site-packages/airflow/models/baseoperator.py", line 401, in wrapper
    return func(self, *args, **kwargs)
           ^^^^^^^^^^^^^^^^^^^^^^^^^^^
  File "/home/airflow/.local/lib/python3.12/site-packages/airflow/operators/python.py", line 235, in execute
    return_value = self.execute_callable()
                   ^^^^^^^^^^^^^^^^^^^^^^^
  File "/home/airflow/.local/lib/python3.12/site-packages/airflow/operators/python.py", line 252, in execute_callable
    return self.python_callable(*self.op_args, **self.op_kwargs)
           ^^^^^^^^^^^^^^^^^^^^^^^^^^^^^^^^^^^^^^^^^^^^^^^^^^^^^
  File "/opt/airflow/dags/northwind_dag_teste.py", line 46, in extract_csv
    result = subprocess.run(extract_command, shell=True, check=True, capture_output=True, text=True)
             ^^^^^^^^^^^^^^^^^^^^^^^^^^^^^^^^^^^^^^^^^^^^^^^^^^^^^^^^^^^^^^^^^^^^^^^^^^^^^^^^^^^^^^^
  File "/usr/local/lib/python3.12/subprocess.py", line 571, in run
    raise CalledProcessError(retcode, process.args,
subprocess.CalledProcessError: Command 'meltano elt tap-csv target-csv --transform=run --job_id=extract_csv_2024-04-30' returned non-zero exit status 127.
[2024-07-03T19:35:52.029+0000] {taskinstance.py:1206} INFO - Marking task as FAILED. dag_id=dag_pipeline_northwind, task_id=extract_csv, run_id=scheduled__2024-04-30T00:00:00+00:00, execution_date=20240430T000000, start_date=20240703T193551, end_date=20240703T193552
[2024-07-03T19:35:52.207+0000] {standard_task_runner.py:110} ERROR - Failed to execute job 4062 for task extract_csv (Command 'meltano elt tap-csv target-csv --transform=run --job_id=extract_csv_2024-04-30' returned non-zero exit status 127.; 1448)
[2024-07-03T19:35:52.232+0000] {local_task_job_runner.py:240} INFO - Task exited with return code 1
[2024-07-03T19:35:52.250+0000] {local_task_job_runner.py:222} INFO - ::endgroup::
[2024-07-04T01:40:00.097+0000] {local_task_job_runner.py:120} INFO - ::group::Pre task execution logs
[2024-07-04T01:40:00.184+0000] {taskinstance.py:2076} INFO - Dependencies all met for dep_context=non-requeueable deps ti=<TaskInstance: dag_pipeline_northwind.extract_csv scheduled__2024-04-30T00:00:00+00:00 [queued]>
[2024-07-04T01:40:00.202+0000] {taskinstance.py:2076} INFO - Dependencies all met for dep_context=requeueable deps ti=<TaskInstance: dag_pipeline_northwind.extract_csv scheduled__2024-04-30T00:00:00+00:00 [queued]>
[2024-07-04T01:40:00.203+0000] {taskinstance.py:2306} INFO - Starting attempt 2 of 2
[2024-07-04T01:40:00.308+0000] {taskinstance.py:2330} INFO - Executing <Task(PythonOperator): extract_csv> on 2024-04-30 00:00:00+00:00
[2024-07-04T01:40:00.323+0000] {logging_mixin.py:188} WARNING - /home/airflow/.local/lib/python3.12/site-packages/airflow/task/task_runner/standard_task_runner.py:61 DeprecationWarning: This process (pid=2104) is multi-threaded, use of fork() may lead to deadlocks in the child.
[2024-07-04T01:40:00.325+0000] {standard_task_runner.py:63} INFO - Started process 2117 to run task
[2024-07-04T01:40:00.331+0000] {standard_task_runner.py:90} INFO - Running: ['airflow', 'tasks', 'run', 'dag_pipeline_northwind', 'extract_csv', 'scheduled__2024-04-30T00:00:00+00:00', '--job-id', '5092', '--raw', '--subdir', 'DAGS_FOLDER/dag_pipeline_northwind.py', '--cfg-path', '/tmp/tmpu5ifogw5']
[2024-07-04T01:40:00.336+0000] {standard_task_runner.py:91} INFO - Job 5092: Subtask extract_csv
[2024-07-04T01:40:00.439+0000] {task_command.py:426} INFO - Running <TaskInstance: dag_pipeline_northwind.extract_csv scheduled__2024-04-30T00:00:00+00:00 [running]> on host 06ddab619e10
[2024-07-04T01:40:00.567+0000] {taskinstance.py:2648} INFO - Exporting env vars: AIRFLOW_CTX_DAG_OWNER='airflow' AIRFLOW_CTX_DAG_ID='dag_pipeline_northwind' AIRFLOW_CTX_TASK_ID='extract_csv' AIRFLOW_CTX_EXECUTION_DATE='2024-04-30T00:00:00+00:00' AIRFLOW_CTX_TRY_NUMBER='2' AIRFLOW_CTX_DAG_RUN_ID='scheduled__2024-04-30T00:00:00+00:00'
[2024-07-04T01:40:00.568+0000] {taskinstance.py:430} INFO - ::endgroup::
[2024-07-04T01:40:00.597+0000] {logging_mixin.py:188} INFO - Running command: meltano elt tap-csv target-csv --transform=run --job_id=extract_csv_2024-04-30
[2024-07-04T01:40:00.602+0000] {logging_mixin.py:188} INFO - Command failed with error: Command 'meltano elt tap-csv target-csv --transform=run --job_id=extract_csv_2024-04-30' returned non-zero exit status 127.
[2024-07-04T01:40:00.603+0000] {taskinstance.py:441} INFO - ::group::Post task execution logs
[2024-07-04T01:40:00.604+0000] {taskinstance.py:2905} ERROR - Task failed with exception
Traceback (most recent call last):
  File "/home/airflow/.local/lib/python3.12/site-packages/airflow/models/taskinstance.py", line 465, in _execute_task
    result = _execute_callable(context=context, **execute_callable_kwargs)
             ^^^^^^^^^^^^^^^^^^^^^^^^^^^^^^^^^^^^^^^^^^^^^^^^^^^^^^^^^^^^^
  File "/home/airflow/.local/lib/python3.12/site-packages/airflow/models/taskinstance.py", line 432, in _execute_callable
    return execute_callable(context=context, **execute_callable_kwargs)
           ^^^^^^^^^^^^^^^^^^^^^^^^^^^^^^^^^^^^^^^^^^^^^^^^^^^^^^^^^^^^
  File "/home/airflow/.local/lib/python3.12/site-packages/airflow/models/baseoperator.py", line 401, in wrapper
    return func(self, *args, **kwargs)
           ^^^^^^^^^^^^^^^^^^^^^^^^^^^
  File "/home/airflow/.local/lib/python3.12/site-packages/airflow/operators/python.py", line 235, in execute
    return_value = self.execute_callable()
                   ^^^^^^^^^^^^^^^^^^^^^^^
  File "/home/airflow/.local/lib/python3.12/site-packages/airflow/operators/python.py", line 252, in execute_callable
    return self.python_callable(*self.op_args, **self.op_kwargs)
           ^^^^^^^^^^^^^^^^^^^^^^^^^^^^^^^^^^^^^^^^^^^^^^^^^^^^^
  File "/opt/airflow/dags/dag_pipeline_northwind.py", line 46, in extract_csv
    result = subprocess.run(extract_command, shell=True, check=True, capture_output=True, text=True)
             ^^^^^^^^^^^^^^^^^^^^^^^^^^^^^^^^^^^^^^^^^^^^^^^^^^^^^^^^^^^^^^^^^^^^^^^^^^^^^^^^^^^^^^^
  File "/usr/local/lib/python3.12/subprocess.py", line 571, in run
    raise CalledProcessError(retcode, process.args,
subprocess.CalledProcessError: Command 'meltano elt tap-csv target-csv --transform=run --job_id=extract_csv_2024-04-30' returned non-zero exit status 127.
[2024-07-04T01:40:00.637+0000] {taskinstance.py:1206} INFO - Marking task as FAILED. dag_id=dag_pipeline_northwind, task_id=extract_csv, run_id=scheduled__2024-04-30T00:00:00+00:00, execution_date=20240430T000000, start_date=20240704T014000, end_date=20240704T014000
[2024-07-04T01:40:00.689+0000] {standard_task_runner.py:110} ERROR - Failed to execute job 5092 for task extract_csv (Command 'meltano elt tap-csv target-csv --transform=run --job_id=extract_csv_2024-04-30' returned non-zero exit status 127.; 2117)
[2024-07-04T01:40:00.741+0000] {local_task_job_runner.py:240} INFO - Task exited with return code 1
[2024-07-04T01:40:00.760+0000] {local_task_job_runner.py:222} INFO - ::endgroup::
