[2024-07-01T01:41:11.090+0000] {local_task_job_runner.py:120} INFO - ::group::Pre task execution logs
[2024-07-01T01:41:11.161+0000] {taskinstance.py:2076} INFO - Dependencies all met for dep_context=non-requeueable deps ti=<TaskInstance: dag_northwind.extract_postgres scheduled__2024-05-22T00:00:00+00:00 [queued]>
[2024-07-01T01:41:11.179+0000] {taskinstance.py:2076} INFO - Dependencies all met for dep_context=requeueable deps ti=<TaskInstance: dag_northwind.extract_postgres scheduled__2024-05-22T00:00:00+00:00 [queued]>
[2024-07-01T01:41:11.180+0000] {taskinstance.py:2306} INFO - Starting attempt 1 of 2
[2024-07-01T01:41:11.420+0000] {taskinstance.py:2330} INFO - Executing <Task(BashOperator): extract_postgres> on 2024-05-22 00:00:00+00:00
[2024-07-01T01:41:11.435+0000] {logging_mixin.py:188} WARNING - /home/airflow/.local/lib/python3.12/site-packages/airflow/task/task_runner/standard_task_runner.py:61 DeprecationWarning: This process (pid=1915) is multi-threaded, use of fork() may lead to deadlocks in the child.
[2024-07-01T01:41:11.437+0000] {standard_task_runner.py:63} INFO - Started process 1929 to run task
[2024-07-01T01:41:11.434+0000] {standard_task_runner.py:90} INFO - Running: ['airflow', 'tasks', 'run', 'dag_northwind', 'extract_postgres', 'scheduled__2024-05-22T00:00:00+00:00', '--job-id', '870', '--raw', '--subdir', 'DAGS_FOLDER/dag_northwind.py', '--cfg-path', '/tmp/tmpu5ym9mo6']
[2024-07-01T01:41:11.438+0000] {standard_task_runner.py:91} INFO - Job 870: Subtask extract_postgres
[2024-07-01T01:41:11.512+0000] {task_command.py:426} INFO - Running <TaskInstance: dag_northwind.extract_postgres scheduled__2024-05-22T00:00:00+00:00 [running]> on host 05d913303710
[2024-07-01T01:41:11.631+0000] {taskinstance.py:2648} INFO - Exporting env vars: AIRFLOW_CTX_DAG_OWNER='airflow' AIRFLOW_CTX_DAG_ID='dag_northwind' AIRFLOW_CTX_TASK_ID='extract_postgres' AIRFLOW_CTX_EXECUTION_DATE='2024-05-22T00:00:00+00:00' AIRFLOW_CTX_TRY_NUMBER='1' AIRFLOW_CTX_DAG_RUN_ID='scheduled__2024-05-22T00:00:00+00:00'
[2024-07-01T01:41:11.632+0000] {taskinstance.py:430} INFO - ::endgroup::
[2024-07-01T01:41:11.655+0000] {subprocess.py:63} INFO - Tmp dir root location: /tmp
[2024-07-01T01:41:11.656+0000] {subprocess.py:75} INFO - Running command: ['/usr/bin/bash', '-c', 'meltano elt tap-postgres target-csv --job_id=extract_postgres_2024-05-22 && mkdir -p /data/postgres/2024-05-22 && mv /project/output/tap-postgres/*.csv /data/postgres/2024-05-22/']
[2024-07-01T01:41:11.668+0000] {subprocess.py:86} INFO - Output:
[2024-07-01T01:41:11.670+0000] {subprocess.py:93} INFO - /usr/bin/bash: line 1: meltano: command not found
[2024-07-01T01:41:11.671+0000] {subprocess.py:97} INFO - Command exited with return code 127
[2024-07-01T01:41:11.672+0000] {taskinstance.py:441} INFO - ::group::Post task execution logs
[2024-07-01T01:41:11.685+0000] {taskinstance.py:2905} ERROR - Task failed with exception
Traceback (most recent call last):
  File "/home/airflow/.local/lib/python3.12/site-packages/airflow/models/taskinstance.py", line 465, in _execute_task
    result = _execute_callable(context=context, **execute_callable_kwargs)
             ^^^^^^^^^^^^^^^^^^^^^^^^^^^^^^^^^^^^^^^^^^^^^^^^^^^^^^^^^^^^^
  File "/home/airflow/.local/lib/python3.12/site-packages/airflow/models/taskinstance.py", line 432, in _execute_callable
    return execute_callable(context=context, **execute_callable_kwargs)
           ^^^^^^^^^^^^^^^^^^^^^^^^^^^^^^^^^^^^^^^^^^^^^^^^^^^^^^^^^^^^
  File "/home/airflow/.local/lib/python3.12/site-packages/airflow/models/baseoperator.py", line 401, in wrapper
    return func(self, *args, **kwargs)
           ^^^^^^^^^^^^^^^^^^^^^^^^^^^
  File "/home/airflow/.local/lib/python3.12/site-packages/airflow/operators/bash.py", line 243, in execute
    raise AirflowException(
airflow.exceptions.AirflowException: Bash command failed. The command returned a non-zero exit code 127.
[2024-07-01T01:41:11.691+0000] {taskinstance.py:1206} INFO - Marking task as UP_FOR_RETRY. dag_id=dag_northwind, task_id=extract_postgres, run_id=scheduled__2024-05-22T00:00:00+00:00, execution_date=20240522T000000, start_date=20240701T014111, end_date=20240701T014111
[2024-07-01T01:41:11.710+0000] {standard_task_runner.py:110} ERROR - Failed to execute job 870 for task extract_postgres (Bash command failed. The command returned a non-zero exit code 127.; 1929)
[2024-07-01T01:41:11.733+0000] {local_task_job_runner.py:240} INFO - Task exited with return code 1
[2024-07-01T01:41:11.745+0000] {local_task_job_runner.py:222} INFO - ::endgroup::
[2024-07-01T10:42:17.961+0000] {local_task_job_runner.py:120} INFO - ::group::Pre task execution logs
[2024-07-01T10:42:18.023+0000] {taskinstance.py:2076} INFO - Dependencies all met for dep_context=non-requeueable deps ti=<TaskInstance: dag_northwind.extract_postgres scheduled__2024-05-22T00:00:00+00:00 [queued]>
[2024-07-01T10:42:18.036+0000] {taskinstance.py:2076} INFO - Dependencies all met for dep_context=requeueable deps ti=<TaskInstance: dag_northwind.extract_postgres scheduled__2024-05-22T00:00:00+00:00 [queued]>
[2024-07-01T10:42:18.037+0000] {taskinstance.py:2306} INFO - Starting attempt 1 of 2
[2024-07-01T10:42:18.068+0000] {taskinstance.py:2330} INFO - Executing <Task(BashOperator): extract_postgres> on 2024-05-22 00:00:00+00:00
[2024-07-01T10:42:18.080+0000] {logging_mixin.py:188} WARNING - /home/airflow/.local/lib/python3.12/site-packages/airflow/task/task_runner/standard_task_runner.py:61 DeprecationWarning: This process (pid=7498) is multi-threaded, use of fork() may lead to deadlocks in the child.
[2024-07-01T10:42:18.080+0000] {standard_task_runner.py:90} INFO - Running: ['airflow', 'tasks', 'run', 'dag_northwind', 'extract_postgres', 'scheduled__2024-05-22T00:00:00+00:00', '--job-id', '1416', '--raw', '--subdir', 'DAGS_FOLDER/dag_northwind.py', '--cfg-path', '/tmp/tmpq9v5sgiz']
[2024-07-01T10:42:18.083+0000] {standard_task_runner.py:63} INFO - Started process 7511 to run task
[2024-07-01T10:42:18.083+0000] {standard_task_runner.py:91} INFO - Job 1416: Subtask extract_postgres
[2024-07-01T10:42:18.161+0000] {task_command.py:426} INFO - Running <TaskInstance: dag_northwind.extract_postgres scheduled__2024-05-22T00:00:00+00:00 [running]> on host 85c6ea7cd9cf
[2024-07-01T10:42:18.292+0000] {taskinstance.py:2648} INFO - Exporting env vars: AIRFLOW_CTX_DAG_OWNER='airflow' AIRFLOW_CTX_DAG_ID='dag_northwind' AIRFLOW_CTX_TASK_ID='extract_postgres' AIRFLOW_CTX_EXECUTION_DATE='2024-05-22T00:00:00+00:00' AIRFLOW_CTX_TRY_NUMBER='1' AIRFLOW_CTX_DAG_RUN_ID='scheduled__2024-05-22T00:00:00+00:00'
[2024-07-01T10:42:18.293+0000] {taskinstance.py:430} INFO - ::endgroup::
[2024-07-01T10:42:18.315+0000] {subprocess.py:63} INFO - Tmp dir root location: /tmp
[2024-07-01T10:42:18.316+0000] {subprocess.py:75} INFO - Running command: ['/usr/bin/bash', '-c', 'meltano elt tap-postgres target-csv --job_id=extract_postgres_2024-05-22 && mkdir -p /data/postgres/2024-05-22 && mv /project/output/tap-postgres/*.csv /data/postgres/2024-05-22/']
[2024-07-01T10:42:18.329+0000] {subprocess.py:86} INFO - Output:
[2024-07-01T10:42:18.331+0000] {subprocess.py:93} INFO - /usr/bin/bash: line 1: meltano: command not found
[2024-07-01T10:42:18.333+0000] {subprocess.py:97} INFO - Command exited with return code 127
[2024-07-01T10:42:18.334+0000] {taskinstance.py:441} INFO - ::group::Post task execution logs
[2024-07-01T10:42:18.350+0000] {taskinstance.py:2905} ERROR - Task failed with exception
Traceback (most recent call last):
  File "/home/airflow/.local/lib/python3.12/site-packages/airflow/models/taskinstance.py", line 465, in _execute_task
    result = _execute_callable(context=context, **execute_callable_kwargs)
             ^^^^^^^^^^^^^^^^^^^^^^^^^^^^^^^^^^^^^^^^^^^^^^^^^^^^^^^^^^^^^
  File "/home/airflow/.local/lib/python3.12/site-packages/airflow/models/taskinstance.py", line 432, in _execute_callable
    return execute_callable(context=context, **execute_callable_kwargs)
           ^^^^^^^^^^^^^^^^^^^^^^^^^^^^^^^^^^^^^^^^^^^^^^^^^^^^^^^^^^^^
  File "/home/airflow/.local/lib/python3.12/site-packages/airflow/models/baseoperator.py", line 401, in wrapper
    return func(self, *args, **kwargs)
           ^^^^^^^^^^^^^^^^^^^^^^^^^^^
  File "/home/airflow/.local/lib/python3.12/site-packages/airflow/operators/bash.py", line 243, in execute
    raise AirflowException(
airflow.exceptions.AirflowException: Bash command failed. The command returned a non-zero exit code 127.
[2024-07-01T10:42:18.357+0000] {taskinstance.py:1206} INFO - Marking task as UP_FOR_RETRY. dag_id=dag_northwind, task_id=extract_postgres, run_id=scheduled__2024-05-22T00:00:00+00:00, execution_date=20240522T000000, start_date=20240701T104218, end_date=20240701T104218
[2024-07-01T10:42:18.378+0000] {standard_task_runner.py:110} ERROR - Failed to execute job 1416 for task extract_postgres (Bash command failed. The command returned a non-zero exit code 127.; 7511)
[2024-07-01T10:42:18.419+0000] {local_task_job_runner.py:240} INFO - Task exited with return code 1
[2024-07-01T10:42:18.452+0000] {taskinstance.py:3503} INFO - 0 downstream tasks scheduled from follow-on schedule check
[2024-07-01T10:42:18.455+0000] {local_task_job_runner.py:222} INFO - ::endgroup::
