[2024-07-13T00:00:02.437+0000] {local_task_job_runner.py:120} INFO - ::group::Pre task execution logs
[2024-07-13T00:00:02.568+0000] {taskinstance.py:2076} INFO - Dependencies all met for dep_context=non-requeueable deps ti=<TaskInstance: dag_pipeline_northwind.extract_postgres_employee_id scheduled__2024-07-12T00:00:00+00:00 [queued]>
[2024-07-13T00:00:02.614+0000] {taskinstance.py:2076} INFO - Dependencies all met for dep_context=requeueable deps ti=<TaskInstance: dag_pipeline_northwind.extract_postgres_employee_id scheduled__2024-07-12T00:00:00+00:00 [queued]>
[2024-07-13T00:00:02.619+0000] {taskinstance.py:2306} INFO - Starting attempt 1 of 2
[2024-07-13T00:00:02.685+0000] {taskinstance.py:2330} INFO - Executing <Task(PythonOperator): extract_postgres_employee_id> on 2024-07-12 00:00:00+00:00
[2024-07-13T00:00:02.709+0000] {standard_task_runner.py:90} INFO - Running: ['airflow', 'tasks', 'run', 'dag_pipeline_northwind', 'extract_postgres_employee_id', 'scheduled__2024-07-12T00:00:00+00:00', '--job-id', '5630', '--raw', '--subdir', 'DAGS_FOLDER/dag_pipeline_northwind.py', '--cfg-path', '/tmp/tmp65cth6fv']
[2024-07-13T00:00:02.713+0000] {standard_task_runner.py:91} INFO - Job 5630: Subtask extract_postgres_employee_id
[2024-07-13T00:00:02.708+0000] {logging_mixin.py:188} WARNING - /home/airflow/.local/lib/python3.12/site-packages/airflow/task/task_runner/standard_task_runner.py:61 DeprecationWarning: This process (pid=3360) is multi-threaded, use of fork() may lead to deadlocks in the child.
[2024-07-13T00:00:02.723+0000] {standard_task_runner.py:63} INFO - Started process 3380 to run task
[2024-07-13T00:00:02.875+0000] {task_command.py:426} INFO - Running <TaskInstance: dag_pipeline_northwind.extract_postgres_employee_id scheduled__2024-07-12T00:00:00+00:00 [running]> on host 5ef7300ef9b1
[2024-07-13T00:00:03.132+0000] {taskinstance.py:2648} INFO - Exporting env vars: AIRFLOW_CTX_DAG_OWNER='airflow' AIRFLOW_CTX_DAG_ID='dag_pipeline_northwind' AIRFLOW_CTX_TASK_ID='extract_postgres_employee_id' AIRFLOW_CTX_EXECUTION_DATE='2024-07-12T00:00:00+00:00' AIRFLOW_CTX_TRY_NUMBER='1' AIRFLOW_CTX_DAG_RUN_ID='scheduled__2024-07-12T00:00:00+00:00'
[2024-07-13T00:00:03.134+0000] {taskinstance.py:430} INFO - ::endgroup::
[2024-07-13T00:00:03.157+0000] {logging_mixin.py:188} INFO - Running command: meltano elt tap-postgres target-csv --transform=run --job_id=extract_postgres_employee_id_2024-07-12
[2024-07-13T00:00:03.161+0000] {logging_mixin.py:188} INFO - Command failed with error: Command 'meltano elt tap-postgres target-csv --transform=run --job_id=extract_postgres_employee_id_2024-07-12' returned non-zero exit status 127.
[2024-07-13T00:00:03.161+0000] {taskinstance.py:441} INFO - ::group::Post task execution logs
[2024-07-13T00:00:03.162+0000] {taskinstance.py:2905} ERROR - Task failed with exception
Traceback (most recent call last):
  File "/home/airflow/.local/lib/python3.12/site-packages/airflow/models/taskinstance.py", line 465, in _execute_task
    result = _execute_callable(context=context, **execute_callable_kwargs)
             ^^^^^^^^^^^^^^^^^^^^^^^^^^^^^^^^^^^^^^^^^^^^^^^^^^^^^^^^^^^^^
  File "/home/airflow/.local/lib/python3.12/site-packages/airflow/models/taskinstance.py", line 432, in _execute_callable
    return execute_callable(context=context, **execute_callable_kwargs)
           ^^^^^^^^^^^^^^^^^^^^^^^^^^^^^^^^^^^^^^^^^^^^^^^^^^^^^^^^^^^^
  File "/home/airflow/.local/lib/python3.12/site-packages/airflow/models/baseoperator.py", line 401, in wrapper
    return func(self, *args, **kwargs)
           ^^^^^^^^^^^^^^^^^^^^^^^^^^^
  File "/home/airflow/.local/lib/python3.12/site-packages/airflow/operators/python.py", line 235, in execute
    return_value = self.execute_callable()
                   ^^^^^^^^^^^^^^^^^^^^^^^
  File "/home/airflow/.local/lib/python3.12/site-packages/airflow/operators/python.py", line 252, in execute_callable
    return self.python_callable(*self.op_args, **self.op_kwargs)
           ^^^^^^^^^^^^^^^^^^^^^^^^^^^^^^^^^^^^^^^^^^^^^^^^^^^^^
  File "/opt/airflow/dags/dag_pipeline_northwind.py", line 40, in extract_postgres_table
    result = subprocess.run(extract_command, shell=True, check=True, capture_output=True, text=True)
             ^^^^^^^^^^^^^^^^^^^^^^^^^^^^^^^^^^^^^^^^^^^^^^^^^^^^^^^^^^^^^^^^^^^^^^^^^^^^^^^^^^^^^^^
  File "/usr/local/lib/python3.12/subprocess.py", line 571, in run
    raise CalledProcessError(retcode, process.args,
subprocess.CalledProcessError: Command 'meltano elt tap-postgres target-csv --transform=run --job_id=extract_postgres_employee_id_2024-07-12' returned non-zero exit status 127.
[2024-07-13T00:00:03.179+0000] {taskinstance.py:1206} INFO - Marking task as UP_FOR_RETRY. dag_id=dag_pipeline_northwind, task_id=extract_postgres_employee_id, run_id=scheduled__2024-07-12T00:00:00+00:00, execution_date=20240712T000000, start_date=20240713T000002, end_date=20240713T000003
[2024-07-13T00:00:03.195+0000] {standard_task_runner.py:110} ERROR - Failed to execute job 5630 for task extract_postgres_employee_id (Command 'meltano elt tap-postgres target-csv --transform=run --job_id=extract_postgres_employee_id_2024-07-12' returned non-zero exit status 127.; 3380)
[2024-07-13T00:00:03.235+0000] {local_task_job_runner.py:240} INFO - Task exited with return code 1
[2024-07-13T00:00:03.285+0000] {taskinstance.py:3503} INFO - 0 downstream tasks scheduled from follow-on schedule check
[2024-07-13T00:00:03.287+0000] {local_task_job_runner.py:222} INFO - ::endgroup::
[2024-07-14T21:47:59.562+0000] {local_task_job_runner.py:120} INFO - ::group::Pre task execution logs
[2024-07-14T21:47:59.697+0000] {taskinstance.py:2076} INFO - Dependencies all met for dep_context=non-requeueable deps ti=<TaskInstance: dag_pipeline_northwind.extract_postgres_employee_id scheduled__2024-07-12T00:00:00+00:00 [queued]>
[2024-07-14T21:47:59.717+0000] {taskinstance.py:2076} INFO - Dependencies all met for dep_context=requeueable deps ti=<TaskInstance: dag_pipeline_northwind.extract_postgres_employee_id scheduled__2024-07-12T00:00:00+00:00 [queued]>
[2024-07-14T21:47:59.718+0000] {taskinstance.py:2306} INFO - Starting attempt 1 of 2
[2024-07-14T21:47:59.803+0000] {taskinstance.py:2330} INFO - Executing <Task(PythonOperator): extract_postgres_employee_id> on 2024-07-12 00:00:00+00:00
[2024-07-14T21:47:59.817+0000] {logging_mixin.py:188} WARNING - /home/airflow/.local/lib/python3.12/site-packages/airflow/task/task_runner/standard_task_runner.py:61 DeprecationWarning: This process (pid=327) is multi-threaded, use of fork() may lead to deadlocks in the child.
[2024-07-14T21:47:59.819+0000] {standard_task_runner.py:63} INFO - Started process 352 to run task
[2024-07-14T21:47:59.817+0000] {standard_task_runner.py:90} INFO - Running: ['airflow', 'tasks', 'run', 'dag_pipeline_northwind', 'extract_postgres_employee_id', 'scheduled__2024-07-12T00:00:00+00:00', '--job-id', '5733', '--raw', '--subdir', 'DAGS_FOLDER/dag_pipeline_northwind.py', '--cfg-path', '/tmp/tmppbd463r2']
[2024-07-14T21:47:59.821+0000] {standard_task_runner.py:91} INFO - Job 5733: Subtask extract_postgres_employee_id
[2024-07-14T21:47:59.972+0000] {task_command.py:426} INFO - Running <TaskInstance: dag_pipeline_northwind.extract_postgres_employee_id scheduled__2024-07-12T00:00:00+00:00 [running]> on host ee4b7f7f7c3e
[2024-07-14T21:48:00.243+0000] {taskinstance.py:2648} INFO - Exporting env vars: AIRFLOW_CTX_DAG_OWNER='airflow' AIRFLOW_CTX_DAG_ID='dag_pipeline_northwind' AIRFLOW_CTX_TASK_ID='extract_postgres_employee_id' AIRFLOW_CTX_EXECUTION_DATE='2024-07-12T00:00:00+00:00' AIRFLOW_CTX_TRY_NUMBER='1' AIRFLOW_CTX_DAG_RUN_ID='scheduled__2024-07-12T00:00:00+00:00'
[2024-07-14T21:48:00.247+0000] {taskinstance.py:430} INFO - ::endgroup::
[2024-07-14T21:48:00.280+0000] {logging_mixin.py:188} INFO - Running command: meltano elt tap-postgres target-csv --transform=run --job_id=extract_postgres_employee_id_2024-07-12
[2024-07-14T21:48:00.290+0000] {logging_mixin.py:188} INFO - Command failed with error: Command 'meltano elt tap-postgres target-csv --transform=run --job_id=extract_postgres_employee_id_2024-07-12' returned non-zero exit status 127.
[2024-07-14T21:48:00.294+0000] {taskinstance.py:441} INFO - ::group::Post task execution logs
[2024-07-14T21:48:00.296+0000] {taskinstance.py:2905} ERROR - Task failed with exception
Traceback (most recent call last):
  File "/home/airflow/.local/lib/python3.12/site-packages/airflow/models/taskinstance.py", line 465, in _execute_task
    result = _execute_callable(context=context, **execute_callable_kwargs)
             ^^^^^^^^^^^^^^^^^^^^^^^^^^^^^^^^^^^^^^^^^^^^^^^^^^^^^^^^^^^^^
  File "/home/airflow/.local/lib/python3.12/site-packages/airflow/models/taskinstance.py", line 432, in _execute_callable
    return execute_callable(context=context, **execute_callable_kwargs)
           ^^^^^^^^^^^^^^^^^^^^^^^^^^^^^^^^^^^^^^^^^^^^^^^^^^^^^^^^^^^^
  File "/home/airflow/.local/lib/python3.12/site-packages/airflow/models/baseoperator.py", line 401, in wrapper
    return func(self, *args, **kwargs)
           ^^^^^^^^^^^^^^^^^^^^^^^^^^^
  File "/home/airflow/.local/lib/python3.12/site-packages/airflow/operators/python.py", line 235, in execute
    return_value = self.execute_callable()
                   ^^^^^^^^^^^^^^^^^^^^^^^
  File "/home/airflow/.local/lib/python3.12/site-packages/airflow/operators/python.py", line 252, in execute_callable
    return self.python_callable(*self.op_args, **self.op_kwargs)
           ^^^^^^^^^^^^^^^^^^^^^^^^^^^^^^^^^^^^^^^^^^^^^^^^^^^^^
  File "/opt/airflow/dags/dag_pipeline_northwind.py", line 40, in extract_postgres_table
    result = subprocess.run(extract_command, shell=True, check=True, capture_output=True, text=True)
             ^^^^^^^^^^^^^^^^^^^^^^^^^^^^^^^^^^^^^^^^^^^^^^^^^^^^^^^^^^^^^^^^^^^^^^^^^^^^^^^^^^^^^^^
  File "/usr/local/lib/python3.12/subprocess.py", line 571, in run
    raise CalledProcessError(retcode, process.args,
subprocess.CalledProcessError: Command 'meltano elt tap-postgres target-csv --transform=run --job_id=extract_postgres_employee_id_2024-07-12' returned non-zero exit status 127.
[2024-07-14T21:48:00.348+0000] {taskinstance.py:1206} INFO - Marking task as UP_FOR_RETRY. dag_id=dag_pipeline_northwind, task_id=extract_postgres_employee_id, run_id=scheduled__2024-07-12T00:00:00+00:00, execution_date=20240712T000000, start_date=20240714T214759, end_date=20240714T214800
[2024-07-14T21:48:00.390+0000] {standard_task_runner.py:110} ERROR - Failed to execute job 5733 for task extract_postgres_employee_id (Command 'meltano elt tap-postgres target-csv --transform=run --job_id=extract_postgres_employee_id_2024-07-12' returned non-zero exit status 127.; 352)
[2024-07-14T21:48:00.443+0000] {local_task_job_runner.py:240} INFO - Task exited with return code 1
[2024-07-14T21:48:00.464+0000] {local_task_job_runner.py:222} INFO - ::endgroup::
