[2024-07-01T01:30:50.408+0000] {local_task_job_runner.py:120} INFO - ::group::Pre task execution logs
[2024-07-01T01:30:50.496+0000] {taskinstance.py:2076} INFO - Dependencies all met for dep_context=non-requeueable deps ti=<TaskInstance: dag_northwind.extract_postgres scheduled__2024-04-14T00:00:00+00:00 [queued]>
[2024-07-01T01:30:50.510+0000] {taskinstance.py:2076} INFO - Dependencies all met for dep_context=requeueable deps ti=<TaskInstance: dag_northwind.extract_postgres scheduled__2024-04-14T00:00:00+00:00 [queued]>
[2024-07-01T01:30:50.512+0000] {taskinstance.py:2306} INFO - Starting attempt 1 of 2
[2024-07-01T01:30:50.622+0000] {taskinstance.py:2330} INFO - Executing <Task(BashOperator): extract_postgres> on 2024-04-14 00:00:00+00:00
[2024-07-01T01:30:50.635+0000] {logging_mixin.py:188} WARNING - /home/airflow/.local/lib/python3.12/site-packages/airflow/task/task_runner/standard_task_runner.py:61 DeprecationWarning: This process (pid=1251) is multi-threaded, use of fork() may lead to deadlocks in the child.
[2024-07-01T01:30:50.635+0000] {standard_task_runner.py:90} INFO - Running: ['airflow', 'tasks', 'run', 'dag_northwind', 'extract_postgres', 'scheduled__2024-04-14T00:00:00+00:00', '--job-id', '729', '--raw', '--subdir', 'DAGS_FOLDER/dag_northwind.py', '--cfg-path', '/tmp/tmpengmkcft']
[2024-07-01T01:30:50.639+0000] {standard_task_runner.py:63} INFO - Started process 1264 to run task
[2024-07-01T01:30:50.640+0000] {standard_task_runner.py:91} INFO - Job 729: Subtask extract_postgres
[2024-07-01T01:30:50.769+0000] {task_command.py:426} INFO - Running <TaskInstance: dag_northwind.extract_postgres scheduled__2024-04-14T00:00:00+00:00 [running]> on host 05d913303710
[2024-07-01T01:30:50.903+0000] {taskinstance.py:2648} INFO - Exporting env vars: AIRFLOW_CTX_DAG_OWNER='airflow' AIRFLOW_CTX_DAG_ID='dag_northwind' AIRFLOW_CTX_TASK_ID='extract_postgres' AIRFLOW_CTX_EXECUTION_DATE='2024-04-14T00:00:00+00:00' AIRFLOW_CTX_TRY_NUMBER='1' AIRFLOW_CTX_DAG_RUN_ID='scheduled__2024-04-14T00:00:00+00:00'
[2024-07-01T01:30:50.905+0000] {taskinstance.py:430} INFO - ::endgroup::
[2024-07-01T01:30:50.941+0000] {subprocess.py:63} INFO - Tmp dir root location: /tmp
[2024-07-01T01:30:50.943+0000] {subprocess.py:75} INFO - Running command: ['/usr/bin/bash', '-c', 'meltano elt tap-postgres target-csv --job_id=extract_postgres_2024-04-14 && mkdir -p /data/postgres/2024-04-14 && mv /project/output/tap-postgres/*.csv /data/postgres/2024-04-14/']
[2024-07-01T01:30:50.976+0000] {subprocess.py:86} INFO - Output:
[2024-07-01T01:30:50.981+0000] {subprocess.py:93} INFO - /usr/bin/bash: line 1: meltano: command not found
[2024-07-01T01:30:50.982+0000] {subprocess.py:97} INFO - Command exited with return code 127
[2024-07-01T01:30:50.984+0000] {taskinstance.py:441} INFO - ::group::Post task execution logs
[2024-07-01T01:30:51.005+0000] {taskinstance.py:2905} ERROR - Task failed with exception
Traceback (most recent call last):
  File "/home/airflow/.local/lib/python3.12/site-packages/airflow/models/taskinstance.py", line 465, in _execute_task
    result = _execute_callable(context=context, **execute_callable_kwargs)
             ^^^^^^^^^^^^^^^^^^^^^^^^^^^^^^^^^^^^^^^^^^^^^^^^^^^^^^^^^^^^^
  File "/home/airflow/.local/lib/python3.12/site-packages/airflow/models/taskinstance.py", line 432, in _execute_callable
    return execute_callable(context=context, **execute_callable_kwargs)
           ^^^^^^^^^^^^^^^^^^^^^^^^^^^^^^^^^^^^^^^^^^^^^^^^^^^^^^^^^^^^
  File "/home/airflow/.local/lib/python3.12/site-packages/airflow/models/baseoperator.py", line 401, in wrapper
    return func(self, *args, **kwargs)
           ^^^^^^^^^^^^^^^^^^^^^^^^^^^
  File "/home/airflow/.local/lib/python3.12/site-packages/airflow/operators/bash.py", line 243, in execute
    raise AirflowException(
airflow.exceptions.AirflowException: Bash command failed. The command returned a non-zero exit code 127.
[2024-07-01T01:30:51.016+0000] {taskinstance.py:1206} INFO - Marking task as UP_FOR_RETRY. dag_id=dag_northwind, task_id=extract_postgres, run_id=scheduled__2024-04-14T00:00:00+00:00, execution_date=20240414T000000, start_date=20240701T013050, end_date=20240701T013051
[2024-07-01T01:30:51.052+0000] {standard_task_runner.py:110} ERROR - Failed to execute job 729 for task extract_postgres (Bash command failed. The command returned a non-zero exit code 127.; 1264)
[2024-07-01T01:30:51.100+0000] {local_task_job_runner.py:240} INFO - Task exited with return code 1
[2024-07-01T01:30:51.150+0000] {taskinstance.py:3503} INFO - 0 downstream tasks scheduled from follow-on schedule check
[2024-07-01T01:30:51.152+0000] {local_task_job_runner.py:222} INFO - ::endgroup::
[2024-07-01T10:32:00.306+0000] {local_task_job_runner.py:120} INFO - ::group::Pre task execution logs
[2024-07-01T10:32:00.390+0000] {taskinstance.py:2076} INFO - Dependencies all met for dep_context=non-requeueable deps ti=<TaskInstance: dag_northwind.extract_postgres scheduled__2024-04-14T00:00:00+00:00 [queued]>
[2024-07-01T10:32:00.408+0000] {taskinstance.py:2076} INFO - Dependencies all met for dep_context=requeueable deps ti=<TaskInstance: dag_northwind.extract_postgres scheduled__2024-04-14T00:00:00+00:00 [queued]>
[2024-07-01T10:32:00.409+0000] {taskinstance.py:2306} INFO - Starting attempt 1 of 2
[2024-07-01T10:32:00.553+0000] {taskinstance.py:2330} INFO - Executing <Task(BashOperator): extract_postgres> on 2024-04-14 00:00:00+00:00
[2024-07-01T10:32:00.569+0000] {logging_mixin.py:188} WARNING - /home/airflow/.local/lib/python3.12/site-packages/airflow/task/task_runner/standard_task_runner.py:61 DeprecationWarning: This process (pid=6835) is multi-threaded, use of fork() may lead to deadlocks in the child.
[2024-07-01T10:32:00.567+0000] {standard_task_runner.py:90} INFO - Running: ['airflow', 'tasks', 'run', 'dag_northwind', 'extract_postgres', 'scheduled__2024-04-14T00:00:00+00:00', '--job-id', '1276', '--raw', '--subdir', 'DAGS_FOLDER/dag_northwind.py', '--cfg-path', '/tmp/tmpe9aji3hw']
[2024-07-01T10:32:00.572+0000] {standard_task_runner.py:91} INFO - Job 1276: Subtask extract_postgres
[2024-07-01T10:32:00.571+0000] {standard_task_runner.py:63} INFO - Started process 6849 to run task
[2024-07-01T10:32:00.671+0000] {task_command.py:426} INFO - Running <TaskInstance: dag_northwind.extract_postgres scheduled__2024-04-14T00:00:00+00:00 [running]> on host 85c6ea7cd9cf
[2024-07-01T10:32:00.825+0000] {taskinstance.py:2648} INFO - Exporting env vars: AIRFLOW_CTX_DAG_OWNER='airflow' AIRFLOW_CTX_DAG_ID='dag_northwind' AIRFLOW_CTX_TASK_ID='extract_postgres' AIRFLOW_CTX_EXECUTION_DATE='2024-04-14T00:00:00+00:00' AIRFLOW_CTX_TRY_NUMBER='1' AIRFLOW_CTX_DAG_RUN_ID='scheduled__2024-04-14T00:00:00+00:00'
[2024-07-01T10:32:00.828+0000] {taskinstance.py:430} INFO - ::endgroup::
[2024-07-01T10:32:00.867+0000] {subprocess.py:63} INFO - Tmp dir root location: /tmp
[2024-07-01T10:32:00.869+0000] {subprocess.py:75} INFO - Running command: ['/usr/bin/bash', '-c', 'meltano elt tap-postgres target-csv --job_id=extract_postgres_2024-04-14 && mkdir -p /data/postgres/2024-04-14 && mv /project/output/tap-postgres/*.csv /data/postgres/2024-04-14/']
[2024-07-01T10:32:00.886+0000] {subprocess.py:86} INFO - Output:
[2024-07-01T10:32:00.887+0000] {subprocess.py:93} INFO - /usr/bin/bash: line 1: meltano: command not found
[2024-07-01T10:32:00.888+0000] {subprocess.py:97} INFO - Command exited with return code 127
[2024-07-01T10:32:00.890+0000] {taskinstance.py:441} INFO - ::group::Post task execution logs
[2024-07-01T10:32:00.909+0000] {taskinstance.py:2905} ERROR - Task failed with exception
Traceback (most recent call last):
  File "/home/airflow/.local/lib/python3.12/site-packages/airflow/models/taskinstance.py", line 465, in _execute_task
    result = _execute_callable(context=context, **execute_callable_kwargs)
             ^^^^^^^^^^^^^^^^^^^^^^^^^^^^^^^^^^^^^^^^^^^^^^^^^^^^^^^^^^^^^
  File "/home/airflow/.local/lib/python3.12/site-packages/airflow/models/taskinstance.py", line 432, in _execute_callable
    return execute_callable(context=context, **execute_callable_kwargs)
           ^^^^^^^^^^^^^^^^^^^^^^^^^^^^^^^^^^^^^^^^^^^^^^^^^^^^^^^^^^^^
  File "/home/airflow/.local/lib/python3.12/site-packages/airflow/models/baseoperator.py", line 401, in wrapper
    return func(self, *args, **kwargs)
           ^^^^^^^^^^^^^^^^^^^^^^^^^^^
  File "/home/airflow/.local/lib/python3.12/site-packages/airflow/operators/bash.py", line 243, in execute
    raise AirflowException(
airflow.exceptions.AirflowException: Bash command failed. The command returned a non-zero exit code 127.
[2024-07-01T10:32:00.918+0000] {taskinstance.py:1206} INFO - Marking task as UP_FOR_RETRY. dag_id=dag_northwind, task_id=extract_postgres, run_id=scheduled__2024-04-14T00:00:00+00:00, execution_date=20240414T000000, start_date=20240701T103200, end_date=20240701T103200
[2024-07-01T10:32:01.104+0000] {standard_task_runner.py:110} ERROR - Failed to execute job 1276 for task extract_postgres (Bash command failed. The command returned a non-zero exit code 127.; 6849)
[2024-07-01T10:32:01.157+0000] {local_task_job_runner.py:240} INFO - Task exited with return code 1
[2024-07-01T10:32:01.180+0000] {local_task_job_runner.py:222} INFO - ::endgroup::
