[2024-07-01T01:25:30.721+0000] {local_task_job_runner.py:120} INFO - ::group::Pre task execution logs
[2024-07-01T01:25:30.827+0000] {taskinstance.py:2076} INFO - Dependencies all met for dep_context=non-requeueable deps ti=<TaskInstance: dag_northwind.extract_csv scheduled__2024-03-08T00:00:00+00:00 [queued]>
[2024-07-01T01:25:30.843+0000] {taskinstance.py:2076} INFO - Dependencies all met for dep_context=requeueable deps ti=<TaskInstance: dag_northwind.extract_csv scheduled__2024-03-08T00:00:00+00:00 [queued]>
[2024-07-01T01:25:30.844+0000] {taskinstance.py:2306} INFO - Starting attempt 2 of 2
[2024-07-01T01:25:30.911+0000] {taskinstance.py:2330} INFO - Executing <Task(BashOperator): extract_csv> on 2024-03-08 00:00:00+00:00
[2024-07-01T01:25:30.948+0000] {logging_mixin.py:188} WARNING - /home/airflow/.local/lib/python3.12/site-packages/airflow/task/task_runner/standard_task_runner.py:61 DeprecationWarning: This process (pid=766) is multi-threaded, use of fork() may lead to deadlocks in the child.
[2024-07-01T01:25:30.951+0000] {standard_task_runner.py:63} INFO - Started process 780 to run task
[2024-07-01T01:25:30.949+0000] {standard_task_runner.py:90} INFO - Running: ['airflow', 'tasks', 'run', 'dag_northwind', 'extract_csv', 'scheduled__2024-03-08T00:00:00+00:00', '--job-id', '623', '--raw', '--subdir', 'DAGS_FOLDER/dag_northwind.py', '--cfg-path', '/tmp/tmp_o972erk']
[2024-07-01T01:25:30.957+0000] {standard_task_runner.py:91} INFO - Job 623: Subtask extract_csv
[2024-07-01T01:25:31.171+0000] {task_command.py:426} INFO - Running <TaskInstance: dag_northwind.extract_csv scheduled__2024-03-08T00:00:00+00:00 [running]> on host 05d913303710
[2024-07-01T01:25:31.383+0000] {taskinstance.py:2648} INFO - Exporting env vars: AIRFLOW_CTX_DAG_OWNER='airflow' AIRFLOW_CTX_DAG_ID='dag_northwind' AIRFLOW_CTX_TASK_ID='extract_csv' AIRFLOW_CTX_EXECUTION_DATE='2024-03-08T00:00:00+00:00' AIRFLOW_CTX_TRY_NUMBER='2' AIRFLOW_CTX_DAG_RUN_ID='scheduled__2024-03-08T00:00:00+00:00'
[2024-07-01T01:25:31.384+0000] {taskinstance.py:430} INFO - ::endgroup::
[2024-07-01T01:25:31.446+0000] {subprocess.py:63} INFO - Tmp dir root location: /tmp
[2024-07-01T01:25:31.456+0000] {subprocess.py:75} INFO - Running command: ['/usr/bin/bash', '-c', 'meltano elt tap-csv target-csv --job_id=extract_csv_2024-03-08 && mkdir -p /data/csv/2024-03-08 && mv /project/output/tap-csv/*.csv /data/csv/2024-03-08/']
[2024-07-01T01:25:31.529+0000] {subprocess.py:86} INFO - Output:
[2024-07-01T01:25:31.542+0000] {subprocess.py:93} INFO - /usr/bin/bash: line 1: meltano: command not found
[2024-07-01T01:25:31.557+0000] {subprocess.py:97} INFO - Command exited with return code 127
[2024-07-01T01:25:31.559+0000] {taskinstance.py:441} INFO - ::group::Post task execution logs
[2024-07-01T01:25:31.600+0000] {taskinstance.py:2905} ERROR - Task failed with exception
Traceback (most recent call last):
  File "/home/airflow/.local/lib/python3.12/site-packages/airflow/models/taskinstance.py", line 465, in _execute_task
    result = _execute_callable(context=context, **execute_callable_kwargs)
             ^^^^^^^^^^^^^^^^^^^^^^^^^^^^^^^^^^^^^^^^^^^^^^^^^^^^^^^^^^^^^
  File "/home/airflow/.local/lib/python3.12/site-packages/airflow/models/taskinstance.py", line 432, in _execute_callable
    return execute_callable(context=context, **execute_callable_kwargs)
           ^^^^^^^^^^^^^^^^^^^^^^^^^^^^^^^^^^^^^^^^^^^^^^^^^^^^^^^^^^^^
  File "/home/airflow/.local/lib/python3.12/site-packages/airflow/models/baseoperator.py", line 401, in wrapper
    return func(self, *args, **kwargs)
           ^^^^^^^^^^^^^^^^^^^^^^^^^^^
  File "/home/airflow/.local/lib/python3.12/site-packages/airflow/operators/bash.py", line 243, in execute
    raise AirflowException(
airflow.exceptions.AirflowException: Bash command failed. The command returned a non-zero exit code 127.
[2024-07-01T01:25:31.630+0000] {taskinstance.py:1206} INFO - Marking task as FAILED. dag_id=dag_northwind, task_id=extract_csv, run_id=scheduled__2024-03-08T00:00:00+00:00, execution_date=20240308T000000, start_date=20240701T012530, end_date=20240701T012531
[2024-07-01T01:25:31.921+0000] {standard_task_runner.py:110} ERROR - Failed to execute job 623 for task extract_csv (Bash command failed. The command returned a non-zero exit code 127.; 780)
[2024-07-01T01:25:31.951+0000] {local_task_job_runner.py:240} INFO - Task exited with return code 1
[2024-07-01T01:25:32.041+0000] {taskinstance.py:3503} INFO - 0 downstream tasks scheduled from follow-on schedule check
[2024-07-01T01:25:32.088+0000] {local_task_job_runner.py:222} INFO - ::endgroup::
[2024-07-01T10:26:37.587+0000] {local_task_job_runner.py:120} INFO - ::group::Pre task execution logs
[2024-07-01T10:26:37.670+0000] {taskinstance.py:2076} INFO - Dependencies all met for dep_context=non-requeueable deps ti=<TaskInstance: dag_northwind.extract_csv scheduled__2024-03-08T00:00:00+00:00 [queued]>
[2024-07-01T10:26:37.699+0000] {taskinstance.py:2076} INFO - Dependencies all met for dep_context=requeueable deps ti=<TaskInstance: dag_northwind.extract_csv scheduled__2024-03-08T00:00:00+00:00 [queued]>
[2024-07-01T10:26:37.700+0000] {taskinstance.py:2306} INFO - Starting attempt 2 of 2
[2024-07-01T10:26:37.979+0000] {taskinstance.py:2330} INFO - Executing <Task(BashOperator): extract_csv> on 2024-03-08 00:00:00+00:00
[2024-07-01T10:26:37.995+0000] {logging_mixin.py:188} WARNING - /home/airflow/.local/lib/python3.12/site-packages/airflow/task/task_runner/standard_task_runner.py:61 DeprecationWarning: This process (pid=6355) is multi-threaded, use of fork() may lead to deadlocks in the child.
[2024-07-01T10:26:37.998+0000] {standard_task_runner.py:63} INFO - Started process 6376 to run task
[2024-07-01T10:26:37.995+0000] {standard_task_runner.py:90} INFO - Running: ['airflow', 'tasks', 'run', 'dag_northwind', 'extract_csv', 'scheduled__2024-03-08T00:00:00+00:00', '--job-id', '1170', '--raw', '--subdir', 'DAGS_FOLDER/dag_northwind.py', '--cfg-path', '/tmp/tmp_9f7a9fz']
[2024-07-01T10:26:38.013+0000] {standard_task_runner.py:91} INFO - Job 1170: Subtask extract_csv
[2024-07-01T10:26:38.124+0000] {task_command.py:426} INFO - Running <TaskInstance: dag_northwind.extract_csv scheduled__2024-03-08T00:00:00+00:00 [running]> on host 85c6ea7cd9cf
[2024-07-01T10:26:38.307+0000] {taskinstance.py:2648} INFO - Exporting env vars: AIRFLOW_CTX_DAG_OWNER='airflow' AIRFLOW_CTX_DAG_ID='dag_northwind' AIRFLOW_CTX_TASK_ID='extract_csv' AIRFLOW_CTX_EXECUTION_DATE='2024-03-08T00:00:00+00:00' AIRFLOW_CTX_TRY_NUMBER='2' AIRFLOW_CTX_DAG_RUN_ID='scheduled__2024-03-08T00:00:00+00:00'
[2024-07-01T10:26:38.309+0000] {taskinstance.py:430} INFO - ::endgroup::
[2024-07-01T10:26:38.349+0000] {subprocess.py:63} INFO - Tmp dir root location: /tmp
[2024-07-01T10:26:38.350+0000] {subprocess.py:75} INFO - Running command: ['/usr/bin/bash', '-c', 'meltano elt tap-csv target-csv --job_id=extract_csv_2024-03-08 && mkdir -p /data/csv/2024-03-08 && mv /project/output/tap-csv/*.csv /data/csv/2024-03-08/']
[2024-07-01T10:26:38.371+0000] {subprocess.py:86} INFO - Output:
[2024-07-01T10:26:38.378+0000] {subprocess.py:93} INFO - /usr/bin/bash: line 1: meltano: command not found
[2024-07-01T10:26:38.380+0000] {subprocess.py:97} INFO - Command exited with return code 127
[2024-07-01T10:26:38.382+0000] {taskinstance.py:441} INFO - ::group::Post task execution logs
[2024-07-01T10:26:38.406+0000] {taskinstance.py:2905} ERROR - Task failed with exception
Traceback (most recent call last):
  File "/home/airflow/.local/lib/python3.12/site-packages/airflow/models/taskinstance.py", line 465, in _execute_task
    result = _execute_callable(context=context, **execute_callable_kwargs)
             ^^^^^^^^^^^^^^^^^^^^^^^^^^^^^^^^^^^^^^^^^^^^^^^^^^^^^^^^^^^^^
  File "/home/airflow/.local/lib/python3.12/site-packages/airflow/models/taskinstance.py", line 432, in _execute_callable
    return execute_callable(context=context, **execute_callable_kwargs)
           ^^^^^^^^^^^^^^^^^^^^^^^^^^^^^^^^^^^^^^^^^^^^^^^^^^^^^^^^^^^^
  File "/home/airflow/.local/lib/python3.12/site-packages/airflow/models/baseoperator.py", line 401, in wrapper
    return func(self, *args, **kwargs)
           ^^^^^^^^^^^^^^^^^^^^^^^^^^^
  File "/home/airflow/.local/lib/python3.12/site-packages/airflow/operators/bash.py", line 243, in execute
    raise AirflowException(
airflow.exceptions.AirflowException: Bash command failed. The command returned a non-zero exit code 127.
[2024-07-01T10:26:38.417+0000] {taskinstance.py:1206} INFO - Marking task as FAILED. dag_id=dag_northwind, task_id=extract_csv, run_id=scheduled__2024-03-08T00:00:00+00:00, execution_date=20240308T000000, start_date=20240701T102637, end_date=20240701T102638
[2024-07-01T10:26:38.445+0000] {standard_task_runner.py:110} ERROR - Failed to execute job 1170 for task extract_csv (Bash command failed. The command returned a non-zero exit code 127.; 6376)
[2024-07-01T10:26:38.465+0000] {local_task_job_runner.py:240} INFO - Task exited with return code 1
[2024-07-01T10:26:38.477+0000] {local_task_job_runner.py:222} INFO - ::endgroup::
