[2024-07-12T18:11:55.433+0000] {local_task_job_runner.py:120} INFO - ::group::Pre task execution logs
[2024-07-12T18:11:55.544+0000] {taskinstance.py:2076} INFO - Dependencies all met for dep_context=non-requeueable deps ti=<TaskInstance: dag_pipeline_northwind.extract_postgres_supplier_id scheduled__2024-07-10T00:00:00+00:00 [queued]>
[2024-07-12T18:11:55.587+0000] {taskinstance.py:2076} INFO - Dependencies all met for dep_context=requeueable deps ti=<TaskInstance: dag_pipeline_northwind.extract_postgres_supplier_id scheduled__2024-07-10T00:00:00+00:00 [queued]>
[2024-07-12T18:11:55.593+0000] {taskinstance.py:2306} INFO - Starting attempt 1 of 2
[2024-07-12T18:11:55.673+0000] {taskinstance.py:2330} INFO - Executing <Task(PythonOperator): extract_postgres_supplier_id> on 2024-07-10 00:00:00+00:00
[2024-07-12T18:11:55.702+0000] {standard_task_runner.py:90} INFO - Running: ['airflow', 'tasks', 'run', 'dag_pipeline_northwind', 'extract_postgres_supplier_id', 'scheduled__2024-07-10T00:00:00+00:00', '--job-id', '5363', '--raw', '--subdir', 'DAGS_FOLDER/dag_pipeline_northwind.py', '--cfg-path', '/tmp/tmp5qypna9t']
[2024-07-12T18:11:55.722+0000] {standard_task_runner.py:91} INFO - Job 5363: Subtask extract_postgres_supplier_id
[2024-07-12T18:11:55.727+0000] {logging_mixin.py:188} WARNING - /home/airflow/.local/lib/python3.12/site-packages/airflow/task/task_runner/standard_task_runner.py:61 DeprecationWarning: This process (pid=239) is multi-threaded, use of fork() may lead to deadlocks in the child.
[2024-07-12T18:11:55.732+0000] {standard_task_runner.py:63} INFO - Started process 254 to run task
[2024-07-12T18:11:55.948+0000] {task_command.py:426} INFO - Running <TaskInstance: dag_pipeline_northwind.extract_postgres_supplier_id scheduled__2024-07-10T00:00:00+00:00 [running]> on host 93f47577b87b
[2024-07-12T18:11:56.348+0000] {taskinstance.py:2648} INFO - Exporting env vars: AIRFLOW_CTX_DAG_OWNER='airflow' AIRFLOW_CTX_DAG_ID='dag_pipeline_northwind' AIRFLOW_CTX_TASK_ID='extract_postgres_supplier_id' AIRFLOW_CTX_EXECUTION_DATE='2024-07-10T00:00:00+00:00' AIRFLOW_CTX_TRY_NUMBER='1' AIRFLOW_CTX_DAG_RUN_ID='scheduled__2024-07-10T00:00:00+00:00'
[2024-07-12T18:11:56.350+0000] {taskinstance.py:430} INFO - ::endgroup::
[2024-07-12T18:11:56.426+0000] {logging_mixin.py:188} INFO - Running command: meltano elt tap-postgres target-csv --transform=run --job_id=extract_postgres_supplier_id_2024-07-10
[2024-07-12T18:11:56.459+0000] {logging_mixin.py:188} INFO - Command failed with error: Command 'meltano elt tap-postgres target-csv --transform=run --job_id=extract_postgres_supplier_id_2024-07-10' returned non-zero exit status 127.
[2024-07-12T18:11:56.460+0000] {taskinstance.py:441} INFO - ::group::Post task execution logs
[2024-07-12T18:11:56.462+0000] {taskinstance.py:2905} ERROR - Task failed with exception
Traceback (most recent call last):
  File "/home/airflow/.local/lib/python3.12/site-packages/airflow/models/taskinstance.py", line 465, in _execute_task
    result = _execute_callable(context=context, **execute_callable_kwargs)
             ^^^^^^^^^^^^^^^^^^^^^^^^^^^^^^^^^^^^^^^^^^^^^^^^^^^^^^^^^^^^^
  File "/home/airflow/.local/lib/python3.12/site-packages/airflow/models/taskinstance.py", line 432, in _execute_callable
    return execute_callable(context=context, **execute_callable_kwargs)
           ^^^^^^^^^^^^^^^^^^^^^^^^^^^^^^^^^^^^^^^^^^^^^^^^^^^^^^^^^^^^
  File "/home/airflow/.local/lib/python3.12/site-packages/airflow/models/baseoperator.py", line 401, in wrapper
    return func(self, *args, **kwargs)
           ^^^^^^^^^^^^^^^^^^^^^^^^^^^
  File "/home/airflow/.local/lib/python3.12/site-packages/airflow/operators/python.py", line 235, in execute
    return_value = self.execute_callable()
                   ^^^^^^^^^^^^^^^^^^^^^^^
  File "/home/airflow/.local/lib/python3.12/site-packages/airflow/operators/python.py", line 252, in execute_callable
    return self.python_callable(*self.op_args, **self.op_kwargs)
           ^^^^^^^^^^^^^^^^^^^^^^^^^^^^^^^^^^^^^^^^^^^^^^^^^^^^^
  File "/opt/airflow/dags/dag_pipeline_northwind.py", line 40, in extract_postgres_table
    result = subprocess.run(extract_command, shell=True, check=True, capture_output=True, text=True)
             ^^^^^^^^^^^^^^^^^^^^^^^^^^^^^^^^^^^^^^^^^^^^^^^^^^^^^^^^^^^^^^^^^^^^^^^^^^^^^^^^^^^^^^^
  File "/usr/local/lib/python3.12/subprocess.py", line 571, in run
    raise CalledProcessError(retcode, process.args,
subprocess.CalledProcessError: Command 'meltano elt tap-postgres target-csv --transform=run --job_id=extract_postgres_supplier_id_2024-07-10' returned non-zero exit status 127.
[2024-07-12T18:11:56.496+0000] {taskinstance.py:1206} INFO - Marking task as UP_FOR_RETRY. dag_id=dag_pipeline_northwind, task_id=extract_postgres_supplier_id, run_id=scheduled__2024-07-10T00:00:00+00:00, execution_date=20240710T000000, start_date=20240712T181155, end_date=20240712T181156
[2024-07-12T18:11:56.555+0000] {standard_task_runner.py:110} ERROR - Failed to execute job 5363 for task extract_postgres_supplier_id (Command 'meltano elt tap-postgres target-csv --transform=run --job_id=extract_postgres_supplier_id_2024-07-10' returned non-zero exit status 127.; 254)
[2024-07-12T18:11:56.577+0000] {local_task_job_runner.py:240} INFO - Task exited with return code 1
[2024-07-12T18:11:56.603+0000] {local_task_job_runner.py:222} INFO - ::endgroup::
[2024-07-12T18:31:53.910+0000] {local_task_job_runner.py:120} INFO - ::group::Pre task execution logs
[2024-07-12T18:31:54.033+0000] {taskinstance.py:2076} INFO - Dependencies all met for dep_context=non-requeueable deps ti=<TaskInstance: dag_pipeline_northwind.extract_postgres_supplier_id scheduled__2024-07-10T00:00:00+00:00 [queued]>
[2024-07-12T18:31:54.050+0000] {taskinstance.py:2076} INFO - Dependencies all met for dep_context=requeueable deps ti=<TaskInstance: dag_pipeline_northwind.extract_postgres_supplier_id scheduled__2024-07-10T00:00:00+00:00 [queued]>
[2024-07-12T18:31:54.050+0000] {taskinstance.py:2306} INFO - Starting attempt 1 of 2
[2024-07-12T18:31:54.088+0000] {taskinstance.py:2330} INFO - Executing <Task(PythonOperator): extract_postgres_supplier_id> on 2024-07-10 00:00:00+00:00
[2024-07-12T18:31:54.103+0000] {standard_task_runner.py:90} INFO - Running: ['airflow', 'tasks', 'run', 'dag_pipeline_northwind', 'extract_postgres_supplier_id', 'scheduled__2024-07-10T00:00:00+00:00', '--job-id', '5440', '--raw', '--subdir', 'DAGS_FOLDER/dag_pipeline_northwind.py', '--cfg-path', '/tmp/tmpjt7x9h_g']
[2024-07-12T18:31:54.111+0000] {standard_task_runner.py:91} INFO - Job 5440: Subtask extract_postgres_supplier_id
[2024-07-12T18:31:54.152+0000] {logging_mixin.py:188} WARNING - /home/airflow/.local/lib/python3.12/site-packages/airflow/task/task_runner/standard_task_runner.py:61 DeprecationWarning: This process (pid=256) is multi-threaded, use of fork() may lead to deadlocks in the child.
[2024-07-12T18:31:54.156+0000] {standard_task_runner.py:63} INFO - Started process 263 to run task
[2024-07-12T18:31:54.302+0000] {task_command.py:426} INFO - Running <TaskInstance: dag_pipeline_northwind.extract_postgres_supplier_id scheduled__2024-07-10T00:00:00+00:00 [running]> on host da29552222cb
[2024-07-12T18:31:54.586+0000] {taskinstance.py:2648} INFO - Exporting env vars: AIRFLOW_CTX_DAG_OWNER='airflow' AIRFLOW_CTX_DAG_ID='dag_pipeline_northwind' AIRFLOW_CTX_TASK_ID='extract_postgres_supplier_id' AIRFLOW_CTX_EXECUTION_DATE='2024-07-10T00:00:00+00:00' AIRFLOW_CTX_TRY_NUMBER='1' AIRFLOW_CTX_DAG_RUN_ID='scheduled__2024-07-10T00:00:00+00:00'
[2024-07-12T18:31:54.590+0000] {taskinstance.py:430} INFO - ::endgroup::
[2024-07-12T18:31:54.625+0000] {logging_mixin.py:188} INFO - Running command: meltano elt tap-postgres target-csv --transform=run --job_id=extract_postgres_supplier_id_2024-07-10
[2024-07-12T18:31:54.655+0000] {logging_mixin.py:188} INFO - Command failed with error: Command 'meltano elt tap-postgres target-csv --transform=run --job_id=extract_postgres_supplier_id_2024-07-10' returned non-zero exit status 127.
[2024-07-12T18:31:54.656+0000] {taskinstance.py:441} INFO - ::group::Post task execution logs
[2024-07-12T18:31:54.657+0000] {taskinstance.py:2905} ERROR - Task failed with exception
Traceback (most recent call last):
  File "/home/airflow/.local/lib/python3.12/site-packages/airflow/models/taskinstance.py", line 465, in _execute_task
    result = _execute_callable(context=context, **execute_callable_kwargs)
             ^^^^^^^^^^^^^^^^^^^^^^^^^^^^^^^^^^^^^^^^^^^^^^^^^^^^^^^^^^^^^
  File "/home/airflow/.local/lib/python3.12/site-packages/airflow/models/taskinstance.py", line 432, in _execute_callable
    return execute_callable(context=context, **execute_callable_kwargs)
           ^^^^^^^^^^^^^^^^^^^^^^^^^^^^^^^^^^^^^^^^^^^^^^^^^^^^^^^^^^^^
  File "/home/airflow/.local/lib/python3.12/site-packages/airflow/models/baseoperator.py", line 401, in wrapper
    return func(self, *args, **kwargs)
           ^^^^^^^^^^^^^^^^^^^^^^^^^^^
  File "/home/airflow/.local/lib/python3.12/site-packages/airflow/operators/python.py", line 235, in execute
    return_value = self.execute_callable()
                   ^^^^^^^^^^^^^^^^^^^^^^^
  File "/home/airflow/.local/lib/python3.12/site-packages/airflow/operators/python.py", line 252, in execute_callable
    return self.python_callable(*self.op_args, **self.op_kwargs)
           ^^^^^^^^^^^^^^^^^^^^^^^^^^^^^^^^^^^^^^^^^^^^^^^^^^^^^
  File "/opt/airflow/dags/dag_pipeline_northwind.py", line 40, in extract_postgres_table
    result = subprocess.run(extract_command, shell=True, check=True, capture_output=True, text=True)
             ^^^^^^^^^^^^^^^^^^^^^^^^^^^^^^^^^^^^^^^^^^^^^^^^^^^^^^^^^^^^^^^^^^^^^^^^^^^^^^^^^^^^^^^
  File "/usr/local/lib/python3.12/subprocess.py", line 571, in run
    raise CalledProcessError(retcode, process.args,
subprocess.CalledProcessError: Command 'meltano elt tap-postgres target-csv --transform=run --job_id=extract_postgres_supplier_id_2024-07-10' returned non-zero exit status 127.
[2024-07-12T18:31:54.693+0000] {taskinstance.py:1206} INFO - Marking task as UP_FOR_RETRY. dag_id=dag_pipeline_northwind, task_id=extract_postgres_supplier_id, run_id=scheduled__2024-07-10T00:00:00+00:00, execution_date=20240710T000000, start_date=20240712T183154, end_date=20240712T183154
[2024-07-12T18:31:54.727+0000] {standard_task_runner.py:110} ERROR - Failed to execute job 5440 for task extract_postgres_supplier_id (Command 'meltano elt tap-postgres target-csv --transform=run --job_id=extract_postgres_supplier_id_2024-07-10' returned non-zero exit status 127.; 263)
[2024-07-12T18:31:54.790+0000] {local_task_job_runner.py:240} INFO - Task exited with return code 1
[2024-07-12T18:31:54.876+0000] {taskinstance.py:3503} INFO - 0 downstream tasks scheduled from follow-on schedule check
[2024-07-12T18:31:54.892+0000] {local_task_job_runner.py:222} INFO - ::endgroup::
[2024-07-12T19:04:21.794+0000] {local_task_job_runner.py:120} INFO - ::group::Pre task execution logs
[2024-07-12T19:04:21.956+0000] {taskinstance.py:2076} INFO - Dependencies all met for dep_context=non-requeueable deps ti=<TaskInstance: dag_pipeline_northwind.extract_postgres_supplier_id scheduled__2024-07-10T00:00:00+00:00 [queued]>
[2024-07-12T19:04:21.981+0000] {taskinstance.py:2076} INFO - Dependencies all met for dep_context=requeueable deps ti=<TaskInstance: dag_pipeline_northwind.extract_postgres_supplier_id scheduled__2024-07-10T00:00:00+00:00 [queued]>
[2024-07-12T19:04:21.982+0000] {taskinstance.py:2306} INFO - Starting attempt 1 of 2
[2024-07-12T19:04:22.153+0000] {taskinstance.py:2330} INFO - Executing <Task(PythonOperator): extract_postgres_supplier_id> on 2024-07-10 00:00:00+00:00
[2024-07-12T19:04:22.190+0000] {standard_task_runner.py:90} INFO - Running: ['airflow', 'tasks', 'run', 'dag_pipeline_northwind', 'extract_postgres_supplier_id', 'scheduled__2024-07-10T00:00:00+00:00', '--job-id', '5565', '--raw', '--subdir', 'DAGS_FOLDER/dag_pipeline_northwind.py', '--cfg-path', '/tmp/tmpgok6ufh2']
[2024-07-12T19:04:22.197+0000] {standard_task_runner.py:91} INFO - Job 5565: Subtask extract_postgres_supplier_id
[2024-07-12T19:04:22.202+0000] {logging_mixin.py:188} WARNING - /home/airflow/.local/lib/python3.12/site-packages/airflow/task/task_runner/standard_task_runner.py:61 DeprecationWarning: This process (pid=235) is multi-threaded, use of fork() may lead to deadlocks in the child.
[2024-07-12T19:04:22.209+0000] {standard_task_runner.py:63} INFO - Started process 260 to run task
[2024-07-12T19:04:22.361+0000] {task_command.py:426} INFO - Running <TaskInstance: dag_pipeline_northwind.extract_postgres_supplier_id scheduled__2024-07-10T00:00:00+00:00 [running]> on host 5ef7300ef9b1
[2024-07-12T19:04:22.663+0000] {taskinstance.py:2648} INFO - Exporting env vars: AIRFLOW_CTX_DAG_OWNER='airflow' AIRFLOW_CTX_DAG_ID='dag_pipeline_northwind' AIRFLOW_CTX_TASK_ID='extract_postgres_supplier_id' AIRFLOW_CTX_EXECUTION_DATE='2024-07-10T00:00:00+00:00' AIRFLOW_CTX_TRY_NUMBER='1' AIRFLOW_CTX_DAG_RUN_ID='scheduled__2024-07-10T00:00:00+00:00'
[2024-07-12T19:04:22.669+0000] {taskinstance.py:430} INFO - ::endgroup::
[2024-07-12T19:04:22.723+0000] {logging_mixin.py:188} INFO - Running command: meltano elt tap-postgres target-csv --transform=run --job_id=extract_postgres_supplier_id_2024-07-10
[2024-07-12T19:04:22.745+0000] {logging_mixin.py:188} INFO - Command failed with error: Command 'meltano elt tap-postgres target-csv --transform=run --job_id=extract_postgres_supplier_id_2024-07-10' returned non-zero exit status 127.
[2024-07-12T19:04:22.749+0000] {taskinstance.py:441} INFO - ::group::Post task execution logs
[2024-07-12T19:04:22.753+0000] {taskinstance.py:2905} ERROR - Task failed with exception
Traceback (most recent call last):
  File "/home/airflow/.local/lib/python3.12/site-packages/airflow/models/taskinstance.py", line 465, in _execute_task
    result = _execute_callable(context=context, **execute_callable_kwargs)
             ^^^^^^^^^^^^^^^^^^^^^^^^^^^^^^^^^^^^^^^^^^^^^^^^^^^^^^^^^^^^^
  File "/home/airflow/.local/lib/python3.12/site-packages/airflow/models/taskinstance.py", line 432, in _execute_callable
    return execute_callable(context=context, **execute_callable_kwargs)
           ^^^^^^^^^^^^^^^^^^^^^^^^^^^^^^^^^^^^^^^^^^^^^^^^^^^^^^^^^^^^
  File "/home/airflow/.local/lib/python3.12/site-packages/airflow/models/baseoperator.py", line 401, in wrapper
    return func(self, *args, **kwargs)
           ^^^^^^^^^^^^^^^^^^^^^^^^^^^
  File "/home/airflow/.local/lib/python3.12/site-packages/airflow/operators/python.py", line 235, in execute
    return_value = self.execute_callable()
                   ^^^^^^^^^^^^^^^^^^^^^^^
  File "/home/airflow/.local/lib/python3.12/site-packages/airflow/operators/python.py", line 252, in execute_callable
    return self.python_callable(*self.op_args, **self.op_kwargs)
           ^^^^^^^^^^^^^^^^^^^^^^^^^^^^^^^^^^^^^^^^^^^^^^^^^^^^^
  File "/opt/airflow/dags/dag_pipeline_northwind.py", line 40, in extract_postgres_table
    result = subprocess.run(extract_command, shell=True, check=True, capture_output=True, text=True)
             ^^^^^^^^^^^^^^^^^^^^^^^^^^^^^^^^^^^^^^^^^^^^^^^^^^^^^^^^^^^^^^^^^^^^^^^^^^^^^^^^^^^^^^^
  File "/usr/local/lib/python3.12/subprocess.py", line 571, in run
    raise CalledProcessError(retcode, process.args,
subprocess.CalledProcessError: Command 'meltano elt tap-postgres target-csv --transform=run --job_id=extract_postgres_supplier_id_2024-07-10' returned non-zero exit status 127.
[2024-07-12T19:04:22.797+0000] {taskinstance.py:1206} INFO - Marking task as UP_FOR_RETRY. dag_id=dag_pipeline_northwind, task_id=extract_postgres_supplier_id, run_id=scheduled__2024-07-10T00:00:00+00:00, execution_date=20240710T000000, start_date=20240712T190421, end_date=20240712T190422
[2024-07-12T19:04:22.850+0000] {standard_task_runner.py:110} ERROR - Failed to execute job 5565 for task extract_postgres_supplier_id (Command 'meltano elt tap-postgres target-csv --transform=run --job_id=extract_postgres_supplier_id_2024-07-10' returned non-zero exit status 127.; 260)
[2024-07-12T19:04:22.890+0000] {local_task_job_runner.py:240} INFO - Task exited with return code 1
[2024-07-12T19:04:22.916+0000] {local_task_job_runner.py:222} INFO - ::endgroup::
[2024-07-14T21:47:54.863+0000] {local_task_job_runner.py:120} INFO - ::group::Pre task execution logs
[2024-07-14T21:47:54.990+0000] {taskinstance.py:2076} INFO - Dependencies all met for dep_context=non-requeueable deps ti=<TaskInstance: dag_pipeline_northwind.extract_postgres_supplier_id scheduled__2024-07-10T00:00:00+00:00 [queued]>
[2024-07-14T21:47:55.025+0000] {taskinstance.py:2076} INFO - Dependencies all met for dep_context=requeueable deps ti=<TaskInstance: dag_pipeline_northwind.extract_postgres_supplier_id scheduled__2024-07-10T00:00:00+00:00 [queued]>
[2024-07-14T21:47:55.026+0000] {taskinstance.py:2306} INFO - Starting attempt 1 of 2
[2024-07-14T21:47:55.079+0000] {taskinstance.py:2330} INFO - Executing <Task(PythonOperator): extract_postgres_supplier_id> on 2024-07-10 00:00:00+00:00
[2024-07-14T21:47:55.094+0000] {standard_task_runner.py:90} INFO - Running: ['airflow', 'tasks', 'run', 'dag_pipeline_northwind', 'extract_postgres_supplier_id', 'scheduled__2024-07-10T00:00:00+00:00', '--job-id', '5696', '--raw', '--subdir', 'DAGS_FOLDER/dag_pipeline_northwind.py', '--cfg-path', '/tmp/tmprqswlz0m']
[2024-07-14T21:47:55.099+0000] {standard_task_runner.py:91} INFO - Job 5696: Subtask extract_postgres_supplier_id
[2024-07-14T21:47:55.113+0000] {logging_mixin.py:188} WARNING - /home/airflow/.local/lib/python3.12/site-packages/airflow/task/task_runner/standard_task_runner.py:61 DeprecationWarning: This process (pid=246) is multi-threaded, use of fork() may lead to deadlocks in the child.
[2024-07-14T21:47:55.115+0000] {standard_task_runner.py:63} INFO - Started process 252 to run task
[2024-07-14T21:47:55.239+0000] {task_command.py:426} INFO - Running <TaskInstance: dag_pipeline_northwind.extract_postgres_supplier_id scheduled__2024-07-10T00:00:00+00:00 [running]> on host ee4b7f7f7c3e
[2024-07-14T21:47:55.532+0000] {taskinstance.py:2648} INFO - Exporting env vars: AIRFLOW_CTX_DAG_OWNER='airflow' AIRFLOW_CTX_DAG_ID='dag_pipeline_northwind' AIRFLOW_CTX_TASK_ID='extract_postgres_supplier_id' AIRFLOW_CTX_EXECUTION_DATE='2024-07-10T00:00:00+00:00' AIRFLOW_CTX_TRY_NUMBER='1' AIRFLOW_CTX_DAG_RUN_ID='scheduled__2024-07-10T00:00:00+00:00'
[2024-07-14T21:47:55.535+0000] {taskinstance.py:430} INFO - ::endgroup::
[2024-07-14T21:47:55.706+0000] {logging_mixin.py:188} INFO - Running command: meltano elt tap-postgres target-csv --transform=run --job_id=extract_postgres_supplier_id_2024-07-10
[2024-07-14T21:47:55.732+0000] {logging_mixin.py:188} INFO - Command failed with error: Command 'meltano elt tap-postgres target-csv --transform=run --job_id=extract_postgres_supplier_id_2024-07-10' returned non-zero exit status 127.
[2024-07-14T21:47:55.733+0000] {taskinstance.py:441} INFO - ::group::Post task execution logs
[2024-07-14T21:47:55.736+0000] {taskinstance.py:2905} ERROR - Task failed with exception
Traceback (most recent call last):
  File "/home/airflow/.local/lib/python3.12/site-packages/airflow/models/taskinstance.py", line 465, in _execute_task
    result = _execute_callable(context=context, **execute_callable_kwargs)
             ^^^^^^^^^^^^^^^^^^^^^^^^^^^^^^^^^^^^^^^^^^^^^^^^^^^^^^^^^^^^^
  File "/home/airflow/.local/lib/python3.12/site-packages/airflow/models/taskinstance.py", line 432, in _execute_callable
    return execute_callable(context=context, **execute_callable_kwargs)
           ^^^^^^^^^^^^^^^^^^^^^^^^^^^^^^^^^^^^^^^^^^^^^^^^^^^^^^^^^^^^
  File "/home/airflow/.local/lib/python3.12/site-packages/airflow/models/baseoperator.py", line 401, in wrapper
    return func(self, *args, **kwargs)
           ^^^^^^^^^^^^^^^^^^^^^^^^^^^
  File "/home/airflow/.local/lib/python3.12/site-packages/airflow/operators/python.py", line 235, in execute
    return_value = self.execute_callable()
                   ^^^^^^^^^^^^^^^^^^^^^^^
  File "/home/airflow/.local/lib/python3.12/site-packages/airflow/operators/python.py", line 252, in execute_callable
    return self.python_callable(*self.op_args, **self.op_kwargs)
           ^^^^^^^^^^^^^^^^^^^^^^^^^^^^^^^^^^^^^^^^^^^^^^^^^^^^^
  File "/opt/airflow/dags/dag_pipeline_northwind.py", line 40, in extract_postgres_table
    result = subprocess.run(extract_command, shell=True, check=True, capture_output=True, text=True)
             ^^^^^^^^^^^^^^^^^^^^^^^^^^^^^^^^^^^^^^^^^^^^^^^^^^^^^^^^^^^^^^^^^^^^^^^^^^^^^^^^^^^^^^^
  File "/usr/local/lib/python3.12/subprocess.py", line 571, in run
    raise CalledProcessError(retcode, process.args,
subprocess.CalledProcessError: Command 'meltano elt tap-postgres target-csv --transform=run --job_id=extract_postgres_supplier_id_2024-07-10' returned non-zero exit status 127.
[2024-07-14T21:47:55.808+0000] {taskinstance.py:1206} INFO - Marking task as UP_FOR_RETRY. dag_id=dag_pipeline_northwind, task_id=extract_postgres_supplier_id, run_id=scheduled__2024-07-10T00:00:00+00:00, execution_date=20240710T000000, start_date=20240714T214754, end_date=20240714T214755
[2024-07-14T21:47:55.920+0000] {standard_task_runner.py:110} ERROR - Failed to execute job 5696 for task extract_postgres_supplier_id (Command 'meltano elt tap-postgres target-csv --transform=run --job_id=extract_postgres_supplier_id_2024-07-10' returned non-zero exit status 127.; 252)
[2024-07-14T21:47:55.949+0000] {local_task_job_runner.py:240} INFO - Task exited with return code 1
[2024-07-14T21:47:55.993+0000] {local_task_job_runner.py:222} INFO - ::endgroup::
