[2024-07-13T00:00:02.499+0000] {local_task_job_runner.py:120} INFO - ::group::Pre task execution logs
[2024-07-13T00:00:02.611+0000] {taskinstance.py:2076} INFO - Dependencies all met for dep_context=non-requeueable deps ti=<TaskInstance: dag_pipeline_northwind.extract_postgres_supplier_id scheduled__2024-07-12T00:00:00+00:00 [queued]>
[2024-07-13T00:00:02.647+0000] {taskinstance.py:2076} INFO - Dependencies all met for dep_context=requeueable deps ti=<TaskInstance: dag_pipeline_northwind.extract_postgres_supplier_id scheduled__2024-07-12T00:00:00+00:00 [queued]>
[2024-07-13T00:00:02.649+0000] {taskinstance.py:2306} INFO - Starting attempt 1 of 2
[2024-07-13T00:00:02.701+0000] {taskinstance.py:2330} INFO - Executing <Task(PythonOperator): extract_postgres_supplier_id> on 2024-07-12 00:00:00+00:00
[2024-07-13T00:00:02.725+0000] {logging_mixin.py:188} WARNING - /home/airflow/.local/lib/python3.12/site-packages/airflow/task/task_runner/standard_task_runner.py:61 DeprecationWarning: This process (pid=3364) is multi-threaded, use of fork() may lead to deadlocks in the child.
[2024-07-13T00:00:02.729+0000] {standard_task_runner.py:63} INFO - Started process 3381 to run task
[2024-07-13T00:00:02.722+0000] {standard_task_runner.py:90} INFO - Running: ['airflow', 'tasks', 'run', 'dag_pipeline_northwind', 'extract_postgres_supplier_id', 'scheduled__2024-07-12T00:00:00+00:00', '--job-id', '5631', '--raw', '--subdir', 'DAGS_FOLDER/dag_pipeline_northwind.py', '--cfg-path', '/tmp/tmph8ly4fz5']
[2024-07-13T00:00:02.734+0000] {standard_task_runner.py:91} INFO - Job 5631: Subtask extract_postgres_supplier_id
[2024-07-13T00:00:02.898+0000] {task_command.py:426} INFO - Running <TaskInstance: dag_pipeline_northwind.extract_postgres_supplier_id scheduled__2024-07-12T00:00:00+00:00 [running]> on host 5ef7300ef9b1
[2024-07-13T00:00:03.142+0000] {taskinstance.py:2648} INFO - Exporting env vars: AIRFLOW_CTX_DAG_OWNER='airflow' AIRFLOW_CTX_DAG_ID='dag_pipeline_northwind' AIRFLOW_CTX_TASK_ID='extract_postgres_supplier_id' AIRFLOW_CTX_EXECUTION_DATE='2024-07-12T00:00:00+00:00' AIRFLOW_CTX_TRY_NUMBER='1' AIRFLOW_CTX_DAG_RUN_ID='scheduled__2024-07-12T00:00:00+00:00'
[2024-07-13T00:00:03.144+0000] {taskinstance.py:430} INFO - ::endgroup::
[2024-07-13T00:00:03.164+0000] {logging_mixin.py:188} INFO - Running command: meltano elt tap-postgres target-csv --transform=run --job_id=extract_postgres_supplier_id_2024-07-12
[2024-07-13T00:00:03.168+0000] {logging_mixin.py:188} INFO - Command failed with error: Command 'meltano elt tap-postgres target-csv --transform=run --job_id=extract_postgres_supplier_id_2024-07-12' returned non-zero exit status 127.
[2024-07-13T00:00:03.169+0000] {taskinstance.py:441} INFO - ::group::Post task execution logs
[2024-07-13T00:00:03.170+0000] {taskinstance.py:2905} ERROR - Task failed with exception
Traceback (most recent call last):
  File "/home/airflow/.local/lib/python3.12/site-packages/airflow/models/taskinstance.py", line 465, in _execute_task
    result = _execute_callable(context=context, **execute_callable_kwargs)
             ^^^^^^^^^^^^^^^^^^^^^^^^^^^^^^^^^^^^^^^^^^^^^^^^^^^^^^^^^^^^^
  File "/home/airflow/.local/lib/python3.12/site-packages/airflow/models/taskinstance.py", line 432, in _execute_callable
    return execute_callable(context=context, **execute_callable_kwargs)
           ^^^^^^^^^^^^^^^^^^^^^^^^^^^^^^^^^^^^^^^^^^^^^^^^^^^^^^^^^^^^
  File "/home/airflow/.local/lib/python3.12/site-packages/airflow/models/baseoperator.py", line 401, in wrapper
    return func(self, *args, **kwargs)
           ^^^^^^^^^^^^^^^^^^^^^^^^^^^
  File "/home/airflow/.local/lib/python3.12/site-packages/airflow/operators/python.py", line 235, in execute
    return_value = self.execute_callable()
                   ^^^^^^^^^^^^^^^^^^^^^^^
  File "/home/airflow/.local/lib/python3.12/site-packages/airflow/operators/python.py", line 252, in execute_callable
    return self.python_callable(*self.op_args, **self.op_kwargs)
           ^^^^^^^^^^^^^^^^^^^^^^^^^^^^^^^^^^^^^^^^^^^^^^^^^^^^^
  File "/opt/airflow/dags/dag_pipeline_northwind.py", line 40, in extract_postgres_table
    result = subprocess.run(extract_command, shell=True, check=True, capture_output=True, text=True)
             ^^^^^^^^^^^^^^^^^^^^^^^^^^^^^^^^^^^^^^^^^^^^^^^^^^^^^^^^^^^^^^^^^^^^^^^^^^^^^^^^^^^^^^^
  File "/usr/local/lib/python3.12/subprocess.py", line 571, in run
    raise CalledProcessError(retcode, process.args,
subprocess.CalledProcessError: Command 'meltano elt tap-postgres target-csv --transform=run --job_id=extract_postgres_supplier_id_2024-07-12' returned non-zero exit status 127.
[2024-07-13T00:00:03.188+0000] {taskinstance.py:1206} INFO - Marking task as UP_FOR_RETRY. dag_id=dag_pipeline_northwind, task_id=extract_postgres_supplier_id, run_id=scheduled__2024-07-12T00:00:00+00:00, execution_date=20240712T000000, start_date=20240713T000002, end_date=20240713T000003
[2024-07-13T00:00:03.204+0000] {standard_task_runner.py:110} ERROR - Failed to execute job 5631 for task extract_postgres_supplier_id (Command 'meltano elt tap-postgres target-csv --transform=run --job_id=extract_postgres_supplier_id_2024-07-12' returned non-zero exit status 127.; 3381)
[2024-07-13T00:00:03.234+0000] {local_task_job_runner.py:240} INFO - Task exited with return code 1
[2024-07-13T00:00:03.252+0000] {local_task_job_runner.py:222} INFO - ::endgroup::
[2024-07-14T21:47:57.110+0000] {local_task_job_runner.py:120} INFO - ::group::Pre task execution logs
[2024-07-14T21:47:57.224+0000] {taskinstance.py:2076} INFO - Dependencies all met for dep_context=non-requeueable deps ti=<TaskInstance: dag_pipeline_northwind.extract_postgres_supplier_id scheduled__2024-07-12T00:00:00+00:00 [queued]>
[2024-07-14T21:47:57.249+0000] {taskinstance.py:2076} INFO - Dependencies all met for dep_context=requeueable deps ti=<TaskInstance: dag_pipeline_northwind.extract_postgres_supplier_id scheduled__2024-07-12T00:00:00+00:00 [queued]>
[2024-07-14T21:47:57.255+0000] {taskinstance.py:2306} INFO - Starting attempt 1 of 2
[2024-07-14T21:47:57.309+0000] {taskinstance.py:2330} INFO - Executing <Task(PythonOperator): extract_postgres_supplier_id> on 2024-07-12 00:00:00+00:00
[2024-07-14T21:47:57.324+0000] {logging_mixin.py:188} WARNING - /home/airflow/.local/lib/python3.12/site-packages/airflow/task/task_runner/standard_task_runner.py:61 DeprecationWarning: This process (pid=282) is multi-threaded, use of fork() may lead to deadlocks in the child.
[2024-07-14T21:47:57.325+0000] {standard_task_runner.py:90} INFO - Running: ['airflow', 'tasks', 'run', 'dag_pipeline_northwind', 'extract_postgres_supplier_id', 'scheduled__2024-07-12T00:00:00+00:00', '--job-id', '5720', '--raw', '--subdir', 'DAGS_FOLDER/dag_pipeline_northwind.py', '--cfg-path', '/tmp/tmpsukv2mk6']
[2024-07-14T21:47:57.331+0000] {standard_task_runner.py:63} INFO - Started process 300 to run task
[2024-07-14T21:47:57.332+0000] {standard_task_runner.py:91} INFO - Job 5720: Subtask extract_postgres_supplier_id
[2024-07-14T21:47:57.463+0000] {task_command.py:426} INFO - Running <TaskInstance: dag_pipeline_northwind.extract_postgres_supplier_id scheduled__2024-07-12T00:00:00+00:00 [running]> on host ee4b7f7f7c3e
[2024-07-14T21:47:57.720+0000] {taskinstance.py:2648} INFO - Exporting env vars: AIRFLOW_CTX_DAG_OWNER='airflow' AIRFLOW_CTX_DAG_ID='dag_pipeline_northwind' AIRFLOW_CTX_TASK_ID='extract_postgres_supplier_id' AIRFLOW_CTX_EXECUTION_DATE='2024-07-12T00:00:00+00:00' AIRFLOW_CTX_TRY_NUMBER='1' AIRFLOW_CTX_DAG_RUN_ID='scheduled__2024-07-12T00:00:00+00:00'
[2024-07-14T21:47:57.723+0000] {taskinstance.py:430} INFO - ::endgroup::
[2024-07-14T21:47:57.819+0000] {logging_mixin.py:188} INFO - Running command: meltano elt tap-postgres target-csv --transform=run --job_id=extract_postgres_supplier_id_2024-07-12
[2024-07-14T21:47:57.823+0000] {logging_mixin.py:188} INFO - Command failed with error: Command 'meltano elt tap-postgres target-csv --transform=run --job_id=extract_postgres_supplier_id_2024-07-12' returned non-zero exit status 127.
[2024-07-14T21:47:57.823+0000] {taskinstance.py:441} INFO - ::group::Post task execution logs
[2024-07-14T21:47:57.825+0000] {taskinstance.py:2905} ERROR - Task failed with exception
Traceback (most recent call last):
  File "/home/airflow/.local/lib/python3.12/site-packages/airflow/models/taskinstance.py", line 465, in _execute_task
    result = _execute_callable(context=context, **execute_callable_kwargs)
             ^^^^^^^^^^^^^^^^^^^^^^^^^^^^^^^^^^^^^^^^^^^^^^^^^^^^^^^^^^^^^
  File "/home/airflow/.local/lib/python3.12/site-packages/airflow/models/taskinstance.py", line 432, in _execute_callable
    return execute_callable(context=context, **execute_callable_kwargs)
           ^^^^^^^^^^^^^^^^^^^^^^^^^^^^^^^^^^^^^^^^^^^^^^^^^^^^^^^^^^^^
  File "/home/airflow/.local/lib/python3.12/site-packages/airflow/models/baseoperator.py", line 401, in wrapper
    return func(self, *args, **kwargs)
           ^^^^^^^^^^^^^^^^^^^^^^^^^^^
  File "/home/airflow/.local/lib/python3.12/site-packages/airflow/operators/python.py", line 235, in execute
    return_value = self.execute_callable()
                   ^^^^^^^^^^^^^^^^^^^^^^^
  File "/home/airflow/.local/lib/python3.12/site-packages/airflow/operators/python.py", line 252, in execute_callable
    return self.python_callable(*self.op_args, **self.op_kwargs)
           ^^^^^^^^^^^^^^^^^^^^^^^^^^^^^^^^^^^^^^^^^^^^^^^^^^^^^
  File "/opt/airflow/dags/dag_pipeline_northwind.py", line 40, in extract_postgres_table
    result = subprocess.run(extract_command, shell=True, check=True, capture_output=True, text=True)
             ^^^^^^^^^^^^^^^^^^^^^^^^^^^^^^^^^^^^^^^^^^^^^^^^^^^^^^^^^^^^^^^^^^^^^^^^^^^^^^^^^^^^^^^
  File "/usr/local/lib/python3.12/subprocess.py", line 571, in run
    raise CalledProcessError(retcode, process.args,
subprocess.CalledProcessError: Command 'meltano elt tap-postgres target-csv --transform=run --job_id=extract_postgres_supplier_id_2024-07-12' returned non-zero exit status 127.
[2024-07-14T21:47:57.855+0000] {taskinstance.py:1206} INFO - Marking task as UP_FOR_RETRY. dag_id=dag_pipeline_northwind, task_id=extract_postgres_supplier_id, run_id=scheduled__2024-07-12T00:00:00+00:00, execution_date=20240712T000000, start_date=20240714T214757, end_date=20240714T214757
[2024-07-14T21:47:57.900+0000] {standard_task_runner.py:110} ERROR - Failed to execute job 5720 for task extract_postgres_supplier_id (Command 'meltano elt tap-postgres target-csv --transform=run --job_id=extract_postgres_supplier_id_2024-07-12' returned non-zero exit status 127.; 300)
[2024-07-14T21:47:57.925+0000] {local_task_job_runner.py:240} INFO - Task exited with return code 1
[2024-07-14T21:47:57.944+0000] {local_task_job_runner.py:222} INFO - ::endgroup::
