[2024-07-01T01:09:31.749+0000] {local_task_job_runner.py:120} INFO - ::group::Pre task execution logs
[2024-07-01T01:09:31.857+0000] {taskinstance.py:2076} INFO - Dependencies all met for dep_context=non-requeueable deps ti=<TaskInstance: dag_northwind.extract_postgres scheduled__2024-02-17T00:00:00+00:00 [queued]>
[2024-07-01T01:09:31.898+0000] {taskinstance.py:2076} INFO - Dependencies all met for dep_context=requeueable deps ti=<TaskInstance: dag_northwind.extract_postgres scheduled__2024-02-17T00:00:00+00:00 [queued]>
[2024-07-01T01:09:31.899+0000] {taskinstance.py:2306} INFO - Starting attempt 2 of 2
[2024-07-01T01:09:31.980+0000] {taskinstance.py:2330} INFO - Executing <Task(BashOperator): extract_postgres> on 2024-02-17 00:00:00+00:00
[2024-07-01T01:09:32.028+0000] {logging_mixin.py:188} WARNING - /home/airflow/.local/lib/python3.12/site-packages/airflow/task/task_runner/standard_task_runner.py:61 DeprecationWarning: This process (pid=438) is multi-threaded, use of fork() may lead to deadlocks in the child.
[2024-07-01T01:09:32.874+0000] {standard_task_runner.py:63} INFO - Started process 450 to run task
[2024-07-01T01:09:32.017+0000] {standard_task_runner.py:90} INFO - Running: ['airflow', 'tasks', 'run', 'dag_northwind', 'extract_postgres', 'scheduled__2024-02-17T00:00:00+00:00', '--job-id', '478', '--raw', '--subdir', 'DAGS_FOLDER/dag_northwind.py', '--cfg-path', '/tmp/tmpdr12jcfo']
[2024-07-01T01:09:32.953+0000] {standard_task_runner.py:91} INFO - Job 478: Subtask extract_postgres
[2024-07-01T01:09:37.706+0000] {task_command.py:426} INFO - Running <TaskInstance: dag_northwind.extract_postgres scheduled__2024-02-17T00:00:00+00:00 [running]> on host 580c934a4829
[2024-07-01T01:09:37.922+0000] {taskinstance.py:2648} INFO - Exporting env vars: AIRFLOW_CTX_DAG_OWNER='airflow' AIRFLOW_CTX_DAG_ID='dag_northwind' AIRFLOW_CTX_TASK_ID='extract_postgres' AIRFLOW_CTX_EXECUTION_DATE='2024-02-17T00:00:00+00:00' AIRFLOW_CTX_TRY_NUMBER='2' AIRFLOW_CTX_DAG_RUN_ID='scheduled__2024-02-17T00:00:00+00:00'
[2024-07-01T01:09:37.923+0000] {taskinstance.py:430} INFO - ::endgroup::
[2024-07-01T01:09:37.954+0000] {subprocess.py:63} INFO - Tmp dir root location: /tmp
[2024-07-01T01:09:37.955+0000] {subprocess.py:75} INFO - Running command: ['/usr/bin/bash', '-c', 'meltano elt tap-postgres target-csv --job_id=extract_postgres_2024-02-17 && mkdir -p /data/postgres/2024-02-17 && mv /project/output/tap-postgres/*.csv /data/postgres/2024-02-17/']
[2024-07-01T01:09:37.968+0000] {subprocess.py:86} INFO - Output:
[2024-07-01T01:09:37.983+0000] {subprocess.py:93} INFO - /usr/bin/bash: line 1: meltano: command not found
[2024-07-01T01:09:37.985+0000] {subprocess.py:97} INFO - Command exited with return code 127
[2024-07-01T01:09:37.987+0000] {taskinstance.py:441} INFO - ::group::Post task execution logs
[2024-07-01T01:09:38.029+0000] {taskinstance.py:2905} ERROR - Task failed with exception
Traceback (most recent call last):
  File "/home/airflow/.local/lib/python3.12/site-packages/airflow/models/taskinstance.py", line 465, in _execute_task
    result = _execute_callable(context=context, **execute_callable_kwargs)
             ^^^^^^^^^^^^^^^^^^^^^^^^^^^^^^^^^^^^^^^^^^^^^^^^^^^^^^^^^^^^^
  File "/home/airflow/.local/lib/python3.12/site-packages/airflow/models/taskinstance.py", line 432, in _execute_callable
    return execute_callable(context=context, **execute_callable_kwargs)
           ^^^^^^^^^^^^^^^^^^^^^^^^^^^^^^^^^^^^^^^^^^^^^^^^^^^^^^^^^^^^
  File "/home/airflow/.local/lib/python3.12/site-packages/airflow/models/baseoperator.py", line 401, in wrapper
    return func(self, *args, **kwargs)
           ^^^^^^^^^^^^^^^^^^^^^^^^^^^
  File "/home/airflow/.local/lib/python3.12/site-packages/airflow/operators/bash.py", line 243, in execute
    raise AirflowException(
airflow.exceptions.AirflowException: Bash command failed. The command returned a non-zero exit code 127.
[2024-07-01T01:09:38.043+0000] {taskinstance.py:1206} INFO - Marking task as FAILED. dag_id=dag_northwind, task_id=extract_postgres, run_id=scheduled__2024-02-17T00:00:00+00:00, execution_date=20240217T000000, start_date=20240701T010931, end_date=20240701T010938
[2024-07-01T01:09:38.098+0000] {standard_task_runner.py:110} ERROR - Failed to execute job 478 for task extract_postgres (Bash command failed. The command returned a non-zero exit code 127.; 450)
[2024-07-01T01:09:38.140+0000] {local_task_job_runner.py:240} INFO - Task exited with return code 1
[2024-07-01T01:09:38.240+0000] {taskinstance.py:3503} INFO - 0 downstream tasks scheduled from follow-on schedule check
[2024-07-01T01:09:38.264+0000] {local_task_job_runner.py:222} INFO - ::endgroup::
[2024-07-01T10:16:23.973+0000] {local_task_job_runner.py:120} INFO - ::group::Pre task execution logs
[2024-07-01T10:16:24.055+0000] {taskinstance.py:2076} INFO - Dependencies all met for dep_context=non-requeueable deps ti=<TaskInstance: dag_northwind.extract_postgres scheduled__2024-02-17T00:00:00+00:00 [queued]>
[2024-07-01T10:16:24.073+0000] {taskinstance.py:2076} INFO - Dependencies all met for dep_context=requeueable deps ti=<TaskInstance: dag_northwind.extract_postgres scheduled__2024-02-17T00:00:00+00:00 [queued]>
[2024-07-01T10:16:24.074+0000] {taskinstance.py:2306} INFO - Starting attempt 2 of 2
[2024-07-01T10:16:24.103+0000] {taskinstance.py:2330} INFO - Executing <Task(BashOperator): extract_postgres> on 2024-02-17 00:00:00+00:00
[2024-07-01T10:16:24.115+0000] {logging_mixin.py:188} WARNING - /home/airflow/.local/lib/python3.12/site-packages/airflow/task/task_runner/standard_task_runner.py:61 DeprecationWarning: This process (pid=5828) is multi-threaded, use of fork() may lead to deadlocks in the child.
[2024-07-01T10:16:24.117+0000] {standard_task_runner.py:63} INFO - Started process 5847 to run task
[2024-07-01T10:16:24.115+0000] {standard_task_runner.py:90} INFO - Running: ['airflow', 'tasks', 'run', 'dag_northwind', 'extract_postgres', 'scheduled__2024-02-17T00:00:00+00:00', '--job-id', '1063', '--raw', '--subdir', 'DAGS_FOLDER/dag_northwind.py', '--cfg-path', '/tmp/tmpekjv1crp']
[2024-07-01T10:16:24.118+0000] {standard_task_runner.py:91} INFO - Job 1063: Subtask extract_postgres
[2024-07-01T10:16:24.199+0000] {task_command.py:426} INFO - Running <TaskInstance: dag_northwind.extract_postgres scheduled__2024-02-17T00:00:00+00:00 [running]> on host 85c6ea7cd9cf
[2024-07-01T10:16:24.340+0000] {taskinstance.py:2648} INFO - Exporting env vars: AIRFLOW_CTX_DAG_OWNER='airflow' AIRFLOW_CTX_DAG_ID='dag_northwind' AIRFLOW_CTX_TASK_ID='extract_postgres' AIRFLOW_CTX_EXECUTION_DATE='2024-02-17T00:00:00+00:00' AIRFLOW_CTX_TRY_NUMBER='2' AIRFLOW_CTX_DAG_RUN_ID='scheduled__2024-02-17T00:00:00+00:00'
[2024-07-01T10:16:24.341+0000] {taskinstance.py:430} INFO - ::endgroup::
[2024-07-01T10:16:24.367+0000] {subprocess.py:63} INFO - Tmp dir root location: /tmp
[2024-07-01T10:16:24.368+0000] {subprocess.py:75} INFO - Running command: ['/usr/bin/bash', '-c', 'meltano elt tap-postgres target-csv --job_id=extract_postgres_2024-02-17 && mkdir -p /data/postgres/2024-02-17 && mv /project/output/tap-postgres/*.csv /data/postgres/2024-02-17/']
[2024-07-01T10:16:24.381+0000] {subprocess.py:86} INFO - Output:
[2024-07-01T10:16:24.383+0000] {subprocess.py:93} INFO - /usr/bin/bash: line 1: meltano: command not found
[2024-07-01T10:16:24.384+0000] {subprocess.py:97} INFO - Command exited with return code 127
[2024-07-01T10:16:24.385+0000] {taskinstance.py:441} INFO - ::group::Post task execution logs
[2024-07-01T10:16:24.399+0000] {taskinstance.py:2905} ERROR - Task failed with exception
Traceback (most recent call last):
  File "/home/airflow/.local/lib/python3.12/site-packages/airflow/models/taskinstance.py", line 465, in _execute_task
    result = _execute_callable(context=context, **execute_callable_kwargs)
             ^^^^^^^^^^^^^^^^^^^^^^^^^^^^^^^^^^^^^^^^^^^^^^^^^^^^^^^^^^^^^
  File "/home/airflow/.local/lib/python3.12/site-packages/airflow/models/taskinstance.py", line 432, in _execute_callable
    return execute_callable(context=context, **execute_callable_kwargs)
           ^^^^^^^^^^^^^^^^^^^^^^^^^^^^^^^^^^^^^^^^^^^^^^^^^^^^^^^^^^^^
  File "/home/airflow/.local/lib/python3.12/site-packages/airflow/models/baseoperator.py", line 401, in wrapper
    return func(self, *args, **kwargs)
           ^^^^^^^^^^^^^^^^^^^^^^^^^^^
  File "/home/airflow/.local/lib/python3.12/site-packages/airflow/operators/bash.py", line 243, in execute
    raise AirflowException(
airflow.exceptions.AirflowException: Bash command failed. The command returned a non-zero exit code 127.
[2024-07-01T10:16:24.405+0000] {taskinstance.py:1206} INFO - Marking task as FAILED. dag_id=dag_northwind, task_id=extract_postgres, run_id=scheduled__2024-02-17T00:00:00+00:00, execution_date=20240217T000000, start_date=20240701T101624, end_date=20240701T101624
[2024-07-01T10:16:24.421+0000] {standard_task_runner.py:110} ERROR - Failed to execute job 1063 for task extract_postgres (Bash command failed. The command returned a non-zero exit code 127.; 5847)
[2024-07-01T10:16:24.453+0000] {local_task_job_runner.py:240} INFO - Task exited with return code 1
[2024-07-01T10:16:24.465+0000] {local_task_job_runner.py:222} INFO - ::endgroup::
