[2024-07-01T01:41:08.733+0000] {local_task_job_runner.py:120} INFO - ::group::Pre task execution logs
[2024-07-01T01:41:08.851+0000] {taskinstance.py:2076} INFO - Dependencies all met for dep_context=non-requeueable deps ti=<TaskInstance: dag_northwind.extract_postgres scheduled__2024-05-13T00:00:00+00:00 [queued]>
[2024-07-01T01:41:08.873+0000] {taskinstance.py:2076} INFO - Dependencies all met for dep_context=requeueable deps ti=<TaskInstance: dag_northwind.extract_postgres scheduled__2024-05-13T00:00:00+00:00 [queued]>
[2024-07-01T01:41:08.876+0000] {taskinstance.py:2306} INFO - Starting attempt 1 of 2
[2024-07-01T01:41:08.983+0000] {taskinstance.py:2330} INFO - Executing <Task(BashOperator): extract_postgres> on 2024-05-13 00:00:00+00:00
[2024-07-01T01:41:08.997+0000] {logging_mixin.py:188} WARNING - /home/airflow/.local/lib/python3.12/site-packages/airflow/task/task_runner/standard_task_runner.py:61 DeprecationWarning: This process (pid=1835) is multi-threaded, use of fork() may lead to deadlocks in the child.
[2024-07-01T01:41:08.999+0000] {standard_task_runner.py:63} INFO - Started process 1859 to run task
[2024-07-01T01:41:08.997+0000] {standard_task_runner.py:90} INFO - Running: ['airflow', 'tasks', 'run', 'dag_northwind', 'extract_postgres', 'scheduled__2024-05-13T00:00:00+00:00', '--job-id', '852', '--raw', '--subdir', 'DAGS_FOLDER/dag_northwind.py', '--cfg-path', '/tmp/tmpj6sls4re']
[2024-07-01T01:41:09.002+0000] {standard_task_runner.py:91} INFO - Job 852: Subtask extract_postgres
[2024-07-01T01:41:09.120+0000] {task_command.py:426} INFO - Running <TaskInstance: dag_northwind.extract_postgres scheduled__2024-05-13T00:00:00+00:00 [running]> on host 05d913303710
[2024-07-01T01:41:09.283+0000] {taskinstance.py:2648} INFO - Exporting env vars: AIRFLOW_CTX_DAG_OWNER='airflow' AIRFLOW_CTX_DAG_ID='dag_northwind' AIRFLOW_CTX_TASK_ID='extract_postgres' AIRFLOW_CTX_EXECUTION_DATE='2024-05-13T00:00:00+00:00' AIRFLOW_CTX_TRY_NUMBER='1' AIRFLOW_CTX_DAG_RUN_ID='scheduled__2024-05-13T00:00:00+00:00'
[2024-07-01T01:41:09.284+0000] {taskinstance.py:430} INFO - ::endgroup::
[2024-07-01T01:41:09.319+0000] {subprocess.py:63} INFO - Tmp dir root location: /tmp
[2024-07-01T01:41:09.321+0000] {subprocess.py:75} INFO - Running command: ['/usr/bin/bash', '-c', 'meltano elt tap-postgres target-csv --job_id=extract_postgres_2024-05-13 && mkdir -p /data/postgres/2024-05-13 && mv /project/output/tap-postgres/*.csv /data/postgres/2024-05-13/']
[2024-07-01T01:41:09.350+0000] {subprocess.py:86} INFO - Output:
[2024-07-01T01:41:09.354+0000] {subprocess.py:93} INFO - /usr/bin/bash: line 1: meltano: command not found
[2024-07-01T01:41:09.355+0000] {subprocess.py:97} INFO - Command exited with return code 127
[2024-07-01T01:41:09.357+0000] {taskinstance.py:441} INFO - ::group::Post task execution logs
[2024-07-01T01:41:09.381+0000] {taskinstance.py:2905} ERROR - Task failed with exception
Traceback (most recent call last):
  File "/home/airflow/.local/lib/python3.12/site-packages/airflow/models/taskinstance.py", line 465, in _execute_task
    result = _execute_callable(context=context, **execute_callable_kwargs)
             ^^^^^^^^^^^^^^^^^^^^^^^^^^^^^^^^^^^^^^^^^^^^^^^^^^^^^^^^^^^^^
  File "/home/airflow/.local/lib/python3.12/site-packages/airflow/models/taskinstance.py", line 432, in _execute_callable
    return execute_callable(context=context, **execute_callable_kwargs)
           ^^^^^^^^^^^^^^^^^^^^^^^^^^^^^^^^^^^^^^^^^^^^^^^^^^^^^^^^^^^^
  File "/home/airflow/.local/lib/python3.12/site-packages/airflow/models/baseoperator.py", line 401, in wrapper
    return func(self, *args, **kwargs)
           ^^^^^^^^^^^^^^^^^^^^^^^^^^^
  File "/home/airflow/.local/lib/python3.12/site-packages/airflow/operators/bash.py", line 243, in execute
    raise AirflowException(
airflow.exceptions.AirflowException: Bash command failed. The command returned a non-zero exit code 127.
[2024-07-01T01:41:09.391+0000] {taskinstance.py:1206} INFO - Marking task as UP_FOR_RETRY. dag_id=dag_northwind, task_id=extract_postgres, run_id=scheduled__2024-05-13T00:00:00+00:00, execution_date=20240513T000000, start_date=20240701T014108, end_date=20240701T014109
[2024-07-01T01:41:09.429+0000] {standard_task_runner.py:110} ERROR - Failed to execute job 852 for task extract_postgres (Bash command failed. The command returned a non-zero exit code 127.; 1859)
[2024-07-01T01:41:09.460+0000] {local_task_job_runner.py:240} INFO - Task exited with return code 1
[2024-07-01T01:41:09.522+0000] {taskinstance.py:3503} INFO - 0 downstream tasks scheduled from follow-on schedule check
[2024-07-01T01:41:09.525+0000] {local_task_job_runner.py:222} INFO - ::endgroup::
[2024-07-01T10:42:15.622+0000] {local_task_job_runner.py:120} INFO - ::group::Pre task execution logs
[2024-07-01T10:42:15.703+0000] {taskinstance.py:2076} INFO - Dependencies all met for dep_context=non-requeueable deps ti=<TaskInstance: dag_northwind.extract_postgres scheduled__2024-05-13T00:00:00+00:00 [queued]>
[2024-07-01T10:42:15.723+0000] {taskinstance.py:2076} INFO - Dependencies all met for dep_context=requeueable deps ti=<TaskInstance: dag_northwind.extract_postgres scheduled__2024-05-13T00:00:00+00:00 [queued]>
[2024-07-01T10:42:15.724+0000] {taskinstance.py:2306} INFO - Starting attempt 1 of 2
[2024-07-01T10:42:15.772+0000] {taskinstance.py:2330} INFO - Executing <Task(BashOperator): extract_postgres> on 2024-05-13 00:00:00+00:00
[2024-07-01T10:42:15.785+0000] {logging_mixin.py:188} WARNING - /home/airflow/.local/lib/python3.12/site-packages/airflow/task/task_runner/standard_task_runner.py:61 DeprecationWarning: This process (pid=7415) is multi-threaded, use of fork() may lead to deadlocks in the child.
[2024-07-01T10:42:15.787+0000] {standard_task_runner.py:63} INFO - Started process 7439 to run task
[2024-07-01T10:42:15.786+0000] {standard_task_runner.py:90} INFO - Running: ['airflow', 'tasks', 'run', 'dag_northwind', 'extract_postgres', 'scheduled__2024-05-13T00:00:00+00:00', '--job-id', '1398', '--raw', '--subdir', 'DAGS_FOLDER/dag_northwind.py', '--cfg-path', '/tmp/tmpb_if_o1t']
[2024-07-01T10:42:15.791+0000] {standard_task_runner.py:91} INFO - Job 1398: Subtask extract_postgres
[2024-07-01T10:42:15.903+0000] {task_command.py:426} INFO - Running <TaskInstance: dag_northwind.extract_postgres scheduled__2024-05-13T00:00:00+00:00 [running]> on host 85c6ea7cd9cf
[2024-07-01T10:42:16.093+0000] {taskinstance.py:2648} INFO - Exporting env vars: AIRFLOW_CTX_DAG_OWNER='airflow' AIRFLOW_CTX_DAG_ID='dag_northwind' AIRFLOW_CTX_TASK_ID='extract_postgres' AIRFLOW_CTX_EXECUTION_DATE='2024-05-13T00:00:00+00:00' AIRFLOW_CTX_TRY_NUMBER='1' AIRFLOW_CTX_DAG_RUN_ID='scheduled__2024-05-13T00:00:00+00:00'
[2024-07-01T10:42:16.096+0000] {taskinstance.py:430} INFO - ::endgroup::
[2024-07-01T10:42:16.128+0000] {subprocess.py:63} INFO - Tmp dir root location: /tmp
[2024-07-01T10:42:16.129+0000] {subprocess.py:75} INFO - Running command: ['/usr/bin/bash', '-c', 'meltano elt tap-postgres target-csv --job_id=extract_postgres_2024-05-13 && mkdir -p /data/postgres/2024-05-13 && mv /project/output/tap-postgres/*.csv /data/postgres/2024-05-13/']
[2024-07-01T10:42:16.145+0000] {subprocess.py:86} INFO - Output:
[2024-07-01T10:42:16.148+0000] {subprocess.py:93} INFO - /usr/bin/bash: line 1: meltano: command not found
[2024-07-01T10:42:16.149+0000] {subprocess.py:97} INFO - Command exited with return code 127
[2024-07-01T10:42:16.150+0000] {taskinstance.py:441} INFO - ::group::Post task execution logs
[2024-07-01T10:42:16.168+0000] {taskinstance.py:2905} ERROR - Task failed with exception
Traceback (most recent call last):
  File "/home/airflow/.local/lib/python3.12/site-packages/airflow/models/taskinstance.py", line 465, in _execute_task
    result = _execute_callable(context=context, **execute_callable_kwargs)
             ^^^^^^^^^^^^^^^^^^^^^^^^^^^^^^^^^^^^^^^^^^^^^^^^^^^^^^^^^^^^^
  File "/home/airflow/.local/lib/python3.12/site-packages/airflow/models/taskinstance.py", line 432, in _execute_callable
    return execute_callable(context=context, **execute_callable_kwargs)
           ^^^^^^^^^^^^^^^^^^^^^^^^^^^^^^^^^^^^^^^^^^^^^^^^^^^^^^^^^^^^
  File "/home/airflow/.local/lib/python3.12/site-packages/airflow/models/baseoperator.py", line 401, in wrapper
    return func(self, *args, **kwargs)
           ^^^^^^^^^^^^^^^^^^^^^^^^^^^
  File "/home/airflow/.local/lib/python3.12/site-packages/airflow/operators/bash.py", line 243, in execute
    raise AirflowException(
airflow.exceptions.AirflowException: Bash command failed. The command returned a non-zero exit code 127.
[2024-07-01T10:42:16.177+0000] {taskinstance.py:1206} INFO - Marking task as UP_FOR_RETRY. dag_id=dag_northwind, task_id=extract_postgres, run_id=scheduled__2024-05-13T00:00:00+00:00, execution_date=20240513T000000, start_date=20240701T104215, end_date=20240701T104216
[2024-07-01T10:42:16.254+0000] {standard_task_runner.py:110} ERROR - Failed to execute job 1398 for task extract_postgres (Bash command failed. The command returned a non-zero exit code 127.; 7439)
[2024-07-01T10:42:16.287+0000] {local_task_job_runner.py:240} INFO - Task exited with return code 1
[2024-07-01T10:42:16.307+0000] {local_task_job_runner.py:222} INFO - ::endgroup::
