[2024-07-01T01:41:07.920+0000] {local_task_job_runner.py:120} INFO - ::group::Pre task execution logs
[2024-07-01T01:41:07.993+0000] {taskinstance.py:2076} INFO - Dependencies all met for dep_context=non-requeueable deps ti=<TaskInstance: dag_northwind.extract_postgres scheduled__2024-05-10T00:00:00+00:00 [queued]>
[2024-07-01T01:41:08.011+0000] {taskinstance.py:2076} INFO - Dependencies all met for dep_context=requeueable deps ti=<TaskInstance: dag_northwind.extract_postgres scheduled__2024-05-10T00:00:00+00:00 [queued]>
[2024-07-01T01:41:08.012+0000] {taskinstance.py:2306} INFO - Starting attempt 1 of 2
[2024-07-01T01:41:08.169+0000] {taskinstance.py:2330} INFO - Executing <Task(BashOperator): extract_postgres> on 2024-05-10 00:00:00+00:00
[2024-07-01T01:41:08.195+0000] {logging_mixin.py:188} WARNING - /home/airflow/.local/lib/python3.12/site-packages/airflow/task/task_runner/standard_task_runner.py:61 DeprecationWarning: This process (pid=1823) is multi-threaded, use of fork() may lead to deadlocks in the child.
[2024-07-01T01:41:08.193+0000] {standard_task_runner.py:90} INFO - Running: ['airflow', 'tasks', 'run', 'dag_northwind', 'extract_postgres', 'scheduled__2024-05-10T00:00:00+00:00', '--job-id', '846', '--raw', '--subdir', 'DAGS_FOLDER/dag_northwind.py', '--cfg-path', '/tmp/tmpl7pse31t']
[2024-07-01T01:41:08.197+0000] {standard_task_runner.py:63} INFO - Started process 1832 to run task
[2024-07-01T01:41:08.198+0000] {standard_task_runner.py:91} INFO - Job 846: Subtask extract_postgres
[2024-07-01T01:41:08.315+0000] {task_command.py:426} INFO - Running <TaskInstance: dag_northwind.extract_postgres scheduled__2024-05-10T00:00:00+00:00 [running]> on host 05d913303710
[2024-07-01T01:41:08.538+0000] {taskinstance.py:2648} INFO - Exporting env vars: AIRFLOW_CTX_DAG_OWNER='airflow' AIRFLOW_CTX_DAG_ID='dag_northwind' AIRFLOW_CTX_TASK_ID='extract_postgres' AIRFLOW_CTX_EXECUTION_DATE='2024-05-10T00:00:00+00:00' AIRFLOW_CTX_TRY_NUMBER='1' AIRFLOW_CTX_DAG_RUN_ID='scheduled__2024-05-10T00:00:00+00:00'
[2024-07-01T01:41:08.540+0000] {taskinstance.py:430} INFO - ::endgroup::
[2024-07-01T01:41:08.582+0000] {subprocess.py:63} INFO - Tmp dir root location: /tmp
[2024-07-01T01:41:08.584+0000] {subprocess.py:75} INFO - Running command: ['/usr/bin/bash', '-c', 'meltano elt tap-postgres target-csv --job_id=extract_postgres_2024-05-10 && mkdir -p /data/postgres/2024-05-10 && mv /project/output/tap-postgres/*.csv /data/postgres/2024-05-10/']
[2024-07-01T01:41:08.602+0000] {subprocess.py:86} INFO - Output:
[2024-07-01T01:41:08.606+0000] {subprocess.py:93} INFO - /usr/bin/bash: line 1: meltano: command not found
[2024-07-01T01:41:08.607+0000] {subprocess.py:97} INFO - Command exited with return code 127
[2024-07-01T01:41:08.610+0000] {taskinstance.py:441} INFO - ::group::Post task execution logs
[2024-07-01T01:41:08.630+0000] {taskinstance.py:2905} ERROR - Task failed with exception
Traceback (most recent call last):
  File "/home/airflow/.local/lib/python3.12/site-packages/airflow/models/taskinstance.py", line 465, in _execute_task
    result = _execute_callable(context=context, **execute_callable_kwargs)
             ^^^^^^^^^^^^^^^^^^^^^^^^^^^^^^^^^^^^^^^^^^^^^^^^^^^^^^^^^^^^^
  File "/home/airflow/.local/lib/python3.12/site-packages/airflow/models/taskinstance.py", line 432, in _execute_callable
    return execute_callable(context=context, **execute_callable_kwargs)
           ^^^^^^^^^^^^^^^^^^^^^^^^^^^^^^^^^^^^^^^^^^^^^^^^^^^^^^^^^^^^
  File "/home/airflow/.local/lib/python3.12/site-packages/airflow/models/baseoperator.py", line 401, in wrapper
    return func(self, *args, **kwargs)
           ^^^^^^^^^^^^^^^^^^^^^^^^^^^
  File "/home/airflow/.local/lib/python3.12/site-packages/airflow/operators/bash.py", line 243, in execute
    raise AirflowException(
airflow.exceptions.AirflowException: Bash command failed. The command returned a non-zero exit code 127.
[2024-07-01T01:41:08.638+0000] {taskinstance.py:1206} INFO - Marking task as UP_FOR_RETRY. dag_id=dag_northwind, task_id=extract_postgres, run_id=scheduled__2024-05-10T00:00:00+00:00, execution_date=20240510T000000, start_date=20240701T014107, end_date=20240701T014108
[2024-07-01T01:41:08.714+0000] {standard_task_runner.py:110} ERROR - Failed to execute job 846 for task extract_postgres (Bash command failed. The command returned a non-zero exit code 127.; 1832)
[2024-07-01T01:41:08.738+0000] {local_task_job_runner.py:240} INFO - Task exited with return code 1
[2024-07-01T01:41:08.765+0000] {local_task_job_runner.py:222} INFO - ::endgroup::
[2024-07-01T10:42:14.987+0000] {local_task_job_runner.py:120} INFO - ::group::Pre task execution logs
[2024-07-01T10:42:15.072+0000] {taskinstance.py:2076} INFO - Dependencies all met for dep_context=non-requeueable deps ti=<TaskInstance: dag_northwind.extract_postgres scheduled__2024-05-10T00:00:00+00:00 [queued]>
[2024-07-01T10:42:15.093+0000] {taskinstance.py:2076} INFO - Dependencies all met for dep_context=requeueable deps ti=<TaskInstance: dag_northwind.extract_postgres scheduled__2024-05-10T00:00:00+00:00 [queued]>
[2024-07-01T10:42:15.094+0000] {taskinstance.py:2306} INFO - Starting attempt 1 of 2
[2024-07-01T10:42:15.214+0000] {taskinstance.py:2330} INFO - Executing <Task(BashOperator): extract_postgres> on 2024-05-10 00:00:00+00:00
[2024-07-01T10:42:15.229+0000] {logging_mixin.py:188} WARNING - /home/airflow/.local/lib/python3.12/site-packages/airflow/task/task_runner/standard_task_runner.py:61 DeprecationWarning: This process (pid=7401) is multi-threaded, use of fork() may lead to deadlocks in the child.
[2024-07-01T10:42:15.232+0000] {standard_task_runner.py:63} INFO - Started process 7414 to run task
[2024-07-01T10:42:15.229+0000] {standard_task_runner.py:90} INFO - Running: ['airflow', 'tasks', 'run', 'dag_northwind', 'extract_postgres', 'scheduled__2024-05-10T00:00:00+00:00', '--job-id', '1392', '--raw', '--subdir', 'DAGS_FOLDER/dag_northwind.py', '--cfg-path', '/tmp/tmpv2i5o4ka']
[2024-07-01T10:42:15.234+0000] {standard_task_runner.py:91} INFO - Job 1392: Subtask extract_postgres
[2024-07-01T10:42:15.356+0000] {task_command.py:426} INFO - Running <TaskInstance: dag_northwind.extract_postgres scheduled__2024-05-10T00:00:00+00:00 [running]> on host 85c6ea7cd9cf
[2024-07-01T10:42:15.591+0000] {taskinstance.py:2648} INFO - Exporting env vars: AIRFLOW_CTX_DAG_OWNER='airflow' AIRFLOW_CTX_DAG_ID='dag_northwind' AIRFLOW_CTX_TASK_ID='extract_postgres' AIRFLOW_CTX_EXECUTION_DATE='2024-05-10T00:00:00+00:00' AIRFLOW_CTX_TRY_NUMBER='1' AIRFLOW_CTX_DAG_RUN_ID='scheduled__2024-05-10T00:00:00+00:00'
[2024-07-01T10:42:15.596+0000] {taskinstance.py:430} INFO - ::endgroup::
[2024-07-01T10:42:15.632+0000] {subprocess.py:63} INFO - Tmp dir root location: /tmp
[2024-07-01T10:42:15.634+0000] {subprocess.py:75} INFO - Running command: ['/usr/bin/bash', '-c', 'meltano elt tap-postgres target-csv --job_id=extract_postgres_2024-05-10 && mkdir -p /data/postgres/2024-05-10 && mv /project/output/tap-postgres/*.csv /data/postgres/2024-05-10/']
[2024-07-01T10:42:15.663+0000] {subprocess.py:86} INFO - Output:
[2024-07-01T10:42:15.667+0000] {subprocess.py:93} INFO - /usr/bin/bash: line 1: meltano: command not found
[2024-07-01T10:42:15.668+0000] {subprocess.py:97} INFO - Command exited with return code 127
[2024-07-01T10:42:15.670+0000] {taskinstance.py:441} INFO - ::group::Post task execution logs
[2024-07-01T10:42:15.691+0000] {taskinstance.py:2905} ERROR - Task failed with exception
Traceback (most recent call last):
  File "/home/airflow/.local/lib/python3.12/site-packages/airflow/models/taskinstance.py", line 465, in _execute_task
    result = _execute_callable(context=context, **execute_callable_kwargs)
             ^^^^^^^^^^^^^^^^^^^^^^^^^^^^^^^^^^^^^^^^^^^^^^^^^^^^^^^^^^^^^
  File "/home/airflow/.local/lib/python3.12/site-packages/airflow/models/taskinstance.py", line 432, in _execute_callable
    return execute_callable(context=context, **execute_callable_kwargs)
           ^^^^^^^^^^^^^^^^^^^^^^^^^^^^^^^^^^^^^^^^^^^^^^^^^^^^^^^^^^^^
  File "/home/airflow/.local/lib/python3.12/site-packages/airflow/models/baseoperator.py", line 401, in wrapper
    return func(self, *args, **kwargs)
           ^^^^^^^^^^^^^^^^^^^^^^^^^^^
  File "/home/airflow/.local/lib/python3.12/site-packages/airflow/operators/bash.py", line 243, in execute
    raise AirflowException(
airflow.exceptions.AirflowException: Bash command failed. The command returned a non-zero exit code 127.
[2024-07-01T10:42:15.700+0000] {taskinstance.py:1206} INFO - Marking task as UP_FOR_RETRY. dag_id=dag_northwind, task_id=extract_postgres, run_id=scheduled__2024-05-10T00:00:00+00:00, execution_date=20240510T000000, start_date=20240701T104215, end_date=20240701T104215
[2024-07-01T10:42:15.738+0000] {standard_task_runner.py:110} ERROR - Failed to execute job 1392 for task extract_postgres (Bash command failed. The command returned a non-zero exit code 127.; 7414)
[2024-07-01T10:42:15.773+0000] {local_task_job_runner.py:240} INFO - Task exited with return code 1
[2024-07-01T10:42:15.795+0000] {local_task_job_runner.py:222} INFO - ::endgroup::
