[2024-07-12T18:16:57.239+0000] {local_task_job_runner.py:120} INFO - ::group::Pre task execution logs
[2024-07-12T18:16:57.367+0000] {taskinstance.py:2076} INFO - Dependencies all met for dep_context=non-requeueable deps ti=<TaskInstance: dag_pipeline_northwind.extract_postgres_orders scheduled__2024-07-10T00:00:00+00:00 [queued]>
[2024-07-12T18:16:57.388+0000] {taskinstance.py:2076} INFO - Dependencies all met for dep_context=requeueable deps ti=<TaskInstance: dag_pipeline_northwind.extract_postgres_orders scheduled__2024-07-10T00:00:00+00:00 [queued]>
[2024-07-12T18:16:57.389+0000] {taskinstance.py:2306} INFO - Starting attempt 2 of 2
[2024-07-12T18:16:57.460+0000] {taskinstance.py:2330} INFO - Executing <Task(PythonOperator): extract_postgres_orders> on 2024-07-10 00:00:00+00:00
[2024-07-12T18:16:57.489+0000] {standard_task_runner.py:90} INFO - Running: ['airflow', 'tasks', 'run', 'dag_pipeline_northwind', 'extract_postgres_orders', 'scheduled__2024-07-10T00:00:00+00:00', '--job-id', '5399', '--raw', '--subdir', 'DAGS_FOLDER/dag_pipeline_northwind.py', '--cfg-path', '/tmp/tmpncn6w7ep']
[2024-07-12T18:16:57.505+0000] {standard_task_runner.py:91} INFO - Job 5399: Subtask extract_postgres_orders
[2024-07-12T18:16:57.512+0000] {logging_mixin.py:188} WARNING - /home/airflow/.local/lib/python3.12/site-packages/airflow/task/task_runner/standard_task_runner.py:61 DeprecationWarning: This process (pid=215) is multi-threaded, use of fork() may lead to deadlocks in the child.
[2024-07-12T18:16:57.515+0000] {standard_task_runner.py:63} INFO - Started process 230 to run task
[2024-07-12T18:16:57.737+0000] {task_command.py:426} INFO - Running <TaskInstance: dag_pipeline_northwind.extract_postgres_orders scheduled__2024-07-10T00:00:00+00:00 [running]> on host ae84c7ea76bc
[2024-07-12T18:16:58.505+0000] {taskinstance.py:2648} INFO - Exporting env vars: AIRFLOW_CTX_DAG_OWNER='airflow' AIRFLOW_CTX_DAG_ID='dag_pipeline_northwind' AIRFLOW_CTX_TASK_ID='extract_postgres_orders' AIRFLOW_CTX_EXECUTION_DATE='2024-07-10T00:00:00+00:00' AIRFLOW_CTX_TRY_NUMBER='2' AIRFLOW_CTX_DAG_RUN_ID='scheduled__2024-07-10T00:00:00+00:00'
[2024-07-12T18:16:58.508+0000] {taskinstance.py:430} INFO - ::endgroup::
[2024-07-12T18:16:58.563+0000] {logging_mixin.py:188} INFO - Running command: meltano elt tap-postgres target-csv --transform=run --job_id=extract_postgres_orders_2024-07-10
[2024-07-12T18:16:58.612+0000] {logging_mixin.py:188} INFO - Command failed with error: Command 'meltano elt tap-postgres target-csv --transform=run --job_id=extract_postgres_orders_2024-07-10' returned non-zero exit status 127.
[2024-07-12T18:16:58.616+0000] {taskinstance.py:441} INFO - ::group::Post task execution logs
[2024-07-12T18:16:58.617+0000] {taskinstance.py:2905} ERROR - Task failed with exception
Traceback (most recent call last):
  File "/home/airflow/.local/lib/python3.12/site-packages/airflow/models/taskinstance.py", line 465, in _execute_task
    result = _execute_callable(context=context, **execute_callable_kwargs)
             ^^^^^^^^^^^^^^^^^^^^^^^^^^^^^^^^^^^^^^^^^^^^^^^^^^^^^^^^^^^^^
  File "/home/airflow/.local/lib/python3.12/site-packages/airflow/models/taskinstance.py", line 432, in _execute_callable
    return execute_callable(context=context, **execute_callable_kwargs)
           ^^^^^^^^^^^^^^^^^^^^^^^^^^^^^^^^^^^^^^^^^^^^^^^^^^^^^^^^^^^^
  File "/home/airflow/.local/lib/python3.12/site-packages/airflow/models/baseoperator.py", line 401, in wrapper
    return func(self, *args, **kwargs)
           ^^^^^^^^^^^^^^^^^^^^^^^^^^^
  File "/home/airflow/.local/lib/python3.12/site-packages/airflow/operators/python.py", line 235, in execute
    return_value = self.execute_callable()
                   ^^^^^^^^^^^^^^^^^^^^^^^
  File "/home/airflow/.local/lib/python3.12/site-packages/airflow/operators/python.py", line 252, in execute_callable
    return self.python_callable(*self.op_args, **self.op_kwargs)
           ^^^^^^^^^^^^^^^^^^^^^^^^^^^^^^^^^^^^^^^^^^^^^^^^^^^^^
  File "/opt/airflow/dags/dag_pipeline_northwind.py", line 40, in extract_postgres_table
    result = subprocess.run(extract_command, shell=True, check=True, capture_output=True, text=True)
             ^^^^^^^^^^^^^^^^^^^^^^^^^^^^^^^^^^^^^^^^^^^^^^^^^^^^^^^^^^^^^^^^^^^^^^^^^^^^^^^^^^^^^^^
  File "/usr/local/lib/python3.12/subprocess.py", line 571, in run
    raise CalledProcessError(retcode, process.args,
subprocess.CalledProcessError: Command 'meltano elt tap-postgres target-csv --transform=run --job_id=extract_postgres_orders_2024-07-10' returned non-zero exit status 127.
[2024-07-12T18:16:58.659+0000] {taskinstance.py:1206} INFO - Marking task as FAILED. dag_id=dag_pipeline_northwind, task_id=extract_postgres_orders, run_id=scheduled__2024-07-10T00:00:00+00:00, execution_date=20240710T000000, start_date=20240712T181657, end_date=20240712T181658
[2024-07-12T18:16:58.698+0000] {standard_task_runner.py:110} ERROR - Failed to execute job 5399 for task extract_postgres_orders (Command 'meltano elt tap-postgres target-csv --transform=run --job_id=extract_postgres_orders_2024-07-10' returned non-zero exit status 127.; 230)
[2024-07-12T18:16:58.751+0000] {local_task_job_runner.py:240} INFO - Task exited with return code 1
[2024-07-12T18:16:58.772+0000] {local_task_job_runner.py:222} INFO - ::endgroup::
[2024-07-12T18:36:55.901+0000] {local_task_job_runner.py:120} INFO - ::group::Pre task execution logs
[2024-07-12T18:36:56.138+0000] {taskinstance.py:2076} INFO - Dependencies all met for dep_context=non-requeueable deps ti=<TaskInstance: dag_pipeline_northwind.extract_postgres_orders scheduled__2024-07-10T00:00:00+00:00 [queued]>
[2024-07-12T18:36:56.177+0000] {taskinstance.py:2076} INFO - Dependencies all met for dep_context=requeueable deps ti=<TaskInstance: dag_pipeline_northwind.extract_postgres_orders scheduled__2024-07-10T00:00:00+00:00 [queued]>
[2024-07-12T18:36:56.187+0000] {taskinstance.py:2306} INFO - Starting attempt 2 of 2
[2024-07-12T18:36:56.284+0000] {taskinstance.py:2330} INFO - Executing <Task(PythonOperator): extract_postgres_orders> on 2024-07-10 00:00:00+00:00
[2024-07-12T18:36:56.316+0000] {standard_task_runner.py:90} INFO - Running: ['airflow', 'tasks', 'run', 'dag_pipeline_northwind', 'extract_postgres_orders', 'scheduled__2024-07-10T00:00:00+00:00', '--job-id', '5503', '--raw', '--subdir', 'DAGS_FOLDER/dag_pipeline_northwind.py', '--cfg-path', '/tmp/tmp_7i6egxk']
[2024-07-12T18:36:56.334+0000] {standard_task_runner.py:91} INFO - Job 5503: Subtask extract_postgres_orders
[2024-07-12T18:36:56.439+0000] {logging_mixin.py:188} WARNING - /home/airflow/.local/lib/python3.12/site-packages/airflow/task/task_runner/standard_task_runner.py:61 DeprecationWarning: This process (pid=468) is multi-threaded, use of fork() may lead to deadlocks in the child.
[2024-07-12T18:36:56.441+0000] {standard_task_runner.py:63} INFO - Started process 487 to run task
[2024-07-12T18:36:56.487+0000] {task_command.py:426} INFO - Running <TaskInstance: dag_pipeline_northwind.extract_postgres_orders scheduled__2024-07-10T00:00:00+00:00 [running]> on host da29552222cb
[2024-07-12T18:36:56.787+0000] {taskinstance.py:2648} INFO - Exporting env vars: AIRFLOW_CTX_DAG_OWNER='airflow' AIRFLOW_CTX_DAG_ID='dag_pipeline_northwind' AIRFLOW_CTX_TASK_ID='extract_postgres_orders' AIRFLOW_CTX_EXECUTION_DATE='2024-07-10T00:00:00+00:00' AIRFLOW_CTX_TRY_NUMBER='2' AIRFLOW_CTX_DAG_RUN_ID='scheduled__2024-07-10T00:00:00+00:00'
[2024-07-12T18:36:56.793+0000] {taskinstance.py:430} INFO - ::endgroup::
[2024-07-12T18:36:56.827+0000] {logging_mixin.py:188} INFO - Running command: meltano elt tap-postgres target-csv --transform=run --job_id=extract_postgres_orders_2024-07-10
[2024-07-12T18:36:56.832+0000] {logging_mixin.py:188} INFO - Command failed with error: Command 'meltano elt tap-postgres target-csv --transform=run --job_id=extract_postgres_orders_2024-07-10' returned non-zero exit status 127.
[2024-07-12T18:36:56.833+0000] {taskinstance.py:441} INFO - ::group::Post task execution logs
[2024-07-12T18:36:56.835+0000] {taskinstance.py:2905} ERROR - Task failed with exception
Traceback (most recent call last):
  File "/home/airflow/.local/lib/python3.12/site-packages/airflow/models/taskinstance.py", line 465, in _execute_task
    result = _execute_callable(context=context, **execute_callable_kwargs)
             ^^^^^^^^^^^^^^^^^^^^^^^^^^^^^^^^^^^^^^^^^^^^^^^^^^^^^^^^^^^^^
  File "/home/airflow/.local/lib/python3.12/site-packages/airflow/models/taskinstance.py", line 432, in _execute_callable
    return execute_callable(context=context, **execute_callable_kwargs)
           ^^^^^^^^^^^^^^^^^^^^^^^^^^^^^^^^^^^^^^^^^^^^^^^^^^^^^^^^^^^^
  File "/home/airflow/.local/lib/python3.12/site-packages/airflow/models/baseoperator.py", line 401, in wrapper
    return func(self, *args, **kwargs)
           ^^^^^^^^^^^^^^^^^^^^^^^^^^^
  File "/home/airflow/.local/lib/python3.12/site-packages/airflow/operators/python.py", line 235, in execute
    return_value = self.execute_callable()
                   ^^^^^^^^^^^^^^^^^^^^^^^
  File "/home/airflow/.local/lib/python3.12/site-packages/airflow/operators/python.py", line 252, in execute_callable
    return self.python_callable(*self.op_args, **self.op_kwargs)
           ^^^^^^^^^^^^^^^^^^^^^^^^^^^^^^^^^^^^^^^^^^^^^^^^^^^^^
  File "/opt/airflow/dags/dag_pipeline_northwind.py", line 40, in extract_postgres_table
    result = subprocess.run(extract_command, shell=True, check=True, capture_output=True, text=True)
             ^^^^^^^^^^^^^^^^^^^^^^^^^^^^^^^^^^^^^^^^^^^^^^^^^^^^^^^^^^^^^^^^^^^^^^^^^^^^^^^^^^^^^^^
  File "/usr/local/lib/python3.12/subprocess.py", line 571, in run
    raise CalledProcessError(retcode, process.args,
subprocess.CalledProcessError: Command 'meltano elt tap-postgres target-csv --transform=run --job_id=extract_postgres_orders_2024-07-10' returned non-zero exit status 127.
[2024-07-12T18:36:56.878+0000] {taskinstance.py:1206} INFO - Marking task as FAILED. dag_id=dag_pipeline_northwind, task_id=extract_postgres_orders, run_id=scheduled__2024-07-10T00:00:00+00:00, execution_date=20240710T000000, start_date=20240712T183656, end_date=20240712T183656
[2024-07-12T18:36:56.913+0000] {standard_task_runner.py:110} ERROR - Failed to execute job 5503 for task extract_postgres_orders (Command 'meltano elt tap-postgres target-csv --transform=run --job_id=extract_postgres_orders_2024-07-10' returned non-zero exit status 127.; 487)
[2024-07-12T18:36:56.953+0000] {local_task_job_runner.py:240} INFO - Task exited with return code 1
[2024-07-12T18:36:56.997+0000] {taskinstance.py:3503} INFO - 0 downstream tasks scheduled from follow-on schedule check
[2024-07-12T18:36:56.999+0000] {local_task_job_runner.py:222} INFO - ::endgroup::
[2024-07-12T19:09:27.904+0000] {local_task_job_runner.py:120} INFO - ::group::Pre task execution logs
[2024-07-12T19:09:28.098+0000] {taskinstance.py:2076} INFO - Dependencies all met for dep_context=non-requeueable deps ti=<TaskInstance: dag_pipeline_northwind.extract_postgres_orders scheduled__2024-07-10T00:00:00+00:00 [queued]>
[2024-07-12T19:09:28.128+0000] {taskinstance.py:2076} INFO - Dependencies all met for dep_context=requeueable deps ti=<TaskInstance: dag_pipeline_northwind.extract_postgres_orders scheduled__2024-07-10T00:00:00+00:00 [queued]>
[2024-07-12T19:09:28.130+0000] {taskinstance.py:2306} INFO - Starting attempt 2 of 2
[2024-07-12T19:09:28.204+0000] {taskinstance.py:2330} INFO - Executing <Task(PythonOperator): extract_postgres_orders> on 2024-07-10 00:00:00+00:00
[2024-07-12T19:09:28.221+0000] {logging_mixin.py:188} WARNING - /home/airflow/.local/lib/python3.12/site-packages/airflow/task/task_runner/standard_task_runner.py:61 DeprecationWarning: This process (pid=410) is multi-threaded, use of fork() may lead to deadlocks in the child.
[2024-07-12T19:09:28.219+0000] {standard_task_runner.py:90} INFO - Running: ['airflow', 'tasks', 'run', 'dag_pipeline_northwind', 'extract_postgres_orders', 'scheduled__2024-07-10T00:00:00+00:00', '--job-id', '5600', '--raw', '--subdir', 'DAGS_FOLDER/dag_pipeline_northwind.py', '--cfg-path', '/tmp/tmp3n88p_7c']
[2024-07-12T19:09:28.224+0000] {standard_task_runner.py:63} INFO - Started process 426 to run task
[2024-07-12T19:09:28.224+0000] {standard_task_runner.py:91} INFO - Job 5600: Subtask extract_postgres_orders
[2024-07-12T19:09:28.434+0000] {task_command.py:426} INFO - Running <TaskInstance: dag_pipeline_northwind.extract_postgres_orders scheduled__2024-07-10T00:00:00+00:00 [running]> on host 5ef7300ef9b1
[2024-07-12T19:09:28.997+0000] {taskinstance.py:2648} INFO - Exporting env vars: AIRFLOW_CTX_DAG_OWNER='airflow' AIRFLOW_CTX_DAG_ID='dag_pipeline_northwind' AIRFLOW_CTX_TASK_ID='extract_postgres_orders' AIRFLOW_CTX_EXECUTION_DATE='2024-07-10T00:00:00+00:00' AIRFLOW_CTX_TRY_NUMBER='2' AIRFLOW_CTX_DAG_RUN_ID='scheduled__2024-07-10T00:00:00+00:00'
[2024-07-12T19:09:29.002+0000] {taskinstance.py:430} INFO - ::endgroup::
[2024-07-12T19:09:29.119+0000] {logging_mixin.py:188} INFO - Running command: meltano elt tap-postgres target-csv --transform=run --job_id=extract_postgres_orders_2024-07-10
[2024-07-12T19:09:29.246+0000] {logging_mixin.py:188} INFO - Command failed with error: Command 'meltano elt tap-postgres target-csv --transform=run --job_id=extract_postgres_orders_2024-07-10' returned non-zero exit status 127.
[2024-07-12T19:09:29.252+0000] {taskinstance.py:441} INFO - ::group::Post task execution logs
[2024-07-12T19:09:29.253+0000] {taskinstance.py:2905} ERROR - Task failed with exception
Traceback (most recent call last):
  File "/home/airflow/.local/lib/python3.12/site-packages/airflow/models/taskinstance.py", line 465, in _execute_task
    result = _execute_callable(context=context, **execute_callable_kwargs)
             ^^^^^^^^^^^^^^^^^^^^^^^^^^^^^^^^^^^^^^^^^^^^^^^^^^^^^^^^^^^^^
  File "/home/airflow/.local/lib/python3.12/site-packages/airflow/models/taskinstance.py", line 432, in _execute_callable
    return execute_callable(context=context, **execute_callable_kwargs)
           ^^^^^^^^^^^^^^^^^^^^^^^^^^^^^^^^^^^^^^^^^^^^^^^^^^^^^^^^^^^^
  File "/home/airflow/.local/lib/python3.12/site-packages/airflow/models/baseoperator.py", line 401, in wrapper
    return func(self, *args, **kwargs)
           ^^^^^^^^^^^^^^^^^^^^^^^^^^^
  File "/home/airflow/.local/lib/python3.12/site-packages/airflow/operators/python.py", line 235, in execute
    return_value = self.execute_callable()
                   ^^^^^^^^^^^^^^^^^^^^^^^
  File "/home/airflow/.local/lib/python3.12/site-packages/airflow/operators/python.py", line 252, in execute_callable
    return self.python_callable(*self.op_args, **self.op_kwargs)
           ^^^^^^^^^^^^^^^^^^^^^^^^^^^^^^^^^^^^^^^^^^^^^^^^^^^^^
  File "/opt/airflow/dags/dag_pipeline_northwind.py", line 40, in extract_postgres_table
    result = subprocess.run(extract_command, shell=True, check=True, capture_output=True, text=True)
             ^^^^^^^^^^^^^^^^^^^^^^^^^^^^^^^^^^^^^^^^^^^^^^^^^^^^^^^^^^^^^^^^^^^^^^^^^^^^^^^^^^^^^^^
  File "/usr/local/lib/python3.12/subprocess.py", line 571, in run
    raise CalledProcessError(retcode, process.args,
subprocess.CalledProcessError: Command 'meltano elt tap-postgres target-csv --transform=run --job_id=extract_postgres_orders_2024-07-10' returned non-zero exit status 127.
[2024-07-12T19:09:29.357+0000] {taskinstance.py:1206} INFO - Marking task as FAILED. dag_id=dag_pipeline_northwind, task_id=extract_postgres_orders, run_id=scheduled__2024-07-10T00:00:00+00:00, execution_date=20240710T000000, start_date=20240712T190928, end_date=20240712T190929
[2024-07-12T19:09:29.639+0000] {standard_task_runner.py:110} ERROR - Failed to execute job 5600 for task extract_postgres_orders (Command 'meltano elt tap-postgres target-csv --transform=run --job_id=extract_postgres_orders_2024-07-10' returned non-zero exit status 127.; 426)
[2024-07-12T19:09:29.672+0000] {local_task_job_runner.py:240} INFO - Task exited with return code 1
[2024-07-12T19:09:29.705+0000] {local_task_job_runner.py:222} INFO - ::endgroup::
[2024-07-14T21:52:58.457+0000] {local_task_job_runner.py:120} INFO - ::group::Pre task execution logs
[2024-07-14T21:52:58.645+0000] {taskinstance.py:2076} INFO - Dependencies all met for dep_context=non-requeueable deps ti=<TaskInstance: dag_pipeline_northwind.extract_postgres_orders scheduled__2024-07-10T00:00:00+00:00 [queued]>
[2024-07-14T21:52:58.682+0000] {taskinstance.py:2076} INFO - Dependencies all met for dep_context=requeueable deps ti=<TaskInstance: dag_pipeline_northwind.extract_postgres_orders scheduled__2024-07-10T00:00:00+00:00 [queued]>
[2024-07-14T21:52:58.683+0000] {taskinstance.py:2306} INFO - Starting attempt 2 of 2
[2024-07-14T21:52:58.762+0000] {taskinstance.py:2330} INFO - Executing <Task(PythonOperator): extract_postgres_orders> on 2024-07-10 00:00:00+00:00
[2024-07-14T21:52:58.802+0000] {logging_mixin.py:188} WARNING - /home/airflow/.local/lib/python3.12/site-packages/airflow/task/task_runner/standard_task_runner.py:61 DeprecationWarning: This process (pid=492) is multi-threaded, use of fork() may lead to deadlocks in the child.
[2024-07-14T21:52:58.807+0000] {standard_task_runner.py:63} INFO - Started process 515 to run task
[2024-07-14T21:52:58.805+0000] {standard_task_runner.py:90} INFO - Running: ['airflow', 'tasks', 'run', 'dag_pipeline_northwind', 'extract_postgres_orders', 'scheduled__2024-07-10T00:00:00+00:00', '--job-id', '5768', '--raw', '--subdir', 'DAGS_FOLDER/dag_pipeline_northwind.py', '--cfg-path', '/tmp/tmpvfe6du4j']
[2024-07-14T21:52:58.828+0000] {standard_task_runner.py:91} INFO - Job 5768: Subtask extract_postgres_orders
[2024-07-14T21:52:59.036+0000] {task_command.py:426} INFO - Running <TaskInstance: dag_pipeline_northwind.extract_postgres_orders scheduled__2024-07-10T00:00:00+00:00 [running]> on host ee4b7f7f7c3e
[2024-07-14T21:52:59.399+0000] {taskinstance.py:2648} INFO - Exporting env vars: AIRFLOW_CTX_DAG_OWNER='airflow' AIRFLOW_CTX_DAG_ID='dag_pipeline_northwind' AIRFLOW_CTX_TASK_ID='extract_postgres_orders' AIRFLOW_CTX_EXECUTION_DATE='2024-07-10T00:00:00+00:00' AIRFLOW_CTX_TRY_NUMBER='2' AIRFLOW_CTX_DAG_RUN_ID='scheduled__2024-07-10T00:00:00+00:00'
[2024-07-14T21:52:59.411+0000] {taskinstance.py:430} INFO - ::endgroup::
[2024-07-14T21:52:59.453+0000] {logging_mixin.py:188} INFO - Running command: meltano elt tap-postgres target-csv --transform=run --job_id=extract_postgres_orders_2024-07-10
[2024-07-14T21:52:59.486+0000] {logging_mixin.py:188} INFO - Command failed with error: Command 'meltano elt tap-postgres target-csv --transform=run --job_id=extract_postgres_orders_2024-07-10' returned non-zero exit status 127.
[2024-07-14T21:52:59.487+0000] {taskinstance.py:441} INFO - ::group::Post task execution logs
[2024-07-14T21:52:59.489+0000] {taskinstance.py:2905} ERROR - Task failed with exception
Traceback (most recent call last):
  File "/home/airflow/.local/lib/python3.12/site-packages/airflow/models/taskinstance.py", line 465, in _execute_task
    result = _execute_callable(context=context, **execute_callable_kwargs)
             ^^^^^^^^^^^^^^^^^^^^^^^^^^^^^^^^^^^^^^^^^^^^^^^^^^^^^^^^^^^^^
  File "/home/airflow/.local/lib/python3.12/site-packages/airflow/models/taskinstance.py", line 432, in _execute_callable
    return execute_callable(context=context, **execute_callable_kwargs)
           ^^^^^^^^^^^^^^^^^^^^^^^^^^^^^^^^^^^^^^^^^^^^^^^^^^^^^^^^^^^^
  File "/home/airflow/.local/lib/python3.12/site-packages/airflow/models/baseoperator.py", line 401, in wrapper
    return func(self, *args, **kwargs)
           ^^^^^^^^^^^^^^^^^^^^^^^^^^^
  File "/home/airflow/.local/lib/python3.12/site-packages/airflow/operators/python.py", line 235, in execute
    return_value = self.execute_callable()
                   ^^^^^^^^^^^^^^^^^^^^^^^
  File "/home/airflow/.local/lib/python3.12/site-packages/airflow/operators/python.py", line 252, in execute_callable
    return self.python_callable(*self.op_args, **self.op_kwargs)
           ^^^^^^^^^^^^^^^^^^^^^^^^^^^^^^^^^^^^^^^^^^^^^^^^^^^^^
  File "/opt/airflow/dags/dag_pipeline_northwind.py", line 40, in extract_postgres_table
    result = subprocess.run(extract_command, shell=True, check=True, capture_output=True, text=True)
             ^^^^^^^^^^^^^^^^^^^^^^^^^^^^^^^^^^^^^^^^^^^^^^^^^^^^^^^^^^^^^^^^^^^^^^^^^^^^^^^^^^^^^^^
  File "/usr/local/lib/python3.12/subprocess.py", line 571, in run
    raise CalledProcessError(retcode, process.args,
subprocess.CalledProcessError: Command 'meltano elt tap-postgres target-csv --transform=run --job_id=extract_postgres_orders_2024-07-10' returned non-zero exit status 127.
[2024-07-14T21:52:59.578+0000] {taskinstance.py:1206} INFO - Marking task as FAILED. dag_id=dag_pipeline_northwind, task_id=extract_postgres_orders, run_id=scheduled__2024-07-10T00:00:00+00:00, execution_date=20240710T000000, start_date=20240714T215258, end_date=20240714T215259
[2024-07-14T21:52:59.785+0000] {standard_task_runner.py:110} ERROR - Failed to execute job 5768 for task extract_postgres_orders (Command 'meltano elt tap-postgres target-csv --transform=run --job_id=extract_postgres_orders_2024-07-10' returned non-zero exit status 127.; 515)
[2024-07-14T21:52:59.804+0000] {local_task_job_runner.py:240} INFO - Task exited with return code 1
[2024-07-14T21:52:59.824+0000] {local_task_job_runner.py:222} INFO - ::endgroup::
