[2024-07-01T01:25:39.994+0000] {local_task_job_runner.py:120} INFO - ::group::Pre task execution logs
[2024-07-01T01:25:40.087+0000] {taskinstance.py:2076} INFO - Dependencies all met for dep_context=non-requeueable deps ti=<TaskInstance: dag_northwind.extract_csv scheduled__2024-03-22T00:00:00+00:00 [queued]>
[2024-07-01T01:25:40.109+0000] {taskinstance.py:2076} INFO - Dependencies all met for dep_context=requeueable deps ti=<TaskInstance: dag_northwind.extract_csv scheduled__2024-03-22T00:00:00+00:00 [queued]>
[2024-07-01T01:25:40.110+0000] {taskinstance.py:2306} INFO - Starting attempt 1 of 2
[2024-07-01T01:25:40.163+0000] {taskinstance.py:2330} INFO - Executing <Task(BashOperator): extract_csv> on 2024-03-22 00:00:00+00:00
[2024-07-01T01:25:40.187+0000] {logging_mixin.py:188} WARNING - /home/airflow/.local/lib/python3.12/site-packages/airflow/task/task_runner/standard_task_runner.py:61 DeprecationWarning: This process (pid=891) is multi-threaded, use of fork() may lead to deadlocks in the child.
[2024-07-01T01:25:40.192+0000] {standard_task_runner.py:63} INFO - Started process 902 to run task
[2024-07-01T01:25:40.188+0000] {standard_task_runner.py:90} INFO - Running: ['airflow', 'tasks', 'run', 'dag_northwind', 'extract_csv', 'scheduled__2024-03-22T00:00:00+00:00', '--job-id', '651', '--raw', '--subdir', 'DAGS_FOLDER/dag_northwind.py', '--cfg-path', '/tmp/tmpi8k5ywov']
[2024-07-01T01:25:40.196+0000] {standard_task_runner.py:91} INFO - Job 651: Subtask extract_csv
[2024-07-01T01:25:40.341+0000] {task_command.py:426} INFO - Running <TaskInstance: dag_northwind.extract_csv scheduled__2024-03-22T00:00:00+00:00 [running]> on host 05d913303710
[2024-07-01T01:25:40.602+0000] {taskinstance.py:2648} INFO - Exporting env vars: AIRFLOW_CTX_DAG_OWNER='airflow' AIRFLOW_CTX_DAG_ID='dag_northwind' AIRFLOW_CTX_TASK_ID='extract_csv' AIRFLOW_CTX_EXECUTION_DATE='2024-03-22T00:00:00+00:00' AIRFLOW_CTX_TRY_NUMBER='1' AIRFLOW_CTX_DAG_RUN_ID='scheduled__2024-03-22T00:00:00+00:00'
[2024-07-01T01:25:40.603+0000] {taskinstance.py:430} INFO - ::endgroup::
[2024-07-01T01:25:40.643+0000] {subprocess.py:63} INFO - Tmp dir root location: /tmp
[2024-07-01T01:25:40.645+0000] {subprocess.py:75} INFO - Running command: ['/usr/bin/bash', '-c', 'meltano elt tap-csv target-csv --job_id=extract_csv_2024-03-22 && mkdir -p /data/csv/2024-03-22 && mv /project/output/tap-csv/*.csv /data/csv/2024-03-22/']
[2024-07-01T01:25:40.660+0000] {subprocess.py:86} INFO - Output:
[2024-07-01T01:25:40.664+0000] {subprocess.py:93} INFO - /usr/bin/bash: line 1: meltano: command not found
[2024-07-01T01:25:40.665+0000] {subprocess.py:97} INFO - Command exited with return code 127
[2024-07-01T01:25:40.667+0000] {taskinstance.py:441} INFO - ::group::Post task execution logs
[2024-07-01T01:25:40.688+0000] {taskinstance.py:2905} ERROR - Task failed with exception
Traceback (most recent call last):
  File "/home/airflow/.local/lib/python3.12/site-packages/airflow/models/taskinstance.py", line 465, in _execute_task
    result = _execute_callable(context=context, **execute_callable_kwargs)
             ^^^^^^^^^^^^^^^^^^^^^^^^^^^^^^^^^^^^^^^^^^^^^^^^^^^^^^^^^^^^^
  File "/home/airflow/.local/lib/python3.12/site-packages/airflow/models/taskinstance.py", line 432, in _execute_callable
    return execute_callable(context=context, **execute_callable_kwargs)
           ^^^^^^^^^^^^^^^^^^^^^^^^^^^^^^^^^^^^^^^^^^^^^^^^^^^^^^^^^^^^
  File "/home/airflow/.local/lib/python3.12/site-packages/airflow/models/baseoperator.py", line 401, in wrapper
    return func(self, *args, **kwargs)
           ^^^^^^^^^^^^^^^^^^^^^^^^^^^
  File "/home/airflow/.local/lib/python3.12/site-packages/airflow/operators/bash.py", line 243, in execute
    raise AirflowException(
airflow.exceptions.AirflowException: Bash command failed. The command returned a non-zero exit code 127.
[2024-07-01T01:25:40.701+0000] {taskinstance.py:1206} INFO - Marking task as UP_FOR_RETRY. dag_id=dag_northwind, task_id=extract_csv, run_id=scheduled__2024-03-22T00:00:00+00:00, execution_date=20240322T000000, start_date=20240701T012540, end_date=20240701T012540
[2024-07-01T01:25:40.772+0000] {standard_task_runner.py:110} ERROR - Failed to execute job 651 for task extract_csv (Bash command failed. The command returned a non-zero exit code 127.; 902)
[2024-07-01T01:25:40.828+0000] {local_task_job_runner.py:240} INFO - Task exited with return code 1
[2024-07-01T01:25:40.855+0000] {local_task_job_runner.py:222} INFO - ::endgroup::
[2024-07-01T10:26:43.348+0000] {local_task_job_runner.py:120} INFO - ::group::Pre task execution logs
[2024-07-01T10:26:43.435+0000] {taskinstance.py:2076} INFO - Dependencies all met for dep_context=non-requeueable deps ti=<TaskInstance: dag_northwind.extract_csv scheduled__2024-03-22T00:00:00+00:00 [queued]>
[2024-07-01T10:26:43.453+0000] {taskinstance.py:2076} INFO - Dependencies all met for dep_context=requeueable deps ti=<TaskInstance: dag_northwind.extract_csv scheduled__2024-03-22T00:00:00+00:00 [queued]>
[2024-07-01T10:26:43.454+0000] {taskinstance.py:2306} INFO - Starting attempt 1 of 2
[2024-07-01T10:26:43.508+0000] {taskinstance.py:2330} INFO - Executing <Task(BashOperator): extract_csv> on 2024-03-22 00:00:00+00:00
[2024-07-01T10:26:43.523+0000] {logging_mixin.py:188} WARNING - /home/airflow/.local/lib/python3.12/site-packages/airflow/task/task_runner/standard_task_runner.py:61 DeprecationWarning: This process (pid=6481) is multi-threaded, use of fork() may lead to deadlocks in the child.
[2024-07-01T10:26:43.525+0000] {standard_task_runner.py:63} INFO - Started process 6488 to run task
[2024-07-01T10:26:43.523+0000] {standard_task_runner.py:90} INFO - Running: ['airflow', 'tasks', 'run', 'dag_northwind', 'extract_csv', 'scheduled__2024-03-22T00:00:00+00:00', '--job-id', '1197', '--raw', '--subdir', 'DAGS_FOLDER/dag_northwind.py', '--cfg-path', '/tmp/tmptekiqdmf']
[2024-07-01T10:26:43.527+0000] {standard_task_runner.py:91} INFO - Job 1197: Subtask extract_csv
[2024-07-01T10:26:43.638+0000] {task_command.py:426} INFO - Running <TaskInstance: dag_northwind.extract_csv scheduled__2024-03-22T00:00:00+00:00 [running]> on host 85c6ea7cd9cf
[2024-07-01T10:26:43.849+0000] {taskinstance.py:2648} INFO - Exporting env vars: AIRFLOW_CTX_DAG_OWNER='airflow' AIRFLOW_CTX_DAG_ID='dag_northwind' AIRFLOW_CTX_TASK_ID='extract_csv' AIRFLOW_CTX_EXECUTION_DATE='2024-03-22T00:00:00+00:00' AIRFLOW_CTX_TRY_NUMBER='1' AIRFLOW_CTX_DAG_RUN_ID='scheduled__2024-03-22T00:00:00+00:00'
[2024-07-01T10:26:43.851+0000] {taskinstance.py:430} INFO - ::endgroup::
[2024-07-01T10:26:43.889+0000] {subprocess.py:63} INFO - Tmp dir root location: /tmp
[2024-07-01T10:26:43.891+0000] {subprocess.py:75} INFO - Running command: ['/usr/bin/bash', '-c', 'meltano elt tap-csv target-csv --job_id=extract_csv_2024-03-22 && mkdir -p /data/csv/2024-03-22 && mv /project/output/tap-csv/*.csv /data/csv/2024-03-22/']
[2024-07-01T10:26:43.919+0000] {subprocess.py:86} INFO - Output:
[2024-07-01T10:26:43.926+0000] {subprocess.py:93} INFO - /usr/bin/bash: line 1: meltano: command not found
[2024-07-01T10:26:43.927+0000] {subprocess.py:97} INFO - Command exited with return code 127
[2024-07-01T10:26:43.928+0000] {taskinstance.py:441} INFO - ::group::Post task execution logs
[2024-07-01T10:26:43.952+0000] {taskinstance.py:2905} ERROR - Task failed with exception
Traceback (most recent call last):
  File "/home/airflow/.local/lib/python3.12/site-packages/airflow/models/taskinstance.py", line 465, in _execute_task
    result = _execute_callable(context=context, **execute_callable_kwargs)
             ^^^^^^^^^^^^^^^^^^^^^^^^^^^^^^^^^^^^^^^^^^^^^^^^^^^^^^^^^^^^^
  File "/home/airflow/.local/lib/python3.12/site-packages/airflow/models/taskinstance.py", line 432, in _execute_callable
    return execute_callable(context=context, **execute_callable_kwargs)
           ^^^^^^^^^^^^^^^^^^^^^^^^^^^^^^^^^^^^^^^^^^^^^^^^^^^^^^^^^^^^
  File "/home/airflow/.local/lib/python3.12/site-packages/airflow/models/baseoperator.py", line 401, in wrapper
    return func(self, *args, **kwargs)
           ^^^^^^^^^^^^^^^^^^^^^^^^^^^
  File "/home/airflow/.local/lib/python3.12/site-packages/airflow/operators/bash.py", line 243, in execute
    raise AirflowException(
airflow.exceptions.AirflowException: Bash command failed. The command returned a non-zero exit code 127.
[2024-07-01T10:26:43.961+0000] {taskinstance.py:1206} INFO - Marking task as UP_FOR_RETRY. dag_id=dag_northwind, task_id=extract_csv, run_id=scheduled__2024-03-22T00:00:00+00:00, execution_date=20240322T000000, start_date=20240701T102643, end_date=20240701T102643
[2024-07-01T10:26:44.005+0000] {standard_task_runner.py:110} ERROR - Failed to execute job 1197 for task extract_csv (Bash command failed. The command returned a non-zero exit code 127.; 6488)
[2024-07-01T10:26:44.026+0000] {local_task_job_runner.py:240} INFO - Task exited with return code 1
[2024-07-01T10:26:44.086+0000] {taskinstance.py:3503} INFO - 0 downstream tasks scheduled from follow-on schedule check
[2024-07-01T10:26:44.089+0000] {local_task_job_runner.py:222} INFO - ::endgroup::
