[2024-07-02T16:25:22.419+0000] {local_task_job_runner.py:120} INFO - ::group::Pre task execution logs
[2024-07-02T16:25:22.554+0000] {taskinstance.py:2076} INFO - Dependencies all met for dep_context=non-requeueable deps ti=<TaskInstance: pipeline_dag.extract_postgres scheduled__2024-01-15T00:00:00+00:00 [queued]>
[2024-07-02T16:25:22.649+0000] {taskinstance.py:2076} INFO - Dependencies all met for dep_context=requeueable deps ti=<TaskInstance: pipeline_dag.extract_postgres scheduled__2024-01-15T00:00:00+00:00 [queued]>
[2024-07-02T16:25:22.658+0000] {taskinstance.py:2306} INFO - Starting attempt 2 of 2
[2024-07-02T16:25:22.752+0000] {taskinstance.py:2330} INFO - Executing <Task(PythonOperator): extract_postgres> on 2024-01-15 00:00:00+00:00
[2024-07-02T16:25:22.776+0000] {logging_mixin.py:188} WARNING - /home/airflow/.local/lib/python3.12/site-packages/airflow/task/task_runner/standard_task_runner.py:61 DeprecationWarning: This process (pid=517) is multi-threaded, use of fork() may lead to deadlocks in the child.
[2024-07-02T16:25:22.778+0000] {standard_task_runner.py:63} INFO - Started process 542 to run task
[2024-07-02T16:25:22.780+0000] {standard_task_runner.py:90} INFO - Running: ['airflow', 'tasks', 'run', 'pipeline_dag', 'extract_postgres', 'scheduled__2024-01-15T00:00:00+00:00', '--job-id', '1669', '--raw', '--subdir', 'DAGS_FOLDER/dag_northwind.py', '--cfg-path', '/tmp/tmpx6wap7vu']
[2024-07-02T16:25:22.784+0000] {standard_task_runner.py:91} INFO - Job 1669: Subtask extract_postgres
[2024-07-02T16:25:22.946+0000] {task_command.py:426} INFO - Running <TaskInstance: pipeline_dag.extract_postgres scheduled__2024-01-15T00:00:00+00:00 [running]> on host ee7e13960694
[2024-07-02T16:25:23.097+0000] {taskinstance.py:2648} INFO - Exporting env vars: AIRFLOW_CTX_DAG_OWNER='airflow' AIRFLOW_CTX_DAG_ID='pipeline_dag' AIRFLOW_CTX_TASK_ID='extract_postgres' AIRFLOW_CTX_EXECUTION_DATE='2024-01-15T00:00:00+00:00' AIRFLOW_CTX_TRY_NUMBER='2' AIRFLOW_CTX_DAG_RUN_ID='scheduled__2024-01-15T00:00:00+00:00'
[2024-07-02T16:25:23.098+0000] {taskinstance.py:430} INFO - ::endgroup::
[2024-07-02T16:25:23.125+0000] {taskinstance.py:441} INFO - ::group::Post task execution logs
[2024-07-02T16:25:23.126+0000] {taskinstance.py:2905} ERROR - Task failed with exception
Traceback (most recent call last):
  File "/home/airflow/.local/lib/python3.12/site-packages/airflow/models/taskinstance.py", line 465, in _execute_task
    result = _execute_callable(context=context, **execute_callable_kwargs)
             ^^^^^^^^^^^^^^^^^^^^^^^^^^^^^^^^^^^^^^^^^^^^^^^^^^^^^^^^^^^^^
  File "/home/airflow/.local/lib/python3.12/site-packages/airflow/models/taskinstance.py", line 432, in _execute_callable
    return execute_callable(context=context, **execute_callable_kwargs)
           ^^^^^^^^^^^^^^^^^^^^^^^^^^^^^^^^^^^^^^^^^^^^^^^^^^^^^^^^^^^^
  File "/home/airflow/.local/lib/python3.12/site-packages/airflow/models/baseoperator.py", line 401, in wrapper
    return func(self, *args, **kwargs)
           ^^^^^^^^^^^^^^^^^^^^^^^^^^^
  File "/home/airflow/.local/lib/python3.12/site-packages/airflow/operators/python.py", line 235, in execute
    return_value = self.execute_callable()
                   ^^^^^^^^^^^^^^^^^^^^^^^
  File "/home/airflow/.local/lib/python3.12/site-packages/airflow/operators/python.py", line 252, in execute_callable
    return self.python_callable(*self.op_args, **self.op_kwargs)
           ^^^^^^^^^^^^^^^^^^^^^^^^^^^^^^^^^^^^^^^^^^^^^^^^^^^^^
  File "/opt/airflow/dags/dag_northwind.py", line 27, in extract_postgres
    subprocess.run(extract_command, shell=True, check=True)
  File "/usr/local/lib/python3.12/subprocess.py", line 571, in run
    raise CalledProcessError(retcode, process.args,
subprocess.CalledProcessError: Command 'meltano elt tap-postgres target-csv --transform=run' returned non-zero exit status 127.
[2024-07-02T16:25:23.145+0000] {taskinstance.py:1206} INFO - Marking task as FAILED. dag_id=pipeline_dag, task_id=extract_postgres, run_id=scheduled__2024-01-15T00:00:00+00:00, execution_date=20240115T000000, start_date=20240702T162522, end_date=20240702T162523
[2024-07-02T16:25:23.165+0000] {standard_task_runner.py:110} ERROR - Failed to execute job 1669 for task extract_postgres (Command 'meltano elt tap-postgres target-csv --transform=run' returned non-zero exit status 127.; 542)
[2024-07-02T16:25:23.202+0000] {local_task_job_runner.py:240} INFO - Task exited with return code 1
[2024-07-02T16:25:23.240+0000] {taskinstance.py:3503} INFO - 0 downstream tasks scheduled from follow-on schedule check
[2024-07-02T16:25:23.246+0000] {local_task_job_runner.py:222} INFO - ::endgroup::
[2024-07-03T16:23:01.791+0000] {local_task_job_runner.py:120} INFO - ::group::Pre task execution logs
[2024-07-03T16:23:01.905+0000] {taskinstance.py:2076} INFO - Dependencies all met for dep_context=non-requeueable deps ti=<TaskInstance: pipeline_dag.extract_postgres scheduled__2024-01-15T00:00:00+00:00 [queued]>
[2024-07-03T16:23:01.927+0000] {taskinstance.py:2076} INFO - Dependencies all met for dep_context=requeueable deps ti=<TaskInstance: pipeline_dag.extract_postgres scheduled__2024-01-15T00:00:00+00:00 [queued]>
[2024-07-03T16:23:01.938+0000] {taskinstance.py:2306} INFO - Starting attempt 2 of 2
[2024-07-03T16:23:01.992+0000] {taskinstance.py:2330} INFO - Executing <Task(PythonOperator): extract_postgres> on 2024-01-15 00:00:00+00:00
[2024-07-03T16:23:02.028+0000] {logging_mixin.py:188} WARNING - /home/airflow/.local/lib/python3.12/site-packages/airflow/task/task_runner/standard_task_runner.py:61 DeprecationWarning: This process (pid=1659) is multi-threaded, use of fork() may lead to deadlocks in the child.
[2024-07-03T16:23:02.030+0000] {standard_task_runner.py:63} INFO - Started process 1665 to run task
[2024-07-03T16:23:02.029+0000] {standard_task_runner.py:90} INFO - Running: ['airflow', 'tasks', 'run', 'pipeline_dag', 'extract_postgres', 'scheduled__2024-01-15T00:00:00+00:00', '--job-id', '2424', '--raw', '--subdir', 'DAGS_FOLDER/northwind_dag_teste.py', '--cfg-path', '/tmp/tmp6yx1xbpo']
[2024-07-03T16:23:02.040+0000] {standard_task_runner.py:91} INFO - Job 2424: Subtask extract_postgres
[2024-07-03T16:23:02.226+0000] {task_command.py:426} INFO - Running <TaskInstance: pipeline_dag.extract_postgres scheduled__2024-01-15T00:00:00+00:00 [running]> on host 3c2535f14011
[2024-07-03T16:23:02.490+0000] {taskinstance.py:2648} INFO - Exporting env vars: AIRFLOW_CTX_DAG_OWNER='airflow' AIRFLOW_CTX_DAG_ID='pipeline_dag' AIRFLOW_CTX_TASK_ID='extract_postgres' AIRFLOW_CTX_EXECUTION_DATE='2024-01-15T00:00:00+00:00' AIRFLOW_CTX_TRY_NUMBER='2' AIRFLOW_CTX_DAG_RUN_ID='scheduled__2024-01-15T00:00:00+00:00'
[2024-07-03T16:23:02.497+0000] {taskinstance.py:430} INFO - ::endgroup::
[2024-07-03T16:23:02.538+0000] {logging_mixin.py:188} INFO - Command failed with error: Command 'meltano elt tap-postgres target-csv --transform=run --job_id=extract_postgres_2024-01-15' returned non-zero exit status 127.
[2024-07-03T16:23:02.542+0000] {taskinstance.py:441} INFO - ::group::Post task execution logs
[2024-07-03T16:23:02.544+0000] {taskinstance.py:2905} ERROR - Task failed with exception
Traceback (most recent call last):
  File "/home/airflow/.local/lib/python3.12/site-packages/airflow/models/taskinstance.py", line 465, in _execute_task
    result = _execute_callable(context=context, **execute_callable_kwargs)
             ^^^^^^^^^^^^^^^^^^^^^^^^^^^^^^^^^^^^^^^^^^^^^^^^^^^^^^^^^^^^^
  File "/home/airflow/.local/lib/python3.12/site-packages/airflow/models/taskinstance.py", line 432, in _execute_callable
    return execute_callable(context=context, **execute_callable_kwargs)
           ^^^^^^^^^^^^^^^^^^^^^^^^^^^^^^^^^^^^^^^^^^^^^^^^^^^^^^^^^^^^
  File "/home/airflow/.local/lib/python3.12/site-packages/airflow/models/baseoperator.py", line 401, in wrapper
    return func(self, *args, **kwargs)
           ^^^^^^^^^^^^^^^^^^^^^^^^^^^
  File "/home/airflow/.local/lib/python3.12/site-packages/airflow/operators/python.py", line 235, in execute
    return_value = self.execute_callable()
                   ^^^^^^^^^^^^^^^^^^^^^^^
  File "/home/airflow/.local/lib/python3.12/site-packages/airflow/operators/python.py", line 252, in execute_callable
    return self.python_callable(*self.op_args, **self.op_kwargs)
           ^^^^^^^^^^^^^^^^^^^^^^^^^^^^^^^^^^^^^^^^^^^^^^^^^^^^^
  File "/opt/airflow/dags/northwind_dag_teste.py", line 29, in extract_postgres
    subprocess.run(extract_command, shell=True, check=True)
  File "/usr/local/lib/python3.12/subprocess.py", line 571, in run
    raise CalledProcessError(retcode, process.args,
subprocess.CalledProcessError: Command 'meltano elt tap-postgres target-csv --transform=run --job_id=extract_postgres_2024-01-15' returned non-zero exit status 127.
[2024-07-03T16:23:02.579+0000] {taskinstance.py:1206} INFO - Marking task as FAILED. dag_id=pipeline_dag, task_id=extract_postgres, run_id=scheduled__2024-01-15T00:00:00+00:00, execution_date=20240115T000000, start_date=20240703T162301, end_date=20240703T162302
[2024-07-03T16:23:02.630+0000] {standard_task_runner.py:110} ERROR - Failed to execute job 2424 for task extract_postgres (Command 'meltano elt tap-postgres target-csv --transform=run --job_id=extract_postgres_2024-01-15' returned non-zero exit status 127.; 1665)
[2024-07-03T16:23:02.676+0000] {local_task_job_runner.py:240} INFO - Task exited with return code 1
[2024-07-03T16:23:02.716+0000] {local_task_job_runner.py:222} INFO - ::endgroup::
