[2024-07-01T01:30:51.318+0000] {local_task_job_runner.py:120} INFO - ::group::Pre task execution logs
[2024-07-01T01:30:51.399+0000] {taskinstance.py:2076} INFO - Dependencies all met for dep_context=non-requeueable deps ti=<TaskInstance: dag_northwind.extract_csv scheduled__2024-04-17T00:00:00+00:00 [queued]>
[2024-07-01T01:30:51.419+0000] {taskinstance.py:2076} INFO - Dependencies all met for dep_context=requeueable deps ti=<TaskInstance: dag_northwind.extract_csv scheduled__2024-04-17T00:00:00+00:00 [queued]>
[2024-07-01T01:30:51.420+0000] {taskinstance.py:2306} INFO - Starting attempt 1 of 2
[2024-07-01T01:30:51.596+0000] {taskinstance.py:2330} INFO - Executing <Task(BashOperator): extract_csv> on 2024-04-17 00:00:00+00:00
[2024-07-01T01:30:51.616+0000] {logging_mixin.py:188} WARNING - /home/airflow/.local/lib/python3.12/site-packages/airflow/task/task_runner/standard_task_runner.py:61 DeprecationWarning: This process (pid=1275) is multi-threaded, use of fork() may lead to deadlocks in the child.
[2024-07-01T01:30:51.618+0000] {standard_task_runner.py:63} INFO - Started process 1293 to run task
[2024-07-01T01:30:51.616+0000] {standard_task_runner.py:90} INFO - Running: ['airflow', 'tasks', 'run', 'dag_northwind', 'extract_csv', 'scheduled__2024-04-17T00:00:00+00:00', '--job-id', '736', '--raw', '--subdir', 'DAGS_FOLDER/dag_northwind.py', '--cfg-path', '/tmp/tmp6lal__pv']
[2024-07-01T01:30:51.621+0000] {standard_task_runner.py:91} INFO - Job 736: Subtask extract_csv
[2024-07-01T01:30:51.727+0000] {task_command.py:426} INFO - Running <TaskInstance: dag_northwind.extract_csv scheduled__2024-04-17T00:00:00+00:00 [running]> on host 05d913303710
[2024-07-01T01:30:51.874+0000] {taskinstance.py:2648} INFO - Exporting env vars: AIRFLOW_CTX_DAG_OWNER='airflow' AIRFLOW_CTX_DAG_ID='dag_northwind' AIRFLOW_CTX_TASK_ID='extract_csv' AIRFLOW_CTX_EXECUTION_DATE='2024-04-17T00:00:00+00:00' AIRFLOW_CTX_TRY_NUMBER='1' AIRFLOW_CTX_DAG_RUN_ID='scheduled__2024-04-17T00:00:00+00:00'
[2024-07-01T01:30:51.876+0000] {taskinstance.py:430} INFO - ::endgroup::
[2024-07-01T01:30:51.902+0000] {subprocess.py:63} INFO - Tmp dir root location: /tmp
[2024-07-01T01:30:51.903+0000] {subprocess.py:75} INFO - Running command: ['/usr/bin/bash', '-c', 'meltano elt tap-csv target-csv --job_id=extract_csv_2024-04-17 && mkdir -p /data/csv/2024-04-17 && mv /project/output/tap-csv/*.csv /data/csv/2024-04-17/']
[2024-07-01T01:30:51.919+0000] {subprocess.py:86} INFO - Output:
[2024-07-01T01:30:51.922+0000] {subprocess.py:93} INFO - /usr/bin/bash: line 1: meltano: command not found
[2024-07-01T01:30:51.923+0000] {subprocess.py:97} INFO - Command exited with return code 127
[2024-07-01T01:30:51.925+0000] {taskinstance.py:441} INFO - ::group::Post task execution logs
[2024-07-01T01:30:51.952+0000] {taskinstance.py:2905} ERROR - Task failed with exception
Traceback (most recent call last):
  File "/home/airflow/.local/lib/python3.12/site-packages/airflow/models/taskinstance.py", line 465, in _execute_task
    result = _execute_callable(context=context, **execute_callable_kwargs)
             ^^^^^^^^^^^^^^^^^^^^^^^^^^^^^^^^^^^^^^^^^^^^^^^^^^^^^^^^^^^^^
  File "/home/airflow/.local/lib/python3.12/site-packages/airflow/models/taskinstance.py", line 432, in _execute_callable
    return execute_callable(context=context, **execute_callable_kwargs)
           ^^^^^^^^^^^^^^^^^^^^^^^^^^^^^^^^^^^^^^^^^^^^^^^^^^^^^^^^^^^^
  File "/home/airflow/.local/lib/python3.12/site-packages/airflow/models/baseoperator.py", line 401, in wrapper
    return func(self, *args, **kwargs)
           ^^^^^^^^^^^^^^^^^^^^^^^^^^^
  File "/home/airflow/.local/lib/python3.12/site-packages/airflow/operators/bash.py", line 243, in execute
    raise AirflowException(
airflow.exceptions.AirflowException: Bash command failed. The command returned a non-zero exit code 127.
[2024-07-01T01:30:51.965+0000] {taskinstance.py:1206} INFO - Marking task as UP_FOR_RETRY. dag_id=dag_northwind, task_id=extract_csv, run_id=scheduled__2024-04-17T00:00:00+00:00, execution_date=20240417T000000, start_date=20240701T013051, end_date=20240701T013051
[2024-07-01T01:30:52.012+0000] {standard_task_runner.py:110} ERROR - Failed to execute job 736 for task extract_csv (Bash command failed. The command returned a non-zero exit code 127.; 1293)
[2024-07-01T01:30:52.036+0000] {local_task_job_runner.py:240} INFO - Task exited with return code 1
[2024-07-01T01:30:52.053+0000] {local_task_job_runner.py:222} INFO - ::endgroup::
[2024-07-01T10:32:01.079+0000] {local_task_job_runner.py:120} INFO - ::group::Pre task execution logs
[2024-07-01T10:32:01.161+0000] {taskinstance.py:2076} INFO - Dependencies all met for dep_context=non-requeueable deps ti=<TaskInstance: dag_northwind.extract_csv scheduled__2024-04-17T00:00:00+00:00 [queued]>
[2024-07-01T10:32:01.179+0000] {taskinstance.py:2076} INFO - Dependencies all met for dep_context=requeueable deps ti=<TaskInstance: dag_northwind.extract_csv scheduled__2024-04-17T00:00:00+00:00 [queued]>
[2024-07-01T10:32:01.180+0000] {taskinstance.py:2306} INFO - Starting attempt 1 of 2
[2024-07-01T10:32:01.354+0000] {taskinstance.py:2330} INFO - Executing <Task(BashOperator): extract_csv> on 2024-04-17 00:00:00+00:00
[2024-07-01T10:32:01.367+0000] {logging_mixin.py:188} WARNING - /home/airflow/.local/lib/python3.12/site-packages/airflow/task/task_runner/standard_task_runner.py:61 DeprecationWarning: This process (pid=6858) is multi-threaded, use of fork() may lead to deadlocks in the child.
[2024-07-01T10:32:01.370+0000] {standard_task_runner.py:63} INFO - Started process 6872 to run task
[2024-07-01T10:32:01.366+0000] {standard_task_runner.py:90} INFO - Running: ['airflow', 'tasks', 'run', 'dag_northwind', 'extract_csv', 'scheduled__2024-04-17T00:00:00+00:00', '--job-id', '1282', '--raw', '--subdir', 'DAGS_FOLDER/dag_northwind.py', '--cfg-path', '/tmp/tmp_mr2vspc']
[2024-07-01T10:32:01.371+0000] {standard_task_runner.py:91} INFO - Job 1282: Subtask extract_csv
[2024-07-01T10:32:01.464+0000] {task_command.py:426} INFO - Running <TaskInstance: dag_northwind.extract_csv scheduled__2024-04-17T00:00:00+00:00 [running]> on host 85c6ea7cd9cf
[2024-07-01T10:32:01.612+0000] {taskinstance.py:2648} INFO - Exporting env vars: AIRFLOW_CTX_DAG_OWNER='airflow' AIRFLOW_CTX_DAG_ID='dag_northwind' AIRFLOW_CTX_TASK_ID='extract_csv' AIRFLOW_CTX_EXECUTION_DATE='2024-04-17T00:00:00+00:00' AIRFLOW_CTX_TRY_NUMBER='1' AIRFLOW_CTX_DAG_RUN_ID='scheduled__2024-04-17T00:00:00+00:00'
[2024-07-01T10:32:01.613+0000] {taskinstance.py:430} INFO - ::endgroup::
[2024-07-01T10:32:01.636+0000] {subprocess.py:63} INFO - Tmp dir root location: /tmp
[2024-07-01T10:32:01.637+0000] {subprocess.py:75} INFO - Running command: ['/usr/bin/bash', '-c', 'meltano elt tap-csv target-csv --job_id=extract_csv_2024-04-17 && mkdir -p /data/csv/2024-04-17 && mv /project/output/tap-csv/*.csv /data/csv/2024-04-17/']
[2024-07-01T10:32:01.647+0000] {subprocess.py:86} INFO - Output:
[2024-07-01T10:32:01.650+0000] {subprocess.py:93} INFO - /usr/bin/bash: line 1: meltano: command not found
[2024-07-01T10:32:01.651+0000] {subprocess.py:97} INFO - Command exited with return code 127
[2024-07-01T10:32:01.653+0000] {taskinstance.py:441} INFO - ::group::Post task execution logs
[2024-07-01T10:32:01.674+0000] {taskinstance.py:2905} ERROR - Task failed with exception
Traceback (most recent call last):
  File "/home/airflow/.local/lib/python3.12/site-packages/airflow/models/taskinstance.py", line 465, in _execute_task
    result = _execute_callable(context=context, **execute_callable_kwargs)
             ^^^^^^^^^^^^^^^^^^^^^^^^^^^^^^^^^^^^^^^^^^^^^^^^^^^^^^^^^^^^^
  File "/home/airflow/.local/lib/python3.12/site-packages/airflow/models/taskinstance.py", line 432, in _execute_callable
    return execute_callable(context=context, **execute_callable_kwargs)
           ^^^^^^^^^^^^^^^^^^^^^^^^^^^^^^^^^^^^^^^^^^^^^^^^^^^^^^^^^^^^
  File "/home/airflow/.local/lib/python3.12/site-packages/airflow/models/baseoperator.py", line 401, in wrapper
    return func(self, *args, **kwargs)
           ^^^^^^^^^^^^^^^^^^^^^^^^^^^
  File "/home/airflow/.local/lib/python3.12/site-packages/airflow/operators/bash.py", line 243, in execute
    raise AirflowException(
airflow.exceptions.AirflowException: Bash command failed. The command returned a non-zero exit code 127.
[2024-07-01T10:32:01.685+0000] {taskinstance.py:1206} INFO - Marking task as UP_FOR_RETRY. dag_id=dag_northwind, task_id=extract_csv, run_id=scheduled__2024-04-17T00:00:00+00:00, execution_date=20240417T000000, start_date=20240701T103201, end_date=20240701T103201
[2024-07-01T10:32:01.709+0000] {standard_task_runner.py:110} ERROR - Failed to execute job 1282 for task extract_csv (Bash command failed. The command returned a non-zero exit code 127.; 6872)
[2024-07-01T10:32:01.746+0000] {local_task_job_runner.py:240} INFO - Task exited with return code 1
[2024-07-01T10:32:01.765+0000] {local_task_job_runner.py:222} INFO - ::endgroup::
