[2024-07-02T16:46:26.059+0000] {local_task_job_runner.py:120} INFO - ::group::Pre task execution logs
[2024-07-02T16:46:26.142+0000] {taskinstance.py:2076} INFO - Dependencies all met for dep_context=non-requeueable deps ti=<TaskInstance: pipeline_dag.extract_csv scheduled__2024-03-14T00:00:00+00:00 [queued]>
[2024-07-02T16:46:26.161+0000] {taskinstance.py:2076} INFO - Dependencies all met for dep_context=requeueable deps ti=<TaskInstance: pipeline_dag.extract_csv scheduled__2024-03-14T00:00:00+00:00 [queued]>
[2024-07-02T16:46:26.163+0000] {taskinstance.py:2306} INFO - Starting attempt 2 of 2
[2024-07-02T16:46:26.214+0000] {taskinstance.py:2330} INFO - Executing <Task(PythonOperator): extract_csv> on 2024-03-14 00:00:00+00:00
[2024-07-02T16:46:26.230+0000] {logging_mixin.py:188} WARNING - /home/airflow/.local/lib/python3.12/site-packages/airflow/task/task_runner/standard_task_runner.py:61 DeprecationWarning: This process (pid=1478) is multi-threaded, use of fork() may lead to deadlocks in the child.
[2024-07-02T16:46:26.234+0000] {standard_task_runner.py:63} INFO - Started process 1497 to run task
[2024-07-02T16:46:26.234+0000] {standard_task_runner.py:90} INFO - Running: ['airflow', 'tasks', 'run', 'pipeline_dag', 'extract_csv', 'scheduled__2024-03-14T00:00:00+00:00', '--job-id', '1922', '--raw', '--subdir', 'DAGS_FOLDER/dag_northwind.py', '--cfg-path', '/tmp/tmp_rsxgjug']
[2024-07-02T16:46:26.238+0000] {standard_task_runner.py:91} INFO - Job 1922: Subtask extract_csv
[2024-07-02T16:46:26.398+0000] {task_command.py:426} INFO - Running <TaskInstance: pipeline_dag.extract_csv scheduled__2024-03-14T00:00:00+00:00 [running]> on host ee7e13960694
[2024-07-02T16:46:26.640+0000] {taskinstance.py:2648} INFO - Exporting env vars: AIRFLOW_CTX_DAG_OWNER='airflow' AIRFLOW_CTX_DAG_ID='pipeline_dag' AIRFLOW_CTX_TASK_ID='extract_csv' AIRFLOW_CTX_EXECUTION_DATE='2024-03-14T00:00:00+00:00' AIRFLOW_CTX_TRY_NUMBER='2' AIRFLOW_CTX_DAG_RUN_ID='scheduled__2024-03-14T00:00:00+00:00'
[2024-07-02T16:46:26.646+0000] {taskinstance.py:430} INFO - ::endgroup::
[2024-07-02T16:46:26.703+0000] {logging_mixin.py:188} INFO - Command failed with error: Command 'meltano elt tap-csv target-csv --transform=run' returned non-zero exit status 127.
[2024-07-02T16:46:26.704+0000] {taskinstance.py:441} INFO - ::group::Post task execution logs
[2024-07-02T16:46:26.705+0000] {taskinstance.py:2905} ERROR - Task failed with exception
Traceback (most recent call last):
  File "/home/airflow/.local/lib/python3.12/site-packages/airflow/models/taskinstance.py", line 465, in _execute_task
    result = _execute_callable(context=context, **execute_callable_kwargs)
             ^^^^^^^^^^^^^^^^^^^^^^^^^^^^^^^^^^^^^^^^^^^^^^^^^^^^^^^^^^^^^
  File "/home/airflow/.local/lib/python3.12/site-packages/airflow/models/taskinstance.py", line 432, in _execute_callable
    return execute_callable(context=context, **execute_callable_kwargs)
           ^^^^^^^^^^^^^^^^^^^^^^^^^^^^^^^^^^^^^^^^^^^^^^^^^^^^^^^^^^^^
  File "/home/airflow/.local/lib/python3.12/site-packages/airflow/models/baseoperator.py", line 401, in wrapper
    return func(self, *args, **kwargs)
           ^^^^^^^^^^^^^^^^^^^^^^^^^^^
  File "/home/airflow/.local/lib/python3.12/site-packages/airflow/operators/python.py", line 235, in execute
    return_value = self.execute_callable()
                   ^^^^^^^^^^^^^^^^^^^^^^^
  File "/home/airflow/.local/lib/python3.12/site-packages/airflow/operators/python.py", line 252, in execute_callable
    return self.python_callable(*self.op_args, **self.op_kwargs)
           ^^^^^^^^^^^^^^^^^^^^^^^^^^^^^^^^^^^^^^^^^^^^^^^^^^^^^
  File "/opt/airflow/dags/dag_northwind.py", line 36, in extract_csv
    subprocess.run(extract_command, shell=True, check=True)
  File "/usr/local/lib/python3.12/subprocess.py", line 571, in run
    raise CalledProcessError(retcode, process.args,
subprocess.CalledProcessError: Command 'meltano elt tap-csv target-csv --transform=run' returned non-zero exit status 127.
[2024-07-02T16:46:26.737+0000] {taskinstance.py:1206} INFO - Marking task as FAILED. dag_id=pipeline_dag, task_id=extract_csv, run_id=scheduled__2024-03-14T00:00:00+00:00, execution_date=20240314T000000, start_date=20240702T164626, end_date=20240702T164626
[2024-07-02T16:46:26.766+0000] {standard_task_runner.py:110} ERROR - Failed to execute job 1922 for task extract_csv (Command 'meltano elt tap-csv target-csv --transform=run' returned non-zero exit status 127.; 1497)
[2024-07-02T16:46:26.820+0000] {local_task_job_runner.py:240} INFO - Task exited with return code 1
[2024-07-02T16:46:26.877+0000] {taskinstance.py:3503} INFO - 0 downstream tasks scheduled from follow-on schedule check
[2024-07-02T16:46:26.885+0000] {local_task_job_runner.py:222} INFO - ::endgroup::
[2024-07-03T16:43:45.467+0000] {local_task_job_runner.py:120} INFO - ::group::Pre task execution logs
[2024-07-03T16:43:45.559+0000] {taskinstance.py:2076} INFO - Dependencies all met for dep_context=non-requeueable deps ti=<TaskInstance: pipeline_dag.extract_csv scheduled__2024-03-14T00:00:00+00:00 [queued]>
[2024-07-03T16:43:45.572+0000] {taskinstance.py:2076} INFO - Dependencies all met for dep_context=requeueable deps ti=<TaskInstance: pipeline_dag.extract_csv scheduled__2024-03-14T00:00:00+00:00 [queued]>
[2024-07-03T16:43:45.573+0000] {taskinstance.py:2306} INFO - Starting attempt 2 of 2
[2024-07-03T16:43:46.462+0000] {taskinstance.py:2330} INFO - Executing <Task(PythonOperator): extract_csv> on 2024-03-14 00:00:00+00:00
[2024-07-03T16:43:46.510+0000] {logging_mixin.py:188} WARNING - /home/airflow/.local/lib/python3.12/site-packages/airflow/task/task_runner/standard_task_runner.py:61 DeprecationWarning: This process (pid=2978) is multi-threaded, use of fork() may lead to deadlocks in the child.
[2024-07-03T16:43:46.517+0000] {standard_task_runner.py:63} INFO - Started process 2985 to run task
[2024-07-03T16:43:46.517+0000] {standard_task_runner.py:90} INFO - Running: ['airflow', 'tasks', 'run', 'pipeline_dag', 'extract_csv', 'scheduled__2024-03-14T00:00:00+00:00', '--job-id', '2803', '--raw', '--subdir', 'DAGS_FOLDER/northwind_dag_teste.py', '--cfg-path', '/tmp/tmpxv3en2cp']
[2024-07-03T16:43:46.527+0000] {standard_task_runner.py:91} INFO - Job 2803: Subtask extract_csv
[2024-07-03T16:43:47.525+0000] {task_command.py:426} INFO - Running <TaskInstance: pipeline_dag.extract_csv scheduled__2024-03-14T00:00:00+00:00 [running]> on host 3c2535f14011
[2024-07-03T16:43:47.887+0000] {taskinstance.py:2648} INFO - Exporting env vars: AIRFLOW_CTX_DAG_OWNER='airflow' AIRFLOW_CTX_DAG_ID='pipeline_dag' AIRFLOW_CTX_TASK_ID='extract_csv' AIRFLOW_CTX_EXECUTION_DATE='2024-03-14T00:00:00+00:00' AIRFLOW_CTX_TRY_NUMBER='2' AIRFLOW_CTX_DAG_RUN_ID='scheduled__2024-03-14T00:00:00+00:00'
[2024-07-03T16:43:47.894+0000] {taskinstance.py:430} INFO - ::endgroup::
[2024-07-03T16:43:47.944+0000] {logging_mixin.py:188} INFO - Command failed with error: Command 'meltano elt tap-csv target-csv --transform=run --job_id=extract_csv_2024-03-14' returned non-zero exit status 127.
[2024-07-03T16:43:47.945+0000] {taskinstance.py:441} INFO - ::group::Post task execution logs
[2024-07-03T16:43:47.947+0000] {taskinstance.py:2905} ERROR - Task failed with exception
Traceback (most recent call last):
  File "/home/airflow/.local/lib/python3.12/site-packages/airflow/models/taskinstance.py", line 465, in _execute_task
    result = _execute_callable(context=context, **execute_callable_kwargs)
             ^^^^^^^^^^^^^^^^^^^^^^^^^^^^^^^^^^^^^^^^^^^^^^^^^^^^^^^^^^^^^
  File "/home/airflow/.local/lib/python3.12/site-packages/airflow/models/taskinstance.py", line 432, in _execute_callable
    return execute_callable(context=context, **execute_callable_kwargs)
           ^^^^^^^^^^^^^^^^^^^^^^^^^^^^^^^^^^^^^^^^^^^^^^^^^^^^^^^^^^^^
  File "/home/airflow/.local/lib/python3.12/site-packages/airflow/models/baseoperator.py", line 401, in wrapper
    return func(self, *args, **kwargs)
           ^^^^^^^^^^^^^^^^^^^^^^^^^^^
  File "/home/airflow/.local/lib/python3.12/site-packages/airflow/operators/python.py", line 235, in execute
    return_value = self.execute_callable()
                   ^^^^^^^^^^^^^^^^^^^^^^^
  File "/home/airflow/.local/lib/python3.12/site-packages/airflow/operators/python.py", line 252, in execute_callable
    return self.python_callable(*self.op_args, **self.op_kwargs)
           ^^^^^^^^^^^^^^^^^^^^^^^^^^^^^^^^^^^^^^^^^^^^^^^^^^^^^
  File "/opt/airflow/dags/northwind_dag_teste.py", line 38, in extract_csv
    subprocess.run(extract_command, shell=True, check=True)
  File "/usr/local/lib/python3.12/subprocess.py", line 571, in run
    raise CalledProcessError(retcode, process.args,
subprocess.CalledProcessError: Command 'meltano elt tap-csv target-csv --transform=run --job_id=extract_csv_2024-03-14' returned non-zero exit status 127.
[2024-07-03T16:43:47.992+0000] {taskinstance.py:1206} INFO - Marking task as FAILED. dag_id=pipeline_dag, task_id=extract_csv, run_id=scheduled__2024-03-14T00:00:00+00:00, execution_date=20240314T000000, start_date=20240703T164345, end_date=20240703T164347
[2024-07-03T16:43:48.019+0000] {standard_task_runner.py:110} ERROR - Failed to execute job 2803 for task extract_csv (Command 'meltano elt tap-csv target-csv --transform=run --job_id=extract_csv_2024-03-14' returned non-zero exit status 127.; 2985)
[2024-07-03T16:43:48.032+0000] {local_task_job_runner.py:240} INFO - Task exited with return code 1
[2024-07-03T16:43:48.054+0000] {local_task_job_runner.py:222} INFO - ::endgroup::
