[2024-06-30T20:58:36.130+0000] {local_task_job_runner.py:120} INFO - ::group::Pre task execution logs
[2024-06-30T20:58:36.190+0000] {taskinstance.py:2076} INFO - Dependencies all met for dep_context=non-requeueable deps ti=<TaskInstance: dag_northwind.extract_postgres scheduled__2024-01-19T00:00:00+00:00 [queued]>
[2024-06-30T20:58:36.203+0000] {taskinstance.py:2076} INFO - Dependencies all met for dep_context=requeueable deps ti=<TaskInstance: dag_northwind.extract_postgres scheduled__2024-01-19T00:00:00+00:00 [queued]>
[2024-06-30T20:58:36.204+0000] {taskinstance.py:2306} INFO - Starting attempt 1 of 2
[2024-06-30T20:58:36.278+0000] {taskinstance.py:2330} INFO - Executing <Task(BashOperator): extract_postgres> on 2024-01-19 00:00:00+00:00
[2024-06-30T20:58:36.287+0000] {logging_mixin.py:188} WARNING - /home/airflow/.local/lib/python3.12/site-packages/airflow/task/task_runner/standard_task_runner.py:61 DeprecationWarning: This process (pid=748) is multi-threaded, use of fork() may lead to deadlocks in the child.
[2024-06-30T20:58:36.288+0000] {standard_task_runner.py:63} INFO - Started process 755 to run task
[2024-06-30T20:58:36.287+0000] {standard_task_runner.py:90} INFO - Running: ['airflow', 'tasks', 'run', 'dag_northwind', 'extract_postgres', 'scheduled__2024-01-19T00:00:00+00:00', '--job-id', '425', '--raw', '--subdir', 'DAGS_FOLDER/dag_northwind.py', '--cfg-path', '/tmp/tmphtcn3j5v']
[2024-06-30T20:58:36.290+0000] {standard_task_runner.py:91} INFO - Job 425: Subtask extract_postgres
[2024-06-30T20:58:36.364+0000] {task_command.py:426} INFO - Running <TaskInstance: dag_northwind.extract_postgres scheduled__2024-01-19T00:00:00+00:00 [running]> on host a7d76f00647b
[2024-06-30T20:58:36.497+0000] {taskinstance.py:2648} INFO - Exporting env vars: AIRFLOW_CTX_DAG_OWNER='airflow' AIRFLOW_CTX_DAG_ID='dag_northwind' AIRFLOW_CTX_TASK_ID='extract_postgres' AIRFLOW_CTX_EXECUTION_DATE='2024-01-19T00:00:00+00:00' AIRFLOW_CTX_TRY_NUMBER='1' AIRFLOW_CTX_DAG_RUN_ID='scheduled__2024-01-19T00:00:00+00:00'
[2024-06-30T20:58:36.498+0000] {taskinstance.py:430} INFO - ::endgroup::
[2024-06-30T20:58:36.527+0000] {subprocess.py:63} INFO - Tmp dir root location: /tmp
[2024-06-30T20:58:36.528+0000] {subprocess.py:75} INFO - Running command: ['/usr/bin/bash', '-c', 'meltano elt tap-postgres target-csv --job_id=extract_postgres_2024-01-19 && mkdir -p /data/postgres/2024-01-19 && mv /project/output/tap-postgres/*.csv /data/postgres/2024-01-19/']
[2024-06-30T20:58:36.540+0000] {subprocess.py:86} INFO - Output:
[2024-06-30T20:58:36.543+0000] {subprocess.py:93} INFO - /usr/bin/bash: line 1: meltano: command not found
[2024-06-30T20:58:36.544+0000] {subprocess.py:97} INFO - Command exited with return code 127
[2024-06-30T20:58:36.545+0000] {taskinstance.py:441} INFO - ::group::Post task execution logs
[2024-06-30T20:58:36.560+0000] {taskinstance.py:2905} ERROR - Task failed with exception
Traceback (most recent call last):
  File "/home/airflow/.local/lib/python3.12/site-packages/airflow/models/taskinstance.py", line 465, in _execute_task
    result = _execute_callable(context=context, **execute_callable_kwargs)
             ^^^^^^^^^^^^^^^^^^^^^^^^^^^^^^^^^^^^^^^^^^^^^^^^^^^^^^^^^^^^^
  File "/home/airflow/.local/lib/python3.12/site-packages/airflow/models/taskinstance.py", line 432, in _execute_callable
    return execute_callable(context=context, **execute_callable_kwargs)
           ^^^^^^^^^^^^^^^^^^^^^^^^^^^^^^^^^^^^^^^^^^^^^^^^^^^^^^^^^^^^
  File "/home/airflow/.local/lib/python3.12/site-packages/airflow/models/baseoperator.py", line 401, in wrapper
    return func(self, *args, **kwargs)
           ^^^^^^^^^^^^^^^^^^^^^^^^^^^
  File "/home/airflow/.local/lib/python3.12/site-packages/airflow/operators/bash.py", line 243, in execute
    raise AirflowException(
airflow.exceptions.AirflowException: Bash command failed. The command returned a non-zero exit code 127.
[2024-06-30T20:58:36.568+0000] {taskinstance.py:1206} INFO - Marking task as UP_FOR_RETRY. dag_id=dag_northwind, task_id=extract_postgres, run_id=scheduled__2024-01-19T00:00:00+00:00, execution_date=20240119T000000, start_date=20240630T205836, end_date=20240630T205836
[2024-06-30T20:58:36.654+0000] {standard_task_runner.py:110} ERROR - Failed to execute job 425 for task extract_postgres (Bash command failed. The command returned a non-zero exit code 127.; 755)
[2024-06-30T20:58:36.703+0000] {local_task_job_runner.py:240} INFO - Task exited with return code 1
[2024-06-30T20:58:36.720+0000] {local_task_job_runner.py:222} INFO - ::endgroup::
[2024-07-01T10:06:13.015+0000] {local_task_job_runner.py:120} INFO - ::group::Pre task execution logs
[2024-07-01T10:06:13.098+0000] {taskinstance.py:2076} INFO - Dependencies all met for dep_context=non-requeueable deps ti=<TaskInstance: dag_northwind.extract_postgres scheduled__2024-01-19T00:00:00+00:00 [queued]>
[2024-07-01T10:06:13.121+0000] {taskinstance.py:2076} INFO - Dependencies all met for dep_context=requeueable deps ti=<TaskInstance: dag_northwind.extract_postgres scheduled__2024-01-19T00:00:00+00:00 [queued]>
[2024-07-01T10:06:13.122+0000] {taskinstance.py:2306} INFO - Starting attempt 1 of 2
[2024-07-01T10:06:13.245+0000] {taskinstance.py:2330} INFO - Executing <Task(BashOperator): extract_postgres> on 2024-01-19 00:00:00+00:00
[2024-07-01T10:06:13.266+0000] {logging_mixin.py:188} WARNING - /home/airflow/.local/lib/python3.12/site-packages/airflow/task/task_runner/standard_task_runner.py:61 DeprecationWarning: This process (pid=5254) is multi-threaded, use of fork() may lead to deadlocks in the child.
[2024-07-01T10:06:13.269+0000] {standard_task_runner.py:63} INFO - Started process 5266 to run task
[2024-07-01T10:06:13.267+0000] {standard_task_runner.py:90} INFO - Running: ['airflow', 'tasks', 'run', 'dag_northwind', 'extract_postgres', 'scheduled__2024-01-19T00:00:00+00:00', '--job-id', '943', '--raw', '--subdir', 'DAGS_FOLDER/dag_northwind.py', '--cfg-path', '/tmp/tmpotc3jbfq']
[2024-07-01T10:06:13.272+0000] {standard_task_runner.py:91} INFO - Job 943: Subtask extract_postgres
[2024-07-01T10:06:13.385+0000] {task_command.py:426} INFO - Running <TaskInstance: dag_northwind.extract_postgres scheduled__2024-01-19T00:00:00+00:00 [running]> on host 85c6ea7cd9cf
[2024-07-01T10:06:13.603+0000] {taskinstance.py:2648} INFO - Exporting env vars: AIRFLOW_CTX_DAG_OWNER='airflow' AIRFLOW_CTX_DAG_ID='dag_northwind' AIRFLOW_CTX_TASK_ID='extract_postgres' AIRFLOW_CTX_EXECUTION_DATE='2024-01-19T00:00:00+00:00' AIRFLOW_CTX_TRY_NUMBER='1' AIRFLOW_CTX_DAG_RUN_ID='scheduled__2024-01-19T00:00:00+00:00'
[2024-07-01T10:06:13.605+0000] {taskinstance.py:430} INFO - ::endgroup::
[2024-07-01T10:06:13.642+0000] {subprocess.py:63} INFO - Tmp dir root location: /tmp
[2024-07-01T10:06:13.644+0000] {subprocess.py:75} INFO - Running command: ['/usr/bin/bash', '-c', 'meltano elt tap-postgres target-csv --job_id=extract_postgres_2024-01-19 && mkdir -p /data/postgres/2024-01-19 && mv /project/output/tap-postgres/*.csv /data/postgres/2024-01-19/']
[2024-07-01T10:06:13.662+0000] {subprocess.py:86} INFO - Output:
[2024-07-01T10:06:13.666+0000] {subprocess.py:93} INFO - /usr/bin/bash: line 1: meltano: command not found
[2024-07-01T10:06:13.668+0000] {subprocess.py:97} INFO - Command exited with return code 127
[2024-07-01T10:06:13.669+0000] {taskinstance.py:441} INFO - ::group::Post task execution logs
[2024-07-01T10:06:13.691+0000] {taskinstance.py:2905} ERROR - Task failed with exception
Traceback (most recent call last):
  File "/home/airflow/.local/lib/python3.12/site-packages/airflow/models/taskinstance.py", line 465, in _execute_task
    result = _execute_callable(context=context, **execute_callable_kwargs)
             ^^^^^^^^^^^^^^^^^^^^^^^^^^^^^^^^^^^^^^^^^^^^^^^^^^^^^^^^^^^^^
  File "/home/airflow/.local/lib/python3.12/site-packages/airflow/models/taskinstance.py", line 432, in _execute_callable
    return execute_callable(context=context, **execute_callable_kwargs)
           ^^^^^^^^^^^^^^^^^^^^^^^^^^^^^^^^^^^^^^^^^^^^^^^^^^^^^^^^^^^^
  File "/home/airflow/.local/lib/python3.12/site-packages/airflow/models/baseoperator.py", line 401, in wrapper
    return func(self, *args, **kwargs)
           ^^^^^^^^^^^^^^^^^^^^^^^^^^^
  File "/home/airflow/.local/lib/python3.12/site-packages/airflow/operators/bash.py", line 243, in execute
    raise AirflowException(
airflow.exceptions.AirflowException: Bash command failed. The command returned a non-zero exit code 127.
[2024-07-01T10:06:13.701+0000] {taskinstance.py:1206} INFO - Marking task as UP_FOR_RETRY. dag_id=dag_northwind, task_id=extract_postgres, run_id=scheduled__2024-01-19T00:00:00+00:00, execution_date=20240119T000000, start_date=20240701T100613, end_date=20240701T100613
[2024-07-01T10:06:13.767+0000] {standard_task_runner.py:110} ERROR - Failed to execute job 943 for task extract_postgres (Bash command failed. The command returned a non-zero exit code 127.; 5266)
[2024-07-01T10:06:13.817+0000] {local_task_job_runner.py:240} INFO - Task exited with return code 1
[2024-07-01T10:06:13.877+0000] {taskinstance.py:3503} INFO - 0 downstream tasks scheduled from follow-on schedule check
[2024-07-01T10:06:13.880+0000] {local_task_job_runner.py:222} INFO - ::endgroup::
