[2024-07-01T01:20:30.002+0000] {local_task_job_runner.py:120} INFO - ::group::Pre task execution logs
[2024-07-01T01:20:30.092+0000] {taskinstance.py:2076} INFO - Dependencies all met for dep_context=non-requeueable deps ti=<TaskInstance: dag_northwind.extract_postgres scheduled__2024-03-10T00:00:00+00:00 [queued]>
[2024-07-01T01:20:30.110+0000] {taskinstance.py:2076} INFO - Dependencies all met for dep_context=requeueable deps ti=<TaskInstance: dag_northwind.extract_postgres scheduled__2024-03-10T00:00:00+00:00 [queued]>
[2024-07-01T01:20:30.111+0000] {taskinstance.py:2306} INFO - Starting attempt 1 of 2
[2024-07-01T01:20:30.159+0000] {taskinstance.py:2330} INFO - Executing <Task(BashOperator): extract_postgres> on 2024-03-10 00:00:00+00:00
[2024-07-01T01:20:30.174+0000] {logging_mixin.py:188} WARNING - /home/airflow/.local/lib/python3.12/site-packages/airflow/task/task_runner/standard_task_runner.py:61 DeprecationWarning: This process (pid=604) is multi-threaded, use of fork() may lead to deadlocks in the child.
[2024-07-01T01:20:30.176+0000] {standard_task_runner.py:63} INFO - Started process 626 to run task
[2024-07-01T01:20:30.186+0000] {standard_task_runner.py:90} INFO - Running: ['airflow', 'tasks', 'run', 'dag_northwind', 'extract_postgres', 'scheduled__2024-03-10T00:00:00+00:00', '--job-id', '596', '--raw', '--subdir', 'DAGS_FOLDER/dag_northwind.py', '--cfg-path', '/tmp/tmpx6wow74f']
[2024-07-01T01:20:30.190+0000] {standard_task_runner.py:91} INFO - Job 596: Subtask extract_postgres
[2024-07-01T01:20:30.294+0000] {task_command.py:426} INFO - Running <TaskInstance: dag_northwind.extract_postgres scheduled__2024-03-10T00:00:00+00:00 [running]> on host 05d913303710
[2024-07-01T01:20:30.499+0000] {taskinstance.py:2648} INFO - Exporting env vars: AIRFLOW_CTX_DAG_OWNER='airflow' AIRFLOW_CTX_DAG_ID='dag_northwind' AIRFLOW_CTX_TASK_ID='extract_postgres' AIRFLOW_CTX_EXECUTION_DATE='2024-03-10T00:00:00+00:00' AIRFLOW_CTX_TRY_NUMBER='1' AIRFLOW_CTX_DAG_RUN_ID='scheduled__2024-03-10T00:00:00+00:00'
[2024-07-01T01:20:30.500+0000] {taskinstance.py:430} INFO - ::endgroup::
[2024-07-01T01:20:30.532+0000] {subprocess.py:63} INFO - Tmp dir root location: /tmp
[2024-07-01T01:20:30.534+0000] {subprocess.py:75} INFO - Running command: ['/usr/bin/bash', '-c', 'meltano elt tap-postgres target-csv --job_id=extract_postgres_2024-03-10 && mkdir -p /data/postgres/2024-03-10 && mv /project/output/tap-postgres/*.csv /data/postgres/2024-03-10/']
[2024-07-01T01:20:30.546+0000] {subprocess.py:86} INFO - Output:
[2024-07-01T01:20:30.549+0000] {subprocess.py:93} INFO - /usr/bin/bash: line 1: meltano: command not found
[2024-07-01T01:20:30.550+0000] {subprocess.py:97} INFO - Command exited with return code 127
[2024-07-01T01:20:30.551+0000] {taskinstance.py:441} INFO - ::group::Post task execution logs
[2024-07-01T01:20:30.566+0000] {taskinstance.py:2905} ERROR - Task failed with exception
Traceback (most recent call last):
  File "/home/airflow/.local/lib/python3.12/site-packages/airflow/models/taskinstance.py", line 465, in _execute_task
    result = _execute_callable(context=context, **execute_callable_kwargs)
             ^^^^^^^^^^^^^^^^^^^^^^^^^^^^^^^^^^^^^^^^^^^^^^^^^^^^^^^^^^^^^
  File "/home/airflow/.local/lib/python3.12/site-packages/airflow/models/taskinstance.py", line 432, in _execute_callable
    return execute_callable(context=context, **execute_callable_kwargs)
           ^^^^^^^^^^^^^^^^^^^^^^^^^^^^^^^^^^^^^^^^^^^^^^^^^^^^^^^^^^^^
  File "/home/airflow/.local/lib/python3.12/site-packages/airflow/models/baseoperator.py", line 401, in wrapper
    return func(self, *args, **kwargs)
           ^^^^^^^^^^^^^^^^^^^^^^^^^^^
  File "/home/airflow/.local/lib/python3.12/site-packages/airflow/operators/bash.py", line 243, in execute
    raise AirflowException(
airflow.exceptions.AirflowException: Bash command failed. The command returned a non-zero exit code 127.
[2024-07-01T01:20:30.573+0000] {taskinstance.py:1206} INFO - Marking task as UP_FOR_RETRY. dag_id=dag_northwind, task_id=extract_postgres, run_id=scheduled__2024-03-10T00:00:00+00:00, execution_date=20240310T000000, start_date=20240701T012030, end_date=20240701T012030
[2024-07-01T01:20:30.596+0000] {standard_task_runner.py:110} ERROR - Failed to execute job 596 for task extract_postgres (Bash command failed. The command returned a non-zero exit code 127.; 626)
[2024-07-01T01:20:30.633+0000] {local_task_job_runner.py:240} INFO - Task exited with return code 1
[2024-07-01T01:20:30.653+0000] {local_task_job_runner.py:222} INFO - ::endgroup::
[2024-07-01T10:21:36.864+0000] {local_task_job_runner.py:120} INFO - ::group::Pre task execution logs
[2024-07-01T10:21:36.948+0000] {taskinstance.py:2076} INFO - Dependencies all met for dep_context=non-requeueable deps ti=<TaskInstance: dag_northwind.extract_postgres scheduled__2024-03-10T00:00:00+00:00 [queued]>
[2024-07-01T10:21:36.962+0000] {taskinstance.py:2076} INFO - Dependencies all met for dep_context=requeueable deps ti=<TaskInstance: dag_northwind.extract_postgres scheduled__2024-03-10T00:00:00+00:00 [queued]>
[2024-07-01T10:21:36.963+0000] {taskinstance.py:2306} INFO - Starting attempt 1 of 2
[2024-07-01T10:21:37.061+0000] {taskinstance.py:2330} INFO - Executing <Task(BashOperator): extract_postgres> on 2024-03-10 00:00:00+00:00
[2024-07-01T10:21:37.075+0000] {logging_mixin.py:188} WARNING - /home/airflow/.local/lib/python3.12/site-packages/airflow/task/task_runner/standard_task_runner.py:61 DeprecationWarning: This process (pid=6185) is multi-threaded, use of fork() may lead to deadlocks in the child.
[2024-07-01T10:21:37.074+0000] {standard_task_runner.py:90} INFO - Running: ['airflow', 'tasks', 'run', 'dag_northwind', 'extract_postgres', 'scheduled__2024-03-10T00:00:00+00:00', '--job-id', '1142', '--raw', '--subdir', 'DAGS_FOLDER/dag_northwind.py', '--cfg-path', '/tmp/tmpdffgikjo']
[2024-07-01T10:21:37.078+0000] {standard_task_runner.py:63} INFO - Started process 6207 to run task
[2024-07-01T10:21:37.079+0000] {standard_task_runner.py:91} INFO - Job 1142: Subtask extract_postgres
[2024-07-01T10:21:37.189+0000] {task_command.py:426} INFO - Running <TaskInstance: dag_northwind.extract_postgres scheduled__2024-03-10T00:00:00+00:00 [running]> on host 85c6ea7cd9cf
[2024-07-01T10:21:37.341+0000] {taskinstance.py:2648} INFO - Exporting env vars: AIRFLOW_CTX_DAG_OWNER='airflow' AIRFLOW_CTX_DAG_ID='dag_northwind' AIRFLOW_CTX_TASK_ID='extract_postgres' AIRFLOW_CTX_EXECUTION_DATE='2024-03-10T00:00:00+00:00' AIRFLOW_CTX_TRY_NUMBER='1' AIRFLOW_CTX_DAG_RUN_ID='scheduled__2024-03-10T00:00:00+00:00'
[2024-07-01T10:21:37.342+0000] {taskinstance.py:430} INFO - ::endgroup::
[2024-07-01T10:21:37.380+0000] {subprocess.py:63} INFO - Tmp dir root location: /tmp
[2024-07-01T10:21:37.382+0000] {subprocess.py:75} INFO - Running command: ['/usr/bin/bash', '-c', 'meltano elt tap-postgres target-csv --job_id=extract_postgres_2024-03-10 && mkdir -p /data/postgres/2024-03-10 && mv /project/output/tap-postgres/*.csv /data/postgres/2024-03-10/']
[2024-07-01T10:21:37.401+0000] {subprocess.py:86} INFO - Output:
[2024-07-01T10:21:37.404+0000] {subprocess.py:93} INFO - /usr/bin/bash: line 1: meltano: command not found
[2024-07-01T10:21:37.405+0000] {subprocess.py:97} INFO - Command exited with return code 127
[2024-07-01T10:21:37.406+0000] {taskinstance.py:441} INFO - ::group::Post task execution logs
[2024-07-01T10:21:37.426+0000] {taskinstance.py:2905} ERROR - Task failed with exception
Traceback (most recent call last):
  File "/home/airflow/.local/lib/python3.12/site-packages/airflow/models/taskinstance.py", line 465, in _execute_task
    result = _execute_callable(context=context, **execute_callable_kwargs)
             ^^^^^^^^^^^^^^^^^^^^^^^^^^^^^^^^^^^^^^^^^^^^^^^^^^^^^^^^^^^^^
  File "/home/airflow/.local/lib/python3.12/site-packages/airflow/models/taskinstance.py", line 432, in _execute_callable
    return execute_callable(context=context, **execute_callable_kwargs)
           ^^^^^^^^^^^^^^^^^^^^^^^^^^^^^^^^^^^^^^^^^^^^^^^^^^^^^^^^^^^^
  File "/home/airflow/.local/lib/python3.12/site-packages/airflow/models/baseoperator.py", line 401, in wrapper
    return func(self, *args, **kwargs)
           ^^^^^^^^^^^^^^^^^^^^^^^^^^^
  File "/home/airflow/.local/lib/python3.12/site-packages/airflow/operators/bash.py", line 243, in execute
    raise AirflowException(
airflow.exceptions.AirflowException: Bash command failed. The command returned a non-zero exit code 127.
[2024-07-01T10:21:37.439+0000] {taskinstance.py:1206} INFO - Marking task as UP_FOR_RETRY. dag_id=dag_northwind, task_id=extract_postgres, run_id=scheduled__2024-03-10T00:00:00+00:00, execution_date=20240310T000000, start_date=20240701T102136, end_date=20240701T102137
[2024-07-01T10:21:37.467+0000] {standard_task_runner.py:110} ERROR - Failed to execute job 1142 for task extract_postgres (Bash command failed. The command returned a non-zero exit code 127.; 6207)
[2024-07-01T10:21:37.497+0000] {local_task_job_runner.py:240} INFO - Task exited with return code 1
[2024-07-01T10:21:37.532+0000] {taskinstance.py:3503} INFO - 0 downstream tasks scheduled from follow-on schedule check
[2024-07-01T10:21:37.535+0000] {local_task_job_runner.py:222} INFO - ::endgroup::
