[2024-07-02T16:46:26.043+0000] {local_task_job_runner.py:120} INFO - ::group::Pre task execution logs
[2024-07-02T16:46:26.124+0000] {taskinstance.py:2076} INFO - Dependencies all met for dep_context=non-requeueable deps ti=<TaskInstance: pipeline_dag.extract_csv scheduled__2024-03-18T00:00:00+00:00 [queued]>
[2024-07-02T16:46:26.150+0000] {taskinstance.py:2076} INFO - Dependencies all met for dep_context=requeueable deps ti=<TaskInstance: pipeline_dag.extract_csv scheduled__2024-03-18T00:00:00+00:00 [queued]>
[2024-07-02T16:46:26.153+0000] {taskinstance.py:2306} INFO - Starting attempt 2 of 2
[2024-07-02T16:46:26.204+0000] {taskinstance.py:2330} INFO - Executing <Task(PythonOperator): extract_csv> on 2024-03-18 00:00:00+00:00
[2024-07-02T16:46:26.222+0000] {logging_mixin.py:188} WARNING - /home/airflow/.local/lib/python3.12/site-packages/airflow/task/task_runner/standard_task_runner.py:61 DeprecationWarning: This process (pid=1483) is multi-threaded, use of fork() may lead to deadlocks in the child.
[2024-07-02T16:46:26.225+0000] {standard_task_runner.py:63} INFO - Started process 1495 to run task
[2024-07-02T16:46:26.222+0000] {standard_task_runner.py:90} INFO - Running: ['airflow', 'tasks', 'run', 'pipeline_dag', 'extract_csv', 'scheduled__2024-03-18T00:00:00+00:00', '--job-id', '1916', '--raw', '--subdir', 'DAGS_FOLDER/dag_northwind.py', '--cfg-path', '/tmp/tmpd8ghm9w2']
[2024-07-02T16:46:26.226+0000] {standard_task_runner.py:91} INFO - Job 1916: Subtask extract_csv
[2024-07-02T16:46:26.379+0000] {task_command.py:426} INFO - Running <TaskInstance: pipeline_dag.extract_csv scheduled__2024-03-18T00:00:00+00:00 [running]> on host ee7e13960694
[2024-07-02T16:46:26.608+0000] {taskinstance.py:2648} INFO - Exporting env vars: AIRFLOW_CTX_DAG_OWNER='airflow' AIRFLOW_CTX_DAG_ID='pipeline_dag' AIRFLOW_CTX_TASK_ID='extract_csv' AIRFLOW_CTX_EXECUTION_DATE='2024-03-18T00:00:00+00:00' AIRFLOW_CTX_TRY_NUMBER='2' AIRFLOW_CTX_DAG_RUN_ID='scheduled__2024-03-18T00:00:00+00:00'
[2024-07-02T16:46:26.613+0000] {taskinstance.py:430} INFO - ::endgroup::
[2024-07-02T16:46:26.666+0000] {logging_mixin.py:188} INFO - Command failed with error: Command 'meltano elt tap-csv target-csv --transform=run' returned non-zero exit status 127.
[2024-07-02T16:46:26.667+0000] {taskinstance.py:441} INFO - ::group::Post task execution logs
[2024-07-02T16:46:26.668+0000] {taskinstance.py:2905} ERROR - Task failed with exception
Traceback (most recent call last):
  File "/home/airflow/.local/lib/python3.12/site-packages/airflow/models/taskinstance.py", line 465, in _execute_task
    result = _execute_callable(context=context, **execute_callable_kwargs)
             ^^^^^^^^^^^^^^^^^^^^^^^^^^^^^^^^^^^^^^^^^^^^^^^^^^^^^^^^^^^^^
  File "/home/airflow/.local/lib/python3.12/site-packages/airflow/models/taskinstance.py", line 432, in _execute_callable
    return execute_callable(context=context, **execute_callable_kwargs)
           ^^^^^^^^^^^^^^^^^^^^^^^^^^^^^^^^^^^^^^^^^^^^^^^^^^^^^^^^^^^^
  File "/home/airflow/.local/lib/python3.12/site-packages/airflow/models/baseoperator.py", line 401, in wrapper
    return func(self, *args, **kwargs)
           ^^^^^^^^^^^^^^^^^^^^^^^^^^^
  File "/home/airflow/.local/lib/python3.12/site-packages/airflow/operators/python.py", line 235, in execute
    return_value = self.execute_callable()
                   ^^^^^^^^^^^^^^^^^^^^^^^
  File "/home/airflow/.local/lib/python3.12/site-packages/airflow/operators/python.py", line 252, in execute_callable
    return self.python_callable(*self.op_args, **self.op_kwargs)
           ^^^^^^^^^^^^^^^^^^^^^^^^^^^^^^^^^^^^^^^^^^^^^^^^^^^^^
  File "/opt/airflow/dags/dag_northwind.py", line 36, in extract_csv
    subprocess.run(extract_command, shell=True, check=True)
  File "/usr/local/lib/python3.12/subprocess.py", line 571, in run
    raise CalledProcessError(retcode, process.args,
subprocess.CalledProcessError: Command 'meltano elt tap-csv target-csv --transform=run' returned non-zero exit status 127.
[2024-07-02T16:46:26.701+0000] {taskinstance.py:1206} INFO - Marking task as FAILED. dag_id=pipeline_dag, task_id=extract_csv, run_id=scheduled__2024-03-18T00:00:00+00:00, execution_date=20240318T000000, start_date=20240702T164626, end_date=20240702T164626
[2024-07-02T16:46:26.741+0000] {standard_task_runner.py:110} ERROR - Failed to execute job 1916 for task extract_csv (Command 'meltano elt tap-csv target-csv --transform=run' returned non-zero exit status 127.; 1495)
[2024-07-02T16:46:26.762+0000] {local_task_job_runner.py:240} INFO - Task exited with return code 1
[2024-07-02T16:46:26.783+0000] {local_task_job_runner.py:222} INFO - ::endgroup::
[2024-07-03T16:43:48.778+0000] {local_task_job_runner.py:120} INFO - ::group::Pre task execution logs
[2024-07-03T16:43:48.911+0000] {taskinstance.py:2076} INFO - Dependencies all met for dep_context=non-requeueable deps ti=<TaskInstance: pipeline_dag.extract_csv scheduled__2024-03-18T00:00:00+00:00 [queued]>
[2024-07-03T16:43:48.937+0000] {taskinstance.py:2076} INFO - Dependencies all met for dep_context=requeueable deps ti=<TaskInstance: pipeline_dag.extract_csv scheduled__2024-03-18T00:00:00+00:00 [queued]>
[2024-07-03T16:43:48.939+0000] {taskinstance.py:2306} INFO - Starting attempt 2 of 2
[2024-07-03T16:43:48.995+0000] {taskinstance.py:2330} INFO - Executing <Task(PythonOperator): extract_csv> on 2024-03-18 00:00:00+00:00
[2024-07-03T16:43:49.015+0000] {logging_mixin.py:188} WARNING - /home/airflow/.local/lib/python3.12/site-packages/airflow/task/task_runner/standard_task_runner.py:61 DeprecationWarning: This process (pid=3004) is multi-threaded, use of fork() may lead to deadlocks in the child.
[2024-07-03T16:43:49.018+0000] {standard_task_runner.py:63} INFO - Started process 3031 to run task
[2024-07-03T16:43:49.019+0000] {standard_task_runner.py:90} INFO - Running: ['airflow', 'tasks', 'run', 'pipeline_dag', 'extract_csv', 'scheduled__2024-03-18T00:00:00+00:00', '--job-id', '2818', '--raw', '--subdir', 'DAGS_FOLDER/northwind_dag_teste.py', '--cfg-path', '/tmp/tmp6o81opne']
[2024-07-03T16:43:49.031+0000] {standard_task_runner.py:91} INFO - Job 2818: Subtask extract_csv
[2024-07-03T16:43:49.172+0000] {task_command.py:426} INFO - Running <TaskInstance: pipeline_dag.extract_csv scheduled__2024-03-18T00:00:00+00:00 [running]> on host 3c2535f14011
[2024-07-03T16:43:49.366+0000] {taskinstance.py:2648} INFO - Exporting env vars: AIRFLOW_CTX_DAG_OWNER='airflow' AIRFLOW_CTX_DAG_ID='pipeline_dag' AIRFLOW_CTX_TASK_ID='extract_csv' AIRFLOW_CTX_EXECUTION_DATE='2024-03-18T00:00:00+00:00' AIRFLOW_CTX_TRY_NUMBER='2' AIRFLOW_CTX_DAG_RUN_ID='scheduled__2024-03-18T00:00:00+00:00'
[2024-07-03T16:43:49.368+0000] {taskinstance.py:430} INFO - ::endgroup::
[2024-07-03T16:43:49.404+0000] {logging_mixin.py:188} INFO - Command failed with error: Command 'meltano elt tap-csv target-csv --transform=run --job_id=extract_csv_2024-03-18' returned non-zero exit status 127.
[2024-07-03T16:43:49.405+0000] {taskinstance.py:441} INFO - ::group::Post task execution logs
[2024-07-03T16:43:49.406+0000] {taskinstance.py:2905} ERROR - Task failed with exception
Traceback (most recent call last):
  File "/home/airflow/.local/lib/python3.12/site-packages/airflow/models/taskinstance.py", line 465, in _execute_task
    result = _execute_callable(context=context, **execute_callable_kwargs)
             ^^^^^^^^^^^^^^^^^^^^^^^^^^^^^^^^^^^^^^^^^^^^^^^^^^^^^^^^^^^^^
  File "/home/airflow/.local/lib/python3.12/site-packages/airflow/models/taskinstance.py", line 432, in _execute_callable
    return execute_callable(context=context, **execute_callable_kwargs)
           ^^^^^^^^^^^^^^^^^^^^^^^^^^^^^^^^^^^^^^^^^^^^^^^^^^^^^^^^^^^^
  File "/home/airflow/.local/lib/python3.12/site-packages/airflow/models/baseoperator.py", line 401, in wrapper
    return func(self, *args, **kwargs)
           ^^^^^^^^^^^^^^^^^^^^^^^^^^^
  File "/home/airflow/.local/lib/python3.12/site-packages/airflow/operators/python.py", line 235, in execute
    return_value = self.execute_callable()
                   ^^^^^^^^^^^^^^^^^^^^^^^
  File "/home/airflow/.local/lib/python3.12/site-packages/airflow/operators/python.py", line 252, in execute_callable
    return self.python_callable(*self.op_args, **self.op_kwargs)
           ^^^^^^^^^^^^^^^^^^^^^^^^^^^^^^^^^^^^^^^^^^^^^^^^^^^^^
  File "/opt/airflow/dags/northwind_dag_teste.py", line 38, in extract_csv
    subprocess.run(extract_command, shell=True, check=True)
  File "/usr/local/lib/python3.12/subprocess.py", line 571, in run
    raise CalledProcessError(retcode, process.args,
subprocess.CalledProcessError: Command 'meltano elt tap-csv target-csv --transform=run --job_id=extract_csv_2024-03-18' returned non-zero exit status 127.
[2024-07-03T16:43:49.428+0000] {taskinstance.py:1206} INFO - Marking task as FAILED. dag_id=pipeline_dag, task_id=extract_csv, run_id=scheduled__2024-03-18T00:00:00+00:00, execution_date=20240318T000000, start_date=20240703T164348, end_date=20240703T164349
[2024-07-03T16:43:49.452+0000] {standard_task_runner.py:110} ERROR - Failed to execute job 2818 for task extract_csv (Command 'meltano elt tap-csv target-csv --transform=run --job_id=extract_csv_2024-03-18' returned non-zero exit status 127.; 3031)
[2024-07-03T16:43:49.498+0000] {local_task_job_runner.py:240} INFO - Task exited with return code 1
[2024-07-03T16:43:49.536+0000] {taskinstance.py:3503} INFO - 0 downstream tasks scheduled from follow-on schedule check
[2024-07-03T16:43:49.541+0000] {local_task_job_runner.py:222} INFO - ::endgroup::
