[2024-07-01T01:25:31.575+0000] {local_task_job_runner.py:120} INFO - ::group::Pre task execution logs
[2024-07-01T01:25:31.714+0000] {taskinstance.py:2076} INFO - Dependencies all met for dep_context=non-requeueable deps ti=<TaskInstance: dag_northwind.extract_csv scheduled__2024-03-11T00:00:00+00:00 [queued]>
[2024-07-01T01:25:31.734+0000] {taskinstance.py:2076} INFO - Dependencies all met for dep_context=requeueable deps ti=<TaskInstance: dag_northwind.extract_csv scheduled__2024-03-11T00:00:00+00:00 [queued]>
[2024-07-01T01:25:31.736+0000] {taskinstance.py:2306} INFO - Starting attempt 2 of 2
[2024-07-01T01:25:31.918+0000] {taskinstance.py:2330} INFO - Executing <Task(BashOperator): extract_csv> on 2024-03-11 00:00:00+00:00
[2024-07-01T01:25:31.965+0000] {logging_mixin.py:188} WARNING - /home/airflow/.local/lib/python3.12/site-packages/airflow/task/task_runner/standard_task_runner.py:61 DeprecationWarning: This process (pid=785) is multi-threaded, use of fork() may lead to deadlocks in the child.
[2024-07-01T01:25:31.979+0000] {standard_task_runner.py:63} INFO - Started process 806 to run task
[2024-07-01T01:25:31.976+0000] {standard_task_runner.py:90} INFO - Running: ['airflow', 'tasks', 'run', 'dag_northwind', 'extract_csv', 'scheduled__2024-03-11T00:00:00+00:00', '--job-id', '628', '--raw', '--subdir', 'DAGS_FOLDER/dag_northwind.py', '--cfg-path', '/tmp/tmpp7pqghvh']
[2024-07-01T01:25:31.982+0000] {standard_task_runner.py:91} INFO - Job 628: Subtask extract_csv
[2024-07-01T01:25:32.185+0000] {task_command.py:426} INFO - Running <TaskInstance: dag_northwind.extract_csv scheduled__2024-03-11T00:00:00+00:00 [running]> on host 05d913303710
[2024-07-01T01:25:32.460+0000] {taskinstance.py:2648} INFO - Exporting env vars: AIRFLOW_CTX_DAG_OWNER='airflow' AIRFLOW_CTX_DAG_ID='dag_northwind' AIRFLOW_CTX_TASK_ID='extract_csv' AIRFLOW_CTX_EXECUTION_DATE='2024-03-11T00:00:00+00:00' AIRFLOW_CTX_TRY_NUMBER='2' AIRFLOW_CTX_DAG_RUN_ID='scheduled__2024-03-11T00:00:00+00:00'
[2024-07-01T01:25:32.462+0000] {taskinstance.py:430} INFO - ::endgroup::
[2024-07-01T01:25:32.508+0000] {subprocess.py:63} INFO - Tmp dir root location: /tmp
[2024-07-01T01:25:32.513+0000] {subprocess.py:75} INFO - Running command: ['/usr/bin/bash', '-c', 'meltano elt tap-csv target-csv --job_id=extract_csv_2024-03-11 && mkdir -p /data/csv/2024-03-11 && mv /project/output/tap-csv/*.csv /data/csv/2024-03-11/']
[2024-07-01T01:25:32.540+0000] {subprocess.py:86} INFO - Output:
[2024-07-01T01:25:32.545+0000] {subprocess.py:93} INFO - /usr/bin/bash: line 1: meltano: command not found
[2024-07-01T01:25:32.547+0000] {subprocess.py:97} INFO - Command exited with return code 127
[2024-07-01T01:25:32.549+0000] {taskinstance.py:441} INFO - ::group::Post task execution logs
[2024-07-01T01:25:32.582+0000] {taskinstance.py:2905} ERROR - Task failed with exception
Traceback (most recent call last):
  File "/home/airflow/.local/lib/python3.12/site-packages/airflow/models/taskinstance.py", line 465, in _execute_task
    result = _execute_callable(context=context, **execute_callable_kwargs)
             ^^^^^^^^^^^^^^^^^^^^^^^^^^^^^^^^^^^^^^^^^^^^^^^^^^^^^^^^^^^^^
  File "/home/airflow/.local/lib/python3.12/site-packages/airflow/models/taskinstance.py", line 432, in _execute_callable
    return execute_callable(context=context, **execute_callable_kwargs)
           ^^^^^^^^^^^^^^^^^^^^^^^^^^^^^^^^^^^^^^^^^^^^^^^^^^^^^^^^^^^^
  File "/home/airflow/.local/lib/python3.12/site-packages/airflow/models/baseoperator.py", line 401, in wrapper
    return func(self, *args, **kwargs)
           ^^^^^^^^^^^^^^^^^^^^^^^^^^^
  File "/home/airflow/.local/lib/python3.12/site-packages/airflow/operators/bash.py", line 243, in execute
    raise AirflowException(
airflow.exceptions.AirflowException: Bash command failed. The command returned a non-zero exit code 127.
[2024-07-01T01:25:32.596+0000] {taskinstance.py:1206} INFO - Marking task as FAILED. dag_id=dag_northwind, task_id=extract_csv, run_id=scheduled__2024-03-11T00:00:00+00:00, execution_date=20240311T000000, start_date=20240701T012531, end_date=20240701T012532
[2024-07-01T01:25:32.782+0000] {standard_task_runner.py:110} ERROR - Failed to execute job 628 for task extract_csv (Bash command failed. The command returned a non-zero exit code 127.; 806)
[2024-07-01T01:25:32.814+0000] {local_task_job_runner.py:240} INFO - Task exited with return code 1
[2024-07-01T01:25:32.844+0000] {local_task_job_runner.py:222} INFO - ::endgroup::
[2024-07-01T10:26:38.329+0000] {local_task_job_runner.py:120} INFO - ::group::Pre task execution logs
[2024-07-01T10:26:38.423+0000] {taskinstance.py:2076} INFO - Dependencies all met for dep_context=non-requeueable deps ti=<TaskInstance: dag_northwind.extract_csv scheduled__2024-03-11T00:00:00+00:00 [queued]>
[2024-07-01T10:26:38.443+0000] {taskinstance.py:2076} INFO - Dependencies all met for dep_context=requeueable deps ti=<TaskInstance: dag_northwind.extract_csv scheduled__2024-03-11T00:00:00+00:00 [queued]>
[2024-07-01T10:26:38.444+0000] {taskinstance.py:2306} INFO - Starting attempt 2 of 2
[2024-07-01T10:26:38.600+0000] {taskinstance.py:2330} INFO - Executing <Task(BashOperator): extract_csv> on 2024-03-11 00:00:00+00:00
[2024-07-01T10:26:38.613+0000] {logging_mixin.py:188} WARNING - /home/airflow/.local/lib/python3.12/site-packages/airflow/task/task_runner/standard_task_runner.py:61 DeprecationWarning: This process (pid=6377) is multi-threaded, use of fork() may lead to deadlocks in the child.
[2024-07-01T10:26:38.611+0000] {standard_task_runner.py:90} INFO - Running: ['airflow', 'tasks', 'run', 'dag_northwind', 'extract_csv', 'scheduled__2024-03-11T00:00:00+00:00', '--job-id', '1175', '--raw', '--subdir', 'DAGS_FOLDER/dag_northwind.py', '--cfg-path', '/tmp/tmpecrzsdpv']
[2024-07-01T10:26:38.615+0000] {standard_task_runner.py:63} INFO - Started process 6398 to run task
[2024-07-01T10:26:38.616+0000] {standard_task_runner.py:91} INFO - Job 1175: Subtask extract_csv
[2024-07-01T10:26:38.700+0000] {task_command.py:426} INFO - Running <TaskInstance: dag_northwind.extract_csv scheduled__2024-03-11T00:00:00+00:00 [running]> on host 85c6ea7cd9cf
[2024-07-01T10:26:38.821+0000] {taskinstance.py:2648} INFO - Exporting env vars: AIRFLOW_CTX_DAG_OWNER='airflow' AIRFLOW_CTX_DAG_ID='dag_northwind' AIRFLOW_CTX_TASK_ID='extract_csv' AIRFLOW_CTX_EXECUTION_DATE='2024-03-11T00:00:00+00:00' AIRFLOW_CTX_TRY_NUMBER='2' AIRFLOW_CTX_DAG_RUN_ID='scheduled__2024-03-11T00:00:00+00:00'
[2024-07-01T10:26:38.822+0000] {taskinstance.py:430} INFO - ::endgroup::
[2024-07-01T10:26:38.846+0000] {subprocess.py:63} INFO - Tmp dir root location: /tmp
[2024-07-01T10:26:38.847+0000] {subprocess.py:75} INFO - Running command: ['/usr/bin/bash', '-c', 'meltano elt tap-csv target-csv --job_id=extract_csv_2024-03-11 && mkdir -p /data/csv/2024-03-11 && mv /project/output/tap-csv/*.csv /data/csv/2024-03-11/']
[2024-07-01T10:26:38.865+0000] {subprocess.py:86} INFO - Output:
[2024-07-01T10:26:38.870+0000] {subprocess.py:93} INFO - /usr/bin/bash: line 1: meltano: command not found
[2024-07-01T10:26:38.871+0000] {subprocess.py:97} INFO - Command exited with return code 127
[2024-07-01T10:26:38.872+0000] {taskinstance.py:441} INFO - ::group::Post task execution logs
[2024-07-01T10:26:38.895+0000] {taskinstance.py:2905} ERROR - Task failed with exception
Traceback (most recent call last):
  File "/home/airflow/.local/lib/python3.12/site-packages/airflow/models/taskinstance.py", line 465, in _execute_task
    result = _execute_callable(context=context, **execute_callable_kwargs)
             ^^^^^^^^^^^^^^^^^^^^^^^^^^^^^^^^^^^^^^^^^^^^^^^^^^^^^^^^^^^^^
  File "/home/airflow/.local/lib/python3.12/site-packages/airflow/models/taskinstance.py", line 432, in _execute_callable
    return execute_callable(context=context, **execute_callable_kwargs)
           ^^^^^^^^^^^^^^^^^^^^^^^^^^^^^^^^^^^^^^^^^^^^^^^^^^^^^^^^^^^^
  File "/home/airflow/.local/lib/python3.12/site-packages/airflow/models/baseoperator.py", line 401, in wrapper
    return func(self, *args, **kwargs)
           ^^^^^^^^^^^^^^^^^^^^^^^^^^^
  File "/home/airflow/.local/lib/python3.12/site-packages/airflow/operators/bash.py", line 243, in execute
    raise AirflowException(
airflow.exceptions.AirflowException: Bash command failed. The command returned a non-zero exit code 127.
[2024-07-01T10:26:38.907+0000] {taskinstance.py:1206} INFO - Marking task as FAILED. dag_id=dag_northwind, task_id=extract_csv, run_id=scheduled__2024-03-11T00:00:00+00:00, execution_date=20240311T000000, start_date=20240701T102638, end_date=20240701T102638
[2024-07-01T10:26:39.114+0000] {standard_task_runner.py:110} ERROR - Failed to execute job 1175 for task extract_csv (Bash command failed. The command returned a non-zero exit code 127.; 6398)
[2024-07-01T10:26:39.152+0000] {local_task_job_runner.py:240} INFO - Task exited with return code 1
[2024-07-01T10:26:39.221+0000] {taskinstance.py:3503} INFO - 0 downstream tasks scheduled from follow-on schedule check
[2024-07-01T10:26:39.240+0000] {local_task_job_runner.py:222} INFO - ::endgroup::
