[2024-07-01T01:20:30.204+0000] {local_task_job_runner.py:120} INFO - ::group::Pre task execution logs
[2024-07-01T01:20:30.283+0000] {taskinstance.py:2076} INFO - Dependencies all met for dep_context=non-requeueable deps ti=<TaskInstance: dag_northwind.extract_csv scheduled__2024-03-11T00:00:00+00:00 [queued]>
[2024-07-01T01:20:30.305+0000] {taskinstance.py:2076} INFO - Dependencies all met for dep_context=requeueable deps ti=<TaskInstance: dag_northwind.extract_csv scheduled__2024-03-11T00:00:00+00:00 [queued]>
[2024-07-01T01:20:30.306+0000] {taskinstance.py:2306} INFO - Starting attempt 1 of 2
[2024-07-01T01:20:30.341+0000] {taskinstance.py:2330} INFO - Executing <Task(BashOperator): extract_csv> on 2024-03-11 00:00:00+00:00
[2024-07-01T01:20:30.356+0000] {logging_mixin.py:188} WARNING - /home/airflow/.local/lib/python3.12/site-packages/airflow/task/task_runner/standard_task_runner.py:61 DeprecationWarning: This process (pid=611) is multi-threaded, use of fork() may lead to deadlocks in the child.
[2024-07-01T01:20:30.358+0000] {standard_task_runner.py:63} INFO - Started process 634 to run task
[2024-07-01T01:20:30.356+0000] {standard_task_runner.py:90} INFO - Running: ['airflow', 'tasks', 'run', 'dag_northwind', 'extract_csv', 'scheduled__2024-03-11T00:00:00+00:00', '--job-id', '598', '--raw', '--subdir', 'DAGS_FOLDER/dag_northwind.py', '--cfg-path', '/tmp/tmpo8njv2jp']
[2024-07-01T01:20:30.361+0000] {standard_task_runner.py:91} INFO - Job 598: Subtask extract_csv
[2024-07-01T01:20:30.463+0000] {task_command.py:426} INFO - Running <TaskInstance: dag_northwind.extract_csv scheduled__2024-03-11T00:00:00+00:00 [running]> on host 05d913303710
[2024-07-01T01:20:30.631+0000] {taskinstance.py:2648} INFO - Exporting env vars: AIRFLOW_CTX_DAG_OWNER='airflow' AIRFLOW_CTX_DAG_ID='dag_northwind' AIRFLOW_CTX_TASK_ID='extract_csv' AIRFLOW_CTX_EXECUTION_DATE='2024-03-11T00:00:00+00:00' AIRFLOW_CTX_TRY_NUMBER='1' AIRFLOW_CTX_DAG_RUN_ID='scheduled__2024-03-11T00:00:00+00:00'
[2024-07-01T01:20:30.633+0000] {taskinstance.py:430} INFO - ::endgroup::
[2024-07-01T01:20:30.672+0000] {subprocess.py:63} INFO - Tmp dir root location: /tmp
[2024-07-01T01:20:30.674+0000] {subprocess.py:75} INFO - Running command: ['/usr/bin/bash', '-c', 'meltano elt tap-csv target-csv --job_id=extract_csv_2024-03-11 && mkdir -p /data/csv/2024-03-11 && mv /project/output/tap-csv/*.csv /data/csv/2024-03-11/']
[2024-07-01T01:20:30.695+0000] {subprocess.py:86} INFO - Output:
[2024-07-01T01:20:30.697+0000] {subprocess.py:93} INFO - /usr/bin/bash: line 1: meltano: command not found
[2024-07-01T01:20:30.698+0000] {subprocess.py:97} INFO - Command exited with return code 127
[2024-07-01T01:20:30.700+0000] {taskinstance.py:441} INFO - ::group::Post task execution logs
[2024-07-01T01:20:30.721+0000] {taskinstance.py:2905} ERROR - Task failed with exception
Traceback (most recent call last):
  File "/home/airflow/.local/lib/python3.12/site-packages/airflow/models/taskinstance.py", line 465, in _execute_task
    result = _execute_callable(context=context, **execute_callable_kwargs)
             ^^^^^^^^^^^^^^^^^^^^^^^^^^^^^^^^^^^^^^^^^^^^^^^^^^^^^^^^^^^^^
  File "/home/airflow/.local/lib/python3.12/site-packages/airflow/models/taskinstance.py", line 432, in _execute_callable
    return execute_callable(context=context, **execute_callable_kwargs)
           ^^^^^^^^^^^^^^^^^^^^^^^^^^^^^^^^^^^^^^^^^^^^^^^^^^^^^^^^^^^^
  File "/home/airflow/.local/lib/python3.12/site-packages/airflow/models/baseoperator.py", line 401, in wrapper
    return func(self, *args, **kwargs)
           ^^^^^^^^^^^^^^^^^^^^^^^^^^^
  File "/home/airflow/.local/lib/python3.12/site-packages/airflow/operators/bash.py", line 243, in execute
    raise AirflowException(
airflow.exceptions.AirflowException: Bash command failed. The command returned a non-zero exit code 127.
[2024-07-01T01:20:30.728+0000] {taskinstance.py:1206} INFO - Marking task as UP_FOR_RETRY. dag_id=dag_northwind, task_id=extract_csv, run_id=scheduled__2024-03-11T00:00:00+00:00, execution_date=20240311T000000, start_date=20240701T012030, end_date=20240701T012030
[2024-07-01T01:20:30.755+0000] {standard_task_runner.py:110} ERROR - Failed to execute job 598 for task extract_csv (Bash command failed. The command returned a non-zero exit code 127.; 634)
[2024-07-01T01:20:30.777+0000] {local_task_job_runner.py:240} INFO - Task exited with return code 1
[2024-07-01T01:20:30.792+0000] {local_task_job_runner.py:222} INFO - ::endgroup::
[2024-07-01T10:21:37.135+0000] {local_task_job_runner.py:120} INFO - ::group::Pre task execution logs
[2024-07-01T10:21:37.215+0000] {taskinstance.py:2076} INFO - Dependencies all met for dep_context=non-requeueable deps ti=<TaskInstance: dag_northwind.extract_csv scheduled__2024-03-11T00:00:00+00:00 [queued]>
[2024-07-01T10:21:37.233+0000] {taskinstance.py:2076} INFO - Dependencies all met for dep_context=requeueable deps ti=<TaskInstance: dag_northwind.extract_csv scheduled__2024-03-11T00:00:00+00:00 [queued]>
[2024-07-01T10:21:37.234+0000] {taskinstance.py:2306} INFO - Starting attempt 1 of 2
[2024-07-01T10:21:37.350+0000] {taskinstance.py:2330} INFO - Executing <Task(BashOperator): extract_csv> on 2024-03-11 00:00:00+00:00
[2024-07-01T10:21:37.363+0000] {logging_mixin.py:188} WARNING - /home/airflow/.local/lib/python3.12/site-packages/airflow/task/task_runner/standard_task_runner.py:61 DeprecationWarning: This process (pid=6197) is multi-threaded, use of fork() may lead to deadlocks in the child.
[2024-07-01T10:21:37.363+0000] {standard_task_runner.py:90} INFO - Running: ['airflow', 'tasks', 'run', 'dag_northwind', 'extract_csv', 'scheduled__2024-03-11T00:00:00+00:00', '--job-id', '1143', '--raw', '--subdir', 'DAGS_FOLDER/dag_northwind.py', '--cfg-path', '/tmp/tmp858tu48k']
[2024-07-01T10:21:37.368+0000] {standard_task_runner.py:91} INFO - Job 1143: Subtask extract_csv
[2024-07-01T10:21:37.367+0000] {standard_task_runner.py:63} INFO - Started process 6215 to run task
[2024-07-01T10:21:37.473+0000] {task_command.py:426} INFO - Running <TaskInstance: dag_northwind.extract_csv scheduled__2024-03-11T00:00:00+00:00 [running]> on host 85c6ea7cd9cf
[2024-07-01T10:21:37.628+0000] {taskinstance.py:2648} INFO - Exporting env vars: AIRFLOW_CTX_DAG_OWNER='airflow' AIRFLOW_CTX_DAG_ID='dag_northwind' AIRFLOW_CTX_TASK_ID='extract_csv' AIRFLOW_CTX_EXECUTION_DATE='2024-03-11T00:00:00+00:00' AIRFLOW_CTX_TRY_NUMBER='1' AIRFLOW_CTX_DAG_RUN_ID='scheduled__2024-03-11T00:00:00+00:00'
[2024-07-01T10:21:37.630+0000] {taskinstance.py:430} INFO - ::endgroup::
[2024-07-01T10:21:37.668+0000] {subprocess.py:63} INFO - Tmp dir root location: /tmp
[2024-07-01T10:21:37.670+0000] {subprocess.py:75} INFO - Running command: ['/usr/bin/bash', '-c', 'meltano elt tap-csv target-csv --job_id=extract_csv_2024-03-11 && mkdir -p /data/csv/2024-03-11 && mv /project/output/tap-csv/*.csv /data/csv/2024-03-11/']
[2024-07-01T10:21:37.682+0000] {subprocess.py:86} INFO - Output:
[2024-07-01T10:21:37.685+0000] {subprocess.py:93} INFO - /usr/bin/bash: line 1: meltano: command not found
[2024-07-01T10:21:37.685+0000] {subprocess.py:97} INFO - Command exited with return code 127
[2024-07-01T10:21:37.686+0000] {taskinstance.py:441} INFO - ::group::Post task execution logs
[2024-07-01T10:21:37.707+0000] {taskinstance.py:2905} ERROR - Task failed with exception
Traceback (most recent call last):
  File "/home/airflow/.local/lib/python3.12/site-packages/airflow/models/taskinstance.py", line 465, in _execute_task
    result = _execute_callable(context=context, **execute_callable_kwargs)
             ^^^^^^^^^^^^^^^^^^^^^^^^^^^^^^^^^^^^^^^^^^^^^^^^^^^^^^^^^^^^^
  File "/home/airflow/.local/lib/python3.12/site-packages/airflow/models/taskinstance.py", line 432, in _execute_callable
    return execute_callable(context=context, **execute_callable_kwargs)
           ^^^^^^^^^^^^^^^^^^^^^^^^^^^^^^^^^^^^^^^^^^^^^^^^^^^^^^^^^^^^
  File "/home/airflow/.local/lib/python3.12/site-packages/airflow/models/baseoperator.py", line 401, in wrapper
    return func(self, *args, **kwargs)
           ^^^^^^^^^^^^^^^^^^^^^^^^^^^
  File "/home/airflow/.local/lib/python3.12/site-packages/airflow/operators/bash.py", line 243, in execute
    raise AirflowException(
airflow.exceptions.AirflowException: Bash command failed. The command returned a non-zero exit code 127.
[2024-07-01T10:21:37.718+0000] {taskinstance.py:1206} INFO - Marking task as UP_FOR_RETRY. dag_id=dag_northwind, task_id=extract_csv, run_id=scheduled__2024-03-11T00:00:00+00:00, execution_date=20240311T000000, start_date=20240701T102137, end_date=20240701T102137
[2024-07-01T10:21:37.882+0000] {standard_task_runner.py:110} ERROR - Failed to execute job 1143 for task extract_csv (Bash command failed. The command returned a non-zero exit code 127.; 6215)
[2024-07-01T10:21:37.907+0000] {local_task_job_runner.py:240} INFO - Task exited with return code 1
[2024-07-01T10:21:37.960+0000] {taskinstance.py:3503} INFO - 0 downstream tasks scheduled from follow-on schedule check
[2024-07-01T10:21:37.974+0000] {local_task_job_runner.py:222} INFO - ::endgroup::
