[2024-07-01T01:41:01.201+0000] {local_task_job_runner.py:120} INFO - ::group::Pre task execution logs
[2024-07-01T01:41:01.297+0000] {taskinstance.py:2076} INFO - Dependencies all met for dep_context=non-requeueable deps ti=<TaskInstance: dag_northwind.extract_csv scheduled__2024-05-07T00:00:00+00:00 [queued]>
[2024-07-01T01:41:01.319+0000] {taskinstance.py:2076} INFO - Dependencies all met for dep_context=requeueable deps ti=<TaskInstance: dag_northwind.extract_csv scheduled__2024-05-07T00:00:00+00:00 [queued]>
[2024-07-01T01:41:01.321+0000] {taskinstance.py:2306} INFO - Starting attempt 2 of 2
[2024-07-01T01:41:01.357+0000] {taskinstance.py:2330} INFO - Executing <Task(BashOperator): extract_csv> on 2024-05-07 00:00:00+00:00
[2024-07-01T01:41:01.373+0000] {logging_mixin.py:188} WARNING - /home/airflow/.local/lib/python3.12/site-packages/airflow/task/task_runner/standard_task_runner.py:61 DeprecationWarning: This process (pid=1776) is multi-threaded, use of fork() may lead to deadlocks in the child.
[2024-07-01T01:41:01.372+0000] {standard_task_runner.py:90} INFO - Running: ['airflow', 'tasks', 'run', 'dag_northwind', 'extract_csv', 'scheduled__2024-05-07T00:00:00+00:00', '--job-id', '836', '--raw', '--subdir', 'DAGS_FOLDER/dag_northwind.py', '--cfg-path', '/tmp/tmpc0380z02']
[2024-07-01T01:41:01.375+0000] {standard_task_runner.py:63} INFO - Started process 1785 to run task
[2024-07-01T01:41:01.376+0000] {standard_task_runner.py:91} INFO - Job 836: Subtask extract_csv
[2024-07-01T01:41:01.494+0000] {task_command.py:426} INFO - Running <TaskInstance: dag_northwind.extract_csv scheduled__2024-05-07T00:00:00+00:00 [running]> on host 05d913303710
[2024-07-01T01:41:01.700+0000] {taskinstance.py:2648} INFO - Exporting env vars: AIRFLOW_CTX_DAG_OWNER='airflow' AIRFLOW_CTX_DAG_ID='dag_northwind' AIRFLOW_CTX_TASK_ID='extract_csv' AIRFLOW_CTX_EXECUTION_DATE='2024-05-07T00:00:00+00:00' AIRFLOW_CTX_TRY_NUMBER='2' AIRFLOW_CTX_DAG_RUN_ID='scheduled__2024-05-07T00:00:00+00:00'
[2024-07-01T01:41:01.705+0000] {taskinstance.py:430} INFO - ::endgroup::
[2024-07-01T01:41:01.748+0000] {subprocess.py:63} INFO - Tmp dir root location: /tmp
[2024-07-01T01:41:01.751+0000] {subprocess.py:75} INFO - Running command: ['/usr/bin/bash', '-c', 'meltano elt tap-csv target-csv --job_id=extract_csv_2024-05-07 && mkdir -p /data/csv/2024-05-07 && mv /project/output/tap-csv/*.csv /data/csv/2024-05-07/']
[2024-07-01T01:41:01.773+0000] {subprocess.py:86} INFO - Output:
[2024-07-01T01:41:01.779+0000] {subprocess.py:93} INFO - /usr/bin/bash: line 1: meltano: command not found
[2024-07-01T01:41:01.781+0000] {subprocess.py:97} INFO - Command exited with return code 127
[2024-07-01T01:41:01.782+0000] {taskinstance.py:441} INFO - ::group::Post task execution logs
[2024-07-01T01:41:01.808+0000] {taskinstance.py:2905} ERROR - Task failed with exception
Traceback (most recent call last):
  File "/home/airflow/.local/lib/python3.12/site-packages/airflow/models/taskinstance.py", line 465, in _execute_task
    result = _execute_callable(context=context, **execute_callable_kwargs)
             ^^^^^^^^^^^^^^^^^^^^^^^^^^^^^^^^^^^^^^^^^^^^^^^^^^^^^^^^^^^^^
  File "/home/airflow/.local/lib/python3.12/site-packages/airflow/models/taskinstance.py", line 432, in _execute_callable
    return execute_callable(context=context, **execute_callable_kwargs)
           ^^^^^^^^^^^^^^^^^^^^^^^^^^^^^^^^^^^^^^^^^^^^^^^^^^^^^^^^^^^^
  File "/home/airflow/.local/lib/python3.12/site-packages/airflow/models/baseoperator.py", line 401, in wrapper
    return func(self, *args, **kwargs)
           ^^^^^^^^^^^^^^^^^^^^^^^^^^^
  File "/home/airflow/.local/lib/python3.12/site-packages/airflow/operators/bash.py", line 243, in execute
    raise AirflowException(
airflow.exceptions.AirflowException: Bash command failed. The command returned a non-zero exit code 127.
[2024-07-01T01:41:01.819+0000] {taskinstance.py:1206} INFO - Marking task as FAILED. dag_id=dag_northwind, task_id=extract_csv, run_id=scheduled__2024-05-07T00:00:00+00:00, execution_date=20240507T000000, start_date=20240701T014101, end_date=20240701T014101
[2024-07-01T01:41:01.855+0000] {standard_task_runner.py:110} ERROR - Failed to execute job 836 for task extract_csv (Bash command failed. The command returned a non-zero exit code 127.; 1785)
[2024-07-01T01:41:01.882+0000] {local_task_job_runner.py:240} INFO - Task exited with return code 1
[2024-07-01T01:41:01.941+0000] {taskinstance.py:3503} INFO - 0 downstream tasks scheduled from follow-on schedule check
[2024-07-01T01:41:01.961+0000] {local_task_job_runner.py:222} INFO - ::endgroup::
[2024-07-01T10:42:12.355+0000] {local_task_job_runner.py:120} INFO - ::group::Pre task execution logs
[2024-07-01T10:42:12.426+0000] {taskinstance.py:2076} INFO - Dependencies all met for dep_context=non-requeueable deps ti=<TaskInstance: dag_northwind.extract_csv scheduled__2024-05-07T00:00:00+00:00 [queued]>
[2024-07-01T10:42:12.438+0000] {taskinstance.py:2076} INFO - Dependencies all met for dep_context=requeueable deps ti=<TaskInstance: dag_northwind.extract_csv scheduled__2024-05-07T00:00:00+00:00 [queued]>
[2024-07-01T10:42:12.438+0000] {taskinstance.py:2306} INFO - Starting attempt 2 of 2
[2024-07-01T10:42:12.459+0000] {taskinstance.py:2330} INFO - Executing <Task(BashOperator): extract_csv> on 2024-05-07 00:00:00+00:00
[2024-07-01T10:42:12.472+0000] {logging_mixin.py:188} WARNING - /home/airflow/.local/lib/python3.12/site-packages/airflow/task/task_runner/standard_task_runner.py:61 DeprecationWarning: This process (pid=7369) is multi-threaded, use of fork() may lead to deadlocks in the child.
[2024-07-01T10:42:12.471+0000] {standard_task_runner.py:90} INFO - Running: ['airflow', 'tasks', 'run', 'dag_northwind', 'extract_csv', 'scheduled__2024-05-07T00:00:00+00:00', '--job-id', '1383', '--raw', '--subdir', 'DAGS_FOLDER/dag_northwind.py', '--cfg-path', '/tmp/tmpe8grjmi5']
[2024-07-01T10:42:12.474+0000] {standard_task_runner.py:63} INFO - Started process 7381 to run task
[2024-07-01T10:42:12.474+0000] {standard_task_runner.py:91} INFO - Job 1383: Subtask extract_csv
[2024-07-01T10:42:12.546+0000] {task_command.py:426} INFO - Running <TaskInstance: dag_northwind.extract_csv scheduled__2024-05-07T00:00:00+00:00 [running]> on host 85c6ea7cd9cf
[2024-07-01T10:42:12.670+0000] {taskinstance.py:2648} INFO - Exporting env vars: AIRFLOW_CTX_DAG_OWNER='airflow' AIRFLOW_CTX_DAG_ID='dag_northwind' AIRFLOW_CTX_TASK_ID='extract_csv' AIRFLOW_CTX_EXECUTION_DATE='2024-05-07T00:00:00+00:00' AIRFLOW_CTX_TRY_NUMBER='2' AIRFLOW_CTX_DAG_RUN_ID='scheduled__2024-05-07T00:00:00+00:00'
[2024-07-01T10:42:12.671+0000] {taskinstance.py:430} INFO - ::endgroup::
[2024-07-01T10:42:12.694+0000] {subprocess.py:63} INFO - Tmp dir root location: /tmp
[2024-07-01T10:42:12.696+0000] {subprocess.py:75} INFO - Running command: ['/usr/bin/bash', '-c', 'meltano elt tap-csv target-csv --job_id=extract_csv_2024-05-07 && mkdir -p /data/csv/2024-05-07 && mv /project/output/tap-csv/*.csv /data/csv/2024-05-07/']
[2024-07-01T10:42:12.709+0000] {subprocess.py:86} INFO - Output:
[2024-07-01T10:42:12.712+0000] {subprocess.py:93} INFO - /usr/bin/bash: line 1: meltano: command not found
[2024-07-01T10:42:12.713+0000] {subprocess.py:97} INFO - Command exited with return code 127
[2024-07-01T10:42:12.714+0000] {taskinstance.py:441} INFO - ::group::Post task execution logs
[2024-07-01T10:42:12.728+0000] {taskinstance.py:2905} ERROR - Task failed with exception
Traceback (most recent call last):
  File "/home/airflow/.local/lib/python3.12/site-packages/airflow/models/taskinstance.py", line 465, in _execute_task
    result = _execute_callable(context=context, **execute_callable_kwargs)
             ^^^^^^^^^^^^^^^^^^^^^^^^^^^^^^^^^^^^^^^^^^^^^^^^^^^^^^^^^^^^^
  File "/home/airflow/.local/lib/python3.12/site-packages/airflow/models/taskinstance.py", line 432, in _execute_callable
    return execute_callable(context=context, **execute_callable_kwargs)
           ^^^^^^^^^^^^^^^^^^^^^^^^^^^^^^^^^^^^^^^^^^^^^^^^^^^^^^^^^^^^
  File "/home/airflow/.local/lib/python3.12/site-packages/airflow/models/baseoperator.py", line 401, in wrapper
    return func(self, *args, **kwargs)
           ^^^^^^^^^^^^^^^^^^^^^^^^^^^
  File "/home/airflow/.local/lib/python3.12/site-packages/airflow/operators/bash.py", line 243, in execute
    raise AirflowException(
airflow.exceptions.AirflowException: Bash command failed. The command returned a non-zero exit code 127.
[2024-07-01T10:42:12.735+0000] {taskinstance.py:1206} INFO - Marking task as FAILED. dag_id=dag_northwind, task_id=extract_csv, run_id=scheduled__2024-05-07T00:00:00+00:00, execution_date=20240507T000000, start_date=20240701T104212, end_date=20240701T104212
[2024-07-01T10:42:12.751+0000] {standard_task_runner.py:110} ERROR - Failed to execute job 1383 for task extract_csv (Bash command failed. The command returned a non-zero exit code 127.; 7381)
[2024-07-01T10:42:12.769+0000] {local_task_job_runner.py:240} INFO - Task exited with return code 1
[2024-07-01T10:42:12.800+0000] {taskinstance.py:3503} INFO - 0 downstream tasks scheduled from follow-on schedule check
[2024-07-01T10:42:12.806+0000] {local_task_job_runner.py:222} INFO - ::endgroup::
