[2024-07-03T19:25:21.506+0000] {local_task_job_runner.py:120} INFO - ::group::Pre task execution logs
[2024-07-03T19:25:21.571+0000] {taskinstance.py:2076} INFO - Dependencies all met for dep_context=non-requeueable deps ti=<TaskInstance: dag_pipeline_northwind.extract_postgres scheduled__2024-03-27T00:00:00+00:00 [queued]>
[2024-07-03T19:25:21.587+0000] {taskinstance.py:2076} INFO - Dependencies all met for dep_context=requeueable deps ti=<TaskInstance: dag_pipeline_northwind.extract_postgres scheduled__2024-03-27T00:00:00+00:00 [queued]>
[2024-07-03T19:25:21.589+0000] {taskinstance.py:2306} INFO - Starting attempt 2 of 2
[2024-07-03T19:25:21.608+0000] {taskinstance.py:2330} INFO - Executing <Task(PythonOperator): extract_postgres> on 2024-03-27 00:00:00+00:00
[2024-07-03T19:25:21.622+0000] {logging_mixin.py:188} WARNING - /home/airflow/.local/lib/python3.12/site-packages/airflow/task/task_runner/standard_task_runner.py:61 DeprecationWarning: This process (pid=935) is multi-threaded, use of fork() may lead to deadlocks in the child.
[2024-07-03T19:25:21.623+0000] {standard_task_runner.py:63} INFO - Started process 938 to run task
[2024-07-03T19:25:21.622+0000] {standard_task_runner.py:90} INFO - Running: ['airflow', 'tasks', 'run', 'dag_pipeline_northwind', 'extract_postgres', 'scheduled__2024-03-27T00:00:00+00:00', '--job-id', '3929', '--raw', '--subdir', 'DAGS_FOLDER/northwind_dag_teste.py', '--cfg-path', '/tmp/tmpmox_rx34']
[2024-07-03T19:25:21.625+0000] {standard_task_runner.py:91} INFO - Job 3929: Subtask extract_postgres
[2024-07-03T19:25:21.720+0000] {task_command.py:426} INFO - Running <TaskInstance: dag_pipeline_northwind.extract_postgres scheduled__2024-03-27T00:00:00+00:00 [running]> on host 76916b664cf5
[2024-07-03T19:25:21.875+0000] {taskinstance.py:2648} INFO - Exporting env vars: AIRFLOW_CTX_DAG_OWNER='airflow' AIRFLOW_CTX_DAG_ID='dag_pipeline_northwind' AIRFLOW_CTX_TASK_ID='extract_postgres' AIRFLOW_CTX_EXECUTION_DATE='2024-03-27T00:00:00+00:00' AIRFLOW_CTX_TRY_NUMBER='2' AIRFLOW_CTX_DAG_RUN_ID='scheduled__2024-03-27T00:00:00+00:00'
[2024-07-03T19:25:21.877+0000] {taskinstance.py:430} INFO - ::endgroup::
[2024-07-03T19:25:21.908+0000] {logging_mixin.py:188} INFO - Running command: meltano elt tap-postgres target-csv --transform=run --job_id=extract_postgres_2024-03-27
[2024-07-03T19:25:21.912+0000] {logging_mixin.py:188} INFO - Command failed with error: Command 'meltano elt tap-postgres target-csv --transform=run --job_id=extract_postgres_2024-03-27' returned non-zero exit status 127.
[2024-07-03T19:25:21.912+0000] {taskinstance.py:441} INFO - ::group::Post task execution logs
[2024-07-03T19:25:21.913+0000] {taskinstance.py:2905} ERROR - Task failed with exception
Traceback (most recent call last):
  File "/home/airflow/.local/lib/python3.12/site-packages/airflow/models/taskinstance.py", line 465, in _execute_task
    result = _execute_callable(context=context, **execute_callable_kwargs)
             ^^^^^^^^^^^^^^^^^^^^^^^^^^^^^^^^^^^^^^^^^^^^^^^^^^^^^^^^^^^^^
  File "/home/airflow/.local/lib/python3.12/site-packages/airflow/models/taskinstance.py", line 432, in _execute_callable
    return execute_callable(context=context, **execute_callable_kwargs)
           ^^^^^^^^^^^^^^^^^^^^^^^^^^^^^^^^^^^^^^^^^^^^^^^^^^^^^^^^^^^^
  File "/home/airflow/.local/lib/python3.12/site-packages/airflow/models/baseoperator.py", line 401, in wrapper
    return func(self, *args, **kwargs)
           ^^^^^^^^^^^^^^^^^^^^^^^^^^^
  File "/home/airflow/.local/lib/python3.12/site-packages/airflow/operators/python.py", line 235, in execute
    return_value = self.execute_callable()
                   ^^^^^^^^^^^^^^^^^^^^^^^
  File "/home/airflow/.local/lib/python3.12/site-packages/airflow/operators/python.py", line 252, in execute_callable
    return self.python_callable(*self.op_args, **self.op_kwargs)
           ^^^^^^^^^^^^^^^^^^^^^^^^^^^^^^^^^^^^^^^^^^^^^^^^^^^^^
  File "/opt/airflow/dags/northwind_dag_teste.py", line 32, in extract_postgres
    result = subprocess.run(extract_command, shell=True, check=True, capture_output=True, text=True)
             ^^^^^^^^^^^^^^^^^^^^^^^^^^^^^^^^^^^^^^^^^^^^^^^^^^^^^^^^^^^^^^^^^^^^^^^^^^^^^^^^^^^^^^^
  File "/usr/local/lib/python3.12/subprocess.py", line 571, in run
    raise CalledProcessError(retcode, process.args,
subprocess.CalledProcessError: Command 'meltano elt tap-postgres target-csv --transform=run --job_id=extract_postgres_2024-03-27' returned non-zero exit status 127.
[2024-07-03T19:25:21.934+0000] {taskinstance.py:1206} INFO - Marking task as FAILED. dag_id=dag_pipeline_northwind, task_id=extract_postgres, run_id=scheduled__2024-03-27T00:00:00+00:00, execution_date=20240327T000000, start_date=20240703T192521, end_date=20240703T192521
[2024-07-03T19:25:21.953+0000] {standard_task_runner.py:110} ERROR - Failed to execute job 3929 for task extract_postgres (Command 'meltano elt tap-postgres target-csv --transform=run --job_id=extract_postgres_2024-03-27' returned non-zero exit status 127.; 938)
[2024-07-03T19:25:21.999+0000] {local_task_job_runner.py:240} INFO - Task exited with return code 1
[2024-07-03T19:25:22.017+0000] {local_task_job_runner.py:222} INFO - ::endgroup::
[2024-07-04T01:29:26.075+0000] {local_task_job_runner.py:120} INFO - ::group::Pre task execution logs
[2024-07-04T01:29:26.172+0000] {taskinstance.py:2076} INFO - Dependencies all met for dep_context=non-requeueable deps ti=<TaskInstance: dag_pipeline_northwind.extract_postgres scheduled__2024-03-27T00:00:00+00:00 [queued]>
[2024-07-04T01:29:26.195+0000] {taskinstance.py:2076} INFO - Dependencies all met for dep_context=requeueable deps ti=<TaskInstance: dag_pipeline_northwind.extract_postgres scheduled__2024-03-27T00:00:00+00:00 [queued]>
[2024-07-04T01:29:26.197+0000] {taskinstance.py:2306} INFO - Starting attempt 2 of 2
[2024-07-04T01:29:26.401+0000] {taskinstance.py:2330} INFO - Executing <Task(PythonOperator): extract_postgres> on 2024-03-27 00:00:00+00:00
[2024-07-04T01:29:26.420+0000] {logging_mixin.py:188} WARNING - /home/airflow/.local/lib/python3.12/site-packages/airflow/task/task_runner/standard_task_runner.py:61 DeprecationWarning: This process (pid=1605) is multi-threaded, use of fork() may lead to deadlocks in the child.
[2024-07-04T01:29:26.422+0000] {standard_task_runner.py:63} INFO - Started process 1617 to run task
[2024-07-04T01:29:26.423+0000] {standard_task_runner.py:90} INFO - Running: ['airflow', 'tasks', 'run', 'dag_pipeline_northwind', 'extract_postgres', 'scheduled__2024-03-27T00:00:00+00:00', '--job-id', '4959', '--raw', '--subdir', 'DAGS_FOLDER/dag_pipeline_northwind.py', '--cfg-path', '/tmp/tmpqc_64g2k']
[2024-07-04T01:29:26.427+0000] {standard_task_runner.py:91} INFO - Job 4959: Subtask extract_postgres
[2024-07-04T01:29:26.518+0000] {task_command.py:426} INFO - Running <TaskInstance: dag_pipeline_northwind.extract_postgres scheduled__2024-03-27T00:00:00+00:00 [running]> on host 06ddab619e10
[2024-07-04T01:29:26.677+0000] {taskinstance.py:2648} INFO - Exporting env vars: AIRFLOW_CTX_DAG_OWNER='airflow' AIRFLOW_CTX_DAG_ID='dag_pipeline_northwind' AIRFLOW_CTX_TASK_ID='extract_postgres' AIRFLOW_CTX_EXECUTION_DATE='2024-03-27T00:00:00+00:00' AIRFLOW_CTX_TRY_NUMBER='2' AIRFLOW_CTX_DAG_RUN_ID='scheduled__2024-03-27T00:00:00+00:00'
[2024-07-04T01:29:26.679+0000] {taskinstance.py:430} INFO - ::endgroup::
[2024-07-04T01:29:26.699+0000] {logging_mixin.py:188} INFO - Running command: meltano elt tap-postgres target-csv --transform=run --job_id=extract_postgres_2024-03-27
[2024-07-04T01:29:26.703+0000] {logging_mixin.py:188} INFO - Command failed with error: Command 'meltano elt tap-postgres target-csv --transform=run --job_id=extract_postgres_2024-03-27' returned non-zero exit status 127.
[2024-07-04T01:29:26.704+0000] {taskinstance.py:441} INFO - ::group::Post task execution logs
[2024-07-04T01:29:26.705+0000] {taskinstance.py:2905} ERROR - Task failed with exception
Traceback (most recent call last):
  File "/home/airflow/.local/lib/python3.12/site-packages/airflow/models/taskinstance.py", line 465, in _execute_task
    result = _execute_callable(context=context, **execute_callable_kwargs)
             ^^^^^^^^^^^^^^^^^^^^^^^^^^^^^^^^^^^^^^^^^^^^^^^^^^^^^^^^^^^^^
  File "/home/airflow/.local/lib/python3.12/site-packages/airflow/models/taskinstance.py", line 432, in _execute_callable
    return execute_callable(context=context, **execute_callable_kwargs)
           ^^^^^^^^^^^^^^^^^^^^^^^^^^^^^^^^^^^^^^^^^^^^^^^^^^^^^^^^^^^^
  File "/home/airflow/.local/lib/python3.12/site-packages/airflow/models/baseoperator.py", line 401, in wrapper
    return func(self, *args, **kwargs)
           ^^^^^^^^^^^^^^^^^^^^^^^^^^^
  File "/home/airflow/.local/lib/python3.12/site-packages/airflow/operators/python.py", line 235, in execute
    return_value = self.execute_callable()
                   ^^^^^^^^^^^^^^^^^^^^^^^
  File "/home/airflow/.local/lib/python3.12/site-packages/airflow/operators/python.py", line 252, in execute_callable
    return self.python_callable(*self.op_args, **self.op_kwargs)
           ^^^^^^^^^^^^^^^^^^^^^^^^^^^^^^^^^^^^^^^^^^^^^^^^^^^^^
  File "/opt/airflow/dags/dag_pipeline_northwind.py", line 32, in extract_postgres
    result = subprocess.run(extract_command, shell=True, check=True, capture_output=True, text=True)
             ^^^^^^^^^^^^^^^^^^^^^^^^^^^^^^^^^^^^^^^^^^^^^^^^^^^^^^^^^^^^^^^^^^^^^^^^^^^^^^^^^^^^^^^
  File "/usr/local/lib/python3.12/subprocess.py", line 571, in run
    raise CalledProcessError(retcode, process.args,
subprocess.CalledProcessError: Command 'meltano elt tap-postgres target-csv --transform=run --job_id=extract_postgres_2024-03-27' returned non-zero exit status 127.
[2024-07-04T01:29:26.724+0000] {taskinstance.py:1206} INFO - Marking task as FAILED. dag_id=dag_pipeline_northwind, task_id=extract_postgres, run_id=scheduled__2024-03-27T00:00:00+00:00, execution_date=20240327T000000, start_date=20240704T012926, end_date=20240704T012926
[2024-07-04T01:29:26.746+0000] {standard_task_runner.py:110} ERROR - Failed to execute job 4959 for task extract_postgres (Command 'meltano elt tap-postgres target-csv --transform=run --job_id=extract_postgres_2024-03-27' returned non-zero exit status 127.; 1617)
[2024-07-04T01:29:26.759+0000] {local_task_job_runner.py:240} INFO - Task exited with return code 1
[2024-07-04T01:29:26.800+0000] {taskinstance.py:3503} INFO - 0 downstream tasks scheduled from follow-on schedule check
[2024-07-04T01:29:26.808+0000] {local_task_job_runner.py:222} INFO - ::endgroup::
