[2024-07-01T01:40:59.041+0000] {local_task_job_runner.py:120} INFO - ::group::Pre task execution logs
[2024-07-01T01:40:59.138+0000] {taskinstance.py:2076} INFO - Dependencies all met for dep_context=non-requeueable deps ti=<TaskInstance: dag_northwind.extract_csv scheduled__2024-04-28T00:00:00+00:00 [queued]>
[2024-07-01T01:40:59.161+0000] {taskinstance.py:2076} INFO - Dependencies all met for dep_context=requeueable deps ti=<TaskInstance: dag_northwind.extract_csv scheduled__2024-04-28T00:00:00+00:00 [queued]>
[2024-07-01T01:40:59.167+0000] {taskinstance.py:2306} INFO - Starting attempt 2 of 2
[2024-07-01T01:40:59.400+0000] {taskinstance.py:2330} INFO - Executing <Task(BashOperator): extract_csv> on 2024-04-28 00:00:00+00:00
[2024-07-01T01:40:59.450+0000] {standard_task_runner.py:90} INFO - Running: ['airflow', 'tasks', 'run', 'dag_northwind', 'extract_csv', 'scheduled__2024-04-28T00:00:00+00:00', '--job-id', '816', '--raw', '--subdir', 'DAGS_FOLDER/dag_northwind.py', '--cfg-path', '/tmp/tmpibnlbrer']
[2024-07-01T01:40:59.455+0000] {standard_task_runner.py:91} INFO - Job 816: Subtask extract_csv
[2024-07-01T01:40:59.461+0000] {logging_mixin.py:188} WARNING - /home/airflow/.local/lib/python3.12/site-packages/airflow/task/task_runner/standard_task_runner.py:61 DeprecationWarning: This process (pid=1710) is multi-threaded, use of fork() may lead to deadlocks in the child.
[2024-07-01T01:40:59.462+0000] {standard_task_runner.py:63} INFO - Started process 1722 to run task
[2024-07-01T01:40:59.618+0000] {task_command.py:426} INFO - Running <TaskInstance: dag_northwind.extract_csv scheduled__2024-04-28T00:00:00+00:00 [running]> on host 05d913303710
[2024-07-01T01:40:59.933+0000] {taskinstance.py:2648} INFO - Exporting env vars: AIRFLOW_CTX_DAG_OWNER='airflow' AIRFLOW_CTX_DAG_ID='dag_northwind' AIRFLOW_CTX_TASK_ID='extract_csv' AIRFLOW_CTX_EXECUTION_DATE='2024-04-28T00:00:00+00:00' AIRFLOW_CTX_TRY_NUMBER='2' AIRFLOW_CTX_DAG_RUN_ID='scheduled__2024-04-28T00:00:00+00:00'
[2024-07-01T01:40:59.939+0000] {taskinstance.py:430} INFO - ::endgroup::
[2024-07-01T01:41:00.008+0000] {subprocess.py:63} INFO - Tmp dir root location: /tmp
[2024-07-01T01:41:00.011+0000] {subprocess.py:75} INFO - Running command: ['/usr/bin/bash', '-c', 'meltano elt tap-csv target-csv --job_id=extract_csv_2024-04-28 && mkdir -p /data/csv/2024-04-28 && mv /project/output/tap-csv/*.csv /data/csv/2024-04-28/']
[2024-07-01T01:41:00.064+0000] {subprocess.py:86} INFO - Output:
[2024-07-01T01:41:00.077+0000] {subprocess.py:93} INFO - /usr/bin/bash: line 1: meltano: command not found
[2024-07-01T01:41:00.079+0000] {subprocess.py:97} INFO - Command exited with return code 127
[2024-07-01T01:41:00.080+0000] {taskinstance.py:441} INFO - ::group::Post task execution logs
[2024-07-01T01:41:00.104+0000] {taskinstance.py:2905} ERROR - Task failed with exception
Traceback (most recent call last):
  File "/home/airflow/.local/lib/python3.12/site-packages/airflow/models/taskinstance.py", line 465, in _execute_task
    result = _execute_callable(context=context, **execute_callable_kwargs)
             ^^^^^^^^^^^^^^^^^^^^^^^^^^^^^^^^^^^^^^^^^^^^^^^^^^^^^^^^^^^^^
  File "/home/airflow/.local/lib/python3.12/site-packages/airflow/models/taskinstance.py", line 432, in _execute_callable
    return execute_callable(context=context, **execute_callable_kwargs)
           ^^^^^^^^^^^^^^^^^^^^^^^^^^^^^^^^^^^^^^^^^^^^^^^^^^^^^^^^^^^^
  File "/home/airflow/.local/lib/python3.12/site-packages/airflow/models/baseoperator.py", line 401, in wrapper
    return func(self, *args, **kwargs)
           ^^^^^^^^^^^^^^^^^^^^^^^^^^^
  File "/home/airflow/.local/lib/python3.12/site-packages/airflow/operators/bash.py", line 243, in execute
    raise AirflowException(
airflow.exceptions.AirflowException: Bash command failed. The command returned a non-zero exit code 127.
[2024-07-01T01:41:00.115+0000] {taskinstance.py:1206} INFO - Marking task as FAILED. dag_id=dag_northwind, task_id=extract_csv, run_id=scheduled__2024-04-28T00:00:00+00:00, execution_date=20240428T000000, start_date=20240701T014059, end_date=20240701T014100
[2024-07-01T01:41:00.173+0000] {standard_task_runner.py:110} ERROR - Failed to execute job 816 for task extract_csv (Bash command failed. The command returned a non-zero exit code 127.; 1722)
[2024-07-01T01:41:00.212+0000] {local_task_job_runner.py:240} INFO - Task exited with return code 1
[2024-07-01T01:41:00.273+0000] {taskinstance.py:3503} INFO - 0 downstream tasks scheduled from follow-on schedule check
[2024-07-01T01:41:00.286+0000] {local_task_job_runner.py:222} INFO - ::endgroup::
[2024-07-01T10:42:10.380+0000] {local_task_job_runner.py:120} INFO - ::group::Pre task execution logs
[2024-07-01T10:42:10.461+0000] {taskinstance.py:2076} INFO - Dependencies all met for dep_context=non-requeueable deps ti=<TaskInstance: dag_northwind.extract_csv scheduled__2024-04-28T00:00:00+00:00 [queued]>
[2024-07-01T10:42:10.485+0000] {taskinstance.py:2076} INFO - Dependencies all met for dep_context=requeueable deps ti=<TaskInstance: dag_northwind.extract_csv scheduled__2024-04-28T00:00:00+00:00 [queued]>
[2024-07-01T10:42:10.487+0000] {taskinstance.py:2306} INFO - Starting attempt 2 of 2
[2024-07-01T10:42:10.519+0000] {taskinstance.py:2330} INFO - Executing <Task(BashOperator): extract_csv> on 2024-04-28 00:00:00+00:00
[2024-07-01T10:42:10.538+0000] {logging_mixin.py:188} WARNING - /home/airflow/.local/lib/python3.12/site-packages/airflow/task/task_runner/standard_task_runner.py:61 DeprecationWarning: This process (pid=7299) is multi-threaded, use of fork() may lead to deadlocks in the child.
[2024-07-01T10:42:10.542+0000] {standard_task_runner.py:63} INFO - Started process 7312 to run task
[2024-07-01T10:42:10.545+0000] {standard_task_runner.py:90} INFO - Running: ['airflow', 'tasks', 'run', 'dag_northwind', 'extract_csv', 'scheduled__2024-04-28T00:00:00+00:00', '--job-id', '1367', '--raw', '--subdir', 'DAGS_FOLDER/dag_northwind.py', '--cfg-path', '/tmp/tmpfztcnz3m']
[2024-07-01T10:42:10.561+0000] {standard_task_runner.py:91} INFO - Job 1367: Subtask extract_csv
[2024-07-01T10:42:10.672+0000] {task_command.py:426} INFO - Running <TaskInstance: dag_northwind.extract_csv scheduled__2024-04-28T00:00:00+00:00 [running]> on host 85c6ea7cd9cf
[2024-07-01T10:42:10.876+0000] {taskinstance.py:2648} INFO - Exporting env vars: AIRFLOW_CTX_DAG_OWNER='airflow' AIRFLOW_CTX_DAG_ID='dag_northwind' AIRFLOW_CTX_TASK_ID='extract_csv' AIRFLOW_CTX_EXECUTION_DATE='2024-04-28T00:00:00+00:00' AIRFLOW_CTX_TRY_NUMBER='2' AIRFLOW_CTX_DAG_RUN_ID='scheduled__2024-04-28T00:00:00+00:00'
[2024-07-01T10:42:10.880+0000] {taskinstance.py:430} INFO - ::endgroup::
[2024-07-01T10:42:10.911+0000] {subprocess.py:63} INFO - Tmp dir root location: /tmp
[2024-07-01T10:42:10.912+0000] {subprocess.py:75} INFO - Running command: ['/usr/bin/bash', '-c', 'meltano elt tap-csv target-csv --job_id=extract_csv_2024-04-28 && mkdir -p /data/csv/2024-04-28 && mv /project/output/tap-csv/*.csv /data/csv/2024-04-28/']
[2024-07-01T10:42:10.928+0000] {subprocess.py:86} INFO - Output:
[2024-07-01T10:42:10.930+0000] {subprocess.py:93} INFO - /usr/bin/bash: line 1: meltano: command not found
[2024-07-01T10:42:10.931+0000] {subprocess.py:97} INFO - Command exited with return code 127
[2024-07-01T10:42:10.932+0000] {taskinstance.py:441} INFO - ::group::Post task execution logs
[2024-07-01T10:42:10.946+0000] {taskinstance.py:2905} ERROR - Task failed with exception
Traceback (most recent call last):
  File "/home/airflow/.local/lib/python3.12/site-packages/airflow/models/taskinstance.py", line 465, in _execute_task
    result = _execute_callable(context=context, **execute_callable_kwargs)
             ^^^^^^^^^^^^^^^^^^^^^^^^^^^^^^^^^^^^^^^^^^^^^^^^^^^^^^^^^^^^^
  File "/home/airflow/.local/lib/python3.12/site-packages/airflow/models/taskinstance.py", line 432, in _execute_callable
    return execute_callable(context=context, **execute_callable_kwargs)
           ^^^^^^^^^^^^^^^^^^^^^^^^^^^^^^^^^^^^^^^^^^^^^^^^^^^^^^^^^^^^
  File "/home/airflow/.local/lib/python3.12/site-packages/airflow/models/baseoperator.py", line 401, in wrapper
    return func(self, *args, **kwargs)
           ^^^^^^^^^^^^^^^^^^^^^^^^^^^
  File "/home/airflow/.local/lib/python3.12/site-packages/airflow/operators/bash.py", line 243, in execute
    raise AirflowException(
airflow.exceptions.AirflowException: Bash command failed. The command returned a non-zero exit code 127.
[2024-07-01T10:42:10.954+0000] {taskinstance.py:1206} INFO - Marking task as FAILED. dag_id=dag_northwind, task_id=extract_csv, run_id=scheduled__2024-04-28T00:00:00+00:00, execution_date=20240428T000000, start_date=20240701T104210, end_date=20240701T104210
[2024-07-01T10:42:10.973+0000] {standard_task_runner.py:110} ERROR - Failed to execute job 1367 for task extract_csv (Bash command failed. The command returned a non-zero exit code 127.; 7312)
[2024-07-01T10:42:10.982+0000] {local_task_job_runner.py:240} INFO - Task exited with return code 1
[2024-07-01T10:42:10.998+0000] {local_task_job_runner.py:222} INFO - ::endgroup::
