[2024-07-03T16:48:57.751+0000] {local_task_job_runner.py:120} INFO - ::group::Pre task execution logs
[2024-07-03T16:48:57.841+0000] {taskinstance.py:2076} INFO - Dependencies all met for dep_context=non-requeueable deps ti=<TaskInstance: pipeline_dag.load_postgres_to_postgres scheduled__2024-03-31T00:00:00+00:00 [queued]>
[2024-07-03T16:48:57.865+0000] {taskinstance.py:2076} INFO - Dependencies all met for dep_context=requeueable deps ti=<TaskInstance: pipeline_dag.load_postgres_to_postgres scheduled__2024-03-31T00:00:00+00:00 [queued]>
[2024-07-03T16:48:57.869+0000] {taskinstance.py:2306} INFO - Starting attempt 2 of 2
[2024-07-03T16:48:57.972+0000] {taskinstance.py:2330} INFO - Executing <Task(PythonOperator): load_postgres_to_postgres> on 2024-03-31 00:00:00+00:00
[2024-07-03T16:48:57.998+0000] {logging_mixin.py:188} WARNING - /home/airflow/.local/lib/python3.12/site-packages/airflow/task/task_runner/standard_task_runner.py:61 DeprecationWarning: This process (pid=3328) is multi-threaded, use of fork() may lead to deadlocks in the child.
[2024-07-03T16:48:58.003+0000] {standard_task_runner.py:63} INFO - Started process 3345 to run task
[2024-07-03T16:48:58.002+0000] {standard_task_runner.py:90} INFO - Running: ['airflow', 'tasks', 'run', 'pipeline_dag', 'load_postgres_to_postgres', 'scheduled__2024-03-31T00:00:00+00:00', '--job-id', '2903', '--raw', '--subdir', 'DAGS_FOLDER/northwind_dag_teste.py', '--cfg-path', '/tmp/tmpm3w4nz5s']
[2024-07-03T16:48:58.007+0000] {standard_task_runner.py:91} INFO - Job 2903: Subtask load_postgres_to_postgres
[2024-07-03T16:48:58.166+0000] {task_command.py:426} INFO - Running <TaskInstance: pipeline_dag.load_postgres_to_postgres scheduled__2024-03-31T00:00:00+00:00 [running]> on host 3c2535f14011
[2024-07-03T16:48:58.367+0000] {taskinstance.py:2648} INFO - Exporting env vars: AIRFLOW_CTX_DAG_OWNER='airflow' AIRFLOW_CTX_DAG_ID='pipeline_dag' AIRFLOW_CTX_TASK_ID='load_postgres_to_postgres' AIRFLOW_CTX_EXECUTION_DATE='2024-03-31T00:00:00+00:00' AIRFLOW_CTX_TRY_NUMBER='2' AIRFLOW_CTX_DAG_RUN_ID='scheduled__2024-03-31T00:00:00+00:00'
[2024-07-03T16:48:58.372+0000] {taskinstance.py:430} INFO - ::endgroup::
[2024-07-03T16:48:58.419+0000] {logging_mixin.py:188} INFO - Command failed with error: Command 'meltano elt tap-postgres target-postgres --transform=run --job_id=load_postgres_to_postgres_2024-03-31' returned non-zero exit status 127.
[2024-07-03T16:48:58.421+0000] {taskinstance.py:441} INFO - ::group::Post task execution logs
[2024-07-03T16:48:58.422+0000] {taskinstance.py:2905} ERROR - Task failed with exception
Traceback (most recent call last):
  File "/home/airflow/.local/lib/python3.12/site-packages/airflow/models/taskinstance.py", line 465, in _execute_task
    result = _execute_callable(context=context, **execute_callable_kwargs)
             ^^^^^^^^^^^^^^^^^^^^^^^^^^^^^^^^^^^^^^^^^^^^^^^^^^^^^^^^^^^^^
  File "/home/airflow/.local/lib/python3.12/site-packages/airflow/models/taskinstance.py", line 432, in _execute_callable
    return execute_callable(context=context, **execute_callable_kwargs)
           ^^^^^^^^^^^^^^^^^^^^^^^^^^^^^^^^^^^^^^^^^^^^^^^^^^^^^^^^^^^^
  File "/home/airflow/.local/lib/python3.12/site-packages/airflow/models/baseoperator.py", line 401, in wrapper
    return func(self, *args, **kwargs)
           ^^^^^^^^^^^^^^^^^^^^^^^^^^^
  File "/home/airflow/.local/lib/python3.12/site-packages/airflow/operators/python.py", line 235, in execute
    return_value = self.execute_callable()
                   ^^^^^^^^^^^^^^^^^^^^^^^
  File "/home/airflow/.local/lib/python3.12/site-packages/airflow/operators/python.py", line 252, in execute_callable
    return self.python_callable(*self.op_args, **self.op_kwargs)
           ^^^^^^^^^^^^^^^^^^^^^^^^^^^^^^^^^^^^^^^^^^^^^^^^^^^^^
  File "/opt/airflow/dags/northwind_dag_teste.py", line 56, in load_postgres_to_postgres
    subprocess.run(load_command, shell=True, check=True)
  File "/usr/local/lib/python3.12/subprocess.py", line 571, in run
    raise CalledProcessError(retcode, process.args,
subprocess.CalledProcessError: Command 'meltano elt tap-postgres target-postgres --transform=run --job_id=load_postgres_to_postgres_2024-03-31' returned non-zero exit status 127.
[2024-07-03T16:48:58.467+0000] {taskinstance.py:1206} INFO - Marking task as FAILED. dag_id=pipeline_dag, task_id=load_postgres_to_postgres, run_id=scheduled__2024-03-31T00:00:00+00:00, execution_date=20240331T000000, start_date=20240703T164857, end_date=20240703T164858
[2024-07-03T16:48:58.508+0000] {standard_task_runner.py:110} ERROR - Failed to execute job 2903 for task load_postgres_to_postgres (Command 'meltano elt tap-postgres target-postgres --transform=run --job_id=load_postgres_to_postgres_2024-03-31' returned non-zero exit status 127.; 3345)
[2024-07-03T16:48:58.559+0000] {local_task_job_runner.py:240} INFO - Task exited with return code 1
[2024-07-03T16:48:58.619+0000] {taskinstance.py:3503} INFO - 0 downstream tasks scheduled from follow-on schedule check
[2024-07-03T16:48:58.627+0000] {local_task_job_runner.py:222} INFO - ::endgroup::
