[2024-07-03T18:15:45.183+0000] {local_task_job_runner.py:120} INFO - ::group::Pre task execution logs
[2024-07-03T18:15:45.284+0000] {taskinstance.py:2076} INFO - Dependencies all met for dep_context=non-requeueable deps ti=<TaskInstance: pipeline_dag_northwind.load_postgres_to_postgres scheduled__2024-02-16T00:00:00+00:00 [queued]>
[2024-07-03T18:15:45.305+0000] {taskinstance.py:2076} INFO - Dependencies all met for dep_context=requeueable deps ti=<TaskInstance: pipeline_dag_northwind.load_postgres_to_postgres scheduled__2024-02-16T00:00:00+00:00 [queued]>
[2024-07-03T18:15:45.307+0000] {taskinstance.py:2306} INFO - Starting attempt 2 of 2
[2024-07-03T18:15:45.483+0000] {taskinstance.py:2330} INFO - Executing <Task(PythonOperator): load_postgres_to_postgres> on 2024-02-16 00:00:00+00:00
[2024-07-03T18:15:45.529+0000] {logging_mixin.py:188} WARNING - /home/airflow/.local/lib/python3.12/site-packages/airflow/task/task_runner/standard_task_runner.py:61 DeprecationWarning: This process (pid=618) is multi-threaded, use of fork() may lead to deadlocks in the child.
[2024-07-03T18:15:45.532+0000] {standard_task_runner.py:63} INFO - Started process 631 to run task
[2024-07-03T18:15:45.536+0000] {standard_task_runner.py:90} INFO - Running: ['airflow', 'tasks', 'run', 'pipeline_dag_northwind', 'load_postgres_to_postgres', 'scheduled__2024-02-16T00:00:00+00:00', '--job-id', '3400', '--raw', '--subdir', 'DAGS_FOLDER/northwind_dag_teste.py', '--cfg-path', '/tmp/tmpgecqfzyj']
[2024-07-03T18:15:45.543+0000] {standard_task_runner.py:91} INFO - Job 3400: Subtask load_postgres_to_postgres
[2024-07-03T18:15:45.734+0000] {task_command.py:426} INFO - Running <TaskInstance: pipeline_dag_northwind.load_postgres_to_postgres scheduled__2024-02-16T00:00:00+00:00 [running]> on host 9ca175d293f4
[2024-07-03T18:15:45.989+0000] {taskinstance.py:2648} INFO - Exporting env vars: AIRFLOW_CTX_DAG_OWNER='airflow' AIRFLOW_CTX_DAG_ID='pipeline_dag_northwind' AIRFLOW_CTX_TASK_ID='load_postgres_to_postgres' AIRFLOW_CTX_EXECUTION_DATE='2024-02-16T00:00:00+00:00' AIRFLOW_CTX_TRY_NUMBER='2' AIRFLOW_CTX_DAG_RUN_ID='scheduled__2024-02-16T00:00:00+00:00'
[2024-07-03T18:15:45.996+0000] {taskinstance.py:430} INFO - ::endgroup::
[2024-07-03T18:15:46.055+0000] {logging_mixin.py:188} INFO - Command failed with error: Command 'meltano elt tap-postgres target-postgres --transform=run --job_id=load_postgres_to_postgres_2024-02-16' returned non-zero exit status 127.
[2024-07-03T18:15:46.057+0000] {taskinstance.py:441} INFO - ::group::Post task execution logs
[2024-07-03T18:15:46.059+0000] {taskinstance.py:2905} ERROR - Task failed with exception
Traceback (most recent call last):
  File "/home/airflow/.local/lib/python3.12/site-packages/airflow/models/taskinstance.py", line 465, in _execute_task
    result = _execute_callable(context=context, **execute_callable_kwargs)
             ^^^^^^^^^^^^^^^^^^^^^^^^^^^^^^^^^^^^^^^^^^^^^^^^^^^^^^^^^^^^^
  File "/home/airflow/.local/lib/python3.12/site-packages/airflow/models/taskinstance.py", line 432, in _execute_callable
    return execute_callable(context=context, **execute_callable_kwargs)
           ^^^^^^^^^^^^^^^^^^^^^^^^^^^^^^^^^^^^^^^^^^^^^^^^^^^^^^^^^^^^
  File "/home/airflow/.local/lib/python3.12/site-packages/airflow/models/baseoperator.py", line 401, in wrapper
    return func(self, *args, **kwargs)
           ^^^^^^^^^^^^^^^^^^^^^^^^^^^
  File "/home/airflow/.local/lib/python3.12/site-packages/airflow/operators/python.py", line 235, in execute
    return_value = self.execute_callable()
                   ^^^^^^^^^^^^^^^^^^^^^^^
  File "/home/airflow/.local/lib/python3.12/site-packages/airflow/operators/python.py", line 252, in execute_callable
    return self.python_callable(*self.op_args, **self.op_kwargs)
           ^^^^^^^^^^^^^^^^^^^^^^^^^^^^^^^^^^^^^^^^^^^^^^^^^^^^^
  File "/opt/airflow/dags/northwind_dag_teste.py", line 56, in load_postgres_to_postgres
    subprocess.run(load_command, shell=True, check=True)
  File "/usr/local/lib/python3.12/subprocess.py", line 571, in run
    raise CalledProcessError(retcode, process.args,
subprocess.CalledProcessError: Command 'meltano elt tap-postgres target-postgres --transform=run --job_id=load_postgres_to_postgres_2024-02-16' returned non-zero exit status 127.
[2024-07-03T18:15:46.125+0000] {taskinstance.py:1206} INFO - Marking task as FAILED. dag_id=pipeline_dag_northwind, task_id=load_postgres_to_postgres, run_id=scheduled__2024-02-16T00:00:00+00:00, execution_date=20240216T000000, start_date=20240703T181545, end_date=20240703T181546
[2024-07-03T18:15:46.196+0000] {standard_task_runner.py:110} ERROR - Failed to execute job 3400 for task load_postgres_to_postgres (Command 'meltano elt tap-postgres target-postgres --transform=run --job_id=load_postgres_to_postgres_2024-02-16' returned non-zero exit status 127.; 631)
[2024-07-03T18:15:46.244+0000] {local_task_job_runner.py:240} INFO - Task exited with return code 1
[2024-07-03T18:15:46.267+0000] {local_task_job_runner.py:222} INFO - ::endgroup::
