[2024-06-30T20:58:36.386+0000] {local_task_job_runner.py:120} INFO - ::group::Pre task execution logs
[2024-06-30T20:58:36.436+0000] {taskinstance.py:2076} INFO - Dependencies all met for dep_context=non-requeueable deps ti=<TaskInstance: dag_northwind.extract_postgres scheduled__2024-01-21T00:00:00+00:00 [queued]>
[2024-06-30T20:58:36.450+0000] {taskinstance.py:2076} INFO - Dependencies all met for dep_context=requeueable deps ti=<TaskInstance: dag_northwind.extract_postgres scheduled__2024-01-21T00:00:00+00:00 [queued]>
[2024-06-30T20:58:36.451+0000] {taskinstance.py:2306} INFO - Starting attempt 1 of 2
[2024-06-30T20:58:36.480+0000] {taskinstance.py:2330} INFO - Executing <Task(BashOperator): extract_postgres> on 2024-01-21 00:00:00+00:00
[2024-06-30T20:58:36.490+0000] {logging_mixin.py:188} WARNING - /home/airflow/.local/lib/python3.12/site-packages/airflow/task/task_runner/standard_task_runner.py:61 DeprecationWarning: This process (pid=752) is multi-threaded, use of fork() may lead to deadlocks in the child.
[2024-06-30T20:58:36.491+0000] {standard_task_runner.py:63} INFO - Started process 761 to run task
[2024-06-30T20:58:36.490+0000] {standard_task_runner.py:90} INFO - Running: ['airflow', 'tasks', 'run', 'dag_northwind', 'extract_postgres', 'scheduled__2024-01-21T00:00:00+00:00', '--job-id', '427', '--raw', '--subdir', 'DAGS_FOLDER/dag_northwind.py', '--cfg-path', '/tmp/tmp855iqumy']
[2024-06-30T20:58:36.492+0000] {standard_task_runner.py:91} INFO - Job 427: Subtask extract_postgres
[2024-06-30T20:58:36.565+0000] {task_command.py:426} INFO - Running <TaskInstance: dag_northwind.extract_postgres scheduled__2024-01-21T00:00:00+00:00 [running]> on host a7d76f00647b
[2024-06-30T20:58:36.680+0000] {taskinstance.py:2648} INFO - Exporting env vars: AIRFLOW_CTX_DAG_OWNER='airflow' AIRFLOW_CTX_DAG_ID='dag_northwind' AIRFLOW_CTX_TASK_ID='extract_postgres' AIRFLOW_CTX_EXECUTION_DATE='2024-01-21T00:00:00+00:00' AIRFLOW_CTX_TRY_NUMBER='1' AIRFLOW_CTX_DAG_RUN_ID='scheduled__2024-01-21T00:00:00+00:00'
[2024-06-30T20:58:36.681+0000] {taskinstance.py:430} INFO - ::endgroup::
[2024-06-30T20:58:36.712+0000] {subprocess.py:63} INFO - Tmp dir root location: /tmp
[2024-06-30T20:58:36.713+0000] {subprocess.py:75} INFO - Running command: ['/usr/bin/bash', '-c', 'meltano elt tap-postgres target-csv --job_id=extract_postgres_2024-01-21 && mkdir -p /data/postgres/2024-01-21 && mv /project/output/tap-postgres/*.csv /data/postgres/2024-01-21/']
[2024-06-30T20:58:36.726+0000] {subprocess.py:86} INFO - Output:
[2024-06-30T20:58:36.729+0000] {subprocess.py:93} INFO - /usr/bin/bash: line 1: meltano: command not found
[2024-06-30T20:58:36.730+0000] {subprocess.py:97} INFO - Command exited with return code 127
[2024-06-30T20:58:36.731+0000] {taskinstance.py:441} INFO - ::group::Post task execution logs
[2024-06-30T20:58:36.748+0000] {taskinstance.py:2905} ERROR - Task failed with exception
Traceback (most recent call last):
  File "/home/airflow/.local/lib/python3.12/site-packages/airflow/models/taskinstance.py", line 465, in _execute_task
    result = _execute_callable(context=context, **execute_callable_kwargs)
             ^^^^^^^^^^^^^^^^^^^^^^^^^^^^^^^^^^^^^^^^^^^^^^^^^^^^^^^^^^^^^
  File "/home/airflow/.local/lib/python3.12/site-packages/airflow/models/taskinstance.py", line 432, in _execute_callable
    return execute_callable(context=context, **execute_callable_kwargs)
           ^^^^^^^^^^^^^^^^^^^^^^^^^^^^^^^^^^^^^^^^^^^^^^^^^^^^^^^^^^^^
  File "/home/airflow/.local/lib/python3.12/site-packages/airflow/models/baseoperator.py", line 401, in wrapper
    return func(self, *args, **kwargs)
           ^^^^^^^^^^^^^^^^^^^^^^^^^^^
  File "/home/airflow/.local/lib/python3.12/site-packages/airflow/operators/bash.py", line 243, in execute
    raise AirflowException(
airflow.exceptions.AirflowException: Bash command failed. The command returned a non-zero exit code 127.
[2024-06-30T20:58:36.755+0000] {taskinstance.py:1206} INFO - Marking task as UP_FOR_RETRY. dag_id=dag_northwind, task_id=extract_postgres, run_id=scheduled__2024-01-21T00:00:00+00:00, execution_date=20240121T000000, start_date=20240630T205836, end_date=20240630T205836
[2024-06-30T20:58:36.819+0000] {standard_task_runner.py:110} ERROR - Failed to execute job 427 for task extract_postgres (Bash command failed. The command returned a non-zero exit code 127.; 761)
[2024-06-30T20:58:36.867+0000] {local_task_job_runner.py:240} INFO - Task exited with return code 1
[2024-06-30T20:58:36.903+0000] {taskinstance.py:3503} INFO - 0 downstream tasks scheduled from follow-on schedule check
[2024-06-30T20:58:36.905+0000] {local_task_job_runner.py:222} INFO - ::endgroup::
[2024-07-01T10:06:13.417+0000] {local_task_job_runner.py:120} INFO - ::group::Pre task execution logs
[2024-07-01T10:06:13.517+0000] {taskinstance.py:2076} INFO - Dependencies all met for dep_context=non-requeueable deps ti=<TaskInstance: dag_northwind.extract_postgres scheduled__2024-01-21T00:00:00+00:00 [queued]>
[2024-07-01T10:06:13.538+0000] {taskinstance.py:2076} INFO - Dependencies all met for dep_context=requeueable deps ti=<TaskInstance: dag_northwind.extract_postgres scheduled__2024-01-21T00:00:00+00:00 [queued]>
[2024-07-01T10:06:13.539+0000] {taskinstance.py:2306} INFO - Starting attempt 1 of 2
[2024-07-01T10:06:13.586+0000] {taskinstance.py:2330} INFO - Executing <Task(BashOperator): extract_postgres> on 2024-01-21 00:00:00+00:00
[2024-07-01T10:06:13.602+0000] {logging_mixin.py:188} WARNING - /home/airflow/.local/lib/python3.12/site-packages/airflow/task/task_runner/standard_task_runner.py:61 DeprecationWarning: This process (pid=5261) is multi-threaded, use of fork() may lead to deadlocks in the child.
[2024-07-01T10:06:13.604+0000] {standard_task_runner.py:63} INFO - Started process 5280 to run task
[2024-07-01T10:06:13.603+0000] {standard_task_runner.py:90} INFO - Running: ['airflow', 'tasks', 'run', 'dag_northwind', 'extract_postgres', 'scheduled__2024-01-21T00:00:00+00:00', '--job-id', '947', '--raw', '--subdir', 'DAGS_FOLDER/dag_northwind.py', '--cfg-path', '/tmp/tmpnoydvt3u']
[2024-07-01T10:06:13.608+0000] {standard_task_runner.py:91} INFO - Job 947: Subtask extract_postgres
[2024-07-01T10:06:13.721+0000] {task_command.py:426} INFO - Running <TaskInstance: dag_northwind.extract_postgres scheduled__2024-01-21T00:00:00+00:00 [running]> on host 85c6ea7cd9cf
[2024-07-01T10:06:13.956+0000] {taskinstance.py:2648} INFO - Exporting env vars: AIRFLOW_CTX_DAG_OWNER='airflow' AIRFLOW_CTX_DAG_ID='dag_northwind' AIRFLOW_CTX_TASK_ID='extract_postgres' AIRFLOW_CTX_EXECUTION_DATE='2024-01-21T00:00:00+00:00' AIRFLOW_CTX_TRY_NUMBER='1' AIRFLOW_CTX_DAG_RUN_ID='scheduled__2024-01-21T00:00:00+00:00'
[2024-07-01T10:06:13.957+0000] {taskinstance.py:430} INFO - ::endgroup::
[2024-07-01T10:06:13.989+0000] {subprocess.py:63} INFO - Tmp dir root location: /tmp
[2024-07-01T10:06:13.990+0000] {subprocess.py:75} INFO - Running command: ['/usr/bin/bash', '-c', 'meltano elt tap-postgres target-csv --job_id=extract_postgres_2024-01-21 && mkdir -p /data/postgres/2024-01-21 && mv /project/output/tap-postgres/*.csv /data/postgres/2024-01-21/']
[2024-07-01T10:06:14.005+0000] {subprocess.py:86} INFO - Output:
[2024-07-01T10:06:14.008+0000] {subprocess.py:93} INFO - /usr/bin/bash: line 1: meltano: command not found
[2024-07-01T10:06:14.009+0000] {subprocess.py:97} INFO - Command exited with return code 127
[2024-07-01T10:06:14.010+0000] {taskinstance.py:441} INFO - ::group::Post task execution logs
[2024-07-01T10:06:14.032+0000] {taskinstance.py:2905} ERROR - Task failed with exception
Traceback (most recent call last):
  File "/home/airflow/.local/lib/python3.12/site-packages/airflow/models/taskinstance.py", line 465, in _execute_task
    result = _execute_callable(context=context, **execute_callable_kwargs)
             ^^^^^^^^^^^^^^^^^^^^^^^^^^^^^^^^^^^^^^^^^^^^^^^^^^^^^^^^^^^^^
  File "/home/airflow/.local/lib/python3.12/site-packages/airflow/models/taskinstance.py", line 432, in _execute_callable
    return execute_callable(context=context, **execute_callable_kwargs)
           ^^^^^^^^^^^^^^^^^^^^^^^^^^^^^^^^^^^^^^^^^^^^^^^^^^^^^^^^^^^^
  File "/home/airflow/.local/lib/python3.12/site-packages/airflow/models/baseoperator.py", line 401, in wrapper
    return func(self, *args, **kwargs)
           ^^^^^^^^^^^^^^^^^^^^^^^^^^^
  File "/home/airflow/.local/lib/python3.12/site-packages/airflow/operators/bash.py", line 243, in execute
    raise AirflowException(
airflow.exceptions.AirflowException: Bash command failed. The command returned a non-zero exit code 127.
[2024-07-01T10:06:14.041+0000] {taskinstance.py:1206} INFO - Marking task as UP_FOR_RETRY. dag_id=dag_northwind, task_id=extract_postgres, run_id=scheduled__2024-01-21T00:00:00+00:00, execution_date=20240121T000000, start_date=20240701T100613, end_date=20240701T100614
[2024-07-01T10:06:14.076+0000] {standard_task_runner.py:110} ERROR - Failed to execute job 947 for task extract_postgres (Bash command failed. The command returned a non-zero exit code 127.; 5280)
[2024-07-01T10:06:14.103+0000] {local_task_job_runner.py:240} INFO - Task exited with return code 1
[2024-07-01T10:06:14.158+0000] {taskinstance.py:3503} INFO - 0 downstream tasks scheduled from follow-on schedule check
[2024-07-01T10:06:14.160+0000] {local_task_job_runner.py:222} INFO - ::endgroup::
