[2024-07-01T01:35:57.425+0000] {local_task_job_runner.py:120} INFO - ::group::Pre task execution logs
[2024-07-01T01:35:57.504+0000] {taskinstance.py:2076} INFO - Dependencies all met for dep_context=non-requeueable deps ti=<TaskInstance: dag_northwind.extract_postgres scheduled__2024-04-27T00:00:00+00:00 [queued]>
[2024-07-01T01:35:57.524+0000] {taskinstance.py:2076} INFO - Dependencies all met for dep_context=requeueable deps ti=<TaskInstance: dag_northwind.extract_postgres scheduled__2024-04-27T00:00:00+00:00 [queued]>
[2024-07-01T01:35:57.525+0000] {taskinstance.py:2306} INFO - Starting attempt 1 of 2
[2024-07-01T01:35:57.565+0000] {taskinstance.py:2330} INFO - Executing <Task(BashOperator): extract_postgres> on 2024-04-27 00:00:00+00:00
[2024-07-01T01:35:57.585+0000] {logging_mixin.py:188} WARNING - /home/airflow/.local/lib/python3.12/site-packages/airflow/task/task_runner/standard_task_runner.py:61 DeprecationWarning: This process (pid=1526) is multi-threaded, use of fork() may lead to deadlocks in the child.
[2024-07-01T01:35:57.587+0000] {standard_task_runner.py:63} INFO - Started process 1544 to run task
[2024-07-01T01:35:57.590+0000] {standard_task_runner.py:90} INFO - Running: ['airflow', 'tasks', 'run', 'dag_northwind', 'extract_postgres', 'scheduled__2024-04-27T00:00:00+00:00', '--job-id', '787', '--raw', '--subdir', 'DAGS_FOLDER/dag_northwind.py', '--cfg-path', '/tmp/tmp_25gmjam']
[2024-07-01T01:35:57.595+0000] {standard_task_runner.py:91} INFO - Job 787: Subtask extract_postgres
[2024-07-01T01:35:57.727+0000] {task_command.py:426} INFO - Running <TaskInstance: dag_northwind.extract_postgres scheduled__2024-04-27T00:00:00+00:00 [running]> on host 05d913303710
[2024-07-01T01:35:57.943+0000] {taskinstance.py:2648} INFO - Exporting env vars: AIRFLOW_CTX_DAG_OWNER='airflow' AIRFLOW_CTX_DAG_ID='dag_northwind' AIRFLOW_CTX_TASK_ID='extract_postgres' AIRFLOW_CTX_EXECUTION_DATE='2024-04-27T00:00:00+00:00' AIRFLOW_CTX_TRY_NUMBER='1' AIRFLOW_CTX_DAG_RUN_ID='scheduled__2024-04-27T00:00:00+00:00'
[2024-07-01T01:35:57.945+0000] {taskinstance.py:430} INFO - ::endgroup::
[2024-07-01T01:35:57.984+0000] {subprocess.py:63} INFO - Tmp dir root location: /tmp
[2024-07-01T01:35:57.988+0000] {subprocess.py:75} INFO - Running command: ['/usr/bin/bash', '-c', 'meltano elt tap-postgres target-csv --job_id=extract_postgres_2024-04-27 && mkdir -p /data/postgres/2024-04-27 && mv /project/output/tap-postgres/*.csv /data/postgres/2024-04-27/']
[2024-07-01T01:35:58.009+0000] {subprocess.py:86} INFO - Output:
[2024-07-01T01:35:58.014+0000] {subprocess.py:93} INFO - /usr/bin/bash: line 1: meltano: command not found
[2024-07-01T01:35:58.015+0000] {subprocess.py:97} INFO - Command exited with return code 127
[2024-07-01T01:35:58.017+0000] {taskinstance.py:441} INFO - ::group::Post task execution logs
[2024-07-01T01:35:58.035+0000] {taskinstance.py:2905} ERROR - Task failed with exception
Traceback (most recent call last):
  File "/home/airflow/.local/lib/python3.12/site-packages/airflow/models/taskinstance.py", line 465, in _execute_task
    result = _execute_callable(context=context, **execute_callable_kwargs)
             ^^^^^^^^^^^^^^^^^^^^^^^^^^^^^^^^^^^^^^^^^^^^^^^^^^^^^^^^^^^^^
  File "/home/airflow/.local/lib/python3.12/site-packages/airflow/models/taskinstance.py", line 432, in _execute_callable
    return execute_callable(context=context, **execute_callable_kwargs)
           ^^^^^^^^^^^^^^^^^^^^^^^^^^^^^^^^^^^^^^^^^^^^^^^^^^^^^^^^^^^^
  File "/home/airflow/.local/lib/python3.12/site-packages/airflow/models/baseoperator.py", line 401, in wrapper
    return func(self, *args, **kwargs)
           ^^^^^^^^^^^^^^^^^^^^^^^^^^^
  File "/home/airflow/.local/lib/python3.12/site-packages/airflow/operators/bash.py", line 243, in execute
    raise AirflowException(
airflow.exceptions.AirflowException: Bash command failed. The command returned a non-zero exit code 127.
[2024-07-01T01:35:58.044+0000] {taskinstance.py:1206} INFO - Marking task as UP_FOR_RETRY. dag_id=dag_northwind, task_id=extract_postgres, run_id=scheduled__2024-04-27T00:00:00+00:00, execution_date=20240427T000000, start_date=20240701T013557, end_date=20240701T013558
[2024-07-01T01:35:58.102+0000] {standard_task_runner.py:110} ERROR - Failed to execute job 787 for task extract_postgres (Bash command failed. The command returned a non-zero exit code 127.; 1544)
[2024-07-01T01:35:58.131+0000] {local_task_job_runner.py:240} INFO - Task exited with return code 1
[2024-07-01T01:35:58.156+0000] {local_task_job_runner.py:222} INFO - ::endgroup::
[2024-07-01T10:37:08.989+0000] {local_task_job_runner.py:120} INFO - ::group::Pre task execution logs
[2024-07-01T10:37:09.074+0000] {taskinstance.py:2076} INFO - Dependencies all met for dep_context=non-requeueable deps ti=<TaskInstance: dag_northwind.extract_postgres scheduled__2024-04-27T00:00:00+00:00 [queued]>
[2024-07-01T10:37:09.093+0000] {taskinstance.py:2076} INFO - Dependencies all met for dep_context=requeueable deps ti=<TaskInstance: dag_northwind.extract_postgres scheduled__2024-04-27T00:00:00+00:00 [queued]>
[2024-07-01T10:37:09.094+0000] {taskinstance.py:2306} INFO - Starting attempt 1 of 2
[2024-07-01T10:37:09.141+0000] {taskinstance.py:2330} INFO - Executing <Task(BashOperator): extract_postgres> on 2024-04-27 00:00:00+00:00
[2024-07-01T10:37:09.160+0000] {logging_mixin.py:188} WARNING - /home/airflow/.local/lib/python3.12/site-packages/airflow/task/task_runner/standard_task_runner.py:61 DeprecationWarning: This process (pid=7111) is multi-threaded, use of fork() may lead to deadlocks in the child.
[2024-07-01T10:37:09.163+0000] {standard_task_runner.py:63} INFO - Started process 7130 to run task
[2024-07-01T10:37:09.161+0000] {standard_task_runner.py:90} INFO - Running: ['airflow', 'tasks', 'run', 'dag_northwind', 'extract_postgres', 'scheduled__2024-04-27T00:00:00+00:00', '--job-id', '1333', '--raw', '--subdir', 'DAGS_FOLDER/dag_northwind.py', '--cfg-path', '/tmp/tmp4mb4w99n']
[2024-07-01T10:37:09.166+0000] {standard_task_runner.py:91} INFO - Job 1333: Subtask extract_postgres
[2024-07-01T10:37:09.292+0000] {task_command.py:426} INFO - Running <TaskInstance: dag_northwind.extract_postgres scheduled__2024-04-27T00:00:00+00:00 [running]> on host 85c6ea7cd9cf
[2024-07-01T10:37:09.480+0000] {taskinstance.py:2648} INFO - Exporting env vars: AIRFLOW_CTX_DAG_OWNER='airflow' AIRFLOW_CTX_DAG_ID='dag_northwind' AIRFLOW_CTX_TASK_ID='extract_postgres' AIRFLOW_CTX_EXECUTION_DATE='2024-04-27T00:00:00+00:00' AIRFLOW_CTX_TRY_NUMBER='1' AIRFLOW_CTX_DAG_RUN_ID='scheduled__2024-04-27T00:00:00+00:00'
[2024-07-01T10:37:09.482+0000] {taskinstance.py:430} INFO - ::endgroup::
[2024-07-01T10:37:09.521+0000] {subprocess.py:63} INFO - Tmp dir root location: /tmp
[2024-07-01T10:37:09.522+0000] {subprocess.py:75} INFO - Running command: ['/usr/bin/bash', '-c', 'meltano elt tap-postgres target-csv --job_id=extract_postgres_2024-04-27 && mkdir -p /data/postgres/2024-04-27 && mv /project/output/tap-postgres/*.csv /data/postgres/2024-04-27/']
[2024-07-01T10:37:09.538+0000] {subprocess.py:86} INFO - Output:
[2024-07-01T10:37:09.543+0000] {subprocess.py:93} INFO - /usr/bin/bash: line 1: meltano: command not found
[2024-07-01T10:37:09.544+0000] {subprocess.py:97} INFO - Command exited with return code 127
[2024-07-01T10:37:09.545+0000] {taskinstance.py:441} INFO - ::group::Post task execution logs
[2024-07-01T10:37:09.565+0000] {taskinstance.py:2905} ERROR - Task failed with exception
Traceback (most recent call last):
  File "/home/airflow/.local/lib/python3.12/site-packages/airflow/models/taskinstance.py", line 465, in _execute_task
    result = _execute_callable(context=context, **execute_callable_kwargs)
             ^^^^^^^^^^^^^^^^^^^^^^^^^^^^^^^^^^^^^^^^^^^^^^^^^^^^^^^^^^^^^
  File "/home/airflow/.local/lib/python3.12/site-packages/airflow/models/taskinstance.py", line 432, in _execute_callable
    return execute_callable(context=context, **execute_callable_kwargs)
           ^^^^^^^^^^^^^^^^^^^^^^^^^^^^^^^^^^^^^^^^^^^^^^^^^^^^^^^^^^^^
  File "/home/airflow/.local/lib/python3.12/site-packages/airflow/models/baseoperator.py", line 401, in wrapper
    return func(self, *args, **kwargs)
           ^^^^^^^^^^^^^^^^^^^^^^^^^^^
  File "/home/airflow/.local/lib/python3.12/site-packages/airflow/operators/bash.py", line 243, in execute
    raise AirflowException(
airflow.exceptions.AirflowException: Bash command failed. The command returned a non-zero exit code 127.
[2024-07-01T10:37:09.574+0000] {taskinstance.py:1206} INFO - Marking task as UP_FOR_RETRY. dag_id=dag_northwind, task_id=extract_postgres, run_id=scheduled__2024-04-27T00:00:00+00:00, execution_date=20240427T000000, start_date=20240701T103709, end_date=20240701T103709
[2024-07-01T10:37:09.677+0000] {standard_task_runner.py:110} ERROR - Failed to execute job 1333 for task extract_postgres (Bash command failed. The command returned a non-zero exit code 127.; 7130)
[2024-07-01T10:37:09.702+0000] {local_task_job_runner.py:240} INFO - Task exited with return code 1
[2024-07-01T10:37:09.724+0000] {local_task_job_runner.py:222} INFO - ::endgroup::
