[2024-07-14T15:40:34.863+0000] {local_task_job_runner.py:120} INFO - ::group::Pre task execution logs
[2024-07-14T15:40:34.952+0000] {taskinstance.py:2076} INFO - Dependencies all met for dep_context=non-requeueable deps ti=<TaskInstance: dag_pipeline_northwind.extract_postgres_employee_territories scheduled__2024-07-13T00:00:00+00:00 [queued]>
[2024-07-14T15:40:34.986+0000] {taskinstance.py:2076} INFO - Dependencies all met for dep_context=requeueable deps ti=<TaskInstance: dag_pipeline_northwind.extract_postgres_employee_territories scheduled__2024-07-13T00:00:00+00:00 [queued]>
[2024-07-14T15:40:35.008+0000] {taskinstance.py:2306} INFO - Starting attempt 2 of 2
[2024-07-14T15:40:35.145+0000] {taskinstance.py:2330} INFO - Executing <Task(PythonOperator): extract_postgres_employee_territories> on 2024-07-13 00:00:00+00:00
[2024-07-14T15:40:35.162+0000] {standard_task_runner.py:90} INFO - Running: ['airflow', 'tasks', 'run', 'dag_pipeline_northwind', 'extract_postgres_employee_territories', 'scheduled__2024-07-13T00:00:00+00:00', '--job-id', '5670', '--raw', '--subdir', 'DAGS_FOLDER/dag_pipeline_northwind.py', '--cfg-path', '/tmp/tmpt03gdkpa']
[2024-07-14T15:40:35.165+0000] {standard_task_runner.py:91} INFO - Job 5670: Subtask extract_postgres_employee_territories
[2024-07-14T15:40:35.170+0000] {logging_mixin.py:188} WARNING - /home/airflow/.local/lib/python3.12/site-packages/airflow/task/task_runner/standard_task_runner.py:61 DeprecationWarning: This process (pid=267) is multi-threaded, use of fork() may lead to deadlocks in the child.
[2024-07-14T15:40:35.172+0000] {standard_task_runner.py:63} INFO - Started process 289 to run task
[2024-07-14T15:40:35.302+0000] {task_command.py:426} INFO - Running <TaskInstance: dag_pipeline_northwind.extract_postgres_employee_territories scheduled__2024-07-13T00:00:00+00:00 [running]> on host 5ef7300ef9b1
[2024-07-14T15:40:36.716+0000] {taskinstance.py:2648} INFO - Exporting env vars: AIRFLOW_CTX_DAG_OWNER='airflow' AIRFLOW_CTX_DAG_ID='dag_pipeline_northwind' AIRFLOW_CTX_TASK_ID='extract_postgres_employee_territories' AIRFLOW_CTX_EXECUTION_DATE='2024-07-13T00:00:00+00:00' AIRFLOW_CTX_TRY_NUMBER='2' AIRFLOW_CTX_DAG_RUN_ID='scheduled__2024-07-13T00:00:00+00:00'
[2024-07-14T15:40:36.718+0000] {taskinstance.py:430} INFO - ::endgroup::
[2024-07-14T15:40:36.746+0000] {logging_mixin.py:188} INFO - Running command: meltano elt tap-postgres target-csv --transform=run --job_id=extract_postgres_employee_territories_2024-07-13
[2024-07-14T15:40:36.751+0000] {logging_mixin.py:188} INFO - Command failed with error: Command 'meltano elt tap-postgres target-csv --transform=run --job_id=extract_postgres_employee_territories_2024-07-13' returned non-zero exit status 127.
[2024-07-14T15:40:36.752+0000] {taskinstance.py:441} INFO - ::group::Post task execution logs
[2024-07-14T15:40:36.753+0000] {taskinstance.py:2905} ERROR - Task failed with exception
Traceback (most recent call last):
  File "/home/airflow/.local/lib/python3.12/site-packages/airflow/models/taskinstance.py", line 465, in _execute_task
    result = _execute_callable(context=context, **execute_callable_kwargs)
             ^^^^^^^^^^^^^^^^^^^^^^^^^^^^^^^^^^^^^^^^^^^^^^^^^^^^^^^^^^^^^
  File "/home/airflow/.local/lib/python3.12/site-packages/airflow/models/taskinstance.py", line 432, in _execute_callable
    return execute_callable(context=context, **execute_callable_kwargs)
           ^^^^^^^^^^^^^^^^^^^^^^^^^^^^^^^^^^^^^^^^^^^^^^^^^^^^^^^^^^^^
  File "/home/airflow/.local/lib/python3.12/site-packages/airflow/models/baseoperator.py", line 401, in wrapper
    return func(self, *args, **kwargs)
           ^^^^^^^^^^^^^^^^^^^^^^^^^^^
  File "/home/airflow/.local/lib/python3.12/site-packages/airflow/operators/python.py", line 235, in execute
    return_value = self.execute_callable()
                   ^^^^^^^^^^^^^^^^^^^^^^^
  File "/home/airflow/.local/lib/python3.12/site-packages/airflow/operators/python.py", line 252, in execute_callable
    return self.python_callable(*self.op_args, **self.op_kwargs)
           ^^^^^^^^^^^^^^^^^^^^^^^^^^^^^^^^^^^^^^^^^^^^^^^^^^^^^
  File "/opt/airflow/dags/dag_pipeline_northwind.py", line 40, in extract_postgres_table
    result = subprocess.run(extract_command, shell=True, check=True, capture_output=True, text=True)
             ^^^^^^^^^^^^^^^^^^^^^^^^^^^^^^^^^^^^^^^^^^^^^^^^^^^^^^^^^^^^^^^^^^^^^^^^^^^^^^^^^^^^^^^
  File "/usr/local/lib/python3.12/subprocess.py", line 571, in run
    raise CalledProcessError(retcode, process.args,
subprocess.CalledProcessError: Command 'meltano elt tap-postgres target-csv --transform=run --job_id=extract_postgres_employee_territories_2024-07-13' returned non-zero exit status 127.
[2024-07-14T15:40:36.777+0000] {taskinstance.py:1206} INFO - Marking task as FAILED. dag_id=dag_pipeline_northwind, task_id=extract_postgres_employee_territories, run_id=scheduled__2024-07-13T00:00:00+00:00, execution_date=20240713T000000, start_date=20240714T154034, end_date=20240714T154036
[2024-07-14T15:40:36.802+0000] {standard_task_runner.py:110} ERROR - Failed to execute job 5670 for task extract_postgres_employee_territories (Command 'meltano elt tap-postgres target-csv --transform=run --job_id=extract_postgres_employee_territories_2024-07-13' returned non-zero exit status 127.; 289)
[2024-07-14T15:40:36.839+0000] {local_task_job_runner.py:240} INFO - Task exited with return code 1
[2024-07-14T15:40:36.859+0000] {local_task_job_runner.py:222} INFO - ::endgroup::
[2024-07-14T21:53:03.698+0000] {local_task_job_runner.py:120} INFO - ::group::Pre task execution logs
[2024-07-14T21:53:03.822+0000] {taskinstance.py:2076} INFO - Dependencies all met for dep_context=non-requeueable deps ti=<TaskInstance: dag_pipeline_northwind.extract_postgres_employee_territories scheduled__2024-07-13T00:00:00+00:00 [queued]>
[2024-07-14T21:53:03.846+0000] {taskinstance.py:2076} INFO - Dependencies all met for dep_context=requeueable deps ti=<TaskInstance: dag_pipeline_northwind.extract_postgres_employee_territories scheduled__2024-07-13T00:00:00+00:00 [queued]>
[2024-07-14T21:53:03.849+0000] {taskinstance.py:2306} INFO - Starting attempt 2 of 2
[2024-07-14T21:53:03.895+0000] {taskinstance.py:2330} INFO - Executing <Task(PythonOperator): extract_postgres_employee_territories> on 2024-07-13 00:00:00+00:00
[2024-07-14T21:53:03.914+0000] {logging_mixin.py:188} WARNING - /home/airflow/.local/lib/python3.12/site-packages/airflow/task/task_runner/standard_task_runner.py:61 DeprecationWarning: This process (pid=602) is multi-threaded, use of fork() may lead to deadlocks in the child.
[2024-07-14T21:53:03.921+0000] {standard_task_runner.py:63} INFO - Started process 608 to run task
[2024-07-14T21:53:03.919+0000] {standard_task_runner.py:90} INFO - Running: ['airflow', 'tasks', 'run', 'dag_pipeline_northwind', 'extract_postgres_employee_territories', 'scheduled__2024-07-13T00:00:00+00:00', '--job-id', '5802', '--raw', '--subdir', 'DAGS_FOLDER/dag_pipeline_northwind.py', '--cfg-path', '/tmp/tmp76ksv6hs']
[2024-07-14T21:53:03.925+0000] {standard_task_runner.py:91} INFO - Job 5802: Subtask extract_postgres_employee_territories
[2024-07-14T21:53:04.126+0000] {task_command.py:426} INFO - Running <TaskInstance: dag_pipeline_northwind.extract_postgres_employee_territories scheduled__2024-07-13T00:00:00+00:00 [running]> on host ee4b7f7f7c3e
[2024-07-14T21:53:04.523+0000] {taskinstance.py:2648} INFO - Exporting env vars: AIRFLOW_CTX_DAG_OWNER='airflow' AIRFLOW_CTX_DAG_ID='dag_pipeline_northwind' AIRFLOW_CTX_TASK_ID='extract_postgres_employee_territories' AIRFLOW_CTX_EXECUTION_DATE='2024-07-13T00:00:00+00:00' AIRFLOW_CTX_TRY_NUMBER='2' AIRFLOW_CTX_DAG_RUN_ID='scheduled__2024-07-13T00:00:00+00:00'
[2024-07-14T21:53:04.525+0000] {taskinstance.py:430} INFO - ::endgroup::
[2024-07-14T21:53:04.566+0000] {logging_mixin.py:188} INFO - Running command: meltano elt tap-postgres target-csv --transform=run --job_id=extract_postgres_employee_territories_2024-07-13
[2024-07-14T21:53:04.586+0000] {logging_mixin.py:188} INFO - Command failed with error: Command 'meltano elt tap-postgres target-csv --transform=run --job_id=extract_postgres_employee_territories_2024-07-13' returned non-zero exit status 127.
[2024-07-14T21:53:04.589+0000] {taskinstance.py:441} INFO - ::group::Post task execution logs
[2024-07-14T21:53:04.599+0000] {taskinstance.py:2905} ERROR - Task failed with exception
Traceback (most recent call last):
  File "/home/airflow/.local/lib/python3.12/site-packages/airflow/models/taskinstance.py", line 465, in _execute_task
    result = _execute_callable(context=context, **execute_callable_kwargs)
             ^^^^^^^^^^^^^^^^^^^^^^^^^^^^^^^^^^^^^^^^^^^^^^^^^^^^^^^^^^^^^
  File "/home/airflow/.local/lib/python3.12/site-packages/airflow/models/taskinstance.py", line 432, in _execute_callable
    return execute_callable(context=context, **execute_callable_kwargs)
           ^^^^^^^^^^^^^^^^^^^^^^^^^^^^^^^^^^^^^^^^^^^^^^^^^^^^^^^^^^^^
  File "/home/airflow/.local/lib/python3.12/site-packages/airflow/models/baseoperator.py", line 401, in wrapper
    return func(self, *args, **kwargs)
           ^^^^^^^^^^^^^^^^^^^^^^^^^^^
  File "/home/airflow/.local/lib/python3.12/site-packages/airflow/operators/python.py", line 235, in execute
    return_value = self.execute_callable()
                   ^^^^^^^^^^^^^^^^^^^^^^^
  File "/home/airflow/.local/lib/python3.12/site-packages/airflow/operators/python.py", line 252, in execute_callable
    return self.python_callable(*self.op_args, **self.op_kwargs)
           ^^^^^^^^^^^^^^^^^^^^^^^^^^^^^^^^^^^^^^^^^^^^^^^^^^^^^
  File "/opt/airflow/dags/dag_pipeline_northwind.py", line 40, in extract_postgres_table
    result = subprocess.run(extract_command, shell=True, check=True, capture_output=True, text=True)
             ^^^^^^^^^^^^^^^^^^^^^^^^^^^^^^^^^^^^^^^^^^^^^^^^^^^^^^^^^^^^^^^^^^^^^^^^^^^^^^^^^^^^^^^
  File "/usr/local/lib/python3.12/subprocess.py", line 571, in run
    raise CalledProcessError(retcode, process.args,
subprocess.CalledProcessError: Command 'meltano elt tap-postgres target-csv --transform=run --job_id=extract_postgres_employee_territories_2024-07-13' returned non-zero exit status 127.
[2024-07-14T21:53:04.652+0000] {taskinstance.py:1206} INFO - Marking task as FAILED. dag_id=dag_pipeline_northwind, task_id=extract_postgres_employee_territories, run_id=scheduled__2024-07-13T00:00:00+00:00, execution_date=20240713T000000, start_date=20240714T215303, end_date=20240714T215304
[2024-07-14T21:53:04.729+0000] {standard_task_runner.py:110} ERROR - Failed to execute job 5802 for task extract_postgres_employee_territories (Command 'meltano elt tap-postgres target-csv --transform=run --job_id=extract_postgres_employee_territories_2024-07-13' returned non-zero exit status 127.; 608)
[2024-07-14T21:53:04.795+0000] {local_task_job_runner.py:240} INFO - Task exited with return code 1
[2024-07-14T21:53:04.824+0000] {local_task_job_runner.py:222} INFO - ::endgroup::
