[2024-07-03T19:35:49.490+0000] {local_task_job_runner.py:120} INFO - ::group::Pre task execution logs
[2024-07-03T19:35:49.562+0000] {taskinstance.py:2076} INFO - Dependencies all met for dep_context=non-requeueable deps ti=<TaskInstance: dag_pipeline_northwind.extract_postgres scheduled__2024-04-23T00:00:00+00:00 [queued]>
[2024-07-03T19:35:49.576+0000] {taskinstance.py:2076} INFO - Dependencies all met for dep_context=requeueable deps ti=<TaskInstance: dag_pipeline_northwind.extract_postgres scheduled__2024-04-23T00:00:00+00:00 [queued]>
[2024-07-03T19:35:49.577+0000] {taskinstance.py:2306} INFO - Starting attempt 2 of 2
[2024-07-03T19:35:49.732+0000] {taskinstance.py:2330} INFO - Executing <Task(PythonOperator): extract_postgres> on 2024-04-23 00:00:00+00:00
[2024-07-03T19:35:49.746+0000] {logging_mixin.py:188} WARNING - /home/airflow/.local/lib/python3.12/site-packages/airflow/task/task_runner/standard_task_runner.py:61 DeprecationWarning: This process (pid=1399) is multi-threaded, use of fork() may lead to deadlocks in the child.
[2024-07-03T19:35:49.749+0000] {standard_task_runner.py:63} INFO - Started process 1404 to run task
[2024-07-03T19:35:49.746+0000] {standard_task_runner.py:90} INFO - Running: ['airflow', 'tasks', 'run', 'dag_pipeline_northwind', 'extract_postgres', 'scheduled__2024-04-23T00:00:00+00:00', '--job-id', '4047', '--raw', '--subdir', 'DAGS_FOLDER/northwind_dag_teste.py', '--cfg-path', '/tmp/tmp5e9lzwto']
[2024-07-03T19:35:49.751+0000] {standard_task_runner.py:91} INFO - Job 4047: Subtask extract_postgres
[2024-07-03T19:35:49.835+0000] {task_command.py:426} INFO - Running <TaskInstance: dag_pipeline_northwind.extract_postgres scheduled__2024-04-23T00:00:00+00:00 [running]> on host 76916b664cf5
[2024-07-03T19:35:49.958+0000] {taskinstance.py:2648} INFO - Exporting env vars: AIRFLOW_CTX_DAG_OWNER='airflow' AIRFLOW_CTX_DAG_ID='dag_pipeline_northwind' AIRFLOW_CTX_TASK_ID='extract_postgres' AIRFLOW_CTX_EXECUTION_DATE='2024-04-23T00:00:00+00:00' AIRFLOW_CTX_TRY_NUMBER='2' AIRFLOW_CTX_DAG_RUN_ID='scheduled__2024-04-23T00:00:00+00:00'
[2024-07-03T19:35:49.959+0000] {taskinstance.py:430} INFO - ::endgroup::
[2024-07-03T19:35:49.980+0000] {logging_mixin.py:188} INFO - Running command: meltano elt tap-postgres target-csv --transform=run --job_id=extract_postgres_2024-04-23
[2024-07-03T19:35:49.984+0000] {logging_mixin.py:188} INFO - Command failed with error: Command 'meltano elt tap-postgres target-csv --transform=run --job_id=extract_postgres_2024-04-23' returned non-zero exit status 127.
[2024-07-03T19:35:49.985+0000] {taskinstance.py:441} INFO - ::group::Post task execution logs
[2024-07-03T19:35:49.985+0000] {taskinstance.py:2905} ERROR - Task failed with exception
Traceback (most recent call last):
  File "/home/airflow/.local/lib/python3.12/site-packages/airflow/models/taskinstance.py", line 465, in _execute_task
    result = _execute_callable(context=context, **execute_callable_kwargs)
             ^^^^^^^^^^^^^^^^^^^^^^^^^^^^^^^^^^^^^^^^^^^^^^^^^^^^^^^^^^^^^
  File "/home/airflow/.local/lib/python3.12/site-packages/airflow/models/taskinstance.py", line 432, in _execute_callable
    return execute_callable(context=context, **execute_callable_kwargs)
           ^^^^^^^^^^^^^^^^^^^^^^^^^^^^^^^^^^^^^^^^^^^^^^^^^^^^^^^^^^^^
  File "/home/airflow/.local/lib/python3.12/site-packages/airflow/models/baseoperator.py", line 401, in wrapper
    return func(self, *args, **kwargs)
           ^^^^^^^^^^^^^^^^^^^^^^^^^^^
  File "/home/airflow/.local/lib/python3.12/site-packages/airflow/operators/python.py", line 235, in execute
    return_value = self.execute_callable()
                   ^^^^^^^^^^^^^^^^^^^^^^^
  File "/home/airflow/.local/lib/python3.12/site-packages/airflow/operators/python.py", line 252, in execute_callable
    return self.python_callable(*self.op_args, **self.op_kwargs)
           ^^^^^^^^^^^^^^^^^^^^^^^^^^^^^^^^^^^^^^^^^^^^^^^^^^^^^
  File "/opt/airflow/dags/northwind_dag_teste.py", line 32, in extract_postgres
    result = subprocess.run(extract_command, shell=True, check=True, capture_output=True, text=True)
             ^^^^^^^^^^^^^^^^^^^^^^^^^^^^^^^^^^^^^^^^^^^^^^^^^^^^^^^^^^^^^^^^^^^^^^^^^^^^^^^^^^^^^^^
  File "/usr/local/lib/python3.12/subprocess.py", line 571, in run
    raise CalledProcessError(retcode, process.args,
subprocess.CalledProcessError: Command 'meltano elt tap-postgres target-csv --transform=run --job_id=extract_postgres_2024-04-23' returned non-zero exit status 127.
[2024-07-03T19:35:50.004+0000] {taskinstance.py:1206} INFO - Marking task as FAILED. dag_id=dag_pipeline_northwind, task_id=extract_postgres, run_id=scheduled__2024-04-23T00:00:00+00:00, execution_date=20240423T000000, start_date=20240703T193549, end_date=20240703T193550
[2024-07-03T19:35:50.049+0000] {standard_task_runner.py:110} ERROR - Failed to execute job 4047 for task extract_postgres (Command 'meltano elt tap-postgres target-csv --transform=run --job_id=extract_postgres_2024-04-23' returned non-zero exit status 127.; 1404)
[2024-07-03T19:35:50.085+0000] {local_task_job_runner.py:240} INFO - Task exited with return code 1
[2024-07-03T19:35:50.106+0000] {local_task_job_runner.py:222} INFO - ::endgroup::
[2024-07-04T01:39:58.941+0000] {local_task_job_runner.py:120} INFO - ::group::Pre task execution logs
[2024-07-04T01:39:59.025+0000] {taskinstance.py:2076} INFO - Dependencies all met for dep_context=non-requeueable deps ti=<TaskInstance: dag_pipeline_northwind.extract_postgres scheduled__2024-04-23T00:00:00+00:00 [queued]>
[2024-07-04T01:39:59.039+0000] {taskinstance.py:2076} INFO - Dependencies all met for dep_context=requeueable deps ti=<TaskInstance: dag_pipeline_northwind.extract_postgres scheduled__2024-04-23T00:00:00+00:00 [queued]>
[2024-07-04T01:39:59.039+0000] {taskinstance.py:2306} INFO - Starting attempt 2 of 2
[2024-07-04T01:39:59.168+0000] {taskinstance.py:2330} INFO - Executing <Task(PythonOperator): extract_postgres> on 2024-04-23 00:00:00+00:00
[2024-07-04T01:39:59.195+0000] {logging_mixin.py:188} WARNING - /home/airflow/.local/lib/python3.12/site-packages/airflow/task/task_runner/standard_task_runner.py:61 DeprecationWarning: This process (pid=2070) is multi-threaded, use of fork() may lead to deadlocks in the child.
[2024-07-04T01:39:59.199+0000] {standard_task_runner.py:63} INFO - Started process 2086 to run task
[2024-07-04T01:39:59.197+0000] {standard_task_runner.py:90} INFO - Running: ['airflow', 'tasks', 'run', 'dag_pipeline_northwind', 'extract_postgres', 'scheduled__2024-04-23T00:00:00+00:00', '--job-id', '5086', '--raw', '--subdir', 'DAGS_FOLDER/dag_pipeline_northwind.py', '--cfg-path', '/tmp/tmpw33jc3e1']
[2024-07-04T01:39:59.202+0000] {standard_task_runner.py:91} INFO - Job 5086: Subtask extract_postgres
[2024-07-04T01:39:59.348+0000] {task_command.py:426} INFO - Running <TaskInstance: dag_pipeline_northwind.extract_postgres scheduled__2024-04-23T00:00:00+00:00 [running]> on host 06ddab619e10
[2024-07-04T01:39:59.572+0000] {taskinstance.py:2648} INFO - Exporting env vars: AIRFLOW_CTX_DAG_OWNER='airflow' AIRFLOW_CTX_DAG_ID='dag_pipeline_northwind' AIRFLOW_CTX_TASK_ID='extract_postgres' AIRFLOW_CTX_EXECUTION_DATE='2024-04-23T00:00:00+00:00' AIRFLOW_CTX_TRY_NUMBER='2' AIRFLOW_CTX_DAG_RUN_ID='scheduled__2024-04-23T00:00:00+00:00'
[2024-07-04T01:39:59.578+0000] {taskinstance.py:430} INFO - ::endgroup::
[2024-07-04T01:39:59.614+0000] {logging_mixin.py:188} INFO - Running command: meltano elt tap-postgres target-csv --transform=run --job_id=extract_postgres_2024-04-23
[2024-07-04T01:39:59.627+0000] {logging_mixin.py:188} INFO - Command failed with error: Command 'meltano elt tap-postgres target-csv --transform=run --job_id=extract_postgres_2024-04-23' returned non-zero exit status 127.
[2024-07-04T01:39:59.628+0000] {taskinstance.py:441} INFO - ::group::Post task execution logs
[2024-07-04T01:39:59.630+0000] {taskinstance.py:2905} ERROR - Task failed with exception
Traceback (most recent call last):
  File "/home/airflow/.local/lib/python3.12/site-packages/airflow/models/taskinstance.py", line 465, in _execute_task
    result = _execute_callable(context=context, **execute_callable_kwargs)
             ^^^^^^^^^^^^^^^^^^^^^^^^^^^^^^^^^^^^^^^^^^^^^^^^^^^^^^^^^^^^^
  File "/home/airflow/.local/lib/python3.12/site-packages/airflow/models/taskinstance.py", line 432, in _execute_callable
    return execute_callable(context=context, **execute_callable_kwargs)
           ^^^^^^^^^^^^^^^^^^^^^^^^^^^^^^^^^^^^^^^^^^^^^^^^^^^^^^^^^^^^
  File "/home/airflow/.local/lib/python3.12/site-packages/airflow/models/baseoperator.py", line 401, in wrapper
    return func(self, *args, **kwargs)
           ^^^^^^^^^^^^^^^^^^^^^^^^^^^
  File "/home/airflow/.local/lib/python3.12/site-packages/airflow/operators/python.py", line 235, in execute
    return_value = self.execute_callable()
                   ^^^^^^^^^^^^^^^^^^^^^^^
  File "/home/airflow/.local/lib/python3.12/site-packages/airflow/operators/python.py", line 252, in execute_callable
    return self.python_callable(*self.op_args, **self.op_kwargs)
           ^^^^^^^^^^^^^^^^^^^^^^^^^^^^^^^^^^^^^^^^^^^^^^^^^^^^^
  File "/opt/airflow/dags/dag_pipeline_northwind.py", line 32, in extract_postgres
    result = subprocess.run(extract_command, shell=True, check=True, capture_output=True, text=True)
             ^^^^^^^^^^^^^^^^^^^^^^^^^^^^^^^^^^^^^^^^^^^^^^^^^^^^^^^^^^^^^^^^^^^^^^^^^^^^^^^^^^^^^^^
  File "/usr/local/lib/python3.12/subprocess.py", line 571, in run
    raise CalledProcessError(retcode, process.args,
subprocess.CalledProcessError: Command 'meltano elt tap-postgres target-csv --transform=run --job_id=extract_postgres_2024-04-23' returned non-zero exit status 127.
[2024-07-04T01:39:59.685+0000] {taskinstance.py:1206} INFO - Marking task as FAILED. dag_id=dag_pipeline_northwind, task_id=extract_postgres, run_id=scheduled__2024-04-23T00:00:00+00:00, execution_date=20240423T000000, start_date=20240704T013959, end_date=20240704T013959
[2024-07-04T01:39:59.741+0000] {standard_task_runner.py:110} ERROR - Failed to execute job 5086 for task extract_postgres (Command 'meltano elt tap-postgres target-csv --transform=run --job_id=extract_postgres_2024-04-23' returned non-zero exit status 127.; 2086)
[2024-07-04T01:39:59.788+0000] {local_task_job_runner.py:240} INFO - Task exited with return code 1
[2024-07-04T01:39:59.828+0000] {local_task_job_runner.py:222} INFO - ::endgroup::
