[2024-06-30T21:03:42.765+0000] {local_task_job_runner.py:120} INFO - ::group::Pre task execution logs
[2024-06-30T21:03:42.828+0000] {taskinstance.py:2076} INFO - Dependencies all met for dep_context=non-requeueable deps ti=<TaskInstance: dag_northwind.extract_postgres scheduled__2024-02-05T00:00:00+00:00 [queued]>
[2024-06-30T21:03:42.842+0000] {taskinstance.py:2076} INFO - Dependencies all met for dep_context=requeueable deps ti=<TaskInstance: dag_northwind.extract_postgres scheduled__2024-02-05T00:00:00+00:00 [queued]>
[2024-06-30T21:03:42.843+0000] {taskinstance.py:2306} INFO - Starting attempt 1 of 2
[2024-06-30T21:03:42.949+0000] {taskinstance.py:2330} INFO - Executing <Task(BashOperator): extract_postgres> on 2024-02-05 00:00:00+00:00
[2024-06-30T21:03:42.962+0000] {logging_mixin.py:188} WARNING - /home/airflow/.local/lib/python3.12/site-packages/airflow/task/task_runner/standard_task_runner.py:61 DeprecationWarning: This process (pid=927) is multi-threaded, use of fork() may lead to deadlocks in the child.
[2024-06-30T21:03:42.961+0000] {standard_task_runner.py:90} INFO - Running: ['airflow', 'tasks', 'run', 'dag_northwind', 'extract_postgres', 'scheduled__2024-02-05T00:00:00+00:00', '--job-id', '458', '--raw', '--subdir', 'DAGS_FOLDER/dag_northwind.py', '--cfg-path', '/tmp/tmpqfv3k4mn']
[2024-06-30T21:03:42.963+0000] {standard_task_runner.py:63} INFO - Started process 937 to run task
[2024-06-30T21:03:42.964+0000] {standard_task_runner.py:91} INFO - Job 458: Subtask extract_postgres
[2024-06-30T21:03:43.039+0000] {task_command.py:426} INFO - Running <TaskInstance: dag_northwind.extract_postgres scheduled__2024-02-05T00:00:00+00:00 [running]> on host a7d76f00647b
[2024-06-30T21:03:43.178+0000] {taskinstance.py:2648} INFO - Exporting env vars: AIRFLOW_CTX_DAG_OWNER='airflow' AIRFLOW_CTX_DAG_ID='dag_northwind' AIRFLOW_CTX_TASK_ID='extract_postgres' AIRFLOW_CTX_EXECUTION_DATE='2024-02-05T00:00:00+00:00' AIRFLOW_CTX_TRY_NUMBER='1' AIRFLOW_CTX_DAG_RUN_ID='scheduled__2024-02-05T00:00:00+00:00'
[2024-06-30T21:03:43.180+0000] {taskinstance.py:430} INFO - ::endgroup::
[2024-06-30T21:03:43.206+0000] {subprocess.py:63} INFO - Tmp dir root location: /tmp
[2024-06-30T21:03:43.207+0000] {subprocess.py:75} INFO - Running command: ['/usr/bin/bash', '-c', 'meltano elt tap-postgres target-csv --job_id=extract_postgres_2024-02-05 && mkdir -p /data/postgres/2024-02-05 && mv /project/output/tap-postgres/*.csv /data/postgres/2024-02-05/']
[2024-06-30T21:03:43.221+0000] {subprocess.py:86} INFO - Output:
[2024-06-30T21:03:43.224+0000] {subprocess.py:93} INFO - /usr/bin/bash: line 1: meltano: command not found
[2024-06-30T21:03:43.225+0000] {subprocess.py:97} INFO - Command exited with return code 127
[2024-06-30T21:03:43.226+0000] {taskinstance.py:441} INFO - ::group::Post task execution logs
[2024-06-30T21:03:43.242+0000] {taskinstance.py:2905} ERROR - Task failed with exception
Traceback (most recent call last):
  File "/home/airflow/.local/lib/python3.12/site-packages/airflow/models/taskinstance.py", line 465, in _execute_task
    result = _execute_callable(context=context, **execute_callable_kwargs)
             ^^^^^^^^^^^^^^^^^^^^^^^^^^^^^^^^^^^^^^^^^^^^^^^^^^^^^^^^^^^^^
  File "/home/airflow/.local/lib/python3.12/site-packages/airflow/models/taskinstance.py", line 432, in _execute_callable
    return execute_callable(context=context, **execute_callable_kwargs)
           ^^^^^^^^^^^^^^^^^^^^^^^^^^^^^^^^^^^^^^^^^^^^^^^^^^^^^^^^^^^^
  File "/home/airflow/.local/lib/python3.12/site-packages/airflow/models/baseoperator.py", line 401, in wrapper
    return func(self, *args, **kwargs)
           ^^^^^^^^^^^^^^^^^^^^^^^^^^^
  File "/home/airflow/.local/lib/python3.12/site-packages/airflow/operators/bash.py", line 243, in execute
    raise AirflowException(
airflow.exceptions.AirflowException: Bash command failed. The command returned a non-zero exit code 127.
[2024-06-30T21:03:43.249+0000] {taskinstance.py:1206} INFO - Marking task as UP_FOR_RETRY. dag_id=dag_northwind, task_id=extract_postgres, run_id=scheduled__2024-02-05T00:00:00+00:00, execution_date=20240205T000000, start_date=20240630T210342, end_date=20240630T210343
[2024-06-30T21:03:43.331+0000] {standard_task_runner.py:110} ERROR - Failed to execute job 458 for task extract_postgres (Bash command failed. The command returned a non-zero exit code 127.; 937)
[2024-06-30T21:03:43.379+0000] {local_task_job_runner.py:240} INFO - Task exited with return code 1
[2024-06-30T21:03:43.394+0000] {local_task_job_runner.py:222} INFO - ::endgroup::
[2024-07-01T10:11:20.055+0000] {local_task_job_runner.py:120} INFO - ::group::Pre task execution logs
[2024-07-01T10:11:20.133+0000] {taskinstance.py:2076} INFO - Dependencies all met for dep_context=non-requeueable deps ti=<TaskInstance: dag_northwind.extract_postgres scheduled__2024-02-05T00:00:00+00:00 [queued]>
[2024-07-01T10:11:20.159+0000] {taskinstance.py:2076} INFO - Dependencies all met for dep_context=requeueable deps ti=<TaskInstance: dag_northwind.extract_postgres scheduled__2024-02-05T00:00:00+00:00 [queued]>
[2024-07-01T10:11:20.160+0000] {taskinstance.py:2306} INFO - Starting attempt 1 of 2
[2024-07-01T10:11:20.204+0000] {taskinstance.py:2330} INFO - Executing <Task(BashOperator): extract_postgres> on 2024-02-05 00:00:00+00:00
[2024-07-01T10:11:20.222+0000] {logging_mixin.py:188} WARNING - /home/airflow/.local/lib/python3.12/site-packages/airflow/task/task_runner/standard_task_runner.py:61 DeprecationWarning: This process (pid=5561) is multi-threaded, use of fork() may lead to deadlocks in the child.
[2024-07-01T10:11:20.220+0000] {standard_task_runner.py:90} INFO - Running: ['airflow', 'tasks', 'run', 'dag_northwind', 'extract_postgres', 'scheduled__2024-02-05T00:00:00+00:00', '--job-id', '1010', '--raw', '--subdir', 'DAGS_FOLDER/dag_northwind.py', '--cfg-path', '/tmp/tmpao9c8ong']
[2024-07-01T10:11:20.225+0000] {standard_task_runner.py:91} INFO - Job 1010: Subtask extract_postgres
[2024-07-01T10:11:20.225+0000] {standard_task_runner.py:63} INFO - Started process 5577 to run task
[2024-07-01T10:11:20.328+0000] {task_command.py:426} INFO - Running <TaskInstance: dag_northwind.extract_postgres scheduled__2024-02-05T00:00:00+00:00 [running]> on host 85c6ea7cd9cf
[2024-07-01T10:11:20.560+0000] {taskinstance.py:2648} INFO - Exporting env vars: AIRFLOW_CTX_DAG_OWNER='airflow' AIRFLOW_CTX_DAG_ID='dag_northwind' AIRFLOW_CTX_TASK_ID='extract_postgres' AIRFLOW_CTX_EXECUTION_DATE='2024-02-05T00:00:00+00:00' AIRFLOW_CTX_TRY_NUMBER='1' AIRFLOW_CTX_DAG_RUN_ID='scheduled__2024-02-05T00:00:00+00:00'
[2024-07-01T10:11:20.561+0000] {taskinstance.py:430} INFO - ::endgroup::
[2024-07-01T10:11:20.599+0000] {subprocess.py:63} INFO - Tmp dir root location: /tmp
[2024-07-01T10:11:20.600+0000] {subprocess.py:75} INFO - Running command: ['/usr/bin/bash', '-c', 'meltano elt tap-postgres target-csv --job_id=extract_postgres_2024-02-05 && mkdir -p /data/postgres/2024-02-05 && mv /project/output/tap-postgres/*.csv /data/postgres/2024-02-05/']
[2024-07-01T10:11:20.614+0000] {subprocess.py:86} INFO - Output:
[2024-07-01T10:11:20.617+0000] {subprocess.py:93} INFO - /usr/bin/bash: line 1: meltano: command not found
[2024-07-01T10:11:20.618+0000] {subprocess.py:97} INFO - Command exited with return code 127
[2024-07-01T10:11:20.619+0000] {taskinstance.py:441} INFO - ::group::Post task execution logs
[2024-07-01T10:11:20.639+0000] {taskinstance.py:2905} ERROR - Task failed with exception
Traceback (most recent call last):
  File "/home/airflow/.local/lib/python3.12/site-packages/airflow/models/taskinstance.py", line 465, in _execute_task
    result = _execute_callable(context=context, **execute_callable_kwargs)
             ^^^^^^^^^^^^^^^^^^^^^^^^^^^^^^^^^^^^^^^^^^^^^^^^^^^^^^^^^^^^^
  File "/home/airflow/.local/lib/python3.12/site-packages/airflow/models/taskinstance.py", line 432, in _execute_callable
    return execute_callable(context=context, **execute_callable_kwargs)
           ^^^^^^^^^^^^^^^^^^^^^^^^^^^^^^^^^^^^^^^^^^^^^^^^^^^^^^^^^^^^
  File "/home/airflow/.local/lib/python3.12/site-packages/airflow/models/baseoperator.py", line 401, in wrapper
    return func(self, *args, **kwargs)
           ^^^^^^^^^^^^^^^^^^^^^^^^^^^
  File "/home/airflow/.local/lib/python3.12/site-packages/airflow/operators/bash.py", line 243, in execute
    raise AirflowException(
airflow.exceptions.AirflowException: Bash command failed. The command returned a non-zero exit code 127.
[2024-07-01T10:11:20.648+0000] {taskinstance.py:1206} INFO - Marking task as UP_FOR_RETRY. dag_id=dag_northwind, task_id=extract_postgres, run_id=scheduled__2024-02-05T00:00:00+00:00, execution_date=20240205T000000, start_date=20240701T101120, end_date=20240701T101120
[2024-07-01T10:11:20.674+0000] {standard_task_runner.py:110} ERROR - Failed to execute job 1010 for task extract_postgres (Bash command failed. The command returned a non-zero exit code 127.; 5577)
[2024-07-01T10:11:20.708+0000] {local_task_job_runner.py:240} INFO - Task exited with return code 1
[2024-07-01T10:11:20.768+0000] {taskinstance.py:3503} INFO - 0 downstream tasks scheduled from follow-on schedule check
[2024-07-01T10:11:20.779+0000] {local_task_job_runner.py:222} INFO - ::endgroup::
