[2024-07-03T18:10:26.791+0000] {local_task_job_runner.py:120} INFO - ::group::Pre task execution logs
[2024-07-03T18:10:26.891+0000] {taskinstance.py:2076} INFO - Dependencies all met for dep_context=non-requeueable deps ti=<TaskInstance: pipeline_dag_northwind.extract_csv scheduled__2024-02-03T00:00:00+00:00 [queued]>
[2024-07-03T18:10:26.918+0000] {taskinstance.py:2076} INFO - Dependencies all met for dep_context=requeueable deps ti=<TaskInstance: pipeline_dag_northwind.extract_csv scheduled__2024-02-03T00:00:00+00:00 [queued]>
[2024-07-03T18:10:26.921+0000] {taskinstance.py:2306} INFO - Starting attempt 1 of 2
[2024-07-03T18:10:27.027+0000] {taskinstance.py:2330} INFO - Executing <Task(PythonOperator): extract_csv> on 2024-02-03 00:00:00+00:00
[2024-07-03T18:10:27.046+0000] {logging_mixin.py:188} WARNING - /home/airflow/.local/lib/python3.12/site-packages/airflow/task/task_runner/standard_task_runner.py:61 DeprecationWarning: This process (pid=320) is multi-threaded, use of fork() may lead to deadlocks in the child.
[2024-07-03T18:10:27.049+0000] {standard_task_runner.py:63} INFO - Started process 330 to run task
[2024-07-03T18:10:27.049+0000] {standard_task_runner.py:90} INFO - Running: ['airflow', 'tasks', 'run', 'pipeline_dag_northwind', 'extract_csv', 'scheduled__2024-02-03T00:00:00+00:00', '--job-id', '3322', '--raw', '--subdir', 'DAGS_FOLDER/northwind_dag_teste.py', '--cfg-path', '/tmp/tmpspka5oe_']
[2024-07-03T18:10:27.058+0000] {standard_task_runner.py:91} INFO - Job 3322: Subtask extract_csv
[2024-07-03T18:10:27.253+0000] {task_command.py:426} INFO - Running <TaskInstance: pipeline_dag_northwind.extract_csv scheduled__2024-02-03T00:00:00+00:00 [running]> on host 9ca175d293f4
[2024-07-03T18:10:27.616+0000] {taskinstance.py:2648} INFO - Exporting env vars: AIRFLOW_CTX_DAG_OWNER='airflow' AIRFLOW_CTX_DAG_ID='pipeline_dag_northwind' AIRFLOW_CTX_TASK_ID='extract_csv' AIRFLOW_CTX_EXECUTION_DATE='2024-02-03T00:00:00+00:00' AIRFLOW_CTX_TRY_NUMBER='1' AIRFLOW_CTX_DAG_RUN_ID='scheduled__2024-02-03T00:00:00+00:00'
[2024-07-03T18:10:27.625+0000] {taskinstance.py:430} INFO - ::endgroup::
[2024-07-03T18:10:27.725+0000] {logging_mixin.py:188} INFO - Command failed with error: Command 'meltano elt tap-csv target-csv --transform=run --job_id=extract_csv_2024-02-03' returned non-zero exit status 127.
[2024-07-03T18:10:27.726+0000] {taskinstance.py:441} INFO - ::group::Post task execution logs
[2024-07-03T18:10:27.727+0000] {taskinstance.py:2905} ERROR - Task failed with exception
Traceback (most recent call last):
  File "/home/airflow/.local/lib/python3.12/site-packages/airflow/models/taskinstance.py", line 465, in _execute_task
    result = _execute_callable(context=context, **execute_callable_kwargs)
             ^^^^^^^^^^^^^^^^^^^^^^^^^^^^^^^^^^^^^^^^^^^^^^^^^^^^^^^^^^^^^
  File "/home/airflow/.local/lib/python3.12/site-packages/airflow/models/taskinstance.py", line 432, in _execute_callable
    return execute_callable(context=context, **execute_callable_kwargs)
           ^^^^^^^^^^^^^^^^^^^^^^^^^^^^^^^^^^^^^^^^^^^^^^^^^^^^^^^^^^^^
  File "/home/airflow/.local/lib/python3.12/site-packages/airflow/models/baseoperator.py", line 401, in wrapper
    return func(self, *args, **kwargs)
           ^^^^^^^^^^^^^^^^^^^^^^^^^^^
  File "/home/airflow/.local/lib/python3.12/site-packages/airflow/operators/python.py", line 235, in execute
    return_value = self.execute_callable()
                   ^^^^^^^^^^^^^^^^^^^^^^^
  File "/home/airflow/.local/lib/python3.12/site-packages/airflow/operators/python.py", line 252, in execute_callable
    return self.python_callable(*self.op_args, **self.op_kwargs)
           ^^^^^^^^^^^^^^^^^^^^^^^^^^^^^^^^^^^^^^^^^^^^^^^^^^^^^
  File "/opt/airflow/dags/northwind_dag_teste.py", line 38, in extract_csv
    subprocess.run(extract_command, shell=True, check=True)
  File "/usr/local/lib/python3.12/subprocess.py", line 571, in run
    raise CalledProcessError(retcode, process.args,
subprocess.CalledProcessError: Command 'meltano elt tap-csv target-csv --transform=run --job_id=extract_csv_2024-02-03' returned non-zero exit status 127.
[2024-07-03T18:10:27.767+0000] {taskinstance.py:1206} INFO - Marking task as UP_FOR_RETRY. dag_id=pipeline_dag_northwind, task_id=extract_csv, run_id=scheduled__2024-02-03T00:00:00+00:00, execution_date=20240203T000000, start_date=20240703T181026, end_date=20240703T181027
[2024-07-03T18:10:27.918+0000] {standard_task_runner.py:110} ERROR - Failed to execute job 3322 for task extract_csv (Command 'meltano elt tap-csv target-csv --transform=run --job_id=extract_csv_2024-02-03' returned non-zero exit status 127.; 330)
[2024-07-03T18:10:27.979+0000] {local_task_job_runner.py:240} INFO - Task exited with return code 1
[2024-07-03T18:10:28.009+0000] {local_task_job_runner.py:222} INFO - ::endgroup::
