[2024-07-01T01:15:12.134+0000] {local_task_job_runner.py:120} INFO - ::group::Pre task execution logs
[2024-07-01T01:15:12.242+0000] {taskinstance.py:2076} INFO - Dependencies all met for dep_context=non-requeueable deps ti=<TaskInstance: dag_northwind.extract_postgres scheduled__2024-02-25T00:00:00+00:00 [queued]>
[2024-07-01T01:15:12.275+0000] {taskinstance.py:2076} INFO - Dependencies all met for dep_context=requeueable deps ti=<TaskInstance: dag_northwind.extract_postgres scheduled__2024-02-25T00:00:00+00:00 [queued]>
[2024-07-01T01:15:12.278+0000] {taskinstance.py:2306} INFO - Starting attempt 1 of 2
[2024-07-01T01:15:12.372+0000] {taskinstance.py:2330} INFO - Executing <Task(BashOperator): extract_postgres> on 2024-02-25 00:00:00+00:00
[2024-07-01T01:15:12.430+0000] {logging_mixin.py:188} WARNING - /home/airflow/.local/lib/python3.12/site-packages/airflow/task/task_runner/standard_task_runner.py:61 DeprecationWarning: This process (pid=292) is multi-threaded, use of fork() may lead to deadlocks in the child.
[2024-07-01T01:15:12.433+0000] {standard_task_runner.py:63} INFO - Started process 308 to run task
[2024-07-01T01:15:12.431+0000] {standard_task_runner.py:90} INFO - Running: ['airflow', 'tasks', 'run', 'dag_northwind', 'extract_postgres', 'scheduled__2024-02-25T00:00:00+00:00', '--job-id', '536', '--raw', '--subdir', 'DAGS_FOLDER/dag_northwind.py', '--cfg-path', '/tmp/tmpjupkf2jg']
[2024-07-01T01:15:12.438+0000] {standard_task_runner.py:91} INFO - Job 536: Subtask extract_postgres
[2024-07-01T01:15:12.672+0000] {task_command.py:426} INFO - Running <TaskInstance: dag_northwind.extract_postgres scheduled__2024-02-25T00:00:00+00:00 [running]> on host 05d913303710
[2024-07-01T01:15:13.009+0000] {taskinstance.py:2648} INFO - Exporting env vars: AIRFLOW_CTX_DAG_OWNER='airflow' AIRFLOW_CTX_DAG_ID='dag_northwind' AIRFLOW_CTX_TASK_ID='extract_postgres' AIRFLOW_CTX_EXECUTION_DATE='2024-02-25T00:00:00+00:00' AIRFLOW_CTX_TRY_NUMBER='1' AIRFLOW_CTX_DAG_RUN_ID='scheduled__2024-02-25T00:00:00+00:00'
[2024-07-01T01:15:13.011+0000] {taskinstance.py:430} INFO - ::endgroup::
[2024-07-01T01:15:13.071+0000] {subprocess.py:63} INFO - Tmp dir root location: /tmp
[2024-07-01T01:15:13.100+0000] {subprocess.py:75} INFO - Running command: ['/usr/bin/bash', '-c', 'meltano elt tap-postgres target-csv --job_id=extract_postgres_2024-02-25 && mkdir -p /data/postgres/2024-02-25 && mv /project/output/tap-postgres/*.csv /data/postgres/2024-02-25/']
[2024-07-01T01:15:13.171+0000] {subprocess.py:86} INFO - Output:
[2024-07-01T01:15:13.178+0000] {subprocess.py:93} INFO - /usr/bin/bash: line 1: meltano: command not found
[2024-07-01T01:15:13.180+0000] {subprocess.py:97} INFO - Command exited with return code 127
[2024-07-01T01:15:13.183+0000] {taskinstance.py:441} INFO - ::group::Post task execution logs
[2024-07-01T01:15:13.264+0000] {taskinstance.py:2905} ERROR - Task failed with exception
Traceback (most recent call last):
  File "/home/airflow/.local/lib/python3.12/site-packages/airflow/models/taskinstance.py", line 465, in _execute_task
    result = _execute_callable(context=context, **execute_callable_kwargs)
             ^^^^^^^^^^^^^^^^^^^^^^^^^^^^^^^^^^^^^^^^^^^^^^^^^^^^^^^^^^^^^
  File "/home/airflow/.local/lib/python3.12/site-packages/airflow/models/taskinstance.py", line 432, in _execute_callable
    return execute_callable(context=context, **execute_callable_kwargs)
           ^^^^^^^^^^^^^^^^^^^^^^^^^^^^^^^^^^^^^^^^^^^^^^^^^^^^^^^^^^^^
  File "/home/airflow/.local/lib/python3.12/site-packages/airflow/models/baseoperator.py", line 401, in wrapper
    return func(self, *args, **kwargs)
           ^^^^^^^^^^^^^^^^^^^^^^^^^^^
  File "/home/airflow/.local/lib/python3.12/site-packages/airflow/operators/bash.py", line 243, in execute
    raise AirflowException(
airflow.exceptions.AirflowException: Bash command failed. The command returned a non-zero exit code 127.
[2024-07-01T01:15:13.284+0000] {taskinstance.py:1206} INFO - Marking task as UP_FOR_RETRY. dag_id=dag_northwind, task_id=extract_postgres, run_id=scheduled__2024-02-25T00:00:00+00:00, execution_date=20240225T000000, start_date=20240701T011512, end_date=20240701T011513
[2024-07-01T01:15:13.333+0000] {standard_task_runner.py:110} ERROR - Failed to execute job 536 for task extract_postgres (Bash command failed. The command returned a non-zero exit code 127.; 308)
[2024-07-01T01:15:13.370+0000] {local_task_job_runner.py:240} INFO - Task exited with return code 1
[2024-07-01T01:15:13.404+0000] {local_task_job_runner.py:222} INFO - ::endgroup::
[2024-07-01T10:16:27.521+0000] {local_task_job_runner.py:120} INFO - ::group::Pre task execution logs
[2024-07-01T10:16:27.599+0000] {taskinstance.py:2076} INFO - Dependencies all met for dep_context=non-requeueable deps ti=<TaskInstance: dag_northwind.extract_postgres scheduled__2024-02-25T00:00:00+00:00 [queued]>
[2024-07-01T10:16:27.612+0000] {taskinstance.py:2076} INFO - Dependencies all met for dep_context=requeueable deps ti=<TaskInstance: dag_northwind.extract_postgres scheduled__2024-02-25T00:00:00+00:00 [queued]>
[2024-07-01T10:16:27.613+0000] {taskinstance.py:2306} INFO - Starting attempt 1 of 2
[2024-07-01T10:16:27.725+0000] {taskinstance.py:2330} INFO - Executing <Task(BashOperator): extract_postgres> on 2024-02-25 00:00:00+00:00
[2024-07-01T10:16:27.739+0000] {logging_mixin.py:188} WARNING - /home/airflow/.local/lib/python3.12/site-packages/airflow/task/task_runner/standard_task_runner.py:61 DeprecationWarning: This process (pid=5903) is multi-threaded, use of fork() may lead to deadlocks in the child.
[2024-07-01T10:16:27.741+0000] {standard_task_runner.py:63} INFO - Started process 5920 to run task
[2024-07-01T10:16:27.738+0000] {standard_task_runner.py:90} INFO - Running: ['airflow', 'tasks', 'run', 'dag_northwind', 'extract_postgres', 'scheduled__2024-02-25T00:00:00+00:00', '--job-id', '1082', '--raw', '--subdir', 'DAGS_FOLDER/dag_northwind.py', '--cfg-path', '/tmp/tmp0t7h1z2d']
[2024-07-01T10:16:27.743+0000] {standard_task_runner.py:91} INFO - Job 1082: Subtask extract_postgres
[2024-07-01T10:16:27.845+0000] {task_command.py:426} INFO - Running <TaskInstance: dag_northwind.extract_postgres scheduled__2024-02-25T00:00:00+00:00 [running]> on host 85c6ea7cd9cf
[2024-07-01T10:16:27.994+0000] {taskinstance.py:2648} INFO - Exporting env vars: AIRFLOW_CTX_DAG_OWNER='airflow' AIRFLOW_CTX_DAG_ID='dag_northwind' AIRFLOW_CTX_TASK_ID='extract_postgres' AIRFLOW_CTX_EXECUTION_DATE='2024-02-25T00:00:00+00:00' AIRFLOW_CTX_TRY_NUMBER='1' AIRFLOW_CTX_DAG_RUN_ID='scheduled__2024-02-25T00:00:00+00:00'
[2024-07-01T10:16:27.996+0000] {taskinstance.py:430} INFO - ::endgroup::
[2024-07-01T10:16:28.037+0000] {subprocess.py:63} INFO - Tmp dir root location: /tmp
[2024-07-01T10:16:28.040+0000] {subprocess.py:75} INFO - Running command: ['/usr/bin/bash', '-c', 'meltano elt tap-postgres target-csv --job_id=extract_postgres_2024-02-25 && mkdir -p /data/postgres/2024-02-25 && mv /project/output/tap-postgres/*.csv /data/postgres/2024-02-25/']
[2024-07-01T10:16:28.059+0000] {subprocess.py:86} INFO - Output:
[2024-07-01T10:16:28.063+0000] {subprocess.py:93} INFO - /usr/bin/bash: line 1: meltano: command not found
[2024-07-01T10:16:28.064+0000] {subprocess.py:97} INFO - Command exited with return code 127
[2024-07-01T10:16:28.065+0000] {taskinstance.py:441} INFO - ::group::Post task execution logs
[2024-07-01T10:16:28.085+0000] {taskinstance.py:2905} ERROR - Task failed with exception
Traceback (most recent call last):
  File "/home/airflow/.local/lib/python3.12/site-packages/airflow/models/taskinstance.py", line 465, in _execute_task
    result = _execute_callable(context=context, **execute_callable_kwargs)
             ^^^^^^^^^^^^^^^^^^^^^^^^^^^^^^^^^^^^^^^^^^^^^^^^^^^^^^^^^^^^^
  File "/home/airflow/.local/lib/python3.12/site-packages/airflow/models/taskinstance.py", line 432, in _execute_callable
    return execute_callable(context=context, **execute_callable_kwargs)
           ^^^^^^^^^^^^^^^^^^^^^^^^^^^^^^^^^^^^^^^^^^^^^^^^^^^^^^^^^^^^
  File "/home/airflow/.local/lib/python3.12/site-packages/airflow/models/baseoperator.py", line 401, in wrapper
    return func(self, *args, **kwargs)
           ^^^^^^^^^^^^^^^^^^^^^^^^^^^
  File "/home/airflow/.local/lib/python3.12/site-packages/airflow/operators/bash.py", line 243, in execute
    raise AirflowException(
airflow.exceptions.AirflowException: Bash command failed. The command returned a non-zero exit code 127.
[2024-07-01T10:16:28.093+0000] {taskinstance.py:1206} INFO - Marking task as UP_FOR_RETRY. dag_id=dag_northwind, task_id=extract_postgres, run_id=scheduled__2024-02-25T00:00:00+00:00, execution_date=20240225T000000, start_date=20240701T101627, end_date=20240701T101628
[2024-07-01T10:16:28.262+0000] {standard_task_runner.py:110} ERROR - Failed to execute job 1082 for task extract_postgres (Bash command failed. The command returned a non-zero exit code 127.; 5920)
[2024-07-01T10:16:28.279+0000] {local_task_job_runner.py:240} INFO - Task exited with return code 1
[2024-07-01T10:16:28.300+0000] {local_task_job_runner.py:222} INFO - ::endgroup::
