[2024-07-01T01:20:14.426+0000] {local_task_job_runner.py:120} INFO - ::group::Pre task execution logs
[2024-07-01T01:20:14.507+0000] {taskinstance.py:2076} INFO - Dependencies all met for dep_context=non-requeueable deps ti=<TaskInstance: dag_northwind.extract_postgres scheduled__2024-02-25T00:00:00+00:00 [queued]>
[2024-07-01T01:20:14.532+0000] {taskinstance.py:2076} INFO - Dependencies all met for dep_context=requeueable deps ti=<TaskInstance: dag_northwind.extract_postgres scheduled__2024-02-25T00:00:00+00:00 [queued]>
[2024-07-01T01:20:14.535+0000] {taskinstance.py:2306} INFO - Starting attempt 2 of 2
[2024-07-01T01:20:14.574+0000] {taskinstance.py:2330} INFO - Executing <Task(BashOperator): extract_postgres> on 2024-02-25 00:00:00+00:00
[2024-07-01T01:20:14.587+0000] {logging_mixin.py:188} WARNING - /home/airflow/.local/lib/python3.12/site-packages/airflow/task/task_runner/standard_task_runner.py:61 DeprecationWarning: This process (pid=468) is multi-threaded, use of fork() may lead to deadlocks in the child.
[2024-07-01T01:20:14.589+0000] {standard_task_runner.py:63} INFO - Started process 471 to run task
[2024-07-01T01:20:14.596+0000] {standard_task_runner.py:90} INFO - Running: ['airflow', 'tasks', 'run', 'dag_northwind', 'extract_postgres', 'scheduled__2024-02-25T00:00:00+00:00', '--job-id', '556', '--raw', '--subdir', 'DAGS_FOLDER/dag_northwind.py', '--cfg-path', '/tmp/tmpfwt48qqk']
[2024-07-01T01:20:14.602+0000] {standard_task_runner.py:91} INFO - Job 556: Subtask extract_postgres
[2024-07-01T01:20:14.731+0000] {task_command.py:426} INFO - Running <TaskInstance: dag_northwind.extract_postgres scheduled__2024-02-25T00:00:00+00:00 [running]> on host 05d913303710
[2024-07-01T01:20:14.969+0000] {taskinstance.py:2648} INFO - Exporting env vars: AIRFLOW_CTX_DAG_OWNER='airflow' AIRFLOW_CTX_DAG_ID='dag_northwind' AIRFLOW_CTX_TASK_ID='extract_postgres' AIRFLOW_CTX_EXECUTION_DATE='2024-02-25T00:00:00+00:00' AIRFLOW_CTX_TRY_NUMBER='2' AIRFLOW_CTX_DAG_RUN_ID='scheduled__2024-02-25T00:00:00+00:00'
[2024-07-01T01:20:14.975+0000] {taskinstance.py:430} INFO - ::endgroup::
[2024-07-01T01:20:15.024+0000] {subprocess.py:63} INFO - Tmp dir root location: /tmp
[2024-07-01T01:20:15.027+0000] {subprocess.py:75} INFO - Running command: ['/usr/bin/bash', '-c', 'meltano elt tap-postgres target-csv --job_id=extract_postgres_2024-02-25 && mkdir -p /data/postgres/2024-02-25 && mv /project/output/tap-postgres/*.csv /data/postgres/2024-02-25/']
[2024-07-01T01:20:15.075+0000] {subprocess.py:86} INFO - Output:
[2024-07-01T01:20:15.082+0000] {subprocess.py:93} INFO - /usr/bin/bash: line 1: meltano: command not found
[2024-07-01T01:20:15.086+0000] {subprocess.py:97} INFO - Command exited with return code 127
[2024-07-01T01:20:15.089+0000] {taskinstance.py:441} INFO - ::group::Post task execution logs
[2024-07-01T01:20:15.130+0000] {taskinstance.py:2905} ERROR - Task failed with exception
Traceback (most recent call last):
  File "/home/airflow/.local/lib/python3.12/site-packages/airflow/models/taskinstance.py", line 465, in _execute_task
    result = _execute_callable(context=context, **execute_callable_kwargs)
             ^^^^^^^^^^^^^^^^^^^^^^^^^^^^^^^^^^^^^^^^^^^^^^^^^^^^^^^^^^^^^
  File "/home/airflow/.local/lib/python3.12/site-packages/airflow/models/taskinstance.py", line 432, in _execute_callable
    return execute_callable(context=context, **execute_callable_kwargs)
           ^^^^^^^^^^^^^^^^^^^^^^^^^^^^^^^^^^^^^^^^^^^^^^^^^^^^^^^^^^^^
  File "/home/airflow/.local/lib/python3.12/site-packages/airflow/models/baseoperator.py", line 401, in wrapper
    return func(self, *args, **kwargs)
           ^^^^^^^^^^^^^^^^^^^^^^^^^^^
  File "/home/airflow/.local/lib/python3.12/site-packages/airflow/operators/bash.py", line 243, in execute
    raise AirflowException(
airflow.exceptions.AirflowException: Bash command failed. The command returned a non-zero exit code 127.
[2024-07-01T01:20:15.145+0000] {taskinstance.py:1206} INFO - Marking task as FAILED. dag_id=dag_northwind, task_id=extract_postgres, run_id=scheduled__2024-02-25T00:00:00+00:00, execution_date=20240225T000000, start_date=20240701T012014, end_date=20240701T012015
[2024-07-01T01:20:19.560+0000] {standard_task_runner.py:110} ERROR - Failed to execute job 556 for task extract_postgres (Bash command failed. The command returned a non-zero exit code 127.; 471)
[2024-07-01T01:20:22.595+0000] {local_task_job_runner.py:240} INFO - Task exited with return code 1
[2024-07-01T01:20:22.619+0000] {local_task_job_runner.py:222} INFO - ::endgroup::
[2024-07-01T10:21:28.652+0000] {local_task_job_runner.py:120} INFO - ::group::Pre task execution logs
[2024-07-01T10:21:28.747+0000] {taskinstance.py:2076} INFO - Dependencies all met for dep_context=non-requeueable deps ti=<TaskInstance: dag_northwind.extract_postgres scheduled__2024-02-25T00:00:00+00:00 [queued]>
[2024-07-01T10:21:28.768+0000] {taskinstance.py:2076} INFO - Dependencies all met for dep_context=requeueable deps ti=<TaskInstance: dag_northwind.extract_postgres scheduled__2024-02-25T00:00:00+00:00 [queued]>
[2024-07-01T10:21:28.769+0000] {taskinstance.py:2306} INFO - Starting attempt 2 of 2
[2024-07-01T10:21:28.971+0000] {taskinstance.py:2330} INFO - Executing <Task(BashOperator): extract_postgres> on 2024-02-25 00:00:00+00:00
[2024-07-01T10:21:28.987+0000] {logging_mixin.py:188} WARNING - /home/airflow/.local/lib/python3.12/site-packages/airflow/task/task_runner/standard_task_runner.py:61 DeprecationWarning: This process (pid=6079) is multi-threaded, use of fork() may lead to deadlocks in the child.
[2024-07-01T10:21:28.986+0000] {standard_task_runner.py:90} INFO - Running: ['airflow', 'tasks', 'run', 'dag_northwind', 'extract_postgres', 'scheduled__2024-02-25T00:00:00+00:00', '--job-id', '1114', '--raw', '--subdir', 'DAGS_FOLDER/dag_northwind.py', '--cfg-path', '/tmp/tmp_fxmqymt']
[2024-07-01T10:21:28.991+0000] {standard_task_runner.py:63} INFO - Started process 6102 to run task
[2024-07-01T10:21:28.992+0000] {standard_task_runner.py:91} INFO - Job 1114: Subtask extract_postgres
[2024-07-01T10:21:29.112+0000] {task_command.py:426} INFO - Running <TaskInstance: dag_northwind.extract_postgres scheduled__2024-02-25T00:00:00+00:00 [running]> on host 85c6ea7cd9cf
[2024-07-01T10:21:29.282+0000] {taskinstance.py:2648} INFO - Exporting env vars: AIRFLOW_CTX_DAG_OWNER='airflow' AIRFLOW_CTX_DAG_ID='dag_northwind' AIRFLOW_CTX_TASK_ID='extract_postgres' AIRFLOW_CTX_EXECUTION_DATE='2024-02-25T00:00:00+00:00' AIRFLOW_CTX_TRY_NUMBER='2' AIRFLOW_CTX_DAG_RUN_ID='scheduled__2024-02-25T00:00:00+00:00'
[2024-07-01T10:21:29.283+0000] {taskinstance.py:430} INFO - ::endgroup::
[2024-07-01T10:21:29.319+0000] {subprocess.py:63} INFO - Tmp dir root location: /tmp
[2024-07-01T10:21:29.321+0000] {subprocess.py:75} INFO - Running command: ['/usr/bin/bash', '-c', 'meltano elt tap-postgres target-csv --job_id=extract_postgres_2024-02-25 && mkdir -p /data/postgres/2024-02-25 && mv /project/output/tap-postgres/*.csv /data/postgres/2024-02-25/']
[2024-07-01T10:21:29.337+0000] {subprocess.py:86} INFO - Output:
[2024-07-01T10:21:29.342+0000] {subprocess.py:93} INFO - /usr/bin/bash: line 1: meltano: command not found
[2024-07-01T10:21:29.343+0000] {subprocess.py:97} INFO - Command exited with return code 127
[2024-07-01T10:21:29.344+0000] {taskinstance.py:441} INFO - ::group::Post task execution logs
[2024-07-01T10:21:29.363+0000] {taskinstance.py:2905} ERROR - Task failed with exception
Traceback (most recent call last):
  File "/home/airflow/.local/lib/python3.12/site-packages/airflow/models/taskinstance.py", line 465, in _execute_task
    result = _execute_callable(context=context, **execute_callable_kwargs)
             ^^^^^^^^^^^^^^^^^^^^^^^^^^^^^^^^^^^^^^^^^^^^^^^^^^^^^^^^^^^^^
  File "/home/airflow/.local/lib/python3.12/site-packages/airflow/models/taskinstance.py", line 432, in _execute_callable
    return execute_callable(context=context, **execute_callable_kwargs)
           ^^^^^^^^^^^^^^^^^^^^^^^^^^^^^^^^^^^^^^^^^^^^^^^^^^^^^^^^^^^^
  File "/home/airflow/.local/lib/python3.12/site-packages/airflow/models/baseoperator.py", line 401, in wrapper
    return func(self, *args, **kwargs)
           ^^^^^^^^^^^^^^^^^^^^^^^^^^^
  File "/home/airflow/.local/lib/python3.12/site-packages/airflow/operators/bash.py", line 243, in execute
    raise AirflowException(
airflow.exceptions.AirflowException: Bash command failed. The command returned a non-zero exit code 127.
[2024-07-01T10:21:29.372+0000] {taskinstance.py:1206} INFO - Marking task as FAILED. dag_id=dag_northwind, task_id=extract_postgres, run_id=scheduled__2024-02-25T00:00:00+00:00, execution_date=20240225T000000, start_date=20240701T102128, end_date=20240701T102129
[2024-07-01T10:21:29.391+0000] {standard_task_runner.py:110} ERROR - Failed to execute job 1114 for task extract_postgres (Bash command failed. The command returned a non-zero exit code 127.; 6102)
[2024-07-01T10:21:29.416+0000] {local_task_job_runner.py:240} INFO - Task exited with return code 1
[2024-07-01T10:21:29.457+0000] {taskinstance.py:3503} INFO - 0 downstream tasks scheduled from follow-on schedule check
[2024-07-01T10:21:29.466+0000] {local_task_job_runner.py:222} INFO - ::endgroup::
