[2024-07-01T10:06:15.716+0000] {local_task_job_runner.py:120} INFO - ::group::Pre task execution logs
[2024-07-01T10:06:15.798+0000] {taskinstance.py:2076} INFO - Dependencies all met for dep_context=non-requeueable deps ti=<TaskInstance: dag_northwind.extract_csv scheduled__2024-01-30T00:00:00+00:00 [queued]>
[2024-07-01T10:06:15.814+0000] {taskinstance.py:2076} INFO - Dependencies all met for dep_context=requeueable deps ti=<TaskInstance: dag_northwind.extract_csv scheduled__2024-01-30T00:00:00+00:00 [queued]>
[2024-07-01T10:06:15.816+0000] {taskinstance.py:2306} INFO - Starting attempt 1 of 2
[2024-07-01T10:06:16.025+0000] {taskinstance.py:2330} INFO - Executing <Task(BashOperator): extract_csv> on 2024-01-30 00:00:00+00:00
[2024-07-01T10:06:16.040+0000] {logging_mixin.py:188} WARNING - /home/airflow/.local/lib/python3.12/site-packages/airflow/task/task_runner/standard_task_runner.py:61 DeprecationWarning: This process (pid=5343) is multi-threaded, use of fork() may lead to deadlocks in the child.
[2024-07-01T10:06:16.038+0000] {standard_task_runner.py:90} INFO - Running: ['airflow', 'tasks', 'run', 'dag_northwind', 'extract_csv', 'scheduled__2024-01-30T00:00:00+00:00', '--job-id', '966', '--raw', '--subdir', 'DAGS_FOLDER/dag_northwind.py', '--cfg-path', '/tmp/tmpzcpsf8u9']
[2024-07-01T10:06:16.043+0000] {standard_task_runner.py:63} INFO - Started process 5357 to run task
[2024-07-01T10:06:16.043+0000] {standard_task_runner.py:91} INFO - Job 966: Subtask extract_csv
[2024-07-01T10:06:16.134+0000] {task_command.py:426} INFO - Running <TaskInstance: dag_northwind.extract_csv scheduled__2024-01-30T00:00:00+00:00 [running]> on host 85c6ea7cd9cf
[2024-07-01T10:06:16.283+0000] {taskinstance.py:2648} INFO - Exporting env vars: AIRFLOW_CTX_DAG_OWNER='airflow' AIRFLOW_CTX_DAG_ID='dag_northwind' AIRFLOW_CTX_TASK_ID='extract_csv' AIRFLOW_CTX_EXECUTION_DATE='2024-01-30T00:00:00+00:00' AIRFLOW_CTX_TRY_NUMBER='1' AIRFLOW_CTX_DAG_RUN_ID='scheduled__2024-01-30T00:00:00+00:00'
[2024-07-01T10:06:16.284+0000] {taskinstance.py:430} INFO - ::endgroup::
[2024-07-01T10:06:16.311+0000] {subprocess.py:63} INFO - Tmp dir root location: /tmp
[2024-07-01T10:06:16.312+0000] {subprocess.py:75} INFO - Running command: ['/usr/bin/bash', '-c', 'meltano elt tap-csv target-csv --job_id=extract_csv_2024-01-30 && mkdir -p /data/csv/2024-01-30 && mv /project/output/tap-csv/*.csv /data/csv/2024-01-30/']
[2024-07-01T10:06:16.324+0000] {subprocess.py:86} INFO - Output:
[2024-07-01T10:06:16.326+0000] {subprocess.py:93} INFO - /usr/bin/bash: line 1: meltano: command not found
[2024-07-01T10:06:16.327+0000] {subprocess.py:97} INFO - Command exited with return code 127
[2024-07-01T10:06:16.328+0000] {taskinstance.py:441} INFO - ::group::Post task execution logs
[2024-07-01T10:06:16.348+0000] {taskinstance.py:2905} ERROR - Task failed with exception
Traceback (most recent call last):
  File "/home/airflow/.local/lib/python3.12/site-packages/airflow/models/taskinstance.py", line 465, in _execute_task
    result = _execute_callable(context=context, **execute_callable_kwargs)
             ^^^^^^^^^^^^^^^^^^^^^^^^^^^^^^^^^^^^^^^^^^^^^^^^^^^^^^^^^^^^^
  File "/home/airflow/.local/lib/python3.12/site-packages/airflow/models/taskinstance.py", line 432, in _execute_callable
    return execute_callable(context=context, **execute_callable_kwargs)
           ^^^^^^^^^^^^^^^^^^^^^^^^^^^^^^^^^^^^^^^^^^^^^^^^^^^^^^^^^^^^
  File "/home/airflow/.local/lib/python3.12/site-packages/airflow/models/baseoperator.py", line 401, in wrapper
    return func(self, *args, **kwargs)
           ^^^^^^^^^^^^^^^^^^^^^^^^^^^
  File "/home/airflow/.local/lib/python3.12/site-packages/airflow/operators/bash.py", line 243, in execute
    raise AirflowException(
airflow.exceptions.AirflowException: Bash command failed. The command returned a non-zero exit code 127.
[2024-07-01T10:06:16.357+0000] {taskinstance.py:1206} INFO - Marking task as UP_FOR_RETRY. dag_id=dag_northwind, task_id=extract_csv, run_id=scheduled__2024-01-30T00:00:00+00:00, execution_date=20240130T000000, start_date=20240701T100615, end_date=20240701T100616
[2024-07-01T10:06:16.381+0000] {standard_task_runner.py:110} ERROR - Failed to execute job 966 for task extract_csv (Bash command failed. The command returned a non-zero exit code 127.; 5357)
[2024-07-01T10:06:16.419+0000] {local_task_job_runner.py:240} INFO - Task exited with return code 1
[2024-07-01T10:06:16.435+0000] {local_task_job_runner.py:222} INFO - ::endgroup::
