[2024-06-30T20:58:37.445+0000] {local_task_job_runner.py:120} INFO - ::group::Pre task execution logs
[2024-06-30T20:58:37.493+0000] {taskinstance.py:2076} INFO - Dependencies all met for dep_context=non-requeueable deps ti=<TaskInstance: dag_northwind.extract_postgres scheduled__2024-01-27T00:00:00+00:00 [queued]>
[2024-06-30T20:58:37.505+0000] {taskinstance.py:2076} INFO - Dependencies all met for dep_context=requeueable deps ti=<TaskInstance: dag_northwind.extract_postgres scheduled__2024-01-27T00:00:00+00:00 [queued]>
[2024-06-30T20:58:37.506+0000] {taskinstance.py:2306} INFO - Starting attempt 1 of 2
[2024-06-30T20:58:37.640+0000] {taskinstance.py:2330} INFO - Executing <Task(BashOperator): extract_postgres> on 2024-01-27 00:00:00+00:00
[2024-06-30T20:58:37.648+0000] {logging_mixin.py:188} WARNING - /home/airflow/.local/lib/python3.12/site-packages/airflow/task/task_runner/standard_task_runner.py:61 DeprecationWarning: This process (pid=780) is multi-threaded, use of fork() may lead to deadlocks in the child.
[2024-06-30T20:58:37.650+0000] {standard_task_runner.py:63} INFO - Started process 788 to run task
[2024-06-30T20:58:37.648+0000] {standard_task_runner.py:90} INFO - Running: ['airflow', 'tasks', 'run', 'dag_northwind', 'extract_postgres', 'scheduled__2024-01-27T00:00:00+00:00', '--job-id', '433', '--raw', '--subdir', 'DAGS_FOLDER/dag_northwind.py', '--cfg-path', '/tmp/tmpdqwzivz_']
[2024-06-30T20:58:37.651+0000] {standard_task_runner.py:91} INFO - Job 433: Subtask extract_postgres
[2024-06-30T20:58:37.712+0000] {task_command.py:426} INFO - Running <TaskInstance: dag_northwind.extract_postgres scheduled__2024-01-27T00:00:00+00:00 [running]> on host a7d76f00647b
[2024-06-30T20:58:37.823+0000] {taskinstance.py:2648} INFO - Exporting env vars: AIRFLOW_CTX_DAG_OWNER='airflow' AIRFLOW_CTX_DAG_ID='dag_northwind' AIRFLOW_CTX_TASK_ID='extract_postgres' AIRFLOW_CTX_EXECUTION_DATE='2024-01-27T00:00:00+00:00' AIRFLOW_CTX_TRY_NUMBER='1' AIRFLOW_CTX_DAG_RUN_ID='scheduled__2024-01-27T00:00:00+00:00'
[2024-06-30T20:58:37.824+0000] {taskinstance.py:430} INFO - ::endgroup::
[2024-06-30T20:58:37.844+0000] {subprocess.py:63} INFO - Tmp dir root location: /tmp
[2024-06-30T20:58:37.845+0000] {subprocess.py:75} INFO - Running command: ['/usr/bin/bash', '-c', 'meltano elt tap-postgres target-csv --job_id=extract_postgres_2024-01-27 && mkdir -p /data/postgres/2024-01-27 && mv /project/output/tap-postgres/*.csv /data/postgres/2024-01-27/']
[2024-06-30T20:58:37.855+0000] {subprocess.py:86} INFO - Output:
[2024-06-30T20:58:37.857+0000] {subprocess.py:93} INFO - /usr/bin/bash: line 1: meltano: command not found
[2024-06-30T20:58:37.857+0000] {subprocess.py:97} INFO - Command exited with return code 127
[2024-06-30T20:58:37.858+0000] {taskinstance.py:441} INFO - ::group::Post task execution logs
[2024-06-30T20:58:37.869+0000] {taskinstance.py:2905} ERROR - Task failed with exception
Traceback (most recent call last):
  File "/home/airflow/.local/lib/python3.12/site-packages/airflow/models/taskinstance.py", line 465, in _execute_task
    result = _execute_callable(context=context, **execute_callable_kwargs)
             ^^^^^^^^^^^^^^^^^^^^^^^^^^^^^^^^^^^^^^^^^^^^^^^^^^^^^^^^^^^^^
  File "/home/airflow/.local/lib/python3.12/site-packages/airflow/models/taskinstance.py", line 432, in _execute_callable
    return execute_callable(context=context, **execute_callable_kwargs)
           ^^^^^^^^^^^^^^^^^^^^^^^^^^^^^^^^^^^^^^^^^^^^^^^^^^^^^^^^^^^^
  File "/home/airflow/.local/lib/python3.12/site-packages/airflow/models/baseoperator.py", line 401, in wrapper
    return func(self, *args, **kwargs)
           ^^^^^^^^^^^^^^^^^^^^^^^^^^^
  File "/home/airflow/.local/lib/python3.12/site-packages/airflow/operators/bash.py", line 243, in execute
    raise AirflowException(
airflow.exceptions.AirflowException: Bash command failed. The command returned a non-zero exit code 127.
[2024-06-30T20:58:37.875+0000] {taskinstance.py:1206} INFO - Marking task as UP_FOR_RETRY. dag_id=dag_northwind, task_id=extract_postgres, run_id=scheduled__2024-01-27T00:00:00+00:00, execution_date=20240127T000000, start_date=20240630T205837, end_date=20240630T205837
[2024-06-30T20:58:37.903+0000] {standard_task_runner.py:110} ERROR - Failed to execute job 433 for task extract_postgres (Bash command failed. The command returned a non-zero exit code 127.; 788)
[2024-06-30T20:58:37.944+0000] {local_task_job_runner.py:240} INFO - Task exited with return code 1
[2024-06-30T20:58:37.956+0000] {local_task_job_runner.py:222} INFO - ::endgroup::
[2024-07-01T10:06:14.884+0000] {local_task_job_runner.py:120} INFO - ::group::Pre task execution logs
[2024-07-01T10:06:14.979+0000] {taskinstance.py:2076} INFO - Dependencies all met for dep_context=non-requeueable deps ti=<TaskInstance: dag_northwind.extract_postgres scheduled__2024-01-27T00:00:00+00:00 [queued]>
[2024-07-01T10:06:14.998+0000] {taskinstance.py:2076} INFO - Dependencies all met for dep_context=requeueable deps ti=<TaskInstance: dag_northwind.extract_postgres scheduled__2024-01-27T00:00:00+00:00 [queued]>
[2024-07-01T10:06:14.999+0000] {taskinstance.py:2306} INFO - Starting attempt 1 of 2
[2024-07-01T10:06:15.156+0000] {taskinstance.py:2330} INFO - Executing <Task(BashOperator): extract_postgres> on 2024-01-27 00:00:00+00:00
[2024-07-01T10:06:15.171+0000] {logging_mixin.py:188} WARNING - /home/airflow/.local/lib/python3.12/site-packages/airflow/task/task_runner/standard_task_runner.py:61 DeprecationWarning: This process (pid=5316) is multi-threaded, use of fork() may lead to deadlocks in the child.
[2024-07-01T10:06:15.171+0000] {standard_task_runner.py:90} INFO - Running: ['airflow', 'tasks', 'run', 'dag_northwind', 'extract_postgres', 'scheduled__2024-01-27T00:00:00+00:00', '--job-id', '959', '--raw', '--subdir', 'DAGS_FOLDER/dag_northwind.py', '--cfg-path', '/tmp/tmpmkwv8x7d']
[2024-07-01T10:06:15.175+0000] {standard_task_runner.py:91} INFO - Job 959: Subtask extract_postgres
[2024-07-01T10:06:15.173+0000] {standard_task_runner.py:63} INFO - Started process 5330 to run task
[2024-07-01T10:06:15.266+0000] {task_command.py:426} INFO - Running <TaskInstance: dag_northwind.extract_postgres scheduled__2024-01-27T00:00:00+00:00 [running]> on host 85c6ea7cd9cf
[2024-07-01T10:06:15.394+0000] {taskinstance.py:2648} INFO - Exporting env vars: AIRFLOW_CTX_DAG_OWNER='airflow' AIRFLOW_CTX_DAG_ID='dag_northwind' AIRFLOW_CTX_TASK_ID='extract_postgres' AIRFLOW_CTX_EXECUTION_DATE='2024-01-27T00:00:00+00:00' AIRFLOW_CTX_TRY_NUMBER='1' AIRFLOW_CTX_DAG_RUN_ID='scheduled__2024-01-27T00:00:00+00:00'
[2024-07-01T10:06:15.395+0000] {taskinstance.py:430} INFO - ::endgroup::
[2024-07-01T10:06:15.417+0000] {subprocess.py:63} INFO - Tmp dir root location: /tmp
[2024-07-01T10:06:15.418+0000] {subprocess.py:75} INFO - Running command: ['/usr/bin/bash', '-c', 'meltano elt tap-postgres target-csv --job_id=extract_postgres_2024-01-27 && mkdir -p /data/postgres/2024-01-27 && mv /project/output/tap-postgres/*.csv /data/postgres/2024-01-27/']
[2024-07-01T10:06:15.429+0000] {subprocess.py:86} INFO - Output:
[2024-07-01T10:06:15.432+0000] {subprocess.py:93} INFO - /usr/bin/bash: line 1: meltano: command not found
[2024-07-01T10:06:15.433+0000] {subprocess.py:97} INFO - Command exited with return code 127
[2024-07-01T10:06:15.434+0000] {taskinstance.py:441} INFO - ::group::Post task execution logs
[2024-07-01T10:06:15.456+0000] {taskinstance.py:2905} ERROR - Task failed with exception
Traceback (most recent call last):
  File "/home/airflow/.local/lib/python3.12/site-packages/airflow/models/taskinstance.py", line 465, in _execute_task
    result = _execute_callable(context=context, **execute_callable_kwargs)
             ^^^^^^^^^^^^^^^^^^^^^^^^^^^^^^^^^^^^^^^^^^^^^^^^^^^^^^^^^^^^^
  File "/home/airflow/.local/lib/python3.12/site-packages/airflow/models/taskinstance.py", line 432, in _execute_callable
    return execute_callable(context=context, **execute_callable_kwargs)
           ^^^^^^^^^^^^^^^^^^^^^^^^^^^^^^^^^^^^^^^^^^^^^^^^^^^^^^^^^^^^
  File "/home/airflow/.local/lib/python3.12/site-packages/airflow/models/baseoperator.py", line 401, in wrapper
    return func(self, *args, **kwargs)
           ^^^^^^^^^^^^^^^^^^^^^^^^^^^
  File "/home/airflow/.local/lib/python3.12/site-packages/airflow/operators/bash.py", line 243, in execute
    raise AirflowException(
airflow.exceptions.AirflowException: Bash command failed. The command returned a non-zero exit code 127.
[2024-07-01T10:06:15.466+0000] {taskinstance.py:1206} INFO - Marking task as UP_FOR_RETRY. dag_id=dag_northwind, task_id=extract_postgres, run_id=scheduled__2024-01-27T00:00:00+00:00, execution_date=20240127T000000, start_date=20240701T100614, end_date=20240701T100615
[2024-07-01T10:06:15.490+0000] {standard_task_runner.py:110} ERROR - Failed to execute job 959 for task extract_postgres (Bash command failed. The command returned a non-zero exit code 127.; 5330)
[2024-07-01T10:06:15.512+0000] {local_task_job_runner.py:240} INFO - Task exited with return code 1
[2024-07-01T10:06:15.562+0000] {taskinstance.py:3503} INFO - 0 downstream tasks scheduled from follow-on schedule check
[2024-07-01T10:06:15.564+0000] {local_task_job_runner.py:222} INFO - ::endgroup::
