[2024-06-30T21:03:38.394+0000] {local_task_job_runner.py:120} INFO - ::group::Pre task execution logs
[2024-06-30T21:03:38.455+0000] {taskinstance.py:2076} INFO - Dependencies all met for dep_context=non-requeueable deps ti=<TaskInstance: dag_northwind.extract_postgres scheduled__2024-01-27T00:00:00+00:00 [queued]>
[2024-06-30T21:03:38.470+0000] {taskinstance.py:2076} INFO - Dependencies all met for dep_context=requeueable deps ti=<TaskInstance: dag_northwind.extract_postgres scheduled__2024-01-27T00:00:00+00:00 [queued]>
[2024-06-30T21:03:38.471+0000] {taskinstance.py:2306} INFO - Starting attempt 2 of 2
[2024-06-30T21:03:38.594+0000] {taskinstance.py:2330} INFO - Executing <Task(BashOperator): extract_postgres> on 2024-01-27 00:00:00+00:00
[2024-06-30T21:03:38.604+0000] {logging_mixin.py:188} WARNING - /home/airflow/.local/lib/python3.12/site-packages/airflow/task/task_runner/standard_task_runner.py:61 DeprecationWarning: This process (pid=895) is multi-threaded, use of fork() may lead to deadlocks in the child.
[2024-06-30T21:03:38.603+0000] {standard_task_runner.py:90} INFO - Running: ['airflow', 'tasks', 'run', 'dag_northwind', 'extract_postgres', 'scheduled__2024-01-27T00:00:00+00:00', '--job-id', '449', '--raw', '--subdir', 'DAGS_FOLDER/dag_northwind.py', '--cfg-path', '/tmp/tmp1rzla4ij']
[2024-06-30T21:03:38.606+0000] {standard_task_runner.py:63} INFO - Started process 901 to run task
[2024-06-30T21:03:38.606+0000] {standard_task_runner.py:91} INFO - Job 449: Subtask extract_postgres
[2024-06-30T21:03:38.669+0000] {task_command.py:426} INFO - Running <TaskInstance: dag_northwind.extract_postgres scheduled__2024-01-27T00:00:00+00:00 [running]> on host a7d76f00647b
[2024-06-30T21:03:38.786+0000] {taskinstance.py:2648} INFO - Exporting env vars: AIRFLOW_CTX_DAG_OWNER='airflow' AIRFLOW_CTX_DAG_ID='dag_northwind' AIRFLOW_CTX_TASK_ID='extract_postgres' AIRFLOW_CTX_EXECUTION_DATE='2024-01-27T00:00:00+00:00' AIRFLOW_CTX_TRY_NUMBER='2' AIRFLOW_CTX_DAG_RUN_ID='scheduled__2024-01-27T00:00:00+00:00'
[2024-06-30T21:03:38.787+0000] {taskinstance.py:430} INFO - ::endgroup::
[2024-06-30T21:03:38.809+0000] {subprocess.py:63} INFO - Tmp dir root location: /tmp
[2024-06-30T21:03:38.810+0000] {subprocess.py:75} INFO - Running command: ['/usr/bin/bash', '-c', 'meltano elt tap-postgres target-csv --job_id=extract_postgres_2024-01-27 && mkdir -p /data/postgres/2024-01-27 && mv /project/output/tap-postgres/*.csv /data/postgres/2024-01-27/']
[2024-06-30T21:03:38.819+0000] {subprocess.py:86} INFO - Output:
[2024-06-30T21:03:38.822+0000] {subprocess.py:93} INFO - /usr/bin/bash: line 1: meltano: command not found
[2024-06-30T21:03:38.822+0000] {subprocess.py:97} INFO - Command exited with return code 127
[2024-06-30T21:03:38.823+0000] {taskinstance.py:441} INFO - ::group::Post task execution logs
[2024-06-30T21:03:38.835+0000] {taskinstance.py:2905} ERROR - Task failed with exception
Traceback (most recent call last):
  File "/home/airflow/.local/lib/python3.12/site-packages/airflow/models/taskinstance.py", line 465, in _execute_task
    result = _execute_callable(context=context, **execute_callable_kwargs)
             ^^^^^^^^^^^^^^^^^^^^^^^^^^^^^^^^^^^^^^^^^^^^^^^^^^^^^^^^^^^^^
  File "/home/airflow/.local/lib/python3.12/site-packages/airflow/models/taskinstance.py", line 432, in _execute_callable
    return execute_callable(context=context, **execute_callable_kwargs)
           ^^^^^^^^^^^^^^^^^^^^^^^^^^^^^^^^^^^^^^^^^^^^^^^^^^^^^^^^^^^^
  File "/home/airflow/.local/lib/python3.12/site-packages/airflow/models/baseoperator.py", line 401, in wrapper
    return func(self, *args, **kwargs)
           ^^^^^^^^^^^^^^^^^^^^^^^^^^^
  File "/home/airflow/.local/lib/python3.12/site-packages/airflow/operators/bash.py", line 243, in execute
    raise AirflowException(
airflow.exceptions.AirflowException: Bash command failed. The command returned a non-zero exit code 127.
[2024-06-30T21:03:38.842+0000] {taskinstance.py:1206} INFO - Marking task as FAILED. dag_id=dag_northwind, task_id=extract_postgres, run_id=scheduled__2024-01-27T00:00:00+00:00, execution_date=20240127T000000, start_date=20240630T210338, end_date=20240630T210338
[2024-06-30T21:03:38.860+0000] {standard_task_runner.py:110} ERROR - Failed to execute job 449 for task extract_postgres (Bash command failed. The command returned a non-zero exit code 127.; 901)
[2024-06-30T21:03:38.901+0000] {local_task_job_runner.py:240} INFO - Task exited with return code 1
[2024-06-30T21:03:38.935+0000] {taskinstance.py:3503} INFO - 0 downstream tasks scheduled from follow-on schedule check
[2024-06-30T21:03:38.940+0000] {local_task_job_runner.py:222} INFO - ::endgroup::
[2024-07-01T10:11:16.122+0000] {local_task_job_runner.py:120} INFO - ::group::Pre task execution logs
[2024-07-01T10:11:16.233+0000] {taskinstance.py:2076} INFO - Dependencies all met for dep_context=non-requeueable deps ti=<TaskInstance: dag_northwind.extract_postgres scheduled__2024-01-27T00:00:00+00:00 [queued]>
[2024-07-01T10:11:16.258+0000] {taskinstance.py:2076} INFO - Dependencies all met for dep_context=requeueable deps ti=<TaskInstance: dag_northwind.extract_postgres scheduled__2024-01-27T00:00:00+00:00 [queued]>
[2024-07-01T10:11:16.259+0000] {taskinstance.py:2306} INFO - Starting attempt 2 of 2
[2024-07-01T10:11:16.428+0000] {taskinstance.py:2330} INFO - Executing <Task(BashOperator): extract_postgres> on 2024-01-27 00:00:00+00:00
[2024-07-01T10:11:16.440+0000] {logging_mixin.py:188} WARNING - /home/airflow/.local/lib/python3.12/site-packages/airflow/task/task_runner/standard_task_runner.py:61 DeprecationWarning: This process (pid=5488) is multi-threaded, use of fork() may lead to deadlocks in the child.
[2024-07-01T10:11:16.441+0000] {standard_task_runner.py:63} INFO - Started process 5509 to run task
[2024-07-01T10:11:16.440+0000] {standard_task_runner.py:90} INFO - Running: ['airflow', 'tasks', 'run', 'dag_northwind', 'extract_postgres', 'scheduled__2024-01-27T00:00:00+00:00', '--job-id', '991', '--raw', '--subdir', 'DAGS_FOLDER/dag_northwind.py', '--cfg-path', '/tmp/tmpmkcjtjjz']
[2024-07-01T10:11:16.445+0000] {standard_task_runner.py:91} INFO - Job 991: Subtask extract_postgres
[2024-07-01T10:11:16.533+0000] {task_command.py:426} INFO - Running <TaskInstance: dag_northwind.extract_postgres scheduled__2024-01-27T00:00:00+00:00 [running]> on host 85c6ea7cd9cf
[2024-07-01T10:11:16.685+0000] {taskinstance.py:2648} INFO - Exporting env vars: AIRFLOW_CTX_DAG_OWNER='airflow' AIRFLOW_CTX_DAG_ID='dag_northwind' AIRFLOW_CTX_TASK_ID='extract_postgres' AIRFLOW_CTX_EXECUTION_DATE='2024-01-27T00:00:00+00:00' AIRFLOW_CTX_TRY_NUMBER='2' AIRFLOW_CTX_DAG_RUN_ID='scheduled__2024-01-27T00:00:00+00:00'
[2024-07-01T10:11:16.687+0000] {taskinstance.py:430} INFO - ::endgroup::
[2024-07-01T10:11:16.711+0000] {subprocess.py:63} INFO - Tmp dir root location: /tmp
[2024-07-01T10:11:16.712+0000] {subprocess.py:75} INFO - Running command: ['/usr/bin/bash', '-c', 'meltano elt tap-postgres target-csv --job_id=extract_postgres_2024-01-27 && mkdir -p /data/postgres/2024-01-27 && mv /project/output/tap-postgres/*.csv /data/postgres/2024-01-27/']
[2024-07-01T10:11:16.724+0000] {subprocess.py:86} INFO - Output:
[2024-07-01T10:11:16.728+0000] {subprocess.py:93} INFO - /usr/bin/bash: line 1: meltano: command not found
[2024-07-01T10:11:16.729+0000] {subprocess.py:97} INFO - Command exited with return code 127
[2024-07-01T10:11:16.730+0000] {taskinstance.py:441} INFO - ::group::Post task execution logs
[2024-07-01T10:11:16.744+0000] {taskinstance.py:2905} ERROR - Task failed with exception
Traceback (most recent call last):
  File "/home/airflow/.local/lib/python3.12/site-packages/airflow/models/taskinstance.py", line 465, in _execute_task
    result = _execute_callable(context=context, **execute_callable_kwargs)
             ^^^^^^^^^^^^^^^^^^^^^^^^^^^^^^^^^^^^^^^^^^^^^^^^^^^^^^^^^^^^^
  File "/home/airflow/.local/lib/python3.12/site-packages/airflow/models/taskinstance.py", line 432, in _execute_callable
    return execute_callable(context=context, **execute_callable_kwargs)
           ^^^^^^^^^^^^^^^^^^^^^^^^^^^^^^^^^^^^^^^^^^^^^^^^^^^^^^^^^^^^
  File "/home/airflow/.local/lib/python3.12/site-packages/airflow/models/baseoperator.py", line 401, in wrapper
    return func(self, *args, **kwargs)
           ^^^^^^^^^^^^^^^^^^^^^^^^^^^
  File "/home/airflow/.local/lib/python3.12/site-packages/airflow/operators/bash.py", line 243, in execute
    raise AirflowException(
airflow.exceptions.AirflowException: Bash command failed. The command returned a non-zero exit code 127.
[2024-07-01T10:11:16.751+0000] {taskinstance.py:1206} INFO - Marking task as FAILED. dag_id=dag_northwind, task_id=extract_postgres, run_id=scheduled__2024-01-27T00:00:00+00:00, execution_date=20240127T000000, start_date=20240701T101116, end_date=20240701T101116
[2024-07-01T10:11:16.770+0000] {standard_task_runner.py:110} ERROR - Failed to execute job 991 for task extract_postgres (Bash command failed. The command returned a non-zero exit code 127.; 5509)
[2024-07-01T10:11:16.819+0000] {local_task_job_runner.py:240} INFO - Task exited with return code 1
[2024-07-01T10:11:16.835+0000] {local_task_job_runner.py:222} INFO - ::endgroup::
