[2024-07-01T01:41:09.752+0000] {local_task_job_runner.py:120} INFO - ::group::Pre task execution logs
[2024-07-01T01:41:09.819+0000] {taskinstance.py:2076} INFO - Dependencies all met for dep_context=non-requeueable deps ti=<TaskInstance: dag_northwind.extract_postgres scheduled__2024-05-17T00:00:00+00:00 [queued]>
[2024-07-01T01:41:09.835+0000] {taskinstance.py:2076} INFO - Dependencies all met for dep_context=requeueable deps ti=<TaskInstance: dag_northwind.extract_postgres scheduled__2024-05-17T00:00:00+00:00 [queued]>
[2024-07-01T01:41:09.837+0000] {taskinstance.py:2306} INFO - Starting attempt 1 of 2
[2024-07-01T01:41:09.875+0000] {taskinstance.py:2330} INFO - Executing <Task(BashOperator): extract_postgres> on 2024-05-17 00:00:00+00:00
[2024-07-01T01:41:09.888+0000] {logging_mixin.py:188} WARNING - /home/airflow/.local/lib/python3.12/site-packages/airflow/task/task_runner/standard_task_runner.py:61 DeprecationWarning: This process (pid=1868) is multi-threaded, use of fork() may lead to deadlocks in the child.
[2024-07-01T01:41:09.890+0000] {standard_task_runner.py:63} INFO - Started process 1884 to run task
[2024-07-01T01:41:09.888+0000] {standard_task_runner.py:90} INFO - Running: ['airflow', 'tasks', 'run', 'dag_northwind', 'extract_postgres', 'scheduled__2024-05-17T00:00:00+00:00', '--job-id', '859', '--raw', '--subdir', 'DAGS_FOLDER/dag_northwind.py', '--cfg-path', '/tmp/tmpgpxn0cww']
[2024-07-01T01:41:09.894+0000] {standard_task_runner.py:91} INFO - Job 859: Subtask extract_postgres
[2024-07-01T01:41:10.011+0000] {task_command.py:426} INFO - Running <TaskInstance: dag_northwind.extract_postgres scheduled__2024-05-17T00:00:00+00:00 [running]> on host 05d913303710
[2024-07-01T01:41:10.150+0000] {taskinstance.py:2648} INFO - Exporting env vars: AIRFLOW_CTX_DAG_OWNER='airflow' AIRFLOW_CTX_DAG_ID='dag_northwind' AIRFLOW_CTX_TASK_ID='extract_postgres' AIRFLOW_CTX_EXECUTION_DATE='2024-05-17T00:00:00+00:00' AIRFLOW_CTX_TRY_NUMBER='1' AIRFLOW_CTX_DAG_RUN_ID='scheduled__2024-05-17T00:00:00+00:00'
[2024-07-01T01:41:10.151+0000] {taskinstance.py:430} INFO - ::endgroup::
[2024-07-01T01:41:10.179+0000] {subprocess.py:63} INFO - Tmp dir root location: /tmp
[2024-07-01T01:41:10.180+0000] {subprocess.py:75} INFO - Running command: ['/usr/bin/bash', '-c', 'meltano elt tap-postgres target-csv --job_id=extract_postgres_2024-05-17 && mkdir -p /data/postgres/2024-05-17 && mv /project/output/tap-postgres/*.csv /data/postgres/2024-05-17/']
[2024-07-01T01:41:10.207+0000] {subprocess.py:86} INFO - Output:
[2024-07-01T01:41:10.212+0000] {subprocess.py:93} INFO - /usr/bin/bash: line 1: meltano: command not found
[2024-07-01T01:41:10.213+0000] {subprocess.py:97} INFO - Command exited with return code 127
[2024-07-01T01:41:10.215+0000] {taskinstance.py:441} INFO - ::group::Post task execution logs
[2024-07-01T01:41:10.237+0000] {taskinstance.py:2905} ERROR - Task failed with exception
Traceback (most recent call last):
  File "/home/airflow/.local/lib/python3.12/site-packages/airflow/models/taskinstance.py", line 465, in _execute_task
    result = _execute_callable(context=context, **execute_callable_kwargs)
             ^^^^^^^^^^^^^^^^^^^^^^^^^^^^^^^^^^^^^^^^^^^^^^^^^^^^^^^^^^^^^
  File "/home/airflow/.local/lib/python3.12/site-packages/airflow/models/taskinstance.py", line 432, in _execute_callable
    return execute_callable(context=context, **execute_callable_kwargs)
           ^^^^^^^^^^^^^^^^^^^^^^^^^^^^^^^^^^^^^^^^^^^^^^^^^^^^^^^^^^^^
  File "/home/airflow/.local/lib/python3.12/site-packages/airflow/models/baseoperator.py", line 401, in wrapper
    return func(self, *args, **kwargs)
           ^^^^^^^^^^^^^^^^^^^^^^^^^^^
  File "/home/airflow/.local/lib/python3.12/site-packages/airflow/operators/bash.py", line 243, in execute
    raise AirflowException(
airflow.exceptions.AirflowException: Bash command failed. The command returned a non-zero exit code 127.
[2024-07-01T01:41:10.247+0000] {taskinstance.py:1206} INFO - Marking task as UP_FOR_RETRY. dag_id=dag_northwind, task_id=extract_postgres, run_id=scheduled__2024-05-17T00:00:00+00:00, execution_date=20240517T000000, start_date=20240701T014109, end_date=20240701T014110
[2024-07-01T01:41:10.286+0000] {standard_task_runner.py:110} ERROR - Failed to execute job 859 for task extract_postgres (Bash command failed. The command returned a non-zero exit code 127.; 1884)
[2024-07-01T01:41:10.310+0000] {local_task_job_runner.py:240} INFO - Task exited with return code 1
[2024-07-01T01:41:10.327+0000] {local_task_job_runner.py:222} INFO - ::endgroup::
[2024-07-01T10:42:16.540+0000] {local_task_job_runner.py:120} INFO - ::group::Pre task execution logs
[2024-07-01T10:42:16.626+0000] {taskinstance.py:2076} INFO - Dependencies all met for dep_context=non-requeueable deps ti=<TaskInstance: dag_northwind.extract_postgres scheduled__2024-05-17T00:00:00+00:00 [queued]>
[2024-07-01T10:42:16.644+0000] {taskinstance.py:2076} INFO - Dependencies all met for dep_context=requeueable deps ti=<TaskInstance: dag_northwind.extract_postgres scheduled__2024-05-17T00:00:00+00:00 [queued]>
[2024-07-01T10:42:16.645+0000] {taskinstance.py:2306} INFO - Starting attempt 1 of 2
[2024-07-01T10:42:16.751+0000] {taskinstance.py:2330} INFO - Executing <Task(BashOperator): extract_postgres> on 2024-05-17 00:00:00+00:00
[2024-07-01T10:42:16.764+0000] {logging_mixin.py:188} WARNING - /home/airflow/.local/lib/python3.12/site-packages/airflow/task/task_runner/standard_task_runner.py:61 DeprecationWarning: This process (pid=7455) is multi-threaded, use of fork() may lead to deadlocks in the child.
[2024-07-01T10:42:16.766+0000] {standard_task_runner.py:63} INFO - Started process 7468 to run task
[2024-07-01T10:42:16.764+0000] {standard_task_runner.py:90} INFO - Running: ['airflow', 'tasks', 'run', 'dag_northwind', 'extract_postgres', 'scheduled__2024-05-17T00:00:00+00:00', '--job-id', '1405', '--raw', '--subdir', 'DAGS_FOLDER/dag_northwind.py', '--cfg-path', '/tmp/tmpxbr6h8u0']
[2024-07-01T10:42:16.769+0000] {standard_task_runner.py:91} INFO - Job 1405: Subtask extract_postgres
[2024-07-01T10:42:16.872+0000] {task_command.py:426} INFO - Running <TaskInstance: dag_northwind.extract_postgres scheduled__2024-05-17T00:00:00+00:00 [running]> on host 85c6ea7cd9cf
[2024-07-01T10:42:17.012+0000] {taskinstance.py:2648} INFO - Exporting env vars: AIRFLOW_CTX_DAG_OWNER='airflow' AIRFLOW_CTX_DAG_ID='dag_northwind' AIRFLOW_CTX_TASK_ID='extract_postgres' AIRFLOW_CTX_EXECUTION_DATE='2024-05-17T00:00:00+00:00' AIRFLOW_CTX_TRY_NUMBER='1' AIRFLOW_CTX_DAG_RUN_ID='scheduled__2024-05-17T00:00:00+00:00'
[2024-07-01T10:42:17.013+0000] {taskinstance.py:430} INFO - ::endgroup::
[2024-07-01T10:42:17.041+0000] {subprocess.py:63} INFO - Tmp dir root location: /tmp
[2024-07-01T10:42:17.043+0000] {subprocess.py:75} INFO - Running command: ['/usr/bin/bash', '-c', 'meltano elt tap-postgres target-csv --job_id=extract_postgres_2024-05-17 && mkdir -p /data/postgres/2024-05-17 && mv /project/output/tap-postgres/*.csv /data/postgres/2024-05-17/']
[2024-07-01T10:42:17.067+0000] {subprocess.py:86} INFO - Output:
[2024-07-01T10:42:17.071+0000] {subprocess.py:93} INFO - /usr/bin/bash: line 1: meltano: command not found
[2024-07-01T10:42:17.081+0000] {subprocess.py:97} INFO - Command exited with return code 127
[2024-07-01T10:42:17.082+0000] {taskinstance.py:441} INFO - ::group::Post task execution logs
[2024-07-01T10:42:17.102+0000] {taskinstance.py:2905} ERROR - Task failed with exception
Traceback (most recent call last):
  File "/home/airflow/.local/lib/python3.12/site-packages/airflow/models/taskinstance.py", line 465, in _execute_task
    result = _execute_callable(context=context, **execute_callable_kwargs)
             ^^^^^^^^^^^^^^^^^^^^^^^^^^^^^^^^^^^^^^^^^^^^^^^^^^^^^^^^^^^^^
  File "/home/airflow/.local/lib/python3.12/site-packages/airflow/models/taskinstance.py", line 432, in _execute_callable
    return execute_callable(context=context, **execute_callable_kwargs)
           ^^^^^^^^^^^^^^^^^^^^^^^^^^^^^^^^^^^^^^^^^^^^^^^^^^^^^^^^^^^^
  File "/home/airflow/.local/lib/python3.12/site-packages/airflow/models/baseoperator.py", line 401, in wrapper
    return func(self, *args, **kwargs)
           ^^^^^^^^^^^^^^^^^^^^^^^^^^^
  File "/home/airflow/.local/lib/python3.12/site-packages/airflow/operators/bash.py", line 243, in execute
    raise AirflowException(
airflow.exceptions.AirflowException: Bash command failed. The command returned a non-zero exit code 127.
[2024-07-01T10:42:17.116+0000] {taskinstance.py:1206} INFO - Marking task as UP_FOR_RETRY. dag_id=dag_northwind, task_id=extract_postgres, run_id=scheduled__2024-05-17T00:00:00+00:00, execution_date=20240517T000000, start_date=20240701T104216, end_date=20240701T104217
[2024-07-01T10:42:17.162+0000] {standard_task_runner.py:110} ERROR - Failed to execute job 1405 for task extract_postgres (Bash command failed. The command returned a non-zero exit code 127.; 7468)
[2024-07-01T10:42:17.184+0000] {local_task_job_runner.py:240} INFO - Task exited with return code 1
[2024-07-01T10:42:17.230+0000] {taskinstance.py:3503} INFO - 0 downstream tasks scheduled from follow-on schedule check
[2024-07-01T10:42:17.233+0000] {local_task_job_runner.py:222} INFO - ::endgroup::
