[2024-07-02T16:25:34.384+0000] {local_task_job_runner.py:120} INFO - ::group::Pre task execution logs
[2024-07-02T16:25:34.483+0000] {taskinstance.py:2076} INFO - Dependencies all met for dep_context=non-requeueable deps ti=<TaskInstance: pipeline_dag.extract_csv scheduled__2024-01-21T00:00:00+00:00 [queued]>
[2024-07-02T16:25:34.507+0000] {taskinstance.py:2076} INFO - Dependencies all met for dep_context=requeueable deps ti=<TaskInstance: pipeline_dag.extract_csv scheduled__2024-01-21T00:00:00+00:00 [queued]>
[2024-07-02T16:25:34.509+0000] {taskinstance.py:2306} INFO - Starting attempt 1 of 2
[2024-07-02T16:25:34.553+0000] {taskinstance.py:2330} INFO - Executing <Task(PythonOperator): extract_csv> on 2024-01-21 00:00:00+00:00
[2024-07-02T16:25:34.568+0000] {logging_mixin.py:188} WARNING - /home/airflow/.local/lib/python3.12/site-packages/airflow/task/task_runner/standard_task_runner.py:61 DeprecationWarning: This process (pid=557) is multi-threaded, use of fork() may lead to deadlocks in the child.
[2024-07-02T16:25:34.571+0000] {standard_task_runner.py:63} INFO - Started process 571 to run task
[2024-07-02T16:25:34.568+0000] {standard_task_runner.py:90} INFO - Running: ['airflow', 'tasks', 'run', 'pipeline_dag', 'extract_csv', 'scheduled__2024-01-21T00:00:00+00:00', '--job-id', '1677', '--raw', '--subdir', 'DAGS_FOLDER/dag_northwind.py', '--cfg-path', '/tmp/tmpvyf1tteo']
[2024-07-02T16:25:34.573+0000] {standard_task_runner.py:91} INFO - Job 1677: Subtask extract_csv
[2024-07-02T16:25:34.689+0000] {task_command.py:426} INFO - Running <TaskInstance: pipeline_dag.extract_csv scheduled__2024-01-21T00:00:00+00:00 [running]> on host ee7e13960694
[2024-07-02T16:25:34.884+0000] {taskinstance.py:2648} INFO - Exporting env vars: AIRFLOW_CTX_DAG_OWNER='airflow' AIRFLOW_CTX_DAG_ID='pipeline_dag' AIRFLOW_CTX_TASK_ID='extract_csv' AIRFLOW_CTX_EXECUTION_DATE='2024-01-21T00:00:00+00:00' AIRFLOW_CTX_TRY_NUMBER='1' AIRFLOW_CTX_DAG_RUN_ID='scheduled__2024-01-21T00:00:00+00:00'
[2024-07-02T16:25:34.889+0000] {taskinstance.py:430} INFO - ::endgroup::
[2024-07-02T16:25:34.932+0000] {taskinstance.py:441} INFO - ::group::Post task execution logs
[2024-07-02T16:25:34.934+0000] {taskinstance.py:2905} ERROR - Task failed with exception
Traceback (most recent call last):
  File "/home/airflow/.local/lib/python3.12/site-packages/airflow/models/taskinstance.py", line 465, in _execute_task
    result = _execute_callable(context=context, **execute_callable_kwargs)
             ^^^^^^^^^^^^^^^^^^^^^^^^^^^^^^^^^^^^^^^^^^^^^^^^^^^^^^^^^^^^^
  File "/home/airflow/.local/lib/python3.12/site-packages/airflow/models/taskinstance.py", line 432, in _execute_callable
    return execute_callable(context=context, **execute_callable_kwargs)
           ^^^^^^^^^^^^^^^^^^^^^^^^^^^^^^^^^^^^^^^^^^^^^^^^^^^^^^^^^^^^
  File "/home/airflow/.local/lib/python3.12/site-packages/airflow/models/baseoperator.py", line 401, in wrapper
    return func(self, *args, **kwargs)
           ^^^^^^^^^^^^^^^^^^^^^^^^^^^
  File "/home/airflow/.local/lib/python3.12/site-packages/airflow/operators/python.py", line 235, in execute
    return_value = self.execute_callable()
                   ^^^^^^^^^^^^^^^^^^^^^^^
  File "/home/airflow/.local/lib/python3.12/site-packages/airflow/operators/python.py", line 252, in execute_callable
    return self.python_callable(*self.op_args, **self.op_kwargs)
           ^^^^^^^^^^^^^^^^^^^^^^^^^^^^^^^^^^^^^^^^^^^^^^^^^^^^^
  File "/opt/airflow/dags/dag_northwind.py", line 31, in extract_csv
    subprocess.run(extract_command, shell=True, check=True)
  File "/usr/local/lib/python3.12/subprocess.py", line 571, in run
    raise CalledProcessError(retcode, process.args,
subprocess.CalledProcessError: Command 'meltano elt tap-csv target-csv --transform=run' returned non-zero exit status 127.
[2024-07-02T16:25:34.965+0000] {taskinstance.py:1206} INFO - Marking task as UP_FOR_RETRY. dag_id=pipeline_dag, task_id=extract_csv, run_id=scheduled__2024-01-21T00:00:00+00:00, execution_date=20240121T000000, start_date=20240702T162534, end_date=20240702T162534
[2024-07-02T16:25:35.136+0000] {standard_task_runner.py:110} ERROR - Failed to execute job 1677 for task extract_csv (Command 'meltano elt tap-csv target-csv --transform=run' returned non-zero exit status 127.; 571)
[2024-07-02T16:25:35.154+0000] {local_task_job_runner.py:240} INFO - Task exited with return code 1
[2024-07-02T16:25:35.222+0000] {taskinstance.py:3503} INFO - 0 downstream tasks scheduled from follow-on schedule check
[2024-07-02T16:25:35.225+0000] {local_task_job_runner.py:222} INFO - ::endgroup::
[2024-07-03T16:23:07.556+0000] {local_task_job_runner.py:120} INFO - ::group::Pre task execution logs
[2024-07-03T16:23:07.686+0000] {taskinstance.py:2076} INFO - Dependencies all met for dep_context=non-requeueable deps ti=<TaskInstance: pipeline_dag.extract_csv scheduled__2024-01-21T00:00:00+00:00 [queued]>
[2024-07-03T16:23:07.709+0000] {taskinstance.py:2076} INFO - Dependencies all met for dep_context=requeueable deps ti=<TaskInstance: pipeline_dag.extract_csv scheduled__2024-01-21T00:00:00+00:00 [queued]>
[2024-07-03T16:23:07.713+0000] {taskinstance.py:2306} INFO - Starting attempt 1 of 2
[2024-07-03T16:23:07.784+0000] {taskinstance.py:2330} INFO - Executing <Task(PythonOperator): extract_csv> on 2024-01-21 00:00:00+00:00
[2024-07-03T16:23:07.800+0000] {standard_task_runner.py:90} INFO - Running: ['airflow', 'tasks', 'run', 'pipeline_dag', 'extract_csv', 'scheduled__2024-01-21T00:00:00+00:00', '--job-id', '2452', '--raw', '--subdir', 'DAGS_FOLDER/northwind_dag_teste.py', '--cfg-path', '/tmp/tmp5r6w_xn3']
[2024-07-03T16:23:07.804+0000] {standard_task_runner.py:91} INFO - Job 2452: Subtask extract_csv
[2024-07-03T16:23:07.822+0000] {logging_mixin.py:188} WARNING - /home/airflow/.local/lib/python3.12/site-packages/airflow/task/task_runner/standard_task_runner.py:61 DeprecationWarning: This process (pid=1713) is multi-threaded, use of fork() may lead to deadlocks in the child.
[2024-07-03T16:23:07.823+0000] {standard_task_runner.py:63} INFO - Started process 1734 to run task
[2024-07-03T16:23:07.954+0000] {task_command.py:426} INFO - Running <TaskInstance: pipeline_dag.extract_csv scheduled__2024-01-21T00:00:00+00:00 [running]> on host 3c2535f14011
[2024-07-03T16:23:08.213+0000] {taskinstance.py:2648} INFO - Exporting env vars: AIRFLOW_CTX_DAG_OWNER='airflow' AIRFLOW_CTX_DAG_ID='pipeline_dag' AIRFLOW_CTX_TASK_ID='extract_csv' AIRFLOW_CTX_EXECUTION_DATE='2024-01-21T00:00:00+00:00' AIRFLOW_CTX_TRY_NUMBER='1' AIRFLOW_CTX_DAG_RUN_ID='scheduled__2024-01-21T00:00:00+00:00'
[2024-07-03T16:23:08.217+0000] {taskinstance.py:430} INFO - ::endgroup::
[2024-07-03T16:23:08.270+0000] {logging_mixin.py:188} INFO - Command failed with error: Command 'meltano elt tap-csv target-csv --transform=run --job_id=extract_csv_2024-01-21' returned non-zero exit status 127.
[2024-07-03T16:23:08.272+0000] {taskinstance.py:441} INFO - ::group::Post task execution logs
[2024-07-03T16:23:08.273+0000] {taskinstance.py:2905} ERROR - Task failed with exception
Traceback (most recent call last):
  File "/home/airflow/.local/lib/python3.12/site-packages/airflow/models/taskinstance.py", line 465, in _execute_task
    result = _execute_callable(context=context, **execute_callable_kwargs)
             ^^^^^^^^^^^^^^^^^^^^^^^^^^^^^^^^^^^^^^^^^^^^^^^^^^^^^^^^^^^^^
  File "/home/airflow/.local/lib/python3.12/site-packages/airflow/models/taskinstance.py", line 432, in _execute_callable
    return execute_callable(context=context, **execute_callable_kwargs)
           ^^^^^^^^^^^^^^^^^^^^^^^^^^^^^^^^^^^^^^^^^^^^^^^^^^^^^^^^^^^^
  File "/home/airflow/.local/lib/python3.12/site-packages/airflow/models/baseoperator.py", line 401, in wrapper
    return func(self, *args, **kwargs)
           ^^^^^^^^^^^^^^^^^^^^^^^^^^^
  File "/home/airflow/.local/lib/python3.12/site-packages/airflow/operators/python.py", line 235, in execute
    return_value = self.execute_callable()
                   ^^^^^^^^^^^^^^^^^^^^^^^
  File "/home/airflow/.local/lib/python3.12/site-packages/airflow/operators/python.py", line 252, in execute_callable
    return self.python_callable(*self.op_args, **self.op_kwargs)
           ^^^^^^^^^^^^^^^^^^^^^^^^^^^^^^^^^^^^^^^^^^^^^^^^^^^^^
  File "/opt/airflow/dags/northwind_dag_teste.py", line 38, in extract_csv
    subprocess.run(extract_command, shell=True, check=True)
  File "/usr/local/lib/python3.12/subprocess.py", line 571, in run
    raise CalledProcessError(retcode, process.args,
subprocess.CalledProcessError: Command 'meltano elt tap-csv target-csv --transform=run --job_id=extract_csv_2024-01-21' returned non-zero exit status 127.
[2024-07-03T16:23:08.313+0000] {taskinstance.py:1206} INFO - Marking task as UP_FOR_RETRY. dag_id=pipeline_dag, task_id=extract_csv, run_id=scheduled__2024-01-21T00:00:00+00:00, execution_date=20240121T000000, start_date=20240703T162307, end_date=20240703T162308
[2024-07-03T16:23:08.350+0000] {standard_task_runner.py:110} ERROR - Failed to execute job 2452 for task extract_csv (Command 'meltano elt tap-csv target-csv --transform=run --job_id=extract_csv_2024-01-21' returned non-zero exit status 127.; 1734)
[2024-07-03T16:23:08.408+0000] {local_task_job_runner.py:240} INFO - Task exited with return code 1
[2024-07-03T16:23:08.426+0000] {local_task_job_runner.py:222} INFO - ::endgroup::
