[2024-06-30T20:53:21.812+0000] {local_task_job_runner.py:120} INFO - ::group::Pre task execution logs
[2024-06-30T20:53:21.884+0000] {taskinstance.py:2076} INFO - Dependencies all met for dep_context=non-requeueable deps ti=<TaskInstance: dag_northwind.extract_postgres scheduled__2024-01-13T00:00:00+00:00 [queued]>
[2024-06-30T20:53:21.902+0000] {taskinstance.py:2076} INFO - Dependencies all met for dep_context=requeueable deps ti=<TaskInstance: dag_northwind.extract_postgres scheduled__2024-01-13T00:00:00+00:00 [queued]>
[2024-06-30T20:53:21.904+0000] {taskinstance.py:2306} INFO - Starting attempt 1 of 2
[2024-06-30T20:53:22.056+0000] {taskinstance.py:2330} INFO - Executing <Task(BashOperator): extract_postgres> on 2024-01-13 00:00:00+00:00
[2024-06-30T20:53:22.064+0000] {standard_task_runner.py:90} INFO - Running: ['airflow', 'tasks', 'run', 'dag_northwind', 'extract_postgres', 'scheduled__2024-01-13T00:00:00+00:00', '--job-id', '403', '--raw', '--subdir', 'DAGS_FOLDER/dag_northwind.py', '--cfg-path', '/tmp/tmpx2pnmepy']
[2024-06-30T20:53:22.068+0000] {standard_task_runner.py:91} INFO - Job 403: Subtask extract_postgres
[2024-06-30T20:53:22.073+0000] {logging_mixin.py:188} WARNING - /home/airflow/.local/lib/python3.12/site-packages/airflow/task/task_runner/standard_task_runner.py:61 DeprecationWarning: This process (pid=602) is multi-threaded, use of fork() may lead to deadlocks in the child.
[2024-06-30T20:53:22.074+0000] {standard_task_runner.py:63} INFO - Started process 611 to run task
[2024-06-30T20:53:22.150+0000] {task_command.py:426} INFO - Running <TaskInstance: dag_northwind.extract_postgres scheduled__2024-01-13T00:00:00+00:00 [running]> on host a7d76f00647b
[2024-06-30T20:53:22.293+0000] {taskinstance.py:2648} INFO - Exporting env vars: AIRFLOW_CTX_DAG_OWNER='airflow' AIRFLOW_CTX_DAG_ID='dag_northwind' AIRFLOW_CTX_TASK_ID='extract_postgres' AIRFLOW_CTX_EXECUTION_DATE='2024-01-13T00:00:00+00:00' AIRFLOW_CTX_TRY_NUMBER='1' AIRFLOW_CTX_DAG_RUN_ID='scheduled__2024-01-13T00:00:00+00:00'
[2024-06-30T20:53:22.294+0000] {taskinstance.py:430} INFO - ::endgroup::
[2024-06-30T20:53:22.321+0000] {subprocess.py:63} INFO - Tmp dir root location: /tmp
[2024-06-30T20:53:22.323+0000] {subprocess.py:75} INFO - Running command: ['/usr/bin/bash', '-c', 'meltano elt tap-postgres target-csv --job_id=extract_postgres_2024-01-13 && mkdir -p /data/postgres/2024-01-13 && mv /project/output/tap-postgres/*.csv /data/postgres/2024-01-13/']
[2024-06-30T20:53:22.336+0000] {subprocess.py:86} INFO - Output:
[2024-06-30T20:53:22.339+0000] {subprocess.py:93} INFO - /usr/bin/bash: line 1: meltano: command not found
[2024-06-30T20:53:22.340+0000] {subprocess.py:97} INFO - Command exited with return code 127
[2024-06-30T20:53:22.341+0000] {taskinstance.py:441} INFO - ::group::Post task execution logs
[2024-06-30T20:53:22.361+0000] {taskinstance.py:2905} ERROR - Task failed with exception
Traceback (most recent call last):
  File "/home/airflow/.local/lib/python3.12/site-packages/airflow/models/taskinstance.py", line 465, in _execute_task
    result = _execute_callable(context=context, **execute_callable_kwargs)
             ^^^^^^^^^^^^^^^^^^^^^^^^^^^^^^^^^^^^^^^^^^^^^^^^^^^^^^^^^^^^^
  File "/home/airflow/.local/lib/python3.12/site-packages/airflow/models/taskinstance.py", line 432, in _execute_callable
    return execute_callable(context=context, **execute_callable_kwargs)
           ^^^^^^^^^^^^^^^^^^^^^^^^^^^^^^^^^^^^^^^^^^^^^^^^^^^^^^^^^^^^
  File "/home/airflow/.local/lib/python3.12/site-packages/airflow/models/baseoperator.py", line 401, in wrapper
    return func(self, *args, **kwargs)
           ^^^^^^^^^^^^^^^^^^^^^^^^^^^
  File "/home/airflow/.local/lib/python3.12/site-packages/airflow/operators/bash.py", line 243, in execute
    raise AirflowException(
airflow.exceptions.AirflowException: Bash command failed. The command returned a non-zero exit code 127.
[2024-06-30T20:53:22.370+0000] {taskinstance.py:1206} INFO - Marking task as UP_FOR_RETRY. dag_id=dag_northwind, task_id=extract_postgres, run_id=scheduled__2024-01-13T00:00:00+00:00, execution_date=20240113T000000, start_date=20240630T205321, end_date=20240630T205322
[2024-06-30T20:53:22.398+0000] {standard_task_runner.py:110} ERROR - Failed to execute job 403 for task extract_postgres (Bash command failed. The command returned a non-zero exit code 127.; 611)
[2024-06-30T20:53:22.409+0000] {local_task_job_runner.py:240} INFO - Task exited with return code 1
[2024-06-30T20:53:22.455+0000] {taskinstance.py:3503} INFO - 0 downstream tasks scheduled from follow-on schedule check
[2024-06-30T20:53:22.458+0000] {local_task_job_runner.py:222} INFO - ::endgroup::
[2024-07-01T10:01:08.582+0000] {local_task_job_runner.py:120} INFO - ::group::Pre task execution logs
[2024-07-01T10:01:08.679+0000] {taskinstance.py:2076} INFO - Dependencies all met for dep_context=non-requeueable deps ti=<TaskInstance: dag_northwind.extract_postgres scheduled__2024-01-13T00:00:00+00:00 [queued]>
[2024-07-01T10:01:08.698+0000] {taskinstance.py:2076} INFO - Dependencies all met for dep_context=requeueable deps ti=<TaskInstance: dag_northwind.extract_postgres scheduled__2024-01-13T00:00:00+00:00 [queued]>
[2024-07-01T10:01:08.699+0000] {taskinstance.py:2306} INFO - Starting attempt 1 of 2
[2024-07-01T10:01:08.855+0000] {taskinstance.py:2330} INFO - Executing <Task(BashOperator): extract_postgres> on 2024-01-13 00:00:00+00:00
[2024-07-01T10:01:08.883+0000] {standard_task_runner.py:90} INFO - Running: ['airflow', 'tasks', 'run', 'dag_northwind', 'extract_postgres', 'scheduled__2024-01-13T00:00:00+00:00', '--job-id', '899', '--raw', '--subdir', 'DAGS_FOLDER/dag_northwind.py', '--cfg-path', '/tmp/tmpve4m990y']
[2024-07-01T10:01:08.889+0000] {standard_task_runner.py:91} INFO - Job 899: Subtask extract_postgres
[2024-07-01T10:01:08.895+0000] {logging_mixin.py:188} WARNING - /home/airflow/.local/lib/python3.12/site-packages/airflow/task/task_runner/standard_task_runner.py:61 DeprecationWarning: This process (pid=5023) is multi-threaded, use of fork() may lead to deadlocks in the child.
[2024-07-01T10:01:08.896+0000] {standard_task_runner.py:63} INFO - Started process 5040 to run task
[2024-07-01T10:01:08.989+0000] {task_command.py:426} INFO - Running <TaskInstance: dag_northwind.extract_postgres scheduled__2024-01-13T00:00:00+00:00 [running]> on host 85c6ea7cd9cf
[2024-07-01T10:01:09.121+0000] {taskinstance.py:2648} INFO - Exporting env vars: AIRFLOW_CTX_DAG_OWNER='airflow' AIRFLOW_CTX_DAG_ID='dag_northwind' AIRFLOW_CTX_TASK_ID='extract_postgres' AIRFLOW_CTX_EXECUTION_DATE='2024-01-13T00:00:00+00:00' AIRFLOW_CTX_TRY_NUMBER='1' AIRFLOW_CTX_DAG_RUN_ID='scheduled__2024-01-13T00:00:00+00:00'
[2024-07-01T10:01:09.122+0000] {taskinstance.py:430} INFO - ::endgroup::
[2024-07-01T10:01:09.155+0000] {subprocess.py:63} INFO - Tmp dir root location: /tmp
[2024-07-01T10:01:09.157+0000] {subprocess.py:75} INFO - Running command: ['/usr/bin/bash', '-c', 'meltano elt tap-postgres target-csv --job_id=extract_postgres_2024-01-13 && mkdir -p /data/postgres/2024-01-13 && mv /project/output/tap-postgres/*.csv /data/postgres/2024-01-13/']
[2024-07-01T10:01:09.169+0000] {subprocess.py:86} INFO - Output:
[2024-07-01T10:01:09.175+0000] {subprocess.py:93} INFO - /usr/bin/bash: line 1: meltano: command not found
[2024-07-01T10:01:09.177+0000] {subprocess.py:97} INFO - Command exited with return code 127
[2024-07-01T10:01:09.178+0000] {taskinstance.py:441} INFO - ::group::Post task execution logs
[2024-07-01T10:01:09.201+0000] {taskinstance.py:2905} ERROR - Task failed with exception
Traceback (most recent call last):
  File "/home/airflow/.local/lib/python3.12/site-packages/airflow/models/taskinstance.py", line 465, in _execute_task
    result = _execute_callable(context=context, **execute_callable_kwargs)
             ^^^^^^^^^^^^^^^^^^^^^^^^^^^^^^^^^^^^^^^^^^^^^^^^^^^^^^^^^^^^^
  File "/home/airflow/.local/lib/python3.12/site-packages/airflow/models/taskinstance.py", line 432, in _execute_callable
    return execute_callable(context=context, **execute_callable_kwargs)
           ^^^^^^^^^^^^^^^^^^^^^^^^^^^^^^^^^^^^^^^^^^^^^^^^^^^^^^^^^^^^
  File "/home/airflow/.local/lib/python3.12/site-packages/airflow/models/baseoperator.py", line 401, in wrapper
    return func(self, *args, **kwargs)
           ^^^^^^^^^^^^^^^^^^^^^^^^^^^
  File "/home/airflow/.local/lib/python3.12/site-packages/airflow/operators/bash.py", line 243, in execute
    raise AirflowException(
airflow.exceptions.AirflowException: Bash command failed. The command returned a non-zero exit code 127.
[2024-07-01T10:01:09.210+0000] {taskinstance.py:1206} INFO - Marking task as UP_FOR_RETRY. dag_id=dag_northwind, task_id=extract_postgres, run_id=scheduled__2024-01-13T00:00:00+00:00, execution_date=20240113T000000, start_date=20240701T100108, end_date=20240701T100109
[2024-07-01T10:01:09.237+0000] {standard_task_runner.py:110} ERROR - Failed to execute job 899 for task extract_postgres (Bash command failed. The command returned a non-zero exit code 127.; 5040)
[2024-07-01T10:01:09.276+0000] {local_task_job_runner.py:240} INFO - Task exited with return code 1
[2024-07-01T10:01:09.326+0000] {taskinstance.py:3503} INFO - 0 downstream tasks scheduled from follow-on schedule check
[2024-07-01T10:01:09.329+0000] {local_task_job_runner.py:222} INFO - ::endgroup::
