[2024-06-30T21:03:37.609+0000] {local_task_job_runner.py:120} INFO - ::group::Pre task execution logs
[2024-06-30T21:03:37.672+0000] {taskinstance.py:2076} INFO - Dependencies all met for dep_context=non-requeueable deps ti=<TaskInstance: dag_northwind.extract_postgres scheduled__2024-01-23T00:00:00+00:00 [queued]>
[2024-06-30T21:03:37.689+0000] {taskinstance.py:2076} INFO - Dependencies all met for dep_context=requeueable deps ti=<TaskInstance: dag_northwind.extract_postgres scheduled__2024-01-23T00:00:00+00:00 [queued]>
[2024-06-30T21:03:37.690+0000] {taskinstance.py:2306} INFO - Starting attempt 2 of 2
[2024-06-30T21:03:37.907+0000] {taskinstance.py:2330} INFO - Executing <Task(BashOperator): extract_postgres> on 2024-01-23 00:00:00+00:00
[2024-06-30T21:03:37.917+0000] {logging_mixin.py:188} WARNING - /home/airflow/.local/lib/python3.12/site-packages/airflow/task/task_runner/standard_task_runner.py:61 DeprecationWarning: This process (pid=875) is multi-threaded, use of fork() may lead to deadlocks in the child.
[2024-06-30T21:03:37.919+0000] {standard_task_runner.py:63} INFO - Started process 888 to run task
[2024-06-30T21:03:37.916+0000] {standard_task_runner.py:90} INFO - Running: ['airflow', 'tasks', 'run', 'dag_northwind', 'extract_postgres', 'scheduled__2024-01-23T00:00:00+00:00', '--job-id', '445', '--raw', '--subdir', 'DAGS_FOLDER/dag_northwind.py', '--cfg-path', '/tmp/tmpeps21bi9']
[2024-06-30T21:03:37.920+0000] {standard_task_runner.py:91} INFO - Job 445: Subtask extract_postgres
[2024-06-30T21:03:37.993+0000] {task_command.py:426} INFO - Running <TaskInstance: dag_northwind.extract_postgres scheduled__2024-01-23T00:00:00+00:00 [running]> on host a7d76f00647b
[2024-06-30T21:03:38.113+0000] {taskinstance.py:2648} INFO - Exporting env vars: AIRFLOW_CTX_DAG_OWNER='airflow' AIRFLOW_CTX_DAG_ID='dag_northwind' AIRFLOW_CTX_TASK_ID='extract_postgres' AIRFLOW_CTX_EXECUTION_DATE='2024-01-23T00:00:00+00:00' AIRFLOW_CTX_TRY_NUMBER='2' AIRFLOW_CTX_DAG_RUN_ID='scheduled__2024-01-23T00:00:00+00:00'
[2024-06-30T21:03:38.114+0000] {taskinstance.py:430} INFO - ::endgroup::
[2024-06-30T21:03:38.137+0000] {subprocess.py:63} INFO - Tmp dir root location: /tmp
[2024-06-30T21:03:38.138+0000] {subprocess.py:75} INFO - Running command: ['/usr/bin/bash', '-c', 'meltano elt tap-postgres target-csv --job_id=extract_postgres_2024-01-23 && mkdir -p /data/postgres/2024-01-23 && mv /project/output/tap-postgres/*.csv /data/postgres/2024-01-23/']
[2024-06-30T21:03:38.150+0000] {subprocess.py:86} INFO - Output:
[2024-06-30T21:03:38.153+0000] {subprocess.py:93} INFO - /usr/bin/bash: line 1: meltano: command not found
[2024-06-30T21:03:38.154+0000] {subprocess.py:97} INFO - Command exited with return code 127
[2024-06-30T21:03:38.155+0000] {taskinstance.py:441} INFO - ::group::Post task execution logs
[2024-06-30T21:03:38.171+0000] {taskinstance.py:2905} ERROR - Task failed with exception
Traceback (most recent call last):
  File "/home/airflow/.local/lib/python3.12/site-packages/airflow/models/taskinstance.py", line 465, in _execute_task
    result = _execute_callable(context=context, **execute_callable_kwargs)
             ^^^^^^^^^^^^^^^^^^^^^^^^^^^^^^^^^^^^^^^^^^^^^^^^^^^^^^^^^^^^^
  File "/home/airflow/.local/lib/python3.12/site-packages/airflow/models/taskinstance.py", line 432, in _execute_callable
    return execute_callable(context=context, **execute_callable_kwargs)
           ^^^^^^^^^^^^^^^^^^^^^^^^^^^^^^^^^^^^^^^^^^^^^^^^^^^^^^^^^^^^
  File "/home/airflow/.local/lib/python3.12/site-packages/airflow/models/baseoperator.py", line 401, in wrapper
    return func(self, *args, **kwargs)
           ^^^^^^^^^^^^^^^^^^^^^^^^^^^
  File "/home/airflow/.local/lib/python3.12/site-packages/airflow/operators/bash.py", line 243, in execute
    raise AirflowException(
airflow.exceptions.AirflowException: Bash command failed. The command returned a non-zero exit code 127.
[2024-06-30T21:03:38.179+0000] {taskinstance.py:1206} INFO - Marking task as FAILED. dag_id=dag_northwind, task_id=extract_postgres, run_id=scheduled__2024-01-23T00:00:00+00:00, execution_date=20240123T000000, start_date=20240630T210337, end_date=20240630T210338
[2024-06-30T21:03:38.202+0000] {standard_task_runner.py:110} ERROR - Failed to execute job 445 for task extract_postgres (Bash command failed. The command returned a non-zero exit code 127.; 888)
[2024-06-30T21:03:38.215+0000] {local_task_job_runner.py:240} INFO - Task exited with return code 1
[2024-06-30T21:03:38.227+0000] {local_task_job_runner.py:222} INFO - ::endgroup::
[2024-07-01T10:11:15.076+0000] {local_task_job_runner.py:120} INFO - ::group::Pre task execution logs
[2024-07-01T10:11:15.199+0000] {taskinstance.py:2076} INFO - Dependencies all met for dep_context=non-requeueable deps ti=<TaskInstance: dag_northwind.extract_postgres scheduled__2024-01-23T00:00:00+00:00 [queued]>
[2024-07-01T10:11:15.220+0000] {taskinstance.py:2076} INFO - Dependencies all met for dep_context=requeueable deps ti=<TaskInstance: dag_northwind.extract_postgres scheduled__2024-01-23T00:00:00+00:00 [queued]>
[2024-07-01T10:11:15.221+0000] {taskinstance.py:2306} INFO - Starting attempt 2 of 2
[2024-07-01T10:11:15.492+0000] {taskinstance.py:2330} INFO - Executing <Task(BashOperator): extract_postgres> on 2024-01-23 00:00:00+00:00
[2024-07-01T10:11:15.510+0000] {logging_mixin.py:188} WARNING - /home/airflow/.local/lib/python3.12/site-packages/airflow/task/task_runner/standard_task_runner.py:61 DeprecationWarning: This process (pid=5447) is multi-threaded, use of fork() may lead to deadlocks in the child.
[2024-07-01T10:11:15.515+0000] {standard_task_runner.py:63} INFO - Started process 5480 to run task
[2024-07-01T10:11:15.513+0000] {standard_task_runner.py:90} INFO - Running: ['airflow', 'tasks', 'run', 'dag_northwind', 'extract_postgres', 'scheduled__2024-01-23T00:00:00+00:00', '--job-id', '983', '--raw', '--subdir', 'DAGS_FOLDER/dag_northwind.py', '--cfg-path', '/tmp/tmpcajseypa']
[2024-07-01T10:11:15.526+0000] {standard_task_runner.py:91} INFO - Job 983: Subtask extract_postgres
[2024-07-01T10:11:15.644+0000] {task_command.py:426} INFO - Running <TaskInstance: dag_northwind.extract_postgres scheduled__2024-01-23T00:00:00+00:00 [running]> on host 85c6ea7cd9cf
[2024-07-01T10:11:15.804+0000] {taskinstance.py:2648} INFO - Exporting env vars: AIRFLOW_CTX_DAG_OWNER='airflow' AIRFLOW_CTX_DAG_ID='dag_northwind' AIRFLOW_CTX_TASK_ID='extract_postgres' AIRFLOW_CTX_EXECUTION_DATE='2024-01-23T00:00:00+00:00' AIRFLOW_CTX_TRY_NUMBER='2' AIRFLOW_CTX_DAG_RUN_ID='scheduled__2024-01-23T00:00:00+00:00'
[2024-07-01T10:11:15.806+0000] {taskinstance.py:430} INFO - ::endgroup::
[2024-07-01T10:11:15.852+0000] {subprocess.py:63} INFO - Tmp dir root location: /tmp
[2024-07-01T10:11:15.854+0000] {subprocess.py:75} INFO - Running command: ['/usr/bin/bash', '-c', 'meltano elt tap-postgres target-csv --job_id=extract_postgres_2024-01-23 && mkdir -p /data/postgres/2024-01-23 && mv /project/output/tap-postgres/*.csv /data/postgres/2024-01-23/']
[2024-07-01T10:11:15.873+0000] {subprocess.py:86} INFO - Output:
[2024-07-01T10:11:15.880+0000] {subprocess.py:93} INFO - /usr/bin/bash: line 1: meltano: command not found
[2024-07-01T10:11:15.885+0000] {subprocess.py:97} INFO - Command exited with return code 127
[2024-07-01T10:11:15.886+0000] {taskinstance.py:441} INFO - ::group::Post task execution logs
[2024-07-01T10:11:15.906+0000] {taskinstance.py:2905} ERROR - Task failed with exception
Traceback (most recent call last):
  File "/home/airflow/.local/lib/python3.12/site-packages/airflow/models/taskinstance.py", line 465, in _execute_task
    result = _execute_callable(context=context, **execute_callable_kwargs)
             ^^^^^^^^^^^^^^^^^^^^^^^^^^^^^^^^^^^^^^^^^^^^^^^^^^^^^^^^^^^^^
  File "/home/airflow/.local/lib/python3.12/site-packages/airflow/models/taskinstance.py", line 432, in _execute_callable
    return execute_callable(context=context, **execute_callable_kwargs)
           ^^^^^^^^^^^^^^^^^^^^^^^^^^^^^^^^^^^^^^^^^^^^^^^^^^^^^^^^^^^^
  File "/home/airflow/.local/lib/python3.12/site-packages/airflow/models/baseoperator.py", line 401, in wrapper
    return func(self, *args, **kwargs)
           ^^^^^^^^^^^^^^^^^^^^^^^^^^^
  File "/home/airflow/.local/lib/python3.12/site-packages/airflow/operators/bash.py", line 243, in execute
    raise AirflowException(
airflow.exceptions.AirflowException: Bash command failed. The command returned a non-zero exit code 127.
[2024-07-01T10:11:15.917+0000] {taskinstance.py:1206} INFO - Marking task as FAILED. dag_id=dag_northwind, task_id=extract_postgres, run_id=scheduled__2024-01-23T00:00:00+00:00, execution_date=20240123T000000, start_date=20240701T101115, end_date=20240701T101115
[2024-07-01T10:11:16.149+0000] {standard_task_runner.py:110} ERROR - Failed to execute job 983 for task extract_postgres (Bash command failed. The command returned a non-zero exit code 127.; 5480)
[2024-07-01T10:11:16.199+0000] {local_task_job_runner.py:240} INFO - Task exited with return code 1
[2024-07-01T10:11:16.223+0000] {local_task_job_runner.py:222} INFO - ::endgroup::
