[2024-06-30T21:03:42.527+0000] {local_task_job_runner.py:120} INFO - ::group::Pre task execution logs
[2024-06-30T21:03:42.582+0000] {taskinstance.py:2076} INFO - Dependencies all met for dep_context=non-requeueable deps ti=<TaskInstance: dag_northwind.extract_postgres scheduled__2024-02-03T00:00:00+00:00 [queued]>
[2024-06-30T21:03:42.596+0000] {taskinstance.py:2076} INFO - Dependencies all met for dep_context=requeueable deps ti=<TaskInstance: dag_northwind.extract_postgres scheduled__2024-02-03T00:00:00+00:00 [queued]>
[2024-06-30T21:03:42.597+0000] {taskinstance.py:2306} INFO - Starting attempt 1 of 2
[2024-06-30T21:03:42.629+0000] {taskinstance.py:2330} INFO - Executing <Task(BashOperator): extract_postgres> on 2024-02-03 00:00:00+00:00
[2024-06-30T21:03:42.639+0000] {logging_mixin.py:188} WARNING - /home/airflow/.local/lib/python3.12/site-packages/airflow/task/task_runner/standard_task_runner.py:61 DeprecationWarning: This process (pid=925) is multi-threaded, use of fork() may lead to deadlocks in the child.
[2024-06-30T21:03:42.640+0000] {standard_task_runner.py:63} INFO - Started process 929 to run task
[2024-06-30T21:03:42.638+0000] {standard_task_runner.py:90} INFO - Running: ['airflow', 'tasks', 'run', 'dag_northwind', 'extract_postgres', 'scheduled__2024-02-03T00:00:00+00:00', '--job-id', '456', '--raw', '--subdir', 'DAGS_FOLDER/dag_northwind.py', '--cfg-path', '/tmp/tmpd8hfwtdj']
[2024-06-30T21:03:42.641+0000] {standard_task_runner.py:91} INFO - Job 456: Subtask extract_postgres
[2024-06-30T21:03:42.716+0000] {task_command.py:426} INFO - Running <TaskInstance: dag_northwind.extract_postgres scheduled__2024-02-03T00:00:00+00:00 [running]> on host a7d76f00647b
[2024-06-30T21:03:42.864+0000] {taskinstance.py:2648} INFO - Exporting env vars: AIRFLOW_CTX_DAG_OWNER='airflow' AIRFLOW_CTX_DAG_ID='dag_northwind' AIRFLOW_CTX_TASK_ID='extract_postgres' AIRFLOW_CTX_EXECUTION_DATE='2024-02-03T00:00:00+00:00' AIRFLOW_CTX_TRY_NUMBER='1' AIRFLOW_CTX_DAG_RUN_ID='scheduled__2024-02-03T00:00:00+00:00'
[2024-06-30T21:03:42.865+0000] {taskinstance.py:430} INFO - ::endgroup::
[2024-06-30T21:03:42.892+0000] {subprocess.py:63} INFO - Tmp dir root location: /tmp
[2024-06-30T21:03:42.893+0000] {subprocess.py:75} INFO - Running command: ['/usr/bin/bash', '-c', 'meltano elt tap-postgres target-csv --job_id=extract_postgres_2024-02-03 && mkdir -p /data/postgres/2024-02-03 && mv /project/output/tap-postgres/*.csv /data/postgres/2024-02-03/']
[2024-06-30T21:03:42.903+0000] {subprocess.py:86} INFO - Output:
[2024-06-30T21:03:42.906+0000] {subprocess.py:93} INFO - /usr/bin/bash: line 1: meltano: command not found
[2024-06-30T21:03:42.907+0000] {subprocess.py:97} INFO - Command exited with return code 127
[2024-06-30T21:03:42.908+0000] {taskinstance.py:441} INFO - ::group::Post task execution logs
[2024-06-30T21:03:42.921+0000] {taskinstance.py:2905} ERROR - Task failed with exception
Traceback (most recent call last):
  File "/home/airflow/.local/lib/python3.12/site-packages/airflow/models/taskinstance.py", line 465, in _execute_task
    result = _execute_callable(context=context, **execute_callable_kwargs)
             ^^^^^^^^^^^^^^^^^^^^^^^^^^^^^^^^^^^^^^^^^^^^^^^^^^^^^^^^^^^^^
  File "/home/airflow/.local/lib/python3.12/site-packages/airflow/models/taskinstance.py", line 432, in _execute_callable
    return execute_callable(context=context, **execute_callable_kwargs)
           ^^^^^^^^^^^^^^^^^^^^^^^^^^^^^^^^^^^^^^^^^^^^^^^^^^^^^^^^^^^^
  File "/home/airflow/.local/lib/python3.12/site-packages/airflow/models/baseoperator.py", line 401, in wrapper
    return func(self, *args, **kwargs)
           ^^^^^^^^^^^^^^^^^^^^^^^^^^^
  File "/home/airflow/.local/lib/python3.12/site-packages/airflow/operators/bash.py", line 243, in execute
    raise AirflowException(
airflow.exceptions.AirflowException: Bash command failed. The command returned a non-zero exit code 127.
[2024-06-30T21:03:42.927+0000] {taskinstance.py:1206} INFO - Marking task as UP_FOR_RETRY. dag_id=dag_northwind, task_id=extract_postgres, run_id=scheduled__2024-02-03T00:00:00+00:00, execution_date=20240203T000000, start_date=20240630T210342, end_date=20240630T210342
[2024-06-30T21:03:42.957+0000] {standard_task_runner.py:110} ERROR - Failed to execute job 456 for task extract_postgres (Bash command failed. The command returned a non-zero exit code 127.; 929)
[2024-06-30T21:03:42.976+0000] {local_task_job_runner.py:240} INFO - Task exited with return code 1
[2024-06-30T21:03:43.025+0000] {taskinstance.py:3503} INFO - 0 downstream tasks scheduled from follow-on schedule check
[2024-06-30T21:03:43.028+0000] {local_task_job_runner.py:222} INFO - ::endgroup::
[2024-07-01T10:11:19.759+0000] {local_task_job_runner.py:120} INFO - ::group::Pre task execution logs
[2024-07-01T10:11:19.842+0000] {taskinstance.py:2076} INFO - Dependencies all met for dep_context=non-requeueable deps ti=<TaskInstance: dag_northwind.extract_postgres scheduled__2024-02-03T00:00:00+00:00 [queued]>
[2024-07-01T10:11:19.861+0000] {taskinstance.py:2076} INFO - Dependencies all met for dep_context=requeueable deps ti=<TaskInstance: dag_northwind.extract_postgres scheduled__2024-02-03T00:00:00+00:00 [queued]>
[2024-07-01T10:11:19.862+0000] {taskinstance.py:2306} INFO - Starting attempt 1 of 2
[2024-07-01T10:11:19.925+0000] {taskinstance.py:2330} INFO - Executing <Task(BashOperator): extract_postgres> on 2024-02-03 00:00:00+00:00
[2024-07-01T10:11:19.942+0000] {logging_mixin.py:188} WARNING - /home/airflow/.local/lib/python3.12/site-packages/airflow/task/task_runner/standard_task_runner.py:61 DeprecationWarning: This process (pid=5558) is multi-threaded, use of fork() may lead to deadlocks in the child.
[2024-07-01T10:11:19.944+0000] {standard_task_runner.py:63} INFO - Started process 5566 to run task
[2024-07-01T10:11:19.942+0000] {standard_task_runner.py:90} INFO - Running: ['airflow', 'tasks', 'run', 'dag_northwind', 'extract_postgres', 'scheduled__2024-02-03T00:00:00+00:00', '--job-id', '1005', '--raw', '--subdir', 'DAGS_FOLDER/dag_northwind.py', '--cfg-path', '/tmp/tmpqkyi69pp']
[2024-07-01T10:11:19.946+0000] {standard_task_runner.py:91} INFO - Job 1005: Subtask extract_postgres
[2024-07-01T10:11:20.049+0000] {task_command.py:426} INFO - Running <TaskInstance: dag_northwind.extract_postgres scheduled__2024-02-03T00:00:00+00:00 [running]> on host 85c6ea7cd9cf
[2024-07-01T10:11:20.250+0000] {taskinstance.py:2648} INFO - Exporting env vars: AIRFLOW_CTX_DAG_OWNER='airflow' AIRFLOW_CTX_DAG_ID='dag_northwind' AIRFLOW_CTX_TASK_ID='extract_postgres' AIRFLOW_CTX_EXECUTION_DATE='2024-02-03T00:00:00+00:00' AIRFLOW_CTX_TRY_NUMBER='1' AIRFLOW_CTX_DAG_RUN_ID='scheduled__2024-02-03T00:00:00+00:00'
[2024-07-01T10:11:20.255+0000] {taskinstance.py:430} INFO - ::endgroup::
[2024-07-01T10:11:20.295+0000] {subprocess.py:63} INFO - Tmp dir root location: /tmp
[2024-07-01T10:11:20.297+0000] {subprocess.py:75} INFO - Running command: ['/usr/bin/bash', '-c', 'meltano elt tap-postgres target-csv --job_id=extract_postgres_2024-02-03 && mkdir -p /data/postgres/2024-02-03 && mv /project/output/tap-postgres/*.csv /data/postgres/2024-02-03/']
[2024-07-01T10:11:20.324+0000] {subprocess.py:86} INFO - Output:
[2024-07-01T10:11:20.326+0000] {subprocess.py:93} INFO - /usr/bin/bash: line 1: meltano: command not found
[2024-07-01T10:11:20.327+0000] {subprocess.py:97} INFO - Command exited with return code 127
[2024-07-01T10:11:20.330+0000] {taskinstance.py:441} INFO - ::group::Post task execution logs
[2024-07-01T10:11:20.359+0000] {taskinstance.py:2905} ERROR - Task failed with exception
Traceback (most recent call last):
  File "/home/airflow/.local/lib/python3.12/site-packages/airflow/models/taskinstance.py", line 465, in _execute_task
    result = _execute_callable(context=context, **execute_callable_kwargs)
             ^^^^^^^^^^^^^^^^^^^^^^^^^^^^^^^^^^^^^^^^^^^^^^^^^^^^^^^^^^^^^
  File "/home/airflow/.local/lib/python3.12/site-packages/airflow/models/taskinstance.py", line 432, in _execute_callable
    return execute_callable(context=context, **execute_callable_kwargs)
           ^^^^^^^^^^^^^^^^^^^^^^^^^^^^^^^^^^^^^^^^^^^^^^^^^^^^^^^^^^^^
  File "/home/airflow/.local/lib/python3.12/site-packages/airflow/models/baseoperator.py", line 401, in wrapper
    return func(self, *args, **kwargs)
           ^^^^^^^^^^^^^^^^^^^^^^^^^^^
  File "/home/airflow/.local/lib/python3.12/site-packages/airflow/operators/bash.py", line 243, in execute
    raise AirflowException(
airflow.exceptions.AirflowException: Bash command failed. The command returned a non-zero exit code 127.
[2024-07-01T10:11:20.368+0000] {taskinstance.py:1206} INFO - Marking task as UP_FOR_RETRY. dag_id=dag_northwind, task_id=extract_postgres, run_id=scheduled__2024-02-03T00:00:00+00:00, execution_date=20240203T000000, start_date=20240701T101119, end_date=20240701T101120
[2024-07-01T10:11:20.408+0000] {standard_task_runner.py:110} ERROR - Failed to execute job 1005 for task extract_postgres (Bash command failed. The command returned a non-zero exit code 127.; 5566)
[2024-07-01T10:11:20.450+0000] {local_task_job_runner.py:240} INFO - Task exited with return code 1
[2024-07-01T10:11:20.477+0000] {local_task_job_runner.py:222} INFO - ::endgroup::
