[2024-07-01T01:20:29.758+0000] {local_task_job_runner.py:120} INFO - ::group::Pre task execution logs
[2024-07-01T01:20:29.850+0000] {taskinstance.py:2076} INFO - Dependencies all met for dep_context=non-requeueable deps ti=<TaskInstance: dag_northwind.extract_csv scheduled__2024-03-09T00:00:00+00:00 [queued]>
[2024-07-01T01:20:29.872+0000] {taskinstance.py:2076} INFO - Dependencies all met for dep_context=requeueable deps ti=<TaskInstance: dag_northwind.extract_csv scheduled__2024-03-09T00:00:00+00:00 [queued]>
[2024-07-01T01:20:29.873+0000] {taskinstance.py:2306} INFO - Starting attempt 1 of 2
[2024-07-01T01:20:29.911+0000] {taskinstance.py:2330} INFO - Executing <Task(BashOperator): extract_csv> on 2024-03-09 00:00:00+00:00
[2024-07-01T01:20:29.924+0000] {logging_mixin.py:188} WARNING - /home/airflow/.local/lib/python3.12/site-packages/airflow/task/task_runner/standard_task_runner.py:61 DeprecationWarning: This process (pid=595) is multi-threaded, use of fork() may lead to deadlocks in the child.
[2024-07-01T01:20:29.929+0000] {standard_task_runner.py:63} INFO - Started process 613 to run task
[2024-07-01T01:20:29.930+0000] {standard_task_runner.py:90} INFO - Running: ['airflow', 'tasks', 'run', 'dag_northwind', 'extract_csv', 'scheduled__2024-03-09T00:00:00+00:00', '--job-id', '594', '--raw', '--subdir', 'DAGS_FOLDER/dag_northwind.py', '--cfg-path', '/tmp/tmp5v9fr4xe']
[2024-07-01T01:20:29.933+0000] {standard_task_runner.py:91} INFO - Job 594: Subtask extract_csv
[2024-07-01T01:20:30.038+0000] {task_command.py:426} INFO - Running <TaskInstance: dag_northwind.extract_csv scheduled__2024-03-09T00:00:00+00:00 [running]> on host 05d913303710
[2024-07-01T01:20:30.250+0000] {taskinstance.py:2648} INFO - Exporting env vars: AIRFLOW_CTX_DAG_OWNER='airflow' AIRFLOW_CTX_DAG_ID='dag_northwind' AIRFLOW_CTX_TASK_ID='extract_csv' AIRFLOW_CTX_EXECUTION_DATE='2024-03-09T00:00:00+00:00' AIRFLOW_CTX_TRY_NUMBER='1' AIRFLOW_CTX_DAG_RUN_ID='scheduled__2024-03-09T00:00:00+00:00'
[2024-07-01T01:20:30.253+0000] {taskinstance.py:430} INFO - ::endgroup::
[2024-07-01T01:20:30.288+0000] {subprocess.py:63} INFO - Tmp dir root location: /tmp
[2024-07-01T01:20:30.290+0000] {subprocess.py:75} INFO - Running command: ['/usr/bin/bash', '-c', 'meltano elt tap-csv target-csv --job_id=extract_csv_2024-03-09 && mkdir -p /data/csv/2024-03-09 && mv /project/output/tap-csv/*.csv /data/csv/2024-03-09/']
[2024-07-01T01:20:30.309+0000] {subprocess.py:86} INFO - Output:
[2024-07-01T01:20:30.313+0000] {subprocess.py:93} INFO - /usr/bin/bash: line 1: meltano: command not found
[2024-07-01T01:20:30.314+0000] {subprocess.py:97} INFO - Command exited with return code 127
[2024-07-01T01:20:30.316+0000] {taskinstance.py:441} INFO - ::group::Post task execution logs
[2024-07-01T01:20:30.340+0000] {taskinstance.py:2905} ERROR - Task failed with exception
Traceback (most recent call last):
  File "/home/airflow/.local/lib/python3.12/site-packages/airflow/models/taskinstance.py", line 465, in _execute_task
    result = _execute_callable(context=context, **execute_callable_kwargs)
             ^^^^^^^^^^^^^^^^^^^^^^^^^^^^^^^^^^^^^^^^^^^^^^^^^^^^^^^^^^^^^
  File "/home/airflow/.local/lib/python3.12/site-packages/airflow/models/taskinstance.py", line 432, in _execute_callable
    return execute_callable(context=context, **execute_callable_kwargs)
           ^^^^^^^^^^^^^^^^^^^^^^^^^^^^^^^^^^^^^^^^^^^^^^^^^^^^^^^^^^^^
  File "/home/airflow/.local/lib/python3.12/site-packages/airflow/models/baseoperator.py", line 401, in wrapper
    return func(self, *args, **kwargs)
           ^^^^^^^^^^^^^^^^^^^^^^^^^^^
  File "/home/airflow/.local/lib/python3.12/site-packages/airflow/operators/bash.py", line 243, in execute
    raise AirflowException(
airflow.exceptions.AirflowException: Bash command failed. The command returned a non-zero exit code 127.
[2024-07-01T01:20:30.353+0000] {taskinstance.py:1206} INFO - Marking task as UP_FOR_RETRY. dag_id=dag_northwind, task_id=extract_csv, run_id=scheduled__2024-03-09T00:00:00+00:00, execution_date=20240309T000000, start_date=20240701T012029, end_date=20240701T012030
[2024-07-01T01:20:30.387+0000] {standard_task_runner.py:110} ERROR - Failed to execute job 594 for task extract_csv (Bash command failed. The command returned a non-zero exit code 127.; 613)
[2024-07-01T01:20:30.426+0000] {local_task_job_runner.py:240} INFO - Task exited with return code 1
[2024-07-01T01:20:30.443+0000] {local_task_job_runner.py:222} INFO - ::endgroup::
[2024-07-01T10:21:36.679+0000] {local_task_job_runner.py:120} INFO - ::group::Pre task execution logs
[2024-07-01T10:21:36.760+0000] {taskinstance.py:2076} INFO - Dependencies all met for dep_context=non-requeueable deps ti=<TaskInstance: dag_northwind.extract_csv scheduled__2024-03-09T00:00:00+00:00 [queued]>
[2024-07-01T10:21:36.780+0000] {taskinstance.py:2076} INFO - Dependencies all met for dep_context=requeueable deps ti=<TaskInstance: dag_northwind.extract_csv scheduled__2024-03-09T00:00:00+00:00 [queued]>
[2024-07-01T10:21:36.781+0000] {taskinstance.py:2306} INFO - Starting attempt 1 of 2
[2024-07-01T10:21:36.823+0000] {taskinstance.py:2330} INFO - Executing <Task(BashOperator): extract_csv> on 2024-03-09 00:00:00+00:00
[2024-07-01T10:21:36.836+0000] {logging_mixin.py:188} WARNING - /home/airflow/.local/lib/python3.12/site-packages/airflow/task/task_runner/standard_task_runner.py:61 DeprecationWarning: This process (pid=6179) is multi-threaded, use of fork() may lead to deadlocks in the child.
[2024-07-01T10:21:36.842+0000] {standard_task_runner.py:63} INFO - Started process 6199 to run task
[2024-07-01T10:21:36.843+0000] {standard_task_runner.py:90} INFO - Running: ['airflow', 'tasks', 'run', 'dag_northwind', 'extract_csv', 'scheduled__2024-03-09T00:00:00+00:00', '--job-id', '1140', '--raw', '--subdir', 'DAGS_FOLDER/dag_northwind.py', '--cfg-path', '/tmp/tmpjl7the5r']
[2024-07-01T10:21:36.847+0000] {standard_task_runner.py:91} INFO - Job 1140: Subtask extract_csv
[2024-07-01T10:21:36.954+0000] {task_command.py:426} INFO - Running <TaskInstance: dag_northwind.extract_csv scheduled__2024-03-09T00:00:00+00:00 [running]> on host 85c6ea7cd9cf
[2024-07-01T10:21:37.159+0000] {taskinstance.py:2648} INFO - Exporting env vars: AIRFLOW_CTX_DAG_OWNER='airflow' AIRFLOW_CTX_DAG_ID='dag_northwind' AIRFLOW_CTX_TASK_ID='extract_csv' AIRFLOW_CTX_EXECUTION_DATE='2024-03-09T00:00:00+00:00' AIRFLOW_CTX_TRY_NUMBER='1' AIRFLOW_CTX_DAG_RUN_ID='scheduled__2024-03-09T00:00:00+00:00'
[2024-07-01T10:21:37.161+0000] {taskinstance.py:430} INFO - ::endgroup::
[2024-07-01T10:21:37.197+0000] {subprocess.py:63} INFO - Tmp dir root location: /tmp
[2024-07-01T10:21:37.199+0000] {subprocess.py:75} INFO - Running command: ['/usr/bin/bash', '-c', 'meltano elt tap-csv target-csv --job_id=extract_csv_2024-03-09 && mkdir -p /data/csv/2024-03-09 && mv /project/output/tap-csv/*.csv /data/csv/2024-03-09/']
[2024-07-01T10:21:37.223+0000] {subprocess.py:86} INFO - Output:
[2024-07-01T10:21:37.227+0000] {subprocess.py:93} INFO - /usr/bin/bash: line 1: meltano: command not found
[2024-07-01T10:21:37.229+0000] {subprocess.py:97} INFO - Command exited with return code 127
[2024-07-01T10:21:37.230+0000] {taskinstance.py:441} INFO - ::group::Post task execution logs
[2024-07-01T10:21:37.248+0000] {taskinstance.py:2905} ERROR - Task failed with exception
Traceback (most recent call last):
  File "/home/airflow/.local/lib/python3.12/site-packages/airflow/models/taskinstance.py", line 465, in _execute_task
    result = _execute_callable(context=context, **execute_callable_kwargs)
             ^^^^^^^^^^^^^^^^^^^^^^^^^^^^^^^^^^^^^^^^^^^^^^^^^^^^^^^^^^^^^
  File "/home/airflow/.local/lib/python3.12/site-packages/airflow/models/taskinstance.py", line 432, in _execute_callable
    return execute_callable(context=context, **execute_callable_kwargs)
           ^^^^^^^^^^^^^^^^^^^^^^^^^^^^^^^^^^^^^^^^^^^^^^^^^^^^^^^^^^^^
  File "/home/airflow/.local/lib/python3.12/site-packages/airflow/models/baseoperator.py", line 401, in wrapper
    return func(self, *args, **kwargs)
           ^^^^^^^^^^^^^^^^^^^^^^^^^^^
  File "/home/airflow/.local/lib/python3.12/site-packages/airflow/operators/bash.py", line 243, in execute
    raise AirflowException(
airflow.exceptions.AirflowException: Bash command failed. The command returned a non-zero exit code 127.
[2024-07-01T10:21:37.257+0000] {taskinstance.py:1206} INFO - Marking task as UP_FOR_RETRY. dag_id=dag_northwind, task_id=extract_csv, run_id=scheduled__2024-03-09T00:00:00+00:00, execution_date=20240309T000000, start_date=20240701T102136, end_date=20240701T102137
[2024-07-01T10:21:37.369+0000] {standard_task_runner.py:110} ERROR - Failed to execute job 1140 for task extract_csv (Bash command failed. The command returned a non-zero exit code 127.; 6199)
[2024-07-01T10:21:37.385+0000] {local_task_job_runner.py:240} INFO - Task exited with return code 1
[2024-07-01T10:21:37.441+0000] {taskinstance.py:3503} INFO - 0 downstream tasks scheduled from follow-on schedule check
[2024-07-01T10:21:37.444+0000] {local_task_job_runner.py:222} INFO - ::endgroup::
