[2024-07-14T15:40:34.812+0000] {local_task_job_runner.py:120} INFO - ::group::Pre task execution logs
[2024-07-14T15:40:34.896+0000] {taskinstance.py:2076} INFO - Dependencies all met for dep_context=non-requeueable deps ti=<TaskInstance: dag_pipeline_northwind.extract_postgres_shippers scheduled__2024-07-13T00:00:00+00:00 [queued]>
[2024-07-14T15:40:34.916+0000] {taskinstance.py:2076} INFO - Dependencies all met for dep_context=requeueable deps ti=<TaskInstance: dag_pipeline_northwind.extract_postgres_shippers scheduled__2024-07-13T00:00:00+00:00 [queued]>
[2024-07-14T15:40:34.917+0000] {taskinstance.py:2306} INFO - Starting attempt 2 of 2
[2024-07-14T15:40:34.951+0000] {taskinstance.py:2330} INFO - Executing <Task(PythonOperator): extract_postgres_shippers> on 2024-07-13 00:00:00+00:00
[2024-07-14T15:40:34.968+0000] {standard_task_runner.py:90} INFO - Running: ['airflow', 'tasks', 'run', 'dag_pipeline_northwind', 'extract_postgres_shippers', 'scheduled__2024-07-13T00:00:00+00:00', '--job-id', '5667', '--raw', '--subdir', 'DAGS_FOLDER/dag_pipeline_northwind.py', '--cfg-path', '/tmp/tmpx8wb9yio']
[2024-07-14T15:40:34.972+0000] {standard_task_runner.py:91} INFO - Job 5667: Subtask extract_postgres_shippers
[2024-07-14T15:40:34.975+0000] {logging_mixin.py:188} WARNING - /home/airflow/.local/lib/python3.12/site-packages/airflow/task/task_runner/standard_task_runner.py:61 DeprecationWarning: This process (pid=265) is multi-threaded, use of fork() may lead to deadlocks in the child.
[2024-07-14T15:40:34.976+0000] {standard_task_runner.py:63} INFO - Started process 281 to run task
[2024-07-14T15:40:35.105+0000] {task_command.py:426} INFO - Running <TaskInstance: dag_pipeline_northwind.extract_postgres_shippers scheduled__2024-07-13T00:00:00+00:00 [running]> on host 5ef7300ef9b1
[2024-07-14T15:40:36.122+0000] {taskinstance.py:2648} INFO - Exporting env vars: AIRFLOW_CTX_DAG_OWNER='airflow' AIRFLOW_CTX_DAG_ID='dag_pipeline_northwind' AIRFLOW_CTX_TASK_ID='extract_postgres_shippers' AIRFLOW_CTX_EXECUTION_DATE='2024-07-13T00:00:00+00:00' AIRFLOW_CTX_TRY_NUMBER='2' AIRFLOW_CTX_DAG_RUN_ID='scheduled__2024-07-13T00:00:00+00:00'
[2024-07-14T15:40:36.126+0000] {taskinstance.py:430} INFO - ::endgroup::
[2024-07-14T15:40:36.232+0000] {logging_mixin.py:188} INFO - Running command: meltano elt tap-postgres target-csv --transform=run --job_id=extract_postgres_shippers_2024-07-13
[2024-07-14T15:40:36.236+0000] {logging_mixin.py:188} INFO - Command failed with error: Command 'meltano elt tap-postgres target-csv --transform=run --job_id=extract_postgres_shippers_2024-07-13' returned non-zero exit status 127.
[2024-07-14T15:40:36.237+0000] {taskinstance.py:441} INFO - ::group::Post task execution logs
[2024-07-14T15:40:36.238+0000] {taskinstance.py:2905} ERROR - Task failed with exception
Traceback (most recent call last):
  File "/home/airflow/.local/lib/python3.12/site-packages/airflow/models/taskinstance.py", line 465, in _execute_task
    result = _execute_callable(context=context, **execute_callable_kwargs)
             ^^^^^^^^^^^^^^^^^^^^^^^^^^^^^^^^^^^^^^^^^^^^^^^^^^^^^^^^^^^^^
  File "/home/airflow/.local/lib/python3.12/site-packages/airflow/models/taskinstance.py", line 432, in _execute_callable
    return execute_callable(context=context, **execute_callable_kwargs)
           ^^^^^^^^^^^^^^^^^^^^^^^^^^^^^^^^^^^^^^^^^^^^^^^^^^^^^^^^^^^^
  File "/home/airflow/.local/lib/python3.12/site-packages/airflow/models/baseoperator.py", line 401, in wrapper
    return func(self, *args, **kwargs)
           ^^^^^^^^^^^^^^^^^^^^^^^^^^^
  File "/home/airflow/.local/lib/python3.12/site-packages/airflow/operators/python.py", line 235, in execute
    return_value = self.execute_callable()
                   ^^^^^^^^^^^^^^^^^^^^^^^
  File "/home/airflow/.local/lib/python3.12/site-packages/airflow/operators/python.py", line 252, in execute_callable
    return self.python_callable(*self.op_args, **self.op_kwargs)
           ^^^^^^^^^^^^^^^^^^^^^^^^^^^^^^^^^^^^^^^^^^^^^^^^^^^^^
  File "/opt/airflow/dags/dag_pipeline_northwind.py", line 40, in extract_postgres_table
    result = subprocess.run(extract_command, shell=True, check=True, capture_output=True, text=True)
             ^^^^^^^^^^^^^^^^^^^^^^^^^^^^^^^^^^^^^^^^^^^^^^^^^^^^^^^^^^^^^^^^^^^^^^^^^^^^^^^^^^^^^^^
  File "/usr/local/lib/python3.12/subprocess.py", line 571, in run
    raise CalledProcessError(retcode, process.args,
subprocess.CalledProcessError: Command 'meltano elt tap-postgres target-csv --transform=run --job_id=extract_postgres_shippers_2024-07-13' returned non-zero exit status 127.
[2024-07-14T15:40:36.263+0000] {taskinstance.py:1206} INFO - Marking task as FAILED. dag_id=dag_pipeline_northwind, task_id=extract_postgres_shippers, run_id=scheduled__2024-07-13T00:00:00+00:00, execution_date=20240713T000000, start_date=20240714T154034, end_date=20240714T154036
[2024-07-14T15:40:36.813+0000] {standard_task_runner.py:110} ERROR - Failed to execute job 5667 for task extract_postgres_shippers (Command 'meltano elt tap-postgres target-csv --transform=run --job_id=extract_postgres_shippers_2024-07-13' returned non-zero exit status 127.; 281)
[2024-07-14T15:40:36.853+0000] {local_task_job_runner.py:240} INFO - Task exited with return code 1
[2024-07-14T15:40:36.874+0000] {local_task_job_runner.py:222} INFO - ::endgroup::
[2024-07-14T21:53:03.844+0000] {local_task_job_runner.py:120} INFO - ::group::Pre task execution logs
[2024-07-14T21:53:03.997+0000] {taskinstance.py:2076} INFO - Dependencies all met for dep_context=non-requeueable deps ti=<TaskInstance: dag_pipeline_northwind.extract_postgres_shippers scheduled__2024-07-13T00:00:00+00:00 [queued]>
[2024-07-14T21:53:04.059+0000] {taskinstance.py:2076} INFO - Dependencies all met for dep_context=requeueable deps ti=<TaskInstance: dag_pipeline_northwind.extract_postgres_shippers scheduled__2024-07-13T00:00:00+00:00 [queued]>
[2024-07-14T21:53:04.060+0000] {taskinstance.py:2306} INFO - Starting attempt 2 of 2
[2024-07-14T21:53:04.123+0000] {taskinstance.py:2330} INFO - Executing <Task(PythonOperator): extract_postgres_shippers> on 2024-07-13 00:00:00+00:00
[2024-07-14T21:53:04.143+0000] {standard_task_runner.py:90} INFO - Running: ['airflow', 'tasks', 'run', 'dag_pipeline_northwind', 'extract_postgres_shippers', 'scheduled__2024-07-13T00:00:00+00:00', '--job-id', '5805', '--raw', '--subdir', 'DAGS_FOLDER/dag_pipeline_northwind.py', '--cfg-path', '/tmp/tmpqlnsqkpq']
[2024-07-14T21:53:04.148+0000] {standard_task_runner.py:91} INFO - Job 5805: Subtask extract_postgres_shippers
[2024-07-14T21:53:04.156+0000] {logging_mixin.py:188} WARNING - /home/airflow/.local/lib/python3.12/site-packages/airflow/task/task_runner/standard_task_runner.py:61 DeprecationWarning: This process (pid=598) is multi-threaded, use of fork() may lead to deadlocks in the child.
[2024-07-14T21:53:04.158+0000] {standard_task_runner.py:63} INFO - Started process 613 to run task
[2024-07-14T21:53:04.356+0000] {task_command.py:426} INFO - Running <TaskInstance: dag_pipeline_northwind.extract_postgres_shippers scheduled__2024-07-13T00:00:00+00:00 [running]> on host ee4b7f7f7c3e
[2024-07-14T21:53:04.650+0000] {taskinstance.py:2648} INFO - Exporting env vars: AIRFLOW_CTX_DAG_OWNER='airflow' AIRFLOW_CTX_DAG_ID='dag_pipeline_northwind' AIRFLOW_CTX_TASK_ID='extract_postgres_shippers' AIRFLOW_CTX_EXECUTION_DATE='2024-07-13T00:00:00+00:00' AIRFLOW_CTX_TRY_NUMBER='2' AIRFLOW_CTX_DAG_RUN_ID='scheduled__2024-07-13T00:00:00+00:00'
[2024-07-14T21:53:04.655+0000] {taskinstance.py:430} INFO - ::endgroup::
[2024-07-14T21:53:04.693+0000] {logging_mixin.py:188} INFO - Running command: meltano elt tap-postgres target-csv --transform=run --job_id=extract_postgres_shippers_2024-07-13
[2024-07-14T21:53:04.700+0000] {logging_mixin.py:188} INFO - Command failed with error: Command 'meltano elt tap-postgres target-csv --transform=run --job_id=extract_postgres_shippers_2024-07-13' returned non-zero exit status 127.
[2024-07-14T21:53:04.701+0000] {taskinstance.py:441} INFO - ::group::Post task execution logs
[2024-07-14T21:53:04.704+0000] {taskinstance.py:2905} ERROR - Task failed with exception
Traceback (most recent call last):
  File "/home/airflow/.local/lib/python3.12/site-packages/airflow/models/taskinstance.py", line 465, in _execute_task
    result = _execute_callable(context=context, **execute_callable_kwargs)
             ^^^^^^^^^^^^^^^^^^^^^^^^^^^^^^^^^^^^^^^^^^^^^^^^^^^^^^^^^^^^^
  File "/home/airflow/.local/lib/python3.12/site-packages/airflow/models/taskinstance.py", line 432, in _execute_callable
    return execute_callable(context=context, **execute_callable_kwargs)
           ^^^^^^^^^^^^^^^^^^^^^^^^^^^^^^^^^^^^^^^^^^^^^^^^^^^^^^^^^^^^
  File "/home/airflow/.local/lib/python3.12/site-packages/airflow/models/baseoperator.py", line 401, in wrapper
    return func(self, *args, **kwargs)
           ^^^^^^^^^^^^^^^^^^^^^^^^^^^
  File "/home/airflow/.local/lib/python3.12/site-packages/airflow/operators/python.py", line 235, in execute
    return_value = self.execute_callable()
                   ^^^^^^^^^^^^^^^^^^^^^^^
  File "/home/airflow/.local/lib/python3.12/site-packages/airflow/operators/python.py", line 252, in execute_callable
    return self.python_callable(*self.op_args, **self.op_kwargs)
           ^^^^^^^^^^^^^^^^^^^^^^^^^^^^^^^^^^^^^^^^^^^^^^^^^^^^^
  File "/opt/airflow/dags/dag_pipeline_northwind.py", line 40, in extract_postgres_table
    result = subprocess.run(extract_command, shell=True, check=True, capture_output=True, text=True)
             ^^^^^^^^^^^^^^^^^^^^^^^^^^^^^^^^^^^^^^^^^^^^^^^^^^^^^^^^^^^^^^^^^^^^^^^^^^^^^^^^^^^^^^^
  File "/usr/local/lib/python3.12/subprocess.py", line 571, in run
    raise CalledProcessError(retcode, process.args,
subprocess.CalledProcessError: Command 'meltano elt tap-postgres target-csv --transform=run --job_id=extract_postgres_shippers_2024-07-13' returned non-zero exit status 127.
[2024-07-14T21:53:04.760+0000] {taskinstance.py:1206} INFO - Marking task as FAILED. dag_id=dag_pipeline_northwind, task_id=extract_postgres_shippers, run_id=scheduled__2024-07-13T00:00:00+00:00, execution_date=20240713T000000, start_date=20240714T215304, end_date=20240714T215304
[2024-07-14T21:53:04.806+0000] {standard_task_runner.py:110} ERROR - Failed to execute job 5805 for task extract_postgres_shippers (Command 'meltano elt tap-postgres target-csv --transform=run --job_id=extract_postgres_shippers_2024-07-13' returned non-zero exit status 127.; 613)
[2024-07-14T21:53:04.839+0000] {local_task_job_runner.py:240} INFO - Task exited with return code 1
[2024-07-14T21:53:04.959+0000] {taskinstance.py:3503} INFO - 0 downstream tasks scheduled from follow-on schedule check
[2024-07-14T21:53:04.971+0000] {local_task_job_runner.py:222} INFO - ::endgroup::
