[2024-07-01T01:25:41.476+0000] {local_task_job_runner.py:120} INFO - ::group::Pre task execution logs
[2024-07-01T01:25:41.564+0000] {taskinstance.py:2076} INFO - Dependencies all met for dep_context=non-requeueable deps ti=<TaskInstance: dag_northwind.extract_csv scheduled__2024-03-28T00:00:00+00:00 [queued]>
[2024-07-01T01:25:41.584+0000] {taskinstance.py:2076} INFO - Dependencies all met for dep_context=requeueable deps ti=<TaskInstance: dag_northwind.extract_csv scheduled__2024-03-28T00:00:00+00:00 [queued]>
[2024-07-01T01:25:41.586+0000] {taskinstance.py:2306} INFO - Starting attempt 1 of 2
[2024-07-01T01:25:41.670+0000] {taskinstance.py:2330} INFO - Executing <Task(BashOperator): extract_csv> on 2024-03-28 00:00:00+00:00
[2024-07-01T01:25:41.687+0000] {logging_mixin.py:188} WARNING - /home/airflow/.local/lib/python3.12/site-packages/airflow/task/task_runner/standard_task_runner.py:61 DeprecationWarning: This process (pid=925) is multi-threaded, use of fork() may lead to deadlocks in the child.
[2024-07-01T01:25:41.684+0000] {standard_task_runner.py:90} INFO - Running: ['airflow', 'tasks', 'run', 'dag_northwind', 'extract_csv', 'scheduled__2024-03-28T00:00:00+00:00', '--job-id', '663', '--raw', '--subdir', 'DAGS_FOLDER/dag_northwind.py', '--cfg-path', '/tmp/tmps0nsrdpm']
[2024-07-01T01:25:41.690+0000] {standard_task_runner.py:63} INFO - Started process 945 to run task
[2024-07-01T01:25:41.693+0000] {standard_task_runner.py:91} INFO - Job 663: Subtask extract_csv
[2024-07-01T01:25:41.834+0000] {task_command.py:426} INFO - Running <TaskInstance: dag_northwind.extract_csv scheduled__2024-03-28T00:00:00+00:00 [running]> on host 05d913303710
[2024-07-01T01:25:41.998+0000] {taskinstance.py:2648} INFO - Exporting env vars: AIRFLOW_CTX_DAG_OWNER='airflow' AIRFLOW_CTX_DAG_ID='dag_northwind' AIRFLOW_CTX_TASK_ID='extract_csv' AIRFLOW_CTX_EXECUTION_DATE='2024-03-28T00:00:00+00:00' AIRFLOW_CTX_TRY_NUMBER='1' AIRFLOW_CTX_DAG_RUN_ID='scheduled__2024-03-28T00:00:00+00:00'
[2024-07-01T01:25:42.000+0000] {taskinstance.py:430} INFO - ::endgroup::
[2024-07-01T01:25:42.042+0000] {subprocess.py:63} INFO - Tmp dir root location: /tmp
[2024-07-01T01:25:42.046+0000] {subprocess.py:75} INFO - Running command: ['/usr/bin/bash', '-c', 'meltano elt tap-csv target-csv --job_id=extract_csv_2024-03-28 && mkdir -p /data/csv/2024-03-28 && mv /project/output/tap-csv/*.csv /data/csv/2024-03-28/']
[2024-07-01T01:25:42.072+0000] {subprocess.py:86} INFO - Output:
[2024-07-01T01:25:42.079+0000] {subprocess.py:93} INFO - /usr/bin/bash: line 1: meltano: command not found
[2024-07-01T01:25:42.081+0000] {subprocess.py:97} INFO - Command exited with return code 127
[2024-07-01T01:25:42.082+0000] {taskinstance.py:441} INFO - ::group::Post task execution logs
[2024-07-01T01:25:42.108+0000] {taskinstance.py:2905} ERROR - Task failed with exception
Traceback (most recent call last):
  File "/home/airflow/.local/lib/python3.12/site-packages/airflow/models/taskinstance.py", line 465, in _execute_task
    result = _execute_callable(context=context, **execute_callable_kwargs)
             ^^^^^^^^^^^^^^^^^^^^^^^^^^^^^^^^^^^^^^^^^^^^^^^^^^^^^^^^^^^^^
  File "/home/airflow/.local/lib/python3.12/site-packages/airflow/models/taskinstance.py", line 432, in _execute_callable
    return execute_callable(context=context, **execute_callable_kwargs)
           ^^^^^^^^^^^^^^^^^^^^^^^^^^^^^^^^^^^^^^^^^^^^^^^^^^^^^^^^^^^^
  File "/home/airflow/.local/lib/python3.12/site-packages/airflow/models/baseoperator.py", line 401, in wrapper
    return func(self, *args, **kwargs)
           ^^^^^^^^^^^^^^^^^^^^^^^^^^^
  File "/home/airflow/.local/lib/python3.12/site-packages/airflow/operators/bash.py", line 243, in execute
    raise AirflowException(
airflow.exceptions.AirflowException: Bash command failed. The command returned a non-zero exit code 127.
[2024-07-01T01:25:42.121+0000] {taskinstance.py:1206} INFO - Marking task as UP_FOR_RETRY. dag_id=dag_northwind, task_id=extract_csv, run_id=scheduled__2024-03-28T00:00:00+00:00, execution_date=20240328T000000, start_date=20240701T012541, end_date=20240701T012542
[2024-07-01T01:25:42.310+0000] {standard_task_runner.py:110} ERROR - Failed to execute job 663 for task extract_csv (Bash command failed. The command returned a non-zero exit code 127.; 945)
[2024-07-01T01:25:42.355+0000] {local_task_job_runner.py:240} INFO - Task exited with return code 1
[2024-07-01T01:25:42.426+0000] {taskinstance.py:3503} INFO - 0 downstream tasks scheduled from follow-on schedule check
[2024-07-01T01:25:42.431+0000] {local_task_job_runner.py:222} INFO - ::endgroup::
[2024-07-01T10:26:44.644+0000] {local_task_job_runner.py:120} INFO - ::group::Pre task execution logs
[2024-07-01T10:26:44.726+0000] {taskinstance.py:2076} INFO - Dependencies all met for dep_context=non-requeueable deps ti=<TaskInstance: dag_northwind.extract_csv scheduled__2024-03-28T00:00:00+00:00 [queued]>
[2024-07-01T10:26:44.740+0000] {taskinstance.py:2076} INFO - Dependencies all met for dep_context=requeueable deps ti=<TaskInstance: dag_northwind.extract_csv scheduled__2024-03-28T00:00:00+00:00 [queued]>
[2024-07-01T10:26:44.741+0000] {taskinstance.py:2306} INFO - Starting attempt 1 of 2
[2024-07-01T10:26:44.852+0000] {taskinstance.py:2330} INFO - Executing <Task(BashOperator): extract_csv> on 2024-03-28 00:00:00+00:00
[2024-07-01T10:26:44.868+0000] {logging_mixin.py:188} WARNING - /home/airflow/.local/lib/python3.12/site-packages/airflow/task/task_runner/standard_task_runner.py:61 DeprecationWarning: This process (pid=6521) is multi-threaded, use of fork() may lead to deadlocks in the child.
[2024-07-01T10:26:44.870+0000] {standard_task_runner.py:63} INFO - Started process 6535 to run task
[2024-07-01T10:26:44.868+0000] {standard_task_runner.py:90} INFO - Running: ['airflow', 'tasks', 'run', 'dag_northwind', 'extract_csv', 'scheduled__2024-03-28T00:00:00+00:00', '--job-id', '1210', '--raw', '--subdir', 'DAGS_FOLDER/dag_northwind.py', '--cfg-path', '/tmp/tmp5z2s5bnp']
[2024-07-01T10:26:44.873+0000] {standard_task_runner.py:91} INFO - Job 1210: Subtask extract_csv
[2024-07-01T10:26:44.973+0000] {task_command.py:426} INFO - Running <TaskInstance: dag_northwind.extract_csv scheduled__2024-03-28T00:00:00+00:00 [running]> on host 85c6ea7cd9cf
[2024-07-01T10:26:45.112+0000] {taskinstance.py:2648} INFO - Exporting env vars: AIRFLOW_CTX_DAG_OWNER='airflow' AIRFLOW_CTX_DAG_ID='dag_northwind' AIRFLOW_CTX_TASK_ID='extract_csv' AIRFLOW_CTX_EXECUTION_DATE='2024-03-28T00:00:00+00:00' AIRFLOW_CTX_TRY_NUMBER='1' AIRFLOW_CTX_DAG_RUN_ID='scheduled__2024-03-28T00:00:00+00:00'
[2024-07-01T10:26:45.114+0000] {taskinstance.py:430} INFO - ::endgroup::
[2024-07-01T10:26:45.151+0000] {subprocess.py:63} INFO - Tmp dir root location: /tmp
[2024-07-01T10:26:45.153+0000] {subprocess.py:75} INFO - Running command: ['/usr/bin/bash', '-c', 'meltano elt tap-csv target-csv --job_id=extract_csv_2024-03-28 && mkdir -p /data/csv/2024-03-28 && mv /project/output/tap-csv/*.csv /data/csv/2024-03-28/']
[2024-07-01T10:26:45.172+0000] {subprocess.py:86} INFO - Output:
[2024-07-01T10:26:45.177+0000] {subprocess.py:93} INFO - /usr/bin/bash: line 1: meltano: command not found
[2024-07-01T10:26:45.178+0000] {subprocess.py:97} INFO - Command exited with return code 127
[2024-07-01T10:26:45.180+0000] {taskinstance.py:441} INFO - ::group::Post task execution logs
[2024-07-01T10:26:45.201+0000] {taskinstance.py:2905} ERROR - Task failed with exception
Traceback (most recent call last):
  File "/home/airflow/.local/lib/python3.12/site-packages/airflow/models/taskinstance.py", line 465, in _execute_task
    result = _execute_callable(context=context, **execute_callable_kwargs)
             ^^^^^^^^^^^^^^^^^^^^^^^^^^^^^^^^^^^^^^^^^^^^^^^^^^^^^^^^^^^^^
  File "/home/airflow/.local/lib/python3.12/site-packages/airflow/models/taskinstance.py", line 432, in _execute_callable
    return execute_callable(context=context, **execute_callable_kwargs)
           ^^^^^^^^^^^^^^^^^^^^^^^^^^^^^^^^^^^^^^^^^^^^^^^^^^^^^^^^^^^^
  File "/home/airflow/.local/lib/python3.12/site-packages/airflow/models/baseoperator.py", line 401, in wrapper
    return func(self, *args, **kwargs)
           ^^^^^^^^^^^^^^^^^^^^^^^^^^^
  File "/home/airflow/.local/lib/python3.12/site-packages/airflow/operators/bash.py", line 243, in execute
    raise AirflowException(
airflow.exceptions.AirflowException: Bash command failed. The command returned a non-zero exit code 127.
[2024-07-01T10:26:45.211+0000] {taskinstance.py:1206} INFO - Marking task as UP_FOR_RETRY. dag_id=dag_northwind, task_id=extract_csv, run_id=scheduled__2024-03-28T00:00:00+00:00, execution_date=20240328T000000, start_date=20240701T102644, end_date=20240701T102645
[2024-07-01T10:26:45.396+0000] {standard_task_runner.py:110} ERROR - Failed to execute job 1210 for task extract_csv (Bash command failed. The command returned a non-zero exit code 127.; 6535)
[2024-07-01T10:26:45.448+0000] {local_task_job_runner.py:240} INFO - Task exited with return code 1
[2024-07-01T10:26:45.468+0000] {local_task_job_runner.py:222} INFO - ::endgroup::
