[2024-06-30T20:53:21.056+0000] {local_task_job_runner.py:120} INFO - ::group::Pre task execution logs
[2024-06-30T20:53:21.120+0000] {taskinstance.py:2076} INFO - Dependencies all met for dep_context=non-requeueable deps ti=<TaskInstance: dag_northwind.extract_postgres scheduled__2024-01-09T00:00:00+00:00 [queued]>
[2024-06-30T20:53:21.137+0000] {taskinstance.py:2076} INFO - Dependencies all met for dep_context=requeueable deps ti=<TaskInstance: dag_northwind.extract_postgres scheduled__2024-01-09T00:00:00+00:00 [queued]>
[2024-06-30T20:53:21.138+0000] {taskinstance.py:2306} INFO - Starting attempt 1 of 2
[2024-06-30T20:53:21.273+0000] {taskinstance.py:2330} INFO - Executing <Task(BashOperator): extract_postgres> on 2024-01-09 00:00:00+00:00
[2024-06-30T20:53:21.284+0000] {standard_task_runner.py:90} INFO - Running: ['airflow', 'tasks', 'run', 'dag_northwind', 'extract_postgres', 'scheduled__2024-01-09T00:00:00+00:00', '--job-id', '399', '--raw', '--subdir', 'DAGS_FOLDER/dag_northwind.py', '--cfg-path', '/tmp/tmp8r9fimj4']
[2024-06-30T20:53:21.287+0000] {standard_task_runner.py:91} INFO - Job 399: Subtask extract_postgres
[2024-06-30T20:53:21.294+0000] {logging_mixin.py:188} WARNING - /home/airflow/.local/lib/python3.12/site-packages/airflow/task/task_runner/standard_task_runner.py:61 DeprecationWarning: This process (pid=584) is multi-threaded, use of fork() may lead to deadlocks in the child.
[2024-06-30T20:53:21.295+0000] {standard_task_runner.py:63} INFO - Started process 599 to run task
[2024-06-30T20:53:21.362+0000] {task_command.py:426} INFO - Running <TaskInstance: dag_northwind.extract_postgres scheduled__2024-01-09T00:00:00+00:00 [running]> on host a7d76f00647b
[2024-06-30T20:53:21.491+0000] {taskinstance.py:2648} INFO - Exporting env vars: AIRFLOW_CTX_DAG_OWNER='airflow' AIRFLOW_CTX_DAG_ID='dag_northwind' AIRFLOW_CTX_TASK_ID='extract_postgres' AIRFLOW_CTX_EXECUTION_DATE='2024-01-09T00:00:00+00:00' AIRFLOW_CTX_TRY_NUMBER='1' AIRFLOW_CTX_DAG_RUN_ID='scheduled__2024-01-09T00:00:00+00:00'
[2024-06-30T20:53:21.493+0000] {taskinstance.py:430} INFO - ::endgroup::
[2024-06-30T20:53:21.527+0000] {subprocess.py:63} INFO - Tmp dir root location: /tmp
[2024-06-30T20:53:21.529+0000] {subprocess.py:75} INFO - Running command: ['/usr/bin/bash', '-c', 'meltano elt tap-postgres target-csv --job_id=extract_postgres_2024-01-09 && mkdir -p /data/postgres/2024-01-09 && mv /project/output/tap-postgres/*.csv /data/postgres/2024-01-09/']
[2024-06-30T20:53:21.544+0000] {subprocess.py:86} INFO - Output:
[2024-06-30T20:53:21.547+0000] {subprocess.py:93} INFO - /usr/bin/bash: line 1: meltano: command not found
[2024-06-30T20:53:21.548+0000] {subprocess.py:97} INFO - Command exited with return code 127
[2024-06-30T20:53:21.549+0000] {taskinstance.py:441} INFO - ::group::Post task execution logs
[2024-06-30T20:53:21.568+0000] {taskinstance.py:2905} ERROR - Task failed with exception
Traceback (most recent call last):
  File "/home/airflow/.local/lib/python3.12/site-packages/airflow/models/taskinstance.py", line 465, in _execute_task
    result = _execute_callable(context=context, **execute_callable_kwargs)
             ^^^^^^^^^^^^^^^^^^^^^^^^^^^^^^^^^^^^^^^^^^^^^^^^^^^^^^^^^^^^^
  File "/home/airflow/.local/lib/python3.12/site-packages/airflow/models/taskinstance.py", line 432, in _execute_callable
    return execute_callable(context=context, **execute_callable_kwargs)
           ^^^^^^^^^^^^^^^^^^^^^^^^^^^^^^^^^^^^^^^^^^^^^^^^^^^^^^^^^^^^
  File "/home/airflow/.local/lib/python3.12/site-packages/airflow/models/baseoperator.py", line 401, in wrapper
    return func(self, *args, **kwargs)
           ^^^^^^^^^^^^^^^^^^^^^^^^^^^
  File "/home/airflow/.local/lib/python3.12/site-packages/airflow/operators/bash.py", line 243, in execute
    raise AirflowException(
airflow.exceptions.AirflowException: Bash command failed. The command returned a non-zero exit code 127.
[2024-06-30T20:53:21.579+0000] {taskinstance.py:1206} INFO - Marking task as UP_FOR_RETRY. dag_id=dag_northwind, task_id=extract_postgres, run_id=scheduled__2024-01-09T00:00:00+00:00, execution_date=20240109T000000, start_date=20240630T205321, end_date=20240630T205321
[2024-06-30T20:53:21.820+0000] {standard_task_runner.py:110} ERROR - Failed to execute job 399 for task extract_postgres (Bash command failed. The command returned a non-zero exit code 127.; 599)
[2024-06-30T20:53:21.832+0000] {local_task_job_runner.py:240} INFO - Task exited with return code 1
[2024-06-30T20:53:21.880+0000] {taskinstance.py:3503} INFO - 0 downstream tasks scheduled from follow-on schedule check
[2024-06-30T20:53:21.883+0000] {local_task_job_runner.py:222} INFO - ::endgroup::
[2024-07-01T10:01:07.822+0000] {local_task_job_runner.py:120} INFO - ::group::Pre task execution logs
[2024-07-01T10:01:07.892+0000] {taskinstance.py:2076} INFO - Dependencies all met for dep_context=non-requeueable deps ti=<TaskInstance: dag_northwind.extract_postgres scheduled__2024-01-09T00:00:00+00:00 [queued]>
[2024-07-01T10:01:07.907+0000] {taskinstance.py:2076} INFO - Dependencies all met for dep_context=requeueable deps ti=<TaskInstance: dag_northwind.extract_postgres scheduled__2024-01-09T00:00:00+00:00 [queued]>
[2024-07-01T10:01:07.908+0000] {taskinstance.py:2306} INFO - Starting attempt 1 of 2
[2024-07-01T10:01:08.006+0000] {taskinstance.py:2330} INFO - Executing <Task(BashOperator): extract_postgres> on 2024-01-09 00:00:00+00:00
[2024-07-01T10:01:08.024+0000] {standard_task_runner.py:90} INFO - Running: ['airflow', 'tasks', 'run', 'dag_northwind', 'extract_postgres', 'scheduled__2024-01-09T00:00:00+00:00', '--job-id', '891', '--raw', '--subdir', 'DAGS_FOLDER/dag_northwind.py', '--cfg-path', '/tmp/tmptd6kd193']
[2024-07-01T10:01:08.035+0000] {standard_task_runner.py:91} INFO - Job 891: Subtask extract_postgres
[2024-07-01T10:01:08.030+0000] {logging_mixin.py:188} WARNING - /home/airflow/.local/lib/python3.12/site-packages/airflow/task/task_runner/standard_task_runner.py:61 DeprecationWarning: This process (pid=5007) is multi-threaded, use of fork() may lead to deadlocks in the child.
[2024-07-01T10:01:08.038+0000] {standard_task_runner.py:63} INFO - Started process 5015 to run task
[2024-07-01T10:01:08.126+0000] {task_command.py:426} INFO - Running <TaskInstance: dag_northwind.extract_postgres scheduled__2024-01-09T00:00:00+00:00 [running]> on host 85c6ea7cd9cf
[2024-07-01T10:01:08.268+0000] {taskinstance.py:2648} INFO - Exporting env vars: AIRFLOW_CTX_DAG_OWNER='airflow' AIRFLOW_CTX_DAG_ID='dag_northwind' AIRFLOW_CTX_TASK_ID='extract_postgres' AIRFLOW_CTX_EXECUTION_DATE='2024-01-09T00:00:00+00:00' AIRFLOW_CTX_TRY_NUMBER='1' AIRFLOW_CTX_DAG_RUN_ID='scheduled__2024-01-09T00:00:00+00:00'
[2024-07-01T10:01:08.269+0000] {taskinstance.py:430} INFO - ::endgroup::
[2024-07-01T10:01:08.296+0000] {subprocess.py:63} INFO - Tmp dir root location: /tmp
[2024-07-01T10:01:08.299+0000] {subprocess.py:75} INFO - Running command: ['/usr/bin/bash', '-c', 'meltano elt tap-postgres target-csv --job_id=extract_postgres_2024-01-09 && mkdir -p /data/postgres/2024-01-09 && mv /project/output/tap-postgres/*.csv /data/postgres/2024-01-09/']
[2024-07-01T10:01:08.324+0000] {subprocess.py:86} INFO - Output:
[2024-07-01T10:01:08.328+0000] {subprocess.py:93} INFO - /usr/bin/bash: line 1: meltano: command not found
[2024-07-01T10:01:08.330+0000] {subprocess.py:97} INFO - Command exited with return code 127
[2024-07-01T10:01:08.333+0000] {taskinstance.py:441} INFO - ::group::Post task execution logs
[2024-07-01T10:01:08.357+0000] {taskinstance.py:2905} ERROR - Task failed with exception
Traceback (most recent call last):
  File "/home/airflow/.local/lib/python3.12/site-packages/airflow/models/taskinstance.py", line 465, in _execute_task
    result = _execute_callable(context=context, **execute_callable_kwargs)
             ^^^^^^^^^^^^^^^^^^^^^^^^^^^^^^^^^^^^^^^^^^^^^^^^^^^^^^^^^^^^^
  File "/home/airflow/.local/lib/python3.12/site-packages/airflow/models/taskinstance.py", line 432, in _execute_callable
    return execute_callable(context=context, **execute_callable_kwargs)
           ^^^^^^^^^^^^^^^^^^^^^^^^^^^^^^^^^^^^^^^^^^^^^^^^^^^^^^^^^^^^
  File "/home/airflow/.local/lib/python3.12/site-packages/airflow/models/baseoperator.py", line 401, in wrapper
    return func(self, *args, **kwargs)
           ^^^^^^^^^^^^^^^^^^^^^^^^^^^
  File "/home/airflow/.local/lib/python3.12/site-packages/airflow/operators/bash.py", line 243, in execute
    raise AirflowException(
airflow.exceptions.AirflowException: Bash command failed. The command returned a non-zero exit code 127.
[2024-07-01T10:01:08.366+0000] {taskinstance.py:1206} INFO - Marking task as UP_FOR_RETRY. dag_id=dag_northwind, task_id=extract_postgres, run_id=scheduled__2024-01-09T00:00:00+00:00, execution_date=20240109T000000, start_date=20240701T100107, end_date=20240701T100108
[2024-07-01T10:01:08.545+0000] {standard_task_runner.py:110} ERROR - Failed to execute job 891 for task extract_postgres (Bash command failed. The command returned a non-zero exit code 127.; 5015)
[2024-07-01T10:01:08.581+0000] {local_task_job_runner.py:240} INFO - Task exited with return code 1
[2024-07-01T10:01:08.639+0000] {taskinstance.py:3503} INFO - 0 downstream tasks scheduled from follow-on schedule check
[2024-07-01T10:01:08.642+0000] {local_task_job_runner.py:222} INFO - ::endgroup::
