[2024-06-30T20:58:22.075+0000] {local_task_job_runner.py:120} INFO - ::group::Pre task execution logs
[2024-06-30T20:58:22.223+0000] {taskinstance.py:2076} INFO - Dependencies all met for dep_context=non-requeueable deps ti=<TaskInstance: dag_northwind.extract_postgres scheduled__2024-01-09T00:00:00+00:00 [queued]>
[2024-06-30T20:58:22.300+0000] {taskinstance.py:2076} INFO - Dependencies all met for dep_context=requeueable deps ti=<TaskInstance: dag_northwind.extract_postgres scheduled__2024-01-09T00:00:00+00:00 [queued]>
[2024-06-30T20:58:22.682+0000] {taskinstance.py:2306} INFO - Starting attempt 2 of 2
[2024-06-30T20:58:24.039+0000] {taskinstance.py:2330} INFO - Executing <Task(BashOperator): extract_postgres> on 2024-01-09 00:00:00+00:00
[2024-06-30T20:58:24.068+0000] {logging_mixin.py:188} WARNING - /home/airflow/.local/lib/python3.12/site-packages/airflow/task/task_runner/standard_task_runner.py:61 DeprecationWarning: This process (pid=686) is multi-threaded, use of fork() may lead to deadlocks in the child.
[2024-06-30T20:58:24.070+0000] {standard_task_runner.py:63} INFO - Started process 697 to run task
[2024-06-30T20:58:24.537+0000] {standard_task_runner.py:90} INFO - Running: ['airflow', 'tasks', 'run', 'dag_northwind', 'extract_postgres', 'scheduled__2024-01-09T00:00:00+00:00', '--job-id', '416', '--raw', '--subdir', 'DAGS_FOLDER/dag_northwind.py', '--cfg-path', '/tmp/tmphf3otkd0']
[2024-06-30T20:58:24.544+0000] {standard_task_runner.py:91} INFO - Job 416: Subtask extract_postgres
[2024-06-30T20:58:25.866+0000] {task_command.py:426} INFO - Running <TaskInstance: dag_northwind.extract_postgres scheduled__2024-01-09T00:00:00+00:00 [running]> on host a7d76f00647b
[2024-06-30T20:58:26.280+0000] {taskinstance.py:2648} INFO - Exporting env vars: AIRFLOW_CTX_DAG_OWNER='airflow' AIRFLOW_CTX_DAG_ID='dag_northwind' AIRFLOW_CTX_TASK_ID='extract_postgres' AIRFLOW_CTX_EXECUTION_DATE='2024-01-09T00:00:00+00:00' AIRFLOW_CTX_TRY_NUMBER='2' AIRFLOW_CTX_DAG_RUN_ID='scheduled__2024-01-09T00:00:00+00:00'
[2024-06-30T20:58:26.281+0000] {taskinstance.py:430} INFO - ::endgroup::
[2024-06-30T20:58:26.318+0000] {subprocess.py:63} INFO - Tmp dir root location: /tmp
[2024-06-30T20:58:26.319+0000] {subprocess.py:75} INFO - Running command: ['/usr/bin/bash', '-c', 'meltano elt tap-postgres target-csv --job_id=extract_postgres_2024-01-09 && mkdir -p /data/postgres/2024-01-09 && mv /project/output/tap-postgres/*.csv /data/postgres/2024-01-09/']
[2024-06-30T20:58:26.330+0000] {subprocess.py:86} INFO - Output:
[2024-06-30T20:58:26.333+0000] {subprocess.py:93} INFO - /usr/bin/bash: line 1: meltano: command not found
[2024-06-30T20:58:26.334+0000] {subprocess.py:97} INFO - Command exited with return code 127
[2024-06-30T20:58:26.335+0000] {taskinstance.py:441} INFO - ::group::Post task execution logs
[2024-06-30T20:58:26.792+0000] {taskinstance.py:2905} ERROR - Task failed with exception
Traceback (most recent call last):
  File "/home/airflow/.local/lib/python3.12/site-packages/airflow/models/taskinstance.py", line 465, in _execute_task
    result = _execute_callable(context=context, **execute_callable_kwargs)
             ^^^^^^^^^^^^^^^^^^^^^^^^^^^^^^^^^^^^^^^^^^^^^^^^^^^^^^^^^^^^^
  File "/home/airflow/.local/lib/python3.12/site-packages/airflow/models/taskinstance.py", line 432, in _execute_callable
    return execute_callable(context=context, **execute_callable_kwargs)
           ^^^^^^^^^^^^^^^^^^^^^^^^^^^^^^^^^^^^^^^^^^^^^^^^^^^^^^^^^^^^
  File "/home/airflow/.local/lib/python3.12/site-packages/airflow/models/baseoperator.py", line 401, in wrapper
    return func(self, *args, **kwargs)
           ^^^^^^^^^^^^^^^^^^^^^^^^^^^
  File "/home/airflow/.local/lib/python3.12/site-packages/airflow/operators/bash.py", line 243, in execute
    raise AirflowException(
airflow.exceptions.AirflowException: Bash command failed. The command returned a non-zero exit code 127.
[2024-06-30T20:58:27.209+0000] {taskinstance.py:1206} INFO - Marking task as FAILED. dag_id=dag_northwind, task_id=extract_postgres, run_id=scheduled__2024-01-09T00:00:00+00:00, execution_date=20240109T000000, start_date=20240630T205822, end_date=20240630T205827
[2024-06-30T20:58:27.407+0000] {standard_task_runner.py:110} ERROR - Failed to execute job 416 for task extract_postgres (Bash command failed. The command returned a non-zero exit code 127.; 697)
[2024-06-30T20:58:27.466+0000] {local_task_job_runner.py:240} INFO - Task exited with return code 1
[2024-06-30T20:58:27.616+0000] {taskinstance.py:3503} INFO - 0 downstream tasks scheduled from follow-on schedule check
[2024-06-30T20:58:27.626+0000] {local_task_job_runner.py:222} INFO - ::endgroup::
[2024-07-01T10:06:08.937+0000] {local_task_job_runner.py:120} INFO - ::group::Pre task execution logs
[2024-07-01T10:06:09.002+0000] {taskinstance.py:2076} INFO - Dependencies all met for dep_context=non-requeueable deps ti=<TaskInstance: dag_northwind.extract_postgres scheduled__2024-01-09T00:00:00+00:00 [queued]>
[2024-07-01T10:06:09.014+0000] {taskinstance.py:2076} INFO - Dependencies all met for dep_context=requeueable deps ti=<TaskInstance: dag_northwind.extract_postgres scheduled__2024-01-09T00:00:00+00:00 [queued]>
[2024-07-01T10:06:09.015+0000] {taskinstance.py:2306} INFO - Starting attempt 2 of 2
[2024-07-01T10:06:09.070+0000] {taskinstance.py:2330} INFO - Executing <Task(BashOperator): extract_postgres> on 2024-01-09 00:00:00+00:00
[2024-07-01T10:06:09.085+0000] {logging_mixin.py:188} WARNING - /home/airflow/.local/lib/python3.12/site-packages/airflow/task/task_runner/standard_task_runner.py:61 DeprecationWarning: This process (pid=5188) is multi-threaded, use of fork() may lead to deadlocks in the child.
[2024-07-01T10:06:09.088+0000] {standard_task_runner.py:63} INFO - Started process 5193 to run task
[2024-07-01T10:06:09.086+0000] {standard_task_runner.py:90} INFO - Running: ['airflow', 'tasks', 'run', 'dag_northwind', 'extract_postgres', 'scheduled__2024-01-09T00:00:00+00:00', '--job-id', '924', '--raw', '--subdir', 'DAGS_FOLDER/dag_northwind.py', '--cfg-path', '/tmp/tmpnasaoy34']
[2024-07-01T10:06:09.090+0000] {standard_task_runner.py:91} INFO - Job 924: Subtask extract_postgres
[2024-07-01T10:06:09.184+0000] {task_command.py:426} INFO - Running <TaskInstance: dag_northwind.extract_postgres scheduled__2024-01-09T00:00:00+00:00 [running]> on host 85c6ea7cd9cf
[2024-07-01T10:06:09.348+0000] {taskinstance.py:2648} INFO - Exporting env vars: AIRFLOW_CTX_DAG_OWNER='airflow' AIRFLOW_CTX_DAG_ID='dag_northwind' AIRFLOW_CTX_TASK_ID='extract_postgres' AIRFLOW_CTX_EXECUTION_DATE='2024-01-09T00:00:00+00:00' AIRFLOW_CTX_TRY_NUMBER='2' AIRFLOW_CTX_DAG_RUN_ID='scheduled__2024-01-09T00:00:00+00:00'
[2024-07-01T10:06:09.349+0000] {taskinstance.py:430} INFO - ::endgroup::
[2024-07-01T10:06:09.384+0000] {subprocess.py:63} INFO - Tmp dir root location: /tmp
[2024-07-01T10:06:09.385+0000] {subprocess.py:75} INFO - Running command: ['/usr/bin/bash', '-c', 'meltano elt tap-postgres target-csv --job_id=extract_postgres_2024-01-09 && mkdir -p /data/postgres/2024-01-09 && mv /project/output/tap-postgres/*.csv /data/postgres/2024-01-09/']
[2024-07-01T10:06:09.400+0000] {subprocess.py:86} INFO - Output:
[2024-07-01T10:06:09.402+0000] {subprocess.py:93} INFO - /usr/bin/bash: line 1: meltano: command not found
[2024-07-01T10:06:09.403+0000] {subprocess.py:97} INFO - Command exited with return code 127
[2024-07-01T10:06:09.405+0000] {taskinstance.py:441} INFO - ::group::Post task execution logs
[2024-07-01T10:06:09.420+0000] {taskinstance.py:2905} ERROR - Task failed with exception
Traceback (most recent call last):
  File "/home/airflow/.local/lib/python3.12/site-packages/airflow/models/taskinstance.py", line 465, in _execute_task
    result = _execute_callable(context=context, **execute_callable_kwargs)
             ^^^^^^^^^^^^^^^^^^^^^^^^^^^^^^^^^^^^^^^^^^^^^^^^^^^^^^^^^^^^^
  File "/home/airflow/.local/lib/python3.12/site-packages/airflow/models/taskinstance.py", line 432, in _execute_callable
    return execute_callable(context=context, **execute_callable_kwargs)
           ^^^^^^^^^^^^^^^^^^^^^^^^^^^^^^^^^^^^^^^^^^^^^^^^^^^^^^^^^^^^
  File "/home/airflow/.local/lib/python3.12/site-packages/airflow/models/baseoperator.py", line 401, in wrapper
    return func(self, *args, **kwargs)
           ^^^^^^^^^^^^^^^^^^^^^^^^^^^
  File "/home/airflow/.local/lib/python3.12/site-packages/airflow/operators/bash.py", line 243, in execute
    raise AirflowException(
airflow.exceptions.AirflowException: Bash command failed. The command returned a non-zero exit code 127.
[2024-07-01T10:06:09.428+0000] {taskinstance.py:1206} INFO - Marking task as FAILED. dag_id=dag_northwind, task_id=extract_postgres, run_id=scheduled__2024-01-09T00:00:00+00:00, execution_date=20240109T000000, start_date=20240701T100609, end_date=20240701T100609
[2024-07-01T10:06:09.449+0000] {standard_task_runner.py:110} ERROR - Failed to execute job 924 for task extract_postgres (Bash command failed. The command returned a non-zero exit code 127.; 5193)
[2024-07-01T10:06:09.464+0000] {local_task_job_runner.py:240} INFO - Task exited with return code 1
[2024-07-01T10:06:09.482+0000] {local_task_job_runner.py:222} INFO - ::endgroup::
