[2024-07-14T15:40:34.944+0000] {local_task_job_runner.py:120} INFO - ::group::Pre task execution logs
[2024-07-14T15:40:35.057+0000] {taskinstance.py:2076} INFO - Dependencies all met for dep_context=non-requeueable deps ti=<TaskInstance: dag_pipeline_northwind.extract_postgres_customer_demographics scheduled__2024-07-13T00:00:00+00:00 [queued]>
[2024-07-14T15:40:35.119+0000] {taskinstance.py:2076} INFO - Dependencies all met for dep_context=requeueable deps ti=<TaskInstance: dag_pipeline_northwind.extract_postgres_customer_demographics scheduled__2024-07-13T00:00:00+00:00 [queued]>
[2024-07-14T15:40:35.121+0000] {taskinstance.py:2306} INFO - Starting attempt 2 of 2
[2024-07-14T15:40:35.185+0000] {taskinstance.py:2330} INFO - Executing <Task(PythonOperator): extract_postgres_customer_demographics> on 2024-07-13 00:00:00+00:00
[2024-07-14T15:40:35.199+0000] {standard_task_runner.py:90} INFO - Running: ['airflow', 'tasks', 'run', 'dag_pipeline_northwind', 'extract_postgres_customer_demographics', 'scheduled__2024-07-13T00:00:00+00:00', '--job-id', '5675', '--raw', '--subdir', 'DAGS_FOLDER/dag_pipeline_northwind.py', '--cfg-path', '/tmp/tmpv9l5xa96']
[2024-07-14T15:40:35.206+0000] {standard_task_runner.py:91} INFO - Job 5675: Subtask extract_postgres_customer_demographics
[2024-07-14T15:40:35.208+0000] {logging_mixin.py:188} WARNING - /home/airflow/.local/lib/python3.12/site-packages/airflow/task/task_runner/standard_task_runner.py:61 DeprecationWarning: This process (pid=263) is multi-threaded, use of fork() may lead to deadlocks in the child.
[2024-07-14T15:40:35.209+0000] {standard_task_runner.py:63} INFO - Started process 291 to run task
[2024-07-14T15:40:35.360+0000] {task_command.py:426} INFO - Running <TaskInstance: dag_pipeline_northwind.extract_postgres_customer_demographics scheduled__2024-07-13T00:00:00+00:00 [running]> on host 5ef7300ef9b1
[2024-07-14T15:40:36.771+0000] {taskinstance.py:2648} INFO - Exporting env vars: AIRFLOW_CTX_DAG_OWNER='airflow' AIRFLOW_CTX_DAG_ID='dag_pipeline_northwind' AIRFLOW_CTX_TASK_ID='extract_postgres_customer_demographics' AIRFLOW_CTX_EXECUTION_DATE='2024-07-13T00:00:00+00:00' AIRFLOW_CTX_TRY_NUMBER='2' AIRFLOW_CTX_DAG_RUN_ID='scheduled__2024-07-13T00:00:00+00:00'
[2024-07-14T15:40:36.773+0000] {taskinstance.py:430} INFO - ::endgroup::
[2024-07-14T15:40:36.800+0000] {logging_mixin.py:188} INFO - Running command: meltano elt tap-postgres target-csv --transform=run --job_id=extract_postgres_customer_demographics_2024-07-13
[2024-07-14T15:40:36.806+0000] {logging_mixin.py:188} INFO - Command failed with error: Command 'meltano elt tap-postgres target-csv --transform=run --job_id=extract_postgres_customer_demographics_2024-07-13' returned non-zero exit status 127.
[2024-07-14T15:40:36.807+0000] {taskinstance.py:441} INFO - ::group::Post task execution logs
[2024-07-14T15:40:36.808+0000] {taskinstance.py:2905} ERROR - Task failed with exception
Traceback (most recent call last):
  File "/home/airflow/.local/lib/python3.12/site-packages/airflow/models/taskinstance.py", line 465, in _execute_task
    result = _execute_callable(context=context, **execute_callable_kwargs)
             ^^^^^^^^^^^^^^^^^^^^^^^^^^^^^^^^^^^^^^^^^^^^^^^^^^^^^^^^^^^^^
  File "/home/airflow/.local/lib/python3.12/site-packages/airflow/models/taskinstance.py", line 432, in _execute_callable
    return execute_callable(context=context, **execute_callable_kwargs)
           ^^^^^^^^^^^^^^^^^^^^^^^^^^^^^^^^^^^^^^^^^^^^^^^^^^^^^^^^^^^^
  File "/home/airflow/.local/lib/python3.12/site-packages/airflow/models/baseoperator.py", line 401, in wrapper
    return func(self, *args, **kwargs)
           ^^^^^^^^^^^^^^^^^^^^^^^^^^^
  File "/home/airflow/.local/lib/python3.12/site-packages/airflow/operators/python.py", line 235, in execute
    return_value = self.execute_callable()
                   ^^^^^^^^^^^^^^^^^^^^^^^
  File "/home/airflow/.local/lib/python3.12/site-packages/airflow/operators/python.py", line 252, in execute_callable
    return self.python_callable(*self.op_args, **self.op_kwargs)
           ^^^^^^^^^^^^^^^^^^^^^^^^^^^^^^^^^^^^^^^^^^^^^^^^^^^^^
  File "/opt/airflow/dags/dag_pipeline_northwind.py", line 40, in extract_postgres_table
    result = subprocess.run(extract_command, shell=True, check=True, capture_output=True, text=True)
             ^^^^^^^^^^^^^^^^^^^^^^^^^^^^^^^^^^^^^^^^^^^^^^^^^^^^^^^^^^^^^^^^^^^^^^^^^^^^^^^^^^^^^^^
  File "/usr/local/lib/python3.12/subprocess.py", line 571, in run
    raise CalledProcessError(retcode, process.args,
subprocess.CalledProcessError: Command 'meltano elt tap-postgres target-csv --transform=run --job_id=extract_postgres_customer_demographics_2024-07-13' returned non-zero exit status 127.
[2024-07-14T15:40:36.830+0000] {taskinstance.py:1206} INFO - Marking task as FAILED. dag_id=dag_pipeline_northwind, task_id=extract_postgres_customer_demographics, run_id=scheduled__2024-07-13T00:00:00+00:00, execution_date=20240713T000000, start_date=20240714T154035, end_date=20240714T154036
[2024-07-14T15:40:36.859+0000] {standard_task_runner.py:110} ERROR - Failed to execute job 5675 for task extract_postgres_customer_demographics (Command 'meltano elt tap-postgres target-csv --transform=run --job_id=extract_postgres_customer_demographics_2024-07-13' returned non-zero exit status 127.; 291)
[2024-07-14T15:40:36.875+0000] {local_task_job_runner.py:240} INFO - Task exited with return code 1
[2024-07-14T15:40:36.898+0000] {local_task_job_runner.py:222} INFO - ::endgroup::
[2024-07-14T21:53:03.772+0000] {local_task_job_runner.py:120} INFO - ::group::Pre task execution logs
[2024-07-14T21:53:03.926+0000] {taskinstance.py:2076} INFO - Dependencies all met for dep_context=non-requeueable deps ti=<TaskInstance: dag_pipeline_northwind.extract_postgres_customer_demographics scheduled__2024-07-13T00:00:00+00:00 [queued]>
[2024-07-14T21:53:03.956+0000] {taskinstance.py:2076} INFO - Dependencies all met for dep_context=requeueable deps ti=<TaskInstance: dag_pipeline_northwind.extract_postgres_customer_demographics scheduled__2024-07-13T00:00:00+00:00 [queued]>
[2024-07-14T21:53:03.958+0000] {taskinstance.py:2306} INFO - Starting attempt 2 of 2
[2024-07-14T21:53:04.034+0000] {taskinstance.py:2330} INFO - Executing <Task(PythonOperator): extract_postgres_customer_demographics> on 2024-07-13 00:00:00+00:00
[2024-07-14T21:53:04.050+0000] {standard_task_runner.py:90} INFO - Running: ['airflow', 'tasks', 'run', 'dag_pipeline_northwind', 'extract_postgres_customer_demographics', 'scheduled__2024-07-13T00:00:00+00:00', '--job-id', '5804', '--raw', '--subdir', 'DAGS_FOLDER/dag_pipeline_northwind.py', '--cfg-path', '/tmp/tmpnlqptjdm']
[2024-07-14T21:53:04.057+0000] {standard_task_runner.py:91} INFO - Job 5804: Subtask extract_postgres_customer_demographics
[2024-07-14T21:53:04.115+0000] {logging_mixin.py:188} WARNING - /home/airflow/.local/lib/python3.12/site-packages/airflow/task/task_runner/standard_task_runner.py:61 DeprecationWarning: This process (pid=596) is multi-threaded, use of fork() may lead to deadlocks in the child.
[2024-07-14T21:53:04.119+0000] {standard_task_runner.py:63} INFO - Started process 610 to run task
[2024-07-14T21:53:04.234+0000] {task_command.py:426} INFO - Running <TaskInstance: dag_pipeline_northwind.extract_postgres_customer_demographics scheduled__2024-07-13T00:00:00+00:00 [running]> on host ee4b7f7f7c3e
[2024-07-14T21:53:04.562+0000] {taskinstance.py:2648} INFO - Exporting env vars: AIRFLOW_CTX_DAG_OWNER='airflow' AIRFLOW_CTX_DAG_ID='dag_pipeline_northwind' AIRFLOW_CTX_TASK_ID='extract_postgres_customer_demographics' AIRFLOW_CTX_EXECUTION_DATE='2024-07-13T00:00:00+00:00' AIRFLOW_CTX_TRY_NUMBER='2' AIRFLOW_CTX_DAG_RUN_ID='scheduled__2024-07-13T00:00:00+00:00'
[2024-07-14T21:53:04.567+0000] {taskinstance.py:430} INFO - ::endgroup::
[2024-07-14T21:53:04.621+0000] {logging_mixin.py:188} INFO - Running command: meltano elt tap-postgres target-csv --transform=run --job_id=extract_postgres_customer_demographics_2024-07-13
[2024-07-14T21:53:04.638+0000] {logging_mixin.py:188} INFO - Command failed with error: Command 'meltano elt tap-postgres target-csv --transform=run --job_id=extract_postgres_customer_demographics_2024-07-13' returned non-zero exit status 127.
[2024-07-14T21:53:04.639+0000] {taskinstance.py:441} INFO - ::group::Post task execution logs
[2024-07-14T21:53:04.641+0000] {taskinstance.py:2905} ERROR - Task failed with exception
Traceback (most recent call last):
  File "/home/airflow/.local/lib/python3.12/site-packages/airflow/models/taskinstance.py", line 465, in _execute_task
    result = _execute_callable(context=context, **execute_callable_kwargs)
             ^^^^^^^^^^^^^^^^^^^^^^^^^^^^^^^^^^^^^^^^^^^^^^^^^^^^^^^^^^^^^
  File "/home/airflow/.local/lib/python3.12/site-packages/airflow/models/taskinstance.py", line 432, in _execute_callable
    return execute_callable(context=context, **execute_callable_kwargs)
           ^^^^^^^^^^^^^^^^^^^^^^^^^^^^^^^^^^^^^^^^^^^^^^^^^^^^^^^^^^^^
  File "/home/airflow/.local/lib/python3.12/site-packages/airflow/models/baseoperator.py", line 401, in wrapper
    return func(self, *args, **kwargs)
           ^^^^^^^^^^^^^^^^^^^^^^^^^^^
  File "/home/airflow/.local/lib/python3.12/site-packages/airflow/operators/python.py", line 235, in execute
    return_value = self.execute_callable()
                   ^^^^^^^^^^^^^^^^^^^^^^^
  File "/home/airflow/.local/lib/python3.12/site-packages/airflow/operators/python.py", line 252, in execute_callable
    return self.python_callable(*self.op_args, **self.op_kwargs)
           ^^^^^^^^^^^^^^^^^^^^^^^^^^^^^^^^^^^^^^^^^^^^^^^^^^^^^
  File "/opt/airflow/dags/dag_pipeline_northwind.py", line 40, in extract_postgres_table
    result = subprocess.run(extract_command, shell=True, check=True, capture_output=True, text=True)
             ^^^^^^^^^^^^^^^^^^^^^^^^^^^^^^^^^^^^^^^^^^^^^^^^^^^^^^^^^^^^^^^^^^^^^^^^^^^^^^^^^^^^^^^
  File "/usr/local/lib/python3.12/subprocess.py", line 571, in run
    raise CalledProcessError(retcode, process.args,
subprocess.CalledProcessError: Command 'meltano elt tap-postgres target-csv --transform=run --job_id=extract_postgres_customer_demographics_2024-07-13' returned non-zero exit status 127.
[2024-07-14T21:53:04.693+0000] {taskinstance.py:1206} INFO - Marking task as FAILED. dag_id=dag_pipeline_northwind, task_id=extract_postgres_customer_demographics, run_id=scheduled__2024-07-13T00:00:00+00:00, execution_date=20240713T000000, start_date=20240714T215303, end_date=20240714T215304
[2024-07-14T21:53:04.761+0000] {standard_task_runner.py:110} ERROR - Failed to execute job 5804 for task extract_postgres_customer_demographics (Command 'meltano elt tap-postgres target-csv --transform=run --job_id=extract_postgres_customer_demographics_2024-07-13' returned non-zero exit status 127.; 610)
[2024-07-14T21:53:04.793+0000] {local_task_job_runner.py:240} INFO - Task exited with return code 1
[2024-07-14T21:53:04.827+0000] {local_task_job_runner.py:222} INFO - ::endgroup::
