[2024-07-02T16:35:50.720+0000] {local_task_job_runner.py:120} INFO - ::group::Pre task execution logs
[2024-07-02T16:35:50.803+0000] {taskinstance.py:2076} INFO - Dependencies all met for dep_context=non-requeueable deps ti=<TaskInstance: pipeline_dag.extract_postgres scheduled__2024-02-03T00:00:00+00:00 [queued]>
[2024-07-02T16:35:50.826+0000] {taskinstance.py:2076} INFO - Dependencies all met for dep_context=requeueable deps ti=<TaskInstance: pipeline_dag.extract_postgres scheduled__2024-02-03T00:00:00+00:00 [queued]>
[2024-07-02T16:35:50.827+0000] {taskinstance.py:2306} INFO - Starting attempt 2 of 2
[2024-07-02T16:35:51.052+0000] {taskinstance.py:2330} INFO - Executing <Task(PythonOperator): extract_postgres> on 2024-02-03 00:00:00+00:00
[2024-07-02T16:35:51.071+0000] {logging_mixin.py:188} WARNING - /home/airflow/.local/lib/python3.12/site-packages/airflow/task/task_runner/standard_task_runner.py:61 DeprecationWarning: This process (pid=944) is multi-threaded, use of fork() may lead to deadlocks in the child.
[2024-07-02T16:35:51.077+0000] {standard_task_runner.py:63} INFO - Started process 962 to run task
[2024-07-02T16:35:51.079+0000] {standard_task_runner.py:90} INFO - Running: ['airflow', 'tasks', 'run', 'pipeline_dag', 'extract_postgres', 'scheduled__2024-02-03T00:00:00+00:00', '--job-id', '1775', '--raw', '--subdir', 'DAGS_FOLDER/dag_northwind.py', '--cfg-path', '/tmp/tmps8kk3yci']
[2024-07-02T16:35:51.086+0000] {standard_task_runner.py:91} INFO - Job 1775: Subtask extract_postgres
[2024-07-02T16:35:51.314+0000] {task_command.py:426} INFO - Running <TaskInstance: pipeline_dag.extract_postgres scheduled__2024-02-03T00:00:00+00:00 [running]> on host ee7e13960694
[2024-07-02T16:35:56.335+0000] {taskinstance.py:2648} INFO - Exporting env vars: AIRFLOW_CTX_DAG_OWNER='airflow' AIRFLOW_CTX_DAG_ID='pipeline_dag' AIRFLOW_CTX_TASK_ID='extract_postgres' AIRFLOW_CTX_EXECUTION_DATE='2024-02-03T00:00:00+00:00' AIRFLOW_CTX_TRY_NUMBER='2' AIRFLOW_CTX_DAG_RUN_ID='scheduled__2024-02-03T00:00:00+00:00'
[2024-07-02T16:35:56.337+0000] {taskinstance.py:430} INFO - ::endgroup::
[2024-07-02T16:35:56.456+0000] {logging_mixin.py:188} INFO - Command failed with error: Command 'meltano elt tap-postgres target-csv --transform=run' returned non-zero exit status 127.
[2024-07-02T16:35:56.457+0000] {taskinstance.py:441} INFO - ::group::Post task execution logs
[2024-07-02T16:35:56.458+0000] {taskinstance.py:2905} ERROR - Task failed with exception
Traceback (most recent call last):
  File "/home/airflow/.local/lib/python3.12/site-packages/airflow/models/taskinstance.py", line 465, in _execute_task
    result = _execute_callable(context=context, **execute_callable_kwargs)
             ^^^^^^^^^^^^^^^^^^^^^^^^^^^^^^^^^^^^^^^^^^^^^^^^^^^^^^^^^^^^^
  File "/home/airflow/.local/lib/python3.12/site-packages/airflow/models/taskinstance.py", line 432, in _execute_callable
    return execute_callable(context=context, **execute_callable_kwargs)
           ^^^^^^^^^^^^^^^^^^^^^^^^^^^^^^^^^^^^^^^^^^^^^^^^^^^^^^^^^^^^
  File "/home/airflow/.local/lib/python3.12/site-packages/airflow/models/baseoperator.py", line 401, in wrapper
    return func(self, *args, **kwargs)
           ^^^^^^^^^^^^^^^^^^^^^^^^^^^
  File "/home/airflow/.local/lib/python3.12/site-packages/airflow/operators/python.py", line 235, in execute
    return_value = self.execute_callable()
                   ^^^^^^^^^^^^^^^^^^^^^^^
  File "/home/airflow/.local/lib/python3.12/site-packages/airflow/operators/python.py", line 252, in execute_callable
    return self.python_callable(*self.op_args, **self.op_kwargs)
           ^^^^^^^^^^^^^^^^^^^^^^^^^^^^^^^^^^^^^^^^^^^^^^^^^^^^^
  File "/opt/airflow/dags/dag_northwind.py", line 28, in extract_postgres
    subprocess.run(extract_command, shell=True, check=True)
  File "/usr/local/lib/python3.12/subprocess.py", line 571, in run
    raise CalledProcessError(retcode, process.args,
subprocess.CalledProcessError: Command 'meltano elt tap-postgres target-csv --transform=run' returned non-zero exit status 127.
[2024-07-02T16:35:56.495+0000] {taskinstance.py:1206} INFO - Marking task as FAILED. dag_id=pipeline_dag, task_id=extract_postgres, run_id=scheduled__2024-02-03T00:00:00+00:00, execution_date=20240203T000000, start_date=20240702T163550, end_date=20240702T163556
[2024-07-02T16:35:56.533+0000] {standard_task_runner.py:110} ERROR - Failed to execute job 1775 for task extract_postgres (Command 'meltano elt tap-postgres target-csv --transform=run' returned non-zero exit status 127.; 962)
[2024-07-02T16:35:56.587+0000] {local_task_job_runner.py:240} INFO - Task exited with return code 1
[2024-07-02T16:35:56.654+0000] {taskinstance.py:3503} INFO - 0 downstream tasks scheduled from follow-on schedule check
[2024-07-02T16:35:56.664+0000] {local_task_job_runner.py:222} INFO - ::endgroup::
[2024-07-03T16:33:17.527+0000] {local_task_job_runner.py:120} INFO - ::group::Pre task execution logs
[2024-07-03T16:33:17.611+0000] {taskinstance.py:2076} INFO - Dependencies all met for dep_context=non-requeueable deps ti=<TaskInstance: pipeline_dag.extract_postgres scheduled__2024-02-03T00:00:00+00:00 [queued]>
[2024-07-03T16:33:17.633+0000] {taskinstance.py:2076} INFO - Dependencies all met for dep_context=requeueable deps ti=<TaskInstance: pipeline_dag.extract_postgres scheduled__2024-02-03T00:00:00+00:00 [queued]>
[2024-07-03T16:33:17.634+0000] {taskinstance.py:2306} INFO - Starting attempt 2 of 2
[2024-07-03T16:33:17.964+0000] {taskinstance.py:2330} INFO - Executing <Task(PythonOperator): extract_postgres> on 2024-02-03 00:00:00+00:00
[2024-07-03T16:33:17.983+0000] {logging_mixin.py:188} WARNING - /home/airflow/.local/lib/python3.12/site-packages/airflow/task/task_runner/standard_task_runner.py:61 DeprecationWarning: This process (pid=2235) is multi-threaded, use of fork() may lead to deadlocks in the child.
[2024-07-03T16:33:17.991+0000] {standard_task_runner.py:63} INFO - Started process 2249 to run task
[2024-07-03T16:33:18.012+0000] {standard_task_runner.py:90} INFO - Running: ['airflow', 'tasks', 'run', 'pipeline_dag', 'extract_postgres', 'scheduled__2024-02-03T00:00:00+00:00', '--job-id', '2589', '--raw', '--subdir', 'DAGS_FOLDER/northwind_dag_teste.py', '--cfg-path', '/tmp/tmp1bj3lgqz']
[2024-07-03T16:33:18.024+0000] {standard_task_runner.py:91} INFO - Job 2589: Subtask extract_postgres
[2024-07-03T16:33:18.175+0000] {task_command.py:426} INFO - Running <TaskInstance: pipeline_dag.extract_postgres scheduled__2024-02-03T00:00:00+00:00 [running]> on host 3c2535f14011
[2024-07-03T16:33:18.343+0000] {taskinstance.py:2648} INFO - Exporting env vars: AIRFLOW_CTX_DAG_OWNER='airflow' AIRFLOW_CTX_DAG_ID='pipeline_dag' AIRFLOW_CTX_TASK_ID='extract_postgres' AIRFLOW_CTX_EXECUTION_DATE='2024-02-03T00:00:00+00:00' AIRFLOW_CTX_TRY_NUMBER='2' AIRFLOW_CTX_DAG_RUN_ID='scheduled__2024-02-03T00:00:00+00:00'
[2024-07-03T16:33:18.344+0000] {taskinstance.py:430} INFO - ::endgroup::
[2024-07-03T16:33:18.387+0000] {logging_mixin.py:188} INFO - Command failed with error: Command 'meltano elt tap-postgres target-csv --transform=run --job_id=extract_postgres_2024-02-03' returned non-zero exit status 127.
[2024-07-03T16:33:18.388+0000] {taskinstance.py:441} INFO - ::group::Post task execution logs
[2024-07-03T16:33:18.389+0000] {taskinstance.py:2905} ERROR - Task failed with exception
Traceback (most recent call last):
  File "/home/airflow/.local/lib/python3.12/site-packages/airflow/models/taskinstance.py", line 465, in _execute_task
    result = _execute_callable(context=context, **execute_callable_kwargs)
             ^^^^^^^^^^^^^^^^^^^^^^^^^^^^^^^^^^^^^^^^^^^^^^^^^^^^^^^^^^^^^
  File "/home/airflow/.local/lib/python3.12/site-packages/airflow/models/taskinstance.py", line 432, in _execute_callable
    return execute_callable(context=context, **execute_callable_kwargs)
           ^^^^^^^^^^^^^^^^^^^^^^^^^^^^^^^^^^^^^^^^^^^^^^^^^^^^^^^^^^^^
  File "/home/airflow/.local/lib/python3.12/site-packages/airflow/models/baseoperator.py", line 401, in wrapper
    return func(self, *args, **kwargs)
           ^^^^^^^^^^^^^^^^^^^^^^^^^^^
  File "/home/airflow/.local/lib/python3.12/site-packages/airflow/operators/python.py", line 235, in execute
    return_value = self.execute_callable()
                   ^^^^^^^^^^^^^^^^^^^^^^^
  File "/home/airflow/.local/lib/python3.12/site-packages/airflow/operators/python.py", line 252, in execute_callable
    return self.python_callable(*self.op_args, **self.op_kwargs)
           ^^^^^^^^^^^^^^^^^^^^^^^^^^^^^^^^^^^^^^^^^^^^^^^^^^^^^
  File "/opt/airflow/dags/northwind_dag_teste.py", line 29, in extract_postgres
    subprocess.run(extract_command, shell=True, check=True)
  File "/usr/local/lib/python3.12/subprocess.py", line 571, in run
    raise CalledProcessError(retcode, process.args,
subprocess.CalledProcessError: Command 'meltano elt tap-postgres target-csv --transform=run --job_id=extract_postgres_2024-02-03' returned non-zero exit status 127.
[2024-07-03T16:33:18.443+0000] {taskinstance.py:1206} INFO - Marking task as FAILED. dag_id=pipeline_dag, task_id=extract_postgres, run_id=scheduled__2024-02-03T00:00:00+00:00, execution_date=20240203T000000, start_date=20240703T163317, end_date=20240703T163318
[2024-07-03T16:33:18.475+0000] {standard_task_runner.py:110} ERROR - Failed to execute job 2589 for task extract_postgres (Command 'meltano elt tap-postgres target-csv --transform=run --job_id=extract_postgres_2024-02-03' returned non-zero exit status 127.; 2249)
[2024-07-03T16:33:18.500+0000] {local_task_job_runner.py:240} INFO - Task exited with return code 1
[2024-07-03T16:33:18.525+0000] {local_task_job_runner.py:222} INFO - ::endgroup::
