[2024-07-01T01:15:11.362+0000] {local_task_job_runner.py:120} INFO - ::group::Pre task execution logs
[2024-07-01T01:15:12.235+0000] {taskinstance.py:2076} INFO - Dependencies all met for dep_context=non-requeueable deps ti=<TaskInstance: dag_northwind.extract_postgres scheduled__2024-02-18T00:00:00+00:00 [queued]>
[2024-07-01T01:15:12.269+0000] {taskinstance.py:2076} INFO - Dependencies all met for dep_context=requeueable deps ti=<TaskInstance: dag_northwind.extract_postgres scheduled__2024-02-18T00:00:00+00:00 [queued]>
[2024-07-01T01:15:12.273+0000] {taskinstance.py:2306} INFO - Starting attempt 1 of 2
[2024-07-01T01:15:12.329+0000] {taskinstance.py:2330} INFO - Executing <Task(BashOperator): extract_postgres> on 2024-02-18 00:00:00+00:00
[2024-07-01T01:15:12.387+0000] {standard_task_runner.py:90} INFO - Running: ['airflow', 'tasks', 'run', 'dag_northwind', 'extract_postgres', 'scheduled__2024-02-18T00:00:00+00:00', '--job-id', '522', '--raw', '--subdir', 'DAGS_FOLDER/dag_northwind.py', '--cfg-path', '/tmp/tmprg9ednnc']
[2024-07-01T01:15:12.410+0000] {standard_task_runner.py:91} INFO - Job 522: Subtask extract_postgres
[2024-07-01T01:15:12.404+0000] {logging_mixin.py:188} WARNING - /home/airflow/.local/lib/python3.12/site-packages/airflow/task/task_runner/standard_task_runner.py:61 DeprecationWarning: This process (pid=278) is multi-threaded, use of fork() may lead to deadlocks in the child.
[2024-07-01T01:15:12.415+0000] {standard_task_runner.py:63} INFO - Started process 299 to run task
[2024-07-01T01:15:12.619+0000] {task_command.py:426} INFO - Running <TaskInstance: dag_northwind.extract_postgres scheduled__2024-02-18T00:00:00+00:00 [running]> on host 05d913303710
[2024-07-01T01:15:12.963+0000] {taskinstance.py:2648} INFO - Exporting env vars: AIRFLOW_CTX_DAG_OWNER='airflow' AIRFLOW_CTX_DAG_ID='dag_northwind' AIRFLOW_CTX_TASK_ID='extract_postgres' AIRFLOW_CTX_EXECUTION_DATE='2024-02-18T00:00:00+00:00' AIRFLOW_CTX_TRY_NUMBER='1' AIRFLOW_CTX_DAG_RUN_ID='scheduled__2024-02-18T00:00:00+00:00'
[2024-07-01T01:15:12.965+0000] {taskinstance.py:430} INFO - ::endgroup::
[2024-07-01T01:15:13.058+0000] {subprocess.py:63} INFO - Tmp dir root location: /tmp
[2024-07-01T01:15:13.063+0000] {subprocess.py:75} INFO - Running command: ['/usr/bin/bash', '-c', 'meltano elt tap-postgres target-csv --job_id=extract_postgres_2024-02-18 && mkdir -p /data/postgres/2024-02-18 && mv /project/output/tap-postgres/*.csv /data/postgres/2024-02-18/']
[2024-07-01T01:15:13.148+0000] {subprocess.py:86} INFO - Output:
[2024-07-01T01:15:13.169+0000] {subprocess.py:93} INFO - /usr/bin/bash: line 1: meltano: command not found
[2024-07-01T01:15:13.173+0000] {subprocess.py:97} INFO - Command exited with return code 127
[2024-07-01T01:15:13.178+0000] {taskinstance.py:441} INFO - ::group::Post task execution logs
[2024-07-01T01:15:13.210+0000] {taskinstance.py:2905} ERROR - Task failed with exception
Traceback (most recent call last):
  File "/home/airflow/.local/lib/python3.12/site-packages/airflow/models/taskinstance.py", line 465, in _execute_task
    result = _execute_callable(context=context, **execute_callable_kwargs)
             ^^^^^^^^^^^^^^^^^^^^^^^^^^^^^^^^^^^^^^^^^^^^^^^^^^^^^^^^^^^^^
  File "/home/airflow/.local/lib/python3.12/site-packages/airflow/models/taskinstance.py", line 432, in _execute_callable
    return execute_callable(context=context, **execute_callable_kwargs)
           ^^^^^^^^^^^^^^^^^^^^^^^^^^^^^^^^^^^^^^^^^^^^^^^^^^^^^^^^^^^^
  File "/home/airflow/.local/lib/python3.12/site-packages/airflow/models/baseoperator.py", line 401, in wrapper
    return func(self, *args, **kwargs)
           ^^^^^^^^^^^^^^^^^^^^^^^^^^^
  File "/home/airflow/.local/lib/python3.12/site-packages/airflow/operators/bash.py", line 243, in execute
    raise AirflowException(
airflow.exceptions.AirflowException: Bash command failed. The command returned a non-zero exit code 127.
[2024-07-01T01:15:13.239+0000] {taskinstance.py:1206} INFO - Marking task as UP_FOR_RETRY. dag_id=dag_northwind, task_id=extract_postgres, run_id=scheduled__2024-02-18T00:00:00+00:00, execution_date=20240218T000000, start_date=20240701T011512, end_date=20240701T011513
[2024-07-01T01:15:13.299+0000] {standard_task_runner.py:110} ERROR - Failed to execute job 522 for task extract_postgres (Bash command failed. The command returned a non-zero exit code 127.; 299)
[2024-07-01T01:15:13.348+0000] {local_task_job_runner.py:240} INFO - Task exited with return code 1
[2024-07-01T01:15:13.378+0000] {local_task_job_runner.py:222} INFO - ::endgroup::
[2024-07-01T10:16:26.157+0000] {local_task_job_runner.py:120} INFO - ::group::Pre task execution logs
[2024-07-01T10:16:26.227+0000] {taskinstance.py:2076} INFO - Dependencies all met for dep_context=non-requeueable deps ti=<TaskInstance: dag_northwind.extract_postgres scheduled__2024-02-18T00:00:00+00:00 [queued]>
[2024-07-01T10:16:26.241+0000] {taskinstance.py:2076} INFO - Dependencies all met for dep_context=requeueable deps ti=<TaskInstance: dag_northwind.extract_postgres scheduled__2024-02-18T00:00:00+00:00 [queued]>
[2024-07-01T10:16:26.242+0000] {taskinstance.py:2306} INFO - Starting attempt 1 of 2
[2024-07-01T10:16:26.277+0000] {taskinstance.py:2330} INFO - Executing <Task(BashOperator): extract_postgres> on 2024-02-18 00:00:00+00:00
[2024-07-01T10:16:26.291+0000] {logging_mixin.py:188} WARNING - /home/airflow/.local/lib/python3.12/site-packages/airflow/task/task_runner/standard_task_runner.py:61 DeprecationWarning: This process (pid=5862) is multi-threaded, use of fork() may lead to deadlocks in the child.
[2024-07-01T10:16:26.293+0000] {standard_task_runner.py:63} INFO - Started process 5869 to run task
[2024-07-01T10:16:26.290+0000] {standard_task_runner.py:90} INFO - Running: ['airflow', 'tasks', 'run', 'dag_northwind', 'extract_postgres', 'scheduled__2024-02-18T00:00:00+00:00', '--job-id', '1067', '--raw', '--subdir', 'DAGS_FOLDER/dag_northwind.py', '--cfg-path', '/tmp/tmpj0d63__i']
[2024-07-01T10:16:26.295+0000] {standard_task_runner.py:91} INFO - Job 1067: Subtask extract_postgres
[2024-07-01T10:16:26.386+0000] {task_command.py:426} INFO - Running <TaskInstance: dag_northwind.extract_postgres scheduled__2024-02-18T00:00:00+00:00 [running]> on host 85c6ea7cd9cf
[2024-07-01T10:16:26.565+0000] {taskinstance.py:2648} INFO - Exporting env vars: AIRFLOW_CTX_DAG_OWNER='airflow' AIRFLOW_CTX_DAG_ID='dag_northwind' AIRFLOW_CTX_TASK_ID='extract_postgres' AIRFLOW_CTX_EXECUTION_DATE='2024-02-18T00:00:00+00:00' AIRFLOW_CTX_TRY_NUMBER='1' AIRFLOW_CTX_DAG_RUN_ID='scheduled__2024-02-18T00:00:00+00:00'
[2024-07-01T10:16:26.567+0000] {taskinstance.py:430} INFO - ::endgroup::
[2024-07-01T10:16:26.600+0000] {subprocess.py:63} INFO - Tmp dir root location: /tmp
[2024-07-01T10:16:26.602+0000] {subprocess.py:75} INFO - Running command: ['/usr/bin/bash', '-c', 'meltano elt tap-postgres target-csv --job_id=extract_postgres_2024-02-18 && mkdir -p /data/postgres/2024-02-18 && mv /project/output/tap-postgres/*.csv /data/postgres/2024-02-18/']
[2024-07-01T10:16:26.618+0000] {subprocess.py:86} INFO - Output:
[2024-07-01T10:16:26.622+0000] {subprocess.py:93} INFO - /usr/bin/bash: line 1: meltano: command not found
[2024-07-01T10:16:26.623+0000] {subprocess.py:97} INFO - Command exited with return code 127
[2024-07-01T10:16:26.624+0000] {taskinstance.py:441} INFO - ::group::Post task execution logs
[2024-07-01T10:16:26.648+0000] {taskinstance.py:2905} ERROR - Task failed with exception
Traceback (most recent call last):
  File "/home/airflow/.local/lib/python3.12/site-packages/airflow/models/taskinstance.py", line 465, in _execute_task
    result = _execute_callable(context=context, **execute_callable_kwargs)
             ^^^^^^^^^^^^^^^^^^^^^^^^^^^^^^^^^^^^^^^^^^^^^^^^^^^^^^^^^^^^^
  File "/home/airflow/.local/lib/python3.12/site-packages/airflow/models/taskinstance.py", line 432, in _execute_callable
    return execute_callable(context=context, **execute_callable_kwargs)
           ^^^^^^^^^^^^^^^^^^^^^^^^^^^^^^^^^^^^^^^^^^^^^^^^^^^^^^^^^^^^
  File "/home/airflow/.local/lib/python3.12/site-packages/airflow/models/baseoperator.py", line 401, in wrapper
    return func(self, *args, **kwargs)
           ^^^^^^^^^^^^^^^^^^^^^^^^^^^
  File "/home/airflow/.local/lib/python3.12/site-packages/airflow/operators/bash.py", line 243, in execute
    raise AirflowException(
airflow.exceptions.AirflowException: Bash command failed. The command returned a non-zero exit code 127.
[2024-07-01T10:16:26.659+0000] {taskinstance.py:1206} INFO - Marking task as UP_FOR_RETRY. dag_id=dag_northwind, task_id=extract_postgres, run_id=scheduled__2024-02-18T00:00:00+00:00, execution_date=20240218T000000, start_date=20240701T101626, end_date=20240701T101626
[2024-07-01T10:16:26.689+0000] {standard_task_runner.py:110} ERROR - Failed to execute job 1067 for task extract_postgres (Bash command failed. The command returned a non-zero exit code 127.; 5869)
[2024-07-01T10:16:26.711+0000] {local_task_job_runner.py:240} INFO - Task exited with return code 1
[2024-07-01T10:16:26.743+0000] {local_task_job_runner.py:222} INFO - ::endgroup::
