[2024-07-01T01:20:26.856+0000] {local_task_job_runner.py:120} INFO - ::group::Pre task execution logs
[2024-07-01T01:20:26.903+0000] {taskinstance.py:2076} INFO - Dependencies all met for dep_context=non-requeueable deps ti=<TaskInstance: dag_northwind.extract_csv scheduled__2024-03-03T00:00:00+00:00 [queued]>
[2024-07-01T01:20:26.914+0000] {taskinstance.py:2076} INFO - Dependencies all met for dep_context=requeueable deps ti=<TaskInstance: dag_northwind.extract_csv scheduled__2024-03-03T00:00:00+00:00 [queued]>
[2024-07-01T01:20:26.915+0000] {taskinstance.py:2306} INFO - Starting attempt 2 of 2
[2024-07-01T01:20:26.933+0000] {taskinstance.py:2330} INFO - Executing <Task(BashOperator): extract_csv> on 2024-03-03 00:00:00+00:00
[2024-07-01T01:20:26.943+0000] {standard_task_runner.py:90} INFO - Running: ['airflow', 'tasks', 'run', 'dag_northwind', 'extract_csv', 'scheduled__2024-03-03T00:00:00+00:00', '--job-id', '582', '--raw', '--subdir', 'DAGS_FOLDER/dag_northwind.py', '--cfg-path', '/tmp/tmp4l0krc4_']
[2024-07-01T01:20:26.944+0000] {logging_mixin.py:188} WARNING - /home/airflow/.local/lib/python3.12/site-packages/airflow/task/task_runner/standard_task_runner.py:61 DeprecationWarning: This process (pid=570) is multi-threaded, use of fork() may lead to deadlocks in the child.
[2024-07-01T01:20:26.945+0000] {standard_task_runner.py:91} INFO - Job 582: Subtask extract_csv
[2024-07-01T01:20:26.946+0000] {standard_task_runner.py:63} INFO - Started process 572 to run task
[2024-07-01T01:20:27.010+0000] {task_command.py:426} INFO - Running <TaskInstance: dag_northwind.extract_csv scheduled__2024-03-03T00:00:00+00:00 [running]> on host 05d913303710
[2024-07-01T01:20:27.117+0000] {taskinstance.py:2648} INFO - Exporting env vars: AIRFLOW_CTX_DAG_OWNER='airflow' AIRFLOW_CTX_DAG_ID='dag_northwind' AIRFLOW_CTX_TASK_ID='extract_csv' AIRFLOW_CTX_EXECUTION_DATE='2024-03-03T00:00:00+00:00' AIRFLOW_CTX_TRY_NUMBER='2' AIRFLOW_CTX_DAG_RUN_ID='scheduled__2024-03-03T00:00:00+00:00'
[2024-07-01T01:20:27.118+0000] {taskinstance.py:430} INFO - ::endgroup::
[2024-07-01T01:20:27.140+0000] {subprocess.py:63} INFO - Tmp dir root location: /tmp
[2024-07-01T01:20:27.141+0000] {subprocess.py:75} INFO - Running command: ['/usr/bin/bash', '-c', 'meltano elt tap-csv target-csv --job_id=extract_csv_2024-03-03 && mkdir -p /data/csv/2024-03-03 && mv /project/output/tap-csv/*.csv /data/csv/2024-03-03/']
[2024-07-01T01:20:27.155+0000] {subprocess.py:86} INFO - Output:
[2024-07-01T01:20:27.158+0000] {subprocess.py:93} INFO - /usr/bin/bash: line 1: meltano: command not found
[2024-07-01T01:20:27.158+0000] {subprocess.py:97} INFO - Command exited with return code 127
[2024-07-01T01:20:27.159+0000] {taskinstance.py:441} INFO - ::group::Post task execution logs
[2024-07-01T01:20:27.173+0000] {taskinstance.py:2905} ERROR - Task failed with exception
Traceback (most recent call last):
  File "/home/airflow/.local/lib/python3.12/site-packages/airflow/models/taskinstance.py", line 465, in _execute_task
    result = _execute_callable(context=context, **execute_callable_kwargs)
             ^^^^^^^^^^^^^^^^^^^^^^^^^^^^^^^^^^^^^^^^^^^^^^^^^^^^^^^^^^^^^
  File "/home/airflow/.local/lib/python3.12/site-packages/airflow/models/taskinstance.py", line 432, in _execute_callable
    return execute_callable(context=context, **execute_callable_kwargs)
           ^^^^^^^^^^^^^^^^^^^^^^^^^^^^^^^^^^^^^^^^^^^^^^^^^^^^^^^^^^^^
  File "/home/airflow/.local/lib/python3.12/site-packages/airflow/models/baseoperator.py", line 401, in wrapper
    return func(self, *args, **kwargs)
           ^^^^^^^^^^^^^^^^^^^^^^^^^^^
  File "/home/airflow/.local/lib/python3.12/site-packages/airflow/operators/bash.py", line 243, in execute
    raise AirflowException(
airflow.exceptions.AirflowException: Bash command failed. The command returned a non-zero exit code 127.
[2024-07-01T01:20:27.179+0000] {taskinstance.py:1206} INFO - Marking task as FAILED. dag_id=dag_northwind, task_id=extract_csv, run_id=scheduled__2024-03-03T00:00:00+00:00, execution_date=20240303T000000, start_date=20240701T012026, end_date=20240701T012027
[2024-07-01T01:20:27.196+0000] {standard_task_runner.py:110} ERROR - Failed to execute job 582 for task extract_csv (Bash command failed. The command returned a non-zero exit code 127.; 572)
[2024-07-01T01:20:27.241+0000] {local_task_job_runner.py:240} INFO - Task exited with return code 1
[2024-07-01T01:20:27.252+0000] {local_task_job_runner.py:222} INFO - ::endgroup::
[2024-07-01T10:21:30.837+0000] {local_task_job_runner.py:120} INFO - ::group::Pre task execution logs
[2024-07-01T10:21:30.909+0000] {taskinstance.py:2076} INFO - Dependencies all met for dep_context=non-requeueable deps ti=<TaskInstance: dag_northwind.extract_csv scheduled__2024-03-03T00:00:00+00:00 [queued]>
[2024-07-01T10:21:30.926+0000] {taskinstance.py:2076} INFO - Dependencies all met for dep_context=requeueable deps ti=<TaskInstance: dag_northwind.extract_csv scheduled__2024-03-03T00:00:00+00:00 [queued]>
[2024-07-01T10:21:30.927+0000] {taskinstance.py:2306} INFO - Starting attempt 2 of 2
[2024-07-01T10:21:30.995+0000] {taskinstance.py:2330} INFO - Executing <Task(BashOperator): extract_csv> on 2024-03-03 00:00:00+00:00
[2024-07-01T10:21:31.011+0000] {logging_mixin.py:188} WARNING - /home/airflow/.local/lib/python3.12/site-packages/airflow/task/task_runner/standard_task_runner.py:61 DeprecationWarning: This process (pid=6135) is multi-threaded, use of fork() may lead to deadlocks in the child.
[2024-07-01T10:21:31.014+0000] {standard_task_runner.py:63} INFO - Started process 6146 to run task
[2024-07-01T10:21:31.011+0000] {standard_task_runner.py:90} INFO - Running: ['airflow', 'tasks', 'run', 'dag_northwind', 'extract_csv', 'scheduled__2024-03-03T00:00:00+00:00', '--job-id', '1124', '--raw', '--subdir', 'DAGS_FOLDER/dag_northwind.py', '--cfg-path', '/tmp/tmpwnk43lks']
[2024-07-01T10:21:31.016+0000] {standard_task_runner.py:91} INFO - Job 1124: Subtask extract_csv
[2024-07-01T10:21:31.125+0000] {task_command.py:426} INFO - Running <TaskInstance: dag_northwind.extract_csv scheduled__2024-03-03T00:00:00+00:00 [running]> on host 85c6ea7cd9cf
[2024-07-01T10:21:31.303+0000] {taskinstance.py:2648} INFO - Exporting env vars: AIRFLOW_CTX_DAG_OWNER='airflow' AIRFLOW_CTX_DAG_ID='dag_northwind' AIRFLOW_CTX_TASK_ID='extract_csv' AIRFLOW_CTX_EXECUTION_DATE='2024-03-03T00:00:00+00:00' AIRFLOW_CTX_TRY_NUMBER='2' AIRFLOW_CTX_DAG_RUN_ID='scheduled__2024-03-03T00:00:00+00:00'
[2024-07-01T10:21:31.305+0000] {taskinstance.py:430} INFO - ::endgroup::
[2024-07-01T10:21:31.338+0000] {subprocess.py:63} INFO - Tmp dir root location: /tmp
[2024-07-01T10:21:31.340+0000] {subprocess.py:75} INFO - Running command: ['/usr/bin/bash', '-c', 'meltano elt tap-csv target-csv --job_id=extract_csv_2024-03-03 && mkdir -p /data/csv/2024-03-03 && mv /project/output/tap-csv/*.csv /data/csv/2024-03-03/']
[2024-07-01T10:21:31.352+0000] {subprocess.py:86} INFO - Output:
[2024-07-01T10:21:31.355+0000] {subprocess.py:93} INFO - /usr/bin/bash: line 1: meltano: command not found
[2024-07-01T10:21:31.356+0000] {subprocess.py:97} INFO - Command exited with return code 127
[2024-07-01T10:21:31.358+0000] {taskinstance.py:441} INFO - ::group::Post task execution logs
[2024-07-01T10:21:31.378+0000] {taskinstance.py:2905} ERROR - Task failed with exception
Traceback (most recent call last):
  File "/home/airflow/.local/lib/python3.12/site-packages/airflow/models/taskinstance.py", line 465, in _execute_task
    result = _execute_callable(context=context, **execute_callable_kwargs)
             ^^^^^^^^^^^^^^^^^^^^^^^^^^^^^^^^^^^^^^^^^^^^^^^^^^^^^^^^^^^^^
  File "/home/airflow/.local/lib/python3.12/site-packages/airflow/models/taskinstance.py", line 432, in _execute_callable
    return execute_callable(context=context, **execute_callable_kwargs)
           ^^^^^^^^^^^^^^^^^^^^^^^^^^^^^^^^^^^^^^^^^^^^^^^^^^^^^^^^^^^^
  File "/home/airflow/.local/lib/python3.12/site-packages/airflow/models/baseoperator.py", line 401, in wrapper
    return func(self, *args, **kwargs)
           ^^^^^^^^^^^^^^^^^^^^^^^^^^^
  File "/home/airflow/.local/lib/python3.12/site-packages/airflow/operators/bash.py", line 243, in execute
    raise AirflowException(
airflow.exceptions.AirflowException: Bash command failed. The command returned a non-zero exit code 127.
[2024-07-01T10:21:31.384+0000] {taskinstance.py:1206} INFO - Marking task as FAILED. dag_id=dag_northwind, task_id=extract_csv, run_id=scheduled__2024-03-03T00:00:00+00:00, execution_date=20240303T000000, start_date=20240701T102130, end_date=20240701T102131
[2024-07-01T10:21:31.400+0000] {standard_task_runner.py:110} ERROR - Failed to execute job 1124 for task extract_csv (Bash command failed. The command returned a non-zero exit code 127.; 6146)
[2024-07-01T10:21:31.436+0000] {local_task_job_runner.py:240} INFO - Task exited with return code 1
[2024-07-01T10:21:31.456+0000] {local_task_job_runner.py:222} INFO - ::endgroup::
