[2024-07-01T01:25:41.253+0000] {local_task_job_runner.py:120} INFO - ::group::Pre task execution logs
[2024-07-01T01:25:41.343+0000] {taskinstance.py:2076} INFO - Dependencies all met for dep_context=non-requeueable deps ti=<TaskInstance: dag_northwind.extract_postgres scheduled__2024-03-27T00:00:00+00:00 [queued]>
[2024-07-01T01:25:41.372+0000] {taskinstance.py:2076} INFO - Dependencies all met for dep_context=requeueable deps ti=<TaskInstance: dag_northwind.extract_postgres scheduled__2024-03-27T00:00:00+00:00 [queued]>
[2024-07-01T01:25:41.373+0000] {taskinstance.py:2306} INFO - Starting attempt 1 of 2
[2024-07-01T01:25:41.423+0000] {taskinstance.py:2330} INFO - Executing <Task(BashOperator): extract_postgres> on 2024-03-27 00:00:00+00:00
[2024-07-01T01:25:41.443+0000] {logging_mixin.py:188} WARNING - /home/airflow/.local/lib/python3.12/site-packages/airflow/task/task_runner/standard_task_runner.py:61 DeprecationWarning: This process (pid=918) is multi-threaded, use of fork() may lead to deadlocks in the child.
[2024-07-01T01:25:41.445+0000] {standard_task_runner.py:63} INFO - Started process 939 to run task
[2024-07-01T01:25:41.442+0000] {standard_task_runner.py:90} INFO - Running: ['airflow', 'tasks', 'run', 'dag_northwind', 'extract_postgres', 'scheduled__2024-03-27T00:00:00+00:00', '--job-id', '661', '--raw', '--subdir', 'DAGS_FOLDER/dag_northwind.py', '--cfg-path', '/tmp/tmpw9vik175']
[2024-07-01T01:25:41.453+0000] {standard_task_runner.py:91} INFO - Job 661: Subtask extract_postgres
[2024-07-01T01:25:41.584+0000] {task_command.py:426} INFO - Running <TaskInstance: dag_northwind.extract_postgres scheduled__2024-03-27T00:00:00+00:00 [running]> on host 05d913303710
[2024-07-01T01:25:41.770+0000] {taskinstance.py:2648} INFO - Exporting env vars: AIRFLOW_CTX_DAG_OWNER='airflow' AIRFLOW_CTX_DAG_ID='dag_northwind' AIRFLOW_CTX_TASK_ID='extract_postgres' AIRFLOW_CTX_EXECUTION_DATE='2024-03-27T00:00:00+00:00' AIRFLOW_CTX_TRY_NUMBER='1' AIRFLOW_CTX_DAG_RUN_ID='scheduled__2024-03-27T00:00:00+00:00'
[2024-07-01T01:25:41.776+0000] {taskinstance.py:430} INFO - ::endgroup::
[2024-07-01T01:25:41.822+0000] {subprocess.py:63} INFO - Tmp dir root location: /tmp
[2024-07-01T01:25:41.824+0000] {subprocess.py:75} INFO - Running command: ['/usr/bin/bash', '-c', 'meltano elt tap-postgres target-csv --job_id=extract_postgres_2024-03-27 && mkdir -p /data/postgres/2024-03-27 && mv /project/output/tap-postgres/*.csv /data/postgres/2024-03-27/']
[2024-07-01T01:25:41.841+0000] {subprocess.py:86} INFO - Output:
[2024-07-01T01:25:41.845+0000] {subprocess.py:93} INFO - /usr/bin/bash: line 1: meltano: command not found
[2024-07-01T01:25:41.846+0000] {subprocess.py:97} INFO - Command exited with return code 127
[2024-07-01T01:25:41.848+0000] {taskinstance.py:441} INFO - ::group::Post task execution logs
[2024-07-01T01:25:41.867+0000] {taskinstance.py:2905} ERROR - Task failed with exception
Traceback (most recent call last):
  File "/home/airflow/.local/lib/python3.12/site-packages/airflow/models/taskinstance.py", line 465, in _execute_task
    result = _execute_callable(context=context, **execute_callable_kwargs)
             ^^^^^^^^^^^^^^^^^^^^^^^^^^^^^^^^^^^^^^^^^^^^^^^^^^^^^^^^^^^^^
  File "/home/airflow/.local/lib/python3.12/site-packages/airflow/models/taskinstance.py", line 432, in _execute_callable
    return execute_callable(context=context, **execute_callable_kwargs)
           ^^^^^^^^^^^^^^^^^^^^^^^^^^^^^^^^^^^^^^^^^^^^^^^^^^^^^^^^^^^^
  File "/home/airflow/.local/lib/python3.12/site-packages/airflow/models/baseoperator.py", line 401, in wrapper
    return func(self, *args, **kwargs)
           ^^^^^^^^^^^^^^^^^^^^^^^^^^^
  File "/home/airflow/.local/lib/python3.12/site-packages/airflow/operators/bash.py", line 243, in execute
    raise AirflowException(
airflow.exceptions.AirflowException: Bash command failed. The command returned a non-zero exit code 127.
[2024-07-01T01:25:41.877+0000] {taskinstance.py:1206} INFO - Marking task as UP_FOR_RETRY. dag_id=dag_northwind, task_id=extract_postgres, run_id=scheduled__2024-03-27T00:00:00+00:00, execution_date=20240327T000000, start_date=20240701T012541, end_date=20240701T012541
[2024-07-01T01:25:42.039+0000] {standard_task_runner.py:110} ERROR - Failed to execute job 661 for task extract_postgres (Bash command failed. The command returned a non-zero exit code 127.; 939)
[2024-07-01T01:25:42.068+0000] {local_task_job_runner.py:240} INFO - Task exited with return code 1
[2024-07-01T01:25:42.091+0000] {local_task_job_runner.py:222} INFO - ::endgroup::
[2024-07-01T10:26:44.376+0000] {local_task_job_runner.py:120} INFO - ::group::Pre task execution logs
[2024-07-01T10:26:44.460+0000] {taskinstance.py:2076} INFO - Dependencies all met for dep_context=non-requeueable deps ti=<TaskInstance: dag_northwind.extract_postgres scheduled__2024-03-27T00:00:00+00:00 [queued]>
[2024-07-01T10:26:44.475+0000] {taskinstance.py:2076} INFO - Dependencies all met for dep_context=requeueable deps ti=<TaskInstance: dag_northwind.extract_postgres scheduled__2024-03-27T00:00:00+00:00 [queued]>
[2024-07-01T10:26:44.476+0000] {taskinstance.py:2306} INFO - Starting attempt 1 of 2
[2024-07-01T10:26:44.565+0000] {taskinstance.py:2330} INFO - Executing <Task(BashOperator): extract_postgres> on 2024-03-27 00:00:00+00:00
[2024-07-01T10:26:44.580+0000] {logging_mixin.py:188} WARNING - /home/airflow/.local/lib/python3.12/site-packages/airflow/task/task_runner/standard_task_runner.py:61 DeprecationWarning: This process (pid=6508) is multi-threaded, use of fork() may lead to deadlocks in the child.
[2024-07-01T10:26:44.578+0000] {standard_task_runner.py:90} INFO - Running: ['airflow', 'tasks', 'run', 'dag_northwind', 'extract_postgres', 'scheduled__2024-03-27T00:00:00+00:00', '--job-id', '1208', '--raw', '--subdir', 'DAGS_FOLDER/dag_northwind.py', '--cfg-path', '/tmp/tmpd7m681jj']
[2024-07-01T10:26:44.582+0000] {standard_task_runner.py:63} INFO - Started process 6526 to run task
[2024-07-01T10:26:44.584+0000] {standard_task_runner.py:91} INFO - Job 1208: Subtask extract_postgres
[2024-07-01T10:26:44.698+0000] {task_command.py:426} INFO - Running <TaskInstance: dag_northwind.extract_postgres scheduled__2024-03-27T00:00:00+00:00 [running]> on host 85c6ea7cd9cf
[2024-07-01T10:26:44.830+0000] {taskinstance.py:2648} INFO - Exporting env vars: AIRFLOW_CTX_DAG_OWNER='airflow' AIRFLOW_CTX_DAG_ID='dag_northwind' AIRFLOW_CTX_TASK_ID='extract_postgres' AIRFLOW_CTX_EXECUTION_DATE='2024-03-27T00:00:00+00:00' AIRFLOW_CTX_TRY_NUMBER='1' AIRFLOW_CTX_DAG_RUN_ID='scheduled__2024-03-27T00:00:00+00:00'
[2024-07-01T10:26:44.832+0000] {taskinstance.py:430} INFO - ::endgroup::
[2024-07-01T10:26:44.870+0000] {subprocess.py:63} INFO - Tmp dir root location: /tmp
[2024-07-01T10:26:44.872+0000] {subprocess.py:75} INFO - Running command: ['/usr/bin/bash', '-c', 'meltano elt tap-postgres target-csv --job_id=extract_postgres_2024-03-27 && mkdir -p /data/postgres/2024-03-27 && mv /project/output/tap-postgres/*.csv /data/postgres/2024-03-27/']
[2024-07-01T10:26:44.891+0000] {subprocess.py:86} INFO - Output:
[2024-07-01T10:26:44.895+0000] {subprocess.py:93} INFO - /usr/bin/bash: line 1: meltano: command not found
[2024-07-01T10:26:44.896+0000] {subprocess.py:97} INFO - Command exited with return code 127
[2024-07-01T10:26:44.897+0000] {taskinstance.py:441} INFO - ::group::Post task execution logs
[2024-07-01T10:26:44.917+0000] {taskinstance.py:2905} ERROR - Task failed with exception
Traceback (most recent call last):
  File "/home/airflow/.local/lib/python3.12/site-packages/airflow/models/taskinstance.py", line 465, in _execute_task
    result = _execute_callable(context=context, **execute_callable_kwargs)
             ^^^^^^^^^^^^^^^^^^^^^^^^^^^^^^^^^^^^^^^^^^^^^^^^^^^^^^^^^^^^^
  File "/home/airflow/.local/lib/python3.12/site-packages/airflow/models/taskinstance.py", line 432, in _execute_callable
    return execute_callable(context=context, **execute_callable_kwargs)
           ^^^^^^^^^^^^^^^^^^^^^^^^^^^^^^^^^^^^^^^^^^^^^^^^^^^^^^^^^^^^
  File "/home/airflow/.local/lib/python3.12/site-packages/airflow/models/baseoperator.py", line 401, in wrapper
    return func(self, *args, **kwargs)
           ^^^^^^^^^^^^^^^^^^^^^^^^^^^
  File "/home/airflow/.local/lib/python3.12/site-packages/airflow/operators/bash.py", line 243, in execute
    raise AirflowException(
airflow.exceptions.AirflowException: Bash command failed. The command returned a non-zero exit code 127.
[2024-07-01T10:26:44.932+0000] {taskinstance.py:1206} INFO - Marking task as UP_FOR_RETRY. dag_id=dag_northwind, task_id=extract_postgres, run_id=scheduled__2024-03-27T00:00:00+00:00, execution_date=20240327T000000, start_date=20240701T102644, end_date=20240701T102644
[2024-07-01T10:26:45.093+0000] {standard_task_runner.py:110} ERROR - Failed to execute job 1208 for task extract_postgres (Bash command failed. The command returned a non-zero exit code 127.; 6526)
[2024-07-01T10:26:45.126+0000] {local_task_job_runner.py:240} INFO - Task exited with return code 1
[2024-07-01T10:26:45.186+0000] {taskinstance.py:3503} INFO - 0 downstream tasks scheduled from follow-on schedule check
[2024-07-01T10:26:45.189+0000] {local_task_job_runner.py:222} INFO - ::endgroup::
