[2024-07-01T01:30:43.028+0000] {local_task_job_runner.py:120} INFO - ::group::Pre task execution logs
[2024-07-01T01:30:43.189+0000] {taskinstance.py:2076} INFO - Dependencies all met for dep_context=non-requeueable deps ti=<TaskInstance: dag_northwind.extract_postgres scheduled__2024-03-27T00:00:00+00:00 [queued]>
[2024-07-01T01:30:43.247+0000] {taskinstance.py:2076} INFO - Dependencies all met for dep_context=requeueable deps ti=<TaskInstance: dag_northwind.extract_postgres scheduled__2024-03-27T00:00:00+00:00 [queued]>
[2024-07-01T01:30:43.253+0000] {taskinstance.py:2306} INFO - Starting attempt 2 of 2
[2024-07-01T01:30:43.364+0000] {taskinstance.py:2330} INFO - Executing <Task(BashOperator): extract_postgres> on 2024-03-27 00:00:00+00:00
[2024-07-01T01:30:43.431+0000] {logging_mixin.py:188} WARNING - /home/airflow/.local/lib/python3.12/site-packages/airflow/task/task_runner/standard_task_runner.py:61 DeprecationWarning: This process (pid=1080) is multi-threaded, use of fork() may lead to deadlocks in the child.
[2024-07-01T01:30:43.434+0000] {standard_task_runner.py:63} INFO - Started process 1095 to run task
[2024-07-01T01:30:43.454+0000] {standard_task_runner.py:90} INFO - Running: ['airflow', 'tasks', 'run', 'dag_northwind', 'extract_postgres', 'scheduled__2024-03-27T00:00:00+00:00', '--job-id', '693', '--raw', '--subdir', 'DAGS_FOLDER/dag_northwind.py', '--cfg-path', '/tmp/tmp3xj42l5t']
[2024-07-01T01:30:43.490+0000] {standard_task_runner.py:91} INFO - Job 693: Subtask extract_postgres
[2024-07-01T01:30:43.717+0000] {task_command.py:426} INFO - Running <TaskInstance: dag_northwind.extract_postgres scheduled__2024-03-27T00:00:00+00:00 [running]> on host 05d913303710
[2024-07-01T01:30:44.024+0000] {taskinstance.py:2648} INFO - Exporting env vars: AIRFLOW_CTX_DAG_OWNER='airflow' AIRFLOW_CTX_DAG_ID='dag_northwind' AIRFLOW_CTX_TASK_ID='extract_postgres' AIRFLOW_CTX_EXECUTION_DATE='2024-03-27T00:00:00+00:00' AIRFLOW_CTX_TRY_NUMBER='2' AIRFLOW_CTX_DAG_RUN_ID='scheduled__2024-03-27T00:00:00+00:00'
[2024-07-01T01:30:44.029+0000] {taskinstance.py:430} INFO - ::endgroup::
[2024-07-01T01:30:44.081+0000] {subprocess.py:63} INFO - Tmp dir root location: /tmp
[2024-07-01T01:30:44.082+0000] {subprocess.py:75} INFO - Running command: ['/usr/bin/bash', '-c', 'meltano elt tap-postgres target-csv --job_id=extract_postgres_2024-03-27 && mkdir -p /data/postgres/2024-03-27 && mv /project/output/tap-postgres/*.csv /data/postgres/2024-03-27/']
[2024-07-01T01:30:44.100+0000] {subprocess.py:86} INFO - Output:
[2024-07-01T01:30:44.104+0000] {subprocess.py:93} INFO - /usr/bin/bash: line 1: meltano: command not found
[2024-07-01T01:30:44.105+0000] {subprocess.py:97} INFO - Command exited with return code 127
[2024-07-01T01:30:44.107+0000] {taskinstance.py:441} INFO - ::group::Post task execution logs
[2024-07-01T01:30:44.132+0000] {taskinstance.py:2905} ERROR - Task failed with exception
Traceback (most recent call last):
  File "/home/airflow/.local/lib/python3.12/site-packages/airflow/models/taskinstance.py", line 465, in _execute_task
    result = _execute_callable(context=context, **execute_callable_kwargs)
             ^^^^^^^^^^^^^^^^^^^^^^^^^^^^^^^^^^^^^^^^^^^^^^^^^^^^^^^^^^^^^
  File "/home/airflow/.local/lib/python3.12/site-packages/airflow/models/taskinstance.py", line 432, in _execute_callable
    return execute_callable(context=context, **execute_callable_kwargs)
           ^^^^^^^^^^^^^^^^^^^^^^^^^^^^^^^^^^^^^^^^^^^^^^^^^^^^^^^^^^^^
  File "/home/airflow/.local/lib/python3.12/site-packages/airflow/models/baseoperator.py", line 401, in wrapper
    return func(self, *args, **kwargs)
           ^^^^^^^^^^^^^^^^^^^^^^^^^^^
  File "/home/airflow/.local/lib/python3.12/site-packages/airflow/operators/bash.py", line 243, in execute
    raise AirflowException(
airflow.exceptions.AirflowException: Bash command failed. The command returned a non-zero exit code 127.
[2024-07-01T01:30:44.141+0000] {taskinstance.py:1206} INFO - Marking task as FAILED. dag_id=dag_northwind, task_id=extract_postgres, run_id=scheduled__2024-03-27T00:00:00+00:00, execution_date=20240327T000000, start_date=20240701T013043, end_date=20240701T013044
[2024-07-01T01:30:44.161+0000] {standard_task_runner.py:110} ERROR - Failed to execute job 693 for task extract_postgres (Bash command failed. The command returned a non-zero exit code 127.; 1095)
[2024-07-01T01:30:44.194+0000] {local_task_job_runner.py:240} INFO - Task exited with return code 1
[2024-07-01T01:30:44.243+0000] {taskinstance.py:3503} INFO - 0 downstream tasks scheduled from follow-on schedule check
[2024-07-01T01:30:44.255+0000] {local_task_job_runner.py:222} INFO - ::endgroup::
[2024-07-01T10:31:45.684+0000] {local_task_job_runner.py:120} INFO - ::group::Pre task execution logs
[2024-07-01T10:31:45.812+0000] {taskinstance.py:2076} INFO - Dependencies all met for dep_context=non-requeueable deps ti=<TaskInstance: dag_northwind.extract_postgres scheduled__2024-03-27T00:00:00+00:00 [queued]>
[2024-07-01T10:31:45.851+0000] {taskinstance.py:2076} INFO - Dependencies all met for dep_context=requeueable deps ti=<TaskInstance: dag_northwind.extract_postgres scheduled__2024-03-27T00:00:00+00:00 [queued]>
[2024-07-01T10:31:45.866+0000] {taskinstance.py:2306} INFO - Starting attempt 2 of 2
[2024-07-01T10:31:46.221+0000] {taskinstance.py:2330} INFO - Executing <Task(BashOperator): extract_postgres> on 2024-03-27 00:00:00+00:00
[2024-07-01T10:31:46.240+0000] {logging_mixin.py:188} WARNING - /home/airflow/.local/lib/python3.12/site-packages/airflow/task/task_runner/standard_task_runner.py:61 DeprecationWarning: This process (pid=6664) is multi-threaded, use of fork() may lead to deadlocks in the child.
[2024-07-01T10:31:46.248+0000] {standard_task_runner.py:63} INFO - Started process 6696 to run task
[2024-07-01T10:31:46.247+0000] {standard_task_runner.py:90} INFO - Running: ['airflow', 'tasks', 'run', 'dag_northwind', 'extract_postgres', 'scheduled__2024-03-27T00:00:00+00:00', '--job-id', '1239', '--raw', '--subdir', 'DAGS_FOLDER/dag_northwind.py', '--cfg-path', '/tmp/tmpa1lpq8c0']
[2024-07-01T10:31:46.253+0000] {standard_task_runner.py:91} INFO - Job 1239: Subtask extract_postgres
[2024-07-01T10:31:46.388+0000] {task_command.py:426} INFO - Running <TaskInstance: dag_northwind.extract_postgres scheduled__2024-03-27T00:00:00+00:00 [running]> on host 85c6ea7cd9cf
[2024-07-01T10:31:46.562+0000] {taskinstance.py:2648} INFO - Exporting env vars: AIRFLOW_CTX_DAG_OWNER='airflow' AIRFLOW_CTX_DAG_ID='dag_northwind' AIRFLOW_CTX_TASK_ID='extract_postgres' AIRFLOW_CTX_EXECUTION_DATE='2024-03-27T00:00:00+00:00' AIRFLOW_CTX_TRY_NUMBER='2' AIRFLOW_CTX_DAG_RUN_ID='scheduled__2024-03-27T00:00:00+00:00'
[2024-07-01T10:31:46.563+0000] {taskinstance.py:430} INFO - ::endgroup::
[2024-07-01T10:31:46.585+0000] {subprocess.py:63} INFO - Tmp dir root location: /tmp
[2024-07-01T10:31:46.586+0000] {subprocess.py:75} INFO - Running command: ['/usr/bin/bash', '-c', 'meltano elt tap-postgres target-csv --job_id=extract_postgres_2024-03-27 && mkdir -p /data/postgres/2024-03-27 && mv /project/output/tap-postgres/*.csv /data/postgres/2024-03-27/']
[2024-07-01T10:31:46.596+0000] {subprocess.py:86} INFO - Output:
[2024-07-01T10:31:46.599+0000] {subprocess.py:93} INFO - /usr/bin/bash: line 1: meltano: command not found
[2024-07-01T10:31:46.599+0000] {subprocess.py:97} INFO - Command exited with return code 127
[2024-07-01T10:31:46.600+0000] {taskinstance.py:441} INFO - ::group::Post task execution logs
[2024-07-01T10:31:46.613+0000] {taskinstance.py:2905} ERROR - Task failed with exception
Traceback (most recent call last):
  File "/home/airflow/.local/lib/python3.12/site-packages/airflow/models/taskinstance.py", line 465, in _execute_task
    result = _execute_callable(context=context, **execute_callable_kwargs)
             ^^^^^^^^^^^^^^^^^^^^^^^^^^^^^^^^^^^^^^^^^^^^^^^^^^^^^^^^^^^^^
  File "/home/airflow/.local/lib/python3.12/site-packages/airflow/models/taskinstance.py", line 432, in _execute_callable
    return execute_callable(context=context, **execute_callable_kwargs)
           ^^^^^^^^^^^^^^^^^^^^^^^^^^^^^^^^^^^^^^^^^^^^^^^^^^^^^^^^^^^^
  File "/home/airflow/.local/lib/python3.12/site-packages/airflow/models/baseoperator.py", line 401, in wrapper
    return func(self, *args, **kwargs)
           ^^^^^^^^^^^^^^^^^^^^^^^^^^^
  File "/home/airflow/.local/lib/python3.12/site-packages/airflow/operators/bash.py", line 243, in execute
    raise AirflowException(
airflow.exceptions.AirflowException: Bash command failed. The command returned a non-zero exit code 127.
[2024-07-01T10:31:46.619+0000] {taskinstance.py:1206} INFO - Marking task as FAILED. dag_id=dag_northwind, task_id=extract_postgres, run_id=scheduled__2024-03-27T00:00:00+00:00, execution_date=20240327T000000, start_date=20240701T103145, end_date=20240701T103146
[2024-07-01T10:31:46.635+0000] {standard_task_runner.py:110} ERROR - Failed to execute job 1239 for task extract_postgres (Bash command failed. The command returned a non-zero exit code 127.; 6696)
[2024-07-01T10:31:46.678+0000] {local_task_job_runner.py:240} INFO - Task exited with return code 1
[2024-07-01T10:31:46.690+0000] {local_task_job_runner.py:222} INFO - ::endgroup::
