[2024-07-01T01:15:11.509+0000] {local_task_job_runner.py:120} INFO - ::group::Pre task execution logs
[2024-07-01T01:15:12.223+0000] {taskinstance.py:2076} INFO - Dependencies all met for dep_context=non-requeueable deps ti=<TaskInstance: dag_northwind.extract_csv scheduled__2024-02-25T00:00:00+00:00 [queued]>
[2024-07-01T01:15:12.269+0000] {taskinstance.py:2076} INFO - Dependencies all met for dep_context=requeueable deps ti=<TaskInstance: dag_northwind.extract_csv scheduled__2024-02-25T00:00:00+00:00 [queued]>
[2024-07-01T01:15:12.273+0000] {taskinstance.py:2306} INFO - Starting attempt 1 of 2
[2024-07-01T01:15:12.328+0000] {taskinstance.py:2330} INFO - Executing <Task(BashOperator): extract_csv> on 2024-02-25 00:00:00+00:00
[2024-07-01T01:15:12.390+0000] {logging_mixin.py:188} WARNING - /home/airflow/.local/lib/python3.12/site-packages/airflow/task/task_runner/standard_task_runner.py:61 DeprecationWarning: This process (pid=291) is multi-threaded, use of fork() may lead to deadlocks in the child.
[2024-07-01T01:15:12.377+0000] {standard_task_runner.py:90} INFO - Running: ['airflow', 'tasks', 'run', 'dag_northwind', 'extract_csv', 'scheduled__2024-02-25T00:00:00+00:00', '--job-id', '535', '--raw', '--subdir', 'DAGS_FOLDER/dag_northwind.py', '--cfg-path', '/tmp/tmpblnc07fy']
[2024-07-01T01:15:12.403+0000] {standard_task_runner.py:91} INFO - Job 535: Subtask extract_csv
[2024-07-01T01:15:12.401+0000] {standard_task_runner.py:63} INFO - Started process 296 to run task
[2024-07-01T01:15:12.619+0000] {task_command.py:426} INFO - Running <TaskInstance: dag_northwind.extract_csv scheduled__2024-02-25T00:00:00+00:00 [running]> on host 05d913303710
[2024-07-01T01:15:12.954+0000] {taskinstance.py:2648} INFO - Exporting env vars: AIRFLOW_CTX_DAG_OWNER='airflow' AIRFLOW_CTX_DAG_ID='dag_northwind' AIRFLOW_CTX_TASK_ID='extract_csv' AIRFLOW_CTX_EXECUTION_DATE='2024-02-25T00:00:00+00:00' AIRFLOW_CTX_TRY_NUMBER='1' AIRFLOW_CTX_DAG_RUN_ID='scheduled__2024-02-25T00:00:00+00:00'
[2024-07-01T01:15:12.957+0000] {taskinstance.py:430} INFO - ::endgroup::
[2024-07-01T01:15:13.058+0000] {subprocess.py:63} INFO - Tmp dir root location: /tmp
[2024-07-01T01:15:13.068+0000] {subprocess.py:75} INFO - Running command: ['/usr/bin/bash', '-c', 'meltano elt tap-csv target-csv --job_id=extract_csv_2024-02-25 && mkdir -p /data/csv/2024-02-25 && mv /project/output/tap-csv/*.csv /data/csv/2024-02-25/']
[2024-07-01T01:15:13.129+0000] {subprocess.py:86} INFO - Output:
[2024-07-01T01:15:13.137+0000] {subprocess.py:93} INFO - /usr/bin/bash: line 1: meltano: command not found
[2024-07-01T01:15:13.139+0000] {subprocess.py:97} INFO - Command exited with return code 127
[2024-07-01T01:15:13.146+0000] {taskinstance.py:441} INFO - ::group::Post task execution logs
[2024-07-01T01:15:13.189+0000] {taskinstance.py:2905} ERROR - Task failed with exception
Traceback (most recent call last):
  File "/home/airflow/.local/lib/python3.12/site-packages/airflow/models/taskinstance.py", line 465, in _execute_task
    result = _execute_callable(context=context, **execute_callable_kwargs)
             ^^^^^^^^^^^^^^^^^^^^^^^^^^^^^^^^^^^^^^^^^^^^^^^^^^^^^^^^^^^^^
  File "/home/airflow/.local/lib/python3.12/site-packages/airflow/models/taskinstance.py", line 432, in _execute_callable
    return execute_callable(context=context, **execute_callable_kwargs)
           ^^^^^^^^^^^^^^^^^^^^^^^^^^^^^^^^^^^^^^^^^^^^^^^^^^^^^^^^^^^^
  File "/home/airflow/.local/lib/python3.12/site-packages/airflow/models/baseoperator.py", line 401, in wrapper
    return func(self, *args, **kwargs)
           ^^^^^^^^^^^^^^^^^^^^^^^^^^^
  File "/home/airflow/.local/lib/python3.12/site-packages/airflow/operators/bash.py", line 243, in execute
    raise AirflowException(
airflow.exceptions.AirflowException: Bash command failed. The command returned a non-zero exit code 127.
[2024-07-01T01:15:13.204+0000] {taskinstance.py:1206} INFO - Marking task as UP_FOR_RETRY. dag_id=dag_northwind, task_id=extract_csv, run_id=scheduled__2024-02-25T00:00:00+00:00, execution_date=20240225T000000, start_date=20240701T011512, end_date=20240701T011513
[2024-07-01T01:15:13.269+0000] {standard_task_runner.py:110} ERROR - Failed to execute job 535 for task extract_csv (Bash command failed. The command returned a non-zero exit code 127.; 296)
[2024-07-01T01:15:13.330+0000] {local_task_job_runner.py:240} INFO - Task exited with return code 1
[2024-07-01T01:15:13.356+0000] {local_task_job_runner.py:222} INFO - ::endgroup::
[2024-07-01T10:16:27.502+0000] {local_task_job_runner.py:120} INFO - ::group::Pre task execution logs
[2024-07-01T10:16:27.588+0000] {taskinstance.py:2076} INFO - Dependencies all met for dep_context=non-requeueable deps ti=<TaskInstance: dag_northwind.extract_csv scheduled__2024-02-25T00:00:00+00:00 [queued]>
[2024-07-01T10:16:27.600+0000] {taskinstance.py:2076} INFO - Dependencies all met for dep_context=requeueable deps ti=<TaskInstance: dag_northwind.extract_csv scheduled__2024-02-25T00:00:00+00:00 [queued]>
[2024-07-01T10:16:27.601+0000] {taskinstance.py:2306} INFO - Starting attempt 1 of 2
[2024-07-01T10:16:27.703+0000] {taskinstance.py:2330} INFO - Executing <Task(BashOperator): extract_csv> on 2024-02-25 00:00:00+00:00
[2024-07-01T10:16:27.718+0000] {logging_mixin.py:188} WARNING - /home/airflow/.local/lib/python3.12/site-packages/airflow/task/task_runner/standard_task_runner.py:61 DeprecationWarning: This process (pid=5904) is multi-threaded, use of fork() may lead to deadlocks in the child.
[2024-07-01T10:16:27.721+0000] {standard_task_runner.py:63} INFO - Started process 5917 to run task
[2024-07-01T10:16:27.718+0000] {standard_task_runner.py:90} INFO - Running: ['airflow', 'tasks', 'run', 'dag_northwind', 'extract_csv', 'scheduled__2024-02-25T00:00:00+00:00', '--job-id', '1081', '--raw', '--subdir', 'DAGS_FOLDER/dag_northwind.py', '--cfg-path', '/tmp/tmpuv4a486n']
[2024-07-01T10:16:27.722+0000] {standard_task_runner.py:91} INFO - Job 1081: Subtask extract_csv
[2024-07-01T10:16:27.826+0000] {task_command.py:426} INFO - Running <TaskInstance: dag_northwind.extract_csv scheduled__2024-02-25T00:00:00+00:00 [running]> on host 85c6ea7cd9cf
[2024-07-01T10:16:27.958+0000] {taskinstance.py:2648} INFO - Exporting env vars: AIRFLOW_CTX_DAG_OWNER='airflow' AIRFLOW_CTX_DAG_ID='dag_northwind' AIRFLOW_CTX_TASK_ID='extract_csv' AIRFLOW_CTX_EXECUTION_DATE='2024-02-25T00:00:00+00:00' AIRFLOW_CTX_TRY_NUMBER='1' AIRFLOW_CTX_DAG_RUN_ID='scheduled__2024-02-25T00:00:00+00:00'
[2024-07-01T10:16:27.959+0000] {taskinstance.py:430} INFO - ::endgroup::
[2024-07-01T10:16:27.998+0000] {subprocess.py:63} INFO - Tmp dir root location: /tmp
[2024-07-01T10:16:28.000+0000] {subprocess.py:75} INFO - Running command: ['/usr/bin/bash', '-c', 'meltano elt tap-csv target-csv --job_id=extract_csv_2024-02-25 && mkdir -p /data/csv/2024-02-25 && mv /project/output/tap-csv/*.csv /data/csv/2024-02-25/']
[2024-07-01T10:16:28.023+0000] {subprocess.py:86} INFO - Output:
[2024-07-01T10:16:28.025+0000] {subprocess.py:93} INFO - /usr/bin/bash: line 1: meltano: command not found
[2024-07-01T10:16:28.026+0000] {subprocess.py:97} INFO - Command exited with return code 127
[2024-07-01T10:16:28.027+0000] {taskinstance.py:441} INFO - ::group::Post task execution logs
[2024-07-01T10:16:28.052+0000] {taskinstance.py:2905} ERROR - Task failed with exception
Traceback (most recent call last):
  File "/home/airflow/.local/lib/python3.12/site-packages/airflow/models/taskinstance.py", line 465, in _execute_task
    result = _execute_callable(context=context, **execute_callable_kwargs)
             ^^^^^^^^^^^^^^^^^^^^^^^^^^^^^^^^^^^^^^^^^^^^^^^^^^^^^^^^^^^^^
  File "/home/airflow/.local/lib/python3.12/site-packages/airflow/models/taskinstance.py", line 432, in _execute_callable
    return execute_callable(context=context, **execute_callable_kwargs)
           ^^^^^^^^^^^^^^^^^^^^^^^^^^^^^^^^^^^^^^^^^^^^^^^^^^^^^^^^^^^^
  File "/home/airflow/.local/lib/python3.12/site-packages/airflow/models/baseoperator.py", line 401, in wrapper
    return func(self, *args, **kwargs)
           ^^^^^^^^^^^^^^^^^^^^^^^^^^^
  File "/home/airflow/.local/lib/python3.12/site-packages/airflow/operators/bash.py", line 243, in execute
    raise AirflowException(
airflow.exceptions.AirflowException: Bash command failed. The command returned a non-zero exit code 127.
[2024-07-01T10:16:28.066+0000] {taskinstance.py:1206} INFO - Marking task as UP_FOR_RETRY. dag_id=dag_northwind, task_id=extract_csv, run_id=scheduled__2024-02-25T00:00:00+00:00, execution_date=20240225T000000, start_date=20240701T101627, end_date=20240701T101628
[2024-07-01T10:16:28.243+0000] {standard_task_runner.py:110} ERROR - Failed to execute job 1081 for task extract_csv (Bash command failed. The command returned a non-zero exit code 127.; 5917)
[2024-07-01T10:16:28.265+0000] {local_task_job_runner.py:240} INFO - Task exited with return code 1
[2024-07-01T10:16:28.327+0000] {taskinstance.py:3503} INFO - 0 downstream tasks scheduled from follow-on schedule check
[2024-07-01T10:16:28.330+0000] {local_task_job_runner.py:222} INFO - ::endgroup::
