[2024-07-01T01:30:51.915+0000] {local_task_job_runner.py:120} INFO - ::group::Pre task execution logs
[2024-07-01T01:30:52.003+0000] {taskinstance.py:2076} INFO - Dependencies all met for dep_context=non-requeueable deps ti=<TaskInstance: dag_northwind.extract_postgres scheduled__2024-04-19T00:00:00+00:00 [queued]>
[2024-07-01T01:30:52.027+0000] {taskinstance.py:2076} INFO - Dependencies all met for dep_context=requeueable deps ti=<TaskInstance: dag_northwind.extract_postgres scheduled__2024-04-19T00:00:00+00:00 [queued]>
[2024-07-01T01:30:52.028+0000] {taskinstance.py:2306} INFO - Starting attempt 1 of 2
[2024-07-01T01:30:52.284+0000] {taskinstance.py:2330} INFO - Executing <Task(BashOperator): extract_postgres> on 2024-04-19 00:00:00+00:00
[2024-07-01T01:30:52.304+0000] {logging_mixin.py:188} WARNING - /home/airflow/.local/lib/python3.12/site-packages/airflow/task/task_runner/standard_task_runner.py:61 DeprecationWarning: This process (pid=1294) is multi-threaded, use of fork() may lead to deadlocks in the child.
[2024-07-01T01:30:52.306+0000] {standard_task_runner.py:63} INFO - Started process 1309 to run task
[2024-07-01T01:30:52.302+0000] {standard_task_runner.py:90} INFO - Running: ['airflow', 'tasks', 'run', 'dag_northwind', 'extract_postgres', 'scheduled__2024-04-19T00:00:00+00:00', '--job-id', '740', '--raw', '--subdir', 'DAGS_FOLDER/dag_northwind.py', '--cfg-path', '/tmp/tmpzgx743hp']
[2024-07-01T01:30:52.309+0000] {standard_task_runner.py:91} INFO - Job 740: Subtask extract_postgres
[2024-07-01T01:30:52.418+0000] {task_command.py:426} INFO - Running <TaskInstance: dag_northwind.extract_postgres scheduled__2024-04-19T00:00:00+00:00 [running]> on host 05d913303710
[2024-07-01T01:30:52.587+0000] {taskinstance.py:2648} INFO - Exporting env vars: AIRFLOW_CTX_DAG_OWNER='airflow' AIRFLOW_CTX_DAG_ID='dag_northwind' AIRFLOW_CTX_TASK_ID='extract_postgres' AIRFLOW_CTX_EXECUTION_DATE='2024-04-19T00:00:00+00:00' AIRFLOW_CTX_TRY_NUMBER='1' AIRFLOW_CTX_DAG_RUN_ID='scheduled__2024-04-19T00:00:00+00:00'
[2024-07-01T01:30:52.588+0000] {taskinstance.py:430} INFO - ::endgroup::
[2024-07-01T01:30:52.634+0000] {subprocess.py:63} INFO - Tmp dir root location: /tmp
[2024-07-01T01:30:52.635+0000] {subprocess.py:75} INFO - Running command: ['/usr/bin/bash', '-c', 'meltano elt tap-postgres target-csv --job_id=extract_postgres_2024-04-19 && mkdir -p /data/postgres/2024-04-19 && mv /project/output/tap-postgres/*.csv /data/postgres/2024-04-19/']
[2024-07-01T01:30:52.649+0000] {subprocess.py:86} INFO - Output:
[2024-07-01T01:30:52.654+0000] {subprocess.py:93} INFO - /usr/bin/bash: line 1: meltano: command not found
[2024-07-01T01:30:52.655+0000] {subprocess.py:97} INFO - Command exited with return code 127
[2024-07-01T01:30:52.657+0000] {taskinstance.py:441} INFO - ::group::Post task execution logs
[2024-07-01T01:30:52.673+0000] {taskinstance.py:2905} ERROR - Task failed with exception
Traceback (most recent call last):
  File "/home/airflow/.local/lib/python3.12/site-packages/airflow/models/taskinstance.py", line 465, in _execute_task
    result = _execute_callable(context=context, **execute_callable_kwargs)
             ^^^^^^^^^^^^^^^^^^^^^^^^^^^^^^^^^^^^^^^^^^^^^^^^^^^^^^^^^^^^^
  File "/home/airflow/.local/lib/python3.12/site-packages/airflow/models/taskinstance.py", line 432, in _execute_callable
    return execute_callable(context=context, **execute_callable_kwargs)
           ^^^^^^^^^^^^^^^^^^^^^^^^^^^^^^^^^^^^^^^^^^^^^^^^^^^^^^^^^^^^
  File "/home/airflow/.local/lib/python3.12/site-packages/airflow/models/baseoperator.py", line 401, in wrapper
    return func(self, *args, **kwargs)
           ^^^^^^^^^^^^^^^^^^^^^^^^^^^
  File "/home/airflow/.local/lib/python3.12/site-packages/airflow/operators/bash.py", line 243, in execute
    raise AirflowException(
airflow.exceptions.AirflowException: Bash command failed. The command returned a non-zero exit code 127.
[2024-07-01T01:30:52.679+0000] {taskinstance.py:1206} INFO - Marking task as UP_FOR_RETRY. dag_id=dag_northwind, task_id=extract_postgres, run_id=scheduled__2024-04-19T00:00:00+00:00, execution_date=20240419T000000, start_date=20240701T013052, end_date=20240701T013052
[2024-07-01T01:30:52.714+0000] {standard_task_runner.py:110} ERROR - Failed to execute job 740 for task extract_postgres (Bash command failed. The command returned a non-zero exit code 127.; 1309)
[2024-07-01T01:30:52.724+0000] {local_task_job_runner.py:240} INFO - Task exited with return code 1
[2024-07-01T01:30:52.741+0000] {local_task_job_runner.py:222} INFO - ::endgroup::
[2024-07-01T10:32:01.628+0000] {local_task_job_runner.py:120} INFO - ::group::Pre task execution logs
[2024-07-01T10:32:01.704+0000] {taskinstance.py:2076} INFO - Dependencies all met for dep_context=non-requeueable deps ti=<TaskInstance: dag_northwind.extract_postgres scheduled__2024-04-19T00:00:00+00:00 [queued]>
[2024-07-01T10:32:01.724+0000] {taskinstance.py:2076} INFO - Dependencies all met for dep_context=requeueable deps ti=<TaskInstance: dag_northwind.extract_postgres scheduled__2024-04-19T00:00:00+00:00 [queued]>
[2024-07-01T10:32:01.725+0000] {taskinstance.py:2306} INFO - Starting attempt 1 of 2
[2024-07-01T10:32:01.761+0000] {taskinstance.py:2330} INFO - Executing <Task(BashOperator): extract_postgres> on 2024-04-19 00:00:00+00:00
[2024-07-01T10:32:01.775+0000] {logging_mixin.py:188} WARNING - /home/airflow/.local/lib/python3.12/site-packages/airflow/task/task_runner/standard_task_runner.py:61 DeprecationWarning: This process (pid=6875) is multi-threaded, use of fork() may lead to deadlocks in the child.
[2024-07-01T10:32:01.777+0000] {standard_task_runner.py:63} INFO - Started process 6889 to run task
[2024-07-01T10:32:01.775+0000] {standard_task_runner.py:90} INFO - Running: ['airflow', 'tasks', 'run', 'dag_northwind', 'extract_postgres', 'scheduled__2024-04-19T00:00:00+00:00', '--job-id', '1285', '--raw', '--subdir', 'DAGS_FOLDER/dag_northwind.py', '--cfg-path', '/tmp/tmpwvkbsn69']
[2024-07-01T10:32:01.779+0000] {standard_task_runner.py:91} INFO - Job 1285: Subtask extract_postgres
[2024-07-01T10:32:01.856+0000] {task_command.py:426} INFO - Running <TaskInstance: dag_northwind.extract_postgres scheduled__2024-04-19T00:00:00+00:00 [running]> on host 85c6ea7cd9cf
[2024-07-01T10:32:01.999+0000] {taskinstance.py:2648} INFO - Exporting env vars: AIRFLOW_CTX_DAG_OWNER='airflow' AIRFLOW_CTX_DAG_ID='dag_northwind' AIRFLOW_CTX_TASK_ID='extract_postgres' AIRFLOW_CTX_EXECUTION_DATE='2024-04-19T00:00:00+00:00' AIRFLOW_CTX_TRY_NUMBER='1' AIRFLOW_CTX_DAG_RUN_ID='scheduled__2024-04-19T00:00:00+00:00'
[2024-07-01T10:32:02.001+0000] {taskinstance.py:430} INFO - ::endgroup::
[2024-07-01T10:32:02.035+0000] {subprocess.py:63} INFO - Tmp dir root location: /tmp
[2024-07-01T10:32:02.036+0000] {subprocess.py:75} INFO - Running command: ['/usr/bin/bash', '-c', 'meltano elt tap-postgres target-csv --job_id=extract_postgres_2024-04-19 && mkdir -p /data/postgres/2024-04-19 && mv /project/output/tap-postgres/*.csv /data/postgres/2024-04-19/']
[2024-07-01T10:32:02.050+0000] {subprocess.py:86} INFO - Output:
[2024-07-01T10:32:02.054+0000] {subprocess.py:93} INFO - /usr/bin/bash: line 1: meltano: command not found
[2024-07-01T10:32:02.055+0000] {subprocess.py:97} INFO - Command exited with return code 127
[2024-07-01T10:32:02.057+0000] {taskinstance.py:441} INFO - ::group::Post task execution logs
[2024-07-01T10:32:02.077+0000] {taskinstance.py:2905} ERROR - Task failed with exception
Traceback (most recent call last):
  File "/home/airflow/.local/lib/python3.12/site-packages/airflow/models/taskinstance.py", line 465, in _execute_task
    result = _execute_callable(context=context, **execute_callable_kwargs)
             ^^^^^^^^^^^^^^^^^^^^^^^^^^^^^^^^^^^^^^^^^^^^^^^^^^^^^^^^^^^^^
  File "/home/airflow/.local/lib/python3.12/site-packages/airflow/models/taskinstance.py", line 432, in _execute_callable
    return execute_callable(context=context, **execute_callable_kwargs)
           ^^^^^^^^^^^^^^^^^^^^^^^^^^^^^^^^^^^^^^^^^^^^^^^^^^^^^^^^^^^^
  File "/home/airflow/.local/lib/python3.12/site-packages/airflow/models/baseoperator.py", line 401, in wrapper
    return func(self, *args, **kwargs)
           ^^^^^^^^^^^^^^^^^^^^^^^^^^^
  File "/home/airflow/.local/lib/python3.12/site-packages/airflow/operators/bash.py", line 243, in execute
    raise AirflowException(
airflow.exceptions.AirflowException: Bash command failed. The command returned a non-zero exit code 127.
[2024-07-01T10:32:02.088+0000] {taskinstance.py:1206} INFO - Marking task as UP_FOR_RETRY. dag_id=dag_northwind, task_id=extract_postgres, run_id=scheduled__2024-04-19T00:00:00+00:00, execution_date=20240419T000000, start_date=20240701T103201, end_date=20240701T103202
[2024-07-01T10:32:02.114+0000] {standard_task_runner.py:110} ERROR - Failed to execute job 1285 for task extract_postgres (Bash command failed. The command returned a non-zero exit code 127.; 6889)
[2024-07-01T10:32:02.157+0000] {local_task_job_runner.py:240} INFO - Task exited with return code 1
[2024-07-01T10:32:02.173+0000] {local_task_job_runner.py:222} INFO - ::endgroup::
