[2024-07-12T18:11:55.453+0000] {local_task_job_runner.py:120} INFO - ::group::Pre task execution logs
[2024-07-12T18:11:55.557+0000] {taskinstance.py:2076} INFO - Dependencies all met for dep_context=non-requeueable deps ti=<TaskInstance: dag_pipeline_northwind.extract_postgres_employee_id scheduled__2024-07-10T00:00:00+00:00 [queued]>
[2024-07-12T18:11:55.592+0000] {taskinstance.py:2076} INFO - Dependencies all met for dep_context=requeueable deps ti=<TaskInstance: dag_pipeline_northwind.extract_postgres_employee_id scheduled__2024-07-10T00:00:00+00:00 [queued]>
[2024-07-12T18:11:55.598+0000] {taskinstance.py:2306} INFO - Starting attempt 1 of 2
[2024-07-12T18:11:55.701+0000] {taskinstance.py:2330} INFO - Executing <Task(PythonOperator): extract_postgres_employee_id> on 2024-07-10 00:00:00+00:00
[2024-07-12T18:11:55.722+0000] {standard_task_runner.py:90} INFO - Running: ['airflow', 'tasks', 'run', 'dag_pipeline_northwind', 'extract_postgres_employee_id', 'scheduled__2024-07-10T00:00:00+00:00', '--job-id', '5366', '--raw', '--subdir', 'DAGS_FOLDER/dag_pipeline_northwind.py', '--cfg-path', '/tmp/tmpsm3i6qu5']
[2024-07-12T18:11:55.732+0000] {standard_task_runner.py:91} INFO - Job 5366: Subtask extract_postgres_employee_id
[2024-07-12T18:11:55.737+0000] {logging_mixin.py:188} WARNING - /home/airflow/.local/lib/python3.12/site-packages/airflow/task/task_runner/standard_task_runner.py:61 DeprecationWarning: This process (pid=240) is multi-threaded, use of fork() may lead to deadlocks in the child.
[2024-07-12T18:11:55.739+0000] {standard_task_runner.py:63} INFO - Started process 255 to run task
[2024-07-12T18:11:55.935+0000] {task_command.py:426} INFO - Running <TaskInstance: dag_pipeline_northwind.extract_postgres_employee_id scheduled__2024-07-10T00:00:00+00:00 [running]> on host 93f47577b87b
[2024-07-12T18:11:56.368+0000] {taskinstance.py:2648} INFO - Exporting env vars: AIRFLOW_CTX_DAG_OWNER='airflow' AIRFLOW_CTX_DAG_ID='dag_pipeline_northwind' AIRFLOW_CTX_TASK_ID='extract_postgres_employee_id' AIRFLOW_CTX_EXECUTION_DATE='2024-07-10T00:00:00+00:00' AIRFLOW_CTX_TRY_NUMBER='1' AIRFLOW_CTX_DAG_RUN_ID='scheduled__2024-07-10T00:00:00+00:00'
[2024-07-12T18:11:56.374+0000] {taskinstance.py:430} INFO - ::endgroup::
[2024-07-12T18:11:56.422+0000] {logging_mixin.py:188} INFO - Running command: meltano elt tap-postgres target-csv --transform=run --job_id=extract_postgres_employee_id_2024-07-10
[2024-07-12T18:11:56.447+0000] {logging_mixin.py:188} INFO - Command failed with error: Command 'meltano elt tap-postgres target-csv --transform=run --job_id=extract_postgres_employee_id_2024-07-10' returned non-zero exit status 127.
[2024-07-12T18:11:56.449+0000] {taskinstance.py:441} INFO - ::group::Post task execution logs
[2024-07-12T18:11:56.450+0000] {taskinstance.py:2905} ERROR - Task failed with exception
Traceback (most recent call last):
  File "/home/airflow/.local/lib/python3.12/site-packages/airflow/models/taskinstance.py", line 465, in _execute_task
    result = _execute_callable(context=context, **execute_callable_kwargs)
             ^^^^^^^^^^^^^^^^^^^^^^^^^^^^^^^^^^^^^^^^^^^^^^^^^^^^^^^^^^^^^
  File "/home/airflow/.local/lib/python3.12/site-packages/airflow/models/taskinstance.py", line 432, in _execute_callable
    return execute_callable(context=context, **execute_callable_kwargs)
           ^^^^^^^^^^^^^^^^^^^^^^^^^^^^^^^^^^^^^^^^^^^^^^^^^^^^^^^^^^^^
  File "/home/airflow/.local/lib/python3.12/site-packages/airflow/models/baseoperator.py", line 401, in wrapper
    return func(self, *args, **kwargs)
           ^^^^^^^^^^^^^^^^^^^^^^^^^^^
  File "/home/airflow/.local/lib/python3.12/site-packages/airflow/operators/python.py", line 235, in execute
    return_value = self.execute_callable()
                   ^^^^^^^^^^^^^^^^^^^^^^^
  File "/home/airflow/.local/lib/python3.12/site-packages/airflow/operators/python.py", line 252, in execute_callable
    return self.python_callable(*self.op_args, **self.op_kwargs)
           ^^^^^^^^^^^^^^^^^^^^^^^^^^^^^^^^^^^^^^^^^^^^^^^^^^^^^
  File "/opt/airflow/dags/dag_pipeline_northwind.py", line 40, in extract_postgres_table
    result = subprocess.run(extract_command, shell=True, check=True, capture_output=True, text=True)
             ^^^^^^^^^^^^^^^^^^^^^^^^^^^^^^^^^^^^^^^^^^^^^^^^^^^^^^^^^^^^^^^^^^^^^^^^^^^^^^^^^^^^^^^
  File "/usr/local/lib/python3.12/subprocess.py", line 571, in run
    raise CalledProcessError(retcode, process.args,
subprocess.CalledProcessError: Command 'meltano elt tap-postgres target-csv --transform=run --job_id=extract_postgres_employee_id_2024-07-10' returned non-zero exit status 127.
[2024-07-12T18:11:56.494+0000] {taskinstance.py:1206} INFO - Marking task as UP_FOR_RETRY. dag_id=dag_pipeline_northwind, task_id=extract_postgres_employee_id, run_id=scheduled__2024-07-10T00:00:00+00:00, execution_date=20240710T000000, start_date=20240712T181155, end_date=20240712T181156
[2024-07-12T18:11:56.585+0000] {standard_task_runner.py:110} ERROR - Failed to execute job 5366 for task extract_postgres_employee_id (Command 'meltano elt tap-postgres target-csv --transform=run --job_id=extract_postgres_employee_id_2024-07-10' returned non-zero exit status 127.; 255)
[2024-07-12T18:11:56.626+0000] {local_task_job_runner.py:240} INFO - Task exited with return code 1
[2024-07-12T18:11:56.652+0000] {local_task_job_runner.py:222} INFO - ::endgroup::
[2024-07-12T18:31:53.908+0000] {local_task_job_runner.py:120} INFO - ::group::Pre task execution logs
[2024-07-12T18:31:54.029+0000] {taskinstance.py:2076} INFO - Dependencies all met for dep_context=non-requeueable deps ti=<TaskInstance: dag_pipeline_northwind.extract_postgres_employee_id scheduled__2024-07-10T00:00:00+00:00 [queued]>
[2024-07-12T18:31:54.046+0000] {taskinstance.py:2076} INFO - Dependencies all met for dep_context=requeueable deps ti=<TaskInstance: dag_pipeline_northwind.extract_postgres_employee_id scheduled__2024-07-10T00:00:00+00:00 [queued]>
[2024-07-12T18:31:54.047+0000] {taskinstance.py:2306} INFO - Starting attempt 1 of 2
[2024-07-12T18:31:54.077+0000] {taskinstance.py:2330} INFO - Executing <Task(PythonOperator): extract_postgres_employee_id> on 2024-07-10 00:00:00+00:00
[2024-07-12T18:31:54.120+0000] {logging_mixin.py:188} WARNING - /home/airflow/.local/lib/python3.12/site-packages/airflow/task/task_runner/standard_task_runner.py:61 DeprecationWarning: This process (pid=260) is multi-threaded, use of fork() may lead to deadlocks in the child.
[2024-07-12T18:31:54.142+0000] {standard_task_runner.py:63} INFO - Started process 262 to run task
[2024-07-12T18:31:54.105+0000] {standard_task_runner.py:90} INFO - Running: ['airflow', 'tasks', 'run', 'dag_pipeline_northwind', 'extract_postgres_employee_id', 'scheduled__2024-07-10T00:00:00+00:00', '--job-id', '5442', '--raw', '--subdir', 'DAGS_FOLDER/dag_pipeline_northwind.py', '--cfg-path', '/tmp/tmp5n5q5dmk']
[2024-07-12T18:31:54.146+0000] {standard_task_runner.py:91} INFO - Job 5442: Subtask extract_postgres_employee_id
[2024-07-12T18:31:54.383+0000] {task_command.py:426} INFO - Running <TaskInstance: dag_pipeline_northwind.extract_postgres_employee_id scheduled__2024-07-10T00:00:00+00:00 [running]> on host da29552222cb
[2024-07-12T18:31:54.629+0000] {taskinstance.py:2648} INFO - Exporting env vars: AIRFLOW_CTX_DAG_OWNER='airflow' AIRFLOW_CTX_DAG_ID='dag_pipeline_northwind' AIRFLOW_CTX_TASK_ID='extract_postgres_employee_id' AIRFLOW_CTX_EXECUTION_DATE='2024-07-10T00:00:00+00:00' AIRFLOW_CTX_TRY_NUMBER='1' AIRFLOW_CTX_DAG_RUN_ID='scheduled__2024-07-10T00:00:00+00:00'
[2024-07-12T18:31:54.631+0000] {taskinstance.py:430} INFO - ::endgroup::
[2024-07-12T18:31:54.672+0000] {logging_mixin.py:188} INFO - Running command: meltano elt tap-postgres target-csv --transform=run --job_id=extract_postgres_employee_id_2024-07-10
[2024-07-12T18:31:54.680+0000] {logging_mixin.py:188} INFO - Command failed with error: Command 'meltano elt tap-postgres target-csv --transform=run --job_id=extract_postgres_employee_id_2024-07-10' returned non-zero exit status 127.
[2024-07-12T18:31:54.682+0000] {taskinstance.py:441} INFO - ::group::Post task execution logs
[2024-07-12T18:31:54.693+0000] {taskinstance.py:2905} ERROR - Task failed with exception
Traceback (most recent call last):
  File "/home/airflow/.local/lib/python3.12/site-packages/airflow/models/taskinstance.py", line 465, in _execute_task
    result = _execute_callable(context=context, **execute_callable_kwargs)
             ^^^^^^^^^^^^^^^^^^^^^^^^^^^^^^^^^^^^^^^^^^^^^^^^^^^^^^^^^^^^^
  File "/home/airflow/.local/lib/python3.12/site-packages/airflow/models/taskinstance.py", line 432, in _execute_callable
    return execute_callable(context=context, **execute_callable_kwargs)
           ^^^^^^^^^^^^^^^^^^^^^^^^^^^^^^^^^^^^^^^^^^^^^^^^^^^^^^^^^^^^
  File "/home/airflow/.local/lib/python3.12/site-packages/airflow/models/baseoperator.py", line 401, in wrapper
    return func(self, *args, **kwargs)
           ^^^^^^^^^^^^^^^^^^^^^^^^^^^
  File "/home/airflow/.local/lib/python3.12/site-packages/airflow/operators/python.py", line 235, in execute
    return_value = self.execute_callable()
                   ^^^^^^^^^^^^^^^^^^^^^^^
  File "/home/airflow/.local/lib/python3.12/site-packages/airflow/operators/python.py", line 252, in execute_callable
    return self.python_callable(*self.op_args, **self.op_kwargs)
           ^^^^^^^^^^^^^^^^^^^^^^^^^^^^^^^^^^^^^^^^^^^^^^^^^^^^^
  File "/opt/airflow/dags/dag_pipeline_northwind.py", line 40, in extract_postgres_table
    result = subprocess.run(extract_command, shell=True, check=True, capture_output=True, text=True)
             ^^^^^^^^^^^^^^^^^^^^^^^^^^^^^^^^^^^^^^^^^^^^^^^^^^^^^^^^^^^^^^^^^^^^^^^^^^^^^^^^^^^^^^^
  File "/usr/local/lib/python3.12/subprocess.py", line 571, in run
    raise CalledProcessError(retcode, process.args,
subprocess.CalledProcessError: Command 'meltano elt tap-postgres target-csv --transform=run --job_id=extract_postgres_employee_id_2024-07-10' returned non-zero exit status 127.
[2024-07-12T18:31:54.735+0000] {taskinstance.py:1206} INFO - Marking task as UP_FOR_RETRY. dag_id=dag_pipeline_northwind, task_id=extract_postgres_employee_id, run_id=scheduled__2024-07-10T00:00:00+00:00, execution_date=20240710T000000, start_date=20240712T183154, end_date=20240712T183154
[2024-07-12T18:31:54.796+0000] {standard_task_runner.py:110} ERROR - Failed to execute job 5442 for task extract_postgres_employee_id (Command 'meltano elt tap-postgres target-csv --transform=run --job_id=extract_postgres_employee_id_2024-07-10' returned non-zero exit status 127.; 262)
[2024-07-12T18:31:54.822+0000] {local_task_job_runner.py:240} INFO - Task exited with return code 1
[2024-07-12T18:31:54.848+0000] {local_task_job_runner.py:222} INFO - ::endgroup::
[2024-07-12T19:04:21.784+0000] {local_task_job_runner.py:120} INFO - ::group::Pre task execution logs
[2024-07-12T19:04:21.939+0000] {taskinstance.py:2076} INFO - Dependencies all met for dep_context=non-requeueable deps ti=<TaskInstance: dag_pipeline_northwind.extract_postgres_employee_id scheduled__2024-07-10T00:00:00+00:00 [queued]>
[2024-07-12T19:04:21.975+0000] {taskinstance.py:2076} INFO - Dependencies all met for dep_context=requeueable deps ti=<TaskInstance: dag_pipeline_northwind.extract_postgres_employee_id scheduled__2024-07-10T00:00:00+00:00 [queued]>
[2024-07-12T19:04:21.977+0000] {taskinstance.py:2306} INFO - Starting attempt 1 of 2
[2024-07-12T19:04:22.039+0000] {taskinstance.py:2330} INFO - Executing <Task(PythonOperator): extract_postgres_employee_id> on 2024-07-10 00:00:00+00:00
[2024-07-12T19:04:22.054+0000] {standard_task_runner.py:90} INFO - Running: ['airflow', 'tasks', 'run', 'dag_pipeline_northwind', 'extract_postgres_employee_id', 'scheduled__2024-07-10T00:00:00+00:00', '--job-id', '5554', '--raw', '--subdir', 'DAGS_FOLDER/dag_pipeline_northwind.py', '--cfg-path', '/tmp/tmpefaiibo1']
[2024-07-12T19:04:22.067+0000] {standard_task_runner.py:91} INFO - Job 5554: Subtask extract_postgres_employee_id
[2024-07-12T19:04:22.072+0000] {logging_mixin.py:188} WARNING - /home/airflow/.local/lib/python3.12/site-packages/airflow/task/task_runner/standard_task_runner.py:61 DeprecationWarning: This process (pid=237) is multi-threaded, use of fork() may lead to deadlocks in the child.
[2024-07-12T19:04:22.075+0000] {standard_task_runner.py:63} INFO - Started process 254 to run task
[2024-07-12T19:04:22.214+0000] {task_command.py:426} INFO - Running <TaskInstance: dag_pipeline_northwind.extract_postgres_employee_id scheduled__2024-07-10T00:00:00+00:00 [running]> on host 5ef7300ef9b1
[2024-07-12T19:04:22.483+0000] {taskinstance.py:2648} INFO - Exporting env vars: AIRFLOW_CTX_DAG_OWNER='airflow' AIRFLOW_CTX_DAG_ID='dag_pipeline_northwind' AIRFLOW_CTX_TASK_ID='extract_postgres_employee_id' AIRFLOW_CTX_EXECUTION_DATE='2024-07-10T00:00:00+00:00' AIRFLOW_CTX_TRY_NUMBER='1' AIRFLOW_CTX_DAG_RUN_ID='scheduled__2024-07-10T00:00:00+00:00'
[2024-07-12T19:04:22.487+0000] {taskinstance.py:430} INFO - ::endgroup::
[2024-07-12T19:04:22.526+0000] {logging_mixin.py:188} INFO - Running command: meltano elt tap-postgres target-csv --transform=run --job_id=extract_postgres_employee_id_2024-07-10
[2024-07-12T19:04:22.539+0000] {logging_mixin.py:188} INFO - Command failed with error: Command 'meltano elt tap-postgres target-csv --transform=run --job_id=extract_postgres_employee_id_2024-07-10' returned non-zero exit status 127.
[2024-07-12T19:04:22.546+0000] {taskinstance.py:441} INFO - ::group::Post task execution logs
[2024-07-12T19:04:22.553+0000] {taskinstance.py:2905} ERROR - Task failed with exception
Traceback (most recent call last):
  File "/home/airflow/.local/lib/python3.12/site-packages/airflow/models/taskinstance.py", line 465, in _execute_task
    result = _execute_callable(context=context, **execute_callable_kwargs)
             ^^^^^^^^^^^^^^^^^^^^^^^^^^^^^^^^^^^^^^^^^^^^^^^^^^^^^^^^^^^^^
  File "/home/airflow/.local/lib/python3.12/site-packages/airflow/models/taskinstance.py", line 432, in _execute_callable
    return execute_callable(context=context, **execute_callable_kwargs)
           ^^^^^^^^^^^^^^^^^^^^^^^^^^^^^^^^^^^^^^^^^^^^^^^^^^^^^^^^^^^^
  File "/home/airflow/.local/lib/python3.12/site-packages/airflow/models/baseoperator.py", line 401, in wrapper
    return func(self, *args, **kwargs)
           ^^^^^^^^^^^^^^^^^^^^^^^^^^^
  File "/home/airflow/.local/lib/python3.12/site-packages/airflow/operators/python.py", line 235, in execute
    return_value = self.execute_callable()
                   ^^^^^^^^^^^^^^^^^^^^^^^
  File "/home/airflow/.local/lib/python3.12/site-packages/airflow/operators/python.py", line 252, in execute_callable
    return self.python_callable(*self.op_args, **self.op_kwargs)
           ^^^^^^^^^^^^^^^^^^^^^^^^^^^^^^^^^^^^^^^^^^^^^^^^^^^^^
  File "/opt/airflow/dags/dag_pipeline_northwind.py", line 40, in extract_postgres_table
    result = subprocess.run(extract_command, shell=True, check=True, capture_output=True, text=True)
             ^^^^^^^^^^^^^^^^^^^^^^^^^^^^^^^^^^^^^^^^^^^^^^^^^^^^^^^^^^^^^^^^^^^^^^^^^^^^^^^^^^^^^^^
  File "/usr/local/lib/python3.12/subprocess.py", line 571, in run
    raise CalledProcessError(retcode, process.args,
subprocess.CalledProcessError: Command 'meltano elt tap-postgres target-csv --transform=run --job_id=extract_postgres_employee_id_2024-07-10' returned non-zero exit status 127.
[2024-07-12T19:04:22.629+0000] {taskinstance.py:1206} INFO - Marking task as UP_FOR_RETRY. dag_id=dag_pipeline_northwind, task_id=extract_postgres_employee_id, run_id=scheduled__2024-07-10T00:00:00+00:00, execution_date=20240710T000000, start_date=20240712T190421, end_date=20240712T190422
[2024-07-12T19:04:22.681+0000] {standard_task_runner.py:110} ERROR - Failed to execute job 5554 for task extract_postgres_employee_id (Command 'meltano elt tap-postgres target-csv --transform=run --job_id=extract_postgres_employee_id_2024-07-10' returned non-zero exit status 127.; 254)
[2024-07-12T19:04:22.710+0000] {local_task_job_runner.py:240} INFO - Task exited with return code 1
[2024-07-12T19:04:22.848+0000] {taskinstance.py:3503} INFO - 0 downstream tasks scheduled from follow-on schedule check
[2024-07-12T19:04:22.855+0000] {local_task_job_runner.py:222} INFO - ::endgroup::
[2024-07-14T21:47:54.883+0000] {local_task_job_runner.py:120} INFO - ::group::Pre task execution logs
[2024-07-14T21:47:54.992+0000] {taskinstance.py:2076} INFO - Dependencies all met for dep_context=non-requeueable deps ti=<TaskInstance: dag_pipeline_northwind.extract_postgres_employee_id scheduled__2024-07-10T00:00:00+00:00 [queued]>
[2024-07-14T21:47:55.019+0000] {taskinstance.py:2076} INFO - Dependencies all met for dep_context=requeueable deps ti=<TaskInstance: dag_pipeline_northwind.extract_postgres_employee_id scheduled__2024-07-10T00:00:00+00:00 [queued]>
[2024-07-14T21:47:55.020+0000] {taskinstance.py:2306} INFO - Starting attempt 1 of 2
[2024-07-14T21:47:55.055+0000] {taskinstance.py:2330} INFO - Executing <Task(PythonOperator): extract_postgres_employee_id> on 2024-07-10 00:00:00+00:00
[2024-07-14T21:47:55.065+0000] {standard_task_runner.py:90} INFO - Running: ['airflow', 'tasks', 'run', 'dag_pipeline_northwind', 'extract_postgres_employee_id', 'scheduled__2024-07-10T00:00:00+00:00', '--job-id', '5704', '--raw', '--subdir', 'DAGS_FOLDER/dag_pipeline_northwind.py', '--cfg-path', '/tmp/tmpyvzp33u2']
[2024-07-14T21:47:55.071+0000] {standard_task_runner.py:91} INFO - Job 5704: Subtask extract_postgres_employee_id
[2024-07-14T21:47:55.088+0000] {logging_mixin.py:188} WARNING - /home/airflow/.local/lib/python3.12/site-packages/airflow/task/task_runner/standard_task_runner.py:61 DeprecationWarning: This process (pid=236) is multi-threaded, use of fork() may lead to deadlocks in the child.
[2024-07-14T21:47:55.089+0000] {standard_task_runner.py:63} INFO - Started process 248 to run task
[2024-07-14T21:47:55.192+0000] {task_command.py:426} INFO - Running <TaskInstance: dag_pipeline_northwind.extract_postgres_employee_id scheduled__2024-07-10T00:00:00+00:00 [running]> on host ee4b7f7f7c3e
[2024-07-14T21:47:55.418+0000] {taskinstance.py:2648} INFO - Exporting env vars: AIRFLOW_CTX_DAG_OWNER='airflow' AIRFLOW_CTX_DAG_ID='dag_pipeline_northwind' AIRFLOW_CTX_TASK_ID='extract_postgres_employee_id' AIRFLOW_CTX_EXECUTION_DATE='2024-07-10T00:00:00+00:00' AIRFLOW_CTX_TRY_NUMBER='1' AIRFLOW_CTX_DAG_RUN_ID='scheduled__2024-07-10T00:00:00+00:00'
[2024-07-14T21:47:55.424+0000] {taskinstance.py:430} INFO - ::endgroup::
[2024-07-14T21:47:55.490+0000] {logging_mixin.py:188} INFO - Running command: meltano elt tap-postgres target-csv --transform=run --job_id=extract_postgres_employee_id_2024-07-10
[2024-07-14T21:47:55.745+0000] {logging_mixin.py:188} INFO - Command failed with error: Command 'meltano elt tap-postgres target-csv --transform=run --job_id=extract_postgres_employee_id_2024-07-10' returned non-zero exit status 127.
[2024-07-14T21:47:55.746+0000] {taskinstance.py:441} INFO - ::group::Post task execution logs
[2024-07-14T21:47:55.747+0000] {taskinstance.py:2905} ERROR - Task failed with exception
Traceback (most recent call last):
  File "/home/airflow/.local/lib/python3.12/site-packages/airflow/models/taskinstance.py", line 465, in _execute_task
    result = _execute_callable(context=context, **execute_callable_kwargs)
             ^^^^^^^^^^^^^^^^^^^^^^^^^^^^^^^^^^^^^^^^^^^^^^^^^^^^^^^^^^^^^
  File "/home/airflow/.local/lib/python3.12/site-packages/airflow/models/taskinstance.py", line 432, in _execute_callable
    return execute_callable(context=context, **execute_callable_kwargs)
           ^^^^^^^^^^^^^^^^^^^^^^^^^^^^^^^^^^^^^^^^^^^^^^^^^^^^^^^^^^^^
  File "/home/airflow/.local/lib/python3.12/site-packages/airflow/models/baseoperator.py", line 401, in wrapper
    return func(self, *args, **kwargs)
           ^^^^^^^^^^^^^^^^^^^^^^^^^^^
  File "/home/airflow/.local/lib/python3.12/site-packages/airflow/operators/python.py", line 235, in execute
    return_value = self.execute_callable()
                   ^^^^^^^^^^^^^^^^^^^^^^^
  File "/home/airflow/.local/lib/python3.12/site-packages/airflow/operators/python.py", line 252, in execute_callable
    return self.python_callable(*self.op_args, **self.op_kwargs)
           ^^^^^^^^^^^^^^^^^^^^^^^^^^^^^^^^^^^^^^^^^^^^^^^^^^^^^
  File "/opt/airflow/dags/dag_pipeline_northwind.py", line 40, in extract_postgres_table
    result = subprocess.run(extract_command, shell=True, check=True, capture_output=True, text=True)
             ^^^^^^^^^^^^^^^^^^^^^^^^^^^^^^^^^^^^^^^^^^^^^^^^^^^^^^^^^^^^^^^^^^^^^^^^^^^^^^^^^^^^^^^
  File "/usr/local/lib/python3.12/subprocess.py", line 571, in run
    raise CalledProcessError(retcode, process.args,
subprocess.CalledProcessError: Command 'meltano elt tap-postgres target-csv --transform=run --job_id=extract_postgres_employee_id_2024-07-10' returned non-zero exit status 127.
[2024-07-14T21:47:55.809+0000] {taskinstance.py:1206} INFO - Marking task as UP_FOR_RETRY. dag_id=dag_pipeline_northwind, task_id=extract_postgres_employee_id, run_id=scheduled__2024-07-10T00:00:00+00:00, execution_date=20240710T000000, start_date=20240714T214754, end_date=20240714T214755
[2024-07-14T21:47:55.904+0000] {standard_task_runner.py:110} ERROR - Failed to execute job 5704 for task extract_postgres_employee_id (Command 'meltano elt tap-postgres target-csv --transform=run --job_id=extract_postgres_employee_id_2024-07-10' returned non-zero exit status 127.; 248)
[2024-07-14T21:47:55.957+0000] {local_task_job_runner.py:240} INFO - Task exited with return code 1
[2024-07-14T21:47:55.996+0000] {local_task_job_runner.py:222} INFO - ::endgroup::
