[2024-07-01T01:20:31.714+0000] {local_task_job_runner.py:120} INFO - ::group::Pre task execution logs
[2024-07-01T01:20:31.793+0000] {taskinstance.py:2076} INFO - Dependencies all met for dep_context=non-requeueable deps ti=<TaskInstance: dag_northwind.extract_csv scheduled__2024-03-17T00:00:00+00:00 [queued]>
[2024-07-01T01:20:31.813+0000] {taskinstance.py:2076} INFO - Dependencies all met for dep_context=requeueable deps ti=<TaskInstance: dag_northwind.extract_csv scheduled__2024-03-17T00:00:00+00:00 [queued]>
[2024-07-01T01:20:31.815+0000] {taskinstance.py:2306} INFO - Starting attempt 1 of 2
[2024-07-01T01:20:32.027+0000] {taskinstance.py:2330} INFO - Executing <Task(BashOperator): extract_csv> on 2024-03-17 00:00:00+00:00
[2024-07-01T01:20:32.042+0000] {logging_mixin.py:188} WARNING - /home/airflow/.local/lib/python3.12/site-packages/airflow/task/task_runner/standard_task_runner.py:61 DeprecationWarning: This process (pid=669) is multi-threaded, use of fork() may lead to deadlocks in the child.
[2024-07-01T01:20:32.044+0000] {standard_task_runner.py:63} INFO - Started process 684 to run task
[2024-07-01T01:20:32.040+0000] {standard_task_runner.py:90} INFO - Running: ['airflow', 'tasks', 'run', 'dag_northwind', 'extract_csv', 'scheduled__2024-03-17T00:00:00+00:00', '--job-id', '610', '--raw', '--subdir', 'DAGS_FOLDER/dag_northwind.py', '--cfg-path', '/tmp/tmp4278cwoe']
[2024-07-01T01:20:32.046+0000] {standard_task_runner.py:91} INFO - Job 610: Subtask extract_csv
[2024-07-01T01:20:32.142+0000] {task_command.py:426} INFO - Running <TaskInstance: dag_northwind.extract_csv scheduled__2024-03-17T00:00:00+00:00 [running]> on host 05d913303710
[2024-07-01T01:20:32.290+0000] {taskinstance.py:2648} INFO - Exporting env vars: AIRFLOW_CTX_DAG_OWNER='airflow' AIRFLOW_CTX_DAG_ID='dag_northwind' AIRFLOW_CTX_TASK_ID='extract_csv' AIRFLOW_CTX_EXECUTION_DATE='2024-03-17T00:00:00+00:00' AIRFLOW_CTX_TRY_NUMBER='1' AIRFLOW_CTX_DAG_RUN_ID='scheduled__2024-03-17T00:00:00+00:00'
[2024-07-01T01:20:32.291+0000] {taskinstance.py:430} INFO - ::endgroup::
[2024-07-01T01:20:32.325+0000] {subprocess.py:63} INFO - Tmp dir root location: /tmp
[2024-07-01T01:20:32.326+0000] {subprocess.py:75} INFO - Running command: ['/usr/bin/bash', '-c', 'meltano elt tap-csv target-csv --job_id=extract_csv_2024-03-17 && mkdir -p /data/csv/2024-03-17 && mv /project/output/tap-csv/*.csv /data/csv/2024-03-17/']
[2024-07-01T01:20:32.339+0000] {subprocess.py:86} INFO - Output:
[2024-07-01T01:20:32.341+0000] {subprocess.py:93} INFO - /usr/bin/bash: line 1: meltano: command not found
[2024-07-01T01:20:32.342+0000] {subprocess.py:97} INFO - Command exited with return code 127
[2024-07-01T01:20:32.343+0000] {taskinstance.py:441} INFO - ::group::Post task execution logs
[2024-07-01T01:20:32.362+0000] {taskinstance.py:2905} ERROR - Task failed with exception
Traceback (most recent call last):
  File "/home/airflow/.local/lib/python3.12/site-packages/airflow/models/taskinstance.py", line 465, in _execute_task
    result = _execute_callable(context=context, **execute_callable_kwargs)
             ^^^^^^^^^^^^^^^^^^^^^^^^^^^^^^^^^^^^^^^^^^^^^^^^^^^^^^^^^^^^^
  File "/home/airflow/.local/lib/python3.12/site-packages/airflow/models/taskinstance.py", line 432, in _execute_callable
    return execute_callable(context=context, **execute_callable_kwargs)
           ^^^^^^^^^^^^^^^^^^^^^^^^^^^^^^^^^^^^^^^^^^^^^^^^^^^^^^^^^^^^
  File "/home/airflow/.local/lib/python3.12/site-packages/airflow/models/baseoperator.py", line 401, in wrapper
    return func(self, *args, **kwargs)
           ^^^^^^^^^^^^^^^^^^^^^^^^^^^
  File "/home/airflow/.local/lib/python3.12/site-packages/airflow/operators/bash.py", line 243, in execute
    raise AirflowException(
airflow.exceptions.AirflowException: Bash command failed. The command returned a non-zero exit code 127.
[2024-07-01T01:20:32.374+0000] {taskinstance.py:1206} INFO - Marking task as UP_FOR_RETRY. dag_id=dag_northwind, task_id=extract_csv, run_id=scheduled__2024-03-17T00:00:00+00:00, execution_date=20240317T000000, start_date=20240701T012031, end_date=20240701T012032
[2024-07-01T01:20:32.402+0000] {standard_task_runner.py:110} ERROR - Failed to execute job 610 for task extract_csv (Bash command failed. The command returned a non-zero exit code 127.; 684)
[2024-07-01T01:20:32.422+0000] {local_task_job_runner.py:240} INFO - Task exited with return code 1
[2024-07-01T01:20:32.439+0000] {local_task_job_runner.py:222} INFO - ::endgroup::
[2024-07-01T10:21:38.819+0000] {local_task_job_runner.py:120} INFO - ::group::Pre task execution logs
[2024-07-01T10:21:38.885+0000] {taskinstance.py:2076} INFO - Dependencies all met for dep_context=non-requeueable deps ti=<TaskInstance: dag_northwind.extract_csv scheduled__2024-03-17T00:00:00+00:00 [queued]>
[2024-07-01T10:21:38.902+0000] {taskinstance.py:2076} INFO - Dependencies all met for dep_context=requeueable deps ti=<TaskInstance: dag_northwind.extract_csv scheduled__2024-03-17T00:00:00+00:00 [queued]>
[2024-07-01T10:21:38.903+0000] {taskinstance.py:2306} INFO - Starting attempt 1 of 2
[2024-07-01T10:21:39.083+0000] {taskinstance.py:2330} INFO - Executing <Task(BashOperator): extract_csv> on 2024-03-17 00:00:00+00:00
[2024-07-01T10:21:39.097+0000] {logging_mixin.py:188} WARNING - /home/airflow/.local/lib/python3.12/site-packages/airflow/task/task_runner/standard_task_runner.py:61 DeprecationWarning: This process (pid=6253) is multi-threaded, use of fork() may lead to deadlocks in the child.
[2024-07-01T10:21:39.102+0000] {standard_task_runner.py:63} INFO - Started process 6273 to run task
[2024-07-01T10:21:39.097+0000] {standard_task_runner.py:90} INFO - Running: ['airflow', 'tasks', 'run', 'dag_northwind', 'extract_csv', 'scheduled__2024-03-17T00:00:00+00:00', '--job-id', '1156', '--raw', '--subdir', 'DAGS_FOLDER/dag_northwind.py', '--cfg-path', '/tmp/tmppt61lcw6']
[2024-07-01T10:21:39.103+0000] {standard_task_runner.py:91} INFO - Job 1156: Subtask extract_csv
[2024-07-01T10:21:39.198+0000] {task_command.py:426} INFO - Running <TaskInstance: dag_northwind.extract_csv scheduled__2024-03-17T00:00:00+00:00 [running]> on host 85c6ea7cd9cf
[2024-07-01T10:21:39.323+0000] {taskinstance.py:2648} INFO - Exporting env vars: AIRFLOW_CTX_DAG_OWNER='airflow' AIRFLOW_CTX_DAG_ID='dag_northwind' AIRFLOW_CTX_TASK_ID='extract_csv' AIRFLOW_CTX_EXECUTION_DATE='2024-03-17T00:00:00+00:00' AIRFLOW_CTX_TRY_NUMBER='1' AIRFLOW_CTX_DAG_RUN_ID='scheduled__2024-03-17T00:00:00+00:00'
[2024-07-01T10:21:39.324+0000] {taskinstance.py:430} INFO - ::endgroup::
[2024-07-01T10:21:39.345+0000] {subprocess.py:63} INFO - Tmp dir root location: /tmp
[2024-07-01T10:21:39.347+0000] {subprocess.py:75} INFO - Running command: ['/usr/bin/bash', '-c', 'meltano elt tap-csv target-csv --job_id=extract_csv_2024-03-17 && mkdir -p /data/csv/2024-03-17 && mv /project/output/tap-csv/*.csv /data/csv/2024-03-17/']
[2024-07-01T10:21:39.358+0000] {subprocess.py:86} INFO - Output:
[2024-07-01T10:21:39.360+0000] {subprocess.py:93} INFO - /usr/bin/bash: line 1: meltano: command not found
[2024-07-01T10:21:39.361+0000] {subprocess.py:97} INFO - Command exited with return code 127
[2024-07-01T10:21:39.362+0000] {taskinstance.py:441} INFO - ::group::Post task execution logs
[2024-07-01T10:21:39.379+0000] {taskinstance.py:2905} ERROR - Task failed with exception
Traceback (most recent call last):
  File "/home/airflow/.local/lib/python3.12/site-packages/airflow/models/taskinstance.py", line 465, in _execute_task
    result = _execute_callable(context=context, **execute_callable_kwargs)
             ^^^^^^^^^^^^^^^^^^^^^^^^^^^^^^^^^^^^^^^^^^^^^^^^^^^^^^^^^^^^^
  File "/home/airflow/.local/lib/python3.12/site-packages/airflow/models/taskinstance.py", line 432, in _execute_callable
    return execute_callable(context=context, **execute_callable_kwargs)
           ^^^^^^^^^^^^^^^^^^^^^^^^^^^^^^^^^^^^^^^^^^^^^^^^^^^^^^^^^^^^
  File "/home/airflow/.local/lib/python3.12/site-packages/airflow/models/baseoperator.py", line 401, in wrapper
    return func(self, *args, **kwargs)
           ^^^^^^^^^^^^^^^^^^^^^^^^^^^
  File "/home/airflow/.local/lib/python3.12/site-packages/airflow/operators/bash.py", line 243, in execute
    raise AirflowException(
airflow.exceptions.AirflowException: Bash command failed. The command returned a non-zero exit code 127.
[2024-07-01T10:21:39.386+0000] {taskinstance.py:1206} INFO - Marking task as UP_FOR_RETRY. dag_id=dag_northwind, task_id=extract_csv, run_id=scheduled__2024-03-17T00:00:00+00:00, execution_date=20240317T000000, start_date=20240701T102138, end_date=20240701T102139
[2024-07-01T10:21:39.437+0000] {standard_task_runner.py:110} ERROR - Failed to execute job 1156 for task extract_csv (Bash command failed. The command returned a non-zero exit code 127.; 6273)
[2024-07-01T10:21:39.477+0000] {local_task_job_runner.py:240} INFO - Task exited with return code 1
[2024-07-01T10:21:39.494+0000] {local_task_job_runner.py:222} INFO - ::endgroup::
