[2024-07-01T01:20:29.177+0000] {local_task_job_runner.py:120} INFO - ::group::Pre task execution logs
[2024-07-01T01:20:29.262+0000] {taskinstance.py:2076} INFO - Dependencies all met for dep_context=non-requeueable deps ti=<TaskInstance: dag_northwind.extract_csv scheduled__2024-03-06T00:00:00+00:00 [queued]>
[2024-07-01T01:20:29.279+0000] {taskinstance.py:2076} INFO - Dependencies all met for dep_context=requeueable deps ti=<TaskInstance: dag_northwind.extract_csv scheduled__2024-03-06T00:00:00+00:00 [queued]>
[2024-07-01T01:20:29.280+0000] {taskinstance.py:2306} INFO - Starting attempt 1 of 2
[2024-07-01T01:20:29.340+0000] {taskinstance.py:2330} INFO - Executing <Task(BashOperator): extract_csv> on 2024-03-06 00:00:00+00:00
[2024-07-01T01:20:29.351+0000] {logging_mixin.py:188} WARNING - /home/airflow/.local/lib/python3.12/site-packages/airflow/task/task_runner/standard_task_runner.py:61 DeprecationWarning: This process (pid=585) is multi-threaded, use of fork() may lead to deadlocks in the child.
[2024-07-01T01:20:29.350+0000] {standard_task_runner.py:90} INFO - Running: ['airflow', 'tasks', 'run', 'dag_northwind', 'extract_csv', 'scheduled__2024-03-06T00:00:00+00:00', '--job-id', '588', '--raw', '--subdir', 'DAGS_FOLDER/dag_northwind.py', '--cfg-path', '/tmp/tmpar_lboxm']
[2024-07-01T01:20:29.354+0000] {standard_task_runner.py:63} INFO - Started process 593 to run task
[2024-07-01T01:20:29.355+0000] {standard_task_runner.py:91} INFO - Job 588: Subtask extract_csv
[2024-07-01T01:20:29.473+0000] {task_command.py:426} INFO - Running <TaskInstance: dag_northwind.extract_csv scheduled__2024-03-06T00:00:00+00:00 [running]> on host 05d913303710
[2024-07-01T01:20:29.676+0000] {taskinstance.py:2648} INFO - Exporting env vars: AIRFLOW_CTX_DAG_OWNER='airflow' AIRFLOW_CTX_DAG_ID='dag_northwind' AIRFLOW_CTX_TASK_ID='extract_csv' AIRFLOW_CTX_EXECUTION_DATE='2024-03-06T00:00:00+00:00' AIRFLOW_CTX_TRY_NUMBER='1' AIRFLOW_CTX_DAG_RUN_ID='scheduled__2024-03-06T00:00:00+00:00'
[2024-07-01T01:20:29.679+0000] {taskinstance.py:430} INFO - ::endgroup::
[2024-07-01T01:20:29.719+0000] {subprocess.py:63} INFO - Tmp dir root location: /tmp
[2024-07-01T01:20:29.720+0000] {subprocess.py:75} INFO - Running command: ['/usr/bin/bash', '-c', 'meltano elt tap-csv target-csv --job_id=extract_csv_2024-03-06 && mkdir -p /data/csv/2024-03-06 && mv /project/output/tap-csv/*.csv /data/csv/2024-03-06/']
[2024-07-01T01:20:29.740+0000] {subprocess.py:86} INFO - Output:
[2024-07-01T01:20:29.748+0000] {subprocess.py:93} INFO - /usr/bin/bash: line 1: meltano: command not found
[2024-07-01T01:20:29.750+0000] {subprocess.py:97} INFO - Command exited with return code 127
[2024-07-01T01:20:29.751+0000] {taskinstance.py:441} INFO - ::group::Post task execution logs
[2024-07-01T01:20:29.771+0000] {taskinstance.py:2905} ERROR - Task failed with exception
Traceback (most recent call last):
  File "/home/airflow/.local/lib/python3.12/site-packages/airflow/models/taskinstance.py", line 465, in _execute_task
    result = _execute_callable(context=context, **execute_callable_kwargs)
             ^^^^^^^^^^^^^^^^^^^^^^^^^^^^^^^^^^^^^^^^^^^^^^^^^^^^^^^^^^^^^
  File "/home/airflow/.local/lib/python3.12/site-packages/airflow/models/taskinstance.py", line 432, in _execute_callable
    return execute_callable(context=context, **execute_callable_kwargs)
           ^^^^^^^^^^^^^^^^^^^^^^^^^^^^^^^^^^^^^^^^^^^^^^^^^^^^^^^^^^^^
  File "/home/airflow/.local/lib/python3.12/site-packages/airflow/models/baseoperator.py", line 401, in wrapper
    return func(self, *args, **kwargs)
           ^^^^^^^^^^^^^^^^^^^^^^^^^^^
  File "/home/airflow/.local/lib/python3.12/site-packages/airflow/operators/bash.py", line 243, in execute
    raise AirflowException(
airflow.exceptions.AirflowException: Bash command failed. The command returned a non-zero exit code 127.
[2024-07-01T01:20:29.782+0000] {taskinstance.py:1206} INFO - Marking task as UP_FOR_RETRY. dag_id=dag_northwind, task_id=extract_csv, run_id=scheduled__2024-03-06T00:00:00+00:00, execution_date=20240306T000000, start_date=20240701T012029, end_date=20240701T012029
[2024-07-01T01:20:29.826+0000] {standard_task_runner.py:110} ERROR - Failed to execute job 588 for task extract_csv (Bash command failed. The command returned a non-zero exit code 127.; 593)
[2024-07-01T01:20:29.858+0000] {local_task_job_runner.py:240} INFO - Task exited with return code 1
[2024-07-01T01:20:29.931+0000] {taskinstance.py:3503} INFO - 0 downstream tasks scheduled from follow-on schedule check
[2024-07-01T01:20:29.943+0000] {local_task_job_runner.py:222} INFO - ::endgroup::
[2024-07-01T10:21:36.097+0000] {local_task_job_runner.py:120} INFO - ::group::Pre task execution logs
[2024-07-01T10:21:36.176+0000] {taskinstance.py:2076} INFO - Dependencies all met for dep_context=non-requeueable deps ti=<TaskInstance: dag_northwind.extract_csv scheduled__2024-03-06T00:00:00+00:00 [queued]>
[2024-07-01T10:21:36.188+0000] {taskinstance.py:2076} INFO - Dependencies all met for dep_context=requeueable deps ti=<TaskInstance: dag_northwind.extract_csv scheduled__2024-03-06T00:00:00+00:00 [queued]>
[2024-07-01T10:21:36.189+0000] {taskinstance.py:2306} INFO - Starting attempt 1 of 2
[2024-07-01T10:21:36.220+0000] {taskinstance.py:2330} INFO - Executing <Task(BashOperator): extract_csv> on 2024-03-06 00:00:00+00:00
[2024-07-01T10:21:36.232+0000] {logging_mixin.py:188} WARNING - /home/airflow/.local/lib/python3.12/site-packages/airflow/task/task_runner/standard_task_runner.py:61 DeprecationWarning: This process (pid=6170) is multi-threaded, use of fork() may lead to deadlocks in the child.
[2024-07-01T10:21:36.232+0000] {standard_task_runner.py:90} INFO - Running: ['airflow', 'tasks', 'run', 'dag_northwind', 'extract_csv', 'scheduled__2024-03-06T00:00:00+00:00', '--job-id', '1133', '--raw', '--subdir', 'DAGS_FOLDER/dag_northwind.py', '--cfg-path', '/tmp/tmpk6yb3klf']
[2024-07-01T10:21:36.236+0000] {standard_task_runner.py:63} INFO - Started process 6177 to run task
[2024-07-01T10:21:36.237+0000] {standard_task_runner.py:91} INFO - Job 1133: Subtask extract_csv
[2024-07-01T10:21:36.329+0000] {task_command.py:426} INFO - Running <TaskInstance: dag_northwind.extract_csv scheduled__2024-03-06T00:00:00+00:00 [running]> on host 85c6ea7cd9cf
[2024-07-01T10:21:36.536+0000] {taskinstance.py:2648} INFO - Exporting env vars: AIRFLOW_CTX_DAG_OWNER='airflow' AIRFLOW_CTX_DAG_ID='dag_northwind' AIRFLOW_CTX_TASK_ID='extract_csv' AIRFLOW_CTX_EXECUTION_DATE='2024-03-06T00:00:00+00:00' AIRFLOW_CTX_TRY_NUMBER='1' AIRFLOW_CTX_DAG_RUN_ID='scheduled__2024-03-06T00:00:00+00:00'
[2024-07-01T10:21:36.538+0000] {taskinstance.py:430} INFO - ::endgroup::
[2024-07-01T10:21:36.576+0000] {subprocess.py:63} INFO - Tmp dir root location: /tmp
[2024-07-01T10:21:36.578+0000] {subprocess.py:75} INFO - Running command: ['/usr/bin/bash', '-c', 'meltano elt tap-csv target-csv --job_id=extract_csv_2024-03-06 && mkdir -p /data/csv/2024-03-06 && mv /project/output/tap-csv/*.csv /data/csv/2024-03-06/']
[2024-07-01T10:21:36.607+0000] {subprocess.py:86} INFO - Output:
[2024-07-01T10:21:36.609+0000] {subprocess.py:93} INFO - /usr/bin/bash: line 1: meltano: command not found
[2024-07-01T10:21:36.614+0000] {subprocess.py:97} INFO - Command exited with return code 127
[2024-07-01T10:21:36.615+0000] {taskinstance.py:441} INFO - ::group::Post task execution logs
[2024-07-01T10:21:36.635+0000] {taskinstance.py:2905} ERROR - Task failed with exception
Traceback (most recent call last):
  File "/home/airflow/.local/lib/python3.12/site-packages/airflow/models/taskinstance.py", line 465, in _execute_task
    result = _execute_callable(context=context, **execute_callable_kwargs)
             ^^^^^^^^^^^^^^^^^^^^^^^^^^^^^^^^^^^^^^^^^^^^^^^^^^^^^^^^^^^^^
  File "/home/airflow/.local/lib/python3.12/site-packages/airflow/models/taskinstance.py", line 432, in _execute_callable
    return execute_callable(context=context, **execute_callable_kwargs)
           ^^^^^^^^^^^^^^^^^^^^^^^^^^^^^^^^^^^^^^^^^^^^^^^^^^^^^^^^^^^^
  File "/home/airflow/.local/lib/python3.12/site-packages/airflow/models/baseoperator.py", line 401, in wrapper
    return func(self, *args, **kwargs)
           ^^^^^^^^^^^^^^^^^^^^^^^^^^^
  File "/home/airflow/.local/lib/python3.12/site-packages/airflow/operators/bash.py", line 243, in execute
    raise AirflowException(
airflow.exceptions.AirflowException: Bash command failed. The command returned a non-zero exit code 127.
[2024-07-01T10:21:36.646+0000] {taskinstance.py:1206} INFO - Marking task as UP_FOR_RETRY. dag_id=dag_northwind, task_id=extract_csv, run_id=scheduled__2024-03-06T00:00:00+00:00, execution_date=20240306T000000, start_date=20240701T102136, end_date=20240701T102136
[2024-07-01T10:21:36.762+0000] {standard_task_runner.py:110} ERROR - Failed to execute job 1133 for task extract_csv (Bash command failed. The command returned a non-zero exit code 127.; 6177)
[2024-07-01T10:21:36.780+0000] {local_task_job_runner.py:240} INFO - Task exited with return code 1
[2024-07-01T10:21:36.847+0000] {taskinstance.py:3503} INFO - 0 downstream tasks scheduled from follow-on schedule check
[2024-07-01T10:21:36.874+0000] {local_task_job_runner.py:222} INFO - ::endgroup::
