[2024-07-03T19:14:56.286+0000] {local_task_job_runner.py:120} INFO - ::group::Pre task execution logs
[2024-07-03T19:14:56.594+0000] {taskinstance.py:2076} INFO - Dependencies all met for dep_context=non-requeueable deps ti=<TaskInstance: dag_pipeline_northwind.extract_postgres scheduled__2024-02-19T00:00:00+00:00 [queued]>
[2024-07-03T19:14:56.617+0000] {taskinstance.py:2076} INFO - Dependencies all met for dep_context=requeueable deps ti=<TaskInstance: dag_pipeline_northwind.extract_postgres scheduled__2024-02-19T00:00:00+00:00 [queued]>
[2024-07-03T19:14:56.618+0000] {taskinstance.py:2306} INFO - Starting attempt 2 of 2
[2024-07-03T19:14:56.688+0000] {taskinstance.py:2330} INFO - Executing <Task(PythonOperator): extract_postgres> on 2024-02-19 00:00:00+00:00
[2024-07-03T19:14:56.722+0000] {standard_task_runner.py:90} INFO - Running: ['airflow', 'tasks', 'run', 'dag_pipeline_northwind', 'extract_postgres', 'scheduled__2024-02-19T00:00:00+00:00', '--job-id', '3796', '--raw', '--subdir', 'DAGS_FOLDER/northwind_dag_teste.py', '--cfg-path', '/tmp/tmpjx8r91o4']
[2024-07-03T19:14:56.736+0000] {standard_task_runner.py:91} INFO - Job 3796: Subtask extract_postgres
[2024-07-03T19:14:56.713+0000] {logging_mixin.py:188} WARNING - /home/airflow/.local/lib/python3.12/site-packages/airflow/task/task_runner/standard_task_runner.py:61 DeprecationWarning: This process (pid=415) is multi-threaded, use of fork() may lead to deadlocks in the child.
[2024-07-03T19:14:56.748+0000] {standard_task_runner.py:63} INFO - Started process 435 to run task
[2024-07-03T19:14:57.045+0000] {task_command.py:426} INFO - Running <TaskInstance: dag_pipeline_northwind.extract_postgres scheduled__2024-02-19T00:00:00+00:00 [running]> on host 76916b664cf5
[2024-07-03T19:14:57.745+0000] {taskinstance.py:2648} INFO - Exporting env vars: AIRFLOW_CTX_DAG_OWNER='airflow' AIRFLOW_CTX_DAG_ID='dag_pipeline_northwind' AIRFLOW_CTX_TASK_ID='extract_postgres' AIRFLOW_CTX_EXECUTION_DATE='2024-02-19T00:00:00+00:00' AIRFLOW_CTX_TRY_NUMBER='2' AIRFLOW_CTX_DAG_RUN_ID='scheduled__2024-02-19T00:00:00+00:00'
[2024-07-03T19:14:57.747+0000] {taskinstance.py:430} INFO - ::endgroup::
[2024-07-03T19:14:57.887+0000] {logging_mixin.py:188} INFO - Running command: meltano elt tap-postgres target-csv --transform=run --job_id=extract_postgres_2024-02-19
[2024-07-03T19:14:57.974+0000] {logging_mixin.py:188} INFO - Command failed with error: Command 'meltano elt tap-postgres target-csv --transform=run --job_id=extract_postgres_2024-02-19' returned non-zero exit status 127.
[2024-07-03T19:14:57.976+0000] {taskinstance.py:441} INFO - ::group::Post task execution logs
[2024-07-03T19:14:57.977+0000] {taskinstance.py:2905} ERROR - Task failed with exception
Traceback (most recent call last):
  File "/home/airflow/.local/lib/python3.12/site-packages/airflow/models/taskinstance.py", line 465, in _execute_task
    result = _execute_callable(context=context, **execute_callable_kwargs)
             ^^^^^^^^^^^^^^^^^^^^^^^^^^^^^^^^^^^^^^^^^^^^^^^^^^^^^^^^^^^^^
  File "/home/airflow/.local/lib/python3.12/site-packages/airflow/models/taskinstance.py", line 432, in _execute_callable
    return execute_callable(context=context, **execute_callable_kwargs)
           ^^^^^^^^^^^^^^^^^^^^^^^^^^^^^^^^^^^^^^^^^^^^^^^^^^^^^^^^^^^^
  File "/home/airflow/.local/lib/python3.12/site-packages/airflow/models/baseoperator.py", line 401, in wrapper
    return func(self, *args, **kwargs)
           ^^^^^^^^^^^^^^^^^^^^^^^^^^^
  File "/home/airflow/.local/lib/python3.12/site-packages/airflow/operators/python.py", line 235, in execute
    return_value = self.execute_callable()
                   ^^^^^^^^^^^^^^^^^^^^^^^
  File "/home/airflow/.local/lib/python3.12/site-packages/airflow/operators/python.py", line 252, in execute_callable
    return self.python_callable(*self.op_args, **self.op_kwargs)
           ^^^^^^^^^^^^^^^^^^^^^^^^^^^^^^^^^^^^^^^^^^^^^^^^^^^^^
  File "/opt/airflow/dags/northwind_dag_teste.py", line 32, in extract_postgres
    result = subprocess.run(extract_command, shell=True, check=True, capture_output=True, text=True)
             ^^^^^^^^^^^^^^^^^^^^^^^^^^^^^^^^^^^^^^^^^^^^^^^^^^^^^^^^^^^^^^^^^^^^^^^^^^^^^^^^^^^^^^^
  File "/usr/local/lib/python3.12/subprocess.py", line 571, in run
    raise CalledProcessError(retcode, process.args,
subprocess.CalledProcessError: Command 'meltano elt tap-postgres target-csv --transform=run --job_id=extract_postgres_2024-02-19' returned non-zero exit status 127.
[2024-07-03T19:14:58.017+0000] {taskinstance.py:1206} INFO - Marking task as FAILED. dag_id=dag_pipeline_northwind, task_id=extract_postgres, run_id=scheduled__2024-02-19T00:00:00+00:00, execution_date=20240219T000000, start_date=20240703T191456, end_date=20240703T191458
[2024-07-03T19:14:58.092+0000] {standard_task_runner.py:110} ERROR - Failed to execute job 3796 for task extract_postgres (Command 'meltano elt tap-postgres target-csv --transform=run --job_id=extract_postgres_2024-02-19' returned non-zero exit status 127.; 435)
[2024-07-03T19:14:58.160+0000] {local_task_job_runner.py:240} INFO - Task exited with return code 1
[2024-07-03T19:14:58.191+0000] {local_task_job_runner.py:222} INFO - ::endgroup::
[2024-07-04T00:51:10.121+0000] {local_task_job_runner.py:120} INFO - ::group::Pre task execution logs
[2024-07-04T00:51:10.198+0000] {taskinstance.py:2076} INFO - Dependencies all met for dep_context=non-requeueable deps ti=<TaskInstance: dag_pipeline_northwind.extract_postgres scheduled__2024-02-19T00:00:00+00:00 [queued]>
[2024-07-04T00:51:10.220+0000] {taskinstance.py:2076} INFO - Dependencies all met for dep_context=requeueable deps ti=<TaskInstance: dag_pipeline_northwind.extract_postgres scheduled__2024-02-19T00:00:00+00:00 [queued]>
[2024-07-04T00:51:10.221+0000] {taskinstance.py:2306} INFO - Starting attempt 2 of 2
[2024-07-04T00:51:10.431+0000] {taskinstance.py:2330} INFO - Executing <Task(PythonOperator): extract_postgres> on 2024-02-19 00:00:00+00:00
[2024-07-04T00:51:10.450+0000] {logging_mixin.py:188} WARNING - /home/airflow/.local/lib/python3.12/site-packages/airflow/task/task_runner/standard_task_runner.py:61 DeprecationWarning: This process (pid=1077) is multi-threaded, use of fork() may lead to deadlocks in the child.
[2024-07-04T00:51:10.452+0000] {standard_task_runner.py:63} INFO - Started process 1082 to run task
[2024-07-04T00:51:10.449+0000] {standard_task_runner.py:90} INFO - Running: ['airflow', 'tasks', 'run', 'dag_pipeline_northwind', 'extract_postgres', 'scheduled__2024-02-19T00:00:00+00:00', '--job-id', '4532', '--raw', '--subdir', 'DAGS_FOLDER/dag_pipeline_northwind.py', '--cfg-path', '/tmp/tmpp0y5cewn']
[2024-07-04T00:51:10.455+0000] {standard_task_runner.py:91} INFO - Job 4532: Subtask extract_postgres
[2024-07-04T00:51:10.556+0000] {task_command.py:426} INFO - Running <TaskInstance: dag_pipeline_northwind.extract_postgres scheduled__2024-02-19T00:00:00+00:00 [running]> on host 156a1441f464
[2024-07-04T00:51:10.698+0000] {taskinstance.py:2648} INFO - Exporting env vars: AIRFLOW_CTX_DAG_OWNER='airflow' AIRFLOW_CTX_DAG_ID='dag_pipeline_northwind' AIRFLOW_CTX_TASK_ID='extract_postgres' AIRFLOW_CTX_EXECUTION_DATE='2024-02-19T00:00:00+00:00' AIRFLOW_CTX_TRY_NUMBER='2' AIRFLOW_CTX_DAG_RUN_ID='scheduled__2024-02-19T00:00:00+00:00'
[2024-07-04T00:51:10.699+0000] {taskinstance.py:430} INFO - ::endgroup::
[2024-07-04T00:51:10.721+0000] {logging_mixin.py:188} INFO - Running command: meltano elt tap-postgres target-csv --transform=run --job_id=extract_postgres_2024-02-19
[2024-07-04T00:51:10.724+0000] {logging_mixin.py:188} INFO - Command failed with error: Command 'meltano elt tap-postgres target-csv --transform=run --job_id=extract_postgres_2024-02-19' returned non-zero exit status 127.
[2024-07-04T00:51:10.725+0000] {taskinstance.py:441} INFO - ::group::Post task execution logs
[2024-07-04T00:51:10.726+0000] {taskinstance.py:2905} ERROR - Task failed with exception
Traceback (most recent call last):
  File "/home/airflow/.local/lib/python3.12/site-packages/airflow/models/taskinstance.py", line 465, in _execute_task
    result = _execute_callable(context=context, **execute_callable_kwargs)
             ^^^^^^^^^^^^^^^^^^^^^^^^^^^^^^^^^^^^^^^^^^^^^^^^^^^^^^^^^^^^^
  File "/home/airflow/.local/lib/python3.12/site-packages/airflow/models/taskinstance.py", line 432, in _execute_callable
    return execute_callable(context=context, **execute_callable_kwargs)
           ^^^^^^^^^^^^^^^^^^^^^^^^^^^^^^^^^^^^^^^^^^^^^^^^^^^^^^^^^^^^
  File "/home/airflow/.local/lib/python3.12/site-packages/airflow/models/baseoperator.py", line 401, in wrapper
    return func(self, *args, **kwargs)
           ^^^^^^^^^^^^^^^^^^^^^^^^^^^
  File "/home/airflow/.local/lib/python3.12/site-packages/airflow/operators/python.py", line 235, in execute
    return_value = self.execute_callable()
                   ^^^^^^^^^^^^^^^^^^^^^^^
  File "/home/airflow/.local/lib/python3.12/site-packages/airflow/operators/python.py", line 252, in execute_callable
    return self.python_callable(*self.op_args, **self.op_kwargs)
           ^^^^^^^^^^^^^^^^^^^^^^^^^^^^^^^^^^^^^^^^^^^^^^^^^^^^^
  File "/opt/airflow/dags/dag_pipeline_northwind.py", line 32, in extract_postgres
    result = subprocess.run(extract_command, shell=True, check=True, capture_output=True, text=True)
             ^^^^^^^^^^^^^^^^^^^^^^^^^^^^^^^^^^^^^^^^^^^^^^^^^^^^^^^^^^^^^^^^^^^^^^^^^^^^^^^^^^^^^^^
  File "/usr/local/lib/python3.12/subprocess.py", line 571, in run
    raise CalledProcessError(retcode, process.args,
subprocess.CalledProcessError: Command 'meltano elt tap-postgres target-csv --transform=run --job_id=extract_postgres_2024-02-19' returned non-zero exit status 127.
[2024-07-04T00:51:10.746+0000] {taskinstance.py:1206} INFO - Marking task as FAILED. dag_id=dag_pipeline_northwind, task_id=extract_postgres, run_id=scheduled__2024-02-19T00:00:00+00:00, execution_date=20240219T000000, start_date=20240704T005110, end_date=20240704T005110
[2024-07-04T00:51:10.819+0000] {standard_task_runner.py:110} ERROR - Failed to execute job 4532 for task extract_postgres (Command 'meltano elt tap-postgres target-csv --transform=run --job_id=extract_postgres_2024-02-19' returned non-zero exit status 127.; 1082)
[2024-07-04T00:51:10.875+0000] {local_task_job_runner.py:240} INFO - Task exited with return code 1
[2024-07-04T00:51:10.900+0000] {local_task_job_runner.py:222} INFO - ::endgroup::
[2024-07-04T01:19:05.899+0000] {local_task_job_runner.py:120} INFO - ::group::Pre task execution logs
[2024-07-04T01:19:05.977+0000] {taskinstance.py:2076} INFO - Dependencies all met for dep_context=non-requeueable deps ti=<TaskInstance: dag_pipeline_northwind.extract_postgres scheduled__2024-02-19T00:00:00+00:00 [queued]>
[2024-07-04T01:19:05.993+0000] {taskinstance.py:2076} INFO - Dependencies all met for dep_context=requeueable deps ti=<TaskInstance: dag_pipeline_northwind.extract_postgres scheduled__2024-02-19T00:00:00+00:00 [queued]>
[2024-07-04T01:19:05.995+0000] {taskinstance.py:2306} INFO - Starting attempt 2 of 2
[2024-07-04T01:19:06.194+0000] {taskinstance.py:2330} INFO - Executing <Task(PythonOperator): extract_postgres> on 2024-02-19 00:00:00+00:00
[2024-07-04T01:19:06.205+0000] {logging_mixin.py:188} WARNING - /home/airflow/.local/lib/python3.12/site-packages/airflow/task/task_runner/standard_task_runner.py:61 DeprecationWarning: This process (pid=1089) is multi-threaded, use of fork() may lead to deadlocks in the child.
[2024-07-04T01:19:06.207+0000] {standard_task_runner.py:63} INFO - Started process 1101 to run task
[2024-07-04T01:19:06.205+0000] {standard_task_runner.py:90} INFO - Running: ['airflow', 'tasks', 'run', 'dag_pipeline_northwind', 'extract_postgres', 'scheduled__2024-02-19T00:00:00+00:00', '--job-id', '4822', '--raw', '--subdir', 'DAGS_FOLDER/dag_pipeline_northwind.py', '--cfg-path', '/tmp/tmp6iexcb9a']
[2024-07-04T01:19:06.209+0000] {standard_task_runner.py:91} INFO - Job 4822: Subtask extract_postgres
[2024-07-04T01:19:06.304+0000] {task_command.py:426} INFO - Running <TaskInstance: dag_pipeline_northwind.extract_postgres scheduled__2024-02-19T00:00:00+00:00 [running]> on host 06ddab619e10
[2024-07-04T01:19:06.457+0000] {taskinstance.py:2648} INFO - Exporting env vars: AIRFLOW_CTX_DAG_OWNER='airflow' AIRFLOW_CTX_DAG_ID='dag_pipeline_northwind' AIRFLOW_CTX_TASK_ID='extract_postgres' AIRFLOW_CTX_EXECUTION_DATE='2024-02-19T00:00:00+00:00' AIRFLOW_CTX_TRY_NUMBER='2' AIRFLOW_CTX_DAG_RUN_ID='scheduled__2024-02-19T00:00:00+00:00'
[2024-07-04T01:19:06.458+0000] {taskinstance.py:430} INFO - ::endgroup::
[2024-07-04T01:19:06.479+0000] {logging_mixin.py:188} INFO - Running command: meltano elt tap-postgres target-csv --transform=run --job_id=extract_postgres_2024-02-19
[2024-07-04T01:19:06.482+0000] {logging_mixin.py:188} INFO - Command failed with error: Command 'meltano elt tap-postgres target-csv --transform=run --job_id=extract_postgres_2024-02-19' returned non-zero exit status 127.
[2024-07-04T01:19:06.482+0000] {taskinstance.py:441} INFO - ::group::Post task execution logs
[2024-07-04T01:19:06.483+0000] {taskinstance.py:2905} ERROR - Task failed with exception
Traceback (most recent call last):
  File "/home/airflow/.local/lib/python3.12/site-packages/airflow/models/taskinstance.py", line 465, in _execute_task
    result = _execute_callable(context=context, **execute_callable_kwargs)
             ^^^^^^^^^^^^^^^^^^^^^^^^^^^^^^^^^^^^^^^^^^^^^^^^^^^^^^^^^^^^^
  File "/home/airflow/.local/lib/python3.12/site-packages/airflow/models/taskinstance.py", line 432, in _execute_callable
    return execute_callable(context=context, **execute_callable_kwargs)
           ^^^^^^^^^^^^^^^^^^^^^^^^^^^^^^^^^^^^^^^^^^^^^^^^^^^^^^^^^^^^
  File "/home/airflow/.local/lib/python3.12/site-packages/airflow/models/baseoperator.py", line 401, in wrapper
    return func(self, *args, **kwargs)
           ^^^^^^^^^^^^^^^^^^^^^^^^^^^
  File "/home/airflow/.local/lib/python3.12/site-packages/airflow/operators/python.py", line 235, in execute
    return_value = self.execute_callable()
                   ^^^^^^^^^^^^^^^^^^^^^^^
  File "/home/airflow/.local/lib/python3.12/site-packages/airflow/operators/python.py", line 252, in execute_callable
    return self.python_callable(*self.op_args, **self.op_kwargs)
           ^^^^^^^^^^^^^^^^^^^^^^^^^^^^^^^^^^^^^^^^^^^^^^^^^^^^^
  File "/opt/airflow/dags/dag_pipeline_northwind.py", line 32, in extract_postgres
    result = subprocess.run(extract_command, shell=True, check=True, capture_output=True, text=True)
             ^^^^^^^^^^^^^^^^^^^^^^^^^^^^^^^^^^^^^^^^^^^^^^^^^^^^^^^^^^^^^^^^^^^^^^^^^^^^^^^^^^^^^^^
  File "/usr/local/lib/python3.12/subprocess.py", line 571, in run
    raise CalledProcessError(retcode, process.args,
subprocess.CalledProcessError: Command 'meltano elt tap-postgres target-csv --transform=run --job_id=extract_postgres_2024-02-19' returned non-zero exit status 127.
[2024-07-04T01:19:06.500+0000] {taskinstance.py:1206} INFO - Marking task as FAILED. dag_id=dag_pipeline_northwind, task_id=extract_postgres, run_id=scheduled__2024-02-19T00:00:00+00:00, execution_date=20240219T000000, start_date=20240704T011905, end_date=20240704T011906
[2024-07-04T01:19:06.518+0000] {standard_task_runner.py:110} ERROR - Failed to execute job 4822 for task extract_postgres (Command 'meltano elt tap-postgres target-csv --transform=run --job_id=extract_postgres_2024-02-19' returned non-zero exit status 127.; 1101)
[2024-07-04T01:19:06.544+0000] {local_task_job_runner.py:240} INFO - Task exited with return code 1
[2024-07-04T01:19:06.603+0000] {taskinstance.py:3503} INFO - 0 downstream tasks scheduled from follow-on schedule check
[2024-07-04T01:19:06.611+0000] {local_task_job_runner.py:222} INFO - ::endgroup::
