[2024-07-02T16:46:34.523+0000] {local_task_job_runner.py:120} INFO - ::group::Pre task execution logs
[2024-07-02T16:46:34.593+0000] {taskinstance.py:2076} INFO - Dependencies all met for dep_context=non-requeueable deps ti=<TaskInstance: pipeline_dag.extract_postgres scheduled__2024-03-23T00:00:00+00:00 [queued]>
[2024-07-02T16:46:34.613+0000] {taskinstance.py:2076} INFO - Dependencies all met for dep_context=requeueable deps ti=<TaskInstance: pipeline_dag.extract_postgres scheduled__2024-03-23T00:00:00+00:00 [queued]>
[2024-07-02T16:46:34.615+0000] {taskinstance.py:2306} INFO - Starting attempt 1 of 2
[2024-07-02T16:46:34.758+0000] {taskinstance.py:2330} INFO - Executing <Task(PythonOperator): extract_postgres> on 2024-03-23 00:00:00+00:00
[2024-07-02T16:46:34.772+0000] {logging_mixin.py:188} WARNING - /home/airflow/.local/lib/python3.12/site-packages/airflow/task/task_runner/standard_task_runner.py:61 DeprecationWarning: This process (pid=1531) is multi-threaded, use of fork() may lead to deadlocks in the child.
[2024-07-02T16:46:34.774+0000] {standard_task_runner.py:63} INFO - Started process 1539 to run task
[2024-07-02T16:46:34.771+0000] {standard_task_runner.py:90} INFO - Running: ['airflow', 'tasks', 'run', 'pipeline_dag', 'extract_postgres', 'scheduled__2024-03-23T00:00:00+00:00', '--job-id', '1929', '--raw', '--subdir', 'DAGS_FOLDER/dag_northwind.py', '--cfg-path', '/tmp/tmp3tsl8t5o']
[2024-07-02T16:46:34.776+0000] {standard_task_runner.py:91} INFO - Job 1929: Subtask extract_postgres
[2024-07-02T16:46:34.896+0000] {task_command.py:426} INFO - Running <TaskInstance: pipeline_dag.extract_postgres scheduled__2024-03-23T00:00:00+00:00 [running]> on host ee7e13960694
[2024-07-02T16:46:35.081+0000] {taskinstance.py:2648} INFO - Exporting env vars: AIRFLOW_CTX_DAG_OWNER='airflow' AIRFLOW_CTX_DAG_ID='pipeline_dag' AIRFLOW_CTX_TASK_ID='extract_postgres' AIRFLOW_CTX_EXECUTION_DATE='2024-03-23T00:00:00+00:00' AIRFLOW_CTX_TRY_NUMBER='1' AIRFLOW_CTX_DAG_RUN_ID='scheduled__2024-03-23T00:00:00+00:00'
[2024-07-02T16:46:35.084+0000] {taskinstance.py:430} INFO - ::endgroup::
[2024-07-02T16:46:35.126+0000] {logging_mixin.py:188} INFO - Command failed with error: Command 'meltano elt tap-postgres target-csv --transform=run' returned non-zero exit status 127.
[2024-07-02T16:46:35.129+0000] {taskinstance.py:441} INFO - ::group::Post task execution logs
[2024-07-02T16:46:35.131+0000] {taskinstance.py:2905} ERROR - Task failed with exception
Traceback (most recent call last):
  File "/home/airflow/.local/lib/python3.12/site-packages/airflow/models/taskinstance.py", line 465, in _execute_task
    result = _execute_callable(context=context, **execute_callable_kwargs)
             ^^^^^^^^^^^^^^^^^^^^^^^^^^^^^^^^^^^^^^^^^^^^^^^^^^^^^^^^^^^^^
  File "/home/airflow/.local/lib/python3.12/site-packages/airflow/models/taskinstance.py", line 432, in _execute_callable
    return execute_callable(context=context, **execute_callable_kwargs)
           ^^^^^^^^^^^^^^^^^^^^^^^^^^^^^^^^^^^^^^^^^^^^^^^^^^^^^^^^^^^^
  File "/home/airflow/.local/lib/python3.12/site-packages/airflow/models/baseoperator.py", line 401, in wrapper
    return func(self, *args, **kwargs)
           ^^^^^^^^^^^^^^^^^^^^^^^^^^^
  File "/home/airflow/.local/lib/python3.12/site-packages/airflow/operators/python.py", line 235, in execute
    return_value = self.execute_callable()
                   ^^^^^^^^^^^^^^^^^^^^^^^
  File "/home/airflow/.local/lib/python3.12/site-packages/airflow/operators/python.py", line 252, in execute_callable
    return self.python_callable(*self.op_args, **self.op_kwargs)
           ^^^^^^^^^^^^^^^^^^^^^^^^^^^^^^^^^^^^^^^^^^^^^^^^^^^^^
  File "/opt/airflow/dags/dag_northwind.py", line 28, in extract_postgres
    subprocess.run(extract_command, shell=True, check=True)
  File "/usr/local/lib/python3.12/subprocess.py", line 571, in run
    raise CalledProcessError(retcode, process.args,
subprocess.CalledProcessError: Command 'meltano elt tap-postgres target-csv --transform=run' returned non-zero exit status 127.
[2024-07-02T16:46:35.162+0000] {taskinstance.py:1206} INFO - Marking task as UP_FOR_RETRY. dag_id=pipeline_dag, task_id=extract_postgres, run_id=scheduled__2024-03-23T00:00:00+00:00, execution_date=20240323T000000, start_date=20240702T164634, end_date=20240702T164635
[2024-07-02T16:46:35.302+0000] {standard_task_runner.py:110} ERROR - Failed to execute job 1929 for task extract_postgres (Command 'meltano elt tap-postgres target-csv --transform=run' returned non-zero exit status 127.; 1539)
[2024-07-02T16:46:35.356+0000] {local_task_job_runner.py:240} INFO - Task exited with return code 1
[2024-07-02T16:46:35.384+0000] {local_task_job_runner.py:222} INFO - ::endgroup::
[2024-07-03T16:43:53.799+0000] {local_task_job_runner.py:120} INFO - ::group::Pre task execution logs
[2024-07-03T16:43:53.909+0000] {taskinstance.py:2076} INFO - Dependencies all met for dep_context=non-requeueable deps ti=<TaskInstance: pipeline_dag.extract_postgres scheduled__2024-03-23T00:00:00+00:00 [queued]>
[2024-07-03T16:43:53.965+0000] {taskinstance.py:2076} INFO - Dependencies all met for dep_context=requeueable deps ti=<TaskInstance: pipeline_dag.extract_postgres scheduled__2024-03-23T00:00:00+00:00 [queued]>
[2024-07-03T16:43:53.968+0000] {taskinstance.py:2306} INFO - Starting attempt 1 of 2
[2024-07-03T16:43:54.025+0000] {taskinstance.py:2330} INFO - Executing <Task(PythonOperator): extract_postgres> on 2024-03-23 00:00:00+00:00
[2024-07-03T16:43:54.044+0000] {logging_mixin.py:188} WARNING - /home/airflow/.local/lib/python3.12/site-packages/airflow/task/task_runner/standard_task_runner.py:61 DeprecationWarning: This process (pid=3063) is multi-threaded, use of fork() may lead to deadlocks in the child.
[2024-07-03T16:43:54.046+0000] {standard_task_runner.py:63} INFO - Started process 3084 to run task
[2024-07-03T16:43:54.047+0000] {standard_task_runner.py:90} INFO - Running: ['airflow', 'tasks', 'run', 'pipeline_dag', 'extract_postgres', 'scheduled__2024-03-23T00:00:00+00:00', '--job-id', '2834', '--raw', '--subdir', 'DAGS_FOLDER/northwind_dag_teste.py', '--cfg-path', '/tmp/tmpht45i1fg']
[2024-07-03T16:43:54.052+0000] {standard_task_runner.py:91} INFO - Job 2834: Subtask extract_postgres
[2024-07-03T16:43:54.179+0000] {task_command.py:426} INFO - Running <TaskInstance: pipeline_dag.extract_postgres scheduled__2024-03-23T00:00:00+00:00 [running]> on host 3c2535f14011
[2024-07-03T16:43:54.495+0000] {taskinstance.py:2648} INFO - Exporting env vars: AIRFLOW_CTX_DAG_OWNER='airflow' AIRFLOW_CTX_DAG_ID='pipeline_dag' AIRFLOW_CTX_TASK_ID='extract_postgres' AIRFLOW_CTX_EXECUTION_DATE='2024-03-23T00:00:00+00:00' AIRFLOW_CTX_TRY_NUMBER='1' AIRFLOW_CTX_DAG_RUN_ID='scheduled__2024-03-23T00:00:00+00:00'
[2024-07-03T16:43:54.496+0000] {taskinstance.py:430} INFO - ::endgroup::
[2024-07-03T16:43:54.537+0000] {logging_mixin.py:188} INFO - Command failed with error: Command 'meltano elt tap-postgres target-csv --transform=run --job_id=extract_postgres_2024-03-23' returned non-zero exit status 127.
[2024-07-03T16:43:54.539+0000] {taskinstance.py:441} INFO - ::group::Post task execution logs
[2024-07-03T16:43:54.542+0000] {taskinstance.py:2905} ERROR - Task failed with exception
Traceback (most recent call last):
  File "/home/airflow/.local/lib/python3.12/site-packages/airflow/models/taskinstance.py", line 465, in _execute_task
    result = _execute_callable(context=context, **execute_callable_kwargs)
             ^^^^^^^^^^^^^^^^^^^^^^^^^^^^^^^^^^^^^^^^^^^^^^^^^^^^^^^^^^^^^
  File "/home/airflow/.local/lib/python3.12/site-packages/airflow/models/taskinstance.py", line 432, in _execute_callable
    return execute_callable(context=context, **execute_callable_kwargs)
           ^^^^^^^^^^^^^^^^^^^^^^^^^^^^^^^^^^^^^^^^^^^^^^^^^^^^^^^^^^^^
  File "/home/airflow/.local/lib/python3.12/site-packages/airflow/models/baseoperator.py", line 401, in wrapper
    return func(self, *args, **kwargs)
           ^^^^^^^^^^^^^^^^^^^^^^^^^^^
  File "/home/airflow/.local/lib/python3.12/site-packages/airflow/operators/python.py", line 235, in execute
    return_value = self.execute_callable()
                   ^^^^^^^^^^^^^^^^^^^^^^^
  File "/home/airflow/.local/lib/python3.12/site-packages/airflow/operators/python.py", line 252, in execute_callable
    return self.python_callable(*self.op_args, **self.op_kwargs)
           ^^^^^^^^^^^^^^^^^^^^^^^^^^^^^^^^^^^^^^^^^^^^^^^^^^^^^
  File "/opt/airflow/dags/northwind_dag_teste.py", line 29, in extract_postgres
    subprocess.run(extract_command, shell=True, check=True)
  File "/usr/local/lib/python3.12/subprocess.py", line 571, in run
    raise CalledProcessError(retcode, process.args,
subprocess.CalledProcessError: Command 'meltano elt tap-postgres target-csv --transform=run --job_id=extract_postgres_2024-03-23' returned non-zero exit status 127.
[2024-07-03T16:43:54.574+0000] {taskinstance.py:1206} INFO - Marking task as UP_FOR_RETRY. dag_id=pipeline_dag, task_id=extract_postgres, run_id=scheduled__2024-03-23T00:00:00+00:00, execution_date=20240323T000000, start_date=20240703T164353, end_date=20240703T164354
[2024-07-03T16:43:54.608+0000] {standard_task_runner.py:110} ERROR - Failed to execute job 2834 for task extract_postgres (Command 'meltano elt tap-postgres target-csv --transform=run --job_id=extract_postgres_2024-03-23' returned non-zero exit status 127.; 3084)
[2024-07-03T16:43:54.629+0000] {local_task_job_runner.py:240} INFO - Task exited with return code 1
[2024-07-03T16:43:54.677+0000] {taskinstance.py:3503} INFO - 0 downstream tasks scheduled from follow-on schedule check
[2024-07-03T16:43:54.682+0000] {local_task_job_runner.py:222} INFO - ::endgroup::
