[2024-07-01T01:41:09.204+0000] {local_task_job_runner.py:120} INFO - ::group::Pre task execution logs
[2024-07-01T01:41:09.278+0000] {taskinstance.py:2076} INFO - Dependencies all met for dep_context=non-requeueable deps ti=<TaskInstance: dag_northwind.extract_postgres scheduled__2024-05-15T00:00:00+00:00 [queued]>
[2024-07-01T01:41:09.295+0000] {taskinstance.py:2076} INFO - Dependencies all met for dep_context=requeueable deps ti=<TaskInstance: dag_northwind.extract_postgres scheduled__2024-05-15T00:00:00+00:00 [queued]>
[2024-07-01T01:41:09.296+0000] {taskinstance.py:2306} INFO - Starting attempt 1 of 2
[2024-07-01T01:41:09.331+0000] {taskinstance.py:2330} INFO - Executing <Task(BashOperator): extract_postgres> on 2024-05-15 00:00:00+00:00
[2024-07-01T01:41:09.355+0000] {logging_mixin.py:188} WARNING - /home/airflow/.local/lib/python3.12/site-packages/airflow/task/task_runner/standard_task_runner.py:61 DeprecationWarning: This process (pid=1854) is multi-threaded, use of fork() may lead to deadlocks in the child.
[2024-07-01T01:41:09.358+0000] {standard_task_runner.py:63} INFO - Started process 1867 to run task
[2024-07-01T01:41:09.358+0000] {standard_task_runner.py:90} INFO - Running: ['airflow', 'tasks', 'run', 'dag_northwind', 'extract_postgres', 'scheduled__2024-05-15T00:00:00+00:00', '--job-id', '855', '--raw', '--subdir', 'DAGS_FOLDER/dag_northwind.py', '--cfg-path', '/tmp/tmp4m7z4rhp']
[2024-07-01T01:41:09.362+0000] {standard_task_runner.py:91} INFO - Job 855: Subtask extract_postgres
[2024-07-01T01:41:09.468+0000] {task_command.py:426} INFO - Running <TaskInstance: dag_northwind.extract_postgres scheduled__2024-05-15T00:00:00+00:00 [running]> on host 05d913303710
[2024-07-01T01:41:09.656+0000] {taskinstance.py:2648} INFO - Exporting env vars: AIRFLOW_CTX_DAG_OWNER='airflow' AIRFLOW_CTX_DAG_ID='dag_northwind' AIRFLOW_CTX_TASK_ID='extract_postgres' AIRFLOW_CTX_EXECUTION_DATE='2024-05-15T00:00:00+00:00' AIRFLOW_CTX_TRY_NUMBER='1' AIRFLOW_CTX_DAG_RUN_ID='scheduled__2024-05-15T00:00:00+00:00'
[2024-07-01T01:41:09.658+0000] {taskinstance.py:430} INFO - ::endgroup::
[2024-07-01T01:41:09.708+0000] {subprocess.py:63} INFO - Tmp dir root location: /tmp
[2024-07-01T01:41:09.710+0000] {subprocess.py:75} INFO - Running command: ['/usr/bin/bash', '-c', 'meltano elt tap-postgres target-csv --job_id=extract_postgres_2024-05-15 && mkdir -p /data/postgres/2024-05-15 && mv /project/output/tap-postgres/*.csv /data/postgres/2024-05-15/']
[2024-07-01T01:41:09.731+0000] {subprocess.py:86} INFO - Output:
[2024-07-01T01:41:09.735+0000] {subprocess.py:93} INFO - /usr/bin/bash: line 1: meltano: command not found
[2024-07-01T01:41:09.737+0000] {subprocess.py:97} INFO - Command exited with return code 127
[2024-07-01T01:41:09.739+0000] {taskinstance.py:441} INFO - ::group::Post task execution logs
[2024-07-01T01:41:09.758+0000] {taskinstance.py:2905} ERROR - Task failed with exception
Traceback (most recent call last):
  File "/home/airflow/.local/lib/python3.12/site-packages/airflow/models/taskinstance.py", line 465, in _execute_task
    result = _execute_callable(context=context, **execute_callable_kwargs)
             ^^^^^^^^^^^^^^^^^^^^^^^^^^^^^^^^^^^^^^^^^^^^^^^^^^^^^^^^^^^^^
  File "/home/airflow/.local/lib/python3.12/site-packages/airflow/models/taskinstance.py", line 432, in _execute_callable
    return execute_callable(context=context, **execute_callable_kwargs)
           ^^^^^^^^^^^^^^^^^^^^^^^^^^^^^^^^^^^^^^^^^^^^^^^^^^^^^^^^^^^^
  File "/home/airflow/.local/lib/python3.12/site-packages/airflow/models/baseoperator.py", line 401, in wrapper
    return func(self, *args, **kwargs)
           ^^^^^^^^^^^^^^^^^^^^^^^^^^^
  File "/home/airflow/.local/lib/python3.12/site-packages/airflow/operators/bash.py", line 243, in execute
    raise AirflowException(
airflow.exceptions.AirflowException: Bash command failed. The command returned a non-zero exit code 127.
[2024-07-01T01:41:09.766+0000] {taskinstance.py:1206} INFO - Marking task as UP_FOR_RETRY. dag_id=dag_northwind, task_id=extract_postgres, run_id=scheduled__2024-05-15T00:00:00+00:00, execution_date=20240515T000000, start_date=20240701T014109, end_date=20240701T014109
[2024-07-01T01:41:09.881+0000] {standard_task_runner.py:110} ERROR - Failed to execute job 855 for task extract_postgres (Bash command failed. The command returned a non-zero exit code 127.; 1867)
[2024-07-01T01:41:09.896+0000] {local_task_job_runner.py:240} INFO - Task exited with return code 1
[2024-07-01T01:41:09.961+0000] {taskinstance.py:3503} INFO - 0 downstream tasks scheduled from follow-on schedule check
[2024-07-01T01:41:09.964+0000] {local_task_job_runner.py:222} INFO - ::endgroup::
[2024-07-01T10:42:16.072+0000] {local_task_job_runner.py:120} INFO - ::group::Pre task execution logs
[2024-07-01T10:42:16.149+0000] {taskinstance.py:2076} INFO - Dependencies all met for dep_context=non-requeueable deps ti=<TaskInstance: dag_northwind.extract_postgres scheduled__2024-05-15T00:00:00+00:00 [queued]>
[2024-07-01T10:42:16.167+0000] {taskinstance.py:2076} INFO - Dependencies all met for dep_context=requeueable deps ti=<TaskInstance: dag_northwind.extract_postgres scheduled__2024-05-15T00:00:00+00:00 [queued]>
[2024-07-01T10:42:16.168+0000] {taskinstance.py:2306} INFO - Starting attempt 1 of 2
[2024-07-01T10:42:16.232+0000] {taskinstance.py:2330} INFO - Executing <Task(BashOperator): extract_postgres> on 2024-05-15 00:00:00+00:00
[2024-07-01T10:42:16.248+0000] {logging_mixin.py:188} WARNING - /home/airflow/.local/lib/python3.12/site-packages/airflow/task/task_runner/standard_task_runner.py:61 DeprecationWarning: This process (pid=7436) is multi-threaded, use of fork() may lead to deadlocks in the child.
[2024-07-01T10:42:16.250+0000] {standard_task_runner.py:63} INFO - Started process 7452 to run task
[2024-07-01T10:42:16.250+0000] {standard_task_runner.py:90} INFO - Running: ['airflow', 'tasks', 'run', 'dag_northwind', 'extract_postgres', 'scheduled__2024-05-15T00:00:00+00:00', '--job-id', '1401', '--raw', '--subdir', 'DAGS_FOLDER/dag_northwind.py', '--cfg-path', '/tmp/tmpxizqyamh']
[2024-07-01T10:42:16.255+0000] {standard_task_runner.py:91} INFO - Job 1401: Subtask extract_postgres
[2024-07-01T10:42:16.363+0000] {task_command.py:426} INFO - Running <TaskInstance: dag_northwind.extract_postgres scheduled__2024-05-15T00:00:00+00:00 [running]> on host 85c6ea7cd9cf
[2024-07-01T10:42:16.519+0000] {taskinstance.py:2648} INFO - Exporting env vars: AIRFLOW_CTX_DAG_OWNER='airflow' AIRFLOW_CTX_DAG_ID='dag_northwind' AIRFLOW_CTX_TASK_ID='extract_postgres' AIRFLOW_CTX_EXECUTION_DATE='2024-05-15T00:00:00+00:00' AIRFLOW_CTX_TRY_NUMBER='1' AIRFLOW_CTX_DAG_RUN_ID='scheduled__2024-05-15T00:00:00+00:00'
[2024-07-01T10:42:16.522+0000] {taskinstance.py:430} INFO - ::endgroup::
[2024-07-01T10:42:16.554+0000] {subprocess.py:63} INFO - Tmp dir root location: /tmp
[2024-07-01T10:42:16.556+0000] {subprocess.py:75} INFO - Running command: ['/usr/bin/bash', '-c', 'meltano elt tap-postgres target-csv --job_id=extract_postgres_2024-05-15 && mkdir -p /data/postgres/2024-05-15 && mv /project/output/tap-postgres/*.csv /data/postgres/2024-05-15/']
[2024-07-01T10:42:16.574+0000] {subprocess.py:86} INFO - Output:
[2024-07-01T10:42:16.577+0000] {subprocess.py:93} INFO - /usr/bin/bash: line 1: meltano: command not found
[2024-07-01T10:42:16.579+0000] {subprocess.py:97} INFO - Command exited with return code 127
[2024-07-01T10:42:16.580+0000] {taskinstance.py:441} INFO - ::group::Post task execution logs
[2024-07-01T10:42:16.601+0000] {taskinstance.py:2905} ERROR - Task failed with exception
Traceback (most recent call last):
  File "/home/airflow/.local/lib/python3.12/site-packages/airflow/models/taskinstance.py", line 465, in _execute_task
    result = _execute_callable(context=context, **execute_callable_kwargs)
             ^^^^^^^^^^^^^^^^^^^^^^^^^^^^^^^^^^^^^^^^^^^^^^^^^^^^^^^^^^^^^
  File "/home/airflow/.local/lib/python3.12/site-packages/airflow/models/taskinstance.py", line 432, in _execute_callable
    return execute_callable(context=context, **execute_callable_kwargs)
           ^^^^^^^^^^^^^^^^^^^^^^^^^^^^^^^^^^^^^^^^^^^^^^^^^^^^^^^^^^^^
  File "/home/airflow/.local/lib/python3.12/site-packages/airflow/models/baseoperator.py", line 401, in wrapper
    return func(self, *args, **kwargs)
           ^^^^^^^^^^^^^^^^^^^^^^^^^^^
  File "/home/airflow/.local/lib/python3.12/site-packages/airflow/operators/bash.py", line 243, in execute
    raise AirflowException(
airflow.exceptions.AirflowException: Bash command failed. The command returned a non-zero exit code 127.
[2024-07-01T10:42:16.609+0000] {taskinstance.py:1206} INFO - Marking task as UP_FOR_RETRY. dag_id=dag_northwind, task_id=extract_postgres, run_id=scheduled__2024-05-15T00:00:00+00:00, execution_date=20240515T000000, start_date=20240701T104216, end_date=20240701T104216
[2024-07-01T10:42:16.756+0000] {standard_task_runner.py:110} ERROR - Failed to execute job 1401 for task extract_postgres (Bash command failed. The command returned a non-zero exit code 127.; 7452)
[2024-07-01T10:42:16.796+0000] {local_task_job_runner.py:240} INFO - Task exited with return code 1
[2024-07-01T10:42:16.852+0000] {taskinstance.py:3503} INFO - 0 downstream tasks scheduled from follow-on schedule check
[2024-07-01T10:42:16.855+0000] {local_task_job_runner.py:222} INFO - ::endgroup::
