[2024-06-30T20:58:28.074+0000] {local_task_job_runner.py:120} INFO - ::group::Pre task execution logs
[2024-06-30T20:58:28.169+0000] {taskinstance.py:2076} INFO - Dependencies all met for dep_context=non-requeueable deps ti=<TaskInstance: dag_northwind.extract_postgres scheduled__2024-01-12T00:00:00+00:00 [queued]>
[2024-06-30T20:58:28.180+0000] {taskinstance.py:2076} INFO - Dependencies all met for dep_context=requeueable deps ti=<TaskInstance: dag_northwind.extract_postgres scheduled__2024-01-12T00:00:00+00:00 [queued]>
[2024-06-30T20:58:28.181+0000] {taskinstance.py:2306} INFO - Starting attempt 2 of 2
[2024-06-30T20:58:28.203+0000] {taskinstance.py:2330} INFO - Executing <Task(BashOperator): extract_postgres> on 2024-01-12 00:00:00+00:00
[2024-06-30T20:58:28.218+0000] {standard_task_runner.py:90} INFO - Running: ['airflow', 'tasks', 'run', 'dag_northwind', 'extract_postgres', 'scheduled__2024-01-12T00:00:00+00:00', '--job-id', '420', '--raw', '--subdir', 'DAGS_FOLDER/dag_northwind.py', '--cfg-path', '/tmp/tmpzlfxd1ib']
[2024-06-30T20:58:28.222+0000] {standard_task_runner.py:91} INFO - Job 420: Subtask extract_postgres
[2024-06-30T20:58:28.226+0000] {logging_mixin.py:188} WARNING - /home/airflow/.local/lib/python3.12/site-packages/airflow/task/task_runner/standard_task_runner.py:61 DeprecationWarning: This process (pid=696) is multi-threaded, use of fork() may lead to deadlocks in the child.
[2024-06-30T20:58:28.227+0000] {standard_task_runner.py:63} INFO - Started process 732 to run task
[2024-06-30T20:58:28.294+0000] {task_command.py:426} INFO - Running <TaskInstance: dag_northwind.extract_postgres scheduled__2024-01-12T00:00:00+00:00 [running]> on host a7d76f00647b
[2024-06-30T20:58:28.417+0000] {taskinstance.py:2648} INFO - Exporting env vars: AIRFLOW_CTX_DAG_OWNER='airflow' AIRFLOW_CTX_DAG_ID='dag_northwind' AIRFLOW_CTX_TASK_ID='extract_postgres' AIRFLOW_CTX_EXECUTION_DATE='2024-01-12T00:00:00+00:00' AIRFLOW_CTX_TRY_NUMBER='2' AIRFLOW_CTX_DAG_RUN_ID='scheduled__2024-01-12T00:00:00+00:00'
[2024-06-30T20:58:28.419+0000] {taskinstance.py:430} INFO - ::endgroup::
[2024-06-30T20:58:28.447+0000] {subprocess.py:63} INFO - Tmp dir root location: /tmp
[2024-06-30T20:58:28.449+0000] {subprocess.py:75} INFO - Running command: ['/usr/bin/bash', '-c', 'meltano elt tap-postgres target-csv --job_id=extract_postgres_2024-01-12 && mkdir -p /data/postgres/2024-01-12 && mv /project/output/tap-postgres/*.csv /data/postgres/2024-01-12/']
[2024-06-30T20:58:28.463+0000] {subprocess.py:86} INFO - Output:
[2024-06-30T20:58:28.466+0000] {subprocess.py:93} INFO - /usr/bin/bash: line 1: meltano: command not found
[2024-06-30T20:58:28.466+0000] {subprocess.py:97} INFO - Command exited with return code 127
[2024-06-30T20:58:28.467+0000] {taskinstance.py:441} INFO - ::group::Post task execution logs
[2024-06-30T20:58:28.481+0000] {taskinstance.py:2905} ERROR - Task failed with exception
Traceback (most recent call last):
  File "/home/airflow/.local/lib/python3.12/site-packages/airflow/models/taskinstance.py", line 465, in _execute_task
    result = _execute_callable(context=context, **execute_callable_kwargs)
             ^^^^^^^^^^^^^^^^^^^^^^^^^^^^^^^^^^^^^^^^^^^^^^^^^^^^^^^^^^^^^
  File "/home/airflow/.local/lib/python3.12/site-packages/airflow/models/taskinstance.py", line 432, in _execute_callable
    return execute_callable(context=context, **execute_callable_kwargs)
           ^^^^^^^^^^^^^^^^^^^^^^^^^^^^^^^^^^^^^^^^^^^^^^^^^^^^^^^^^^^^
  File "/home/airflow/.local/lib/python3.12/site-packages/airflow/models/baseoperator.py", line 401, in wrapper
    return func(self, *args, **kwargs)
           ^^^^^^^^^^^^^^^^^^^^^^^^^^^
  File "/home/airflow/.local/lib/python3.12/site-packages/airflow/operators/bash.py", line 243, in execute
    raise AirflowException(
airflow.exceptions.AirflowException: Bash command failed. The command returned a non-zero exit code 127.
[2024-06-30T20:58:28.490+0000] {taskinstance.py:1206} INFO - Marking task as FAILED. dag_id=dag_northwind, task_id=extract_postgres, run_id=scheduled__2024-01-12T00:00:00+00:00, execution_date=20240112T000000, start_date=20240630T205828, end_date=20240630T205828
[2024-06-30T20:58:28.510+0000] {standard_task_runner.py:110} ERROR - Failed to execute job 420 for task extract_postgres (Bash command failed. The command returned a non-zero exit code 127.; 732)
[2024-06-30T20:58:28.522+0000] {local_task_job_runner.py:240} INFO - Task exited with return code 1
[2024-06-30T20:58:28.535+0000] {local_task_job_runner.py:222} INFO - ::endgroup::
[2024-07-01T10:06:09.363+0000] {local_task_job_runner.py:120} INFO - ::group::Pre task execution logs
[2024-07-01T10:06:09.428+0000] {taskinstance.py:2076} INFO - Dependencies all met for dep_context=non-requeueable deps ti=<TaskInstance: dag_northwind.extract_postgres scheduled__2024-01-12T00:00:00+00:00 [queued]>
[2024-07-01T10:06:09.445+0000] {taskinstance.py:2076} INFO - Dependencies all met for dep_context=requeueable deps ti=<TaskInstance: dag_northwind.extract_postgres scheduled__2024-01-12T00:00:00+00:00 [queued]>
[2024-07-01T10:06:09.446+0000] {taskinstance.py:2306} INFO - Starting attempt 2 of 2
[2024-07-01T10:06:09.470+0000] {taskinstance.py:2330} INFO - Executing <Task(BashOperator): extract_postgres> on 2024-01-12 00:00:00+00:00
[2024-07-01T10:06:09.483+0000] {logging_mixin.py:188} WARNING - /home/airflow/.local/lib/python3.12/site-packages/airflow/task/task_runner/standard_task_runner.py:61 DeprecationWarning: This process (pid=5195) is multi-threaded, use of fork() may lead to deadlocks in the child.
[2024-07-01T10:06:09.485+0000] {standard_task_runner.py:63} INFO - Started process 5207 to run task
[2024-07-01T10:06:09.482+0000] {standard_task_runner.py:90} INFO - Running: ['airflow', 'tasks', 'run', 'dag_northwind', 'extract_postgres', 'scheduled__2024-01-12T00:00:00+00:00', '--job-id', '929', '--raw', '--subdir', 'DAGS_FOLDER/dag_northwind.py', '--cfg-path', '/tmp/tmpq9vukzte']
[2024-07-01T10:06:09.486+0000] {standard_task_runner.py:91} INFO - Job 929: Subtask extract_postgres
[2024-07-01T10:06:09.562+0000] {task_command.py:426} INFO - Running <TaskInstance: dag_northwind.extract_postgres scheduled__2024-01-12T00:00:00+00:00 [running]> on host 85c6ea7cd9cf
[2024-07-01T10:06:09.675+0000] {taskinstance.py:2648} INFO - Exporting env vars: AIRFLOW_CTX_DAG_OWNER='airflow' AIRFLOW_CTX_DAG_ID='dag_northwind' AIRFLOW_CTX_TASK_ID='extract_postgres' AIRFLOW_CTX_EXECUTION_DATE='2024-01-12T00:00:00+00:00' AIRFLOW_CTX_TRY_NUMBER='2' AIRFLOW_CTX_DAG_RUN_ID='scheduled__2024-01-12T00:00:00+00:00'
[2024-07-01T10:06:09.676+0000] {taskinstance.py:430} INFO - ::endgroup::
[2024-07-01T10:06:09.698+0000] {subprocess.py:63} INFO - Tmp dir root location: /tmp
[2024-07-01T10:06:09.699+0000] {subprocess.py:75} INFO - Running command: ['/usr/bin/bash', '-c', 'meltano elt tap-postgres target-csv --job_id=extract_postgres_2024-01-12 && mkdir -p /data/postgres/2024-01-12 && mv /project/output/tap-postgres/*.csv /data/postgres/2024-01-12/']
[2024-07-01T10:06:09.708+0000] {subprocess.py:86} INFO - Output:
[2024-07-01T10:06:09.710+0000] {subprocess.py:93} INFO - /usr/bin/bash: line 1: meltano: command not found
[2024-07-01T10:06:09.711+0000] {subprocess.py:97} INFO - Command exited with return code 127
[2024-07-01T10:06:09.712+0000] {taskinstance.py:441} INFO - ::group::Post task execution logs
[2024-07-01T10:06:09.725+0000] {taskinstance.py:2905} ERROR - Task failed with exception
Traceback (most recent call last):
  File "/home/airflow/.local/lib/python3.12/site-packages/airflow/models/taskinstance.py", line 465, in _execute_task
    result = _execute_callable(context=context, **execute_callable_kwargs)
             ^^^^^^^^^^^^^^^^^^^^^^^^^^^^^^^^^^^^^^^^^^^^^^^^^^^^^^^^^^^^^
  File "/home/airflow/.local/lib/python3.12/site-packages/airflow/models/taskinstance.py", line 432, in _execute_callable
    return execute_callable(context=context, **execute_callable_kwargs)
           ^^^^^^^^^^^^^^^^^^^^^^^^^^^^^^^^^^^^^^^^^^^^^^^^^^^^^^^^^^^^
  File "/home/airflow/.local/lib/python3.12/site-packages/airflow/models/baseoperator.py", line 401, in wrapper
    return func(self, *args, **kwargs)
           ^^^^^^^^^^^^^^^^^^^^^^^^^^^
  File "/home/airflow/.local/lib/python3.12/site-packages/airflow/operators/bash.py", line 243, in execute
    raise AirflowException(
airflow.exceptions.AirflowException: Bash command failed. The command returned a non-zero exit code 127.
[2024-07-01T10:06:09.731+0000] {taskinstance.py:1206} INFO - Marking task as FAILED. dag_id=dag_northwind, task_id=extract_postgres, run_id=scheduled__2024-01-12T00:00:00+00:00, execution_date=20240112T000000, start_date=20240701T100609, end_date=20240701T100609
[2024-07-01T10:06:09.745+0000] {standard_task_runner.py:110} ERROR - Failed to execute job 929 for task extract_postgres (Bash command failed. The command returned a non-zero exit code 127.; 5207)
[2024-07-01T10:06:09.781+0000] {local_task_job_runner.py:240} INFO - Task exited with return code 1
[2024-07-01T10:06:09.829+0000] {taskinstance.py:3503} INFO - 0 downstream tasks scheduled from follow-on schedule check
[2024-07-01T10:06:09.836+0000] {local_task_job_runner.py:222} INFO - ::endgroup::
