[2024-07-01T10:47:30.742+0000] {local_task_job_runner.py:120} INFO - ::group::Pre task execution logs
[2024-07-01T10:47:30.812+0000] {taskinstance.py:2076} INFO - Dependencies all met for dep_context=non-requeueable deps ti=<TaskInstance: dag_northwind.extract_csv scheduled__2024-06-07T00:00:00+00:00 [queued]>
[2024-07-01T10:47:30.829+0000] {taskinstance.py:2076} INFO - Dependencies all met for dep_context=requeueable deps ti=<TaskInstance: dag_northwind.extract_csv scheduled__2024-06-07T00:00:00+00:00 [queued]>
[2024-07-01T10:47:30.830+0000] {taskinstance.py:2306} INFO - Starting attempt 1 of 2
[2024-07-01T10:47:30.858+0000] {taskinstance.py:2330} INFO - Executing <Task(BashOperator): extract_csv> on 2024-06-07 00:00:00+00:00
[2024-07-01T10:47:30.872+0000] {logging_mixin.py:188} WARNING - /home/airflow/.local/lib/python3.12/site-packages/airflow/task/task_runner/standard_task_runner.py:61 DeprecationWarning: This process (pid=7809) is multi-threaded, use of fork() may lead to deadlocks in the child.
[2024-07-01T10:47:30.871+0000] {standard_task_runner.py:90} INFO - Running: ['airflow', 'tasks', 'run', 'dag_northwind', 'extract_csv', 'scheduled__2024-06-07T00:00:00+00:00', '--job-id', '1480', '--raw', '--subdir', 'DAGS_FOLDER/dag_northwind.py', '--cfg-path', '/tmp/tmpjvfsts69']
[2024-07-01T10:47:30.874+0000] {standard_task_runner.py:63} INFO - Started process 7824 to run task
[2024-07-01T10:47:30.875+0000] {standard_task_runner.py:91} INFO - Job 1480: Subtask extract_csv
[2024-07-01T10:47:30.941+0000] {task_command.py:426} INFO - Running <TaskInstance: dag_northwind.extract_csv scheduled__2024-06-07T00:00:00+00:00 [running]> on host 85c6ea7cd9cf
[2024-07-01T10:47:31.074+0000] {taskinstance.py:2648} INFO - Exporting env vars: AIRFLOW_CTX_DAG_OWNER='airflow' AIRFLOW_CTX_DAG_ID='dag_northwind' AIRFLOW_CTX_TASK_ID='extract_csv' AIRFLOW_CTX_EXECUTION_DATE='2024-06-07T00:00:00+00:00' AIRFLOW_CTX_TRY_NUMBER='1' AIRFLOW_CTX_DAG_RUN_ID='scheduled__2024-06-07T00:00:00+00:00'
[2024-07-01T10:47:31.075+0000] {taskinstance.py:430} INFO - ::endgroup::
[2024-07-01T10:47:31.098+0000] {subprocess.py:63} INFO - Tmp dir root location: /tmp
[2024-07-01T10:47:31.099+0000] {subprocess.py:75} INFO - Running command: ['/usr/bin/bash', '-c', 'meltano elt tap-csv target-csv --job_id=extract_csv_2024-06-07 && mkdir -p /data/csv/2024-06-07 && mv /project/output/tap-csv/*.csv /data/csv/2024-06-07/']
[2024-07-01T10:47:31.110+0000] {subprocess.py:86} INFO - Output:
[2024-07-01T10:47:31.112+0000] {subprocess.py:93} INFO - /usr/bin/bash: line 1: meltano: command not found
[2024-07-01T10:47:31.113+0000] {subprocess.py:97} INFO - Command exited with return code 127
[2024-07-01T10:47:31.114+0000] {taskinstance.py:441} INFO - ::group::Post task execution logs
[2024-07-01T10:47:31.130+0000] {taskinstance.py:2905} ERROR - Task failed with exception
Traceback (most recent call last):
  File "/home/airflow/.local/lib/python3.12/site-packages/airflow/models/taskinstance.py", line 465, in _execute_task
    result = _execute_callable(context=context, **execute_callable_kwargs)
             ^^^^^^^^^^^^^^^^^^^^^^^^^^^^^^^^^^^^^^^^^^^^^^^^^^^^^^^^^^^^^
  File "/home/airflow/.local/lib/python3.12/site-packages/airflow/models/taskinstance.py", line 432, in _execute_callable
    return execute_callable(context=context, **execute_callable_kwargs)
           ^^^^^^^^^^^^^^^^^^^^^^^^^^^^^^^^^^^^^^^^^^^^^^^^^^^^^^^^^^^^
  File "/home/airflow/.local/lib/python3.12/site-packages/airflow/models/baseoperator.py", line 401, in wrapper
    return func(self, *args, **kwargs)
           ^^^^^^^^^^^^^^^^^^^^^^^^^^^
  File "/home/airflow/.local/lib/python3.12/site-packages/airflow/operators/bash.py", line 243, in execute
    raise AirflowException(
airflow.exceptions.AirflowException: Bash command failed. The command returned a non-zero exit code 127.
[2024-07-01T10:47:31.136+0000] {taskinstance.py:1206} INFO - Marking task as UP_FOR_RETRY. dag_id=dag_northwind, task_id=extract_csv, run_id=scheduled__2024-06-07T00:00:00+00:00, execution_date=20240607T000000, start_date=20240701T104730, end_date=20240701T104731
[2024-07-01T10:47:31.158+0000] {standard_task_runner.py:110} ERROR - Failed to execute job 1480 for task extract_csv (Bash command failed. The command returned a non-zero exit code 127.; 7824)
[2024-07-01T10:47:31.170+0000] {local_task_job_runner.py:240} INFO - Task exited with return code 1
[2024-07-01T10:47:31.183+0000] {local_task_job_runner.py:222} INFO - ::endgroup::
