[2024-07-02T16:56:48.532+0000] {local_task_job_runner.py:120} INFO - ::group::Pre task execution logs
[2024-07-02T16:56:48.635+0000] {taskinstance.py:2076} INFO - Dependencies all met for dep_context=non-requeueable deps ti=<TaskInstance: pipeline_dag.extract_postgres scheduled__2024-04-12T00:00:00+00:00 [queued]>
[2024-07-02T16:56:48.657+0000] {taskinstance.py:2076} INFO - Dependencies all met for dep_context=requeueable deps ti=<TaskInstance: pipeline_dag.extract_postgres scheduled__2024-04-12T00:00:00+00:00 [queued]>
[2024-07-02T16:56:48.658+0000] {taskinstance.py:2306} INFO - Starting attempt 2 of 2
[2024-07-02T16:56:48.929+0000] {taskinstance.py:2330} INFO - Executing <Task(PythonOperator): extract_postgres> on 2024-04-12 00:00:00+00:00
[2024-07-02T16:56:48.942+0000] {logging_mixin.py:188} WARNING - /home/airflow/.local/lib/python3.12/site-packages/airflow/task/task_runner/standard_task_runner.py:61 DeprecationWarning: This process (pid=1946) is multi-threaded, use of fork() may lead to deadlocks in the child.
[2024-07-02T16:56:48.945+0000] {standard_task_runner.py:63} INFO - Started process 1955 to run task
[2024-07-02T16:56:48.942+0000] {standard_task_runner.py:90} INFO - Running: ['airflow', 'tasks', 'run', 'pipeline_dag', 'extract_postgres', 'scheduled__2024-04-12T00:00:00+00:00', '--job-id', '2033', '--raw', '--subdir', 'DAGS_FOLDER/dag_northwind.py', '--cfg-path', '/tmp/tmpig78_zvp']
[2024-07-02T16:56:48.953+0000] {standard_task_runner.py:91} INFO - Job 2033: Subtask extract_postgres
[2024-07-02T16:56:49.101+0000] {task_command.py:426} INFO - Running <TaskInstance: pipeline_dag.extract_postgres scheduled__2024-04-12T00:00:00+00:00 [running]> on host ee7e13960694
[2024-07-02T16:56:49.319+0000] {taskinstance.py:2648} INFO - Exporting env vars: AIRFLOW_CTX_DAG_OWNER='airflow' AIRFLOW_CTX_DAG_ID='pipeline_dag' AIRFLOW_CTX_TASK_ID='extract_postgres' AIRFLOW_CTX_EXECUTION_DATE='2024-04-12T00:00:00+00:00' AIRFLOW_CTX_TRY_NUMBER='2' AIRFLOW_CTX_DAG_RUN_ID='scheduled__2024-04-12T00:00:00+00:00'
[2024-07-02T16:56:49.321+0000] {taskinstance.py:430} INFO - ::endgroup::
[2024-07-02T16:56:49.380+0000] {logging_mixin.py:188} INFO - Command failed with error: Command 'meltano elt tap-postgres target-csv --transform=run' returned non-zero exit status 127.
[2024-07-02T16:56:49.386+0000] {taskinstance.py:441} INFO - ::group::Post task execution logs
[2024-07-02T16:56:49.388+0000] {taskinstance.py:2905} ERROR - Task failed with exception
Traceback (most recent call last):
  File "/home/airflow/.local/lib/python3.12/site-packages/airflow/models/taskinstance.py", line 465, in _execute_task
    result = _execute_callable(context=context, **execute_callable_kwargs)
             ^^^^^^^^^^^^^^^^^^^^^^^^^^^^^^^^^^^^^^^^^^^^^^^^^^^^^^^^^^^^^
  File "/home/airflow/.local/lib/python3.12/site-packages/airflow/models/taskinstance.py", line 432, in _execute_callable
    return execute_callable(context=context, **execute_callable_kwargs)
           ^^^^^^^^^^^^^^^^^^^^^^^^^^^^^^^^^^^^^^^^^^^^^^^^^^^^^^^^^^^^
  File "/home/airflow/.local/lib/python3.12/site-packages/airflow/models/baseoperator.py", line 401, in wrapper
    return func(self, *args, **kwargs)
           ^^^^^^^^^^^^^^^^^^^^^^^^^^^
  File "/home/airflow/.local/lib/python3.12/site-packages/airflow/operators/python.py", line 235, in execute
    return_value = self.execute_callable()
                   ^^^^^^^^^^^^^^^^^^^^^^^
  File "/home/airflow/.local/lib/python3.12/site-packages/airflow/operators/python.py", line 252, in execute_callable
    return self.python_callable(*self.op_args, **self.op_kwargs)
           ^^^^^^^^^^^^^^^^^^^^^^^^^^^^^^^^^^^^^^^^^^^^^^^^^^^^^
  File "/opt/airflow/dags/dag_northwind.py", line 28, in extract_postgres
    subprocess.run(extract_command, shell=True, check=True)
  File "/usr/local/lib/python3.12/subprocess.py", line 571, in run
    raise CalledProcessError(retcode, process.args,
subprocess.CalledProcessError: Command 'meltano elt tap-postgres target-csv --transform=run' returned non-zero exit status 127.
[2024-07-02T16:56:49.439+0000] {taskinstance.py:1206} INFO - Marking task as FAILED. dag_id=pipeline_dag, task_id=extract_postgres, run_id=scheduled__2024-04-12T00:00:00+00:00, execution_date=20240412T000000, start_date=20240702T165648, end_date=20240702T165649
[2024-07-02T16:56:49.509+0000] {standard_task_runner.py:110} ERROR - Failed to execute job 2033 for task extract_postgres (Command 'meltano elt tap-postgres target-csv --transform=run' returned non-zero exit status 127.; 1955)
[2024-07-02T16:56:49.567+0000] {local_task_job_runner.py:240} INFO - Task exited with return code 1
[2024-07-02T16:56:49.650+0000] {taskinstance.py:3503} INFO - 0 downstream tasks scheduled from follow-on schedule check
[2024-07-02T16:56:49.659+0000] {local_task_job_runner.py:222} INFO - ::endgroup::
[2024-07-03T16:54:06.619+0000] {local_task_job_runner.py:120} INFO - ::group::Pre task execution logs
[2024-07-03T16:54:06.731+0000] {taskinstance.py:2076} INFO - Dependencies all met for dep_context=non-requeueable deps ti=<TaskInstance: pipeline_dag.extract_postgres scheduled__2024-04-12T00:00:00+00:00 [queued]>
[2024-07-03T16:54:06.753+0000] {taskinstance.py:2076} INFO - Dependencies all met for dep_context=requeueable deps ti=<TaskInstance: pipeline_dag.extract_postgres scheduled__2024-04-12T00:00:00+00:00 [queued]>
[2024-07-03T16:54:06.771+0000] {taskinstance.py:2306} INFO - Starting attempt 2 of 2
[2024-07-03T16:54:06.817+0000] {taskinstance.py:2330} INFO - Executing <Task(PythonOperator): extract_postgres> on 2024-04-12 00:00:00+00:00
[2024-07-03T16:54:06.841+0000] {logging_mixin.py:188} WARNING - /home/airflow/.local/lib/python3.12/site-packages/airflow/task/task_runner/standard_task_runner.py:61 DeprecationWarning: This process (pid=3636) is multi-threaded, use of fork() may lead to deadlocks in the child.
[2024-07-03T16:54:06.844+0000] {standard_task_runner.py:63} INFO - Started process 3657 to run task
[2024-07-03T16:54:06.847+0000] {standard_task_runner.py:90} INFO - Running: ['airflow', 'tasks', 'run', 'pipeline_dag', 'extract_postgres', 'scheduled__2024-04-12T00:00:00+00:00', '--job-id', '2991', '--raw', '--subdir', 'DAGS_FOLDER/northwind_dag_teste.py', '--cfg-path', '/tmp/tmp2iubjek6']
[2024-07-03T16:54:06.853+0000] {standard_task_runner.py:91} INFO - Job 2991: Subtask extract_postgres
[2024-07-03T16:54:06.978+0000] {task_command.py:426} INFO - Running <TaskInstance: pipeline_dag.extract_postgres scheduled__2024-04-12T00:00:00+00:00 [running]> on host 3c2535f14011
[2024-07-03T16:54:07.240+0000] {taskinstance.py:2648} INFO - Exporting env vars: AIRFLOW_CTX_DAG_OWNER='airflow' AIRFLOW_CTX_DAG_ID='pipeline_dag' AIRFLOW_CTX_TASK_ID='extract_postgres' AIRFLOW_CTX_EXECUTION_DATE='2024-04-12T00:00:00+00:00' AIRFLOW_CTX_TRY_NUMBER='2' AIRFLOW_CTX_DAG_RUN_ID='scheduled__2024-04-12T00:00:00+00:00'
[2024-07-03T16:54:07.245+0000] {taskinstance.py:430} INFO - ::endgroup::
[2024-07-03T16:54:07.281+0000] {logging_mixin.py:188} INFO - Command failed with error: Command 'meltano elt tap-postgres target-csv --transform=run --job_id=extract_postgres_2024-04-12' returned non-zero exit status 127.
[2024-07-03T16:54:07.282+0000] {taskinstance.py:441} INFO - ::group::Post task execution logs
[2024-07-03T16:54:07.283+0000] {taskinstance.py:2905} ERROR - Task failed with exception
Traceback (most recent call last):
  File "/home/airflow/.local/lib/python3.12/site-packages/airflow/models/taskinstance.py", line 465, in _execute_task
    result = _execute_callable(context=context, **execute_callable_kwargs)
             ^^^^^^^^^^^^^^^^^^^^^^^^^^^^^^^^^^^^^^^^^^^^^^^^^^^^^^^^^^^^^
  File "/home/airflow/.local/lib/python3.12/site-packages/airflow/models/taskinstance.py", line 432, in _execute_callable
    return execute_callable(context=context, **execute_callable_kwargs)
           ^^^^^^^^^^^^^^^^^^^^^^^^^^^^^^^^^^^^^^^^^^^^^^^^^^^^^^^^^^^^
  File "/home/airflow/.local/lib/python3.12/site-packages/airflow/models/baseoperator.py", line 401, in wrapper
    return func(self, *args, **kwargs)
           ^^^^^^^^^^^^^^^^^^^^^^^^^^^
  File "/home/airflow/.local/lib/python3.12/site-packages/airflow/operators/python.py", line 235, in execute
    return_value = self.execute_callable()
                   ^^^^^^^^^^^^^^^^^^^^^^^
  File "/home/airflow/.local/lib/python3.12/site-packages/airflow/operators/python.py", line 252, in execute_callable
    return self.python_callable(*self.op_args, **self.op_kwargs)
           ^^^^^^^^^^^^^^^^^^^^^^^^^^^^^^^^^^^^^^^^^^^^^^^^^^^^^
  File "/opt/airflow/dags/northwind_dag_teste.py", line 29, in extract_postgres
    subprocess.run(extract_command, shell=True, check=True)
  File "/usr/local/lib/python3.12/subprocess.py", line 571, in run
    raise CalledProcessError(retcode, process.args,
subprocess.CalledProcessError: Command 'meltano elt tap-postgres target-csv --transform=run --job_id=extract_postgres_2024-04-12' returned non-zero exit status 127.
[2024-07-03T16:54:07.311+0000] {taskinstance.py:1206} INFO - Marking task as FAILED. dag_id=pipeline_dag, task_id=extract_postgres, run_id=scheduled__2024-04-12T00:00:00+00:00, execution_date=20240412T000000, start_date=20240703T165406, end_date=20240703T165407
[2024-07-03T16:54:07.338+0000] {standard_task_runner.py:110} ERROR - Failed to execute job 2991 for task extract_postgres (Command 'meltano elt tap-postgres target-csv --transform=run --job_id=extract_postgres_2024-04-12' returned non-zero exit status 127.; 3657)
[2024-07-03T16:54:07.354+0000] {local_task_job_runner.py:240} INFO - Task exited with return code 1
[2024-07-03T16:54:07.398+0000] {taskinstance.py:3503} INFO - 0 downstream tasks scheduled from follow-on schedule check
[2024-07-03T16:54:07.403+0000] {local_task_job_runner.py:222} INFO - ::endgroup::
