[2024-07-03T19:25:34.027+0000] {local_task_job_runner.py:120} INFO - ::group::Pre task execution logs
[2024-07-03T19:25:34.079+0000] {taskinstance.py:2076} INFO - Dependencies all met for dep_context=non-requeueable deps ti=<TaskInstance: dag_pipeline_northwind.extract_postgres scheduled__2024-04-21T00:00:00+00:00 [queued]>
[2024-07-03T19:25:34.091+0000] {taskinstance.py:2076} INFO - Dependencies all met for dep_context=requeueable deps ti=<TaskInstance: dag_pipeline_northwind.extract_postgres scheduled__2024-04-21T00:00:00+00:00 [queued]>
[2024-07-03T19:25:34.092+0000] {taskinstance.py:2306} INFO - Starting attempt 1 of 2
[2024-07-03T19:25:34.114+0000] {taskinstance.py:2330} INFO - Executing <Task(PythonOperator): extract_postgres> on 2024-04-21 00:00:00+00:00
[2024-07-03T19:25:34.126+0000] {standard_task_runner.py:90} INFO - Running: ['airflow', 'tasks', 'run', 'dag_pipeline_northwind', 'extract_postgres', 'scheduled__2024-04-21T00:00:00+00:00', '--job-id', '3979', '--raw', '--subdir', 'DAGS_FOLDER/northwind_dag_teste.py', '--cfg-path', '/tmp/tmp7nxcuo29']
[2024-07-03T19:25:34.128+0000] {logging_mixin.py:188} WARNING - /home/airflow/.local/lib/python3.12/site-packages/airflow/task/task_runner/standard_task_runner.py:61 DeprecationWarning: This process (pid=1084) is multi-threaded, use of fork() may lead to deadlocks in the child.
[2024-07-03T19:25:34.129+0000] {standard_task_runner.py:91} INFO - Job 3979: Subtask extract_postgres
[2024-07-03T19:25:34.130+0000] {standard_task_runner.py:63} INFO - Started process 1091 to run task
[2024-07-03T19:25:34.196+0000] {task_command.py:426} INFO - Running <TaskInstance: dag_pipeline_northwind.extract_postgres scheduled__2024-04-21T00:00:00+00:00 [running]> on host 76916b664cf5
[2024-07-03T19:25:34.323+0000] {taskinstance.py:2648} INFO - Exporting env vars: AIRFLOW_CTX_DAG_OWNER='airflow' AIRFLOW_CTX_DAG_ID='dag_pipeline_northwind' AIRFLOW_CTX_TASK_ID='extract_postgres' AIRFLOW_CTX_EXECUTION_DATE='2024-04-21T00:00:00+00:00' AIRFLOW_CTX_TRY_NUMBER='1' AIRFLOW_CTX_DAG_RUN_ID='scheduled__2024-04-21T00:00:00+00:00'
[2024-07-03T19:25:34.324+0000] {taskinstance.py:430} INFO - ::endgroup::
[2024-07-03T19:25:34.344+0000] {logging_mixin.py:188} INFO - Running command: meltano elt tap-postgres target-csv --transform=run --job_id=extract_postgres_2024-04-21
[2024-07-03T19:25:34.348+0000] {logging_mixin.py:188} INFO - Command failed with error: Command 'meltano elt tap-postgres target-csv --transform=run --job_id=extract_postgres_2024-04-21' returned non-zero exit status 127.
[2024-07-03T19:25:34.349+0000] {taskinstance.py:441} INFO - ::group::Post task execution logs
[2024-07-03T19:25:34.349+0000] {taskinstance.py:2905} ERROR - Task failed with exception
Traceback (most recent call last):
  File "/home/airflow/.local/lib/python3.12/site-packages/airflow/models/taskinstance.py", line 465, in _execute_task
    result = _execute_callable(context=context, **execute_callable_kwargs)
             ^^^^^^^^^^^^^^^^^^^^^^^^^^^^^^^^^^^^^^^^^^^^^^^^^^^^^^^^^^^^^
  File "/home/airflow/.local/lib/python3.12/site-packages/airflow/models/taskinstance.py", line 432, in _execute_callable
    return execute_callable(context=context, **execute_callable_kwargs)
           ^^^^^^^^^^^^^^^^^^^^^^^^^^^^^^^^^^^^^^^^^^^^^^^^^^^^^^^^^^^^
  File "/home/airflow/.local/lib/python3.12/site-packages/airflow/models/baseoperator.py", line 401, in wrapper
    return func(self, *args, **kwargs)
           ^^^^^^^^^^^^^^^^^^^^^^^^^^^
  File "/home/airflow/.local/lib/python3.12/site-packages/airflow/operators/python.py", line 235, in execute
    return_value = self.execute_callable()
                   ^^^^^^^^^^^^^^^^^^^^^^^
  File "/home/airflow/.local/lib/python3.12/site-packages/airflow/operators/python.py", line 252, in execute_callable
    return self.python_callable(*self.op_args, **self.op_kwargs)
           ^^^^^^^^^^^^^^^^^^^^^^^^^^^^^^^^^^^^^^^^^^^^^^^^^^^^^
  File "/opt/airflow/dags/northwind_dag_teste.py", line 32, in extract_postgres
    result = subprocess.run(extract_command, shell=True, check=True, capture_output=True, text=True)
             ^^^^^^^^^^^^^^^^^^^^^^^^^^^^^^^^^^^^^^^^^^^^^^^^^^^^^^^^^^^^^^^^^^^^^^^^^^^^^^^^^^^^^^^
  File "/usr/local/lib/python3.12/subprocess.py", line 571, in run
    raise CalledProcessError(retcode, process.args,
subprocess.CalledProcessError: Command 'meltano elt tap-postgres target-csv --transform=run --job_id=extract_postgres_2024-04-21' returned non-zero exit status 127.
[2024-07-03T19:25:34.366+0000] {taskinstance.py:1206} INFO - Marking task as UP_FOR_RETRY. dag_id=dag_pipeline_northwind, task_id=extract_postgres, run_id=scheduled__2024-04-21T00:00:00+00:00, execution_date=20240421T000000, start_date=20240703T192534, end_date=20240703T192534
[2024-07-03T19:25:34.383+0000] {standard_task_runner.py:110} ERROR - Failed to execute job 3979 for task extract_postgres (Command 'meltano elt tap-postgres target-csv --transform=run --job_id=extract_postgres_2024-04-21' returned non-zero exit status 127.; 1091)
[2024-07-03T19:25:34.425+0000] {local_task_job_runner.py:240} INFO - Task exited with return code 1
[2024-07-03T19:25:34.473+0000] {taskinstance.py:3503} INFO - 0 downstream tasks scheduled from follow-on schedule check
[2024-07-03T19:25:34.475+0000] {local_task_job_runner.py:222} INFO - ::endgroup::
[2024-07-04T01:29:38.289+0000] {local_task_job_runner.py:120} INFO - ::group::Pre task execution logs
[2024-07-04T01:29:38.357+0000] {taskinstance.py:2076} INFO - Dependencies all met for dep_context=non-requeueable deps ti=<TaskInstance: dag_pipeline_northwind.extract_postgres scheduled__2024-04-21T00:00:00+00:00 [queued]>
[2024-07-04T01:29:38.372+0000] {taskinstance.py:2076} INFO - Dependencies all met for dep_context=requeueable deps ti=<TaskInstance: dag_pipeline_northwind.extract_postgres scheduled__2024-04-21T00:00:00+00:00 [queued]>
[2024-07-04T01:29:38.373+0000] {taskinstance.py:2306} INFO - Starting attempt 1 of 2
[2024-07-04T01:29:38.405+0000] {taskinstance.py:2330} INFO - Executing <Task(PythonOperator): extract_postgres> on 2024-04-21 00:00:00+00:00
[2024-07-04T01:29:38.417+0000] {logging_mixin.py:188} WARNING - /home/airflow/.local/lib/python3.12/site-packages/airflow/task/task_runner/standard_task_runner.py:61 DeprecationWarning: This process (pid=1755) is multi-threaded, use of fork() may lead to deadlocks in the child.
[2024-07-04T01:29:38.419+0000] {standard_task_runner.py:63} INFO - Started process 1761 to run task
[2024-07-04T01:29:38.418+0000] {standard_task_runner.py:90} INFO - Running: ['airflow', 'tasks', 'run', 'dag_pipeline_northwind', 'extract_postgres', 'scheduled__2024-04-21T00:00:00+00:00', '--job-id', '5009', '--raw', '--subdir', 'DAGS_FOLDER/dag_pipeline_northwind.py', '--cfg-path', '/tmp/tmp9cgdo6tl']
[2024-07-04T01:29:38.422+0000] {standard_task_runner.py:91} INFO - Job 5009: Subtask extract_postgres
[2024-07-04T01:29:38.495+0000] {task_command.py:426} INFO - Running <TaskInstance: dag_pipeline_northwind.extract_postgres scheduled__2024-04-21T00:00:00+00:00 [running]> on host 06ddab619e10
[2024-07-04T01:29:38.615+0000] {taskinstance.py:2648} INFO - Exporting env vars: AIRFLOW_CTX_DAG_OWNER='airflow' AIRFLOW_CTX_DAG_ID='dag_pipeline_northwind' AIRFLOW_CTX_TASK_ID='extract_postgres' AIRFLOW_CTX_EXECUTION_DATE='2024-04-21T00:00:00+00:00' AIRFLOW_CTX_TRY_NUMBER='1' AIRFLOW_CTX_DAG_RUN_ID='scheduled__2024-04-21T00:00:00+00:00'
[2024-07-04T01:29:38.616+0000] {taskinstance.py:430} INFO - ::endgroup::
[2024-07-04T01:29:38.636+0000] {logging_mixin.py:188} INFO - Running command: meltano elt tap-postgres target-csv --transform=run --job_id=extract_postgres_2024-04-21
[2024-07-04T01:29:38.639+0000] {logging_mixin.py:188} INFO - Command failed with error: Command 'meltano elt tap-postgres target-csv --transform=run --job_id=extract_postgres_2024-04-21' returned non-zero exit status 127.
[2024-07-04T01:29:38.640+0000] {taskinstance.py:441} INFO - ::group::Post task execution logs
[2024-07-04T01:29:38.641+0000] {taskinstance.py:2905} ERROR - Task failed with exception
Traceback (most recent call last):
  File "/home/airflow/.local/lib/python3.12/site-packages/airflow/models/taskinstance.py", line 465, in _execute_task
    result = _execute_callable(context=context, **execute_callable_kwargs)
             ^^^^^^^^^^^^^^^^^^^^^^^^^^^^^^^^^^^^^^^^^^^^^^^^^^^^^^^^^^^^^
  File "/home/airflow/.local/lib/python3.12/site-packages/airflow/models/taskinstance.py", line 432, in _execute_callable
    return execute_callable(context=context, **execute_callable_kwargs)
           ^^^^^^^^^^^^^^^^^^^^^^^^^^^^^^^^^^^^^^^^^^^^^^^^^^^^^^^^^^^^
  File "/home/airflow/.local/lib/python3.12/site-packages/airflow/models/baseoperator.py", line 401, in wrapper
    return func(self, *args, **kwargs)
           ^^^^^^^^^^^^^^^^^^^^^^^^^^^
  File "/home/airflow/.local/lib/python3.12/site-packages/airflow/operators/python.py", line 235, in execute
    return_value = self.execute_callable()
                   ^^^^^^^^^^^^^^^^^^^^^^^
  File "/home/airflow/.local/lib/python3.12/site-packages/airflow/operators/python.py", line 252, in execute_callable
    return self.python_callable(*self.op_args, **self.op_kwargs)
           ^^^^^^^^^^^^^^^^^^^^^^^^^^^^^^^^^^^^^^^^^^^^^^^^^^^^^
  File "/opt/airflow/dags/dag_pipeline_northwind.py", line 32, in extract_postgres
    result = subprocess.run(extract_command, shell=True, check=True, capture_output=True, text=True)
             ^^^^^^^^^^^^^^^^^^^^^^^^^^^^^^^^^^^^^^^^^^^^^^^^^^^^^^^^^^^^^^^^^^^^^^^^^^^^^^^^^^^^^^^
  File "/usr/local/lib/python3.12/subprocess.py", line 571, in run
    raise CalledProcessError(retcode, process.args,
subprocess.CalledProcessError: Command 'meltano elt tap-postgres target-csv --transform=run --job_id=extract_postgres_2024-04-21' returned non-zero exit status 127.
[2024-07-04T01:29:38.657+0000] {taskinstance.py:1206} INFO - Marking task as UP_FOR_RETRY. dag_id=dag_pipeline_northwind, task_id=extract_postgres, run_id=scheduled__2024-04-21T00:00:00+00:00, execution_date=20240421T000000, start_date=20240704T012938, end_date=20240704T012938
[2024-07-04T01:29:38.674+0000] {standard_task_runner.py:110} ERROR - Failed to execute job 5009 for task extract_postgres (Command 'meltano elt tap-postgres target-csv --transform=run --job_id=extract_postgres_2024-04-21' returned non-zero exit status 127.; 1761)
[2024-07-04T01:29:38.715+0000] {local_task_job_runner.py:240} INFO - Task exited with return code 1
[2024-07-04T01:29:38.728+0000] {local_task_job_runner.py:222} INFO - ::endgroup::
