[2024-06-30T21:03:43.559+0000] {local_task_job_runner.py:120} INFO - ::group::Pre task execution logs
[2024-06-30T21:03:43.615+0000] {taskinstance.py:2076} INFO - Dependencies all met for dep_context=non-requeueable deps ti=<TaskInstance: dag_northwind.extract_postgres scheduled__2024-02-10T00:00:00+00:00 [queued]>
[2024-06-30T21:03:43.626+0000] {taskinstance.py:2076} INFO - Dependencies all met for dep_context=requeueable deps ti=<TaskInstance: dag_northwind.extract_postgres scheduled__2024-02-10T00:00:00+00:00 [queued]>
[2024-06-30T21:03:43.627+0000] {taskinstance.py:2306} INFO - Starting attempt 1 of 2
[2024-06-30T21:03:43.696+0000] {taskinstance.py:2330} INFO - Executing <Task(BashOperator): extract_postgres> on 2024-02-10 00:00:00+00:00
[2024-06-30T21:03:43.707+0000] {logging_mixin.py:188} WARNING - /home/airflow/.local/lib/python3.12/site-packages/airflow/task/task_runner/standard_task_runner.py:61 DeprecationWarning: This process (pid=949) is multi-threaded, use of fork() may lead to deadlocks in the child.
[2024-06-30T21:03:43.708+0000] {standard_task_runner.py:63} INFO - Started process 956 to run task
[2024-06-30T21:03:43.707+0000] {standard_task_runner.py:90} INFO - Running: ['airflow', 'tasks', 'run', 'dag_northwind', 'extract_postgres', 'scheduled__2024-02-10T00:00:00+00:00', '--job-id', '463', '--raw', '--subdir', 'DAGS_FOLDER/dag_northwind.py', '--cfg-path', '/tmp/tmp9k11d7c0']
[2024-06-30T21:03:43.710+0000] {standard_task_runner.py:91} INFO - Job 463: Subtask extract_postgres
[2024-06-30T21:03:43.773+0000] {task_command.py:426} INFO - Running <TaskInstance: dag_northwind.extract_postgres scheduled__2024-02-10T00:00:00+00:00 [running]> on host a7d76f00647b
[2024-06-30T21:03:43.880+0000] {taskinstance.py:2648} INFO - Exporting env vars: AIRFLOW_CTX_DAG_OWNER='airflow' AIRFLOW_CTX_DAG_ID='dag_northwind' AIRFLOW_CTX_TASK_ID='extract_postgres' AIRFLOW_CTX_EXECUTION_DATE='2024-02-10T00:00:00+00:00' AIRFLOW_CTX_TRY_NUMBER='1' AIRFLOW_CTX_DAG_RUN_ID='scheduled__2024-02-10T00:00:00+00:00'
[2024-06-30T21:03:43.881+0000] {taskinstance.py:430} INFO - ::endgroup::
[2024-06-30T21:03:43.903+0000] {subprocess.py:63} INFO - Tmp dir root location: /tmp
[2024-06-30T21:03:43.904+0000] {subprocess.py:75} INFO - Running command: ['/usr/bin/bash', '-c', 'meltano elt tap-postgres target-csv --job_id=extract_postgres_2024-02-10 && mkdir -p /data/postgres/2024-02-10 && mv /project/output/tap-postgres/*.csv /data/postgres/2024-02-10/']
[2024-06-30T21:03:43.914+0000] {subprocess.py:86} INFO - Output:
[2024-06-30T21:03:43.917+0000] {subprocess.py:93} INFO - /usr/bin/bash: line 1: meltano: command not found
[2024-06-30T21:03:43.918+0000] {subprocess.py:97} INFO - Command exited with return code 127
[2024-06-30T21:03:43.919+0000] {taskinstance.py:441} INFO - ::group::Post task execution logs
[2024-06-30T21:03:43.931+0000] {taskinstance.py:2905} ERROR - Task failed with exception
Traceback (most recent call last):
  File "/home/airflow/.local/lib/python3.12/site-packages/airflow/models/taskinstance.py", line 465, in _execute_task
    result = _execute_callable(context=context, **execute_callable_kwargs)
             ^^^^^^^^^^^^^^^^^^^^^^^^^^^^^^^^^^^^^^^^^^^^^^^^^^^^^^^^^^^^^
  File "/home/airflow/.local/lib/python3.12/site-packages/airflow/models/taskinstance.py", line 432, in _execute_callable
    return execute_callable(context=context, **execute_callable_kwargs)
           ^^^^^^^^^^^^^^^^^^^^^^^^^^^^^^^^^^^^^^^^^^^^^^^^^^^^^^^^^^^^
  File "/home/airflow/.local/lib/python3.12/site-packages/airflow/models/baseoperator.py", line 401, in wrapper
    return func(self, *args, **kwargs)
           ^^^^^^^^^^^^^^^^^^^^^^^^^^^
  File "/home/airflow/.local/lib/python3.12/site-packages/airflow/operators/bash.py", line 243, in execute
    raise AirflowException(
airflow.exceptions.AirflowException: Bash command failed. The command returned a non-zero exit code 127.
[2024-06-30T21:03:43.938+0000] {taskinstance.py:1206} INFO - Marking task as UP_FOR_RETRY. dag_id=dag_northwind, task_id=extract_postgres, run_id=scheduled__2024-02-10T00:00:00+00:00, execution_date=20240210T000000, start_date=20240630T210343, end_date=20240630T210343
[2024-06-30T21:03:43.960+0000] {standard_task_runner.py:110} ERROR - Failed to execute job 463 for task extract_postgres (Bash command failed. The command returned a non-zero exit code 127.; 956)
[2024-06-30T21:03:44.003+0000] {local_task_job_runner.py:240} INFO - Task exited with return code 1
[2024-06-30T21:03:44.015+0000] {local_task_job_runner.py:222} INFO - ::endgroup::
[2024-07-01T10:11:21.283+0000] {local_task_job_runner.py:120} INFO - ::group::Pre task execution logs
[2024-07-01T10:11:21.361+0000] {taskinstance.py:2076} INFO - Dependencies all met for dep_context=non-requeueable deps ti=<TaskInstance: dag_northwind.extract_postgres scheduled__2024-02-10T00:00:00+00:00 [queued]>
[2024-07-01T10:11:21.375+0000] {taskinstance.py:2076} INFO - Dependencies all met for dep_context=requeueable deps ti=<TaskInstance: dag_northwind.extract_postgres scheduled__2024-02-10T00:00:00+00:00 [queued]>
[2024-07-01T10:11:21.375+0000] {taskinstance.py:2306} INFO - Starting attempt 1 of 2
[2024-07-01T10:11:21.500+0000] {taskinstance.py:2330} INFO - Executing <Task(BashOperator): extract_postgres> on 2024-02-10 00:00:00+00:00
[2024-07-01T10:11:21.517+0000] {logging_mixin.py:188} WARNING - /home/airflow/.local/lib/python3.12/site-packages/airflow/task/task_runner/standard_task_runner.py:61 DeprecationWarning: This process (pid=5605) is multi-threaded, use of fork() may lead to deadlocks in the child.
[2024-07-01T10:11:21.519+0000] {standard_task_runner.py:63} INFO - Started process 5620 to run task
[2024-07-01T10:11:21.517+0000] {standard_task_runner.py:90} INFO - Running: ['airflow', 'tasks', 'run', 'dag_northwind', 'extract_postgres', 'scheduled__2024-02-10T00:00:00+00:00', '--job-id', '1019', '--raw', '--subdir', 'DAGS_FOLDER/dag_northwind.py', '--cfg-path', '/tmp/tmp9f8p4r_t']
[2024-07-01T10:11:21.521+0000] {standard_task_runner.py:91} INFO - Job 1019: Subtask extract_postgres
[2024-07-01T10:11:21.617+0000] {task_command.py:426} INFO - Running <TaskInstance: dag_northwind.extract_postgres scheduled__2024-02-10T00:00:00+00:00 [running]> on host 85c6ea7cd9cf
[2024-07-01T10:11:21.767+0000] {taskinstance.py:2648} INFO - Exporting env vars: AIRFLOW_CTX_DAG_OWNER='airflow' AIRFLOW_CTX_DAG_ID='dag_northwind' AIRFLOW_CTX_TASK_ID='extract_postgres' AIRFLOW_CTX_EXECUTION_DATE='2024-02-10T00:00:00+00:00' AIRFLOW_CTX_TRY_NUMBER='1' AIRFLOW_CTX_DAG_RUN_ID='scheduled__2024-02-10T00:00:00+00:00'
[2024-07-01T10:11:21.769+0000] {taskinstance.py:430} INFO - ::endgroup::
[2024-07-01T10:11:21.807+0000] {subprocess.py:63} INFO - Tmp dir root location: /tmp
[2024-07-01T10:11:21.808+0000] {subprocess.py:75} INFO - Running command: ['/usr/bin/bash', '-c', 'meltano elt tap-postgres target-csv --job_id=extract_postgres_2024-02-10 && mkdir -p /data/postgres/2024-02-10 && mv /project/output/tap-postgres/*.csv /data/postgres/2024-02-10/']
[2024-07-01T10:11:21.827+0000] {subprocess.py:86} INFO - Output:
[2024-07-01T10:11:21.833+0000] {subprocess.py:93} INFO - /usr/bin/bash: line 1: meltano: command not found
[2024-07-01T10:11:21.834+0000] {subprocess.py:97} INFO - Command exited with return code 127
[2024-07-01T10:11:21.836+0000] {taskinstance.py:441} INFO - ::group::Post task execution logs
[2024-07-01T10:11:21.857+0000] {taskinstance.py:2905} ERROR - Task failed with exception
Traceback (most recent call last):
  File "/home/airflow/.local/lib/python3.12/site-packages/airflow/models/taskinstance.py", line 465, in _execute_task
    result = _execute_callable(context=context, **execute_callable_kwargs)
             ^^^^^^^^^^^^^^^^^^^^^^^^^^^^^^^^^^^^^^^^^^^^^^^^^^^^^^^^^^^^^
  File "/home/airflow/.local/lib/python3.12/site-packages/airflow/models/taskinstance.py", line 432, in _execute_callable
    return execute_callable(context=context, **execute_callable_kwargs)
           ^^^^^^^^^^^^^^^^^^^^^^^^^^^^^^^^^^^^^^^^^^^^^^^^^^^^^^^^^^^^
  File "/home/airflow/.local/lib/python3.12/site-packages/airflow/models/baseoperator.py", line 401, in wrapper
    return func(self, *args, **kwargs)
           ^^^^^^^^^^^^^^^^^^^^^^^^^^^
  File "/home/airflow/.local/lib/python3.12/site-packages/airflow/operators/bash.py", line 243, in execute
    raise AirflowException(
airflow.exceptions.AirflowException: Bash command failed. The command returned a non-zero exit code 127.
[2024-07-01T10:11:21.870+0000] {taskinstance.py:1206} INFO - Marking task as UP_FOR_RETRY. dag_id=dag_northwind, task_id=extract_postgres, run_id=scheduled__2024-02-10T00:00:00+00:00, execution_date=20240210T000000, start_date=20240701T101121, end_date=20240701T101121
[2024-07-01T10:11:22.053+0000] {standard_task_runner.py:110} ERROR - Failed to execute job 1019 for task extract_postgres (Bash command failed. The command returned a non-zero exit code 127.; 5620)
[2024-07-01T10:11:22.096+0000] {local_task_job_runner.py:240} INFO - Task exited with return code 1
[2024-07-01T10:11:22.157+0000] {taskinstance.py:3503} INFO - 0 downstream tasks scheduled from follow-on schedule check
[2024-07-01T10:11:22.160+0000] {local_task_job_runner.py:222} INFO - ::endgroup::
